[2025-07-24T13:53:13.424+0000] {taskinstance.py:1956} INFO - Dependencies all met for dep_context=non-requeueable deps ti=<TaskInstance: tune_stream_dag.Stage_events scheduled__2023-01-02T11:00:00+00:00 [queued]>
[2025-07-24T13:53:13.453+0000] {taskinstance.py:1956} INFO - Dependencies all met for dep_context=requeueable deps ti=<TaskInstance: tune_stream_dag.Stage_events scheduled__2023-01-02T11:00:00+00:00 [queued]>
[2025-07-24T13:53:13.463+0000] {taskinstance.py:2170} INFO - Starting attempt 1 of 4
[2025-07-24T13:53:13.522+0000] {taskinstance.py:2191} INFO - Executing <Task(PythonOperator): Stage_events> on 2023-01-02 11:00:00+00:00
[2025-07-24T13:53:13.544+0000] {standard_task_runner.py:60} INFO - Started process 482 to run task
[2025-07-24T13:53:13.557+0000] {standard_task_runner.py:87} INFO - Running: ['***', 'tasks', 'run', 'tune_stream_dag', 'Stage_events', 'scheduled__2023-01-02T11:00:00+00:00', '--job-id', '369', '--raw', '--subdir', 'DAGS_FOLDER/etl_pipeline.py', '--cfg-path', '/tmp/tmpwvr9w5cg']
[2025-07-24T13:53:13.565+0000] {standard_task_runner.py:88} INFO - Job 369: Subtask Stage_events
[2025-07-24T13:53:13.800+0000] {task_command.py:423} INFO - Running <TaskInstance: tune_stream_dag.Stage_events scheduled__2023-01-02T11:00:00+00:00 [running]> on host a4bcda7cb679
[2025-07-24T13:53:14.081+0000] {taskinstance.py:2480} INFO - Exporting env vars: AIRFLOW_CTX_DAG_OWNER='genz-legend' AIRFLOW_CTX_DAG_ID='tune_stream_dag' AIRFLOW_CTX_TASK_ID='Stage_events' AIRFLOW_CTX_EXECUTION_DATE='2023-01-02T11:00:00+00:00' AIRFLOW_CTX_TRY_NUMBER='1' AIRFLOW_CTX_DAG_RUN_ID='scheduled__2023-01-02T11:00:00+00:00'
[2025-07-24T13:53:22.865+0000] {python.py:201} INFO - Done. Returned value was: None
[2025-07-24T13:53:23.212+0000] {taskinstance.py:1138} INFO - Marking task as SUCCESS. dag_id=tune_stream_dag, task_id=Stage_events, execution_date=20230102T110000, start_date=20250724T135313, end_date=20250724T135323
[2025-07-24T13:53:24.559+0000] {local_task_job_runner.py:234} INFO - Task exited with return code 0
[2025-07-24T13:53:25.482+0000] {taskinstance.py:3280} INFO - 1 downstream tasks scheduled from follow-on schedule check
[2025-07-24T17:18:03.293+0000] {taskinstance.py:1956} INFO - Dependencies all met for dep_context=non-requeueable deps ti=<TaskInstance: tune_stream_dag.Stage_events scheduled__2023-01-02T11:00:00+00:00 [queued]>
[2025-07-24T17:18:03.304+0000] {taskinstance.py:1956} INFO - Dependencies all met for dep_context=requeueable deps ti=<TaskInstance: tune_stream_dag.Stage_events scheduled__2023-01-02T11:00:00+00:00 [queued]>
[2025-07-24T17:18:03.305+0000] {taskinstance.py:2170} INFO - Starting attempt 1 of 4
[2025-07-24T17:18:03.319+0000] {taskinstance.py:2191} INFO - Executing <Task(PythonOperator): Stage_events> on 2023-01-02 11:00:00+00:00
[2025-07-24T17:18:03.328+0000] {standard_task_runner.py:60} INFO - Started process 1528 to run task
[2025-07-24T17:18:03.332+0000] {standard_task_runner.py:87} INFO - Running: ['***', 'tasks', 'run', 'tune_stream_dag', 'Stage_events', 'scheduled__2023-01-02T11:00:00+00:00', '--job-id', '2099', '--raw', '--subdir', 'DAGS_FOLDER/etl_pipeline.py', '--cfg-path', '/tmp/tmpeagdy39y']
[2025-07-24T17:18:03.335+0000] {standard_task_runner.py:88} INFO - Job 2099: Subtask Stage_events
[2025-07-24T17:18:03.398+0000] {task_command.py:423} INFO - Running <TaskInstance: tune_stream_dag.Stage_events scheduled__2023-01-02T11:00:00+00:00 [running]> on host 5def55d2a1b5
[2025-07-24T17:18:03.466+0000] {taskinstance.py:2480} INFO - Exporting env vars: AIRFLOW_CTX_DAG_OWNER='genz-legend' AIRFLOW_CTX_DAG_ID='tune_stream_dag' AIRFLOW_CTX_TASK_ID='Stage_events' AIRFLOW_CTX_EXECUTION_DATE='2023-01-02T11:00:00+00:00' AIRFLOW_CTX_TRY_NUMBER='1' AIRFLOW_CTX_DAG_RUN_ID='scheduled__2023-01-02T11:00:00+00:00'
[2025-07-24T17:18:08.203+0000] {python.py:201} INFO - Done. Returned value was: None
[2025-07-24T17:18:08.217+0000] {taskinstance.py:1138} INFO - Marking task as SUCCESS. dag_id=tune_stream_dag, task_id=Stage_events, execution_date=20230102T110000, start_date=20250724T171803, end_date=20250724T171808
[2025-07-24T17:18:08.280+0000] {local_task_job_runner.py:234} INFO - Task exited with return code 0
[2025-07-24T17:18:08.308+0000] {taskinstance.py:3280} INFO - 1 downstream tasks scheduled from follow-on schedule check
