[2025-07-24T15:26:47.393+0000] {taskinstance.py:1956} INFO - Dependencies all met for dep_context=non-requeueable deps ti=<TaskInstance: tune_stream_dag.Load_time_dim_table scheduled__2023-01-04T22:00:00+00:00 [queued]>
[2025-07-24T15:26:47.402+0000] {taskinstance.py:1956} INFO - Dependencies all met for dep_context=requeueable deps ti=<TaskInstance: tune_stream_dag.Load_time_dim_table scheduled__2023-01-04T22:00:00+00:00 [queued]>
[2025-07-24T15:26:47.403+0000] {taskinstance.py:2170} INFO - Starting attempt 1 of 4
[2025-07-24T15:26:47.418+0000] {taskinstance.py:2191} INFO - Executing <Task(PythonOperator): Load_time_dim_table> on 2023-01-04 22:00:00+00:00
[2025-07-24T15:26:47.426+0000] {standard_task_runner.py:60} INFO - Started process 227 to run task
[2025-07-24T15:26:47.431+0000] {standard_task_runner.py:87} INFO - Running: ['***', 'tasks', 'run', 'tune_stream_dag', 'Load_time_dim_table', 'scheduled__2023-01-04T22:00:00+00:00', '--job-id', '924', '--raw', '--subdir', 'DAGS_FOLDER/etl_pipeline.py', '--cfg-path', '/tmp/tmpxym8x0wk']
[2025-07-24T15:26:47.434+0000] {standard_task_runner.py:88} INFO - Job 924: Subtask Load_time_dim_table
[2025-07-24T15:26:47.519+0000] {task_command.py:423} INFO - Running <TaskInstance: tune_stream_dag.Load_time_dim_table scheduled__2023-01-04T22:00:00+00:00 [running]> on host c53547d84df1
[2025-07-24T15:26:47.606+0000] {taskinstance.py:2480} INFO - Exporting env vars: AIRFLOW_CTX_DAG_OWNER='genz-legend' AIRFLOW_CTX_DAG_ID='tune_stream_dag' AIRFLOW_CTX_TASK_ID='Load_time_dim_table' AIRFLOW_CTX_EXECUTION_DATE='2023-01-04T22:00:00+00:00' AIRFLOW_CTX_TRY_NUMBER='1' AIRFLOW_CTX_DAG_RUN_ID='scheduled__2023-01-04T22:00:00+00:00'
[2025-07-24T15:26:47.619+0000] {taskinstance.py:2698} ERROR - Task failed with exception
Traceback (most recent call last):
  File "/home/airflow/.local/lib/python3.8/site-packages/airflow/models/taskinstance.py", line 433, in _execute_task
    result = execute_callable(context=context, **execute_callable_kwargs)
  File "/home/airflow/.local/lib/python3.8/site-packages/airflow/operators/python.py", line 199, in execute
    return_value = self.execute_callable()
  File "/home/airflow/.local/lib/python3.8/site-packages/airflow/operators/python.py", line 216, in execute_callable
    return self.python_callable(*self.op_args, **self.op_kwargs)
  File "/opt/airflow/dags/etl_pipeline.py", line 197, in <lambda>
    python_callable=lambda: load_table(SqlQueries.time_table_insert, 'time'),
  File "/opt/airflow/dags/etl_pipeline.py", line 132, in load_table
    cur.execute(f"INSERT INTO {table} {query}")
psycopg2.errors.InvalidParameterValue: timestamp units "dayofweek" not recognized

[2025-07-24T15:26:47.637+0000] {taskinstance.py:1138} INFO - Marking task as UP_FOR_RETRY. dag_id=tune_stream_dag, task_id=Load_time_dim_table, execution_date=20230104T220000, start_date=20250724T152647, end_date=20250724T152647
[2025-07-24T15:26:47.651+0000] {standard_task_runner.py:107} ERROR - Failed to execute job 924 for task Load_time_dim_table (timestamp units "dayofweek" not recognized
; 227)
[2025-07-24T15:26:47.684+0000] {local_task_job_runner.py:234} INFO - Task exited with return code 1
[2025-07-24T15:26:47.709+0000] {taskinstance.py:3280} INFO - 0 downstream tasks scheduled from follow-on schedule check
[2025-07-24T17:33:19.863+0000] {taskinstance.py:1956} INFO - Dependencies all met for dep_context=non-requeueable deps ti=<TaskInstance: tune_stream_dag.Load_time_dim_table scheduled__2023-01-04T22:00:00+00:00 [queued]>
[2025-07-24T17:33:19.952+0000] {taskinstance.py:1956} INFO - Dependencies all met for dep_context=requeueable deps ti=<TaskInstance: tune_stream_dag.Load_time_dim_table scheduled__2023-01-04T22:00:00+00:00 [queued]>
[2025-07-24T17:33:19.959+0000] {taskinstance.py:2170} INFO - Starting attempt 1 of 4
[2025-07-24T17:33:20.104+0000] {taskinstance.py:2191} INFO - Executing <Task(PythonOperator): Load_time_dim_table> on 2023-01-04 22:00:00+00:00
[2025-07-24T17:33:20.140+0000] {standard_task_runner.py:60} INFO - Started process 3384 to run task
[2025-07-24T17:33:20.151+0000] {standard_task_runner.py:87} INFO - Running: ['***', 'tasks', 'run', 'tune_stream_dag', 'Load_time_dim_table', 'scheduled__2023-01-04T22:00:00+00:00', '--job-id', '2650', '--raw', '--subdir', 'DAGS_FOLDER/etl_pipeline.py', '--cfg-path', '/tmp/tmpntjpsh7t']
[2025-07-24T17:33:20.170+0000] {standard_task_runner.py:88} INFO - Job 2650: Subtask Load_time_dim_table
[2025-07-24T17:33:20.706+0000] {task_command.py:423} INFO - Running <TaskInstance: tune_stream_dag.Load_time_dim_table scheduled__2023-01-04T22:00:00+00:00 [running]> on host 5def55d2a1b5
[2025-07-24T17:33:21.102+0000] {taskinstance.py:2480} INFO - Exporting env vars: AIRFLOW_CTX_DAG_OWNER='genz-legend' AIRFLOW_CTX_DAG_ID='tune_stream_dag' AIRFLOW_CTX_TASK_ID='Load_time_dim_table' AIRFLOW_CTX_EXECUTION_DATE='2023-01-04T22:00:00+00:00' AIRFLOW_CTX_TRY_NUMBER='1' AIRFLOW_CTX_DAG_RUN_ID='scheduled__2023-01-04T22:00:00+00:00'
[2025-07-24T17:33:21.524+0000] {python.py:201} INFO - Done. Returned value was: None
[2025-07-24T17:33:21.593+0000] {taskinstance.py:1138} INFO - Marking task as SUCCESS. dag_id=tune_stream_dag, task_id=Load_time_dim_table, execution_date=20230104T220000, start_date=20250724T173319, end_date=20250724T173321
[2025-07-24T17:33:21.803+0000] {local_task_job_runner.py:234} INFO - Task exited with return code 0
[2025-07-24T17:33:21.876+0000] {taskinstance.py:3280} INFO - 0 downstream tasks scheduled from follow-on schedule check
