[2025-07-24T15:21:20.436+0000] {taskinstance.py:1956} INFO - Dependencies all met for dep_context=non-requeueable deps ti=<TaskInstance: tune_stream_dag.Load_songplays_fact_table scheduled__2023-01-05T03:00:00+00:00 [queued]>
[2025-07-24T15:21:20.444+0000] {taskinstance.py:1956} INFO - Dependencies all met for dep_context=requeueable deps ti=<TaskInstance: tune_stream_dag.Load_songplays_fact_table scheduled__2023-01-05T03:00:00+00:00 [queued]>
[2025-07-24T15:21:20.445+0000] {taskinstance.py:2170} INFO - Starting attempt 1 of 4
[2025-07-24T15:21:21.462+0000] {taskinstance.py:2191} INFO - Executing <Task(PythonOperator): Load_songplays_fact_table> on 2023-01-05 03:00:00+00:00
[2025-07-24T15:21:21.477+0000] {standard_task_runner.py:60} INFO - Started process 741 to run task
[2025-07-24T15:21:21.486+0000] {standard_task_runner.py:87} INFO - Running: ['***', 'tasks', 'run', 'tune_stream_dag', 'Load_songplays_fact_table', 'scheduled__2023-01-05T03:00:00+00:00', '--job-id', '846', '--raw', '--subdir', 'DAGS_FOLDER/etl_pipeline.py', '--cfg-path', '/tmp/tmpigpha4hv']
[2025-07-24T15:21:21.495+0000] {standard_task_runner.py:88} INFO - Job 846: Subtask Load_songplays_fact_table
[2025-07-24T15:21:22.172+0000] {task_command.py:423} INFO - Running <TaskInstance: tune_stream_dag.Load_songplays_fact_table scheduled__2023-01-05T03:00:00+00:00 [running]> on host c53547d84df1
[2025-07-24T15:21:25.369+0000] {taskinstance.py:2480} INFO - Exporting env vars: AIRFLOW_CTX_DAG_OWNER='genz-legend' AIRFLOW_CTX_DAG_ID='tune_stream_dag' AIRFLOW_CTX_TASK_ID='Load_songplays_fact_table' AIRFLOW_CTX_EXECUTION_DATE='2023-01-05T03:00:00+00:00' AIRFLOW_CTX_TRY_NUMBER='1' AIRFLOW_CTX_DAG_RUN_ID='scheduled__2023-01-05T03:00:00+00:00'
[2025-07-24T15:21:26.827+0000] {taskinstance.py:2698} ERROR - Task failed with exception
Traceback (most recent call last):
  File "/home/airflow/.local/lib/python3.8/site-packages/airflow/models/taskinstance.py", line 433, in _execute_task
    result = execute_callable(context=context, **execute_callable_kwargs)
  File "/home/airflow/.local/lib/python3.8/site-packages/airflow/operators/python.py", line 199, in execute
    return_value = self.execute_callable()
  File "/home/airflow/.local/lib/python3.8/site-packages/airflow/operators/python.py", line 216, in execute_callable
    return self.python_callable(*self.op_args, **self.op_kwargs)
  File "/opt/airflow/dags/etl_pipeline.py", line 173, in <lambda>
    python_callable=lambda: load_table(SqlQueries.songplay_table_insert, 'songplays'),
  File "/opt/airflow/dags/etl_pipeline.py", line 132, in load_table
    cur.execute(f"INSERT INTO {table} {query}")
psycopg2.errors.UniqueViolation: duplicate key value violates unique constraint "songplays_pkey"
DETAIL:  Key (playid)=(d712c1111613ab192aacb2584744c49c) already exists.

[2025-07-24T15:21:27.036+0000] {taskinstance.py:1138} INFO - Marking task as UP_FOR_RETRY. dag_id=tune_stream_dag, task_id=Load_songplays_fact_table, execution_date=20230105T030000, start_date=20250724T152120, end_date=20250724T152127
[2025-07-24T15:21:29.120+0000] {standard_task_runner.py:107} ERROR - Failed to execute job 846 for task Load_songplays_fact_table (duplicate key value violates unique constraint "songplays_pkey"
DETAIL:  Key (playid)=(d712c1111613ab192aacb2584744c49c) already exists.
; 741)
[2025-07-24T15:21:29.144+0000] {local_task_job_runner.py:234} INFO - Task exited with return code 1
[2025-07-24T15:21:29.167+0000] {taskinstance.py:3280} INFO - 0 downstream tasks scheduled from follow-on schedule check
[2025-07-24T17:33:02.136+0000] {taskinstance.py:1956} INFO - Dependencies all met for dep_context=non-requeueable deps ti=<TaskInstance: tune_stream_dag.Load_songplays_fact_table scheduled__2023-01-05T03:00:00+00:00 [queued]>
[2025-07-24T17:33:02.247+0000] {taskinstance.py:1956} INFO - Dependencies all met for dep_context=requeueable deps ti=<TaskInstance: tune_stream_dag.Load_songplays_fact_table scheduled__2023-01-05T03:00:00+00:00 [queued]>
[2025-07-24T17:33:02.250+0000] {taskinstance.py:2170} INFO - Starting attempt 1 of 4
[2025-07-24T17:33:02.368+0000] {taskinstance.py:2191} INFO - Executing <Task(PythonOperator): Load_songplays_fact_table> on 2023-01-05 03:00:00+00:00
[2025-07-24T17:33:02.401+0000] {standard_task_runner.py:87} INFO - Running: ['***', 'tasks', 'run', 'tune_stream_dag', 'Load_songplays_fact_table', 'scheduled__2023-01-05T03:00:00+00:00', '--job-id', '2638', '--raw', '--subdir', 'DAGS_FOLDER/etl_pipeline.py', '--cfg-path', '/tmp/tmpoifm_k0w']
[2025-07-24T17:33:02.408+0000] {standard_task_runner.py:88} INFO - Job 2638: Subtask Load_songplays_fact_table
[2025-07-24T17:33:02.385+0000] {standard_task_runner.py:60} INFO - Started process 3322 to run task
[2025-07-24T17:33:02.755+0000] {task_command.py:423} INFO - Running <TaskInstance: tune_stream_dag.Load_songplays_fact_table scheduled__2023-01-05T03:00:00+00:00 [running]> on host 5def55d2a1b5
[2025-07-24T17:33:03.345+0000] {taskinstance.py:2480} INFO - Exporting env vars: AIRFLOW_CTX_DAG_OWNER='genz-legend' AIRFLOW_CTX_DAG_ID='tune_stream_dag' AIRFLOW_CTX_TASK_ID='Load_songplays_fact_table' AIRFLOW_CTX_EXECUTION_DATE='2023-01-05T03:00:00+00:00' AIRFLOW_CTX_TRY_NUMBER='1' AIRFLOW_CTX_DAG_RUN_ID='scheduled__2023-01-05T03:00:00+00:00'
[2025-07-24T17:33:12.999+0000] {python.py:201} INFO - Done. Returned value was: None
[2025-07-24T17:33:13.030+0000] {taskinstance.py:1138} INFO - Marking task as SUCCESS. dag_id=tune_stream_dag, task_id=Load_songplays_fact_table, execution_date=20230105T030000, start_date=20250724T173302, end_date=20250724T173313
[2025-07-24T17:33:13.211+0000] {local_task_job_runner.py:234} INFO - Task exited with return code 0
[2025-07-24T17:33:13.257+0000] {taskinstance.py:3280} INFO - 4 downstream tasks scheduled from follow-on schedule check
