[2025-07-24T14:29:44.515+0000] {taskinstance.py:1956} INFO - Dependencies all met for dep_context=non-requeueable deps ti=<TaskInstance: tune_stream_dag.Stage_songs scheduled__2023-01-03T18:00:00+00:00 [queued]>
[2025-07-24T14:29:44.541+0000] {taskinstance.py:1956} INFO - Dependencies all met for dep_context=requeueable deps ti=<TaskInstance: tune_stream_dag.Stage_songs scheduled__2023-01-03T18:00:00+00:00 [queued]>
[2025-07-24T14:29:44.547+0000] {taskinstance.py:2170} INFO - Starting attempt 1 of 4
[2025-07-24T14:29:44.610+0000] {taskinstance.py:2191} INFO - Executing <Task(PythonOperator): Stage_songs> on 2023-01-03 18:00:00+00:00
[2025-07-24T14:29:44.714+0000] {standard_task_runner.py:60} INFO - Started process 868 to run task
[2025-07-24T14:29:44.743+0000] {standard_task_runner.py:87} INFO - Running: ['***', 'tasks', 'run', 'tune_stream_dag', 'Stage_songs', 'scheduled__2023-01-03T18:00:00+00:00', '--job-id', '563', '--raw', '--subdir', 'DAGS_FOLDER/etl_pipeline.py', '--cfg-path', '/tmp/tmpo8y_i6e9']
[2025-07-24T14:29:44.779+0000] {standard_task_runner.py:88} INFO - Job 563: Subtask Stage_songs
[2025-07-24T14:29:45.777+0000] {task_command.py:423} INFO - Running <TaskInstance: tune_stream_dag.Stage_songs scheduled__2023-01-03T18:00:00+00:00 [running]> on host aea62fae55be
[2025-07-24T14:29:47.015+0000] {taskinstance.py:2480} INFO - Exporting env vars: AIRFLOW_CTX_DAG_OWNER='genz-legend' AIRFLOW_CTX_DAG_ID='tune_stream_dag' AIRFLOW_CTX_TASK_ID='Stage_songs' AIRFLOW_CTX_EXECUTION_DATE='2023-01-03T18:00:00+00:00' AIRFLOW_CTX_TRY_NUMBER='1' AIRFLOW_CTX_DAG_RUN_ID='scheduled__2023-01-03T18:00:00+00:00'
[2025-07-24T14:29:50.378+0000] {python.py:201} INFO - Done. Returned value was: None
[2025-07-24T14:29:50.588+0000] {taskinstance.py:1138} INFO - Marking task as SUCCESS. dag_id=tune_stream_dag, task_id=Stage_songs, execution_date=20230103T180000, start_date=20250724T142944, end_date=20250724T142950
[2025-07-24T14:29:51.059+0000] {local_task_job_runner.py:234} INFO - Task exited with return code 0
[2025-07-24T14:29:51.312+0000] {taskinstance.py:3280} INFO - 0 downstream tasks scheduled from follow-on schedule check
[2025-07-24T17:27:12.808+0000] {taskinstance.py:1956} INFO - Dependencies all met for dep_context=non-requeueable deps ti=<TaskInstance: tune_stream_dag.Stage_songs scheduled__2023-01-03T18:00:00+00:00 [queued]>
[2025-07-24T17:27:12.851+0000] {taskinstance.py:1956} INFO - Dependencies all met for dep_context=requeueable deps ti=<TaskInstance: tune_stream_dag.Stage_songs scheduled__2023-01-03T18:00:00+00:00 [queued]>
[2025-07-24T17:27:12.854+0000] {taskinstance.py:2170} INFO - Starting attempt 1 of 4
[2025-07-24T17:27:13.345+0000] {taskinstance.py:2191} INFO - Executing <Task(PythonOperator): Stage_songs> on 2023-01-03 18:00:00+00:00
[2025-07-24T17:27:13.391+0000] {standard_task_runner.py:60} INFO - Started process 2401 to run task
[2025-07-24T17:27:13.401+0000] {standard_task_runner.py:87} INFO - Running: ['***', 'tasks', 'run', 'tune_stream_dag', 'Stage_songs', 'scheduled__2023-01-03T18:00:00+00:00', '--job-id', '2355', '--raw', '--subdir', 'DAGS_FOLDER/etl_pipeline.py', '--cfg-path', '/tmp/tmpaa5fvvw2']
[2025-07-24T17:27:13.406+0000] {standard_task_runner.py:88} INFO - Job 2355: Subtask Stage_songs
[2025-07-24T17:27:13.756+0000] {task_command.py:423} INFO - Running <TaskInstance: tune_stream_dag.Stage_songs scheduled__2023-01-03T18:00:00+00:00 [running]> on host 5def55d2a1b5
[2025-07-24T17:27:14.145+0000] {taskinstance.py:2480} INFO - Exporting env vars: AIRFLOW_CTX_DAG_OWNER='genz-legend' AIRFLOW_CTX_DAG_ID='tune_stream_dag' AIRFLOW_CTX_TASK_ID='Stage_songs' AIRFLOW_CTX_EXECUTION_DATE='2023-01-03T18:00:00+00:00' AIRFLOW_CTX_TRY_NUMBER='1' AIRFLOW_CTX_DAG_RUN_ID='scheduled__2023-01-03T18:00:00+00:00'
[2025-07-24T17:27:18.347+0000] {python.py:201} INFO - Done. Returned value was: None
[2025-07-24T17:27:18.365+0000] {taskinstance.py:1138} INFO - Marking task as SUCCESS. dag_id=tune_stream_dag, task_id=Stage_songs, execution_date=20230103T180000, start_date=20250724T172712, end_date=20250724T172718
[2025-07-24T17:27:18.524+0000] {local_task_job_runner.py:234} INFO - Task exited with return code 0
[2025-07-24T17:27:18.619+0000] {taskinstance.py:3280} INFO - 0 downstream tasks scheduled from follow-on schedule check
