[2025-07-24T15:33:13.821+0000] {taskinstance.py:1956} INFO - Dependencies all met for dep_context=non-requeueable deps ti=<TaskInstance: tune_stream_dag.Load_songplays_fact_table scheduled__2023-01-01T06:00:00+00:00 [queued]>
[2025-07-24T15:33:13.841+0000] {taskinstance.py:1956} INFO - Dependencies all met for dep_context=requeueable deps ti=<TaskInstance: tune_stream_dag.Load_songplays_fact_table scheduled__2023-01-01T06:00:00+00:00 [queued]>
[2025-07-24T15:33:13.843+0000] {taskinstance.py:2170} INFO - Starting attempt 1 of 4
[2025-07-24T15:33:14.271+0000] {taskinstance.py:2191} INFO - Executing <Task(PythonOperator): Load_songplays_fact_table> on 2023-01-01 06:00:00+00:00
[2025-07-24T15:33:14.336+0000] {standard_task_runner.py:60} INFO - Started process 260 to run task
[2025-07-24T15:33:14.339+0000] {standard_task_runner.py:87} INFO - Running: ['***', 'tasks', 'run', 'tune_stream_dag', 'Load_songplays_fact_table', 'scheduled__2023-01-01T06:00:00+00:00', '--job-id', '999', '--raw', '--subdir', 'DAGS_FOLDER/etl_pipeline.py', '--cfg-path', '/tmp/tmp8rdg_wxz']
[2025-07-24T15:33:14.342+0000] {standard_task_runner.py:88} INFO - Job 999: Subtask Load_songplays_fact_table
[2025-07-24T15:33:15.418+0000] {task_command.py:423} INFO - Running <TaskInstance: tune_stream_dag.Load_songplays_fact_table scheduled__2023-01-01T06:00:00+00:00 [running]> on host c53547d84df1
[2025-07-24T15:33:16.812+0000] {taskinstance.py:2480} INFO - Exporting env vars: AIRFLOW_CTX_DAG_OWNER='genz-legend' AIRFLOW_CTX_DAG_ID='tune_stream_dag' AIRFLOW_CTX_TASK_ID='Load_songplays_fact_table' AIRFLOW_CTX_EXECUTION_DATE='2023-01-01T06:00:00+00:00' AIRFLOW_CTX_TRY_NUMBER='1' AIRFLOW_CTX_DAG_RUN_ID='scheduled__2023-01-01T06:00:00+00:00'
[2025-07-24T15:33:34.864+0000] {taskinstance.py:2698} ERROR - Task failed with exception
Traceback (most recent call last):
  File "/home/airflow/.local/lib/python3.8/site-packages/airflow/models/taskinstance.py", line 433, in _execute_task
    result = execute_callable(context=context, **execute_callable_kwargs)
  File "/home/airflow/.local/lib/python3.8/site-packages/airflow/operators/python.py", line 199, in execute
    return_value = self.execute_callable()
  File "/home/airflow/.local/lib/python3.8/site-packages/airflow/operators/python.py", line 216, in execute_callable
    return self.python_callable(*self.op_args, **self.op_kwargs)
  File "/opt/airflow/dags/etl_pipeline.py", line 173, in <lambda>
    python_callable=lambda: load_table(SqlQueries.songplay_table_insert, 'songplays'),
  File "/opt/airflow/dags/etl_pipeline.py", line 132, in load_table
    cur.execute(f"INSERT INTO {table} {query}")
psycopg2.errors.UniqueViolation: duplicate key value violates unique constraint "songplays_pkey"
DETAIL:  Key (playid)=(e30eb65b5ce5534fed9764a7996916ec) already exists.

[2025-07-24T15:33:35.006+0000] {taskinstance.py:1138} INFO - Marking task as UP_FOR_RETRY. dag_id=tune_stream_dag, task_id=Load_songplays_fact_table, execution_date=20230101T060000, start_date=20250724T153313, end_date=20250724T153335
[2025-07-24T15:33:35.095+0000] {standard_task_runner.py:107} ERROR - Failed to execute job 999 for task Load_songplays_fact_table (duplicate key value violates unique constraint "songplays_pkey"
DETAIL:  Key (playid)=(e30eb65b5ce5534fed9764a7996916ec) already exists.
; 260)
[2025-07-24T15:33:35.181+0000] {local_task_job_runner.py:234} INFO - Task exited with return code 1
[2025-07-24T15:33:35.266+0000] {taskinstance.py:3280} INFO - 0 downstream tasks scheduled from follow-on schedule check
[2025-07-24T16:16:16.536+0000] {taskinstance.py:1956} INFO - Dependencies all met for dep_context=non-requeueable deps ti=<TaskInstance: tune_stream_dag.Load_songplays_fact_table scheduled__2023-01-01T06:00:00+00:00 [queued]>
[2025-07-24T16:16:16.553+0000] {taskinstance.py:1956} INFO - Dependencies all met for dep_context=requeueable deps ti=<TaskInstance: tune_stream_dag.Load_songplays_fact_table scheduled__2023-01-01T06:00:00+00:00 [queued]>
[2025-07-24T16:16:16.554+0000] {taskinstance.py:2170} INFO - Starting attempt 1 of 4
[2025-07-24T16:16:16.573+0000] {taskinstance.py:2191} INFO - Executing <Task(PythonOperator): Load_songplays_fact_table> on 2023-01-01 06:00:00+00:00
[2025-07-24T16:16:16.584+0000] {standard_task_runner.py:60} INFO - Started process 294 to run task
[2025-07-24T16:16:16.594+0000] {standard_task_runner.py:87} INFO - Running: ['***', 'tasks', 'run', 'tune_stream_dag', 'Load_songplays_fact_table', 'scheduled__2023-01-01T06:00:00+00:00', '--job-id', '1395', '--raw', '--subdir', 'DAGS_FOLDER/etl_pipeline.py', '--cfg-path', '/tmp/tmpqscknc9e']
[2025-07-24T16:16:16.601+0000] {standard_task_runner.py:88} INFO - Job 1395: Subtask Load_songplays_fact_table
[2025-07-24T16:16:17.722+0000] {task_command.py:423} INFO - Running <TaskInstance: tune_stream_dag.Load_songplays_fact_table scheduled__2023-01-01T06:00:00+00:00 [running]> on host c53547d84df1
[2025-07-24T16:16:18.322+0000] {taskinstance.py:2480} INFO - Exporting env vars: AIRFLOW_CTX_DAG_OWNER='genz-legend' AIRFLOW_CTX_DAG_ID='tune_stream_dag' AIRFLOW_CTX_TASK_ID='Load_songplays_fact_table' AIRFLOW_CTX_EXECUTION_DATE='2023-01-01T06:00:00+00:00' AIRFLOW_CTX_TRY_NUMBER='1' AIRFLOW_CTX_DAG_RUN_ID='scheduled__2023-01-01T06:00:00+00:00'
[2025-07-24T16:17:23.223+0000] {python.py:201} INFO - Done. Returned value was: None
[2025-07-24T16:17:23.287+0000] {taskinstance.py:1138} INFO - Marking task as SUCCESS. dag_id=tune_stream_dag, task_id=Load_songplays_fact_table, execution_date=20230101T060000, start_date=20250724T161616, end_date=20250724T161723
[2025-07-24T16:17:23.494+0000] {local_task_job_runner.py:234} INFO - Task exited with return code 0
[2025-07-24T16:17:23.576+0000] {taskinstance.py:3280} INFO - 4 downstream tasks scheduled from follow-on schedule check
[2025-07-24T16:55:44.343+0000] {taskinstance.py:1956} INFO - Dependencies all met for dep_context=non-requeueable deps ti=<TaskInstance: tune_stream_dag.Load_songplays_fact_table scheduled__2023-01-01T06:00:00+00:00 [queued]>
[2025-07-24T16:55:44.523+0000] {taskinstance.py:1956} INFO - Dependencies all met for dep_context=requeueable deps ti=<TaskInstance: tune_stream_dag.Load_songplays_fact_table scheduled__2023-01-01T06:00:00+00:00 [queued]>
[2025-07-24T16:55:44.525+0000] {taskinstance.py:2170} INFO - Starting attempt 1 of 4
[2025-07-24T16:55:44.991+0000] {taskinstance.py:2191} INFO - Executing <Task(PythonOperator): Load_songplays_fact_table> on 2023-01-01 06:00:00+00:00
[2025-07-24T16:55:45.013+0000] {standard_task_runner.py:60} INFO - Started process 261 to run task
[2025-07-24T16:55:45.020+0000] {standard_task_runner.py:87} INFO - Running: ['***', 'tasks', 'run', 'tune_stream_dag', 'Load_songplays_fact_table', 'scheduled__2023-01-01T06:00:00+00:00', '--job-id', '1779', '--raw', '--subdir', 'DAGS_FOLDER/etl_pipeline.py', '--cfg-path', '/tmp/tmponayfcdh']
[2025-07-24T16:55:45.024+0000] {standard_task_runner.py:88} INFO - Job 1779: Subtask Load_songplays_fact_table
[2025-07-24T16:55:46.679+0000] {task_command.py:423} INFO - Running <TaskInstance: tune_stream_dag.Load_songplays_fact_table scheduled__2023-01-01T06:00:00+00:00 [running]> on host 5def55d2a1b5
[2025-07-24T16:55:46.827+0000] {taskinstance.py:2480} INFO - Exporting env vars: AIRFLOW_CTX_DAG_OWNER='genz-legend' AIRFLOW_CTX_DAG_ID='tune_stream_dag' AIRFLOW_CTX_TASK_ID='Load_songplays_fact_table' AIRFLOW_CTX_EXECUTION_DATE='2023-01-01T06:00:00+00:00' AIRFLOW_CTX_TRY_NUMBER='1' AIRFLOW_CTX_DAG_RUN_ID='scheduled__2023-01-01T06:00:00+00:00'
[2025-07-24T16:56:28.217+0000] {python.py:201} INFO - Done. Returned value was: None
[2025-07-24T16:56:29.967+0000] {taskinstance.py:1138} INFO - Marking task as SUCCESS. dag_id=tune_stream_dag, task_id=Load_songplays_fact_table, execution_date=20230101T060000, start_date=20250724T165544, end_date=20250724T165629
[2025-07-24T16:56:30.616+0000] {local_task_job_runner.py:234} INFO - Task exited with return code 0
[2025-07-24T16:56:30.686+0000] {taskinstance.py:3280} INFO - 4 downstream tasks scheduled from follow-on schedule check
