[2025-07-24T14:45:27.551+0000] {taskinstance.py:1956} INFO - Dependencies all met for dep_context=non-requeueable deps ti=<TaskInstance: tune_stream_dag.Stage_songs scheduled__2023-01-04T03:00:00+00:00 [queued]>
[2025-07-24T14:45:27.572+0000] {taskinstance.py:1956} INFO - Dependencies all met for dep_context=requeueable deps ti=<TaskInstance: tune_stream_dag.Stage_songs scheduled__2023-01-04T03:00:00+00:00 [queued]>
[2025-07-24T14:45:27.573+0000] {taskinstance.py:2170} INFO - Starting attempt 1 of 4
[2025-07-24T14:45:27.594+0000] {taskinstance.py:2191} INFO - Executing <Task(PythonOperator): Stage_songs> on 2023-01-04 03:00:00+00:00
[2025-07-24T14:45:27.609+0000] {standard_task_runner.py:60} INFO - Started process 453 to run task
[2025-07-24T14:45:27.614+0000] {standard_task_runner.py:87} INFO - Running: ['***', 'tasks', 'run', 'tune_stream_dag', 'Stage_songs', 'scheduled__2023-01-04T03:00:00+00:00', '--job-id', '655', '--raw', '--subdir', 'DAGS_FOLDER/etl_pipeline.py', '--cfg-path', '/tmp/tmp67hm9itk']
[2025-07-24T14:45:27.623+0000] {standard_task_runner.py:88} INFO - Job 655: Subtask Stage_songs
[2025-07-24T14:45:27.773+0000] {task_command.py:423} INFO - Running <TaskInstance: tune_stream_dag.Stage_songs scheduled__2023-01-04T03:00:00+00:00 [running]> on host aea62fae55be
[2025-07-24T14:45:28.006+0000] {taskinstance.py:2480} INFO - Exporting env vars: AIRFLOW_CTX_DAG_OWNER='genz-legend' AIRFLOW_CTX_DAG_ID='tune_stream_dag' AIRFLOW_CTX_TASK_ID='Stage_songs' AIRFLOW_CTX_EXECUTION_DATE='2023-01-04T03:00:00+00:00' AIRFLOW_CTX_TRY_NUMBER='1' AIRFLOW_CTX_DAG_RUN_ID='scheduled__2023-01-04T03:00:00+00:00'
[2025-07-24T14:45:31.107+0000] {python.py:201} INFO - Done. Returned value was: None
[2025-07-24T14:45:31.314+0000] {taskinstance.py:1138} INFO - Marking task as SUCCESS. dag_id=tune_stream_dag, task_id=Stage_songs, execution_date=20230104T030000, start_date=20250724T144527, end_date=20250724T144531
[2025-07-24T14:45:32.327+0000] {local_task_job_runner.py:234} INFO - Task exited with return code 0
[2025-07-24T14:45:34.029+0000] {taskinstance.py:3280} INFO - 0 downstream tasks scheduled from follow-on schedule check
[2025-07-24T17:29:41.922+0000] {taskinstance.py:1956} INFO - Dependencies all met for dep_context=non-requeueable deps ti=<TaskInstance: tune_stream_dag.Stage_songs scheduled__2023-01-04T03:00:00+00:00 [queued]>
[2025-07-24T17:29:41.981+0000] {taskinstance.py:1956} INFO - Dependencies all met for dep_context=requeueable deps ti=<TaskInstance: tune_stream_dag.Stage_songs scheduled__2023-01-04T03:00:00+00:00 [queued]>
[2025-07-24T17:29:41.991+0000] {taskinstance.py:2170} INFO - Starting attempt 1 of 4
[2025-07-24T17:29:42.031+0000] {taskinstance.py:2191} INFO - Executing <Task(PythonOperator): Stage_songs> on 2023-01-04 03:00:00+00:00
[2025-07-24T17:29:42.050+0000] {standard_task_runner.py:60} INFO - Started process 2784 to run task
[2025-07-24T17:29:42.059+0000] {standard_task_runner.py:87} INFO - Running: ['***', 'tasks', 'run', 'tune_stream_dag', 'Stage_songs', 'scheduled__2023-01-04T03:00:00+00:00', '--job-id', '2470', '--raw', '--subdir', 'DAGS_FOLDER/etl_pipeline.py', '--cfg-path', '/tmp/tmp6f_01hua']
[2025-07-24T17:29:42.063+0000] {standard_task_runner.py:88} INFO - Job 2470: Subtask Stage_songs
[2025-07-24T17:29:42.240+0000] {task_command.py:423} INFO - Running <TaskInstance: tune_stream_dag.Stage_songs scheduled__2023-01-04T03:00:00+00:00 [running]> on host 5def55d2a1b5
[2025-07-24T17:29:42.546+0000] {taskinstance.py:2480} INFO - Exporting env vars: AIRFLOW_CTX_DAG_OWNER='genz-legend' AIRFLOW_CTX_DAG_ID='tune_stream_dag' AIRFLOW_CTX_TASK_ID='Stage_songs' AIRFLOW_CTX_EXECUTION_DATE='2023-01-04T03:00:00+00:00' AIRFLOW_CTX_TRY_NUMBER='1' AIRFLOW_CTX_DAG_RUN_ID='scheduled__2023-01-04T03:00:00+00:00'
[2025-07-24T17:29:50.957+0000] {python.py:201} INFO - Done. Returned value was: None
[2025-07-24T17:29:51.009+0000] {taskinstance.py:1138} INFO - Marking task as SUCCESS. dag_id=tune_stream_dag, task_id=Stage_songs, execution_date=20230104T030000, start_date=20250724T172941, end_date=20250724T172951
[2025-07-24T17:29:51.219+0000] {local_task_job_runner.py:234} INFO - Task exited with return code 0
[2025-07-24T17:29:51.359+0000] {taskinstance.py:3280} INFO - 0 downstream tasks scheduled from follow-on schedule check
