[2025-07-24T15:38:53.836+0000] {taskinstance.py:1956} INFO - Dependencies all met for dep_context=non-requeueable deps ti=<TaskInstance: tune_stream_dag.Load_artist_dim_table scheduled__2023-01-01T01:00:00+00:00 [queued]>
[2025-07-24T15:38:53.907+0000] {taskinstance.py:1956} INFO - Dependencies all met for dep_context=requeueable deps ti=<TaskInstance: tune_stream_dag.Load_artist_dim_table scheduled__2023-01-01T01:00:00+00:00 [queued]>
[2025-07-24T15:38:53.909+0000] {taskinstance.py:2170} INFO - Starting attempt 1 of 4
[2025-07-24T15:38:53.996+0000] {taskinstance.py:2191} INFO - Executing <Task(PythonOperator): Load_artist_dim_table> on 2023-01-01 01:00:00+00:00
[2025-07-24T15:38:54.098+0000] {standard_task_runner.py:60} INFO - Started process 501 to run task
[2025-07-24T15:38:54.100+0000] {standard_task_runner.py:87} INFO - Running: ['***', 'tasks', 'run', 'tune_stream_dag', 'Load_artist_dim_table', 'scheduled__2023-01-01T01:00:00+00:00', '--job-id', '1048', '--raw', '--subdir', 'DAGS_FOLDER/etl_pipeline.py', '--cfg-path', '/tmp/tmp5zleapp9']
[2025-07-24T15:38:54.291+0000] {standard_task_runner.py:88} INFO - Job 1048: Subtask Load_artist_dim_table
[2025-07-24T15:38:55.223+0000] {task_command.py:423} INFO - Running <TaskInstance: tune_stream_dag.Load_artist_dim_table scheduled__2023-01-01T01:00:00+00:00 [running]> on host c53547d84df1
[2025-07-24T15:38:55.913+0000] {taskinstance.py:2480} INFO - Exporting env vars: AIRFLOW_CTX_DAG_OWNER='genz-legend' AIRFLOW_CTX_DAG_ID='tune_stream_dag' AIRFLOW_CTX_TASK_ID='Load_artist_dim_table' AIRFLOW_CTX_EXECUTION_DATE='2023-01-01T01:00:00+00:00' AIRFLOW_CTX_TRY_NUMBER='1' AIRFLOW_CTX_DAG_RUN_ID='scheduled__2023-01-01T01:00:00+00:00'
[2025-07-24T15:38:55.952+0000] {python.py:201} INFO - Done. Returned value was: None
[2025-07-24T15:38:55.988+0000] {taskinstance.py:1138} INFO - Marking task as SUCCESS. dag_id=tune_stream_dag, task_id=Load_artist_dim_table, execution_date=20230101T010000, start_date=20250724T153853, end_date=20250724T153855
[2025-07-24T15:38:56.060+0000] {local_task_job_runner.py:234} INFO - Task exited with return code 0
[2025-07-24T15:38:57.205+0000] {taskinstance.py:3280} INFO - 0 downstream tasks scheduled from follow-on schedule check
[2025-07-24T16:17:54.638+0000] {taskinstance.py:1956} INFO - Dependencies all met for dep_context=non-requeueable deps ti=<TaskInstance: tune_stream_dag.Load_artist_dim_table scheduled__2023-01-01T01:00:00+00:00 [queued]>
[2025-07-24T16:17:54.676+0000] {taskinstance.py:1956} INFO - Dependencies all met for dep_context=requeueable deps ti=<TaskInstance: tune_stream_dag.Load_artist_dim_table scheduled__2023-01-01T01:00:00+00:00 [queued]>
[2025-07-24T16:17:54.730+0000] {taskinstance.py:2170} INFO - Starting attempt 1 of 4
[2025-07-24T16:17:54.829+0000] {taskinstance.py:2191} INFO - Executing <Task(PythonOperator): Load_artist_dim_table> on 2023-01-01 01:00:00+00:00
[2025-07-24T16:17:54.854+0000] {standard_task_runner.py:60} INFO - Started process 401 to run task
[2025-07-24T16:17:54.862+0000] {standard_task_runner.py:87} INFO - Running: ['***', 'tasks', 'run', 'tune_stream_dag', 'Load_artist_dim_table', 'scheduled__2023-01-01T01:00:00+00:00', '--job-id', '1420', '--raw', '--subdir', 'DAGS_FOLDER/etl_pipeline.py', '--cfg-path', '/tmp/tmpftxi49o9']
[2025-07-24T16:17:54.871+0000] {standard_task_runner.py:88} INFO - Job 1420: Subtask Load_artist_dim_table
[2025-07-24T16:17:55.151+0000] {task_command.py:423} INFO - Running <TaskInstance: tune_stream_dag.Load_artist_dim_table scheduled__2023-01-01T01:00:00+00:00 [running]> on host c53547d84df1
[2025-07-24T16:17:55.475+0000] {taskinstance.py:2480} INFO - Exporting env vars: AIRFLOW_CTX_DAG_OWNER='genz-legend' AIRFLOW_CTX_DAG_ID='tune_stream_dag' AIRFLOW_CTX_TASK_ID='Load_artist_dim_table' AIRFLOW_CTX_EXECUTION_DATE='2023-01-01T01:00:00+00:00' AIRFLOW_CTX_TRY_NUMBER='1' AIRFLOW_CTX_DAG_RUN_ID='scheduled__2023-01-01T01:00:00+00:00'
[2025-07-24T16:17:55.636+0000] {python.py:201} INFO - Done. Returned value was: None
[2025-07-24T16:17:55.662+0000] {taskinstance.py:1138} INFO - Marking task as SUCCESS. dag_id=tune_stream_dag, task_id=Load_artist_dim_table, execution_date=20230101T010000, start_date=20250724T161754, end_date=20250724T161755
[2025-07-24T16:17:55.880+0000] {local_task_job_runner.py:234} INFO - Task exited with return code 0
[2025-07-24T16:17:55.941+0000] {taskinstance.py:3280} INFO - 0 downstream tasks scheduled from follow-on schedule check
[2025-07-24T16:57:08.741+0000] {taskinstance.py:1956} INFO - Dependencies all met for dep_context=non-requeueable deps ti=<TaskInstance: tune_stream_dag.Load_artist_dim_table scheduled__2023-01-01T01:00:00+00:00 [queued]>
[2025-07-24T16:57:08.834+0000] {taskinstance.py:1956} INFO - Dependencies all met for dep_context=requeueable deps ti=<TaskInstance: tune_stream_dag.Load_artist_dim_table scheduled__2023-01-01T01:00:00+00:00 [queued]>
[2025-07-24T16:57:08.841+0000] {taskinstance.py:2170} INFO - Starting attempt 1 of 4
[2025-07-24T16:57:09.101+0000] {taskinstance.py:2191} INFO - Executing <Task(PythonOperator): Load_artist_dim_table> on 2023-01-01 01:00:00+00:00
[2025-07-24T16:57:09.165+0000] {standard_task_runner.py:60} INFO - Started process 400 to run task
[2025-07-24T16:57:09.185+0000] {standard_task_runner.py:87} INFO - Running: ['***', 'tasks', 'run', 'tune_stream_dag', 'Load_artist_dim_table', 'scheduled__2023-01-01T01:00:00+00:00', '--job-id', '1818', '--raw', '--subdir', 'DAGS_FOLDER/etl_pipeline.py', '--cfg-path', '/tmp/tmp7ovvt4bg']
[2025-07-24T16:57:09.198+0000] {standard_task_runner.py:88} INFO - Job 1818: Subtask Load_artist_dim_table
[2025-07-24T16:57:09.789+0000] {task_command.py:423} INFO - Running <TaskInstance: tune_stream_dag.Load_artist_dim_table scheduled__2023-01-01T01:00:00+00:00 [running]> on host 5def55d2a1b5
[2025-07-24T16:57:10.174+0000] {taskinstance.py:2480} INFO - Exporting env vars: AIRFLOW_CTX_DAG_OWNER='genz-legend' AIRFLOW_CTX_DAG_ID='tune_stream_dag' AIRFLOW_CTX_TASK_ID='Load_artist_dim_table' AIRFLOW_CTX_EXECUTION_DATE='2023-01-01T01:00:00+00:00' AIRFLOW_CTX_TRY_NUMBER='1' AIRFLOW_CTX_DAG_RUN_ID='scheduled__2023-01-01T01:00:00+00:00'
[2025-07-24T16:57:10.303+0000] {python.py:201} INFO - Done. Returned value was: None
[2025-07-24T16:57:10.356+0000] {taskinstance.py:1138} INFO - Marking task as SUCCESS. dag_id=tune_stream_dag, task_id=Load_artist_dim_table, execution_date=20230101T010000, start_date=20250724T165708, end_date=20250724T165710
[2025-07-24T16:57:10.513+0000] {local_task_job_runner.py:234} INFO - Task exited with return code 0
[2025-07-24T16:57:10.555+0000] {taskinstance.py:3280} INFO - 0 downstream tasks scheduled from follow-on schedule check
