[2025-07-24T15:38:52.754+0000] {taskinstance.py:1956} INFO - Dependencies all met for dep_context=non-requeueable deps ti=<TaskInstance: tune_stream_dag.Load_artist_dim_table scheduled__2023-01-01T03:00:00+00:00 [queued]>
[2025-07-24T15:38:52.826+0000] {taskinstance.py:1956} INFO - Dependencies all met for dep_context=requeueable deps ti=<TaskInstance: tune_stream_dag.Load_artist_dim_table scheduled__2023-01-01T03:00:00+00:00 [queued]>
[2025-07-24T15:38:52.839+0000] {taskinstance.py:2170} INFO - Starting attempt 1 of 4
[2025-07-24T15:38:52.927+0000] {taskinstance.py:2191} INFO - Executing <Task(PythonOperator): Load_artist_dim_table> on 2023-01-01 03:00:00+00:00
[2025-07-24T15:38:52.981+0000] {standard_task_runner.py:60} INFO - Started process 499 to run task
[2025-07-24T15:38:53.067+0000] {standard_task_runner.py:87} INFO - Running: ['***', 'tasks', 'run', 'tune_stream_dag', 'Load_artist_dim_table', 'scheduled__2023-01-01T03:00:00+00:00', '--job-id', '1046', '--raw', '--subdir', 'DAGS_FOLDER/etl_pipeline.py', '--cfg-path', '/tmp/tmpwknp_ng3']
[2025-07-24T15:38:53.105+0000] {standard_task_runner.py:88} INFO - Job 1046: Subtask Load_artist_dim_table
[2025-07-24T15:38:53.570+0000] {task_command.py:423} INFO - Running <TaskInstance: tune_stream_dag.Load_artist_dim_table scheduled__2023-01-01T03:00:00+00:00 [running]> on host c53547d84df1
[2025-07-24T15:38:54.093+0000] {taskinstance.py:2480} INFO - Exporting env vars: AIRFLOW_CTX_DAG_OWNER='genz-legend' AIRFLOW_CTX_DAG_ID='tune_stream_dag' AIRFLOW_CTX_TASK_ID='Load_artist_dim_table' AIRFLOW_CTX_EXECUTION_DATE='2023-01-01T03:00:00+00:00' AIRFLOW_CTX_TRY_NUMBER='1' AIRFLOW_CTX_DAG_RUN_ID='scheduled__2023-01-01T03:00:00+00:00'
[2025-07-24T15:38:54.390+0000] {python.py:201} INFO - Done. Returned value was: None
[2025-07-24T15:38:54.438+0000] {taskinstance.py:1138} INFO - Marking task as SUCCESS. dag_id=tune_stream_dag, task_id=Load_artist_dim_table, execution_date=20230101T030000, start_date=20250724T153852, end_date=20250724T153854
[2025-07-24T15:38:55.345+0000] {local_task_job_runner.py:234} INFO - Task exited with return code 0
[2025-07-24T15:38:57.316+0000] {taskinstance.py:3280} INFO - 0 downstream tasks scheduled from follow-on schedule check
[2025-07-24T16:17:50.126+0000] {taskinstance.py:1956} INFO - Dependencies all met for dep_context=non-requeueable deps ti=<TaskInstance: tune_stream_dag.Load_artist_dim_table scheduled__2023-01-01T03:00:00+00:00 [queued]>
[2025-07-24T16:17:50.175+0000] {taskinstance.py:1956} INFO - Dependencies all met for dep_context=requeueable deps ti=<TaskInstance: tune_stream_dag.Load_artist_dim_table scheduled__2023-01-01T03:00:00+00:00 [queued]>
[2025-07-24T16:17:50.209+0000] {taskinstance.py:2170} INFO - Starting attempt 1 of 4
[2025-07-24T16:17:50.356+0000] {taskinstance.py:2191} INFO - Executing <Task(PythonOperator): Load_artist_dim_table> on 2023-01-01 03:00:00+00:00
[2025-07-24T16:17:50.376+0000] {standard_task_runner.py:60} INFO - Started process 385 to run task
[2025-07-24T16:17:50.437+0000] {standard_task_runner.py:87} INFO - Running: ['***', 'tasks', 'run', 'tune_stream_dag', 'Load_artist_dim_table', 'scheduled__2023-01-01T03:00:00+00:00', '--job-id', '1415', '--raw', '--subdir', 'DAGS_FOLDER/etl_pipeline.py', '--cfg-path', '/tmp/tmp4psrkk4j']
[2025-07-24T16:17:50.487+0000] {standard_task_runner.py:88} INFO - Job 1415: Subtask Load_artist_dim_table
[2025-07-24T16:17:51.295+0000] {task_command.py:423} INFO - Running <TaskInstance: tune_stream_dag.Load_artist_dim_table scheduled__2023-01-01T03:00:00+00:00 [running]> on host c53547d84df1
[2025-07-24T16:17:51.569+0000] {taskinstance.py:2480} INFO - Exporting env vars: AIRFLOW_CTX_DAG_OWNER='genz-legend' AIRFLOW_CTX_DAG_ID='tune_stream_dag' AIRFLOW_CTX_TASK_ID='Load_artist_dim_table' AIRFLOW_CTX_EXECUTION_DATE='2023-01-01T03:00:00+00:00' AIRFLOW_CTX_TRY_NUMBER='1' AIRFLOW_CTX_DAG_RUN_ID='scheduled__2023-01-01T03:00:00+00:00'
[2025-07-24T16:17:51.731+0000] {python.py:201} INFO - Done. Returned value was: None
[2025-07-24T16:17:51.752+0000] {taskinstance.py:1138} INFO - Marking task as SUCCESS. dag_id=tune_stream_dag, task_id=Load_artist_dim_table, execution_date=20230101T030000, start_date=20250724T161750, end_date=20250724T161751
[2025-07-24T16:17:51.831+0000] {local_task_job_runner.py:234} INFO - Task exited with return code 0
[2025-07-24T16:17:51.939+0000] {taskinstance.py:3280} INFO - 0 downstream tasks scheduled from follow-on schedule check
[2025-07-24T16:56:53.733+0000] {taskinstance.py:1956} INFO - Dependencies all met for dep_context=non-requeueable deps ti=<TaskInstance: tune_stream_dag.Load_artist_dim_table scheduled__2023-01-01T03:00:00+00:00 [queued]>
[2025-07-24T16:56:53.763+0000] {taskinstance.py:1956} INFO - Dependencies all met for dep_context=requeueable deps ti=<TaskInstance: tune_stream_dag.Load_artist_dim_table scheduled__2023-01-01T03:00:00+00:00 [queued]>
[2025-07-24T16:56:53.765+0000] {taskinstance.py:2170} INFO - Starting attempt 1 of 4
[2025-07-24T16:56:53.818+0000] {taskinstance.py:2191} INFO - Executing <Task(PythonOperator): Load_artist_dim_table> on 2023-01-01 03:00:00+00:00
[2025-07-24T16:56:53.898+0000] {standard_task_runner.py:60} INFO - Started process 350 to run task
[2025-07-24T16:56:53.903+0000] {standard_task_runner.py:87} INFO - Running: ['***', 'tasks', 'run', 'tune_stream_dag', 'Load_artist_dim_table', 'scheduled__2023-01-01T03:00:00+00:00', '--job-id', '1801', '--raw', '--subdir', 'DAGS_FOLDER/etl_pipeline.py', '--cfg-path', '/tmp/tmpphf8ft2z']
[2025-07-24T16:56:53.916+0000] {standard_task_runner.py:88} INFO - Job 1801: Subtask Load_artist_dim_table
[2025-07-24T16:56:54.237+0000] {task_command.py:423} INFO - Running <TaskInstance: tune_stream_dag.Load_artist_dim_table scheduled__2023-01-01T03:00:00+00:00 [running]> on host 5def55d2a1b5
[2025-07-24T16:56:54.440+0000] {taskinstance.py:2480} INFO - Exporting env vars: AIRFLOW_CTX_DAG_OWNER='genz-legend' AIRFLOW_CTX_DAG_ID='tune_stream_dag' AIRFLOW_CTX_TASK_ID='Load_artist_dim_table' AIRFLOW_CTX_EXECUTION_DATE='2023-01-01T03:00:00+00:00' AIRFLOW_CTX_TRY_NUMBER='1' AIRFLOW_CTX_DAG_RUN_ID='scheduled__2023-01-01T03:00:00+00:00'
[2025-07-24T16:56:54.543+0000] {python.py:201} INFO - Done. Returned value was: None
[2025-07-24T16:56:54.570+0000] {taskinstance.py:1138} INFO - Marking task as SUCCESS. dag_id=tune_stream_dag, task_id=Load_artist_dim_table, execution_date=20230101T030000, start_date=20250724T165653, end_date=20250724T165654
[2025-07-24T16:56:54.657+0000] {local_task_job_runner.py:234} INFO - Task exited with return code 0
[2025-07-24T16:56:54.686+0000] {taskinstance.py:3280} INFO - 0 downstream tasks scheduled from follow-on schedule check
