[2025-07-24T14:45:46.264+0000] {taskinstance.py:1956} INFO - Dependencies all met for dep_context=non-requeueable deps ti=<TaskInstance: tune_stream_dag.Stage_events scheduled__2023-01-04T08:00:00+00:00 [queued]>
[2025-07-24T14:45:46.375+0000] {taskinstance.py:1956} INFO - Dependencies all met for dep_context=requeueable deps ti=<TaskInstance: tune_stream_dag.Stage_events scheduled__2023-01-04T08:00:00+00:00 [queued]>
[2025-07-24T14:45:46.377+0000] {taskinstance.py:2170} INFO - Starting attempt 1 of 4
[2025-07-24T14:45:46.758+0000] {taskinstance.py:2191} INFO - Executing <Task(PythonOperator): Stage_events> on 2023-01-04 08:00:00+00:00
[2025-07-24T14:45:46.815+0000] {standard_task_runner.py:60} INFO - Started process 502 to run task
[2025-07-24T14:45:46.824+0000] {standard_task_runner.py:87} INFO - Running: ['***', 'tasks', 'run', 'tune_stream_dag', 'Stage_events', 'scheduled__2023-01-04T08:00:00+00:00', '--job-id', '666', '--raw', '--subdir', 'DAGS_FOLDER/etl_pipeline.py', '--cfg-path', '/tmp/tmp0uj3rktv']
[2025-07-24T14:45:46.841+0000] {standard_task_runner.py:88} INFO - Job 666: Subtask Stage_events
[2025-07-24T14:45:47.023+0000] {task_command.py:423} INFO - Running <TaskInstance: tune_stream_dag.Stage_events scheduled__2023-01-04T08:00:00+00:00 [running]> on host aea62fae55be
[2025-07-24T14:45:47.273+0000] {taskinstance.py:2480} INFO - Exporting env vars: AIRFLOW_CTX_DAG_OWNER='genz-legend' AIRFLOW_CTX_DAG_ID='tune_stream_dag' AIRFLOW_CTX_TASK_ID='Stage_events' AIRFLOW_CTX_EXECUTION_DATE='2023-01-04T08:00:00+00:00' AIRFLOW_CTX_TRY_NUMBER='1' AIRFLOW_CTX_DAG_RUN_ID='scheduled__2023-01-04T08:00:00+00:00'
[2025-07-24T14:45:57.587+0000] {python.py:201} INFO - Done. Returned value was: None
[2025-07-24T14:45:57.610+0000] {taskinstance.py:1138} INFO - Marking task as SUCCESS. dag_id=tune_stream_dag, task_id=Stage_events, execution_date=20230104T080000, start_date=20250724T144546, end_date=20250724T144557
[2025-07-24T14:45:59.189+0000] {local_task_job_runner.py:234} INFO - Task exited with return code 0
[2025-07-24T14:45:59.807+0000] {taskinstance.py:3280} INFO - 1 downstream tasks scheduled from follow-on schedule check
[2025-07-24T17:29:44.366+0000] {taskinstance.py:1956} INFO - Dependencies all met for dep_context=non-requeueable deps ti=<TaskInstance: tune_stream_dag.Stage_events scheduled__2023-01-04T08:00:00+00:00 [queued]>
[2025-07-24T17:29:44.388+0000] {taskinstance.py:1956} INFO - Dependencies all met for dep_context=requeueable deps ti=<TaskInstance: tune_stream_dag.Stage_events scheduled__2023-01-04T08:00:00+00:00 [queued]>
[2025-07-24T17:29:44.391+0000] {taskinstance.py:2170} INFO - Starting attempt 1 of 4
[2025-07-24T17:29:44.589+0000] {taskinstance.py:2191} INFO - Executing <Task(PythonOperator): Stage_events> on 2023-01-04 08:00:00+00:00
[2025-07-24T17:29:44.665+0000] {standard_task_runner.py:60} INFO - Started process 2795 to run task
[2025-07-24T17:29:44.702+0000] {standard_task_runner.py:87} INFO - Running: ['***', 'tasks', 'run', 'tune_stream_dag', 'Stage_events', 'scheduled__2023-01-04T08:00:00+00:00', '--job-id', '2473', '--raw', '--subdir', 'DAGS_FOLDER/etl_pipeline.py', '--cfg-path', '/tmp/tmptionyev0']
[2025-07-24T17:29:44.712+0000] {standard_task_runner.py:88} INFO - Job 2473: Subtask Stage_events
[2025-07-24T17:29:45.258+0000] {task_command.py:423} INFO - Running <TaskInstance: tune_stream_dag.Stage_events scheduled__2023-01-04T08:00:00+00:00 [running]> on host 5def55d2a1b5
[2025-07-24T17:29:46.418+0000] {taskinstance.py:2480} INFO - Exporting env vars: AIRFLOW_CTX_DAG_OWNER='genz-legend' AIRFLOW_CTX_DAG_ID='tune_stream_dag' AIRFLOW_CTX_TASK_ID='Stage_events' AIRFLOW_CTX_EXECUTION_DATE='2023-01-04T08:00:00+00:00' AIRFLOW_CTX_TRY_NUMBER='1' AIRFLOW_CTX_DAG_RUN_ID='scheduled__2023-01-04T08:00:00+00:00'
[2025-07-24T17:30:15.127+0000] {python.py:201} INFO - Done. Returned value was: None
[2025-07-24T17:30:15.385+0000] {taskinstance.py:1138} INFO - Marking task as SUCCESS. dag_id=tune_stream_dag, task_id=Stage_events, execution_date=20230104T080000, start_date=20250724T172944, end_date=20250724T173015
[2025-07-24T17:30:15.674+0000] {local_task_job_runner.py:234} INFO - Task exited with return code 0
[2025-07-24T17:30:15.736+0000] {taskinstance.py:3280} INFO - 1 downstream tasks scheduled from follow-on schedule check
