[2025-07-22T10:00:58.841+0000] {taskinstance.py:1956} INFO - Dependencies all met for dep_context=non-requeueable deps ti=<TaskInstance: tune_stream_dag.Stage_events scheduled__2023-01-01T05:00:00+00:00 [queued]>
[2025-07-22T10:00:58.914+0000] {taskinstance.py:1956} INFO - Dependencies all met for dep_context=requeueable deps ti=<TaskInstance: tune_stream_dag.Stage_events scheduled__2023-01-01T05:00:00+00:00 [queued]>
[2025-07-22T10:00:58.925+0000] {taskinstance.py:2170} INFO - Starting attempt 1 of 4
[2025-07-22T10:00:59.456+0000] {taskinstance.py:2191} INFO - Executing <Task(PythonOperator): Stage_events> on 2023-01-01 05:00:00+00:00
[2025-07-22T10:01:00.107+0000] {standard_task_runner.py:60} INFO - Started process 265 to run task
[2025-07-22T10:01:04.932+0000] {standard_task_runner.py:87} INFO - Running: ['***', 'tasks', 'run', 'tune_stream_dag', 'Stage_events', 'scheduled__2023-01-01T05:00:00+00:00', '--job-id', '106', '--raw', '--subdir', 'DAGS_FOLDER/etl_pipeline.py', '--cfg-path', '/tmp/tmpwpgj7lys']
[2025-07-22T10:01:05.007+0000] {standard_task_runner.py:88} INFO - Job 106: Subtask Stage_events
[2025-07-22T10:02:39.239+0000] {task_command.py:423} INFO - Running <TaskInstance: tune_stream_dag.Stage_events scheduled__2023-01-01T05:00:00+00:00 [running]> on host a2a13a541787
[2025-07-22T10:02:49.805+0000] {taskinstance.py:2480} INFO - Exporting env vars: AIRFLOW_CTX_DAG_OWNER='genz-legend' AIRFLOW_CTX_DAG_ID='tune_stream_dag' AIRFLOW_CTX_TASK_ID='Stage_events' AIRFLOW_CTX_EXECUTION_DATE='2023-01-01T05:00:00+00:00' AIRFLOW_CTX_TRY_NUMBER='1' AIRFLOW_CTX_DAG_RUN_ID='scheduled__2023-01-01T05:00:00+00:00'
[2025-07-22T10:02:51.043+0000] {taskinstance.py:2698} ERROR - Task failed with exception
Traceback (most recent call last):
  File "/home/airflow/.local/lib/python3.8/site-packages/airflow/models/taskinstance.py", line 433, in _execute_task
    result = execute_callable(context=context, **execute_callable_kwargs)
  File "/home/airflow/.local/lib/python3.8/site-packages/airflow/operators/python.py", line 199, in execute
    return_value = self.execute_callable()
  File "/home/airflow/.local/lib/python3.8/site-packages/airflow/operators/python.py", line 216, in execute_callable
    return self.python_callable(*self.op_args, **self.op_kwargs)
  File "/opt/airflow/dags/etl_pipeline.py", line 77, in stage_events
    data = json.load(f)
  File "/usr/local/lib/python3.8/json/__init__.py", line 293, in load
    return loads(fp.read(),
  File "/usr/local/lib/python3.8/json/__init__.py", line 357, in loads
    return _default_decoder.decode(s)
  File "/usr/local/lib/python3.8/json/decoder.py", line 340, in decode
    raise JSONDecodeError("Extra data", s, end)
json.decoder.JSONDecodeError: Extra data: line 2 column 1 (char 457)
[2025-07-22T10:02:51.908+0000] {taskinstance.py:1138} INFO - Marking task as UP_FOR_RETRY. dag_id=tune_stream_dag, task_id=Stage_events, execution_date=20230101T050000, start_date=20250722T100058, end_date=20250722T100251
[2025-07-22T10:02:52.170+0000] {standard_task_runner.py:107} ERROR - Failed to execute job 106 for task Stage_events (Extra data: line 2 column 1 (char 457); 265)
[2025-07-22T10:02:52.218+0000] {local_task_job_runner.py:234} INFO - Task exited with return code 1
[2025-07-22T10:02:52.355+0000] {taskinstance.py:3280} INFO - 0 downstream tasks scheduled from follow-on schedule check
[2025-07-24T15:30:42.488+0000] {taskinstance.py:1956} INFO - Dependencies all met for dep_context=non-requeueable deps ti=<TaskInstance: tune_stream_dag.Stage_events scheduled__2023-01-01T05:00:00+00:00 [queued]>
[2025-07-24T15:30:42.517+0000] {taskinstance.py:1956} INFO - Dependencies all met for dep_context=requeueable deps ti=<TaskInstance: tune_stream_dag.Stage_events scheduled__2023-01-01T05:00:00+00:00 [queued]>
[2025-07-24T15:30:42.520+0000] {taskinstance.py:2170} INFO - Starting attempt 1 of 4
[2025-07-24T15:30:42.657+0000] {taskinstance.py:2191} INFO - Executing <Task(PythonOperator): Stage_events> on 2023-01-01 05:00:00+00:00
[2025-07-24T15:30:42.813+0000] {standard_task_runner.py:87} INFO - Running: ['***', 'tasks', 'run', 'tune_stream_dag', 'Stage_events', 'scheduled__2023-01-01T05:00:00+00:00', '--job-id', '972', '--raw', '--subdir', 'DAGS_FOLDER/etl_pipeline.py', '--cfg-path', '/tmp/tmp_s6wdxnk']
[2025-07-24T15:30:42.797+0000] {standard_task_runner.py:60} INFO - Started process 157 to run task
[2025-07-24T15:30:42.832+0000] {standard_task_runner.py:88} INFO - Job 972: Subtask Stage_events
[2025-07-24T15:30:43.223+0000] {task_command.py:423} INFO - Running <TaskInstance: tune_stream_dag.Stage_events scheduled__2023-01-01T05:00:00+00:00 [running]> on host c53547d84df1
[2025-07-24T15:30:43.519+0000] {taskinstance.py:2480} INFO - Exporting env vars: AIRFLOW_CTX_DAG_OWNER='genz-legend' AIRFLOW_CTX_DAG_ID='tune_stream_dag' AIRFLOW_CTX_TASK_ID='Stage_events' AIRFLOW_CTX_EXECUTION_DATE='2023-01-01T05:00:00+00:00' AIRFLOW_CTX_TRY_NUMBER='1' AIRFLOW_CTX_DAG_RUN_ID='scheduled__2023-01-01T05:00:00+00:00'
[2025-07-24T15:31:23.909+0000] {python.py:201} INFO - Done. Returned value was: None
[2025-07-24T15:31:23.945+0000] {taskinstance.py:1138} INFO - Marking task as SUCCESS. dag_id=tune_stream_dag, task_id=Stage_events, execution_date=20230101T050000, start_date=20250724T153042, end_date=20250724T153123
[2025-07-24T15:31:24.122+0000] {local_task_job_runner.py:234} INFO - Task exited with return code 0
[2025-07-24T15:31:24.184+0000] {taskinstance.py:3280} INFO - 1 downstream tasks scheduled from follow-on schedule check
[2025-07-24T16:13:17.608+0000] {taskinstance.py:1956} INFO - Dependencies all met for dep_context=non-requeueable deps ti=<TaskInstance: tune_stream_dag.Stage_events scheduled__2023-01-01T05:00:00+00:00 [queued]>
[2025-07-24T16:13:17.695+0000] {taskinstance.py:1956} INFO - Dependencies all met for dep_context=requeueable deps ti=<TaskInstance: tune_stream_dag.Stage_events scheduled__2023-01-01T05:00:00+00:00 [queued]>
[2025-07-24T16:13:17.697+0000] {taskinstance.py:2170} INFO - Starting attempt 1 of 4
[2025-07-24T16:13:21.217+0000] {taskinstance.py:2191} INFO - Executing <Task(PythonOperator): Stage_events> on 2023-01-01 05:00:00+00:00
[2025-07-24T16:13:21.229+0000] {standard_task_runner.py:60} INFO - Started process 187 to run task
[2025-07-24T16:13:21.238+0000] {standard_task_runner.py:87} INFO - Running: ['***', 'tasks', 'run', 'tune_stream_dag', 'Stage_events', 'scheduled__2023-01-01T05:00:00+00:00', '--job-id', '1370', '--raw', '--subdir', 'DAGS_FOLDER/etl_pipeline.py', '--cfg-path', '/tmp/tmpkj3c6k74']
[2025-07-24T16:13:21.338+0000] {standard_task_runner.py:88} INFO - Job 1370: Subtask Stage_events
[2025-07-24T16:13:23.193+0000] {task_command.py:423} INFO - Running <TaskInstance: tune_stream_dag.Stage_events scheduled__2023-01-01T05:00:00+00:00 [running]> on host c53547d84df1
[2025-07-24T16:13:24.659+0000] {taskinstance.py:2480} INFO - Exporting env vars: AIRFLOW_CTX_DAG_OWNER='genz-legend' AIRFLOW_CTX_DAG_ID='tune_stream_dag' AIRFLOW_CTX_TASK_ID='Stage_events' AIRFLOW_CTX_EXECUTION_DATE='2023-01-01T05:00:00+00:00' AIRFLOW_CTX_TRY_NUMBER='1' AIRFLOW_CTX_DAG_RUN_ID='scheduled__2023-01-01T05:00:00+00:00'
[2025-07-24T16:16:01.404+0000] {python.py:201} INFO - Done. Returned value was: None
[2025-07-24T16:16:03.339+0000] {taskinstance.py:1138} INFO - Marking task as SUCCESS. dag_id=tune_stream_dag, task_id=Stage_events, execution_date=20230101T050000, start_date=20250724T161317, end_date=20250724T161603
[2025-07-24T16:16:05.103+0000] {local_task_job_runner.py:234} INFO - Task exited with return code 0
[2025-07-24T16:16:05.973+0000] {taskinstance.py:3280} INFO - 0 downstream tasks scheduled from follow-on schedule check
[2025-07-24T16:54:36.581+0000] {taskinstance.py:1956} INFO - Dependencies all met for dep_context=non-requeueable deps ti=<TaskInstance: tune_stream_dag.Stage_events scheduled__2023-01-01T05:00:00+00:00 [queued]>
[2025-07-24T16:54:36.605+0000] {taskinstance.py:1956} INFO - Dependencies all met for dep_context=requeueable deps ti=<TaskInstance: tune_stream_dag.Stage_events scheduled__2023-01-01T05:00:00+00:00 [queued]>
[2025-07-24T16:54:36.608+0000] {taskinstance.py:2170} INFO - Starting attempt 1 of 4
[2025-07-24T16:54:37.000+0000] {taskinstance.py:2191} INFO - Executing <Task(PythonOperator): Stage_events> on 2023-01-01 05:00:00+00:00
[2025-07-24T16:54:37.028+0000] {standard_task_runner.py:60} INFO - Started process 179 to run task
[2025-07-24T16:54:37.038+0000] {standard_task_runner.py:87} INFO - Running: ['***', 'tasks', 'run', 'tune_stream_dag', 'Stage_events', 'scheduled__2023-01-01T05:00:00+00:00', '--job-id', '1761', '--raw', '--subdir', 'DAGS_FOLDER/etl_pipeline.py', '--cfg-path', '/tmp/tmpgtp9lkgb']
[2025-07-24T16:54:37.059+0000] {standard_task_runner.py:88} INFO - Job 1761: Subtask Stage_events
[2025-07-24T16:54:37.236+0000] {task_command.py:423} INFO - Running <TaskInstance: tune_stream_dag.Stage_events scheduled__2023-01-01T05:00:00+00:00 [running]> on host 5def55d2a1b5
[2025-07-24T16:54:37.551+0000] {taskinstance.py:2480} INFO - Exporting env vars: AIRFLOW_CTX_DAG_OWNER='genz-legend' AIRFLOW_CTX_DAG_ID='tune_stream_dag' AIRFLOW_CTX_TASK_ID='Stage_events' AIRFLOW_CTX_EXECUTION_DATE='2023-01-01T05:00:00+00:00' AIRFLOW_CTX_TRY_NUMBER='1' AIRFLOW_CTX_DAG_RUN_ID='scheduled__2023-01-01T05:00:00+00:00'
[2025-07-24T16:55:22.652+0000] {python.py:201} INFO - Done. Returned value was: None
[2025-07-24T16:55:23.023+0000] {taskinstance.py:1138} INFO - Marking task as SUCCESS. dag_id=tune_stream_dag, task_id=Stage_events, execution_date=20230101T050000, start_date=20250724T165436, end_date=20250724T165523
[2025-07-24T16:55:23.815+0000] {local_task_job_runner.py:234} INFO - Task exited with return code 0
[2025-07-24T16:55:23.983+0000] {taskinstance.py:3280} INFO - 1 downstream tasks scheduled from follow-on schedule check
