[2025-07-24T15:20:47.298+0000] {taskinstance.py:1956} INFO - Dependencies all met for dep_context=non-requeueable deps ti=<TaskInstance: tune_stream_dag.Stage_songs scheduled__2023-01-05T04:00:00+00:00 [queued]>
[2025-07-24T15:20:47.343+0000] {taskinstance.py:1956} INFO - Dependencies all met for dep_context=requeueable deps ti=<TaskInstance: tune_stream_dag.Stage_songs scheduled__2023-01-05T04:00:00+00:00 [queued]>
[2025-07-24T15:20:47.350+0000] {taskinstance.py:2170} INFO - Starting attempt 1 of 4
[2025-07-24T15:20:47.433+0000] {taskinstance.py:2191} INFO - Executing <Task(PythonOperator): Stage_songs> on 2023-01-05 04:00:00+00:00
[2025-07-24T15:20:47.541+0000] {standard_task_runner.py:60} INFO - Started process 714 to run task
[2025-07-24T15:20:47.731+0000] {standard_task_runner.py:87} INFO - Running: ['***', 'tasks', 'run', 'tune_stream_dag', 'Stage_songs', 'scheduled__2023-01-05T04:00:00+00:00', '--job-id', '842', '--raw', '--subdir', 'DAGS_FOLDER/etl_pipeline.py', '--cfg-path', '/tmp/tmpbwj4rkoq']
[2025-07-24T15:20:47.859+0000] {standard_task_runner.py:88} INFO - Job 842: Subtask Stage_songs
[2025-07-24T15:20:48.858+0000] {task_command.py:423} INFO - Running <TaskInstance: tune_stream_dag.Stage_songs scheduled__2023-01-05T04:00:00+00:00 [running]> on host c53547d84df1
[2025-07-24T15:20:49.449+0000] {taskinstance.py:2480} INFO - Exporting env vars: AIRFLOW_CTX_DAG_OWNER='genz-legend' AIRFLOW_CTX_DAG_ID='tune_stream_dag' AIRFLOW_CTX_TASK_ID='Stage_songs' AIRFLOW_CTX_EXECUTION_DATE='2023-01-05T04:00:00+00:00' AIRFLOW_CTX_TRY_NUMBER='1' AIRFLOW_CTX_DAG_RUN_ID='scheduled__2023-01-05T04:00:00+00:00'
[2025-07-24T15:21:13.001+0000] {python.py:201} INFO - Done. Returned value was: None
[2025-07-24T15:21:13.123+0000] {taskinstance.py:1138} INFO - Marking task as SUCCESS. dag_id=tune_stream_dag, task_id=Stage_songs, execution_date=20230105T040000, start_date=20250724T152047, end_date=20250724T152113
[2025-07-24T15:21:13.288+0000] {local_task_job_runner.py:234} INFO - Task exited with return code 0
[2025-07-24T15:21:13.333+0000] {taskinstance.py:3280} INFO - 1 downstream tasks scheduled from follow-on schedule check
[2025-07-24T17:32:03.118+0000] {taskinstance.py:1956} INFO - Dependencies all met for dep_context=non-requeueable deps ti=<TaskInstance: tune_stream_dag.Stage_songs scheduled__2023-01-05T04:00:00+00:00 [queued]>
[2025-07-24T17:32:03.138+0000] {taskinstance.py:1956} INFO - Dependencies all met for dep_context=requeueable deps ti=<TaskInstance: tune_stream_dag.Stage_songs scheduled__2023-01-05T04:00:00+00:00 [queued]>
[2025-07-24T17:32:03.139+0000] {taskinstance.py:2170} INFO - Starting attempt 1 of 4
[2025-07-24T17:32:03.165+0000] {taskinstance.py:2191} INFO - Executing <Task(PythonOperator): Stage_songs> on 2023-01-05 04:00:00+00:00
[2025-07-24T17:32:03.182+0000] {standard_task_runner.py:60} INFO - Started process 3244 to run task
[2025-07-24T17:32:03.190+0000] {standard_task_runner.py:87} INFO - Running: ['***', 'tasks', 'run', 'tune_stream_dag', 'Stage_songs', 'scheduled__2023-01-05T04:00:00+00:00', '--job-id', '2614', '--raw', '--subdir', 'DAGS_FOLDER/etl_pipeline.py', '--cfg-path', '/tmp/tmpmw9pg66e']
[2025-07-24T17:32:03.195+0000] {standard_task_runner.py:88} INFO - Job 2614: Subtask Stage_songs
[2025-07-24T17:32:03.357+0000] {task_command.py:423} INFO - Running <TaskInstance: tune_stream_dag.Stage_songs scheduled__2023-01-05T04:00:00+00:00 [running]> on host 5def55d2a1b5
[2025-07-24T17:32:03.520+0000] {taskinstance.py:2480} INFO - Exporting env vars: AIRFLOW_CTX_DAG_OWNER='genz-legend' AIRFLOW_CTX_DAG_ID='tune_stream_dag' AIRFLOW_CTX_TASK_ID='Stage_songs' AIRFLOW_CTX_EXECUTION_DATE='2023-01-05T04:00:00+00:00' AIRFLOW_CTX_TRY_NUMBER='1' AIRFLOW_CTX_DAG_RUN_ID='scheduled__2023-01-05T04:00:00+00:00'
[2025-07-24T17:32:05.442+0000] {python.py:201} INFO - Done. Returned value was: None
[2025-07-24T17:32:05.463+0000] {taskinstance.py:1138} INFO - Marking task as SUCCESS. dag_id=tune_stream_dag, task_id=Stage_songs, execution_date=20230105T040000, start_date=20250724T173203, end_date=20250724T173205
[2025-07-24T17:32:05.545+0000] {local_task_job_runner.py:234} INFO - Task exited with return code 0
[2025-07-24T17:32:05.712+0000] {taskinstance.py:3280} INFO - 0 downstream tasks scheduled from follow-on schedule check
