[2025-07-24T14:45:53.860+0000] {taskinstance.py:1956} INFO - Dependencies all met for dep_context=non-requeueable deps ti=<TaskInstance: tune_stream_dag.Stage_events scheduled__2023-01-04T10:00:00+00:00 [queued]>
[2025-07-24T14:45:53.876+0000] {taskinstance.py:1956} INFO - Dependencies all met for dep_context=requeueable deps ti=<TaskInstance: tune_stream_dag.Stage_events scheduled__2023-01-04T10:00:00+00:00 [queued]>
[2025-07-24T14:45:53.876+0000] {taskinstance.py:2170} INFO - Starting attempt 1 of 4
[2025-07-24T14:45:54.071+0000] {taskinstance.py:2191} INFO - Executing <Task(PythonOperator): Stage_events> on 2023-01-04 10:00:00+00:00
[2025-07-24T14:45:54.161+0000] {standard_task_runner.py:60} INFO - Started process 510 to run task
[2025-07-24T14:45:54.168+0000] {standard_task_runner.py:87} INFO - Running: ['***', 'tasks', 'run', 'tune_stream_dag', 'Stage_events', 'scheduled__2023-01-04T10:00:00+00:00', '--job-id', '669', '--raw', '--subdir', 'DAGS_FOLDER/etl_pipeline.py', '--cfg-path', '/tmp/tmp5mjg29t6']
[2025-07-24T14:45:54.174+0000] {standard_task_runner.py:88} INFO - Job 669: Subtask Stage_events
[2025-07-24T14:45:54.376+0000] {task_command.py:423} INFO - Running <TaskInstance: tune_stream_dag.Stage_events scheduled__2023-01-04T10:00:00+00:00 [running]> on host aea62fae55be
[2025-07-24T14:45:54.770+0000] {taskinstance.py:2480} INFO - Exporting env vars: AIRFLOW_CTX_DAG_OWNER='genz-legend' AIRFLOW_CTX_DAG_ID='tune_stream_dag' AIRFLOW_CTX_TASK_ID='Stage_events' AIRFLOW_CTX_EXECUTION_DATE='2023-01-04T10:00:00+00:00' AIRFLOW_CTX_TRY_NUMBER='1' AIRFLOW_CTX_DAG_RUN_ID='scheduled__2023-01-04T10:00:00+00:00'
[2025-07-24T14:45:59.166+0000] {python.py:201} INFO - Done. Returned value was: None
[2025-07-24T14:45:59.358+0000] {taskinstance.py:1138} INFO - Marking task as SUCCESS. dag_id=tune_stream_dag, task_id=Stage_events, execution_date=20230104T100000, start_date=20250724T144553, end_date=20250724T144559
[2025-07-24T14:46:00.047+0000] {local_task_job_runner.py:234} INFO - Task exited with return code 0
[2025-07-24T14:46:00.070+0000] {taskinstance.py:3280} INFO - 1 downstream tasks scheduled from follow-on schedule check
[2025-07-24T17:29:54.405+0000] {taskinstance.py:1956} INFO - Dependencies all met for dep_context=non-requeueable deps ti=<TaskInstance: tune_stream_dag.Stage_events scheduled__2023-01-04T10:00:00+00:00 [queued]>
[2025-07-24T17:29:54.433+0000] {taskinstance.py:1956} INFO - Dependencies all met for dep_context=requeueable deps ti=<TaskInstance: tune_stream_dag.Stage_events scheduled__2023-01-04T10:00:00+00:00 [queued]>
[2025-07-24T17:29:54.438+0000] {taskinstance.py:2170} INFO - Starting attempt 1 of 4
[2025-07-24T17:29:54.471+0000] {taskinstance.py:2191} INFO - Executing <Task(PythonOperator): Stage_events> on 2023-01-04 10:00:00+00:00
[2025-07-24T17:29:54.487+0000] {standard_task_runner.py:60} INFO - Started process 2818 to run task
[2025-07-24T17:29:54.492+0000] {standard_task_runner.py:87} INFO - Running: ['***', 'tasks', 'run', 'tune_stream_dag', 'Stage_events', 'scheduled__2023-01-04T10:00:00+00:00', '--job-id', '2482', '--raw', '--subdir', 'DAGS_FOLDER/etl_pipeline.py', '--cfg-path', '/tmp/tmpocgsueto']
[2025-07-24T17:29:54.497+0000] {standard_task_runner.py:88} INFO - Job 2482: Subtask Stage_events
[2025-07-24T17:29:54.725+0000] {task_command.py:423} INFO - Running <TaskInstance: tune_stream_dag.Stage_events scheduled__2023-01-04T10:00:00+00:00 [running]> on host 5def55d2a1b5
[2025-07-24T17:29:54.968+0000] {taskinstance.py:2480} INFO - Exporting env vars: AIRFLOW_CTX_DAG_OWNER='genz-legend' AIRFLOW_CTX_DAG_ID='tune_stream_dag' AIRFLOW_CTX_TASK_ID='Stage_events' AIRFLOW_CTX_EXECUTION_DATE='2023-01-04T10:00:00+00:00' AIRFLOW_CTX_TRY_NUMBER='1' AIRFLOW_CTX_DAG_RUN_ID='scheduled__2023-01-04T10:00:00+00:00'
[2025-07-24T17:30:23.843+0000] {python.py:201} INFO - Done. Returned value was: None
[2025-07-24T17:30:23.888+0000] {taskinstance.py:1138} INFO - Marking task as SUCCESS. dag_id=tune_stream_dag, task_id=Stage_events, execution_date=20230104T100000, start_date=20250724T172954, end_date=20250724T173023
[2025-07-24T17:30:24.195+0000] {local_task_job_runner.py:234} INFO - Task exited with return code 0
[2025-07-24T17:30:24.279+0000] {taskinstance.py:3280} INFO - 1 downstream tasks scheduled from follow-on schedule check
