[2025-07-24T15:38:52.261+0000] {taskinstance.py:1956} INFO - Dependencies all met for dep_context=non-requeueable deps ti=<TaskInstance: tune_stream_dag.Load_song_dim_table scheduled__2023-01-01T02:00:00+00:00 [queued]>
[2025-07-24T15:38:52.483+0000] {taskinstance.py:1956} INFO - Dependencies all met for dep_context=requeueable deps ti=<TaskInstance: tune_stream_dag.Load_song_dim_table scheduled__2023-01-01T02:00:00+00:00 [queued]>
[2025-07-24T15:38:52.490+0000] {taskinstance.py:2170} INFO - Starting attempt 1 of 4
[2025-07-24T15:38:52.621+0000] {taskinstance.py:2191} INFO - Executing <Task(PythonOperator): Load_song_dim_table> on 2023-01-01 02:00:00+00:00
[2025-07-24T15:38:52.670+0000] {standard_task_runner.py:60} INFO - Started process 497 to run task
[2025-07-24T15:38:52.748+0000] {standard_task_runner.py:87} INFO - Running: ['***', 'tasks', 'run', 'tune_stream_dag', 'Load_song_dim_table', 'scheduled__2023-01-01T02:00:00+00:00', '--job-id', '1043', '--raw', '--subdir', 'DAGS_FOLDER/etl_pipeline.py', '--cfg-path', '/tmp/tmpd8w96nz8']
[2025-07-24T15:38:52.811+0000] {standard_task_runner.py:88} INFO - Job 1043: Subtask Load_song_dim_table
[2025-07-24T15:38:53.535+0000] {task_command.py:423} INFO - Running <TaskInstance: tune_stream_dag.Load_song_dim_table scheduled__2023-01-01T02:00:00+00:00 [running]> on host c53547d84df1
[2025-07-24T15:38:54.077+0000] {taskinstance.py:2480} INFO - Exporting env vars: AIRFLOW_CTX_DAG_OWNER='genz-legend' AIRFLOW_CTX_DAG_ID='tune_stream_dag' AIRFLOW_CTX_TASK_ID='Load_song_dim_table' AIRFLOW_CTX_EXECUTION_DATE='2023-01-01T02:00:00+00:00' AIRFLOW_CTX_TRY_NUMBER='1' AIRFLOW_CTX_DAG_RUN_ID='scheduled__2023-01-01T02:00:00+00:00'
[2025-07-24T15:38:54.388+0000] {python.py:201} INFO - Done. Returned value was: None
[2025-07-24T15:38:54.465+0000] {taskinstance.py:1138} INFO - Marking task as SUCCESS. dag_id=tune_stream_dag, task_id=Load_song_dim_table, execution_date=20230101T020000, start_date=20250724T153852, end_date=20250724T153854
[2025-07-24T15:38:54.608+0000] {local_task_job_runner.py:234} INFO - Task exited with return code 0
[2025-07-24T15:38:55.290+0000] {taskinstance.py:3280} INFO - 0 downstream tasks scheduled from follow-on schedule check
[2025-07-24T16:17:49.148+0000] {taskinstance.py:1956} INFO - Dependencies all met for dep_context=non-requeueable deps ti=<TaskInstance: tune_stream_dag.Load_song_dim_table scheduled__2023-01-01T02:00:00+00:00 [queued]>
[2025-07-24T16:17:49.239+0000] {taskinstance.py:1956} INFO - Dependencies all met for dep_context=requeueable deps ti=<TaskInstance: tune_stream_dag.Load_song_dim_table scheduled__2023-01-01T02:00:00+00:00 [queued]>
[2025-07-24T16:17:49.258+0000] {taskinstance.py:2170} INFO - Starting attempt 1 of 4
[2025-07-24T16:17:49.622+0000] {taskinstance.py:2191} INFO - Executing <Task(PythonOperator): Load_song_dim_table> on 2023-01-01 02:00:00+00:00
[2025-07-24T16:17:49.646+0000] {standard_task_runner.py:60} INFO - Started process 381 to run task
[2025-07-24T16:17:49.762+0000] {standard_task_runner.py:87} INFO - Running: ['***', 'tasks', 'run', 'tune_stream_dag', 'Load_song_dim_table', 'scheduled__2023-01-01T02:00:00+00:00', '--job-id', '1411', '--raw', '--subdir', 'DAGS_FOLDER/etl_pipeline.py', '--cfg-path', '/tmp/tmp5evonfmf']
[2025-07-24T16:17:49.951+0000] {standard_task_runner.py:88} INFO - Job 1411: Subtask Load_song_dim_table
[2025-07-24T16:17:50.498+0000] {task_command.py:423} INFO - Running <TaskInstance: tune_stream_dag.Load_song_dim_table scheduled__2023-01-01T02:00:00+00:00 [running]> on host c53547d84df1
[2025-07-24T16:17:51.392+0000] {taskinstance.py:2480} INFO - Exporting env vars: AIRFLOW_CTX_DAG_OWNER='genz-legend' AIRFLOW_CTX_DAG_ID='tune_stream_dag' AIRFLOW_CTX_TASK_ID='Load_song_dim_table' AIRFLOW_CTX_EXECUTION_DATE='2023-01-01T02:00:00+00:00' AIRFLOW_CTX_TRY_NUMBER='1' AIRFLOW_CTX_DAG_RUN_ID='scheduled__2023-01-01T02:00:00+00:00'
[2025-07-24T16:17:51.536+0000] {python.py:201} INFO - Done. Returned value was: None
[2025-07-24T16:17:51.560+0000] {taskinstance.py:1138} INFO - Marking task as SUCCESS. dag_id=tune_stream_dag, task_id=Load_song_dim_table, execution_date=20230101T020000, start_date=20250724T161749, end_date=20250724T161751
[2025-07-24T16:17:51.697+0000] {local_task_job_runner.py:234} INFO - Task exited with return code 0
[2025-07-24T16:17:51.879+0000] {taskinstance.py:3280} INFO - 0 downstream tasks scheduled from follow-on schedule check
[2025-07-24T16:57:01.553+0000] {taskinstance.py:1956} INFO - Dependencies all met for dep_context=non-requeueable deps ti=<TaskInstance: tune_stream_dag.Load_song_dim_table scheduled__2023-01-01T02:00:00+00:00 [queued]>
[2025-07-24T16:57:01.585+0000] {taskinstance.py:1956} INFO - Dependencies all met for dep_context=requeueable deps ti=<TaskInstance: tune_stream_dag.Load_song_dim_table scheduled__2023-01-01T02:00:00+00:00 [queued]>
[2025-07-24T16:57:01.610+0000] {taskinstance.py:2170} INFO - Starting attempt 1 of 4
[2025-07-24T16:57:01.671+0000] {taskinstance.py:2191} INFO - Executing <Task(PythonOperator): Load_song_dim_table> on 2023-01-01 02:00:00+00:00
[2025-07-24T16:57:01.738+0000] {standard_task_runner.py:60} INFO - Started process 369 to run task
[2025-07-24T16:57:01.748+0000] {standard_task_runner.py:87} INFO - Running: ['***', 'tasks', 'run', 'tune_stream_dag', 'Load_song_dim_table', 'scheduled__2023-01-01T02:00:00+00:00', '--job-id', '1811', '--raw', '--subdir', 'DAGS_FOLDER/etl_pipeline.py', '--cfg-path', '/tmp/tmpr1lse4nv']
[2025-07-24T16:57:01.753+0000] {standard_task_runner.py:88} INFO - Job 1811: Subtask Load_song_dim_table
[2025-07-24T16:57:02.547+0000] {task_command.py:423} INFO - Running <TaskInstance: tune_stream_dag.Load_song_dim_table scheduled__2023-01-01T02:00:00+00:00 [running]> on host 5def55d2a1b5
[2025-07-24T16:57:02.880+0000] {taskinstance.py:2480} INFO - Exporting env vars: AIRFLOW_CTX_DAG_OWNER='genz-legend' AIRFLOW_CTX_DAG_ID='tune_stream_dag' AIRFLOW_CTX_TASK_ID='Load_song_dim_table' AIRFLOW_CTX_EXECUTION_DATE='2023-01-01T02:00:00+00:00' AIRFLOW_CTX_TRY_NUMBER='1' AIRFLOW_CTX_DAG_RUN_ID='scheduled__2023-01-01T02:00:00+00:00'
[2025-07-24T16:57:05.964+0000] {python.py:201} INFO - Done. Returned value was: None
[2025-07-24T16:57:06.003+0000] {taskinstance.py:1138} INFO - Marking task as SUCCESS. dag_id=tune_stream_dag, task_id=Load_song_dim_table, execution_date=20230101T020000, start_date=20250724T165701, end_date=20250724T165706
[2025-07-24T16:57:06.403+0000] {local_task_job_runner.py:234} INFO - Task exited with return code 0
[2025-07-24T16:57:06.520+0000] {taskinstance.py:3280} INFO - 0 downstream tasks scheduled from follow-on schedule check
