[2025-07-24T15:24:15.476+0000] {taskinstance.py:1956} INFO - Dependencies all met for dep_context=non-requeueable deps ti=<TaskInstance: tune_stream_dag.Load_artist_dim_table scheduled__2023-01-05T11:00:00+00:00 [queued]>
[2025-07-24T15:24:15.485+0000] {taskinstance.py:1956} INFO - Dependencies all met for dep_context=requeueable deps ti=<TaskInstance: tune_stream_dag.Load_artist_dim_table scheduled__2023-01-05T11:00:00+00:00 [queued]>
[2025-07-24T15:24:15.486+0000] {taskinstance.py:2170} INFO - Starting attempt 1 of 4
[2025-07-24T15:24:15.615+0000] {taskinstance.py:2191} INFO - Executing <Task(PythonOperator): Load_artist_dim_table> on 2023-01-05 11:00:00+00:00
[2025-07-24T15:24:15.627+0000] {standard_task_runner.py:60} INFO - Started process 107 to run task
[2025-07-24T15:24:15.631+0000] {standard_task_runner.py:87} INFO - Running: ['***', 'tasks', 'run', 'tune_stream_dag', 'Load_artist_dim_table', 'scheduled__2023-01-05T11:00:00+00:00', '--job-id', '898', '--raw', '--subdir', 'DAGS_FOLDER/etl_pipeline.py', '--cfg-path', '/tmp/tmpp4rrzz6x']
[2025-07-24T15:24:15.634+0000] {standard_task_runner.py:88} INFO - Job 898: Subtask Load_artist_dim_table
[2025-07-24T15:24:15.766+0000] {task_command.py:423} INFO - Running <TaskInstance: tune_stream_dag.Load_artist_dim_table scheduled__2023-01-05T11:00:00+00:00 [running]> on host c53547d84df1
[2025-07-24T15:24:16.078+0000] {taskinstance.py:2480} INFO - Exporting env vars: AIRFLOW_CTX_DAG_OWNER='genz-legend' AIRFLOW_CTX_DAG_ID='tune_stream_dag' AIRFLOW_CTX_TASK_ID='Load_artist_dim_table' AIRFLOW_CTX_EXECUTION_DATE='2023-01-05T11:00:00+00:00' AIRFLOW_CTX_TRY_NUMBER='1' AIRFLOW_CTX_DAG_RUN_ID='scheduled__2023-01-05T11:00:00+00:00'
[2025-07-24T15:24:16.185+0000] {python.py:201} INFO - Done. Returned value was: None
[2025-07-24T15:24:16.200+0000] {taskinstance.py:1138} INFO - Marking task as SUCCESS. dag_id=tune_stream_dag, task_id=Load_artist_dim_table, execution_date=20230105T110000, start_date=20250724T152415, end_date=20250724T152416
[2025-07-24T15:24:16.287+0000] {local_task_job_runner.py:234} INFO - Task exited with return code 0
[2025-07-24T15:24:16.353+0000] {taskinstance.py:3280} INFO - 0 downstream tasks scheduled from follow-on schedule check
[2025-07-24T17:36:14.216+0000] {taskinstance.py:1956} INFO - Dependencies all met for dep_context=non-requeueable deps ti=<TaskInstance: tune_stream_dag.Load_artist_dim_table scheduled__2023-01-05T11:00:00+00:00 [queued]>
[2025-07-24T17:36:14.385+0000] {taskinstance.py:1956} INFO - Dependencies all met for dep_context=requeueable deps ti=<TaskInstance: tune_stream_dag.Load_artist_dim_table scheduled__2023-01-05T11:00:00+00:00 [queued]>
[2025-07-24T17:36:14.386+0000] {taskinstance.py:2170} INFO - Starting attempt 1 of 4
[2025-07-24T17:36:15.542+0000] {taskinstance.py:2191} INFO - Executing <Task(PythonOperator): Load_artist_dim_table> on 2023-01-05 11:00:00+00:00
[2025-07-24T17:36:15.602+0000] {standard_task_runner.py:60} INFO - Started process 3842 to run task
[2025-07-24T17:36:15.633+0000] {standard_task_runner.py:87} INFO - Running: ['***', 'tasks', 'run', 'tune_stream_dag', 'Load_artist_dim_table', 'scheduled__2023-01-05T11:00:00+00:00', '--job-id', '2794', '--raw', '--subdir', 'DAGS_FOLDER/etl_pipeline.py', '--cfg-path', '/tmp/tmpmtxk_o02']
[2025-07-24T17:36:15.874+0000] {standard_task_runner.py:88} INFO - Job 2794: Subtask Load_artist_dim_table
[2025-07-24T17:36:16.557+0000] {task_command.py:423} INFO - Running <TaskInstance: tune_stream_dag.Load_artist_dim_table scheduled__2023-01-05T11:00:00+00:00 [running]> on host 5def55d2a1b5
[2025-07-24T17:36:17.194+0000] {taskinstance.py:2480} INFO - Exporting env vars: AIRFLOW_CTX_DAG_OWNER='genz-legend' AIRFLOW_CTX_DAG_ID='tune_stream_dag' AIRFLOW_CTX_TASK_ID='Load_artist_dim_table' AIRFLOW_CTX_EXECUTION_DATE='2023-01-05T11:00:00+00:00' AIRFLOW_CTX_TRY_NUMBER='1' AIRFLOW_CTX_DAG_RUN_ID='scheduled__2023-01-05T11:00:00+00:00'
[2025-07-24T17:36:17.466+0000] {python.py:201} INFO - Done. Returned value was: None
[2025-07-24T17:36:17.503+0000] {taskinstance.py:1138} INFO - Marking task as SUCCESS. dag_id=tune_stream_dag, task_id=Load_artist_dim_table, execution_date=20230105T110000, start_date=20250724T173614, end_date=20250724T173617
[2025-07-24T17:36:17.710+0000] {local_task_job_runner.py:234} INFO - Task exited with return code 0
[2025-07-24T17:36:19.400+0000] {taskinstance.py:3280} INFO - 0 downstream tasks scheduled from follow-on schedule check
