[2025-07-24T15:49:20.419+0000] {taskinstance.py:1956} INFO - Dependencies all met for dep_context=non-requeueable deps ti=<TaskInstance: tune_stream_dag.Load_artist_dim_table scheduled__2023-01-01T15:00:00+00:00 [queued]>
[2025-07-24T15:49:20.433+0000] {taskinstance.py:1956} INFO - Dependencies all met for dep_context=requeueable deps ti=<TaskInstance: tune_stream_dag.Load_artist_dim_table scheduled__2023-01-01T15:00:00+00:00 [queued]>
[2025-07-24T15:49:20.434+0000] {taskinstance.py:2170} INFO - Starting attempt 1 of 4
[2025-07-24T15:49:20.449+0000] {taskinstance.py:2191} INFO - Executing <Task(PythonOperator): Load_artist_dim_table> on 2023-01-01 15:00:00+00:00
[2025-07-24T15:49:20.456+0000] {standard_task_runner.py:60} INFO - Started process 949 to run task
[2025-07-24T15:49:20.462+0000] {standard_task_runner.py:87} INFO - Running: ['***', 'tasks', 'run', 'tune_stream_dag', 'Load_artist_dim_table', 'scheduled__2023-01-01T15:00:00+00:00', '--job-id', '1148', '--raw', '--subdir', 'DAGS_FOLDER/etl_pipeline.py', '--cfg-path', '/tmp/tmpbxhtd95y']
[2025-07-24T15:49:20.465+0000] {standard_task_runner.py:88} INFO - Job 1148: Subtask Load_artist_dim_table
[2025-07-24T15:49:20.552+0000] {task_command.py:423} INFO - Running <TaskInstance: tune_stream_dag.Load_artist_dim_table scheduled__2023-01-01T15:00:00+00:00 [running]> on host c53547d84df1
[2025-07-24T15:49:20.652+0000] {taskinstance.py:2480} INFO - Exporting env vars: AIRFLOW_CTX_DAG_OWNER='genz-legend' AIRFLOW_CTX_DAG_ID='tune_stream_dag' AIRFLOW_CTX_TASK_ID='Load_artist_dim_table' AIRFLOW_CTX_EXECUTION_DATE='2023-01-01T15:00:00+00:00' AIRFLOW_CTX_TRY_NUMBER='1' AIRFLOW_CTX_DAG_RUN_ID='scheduled__2023-01-01T15:00:00+00:00'
[2025-07-24T15:49:20.667+0000] {python.py:201} INFO - Done. Returned value was: None
[2025-07-24T15:49:20.679+0000] {taskinstance.py:1138} INFO - Marking task as SUCCESS. dag_id=tune_stream_dag, task_id=Load_artist_dim_table, execution_date=20230101T150000, start_date=20250724T154920, end_date=20250724T154920
[2025-07-24T15:49:20.714+0000] {local_task_job_runner.py:234} INFO - Task exited with return code 0
[2025-07-24T15:49:20.809+0000] {taskinstance.py:3280} INFO - 0 downstream tasks scheduled from follow-on schedule check
[2025-07-24T16:33:50.870+0000] {taskinstance.py:1956} INFO - Dependencies all met for dep_context=non-requeueable deps ti=<TaskInstance: tune_stream_dag.Load_artist_dim_table scheduled__2023-01-01T15:00:00+00:00 [queued]>
[2025-07-24T16:33:50.908+0000] {taskinstance.py:1956} INFO - Dependencies all met for dep_context=requeueable deps ti=<TaskInstance: tune_stream_dag.Load_artist_dim_table scheduled__2023-01-01T15:00:00+00:00 [queued]>
[2025-07-24T16:33:50.921+0000] {taskinstance.py:2170} INFO - Starting attempt 1 of 4
[2025-07-24T16:33:50.998+0000] {taskinstance.py:2191} INFO - Executing <Task(PythonOperator): Load_artist_dim_table> on 2023-01-01 15:00:00+00:00
[2025-07-24T16:33:51.033+0000] {standard_task_runner.py:60} INFO - Started process 1125 to run task
[2025-07-24T16:33:51.043+0000] {standard_task_runner.py:87} INFO - Running: ['***', 'tasks', 'run', 'tune_stream_dag', 'Load_artist_dim_table', 'scheduled__2023-01-01T15:00:00+00:00', '--job-id', '1583', '--raw', '--subdir', 'DAGS_FOLDER/etl_pipeline.py', '--cfg-path', '/tmp/tmpkk682t7r']
[2025-07-24T16:33:51.067+0000] {standard_task_runner.py:88} INFO - Job 1583: Subtask Load_artist_dim_table
[2025-07-24T16:33:51.577+0000] {task_command.py:423} INFO - Running <TaskInstance: tune_stream_dag.Load_artist_dim_table scheduled__2023-01-01T15:00:00+00:00 [running]> on host c53547d84df1
[2025-07-24T16:33:51.954+0000] {taskinstance.py:2480} INFO - Exporting env vars: AIRFLOW_CTX_DAG_OWNER='genz-legend' AIRFLOW_CTX_DAG_ID='tune_stream_dag' AIRFLOW_CTX_TASK_ID='Load_artist_dim_table' AIRFLOW_CTX_EXECUTION_DATE='2023-01-01T15:00:00+00:00' AIRFLOW_CTX_TRY_NUMBER='1' AIRFLOW_CTX_DAG_RUN_ID='scheduled__2023-01-01T15:00:00+00:00'
[2025-07-24T16:33:52.456+0000] {python.py:201} INFO - Done. Returned value was: None
[2025-07-24T16:33:52.496+0000] {taskinstance.py:1138} INFO - Marking task as SUCCESS. dag_id=tune_stream_dag, task_id=Load_artist_dim_table, execution_date=20230101T150000, start_date=20250724T163350, end_date=20250724T163352
[2025-07-24T16:33:52.593+0000] {local_task_job_runner.py:234} INFO - Task exited with return code 0
[2025-07-24T16:33:52.710+0000] {taskinstance.py:3280} INFO - 0 downstream tasks scheduled from follow-on schedule check
[2025-07-24T17:12:15.672+0000] {taskinstance.py:1956} INFO - Dependencies all met for dep_context=non-requeueable deps ti=<TaskInstance: tune_stream_dag.Load_artist_dim_table scheduled__2023-01-01T15:00:00+00:00 [queued]>
[2025-07-24T17:12:15.687+0000] {taskinstance.py:1956} INFO - Dependencies all met for dep_context=requeueable deps ti=<TaskInstance: tune_stream_dag.Load_artist_dim_table scheduled__2023-01-01T15:00:00+00:00 [queued]>
[2025-07-24T17:12:15.688+0000] {taskinstance.py:2170} INFO - Starting attempt 1 of 4
[2025-07-24T17:12:15.705+0000] {taskinstance.py:2191} INFO - Executing <Task(PythonOperator): Load_artist_dim_table> on 2023-01-01 15:00:00+00:00
[2025-07-24T17:12:15.723+0000] {standard_task_runner.py:60} INFO - Started process 977 to run task
[2025-07-24T17:12:15.732+0000] {standard_task_runner.py:87} INFO - Running: ['***', 'tasks', 'run', 'tune_stream_dag', 'Load_artist_dim_table', 'scheduled__2023-01-01T15:00:00+00:00', '--job-id', '1940', '--raw', '--subdir', 'DAGS_FOLDER/etl_pipeline.py', '--cfg-path', '/tmp/tmptus989jx']
[2025-07-24T17:12:15.738+0000] {standard_task_runner.py:88} INFO - Job 1940: Subtask Load_artist_dim_table
[2025-07-24T17:12:15.857+0000] {task_command.py:423} INFO - Running <TaskInstance: tune_stream_dag.Load_artist_dim_table scheduled__2023-01-01T15:00:00+00:00 [running]> on host 5def55d2a1b5
[2025-07-24T17:12:16.026+0000] {taskinstance.py:2480} INFO - Exporting env vars: AIRFLOW_CTX_DAG_OWNER='genz-legend' AIRFLOW_CTX_DAG_ID='tune_stream_dag' AIRFLOW_CTX_TASK_ID='Load_artist_dim_table' AIRFLOW_CTX_EXECUTION_DATE='2023-01-01T15:00:00+00:00' AIRFLOW_CTX_TRY_NUMBER='1' AIRFLOW_CTX_DAG_RUN_ID='scheduled__2023-01-01T15:00:00+00:00'
[2025-07-24T17:12:16.058+0000] {python.py:201} INFO - Done. Returned value was: None
[2025-07-24T17:12:16.072+0000] {taskinstance.py:1138} INFO - Marking task as SUCCESS. dag_id=tune_stream_dag, task_id=Load_artist_dim_table, execution_date=20230101T150000, start_date=20250724T171215, end_date=20250724T171216
[2025-07-24T17:12:16.110+0000] {local_task_job_runner.py:234} INFO - Task exited with return code 0
[2025-07-24T17:12:16.146+0000] {taskinstance.py:3280} INFO - 0 downstream tasks scheduled from follow-on schedule check
