[2025-07-22T10:04:59.386+0000] {taskinstance.py:1956} INFO - Dependencies all met for dep_context=non-requeueable deps ti=<TaskInstance: tune_stream_dag.Stage_events scheduled__2023-01-01T09:00:00+00:00 [queued]>
[2025-07-22T10:04:59.400+0000] {taskinstance.py:1956} INFO - Dependencies all met for dep_context=requeueable deps ti=<TaskInstance: tune_stream_dag.Stage_events scheduled__2023-01-01T09:00:00+00:00 [queued]>
[2025-07-22T10:04:59.401+0000] {taskinstance.py:2170} INFO - Starting attempt 1 of 4
[2025-07-22T10:05:00.519+0000] {taskinstance.py:2191} INFO - Executing <Task(PythonOperator): Stage_events> on 2023-01-01 09:00:00+00:00
[2025-07-22T10:05:00.858+0000] {standard_task_runner.py:60} INFO - Started process 356 to run task
[2025-07-22T10:05:00.903+0000] {standard_task_runner.py:87} INFO - Running: ['***', 'tasks', 'run', 'tune_stream_dag', 'Stage_events', 'scheduled__2023-01-01T09:00:00+00:00', '--job-id', '134', '--raw', '--subdir', 'DAGS_FOLDER/etl_pipeline.py', '--cfg-path', '/tmp/tmpd36lv9jb']
[2025-07-22T10:05:00.927+0000] {standard_task_runner.py:88} INFO - Job 134: Subtask Stage_events
[2025-07-22T10:05:01.344+0000] {task_command.py:423} INFO - Running <TaskInstance: tune_stream_dag.Stage_events scheduled__2023-01-01T09:00:00+00:00 [running]> on host a2a13a541787
[2025-07-22T10:05:01.777+0000] {taskinstance.py:2480} INFO - Exporting env vars: AIRFLOW_CTX_DAG_OWNER='genz-legend' AIRFLOW_CTX_DAG_ID='tune_stream_dag' AIRFLOW_CTX_TASK_ID='Stage_events' AIRFLOW_CTX_EXECUTION_DATE='2023-01-01T09:00:00+00:00' AIRFLOW_CTX_TRY_NUMBER='1' AIRFLOW_CTX_DAG_RUN_ID='scheduled__2023-01-01T09:00:00+00:00'
[2025-07-22T10:05:01.925+0000] {taskinstance.py:2698} ERROR - Task failed with exception
Traceback (most recent call last):
  File "/home/airflow/.local/lib/python3.8/site-packages/airflow/models/taskinstance.py", line 433, in _execute_task
    result = execute_callable(context=context, **execute_callable_kwargs)
  File "/home/airflow/.local/lib/python3.8/site-packages/airflow/operators/python.py", line 199, in execute
    return_value = self.execute_callable()
  File "/home/airflow/.local/lib/python3.8/site-packages/airflow/operators/python.py", line 216, in execute_callable
    return self.python_callable(*self.op_args, **self.op_kwargs)
  File "/opt/airflow/dags/etl_pipeline.py", line 77, in stage_events
    data = json.load(f)
  File "/usr/local/lib/python3.8/json/__init__.py", line 293, in load
    return loads(fp.read(),
  File "/usr/local/lib/python3.8/json/__init__.py", line 357, in loads
    return _default_decoder.decode(s)
  File "/usr/local/lib/python3.8/json/decoder.py", line 340, in decode
    raise JSONDecodeError("Extra data", s, end)
json.decoder.JSONDecodeError: Extra data: line 2 column 1 (char 457)
[2025-07-22T10:05:02.035+0000] {taskinstance.py:1138} INFO - Marking task as UP_FOR_RETRY. dag_id=tune_stream_dag, task_id=Stage_events, execution_date=20230101T090000, start_date=20250722T100459, end_date=20250722T100502
[2025-07-22T10:05:02.099+0000] {standard_task_runner.py:107} ERROR - Failed to execute job 134 for task Stage_events (Extra data: line 2 column 1 (char 457); 356)
[2025-07-22T10:05:02.170+0000] {local_task_job_runner.py:234} INFO - Task exited with return code 1
[2025-07-22T10:05:02.242+0000] {taskinstance.py:3280} INFO - 0 downstream tasks scheduled from follow-on schedule check
[2025-07-24T15:30:48.944+0000] {taskinstance.py:1956} INFO - Dependencies all met for dep_context=non-requeueable deps ti=<TaskInstance: tune_stream_dag.Stage_events scheduled__2023-01-01T09:00:00+00:00 [queued]>
[2025-07-24T15:30:48.991+0000] {taskinstance.py:1956} INFO - Dependencies all met for dep_context=requeueable deps ti=<TaskInstance: tune_stream_dag.Stage_events scheduled__2023-01-01T09:00:00+00:00 [queued]>
[2025-07-24T15:30:48.999+0000] {taskinstance.py:2170} INFO - Starting attempt 1 of 4
[2025-07-24T15:30:49.150+0000] {taskinstance.py:2191} INFO - Executing <Task(PythonOperator): Stage_events> on 2023-01-01 09:00:00+00:00
[2025-07-24T15:30:49.177+0000] {standard_task_runner.py:60} INFO - Started process 179 to run task
[2025-07-24T15:30:49.182+0000] {standard_task_runner.py:87} INFO - Running: ['***', 'tasks', 'run', 'tune_stream_dag', 'Stage_events', 'scheduled__2023-01-01T09:00:00+00:00', '--job-id', '976', '--raw', '--subdir', 'DAGS_FOLDER/etl_pipeline.py', '--cfg-path', '/tmp/tmpf_de5dq9']
[2025-07-24T15:30:49.193+0000] {standard_task_runner.py:88} INFO - Job 976: Subtask Stage_events
[2025-07-24T15:30:49.377+0000] {task_command.py:423} INFO - Running <TaskInstance: tune_stream_dag.Stage_events scheduled__2023-01-01T09:00:00+00:00 [running]> on host c53547d84df1
[2025-07-24T15:30:49.572+0000] {taskinstance.py:2480} INFO - Exporting env vars: AIRFLOW_CTX_DAG_OWNER='genz-legend' AIRFLOW_CTX_DAG_ID='tune_stream_dag' AIRFLOW_CTX_TASK_ID='Stage_events' AIRFLOW_CTX_EXECUTION_DATE='2023-01-01T09:00:00+00:00' AIRFLOW_CTX_TRY_NUMBER='1' AIRFLOW_CTX_DAG_RUN_ID='scheduled__2023-01-01T09:00:00+00:00'
[2025-07-24T15:32:41.576+0000] {python.py:201} INFO - Done. Returned value was: None
[2025-07-24T15:32:50.353+0000] {taskinstance.py:1138} INFO - Marking task as SUCCESS. dag_id=tune_stream_dag, task_id=Stage_events, execution_date=20230101T090000, start_date=20250724T153048, end_date=20250724T153250
[2025-07-24T15:32:51.801+0000] {local_task_job_runner.py:234} INFO - Task exited with return code 0
[2025-07-24T15:32:52.908+0000] {taskinstance.py:3280} INFO - 0 downstream tasks scheduled from follow-on schedule check
[2025-07-24T16:15:27.068+0000] {taskinstance.py:1956} INFO - Dependencies all met for dep_context=non-requeueable deps ti=<TaskInstance: tune_stream_dag.Stage_events scheduled__2023-01-01T09:00:00+00:00 [queued]>
[2025-07-24T16:15:27.116+0000] {taskinstance.py:1956} INFO - Dependencies all met for dep_context=requeueable deps ti=<TaskInstance: tune_stream_dag.Stage_events scheduled__2023-01-01T09:00:00+00:00 [queued]>
[2025-07-24T16:15:27.126+0000] {taskinstance.py:2170} INFO - Starting attempt 1 of 4
[2025-07-24T16:15:27.177+0000] {taskinstance.py:2191} INFO - Executing <Task(PythonOperator): Stage_events> on 2023-01-01 09:00:00+00:00
[2025-07-24T16:15:27.308+0000] {standard_task_runner.py:60} INFO - Started process 248 to run task
[2025-07-24T16:15:27.341+0000] {standard_task_runner.py:87} INFO - Running: ['***', 'tasks', 'run', 'tune_stream_dag', 'Stage_events', 'scheduled__2023-01-01T09:00:00+00:00', '--job-id', '1383', '--raw', '--subdir', 'DAGS_FOLDER/etl_pipeline.py', '--cfg-path', '/tmp/tmp9jc3shli']
[2025-07-24T16:15:27.362+0000] {standard_task_runner.py:88} INFO - Job 1383: Subtask Stage_events
[2025-07-24T16:15:27.744+0000] {task_command.py:423} INFO - Running <TaskInstance: tune_stream_dag.Stage_events scheduled__2023-01-01T09:00:00+00:00 [running]> on host c53547d84df1
[2025-07-24T16:15:28.009+0000] {taskinstance.py:2480} INFO - Exporting env vars: AIRFLOW_CTX_DAG_OWNER='genz-legend' AIRFLOW_CTX_DAG_ID='tune_stream_dag' AIRFLOW_CTX_TASK_ID='Stage_events' AIRFLOW_CTX_EXECUTION_DATE='2023-01-01T09:00:00+00:00' AIRFLOW_CTX_TRY_NUMBER='1' AIRFLOW_CTX_DAG_RUN_ID='scheduled__2023-01-01T09:00:00+00:00'
[2025-07-24T16:16:18.440+0000] {python.py:201} INFO - Done. Returned value was: None
[2025-07-24T16:16:18.464+0000] {taskinstance.py:1138} INFO - Marking task as SUCCESS. dag_id=tune_stream_dag, task_id=Stage_events, execution_date=20230101T090000, start_date=20250724T161527, end_date=20250724T161618
[2025-07-24T16:16:18.677+0000] {local_task_job_runner.py:234} INFO - Task exited with return code 0
[2025-07-24T16:16:19.774+0000] {taskinstance.py:3280} INFO - 1 downstream tasks scheduled from follow-on schedule check
[2025-07-24T16:55:10.895+0000] {taskinstance.py:1956} INFO - Dependencies all met for dep_context=non-requeueable deps ti=<TaskInstance: tune_stream_dag.Stage_events scheduled__2023-01-01T09:00:00+00:00 [queued]>
[2025-07-24T16:55:10.919+0000] {taskinstance.py:1956} INFO - Dependencies all met for dep_context=requeueable deps ti=<TaskInstance: tune_stream_dag.Stage_events scheduled__2023-01-01T09:00:00+00:00 [queued]>
[2025-07-24T16:55:10.921+0000] {taskinstance.py:2170} INFO - Starting attempt 1 of 4
[2025-07-24T16:55:10.961+0000] {taskinstance.py:2191} INFO - Executing <Task(PythonOperator): Stage_events> on 2023-01-01 09:00:00+00:00
[2025-07-24T16:55:10.984+0000] {standard_task_runner.py:60} INFO - Started process 225 to run task
[2025-07-24T16:55:10.988+0000] {standard_task_runner.py:87} INFO - Running: ['***', 'tasks', 'run', 'tune_stream_dag', 'Stage_events', 'scheduled__2023-01-01T09:00:00+00:00', '--job-id', '1772', '--raw', '--subdir', 'DAGS_FOLDER/etl_pipeline.py', '--cfg-path', '/tmp/tmp0hbs7mbc']
[2025-07-24T16:55:10.991+0000] {standard_task_runner.py:88} INFO - Job 1772: Subtask Stage_events
[2025-07-24T16:55:11.322+0000] {task_command.py:423} INFO - Running <TaskInstance: tune_stream_dag.Stage_events scheduled__2023-01-01T09:00:00+00:00 [running]> on host 5def55d2a1b5
[2025-07-24T16:55:11.473+0000] {taskinstance.py:2480} INFO - Exporting env vars: AIRFLOW_CTX_DAG_OWNER='genz-legend' AIRFLOW_CTX_DAG_ID='tune_stream_dag' AIRFLOW_CTX_TASK_ID='Stage_events' AIRFLOW_CTX_EXECUTION_DATE='2023-01-01T09:00:00+00:00' AIRFLOW_CTX_TRY_NUMBER='1' AIRFLOW_CTX_DAG_RUN_ID='scheduled__2023-01-01T09:00:00+00:00'
[2025-07-24T16:55:45.000+0000] {python.py:201} INFO - Done. Returned value was: None
[2025-07-24T16:55:45.057+0000] {taskinstance.py:1138} INFO - Marking task as SUCCESS. dag_id=tune_stream_dag, task_id=Stage_events, execution_date=20230101T090000, start_date=20250724T165510, end_date=20250724T165545
[2025-07-24T16:55:46.476+0000] {local_task_job_runner.py:234} INFO - Task exited with return code 0
[2025-07-24T16:55:46.534+0000] {taskinstance.py:3280} INFO - 1 downstream tasks scheduled from follow-on schedule check
