[2025-07-24T15:49:40.332+0000] {taskinstance.py:1956} INFO - Dependencies all met for dep_context=non-requeueable deps ti=<TaskInstance: tune_stream_dag.Load_song_dim_table scheduled__2023-01-01T16:00:00+00:00 [queued]>
[2025-07-24T15:49:40.343+0000] {taskinstance.py:1956} INFO - Dependencies all met for dep_context=requeueable deps ti=<TaskInstance: tune_stream_dag.Load_song_dim_table scheduled__2023-01-01T16:00:00+00:00 [queued]>
[2025-07-24T15:49:40.344+0000] {taskinstance.py:2170} INFO - Starting attempt 1 of 4
[2025-07-24T15:49:40.368+0000] {taskinstance.py:2191} INFO - Executing <Task(PythonOperator): Load_song_dim_table> on 2023-01-01 16:00:00+00:00
[2025-07-24T15:49:40.376+0000] {standard_task_runner.py:60} INFO - Started process 1014 to run task
[2025-07-24T15:49:40.380+0000] {standard_task_runner.py:87} INFO - Running: ['***', 'tasks', 'run', 'tune_stream_dag', 'Load_song_dim_table', 'scheduled__2023-01-01T16:00:00+00:00', '--job-id', '1170', '--raw', '--subdir', 'DAGS_FOLDER/etl_pipeline.py', '--cfg-path', '/tmp/tmpw4qinesi']
[2025-07-24T15:49:40.384+0000] {standard_task_runner.py:88} INFO - Job 1170: Subtask Load_song_dim_table
[2025-07-24T15:49:40.461+0000] {task_command.py:423} INFO - Running <TaskInstance: tune_stream_dag.Load_song_dim_table scheduled__2023-01-01T16:00:00+00:00 [running]> on host c53547d84df1
[2025-07-24T15:49:40.541+0000] {taskinstance.py:2480} INFO - Exporting env vars: AIRFLOW_CTX_DAG_OWNER='genz-legend' AIRFLOW_CTX_DAG_ID='tune_stream_dag' AIRFLOW_CTX_TASK_ID='Load_song_dim_table' AIRFLOW_CTX_EXECUTION_DATE='2023-01-01T16:00:00+00:00' AIRFLOW_CTX_TRY_NUMBER='1' AIRFLOW_CTX_DAG_RUN_ID='scheduled__2023-01-01T16:00:00+00:00'
[2025-07-24T15:49:40.552+0000] {python.py:201} INFO - Done. Returned value was: None
[2025-07-24T15:49:40.561+0000] {taskinstance.py:1138} INFO - Marking task as SUCCESS. dag_id=tune_stream_dag, task_id=Load_song_dim_table, execution_date=20230101T160000, start_date=20250724T154940, end_date=20250724T154940
[2025-07-24T15:49:40.594+0000] {local_task_job_runner.py:234} INFO - Task exited with return code 0
[2025-07-24T15:49:40.639+0000] {taskinstance.py:3280} INFO - 0 downstream tasks scheduled from follow-on schedule check
[2025-07-24T16:33:58.863+0000] {taskinstance.py:1956} INFO - Dependencies all met for dep_context=non-requeueable deps ti=<TaskInstance: tune_stream_dag.Load_song_dim_table scheduled__2023-01-01T16:00:00+00:00 [queued]>
[2025-07-24T16:33:58.874+0000] {taskinstance.py:1956} INFO - Dependencies all met for dep_context=requeueable deps ti=<TaskInstance: tune_stream_dag.Load_song_dim_table scheduled__2023-01-01T16:00:00+00:00 [queued]>
[2025-07-24T16:33:58.875+0000] {taskinstance.py:2170} INFO - Starting attempt 1 of 4
[2025-07-24T16:33:58.915+0000] {taskinstance.py:2191} INFO - Executing <Task(PythonOperator): Load_song_dim_table> on 2023-01-01 16:00:00+00:00
[2025-07-24T16:33:58.926+0000] {standard_task_runner.py:60} INFO - Started process 1147 to run task
[2025-07-24T16:33:58.929+0000] {standard_task_runner.py:87} INFO - Running: ['***', 'tasks', 'run', 'tune_stream_dag', 'Load_song_dim_table', 'scheduled__2023-01-01T16:00:00+00:00', '--job-id', '1596', '--raw', '--subdir', 'DAGS_FOLDER/etl_pipeline.py', '--cfg-path', '/tmp/tmplcxvnlm3']
[2025-07-24T16:33:58.936+0000] {standard_task_runner.py:88} INFO - Job 1596: Subtask Load_song_dim_table
[2025-07-24T16:33:59.056+0000] {task_command.py:423} INFO - Running <TaskInstance: tune_stream_dag.Load_song_dim_table scheduled__2023-01-01T16:00:00+00:00 [running]> on host c53547d84df1
[2025-07-24T16:33:59.190+0000] {taskinstance.py:2480} INFO - Exporting env vars: AIRFLOW_CTX_DAG_OWNER='genz-legend' AIRFLOW_CTX_DAG_ID='tune_stream_dag' AIRFLOW_CTX_TASK_ID='Load_song_dim_table' AIRFLOW_CTX_EXECUTION_DATE='2023-01-01T16:00:00+00:00' AIRFLOW_CTX_TRY_NUMBER='1' AIRFLOW_CTX_DAG_RUN_ID='scheduled__2023-01-01T16:00:00+00:00'
[2025-07-24T16:33:59.219+0000] {python.py:201} INFO - Done. Returned value was: None
[2025-07-24T16:33:59.234+0000] {taskinstance.py:1138} INFO - Marking task as SUCCESS. dag_id=tune_stream_dag, task_id=Load_song_dim_table, execution_date=20230101T160000, start_date=20250724T163358, end_date=20250724T163359
[2025-07-24T16:33:59.309+0000] {local_task_job_runner.py:234} INFO - Task exited with return code 0
[2025-07-24T16:33:59.344+0000] {taskinstance.py:3280} INFO - 0 downstream tasks scheduled from follow-on schedule check
[2025-07-24T17:12:19.363+0000] {taskinstance.py:1956} INFO - Dependencies all met for dep_context=non-requeueable deps ti=<TaskInstance: tune_stream_dag.Load_song_dim_table scheduled__2023-01-01T16:00:00+00:00 [queued]>
[2025-07-24T17:12:19.379+0000] {taskinstance.py:1956} INFO - Dependencies all met for dep_context=requeueable deps ti=<TaskInstance: tune_stream_dag.Load_song_dim_table scheduled__2023-01-01T16:00:00+00:00 [queued]>
[2025-07-24T17:12:19.380+0000] {taskinstance.py:2170} INFO - Starting attempt 1 of 4
[2025-07-24T17:12:19.397+0000] {taskinstance.py:2191} INFO - Executing <Task(PythonOperator): Load_song_dim_table> on 2023-01-01 16:00:00+00:00
[2025-07-24T17:12:19.409+0000] {standard_task_runner.py:60} INFO - Started process 995 to run task
[2025-07-24T17:12:19.419+0000] {standard_task_runner.py:87} INFO - Running: ['***', 'tasks', 'run', 'tune_stream_dag', 'Load_song_dim_table', 'scheduled__2023-01-01T16:00:00+00:00', '--job-id', '1946', '--raw', '--subdir', 'DAGS_FOLDER/etl_pipeline.py', '--cfg-path', '/tmp/tmpp654btr9']
[2025-07-24T17:12:19.430+0000] {standard_task_runner.py:88} INFO - Job 1946: Subtask Load_song_dim_table
[2025-07-24T17:12:19.582+0000] {task_command.py:423} INFO - Running <TaskInstance: tune_stream_dag.Load_song_dim_table scheduled__2023-01-01T16:00:00+00:00 [running]> on host 5def55d2a1b5
[2025-07-24T17:12:19.740+0000] {taskinstance.py:2480} INFO - Exporting env vars: AIRFLOW_CTX_DAG_OWNER='genz-legend' AIRFLOW_CTX_DAG_ID='tune_stream_dag' AIRFLOW_CTX_TASK_ID='Load_song_dim_table' AIRFLOW_CTX_EXECUTION_DATE='2023-01-01T16:00:00+00:00' AIRFLOW_CTX_TRY_NUMBER='1' AIRFLOW_CTX_DAG_RUN_ID='scheduled__2023-01-01T16:00:00+00:00'
[2025-07-24T17:12:19.766+0000] {python.py:201} INFO - Done. Returned value was: None
[2025-07-24T17:12:19.784+0000] {taskinstance.py:1138} INFO - Marking task as SUCCESS. dag_id=tune_stream_dag, task_id=Load_song_dim_table, execution_date=20230101T160000, start_date=20250724T171219, end_date=20250724T171219
[2025-07-24T17:12:19.836+0000] {local_task_job_runner.py:234} INFO - Task exited with return code 0
[2025-07-24T17:12:19.899+0000] {taskinstance.py:3280} INFO - 0 downstream tasks scheduled from follow-on schedule check
