[2025-07-22T10:00:58.838+0000] {taskinstance.py:1956} INFO - Dependencies all met for dep_context=non-requeueable deps ti=<TaskInstance: tune_stream_dag.Stage_events scheduled__2023-01-01T04:00:00+00:00 [queued]>
[2025-07-22T10:00:58.950+0000] {taskinstance.py:1956} INFO - Dependencies all met for dep_context=requeueable deps ti=<TaskInstance: tune_stream_dag.Stage_events scheduled__2023-01-01T04:00:00+00:00 [queued]>
[2025-07-22T10:00:59.070+0000] {taskinstance.py:2170} INFO - Starting attempt 1 of 4
[2025-07-22T10:01:07.186+0000] {taskinstance.py:2191} INFO - Executing <Task(PythonOperator): Stage_events> on 2023-01-01 04:00:00+00:00
[2025-07-22T10:01:07.878+0000] {standard_task_runner.py:60} INFO - Started process 269 to run task
[2025-07-22T10:01:09.535+0000] {standard_task_runner.py:87} INFO - Running: ['***', 'tasks', 'run', 'tune_stream_dag', 'Stage_events', 'scheduled__2023-01-01T04:00:00+00:00', '--job-id', '105', '--raw', '--subdir', 'DAGS_FOLDER/etl_pipeline.py', '--cfg-path', '/tmp/tmpegfahlug']
[2025-07-22T10:01:12.245+0000] {standard_task_runner.py:88} INFO - Job 105: Subtask Stage_events
[2025-07-22T10:02:39.245+0000] {task_command.py:423} INFO - Running <TaskInstance: tune_stream_dag.Stage_events scheduled__2023-01-01T04:00:00+00:00 [running]> on host a2a13a541787
[2025-07-22T10:02:49.538+0000] {taskinstance.py:2480} INFO - Exporting env vars: AIRFLOW_CTX_DAG_OWNER='genz-legend' AIRFLOW_CTX_DAG_ID='tune_stream_dag' AIRFLOW_CTX_TASK_ID='Stage_events' AIRFLOW_CTX_EXECUTION_DATE='2023-01-01T04:00:00+00:00' AIRFLOW_CTX_TRY_NUMBER='1' AIRFLOW_CTX_DAG_RUN_ID='scheduled__2023-01-01T04:00:00+00:00'
[2025-07-22T10:02:50.484+0000] {taskinstance.py:2698} ERROR - Task failed with exception
Traceback (most recent call last):
  File "/home/airflow/.local/lib/python3.8/site-packages/airflow/models/taskinstance.py", line 433, in _execute_task
    result = execute_callable(context=context, **execute_callable_kwargs)
  File "/home/airflow/.local/lib/python3.8/site-packages/airflow/operators/python.py", line 199, in execute
    return_value = self.execute_callable()
  File "/home/airflow/.local/lib/python3.8/site-packages/airflow/operators/python.py", line 216, in execute_callable
    return self.python_callable(*self.op_args, **self.op_kwargs)
  File "/opt/airflow/dags/etl_pipeline.py", line 77, in stage_events
    data = json.load(f)
  File "/usr/local/lib/python3.8/json/__init__.py", line 293, in load
    return loads(fp.read(),
  File "/usr/local/lib/python3.8/json/__init__.py", line 357, in loads
    return _default_decoder.decode(s)
  File "/usr/local/lib/python3.8/json/decoder.py", line 340, in decode
    raise JSONDecodeError("Extra data", s, end)
json.decoder.JSONDecodeError: Extra data: line 2 column 1 (char 457)
[2025-07-22T10:02:51.919+0000] {taskinstance.py:1138} INFO - Marking task as UP_FOR_RETRY. dag_id=tune_stream_dag, task_id=Stage_events, execution_date=20230101T040000, start_date=20250722T100058, end_date=20250722T100251
[2025-07-22T10:02:52.165+0000] {standard_task_runner.py:107} ERROR - Failed to execute job 105 for task Stage_events (Extra data: line 2 column 1 (char 457); 269)
[2025-07-22T10:02:52.217+0000] {local_task_job_runner.py:234} INFO - Task exited with return code 1
[2025-07-22T10:02:52.271+0000] {taskinstance.py:3280} INFO - 0 downstream tasks scheduled from follow-on schedule check
[2025-07-24T15:30:40.999+0000] {taskinstance.py:1956} INFO - Dependencies all met for dep_context=non-requeueable deps ti=<TaskInstance: tune_stream_dag.Stage_events scheduled__2023-01-01T04:00:00+00:00 [queued]>
[2025-07-24T15:30:41.024+0000] {taskinstance.py:1956} INFO - Dependencies all met for dep_context=requeueable deps ti=<TaskInstance: tune_stream_dag.Stage_events scheduled__2023-01-01T04:00:00+00:00 [queued]>
[2025-07-24T15:30:41.025+0000] {taskinstance.py:2170} INFO - Starting attempt 1 of 4
[2025-07-24T15:30:41.058+0000] {taskinstance.py:2191} INFO - Executing <Task(PythonOperator): Stage_events> on 2023-01-01 04:00:00+00:00
[2025-07-24T15:30:41.105+0000] {standard_task_runner.py:60} INFO - Started process 153 to run task
[2025-07-24T15:30:41.178+0000] {standard_task_runner.py:87} INFO - Running: ['***', 'tasks', 'run', 'tune_stream_dag', 'Stage_events', 'scheduled__2023-01-01T04:00:00+00:00', '--job-id', '968', '--raw', '--subdir', 'DAGS_FOLDER/etl_pipeline.py', '--cfg-path', '/tmp/tmpxrz3pz8t']
[2025-07-24T15:30:41.219+0000] {standard_task_runner.py:88} INFO - Job 968: Subtask Stage_events
[2025-07-24T15:30:41.637+0000] {task_command.py:423} INFO - Running <TaskInstance: tune_stream_dag.Stage_events scheduled__2023-01-01T04:00:00+00:00 [running]> on host c53547d84df1
[2025-07-24T15:30:41.928+0000] {taskinstance.py:2480} INFO - Exporting env vars: AIRFLOW_CTX_DAG_OWNER='genz-legend' AIRFLOW_CTX_DAG_ID='tune_stream_dag' AIRFLOW_CTX_TASK_ID='Stage_events' AIRFLOW_CTX_EXECUTION_DATE='2023-01-01T04:00:00+00:00' AIRFLOW_CTX_TRY_NUMBER='1' AIRFLOW_CTX_DAG_RUN_ID='scheduled__2023-01-01T04:00:00+00:00'
[2025-07-24T15:31:12.737+0000] {python.py:201} INFO - Done. Returned value was: None
[2025-07-24T15:31:12.755+0000] {taskinstance.py:1138} INFO - Marking task as SUCCESS. dag_id=tune_stream_dag, task_id=Stage_events, execution_date=20230101T040000, start_date=20250724T153041, end_date=20250724T153112
[2025-07-24T15:31:12.866+0000] {local_task_job_runner.py:234} INFO - Task exited with return code 0
[2025-07-24T15:31:12.907+0000] {taskinstance.py:3280} INFO - 1 downstream tasks scheduled from follow-on schedule check
[2025-07-24T16:12:53.438+0000] {taskinstance.py:1956} INFO - Dependencies all met for dep_context=non-requeueable deps ti=<TaskInstance: tune_stream_dag.Stage_events scheduled__2023-01-01T04:00:00+00:00 [queued]>
[2025-07-24T16:12:53.554+0000] {taskinstance.py:1956} INFO - Dependencies all met for dep_context=requeueable deps ti=<TaskInstance: tune_stream_dag.Stage_events scheduled__2023-01-01T04:00:00+00:00 [queued]>
[2025-07-24T16:12:53.554+0000] {taskinstance.py:2170} INFO - Starting attempt 1 of 4
[2025-07-24T16:13:18.542+0000] {taskinstance.py:2191} INFO - Executing <Task(PythonOperator): Stage_events> on 2023-01-01 04:00:00+00:00
[2025-07-24T16:13:18.917+0000] {standard_task_runner.py:60} INFO - Started process 185 to run task
[2025-07-24T16:13:19.085+0000] {standard_task_runner.py:87} INFO - Running: ['***', 'tasks', 'run', 'tune_stream_dag', 'Stage_events', 'scheduled__2023-01-01T04:00:00+00:00', '--job-id', '1369', '--raw', '--subdir', 'DAGS_FOLDER/etl_pipeline.py', '--cfg-path', '/tmp/tmpeoie_94w']
[2025-07-24T16:13:19.091+0000] {standard_task_runner.py:88} INFO - Job 1369: Subtask Stage_events
[2025-07-24T16:13:22.233+0000] {task_command.py:423} INFO - Running <TaskInstance: tune_stream_dag.Stage_events scheduled__2023-01-01T04:00:00+00:00 [running]> on host c53547d84df1
[2025-07-24T16:13:23.819+0000] {taskinstance.py:2480} INFO - Exporting env vars: AIRFLOW_CTX_DAG_OWNER='genz-legend' AIRFLOW_CTX_DAG_ID='tune_stream_dag' AIRFLOW_CTX_TASK_ID='Stage_events' AIRFLOW_CTX_EXECUTION_DATE='2023-01-01T04:00:00+00:00' AIRFLOW_CTX_TRY_NUMBER='1' AIRFLOW_CTX_DAG_RUN_ID='scheduled__2023-01-01T04:00:00+00:00'
[2025-07-24T16:15:48.908+0000] {python.py:201} INFO - Done. Returned value was: None
[2025-07-24T16:15:49.823+0000] {taskinstance.py:1138} INFO - Marking task as SUCCESS. dag_id=tune_stream_dag, task_id=Stage_events, execution_date=20230101T040000, start_date=20250724T161253, end_date=20250724T161549
[2025-07-24T16:15:51.214+0000] {local_task_job_runner.py:234} INFO - Task exited with return code 0
[2025-07-24T16:15:56.427+0000] {taskinstance.py:3280} INFO - 0 downstream tasks scheduled from follow-on schedule check
[2025-07-24T16:54:34.129+0000] {taskinstance.py:1956} INFO - Dependencies all met for dep_context=non-requeueable deps ti=<TaskInstance: tune_stream_dag.Stage_events scheduled__2023-01-01T04:00:00+00:00 [queued]>
[2025-07-24T16:54:34.154+0000] {taskinstance.py:1956} INFO - Dependencies all met for dep_context=requeueable deps ti=<TaskInstance: tune_stream_dag.Stage_events scheduled__2023-01-01T04:00:00+00:00 [queued]>
[2025-07-24T16:54:34.155+0000] {taskinstance.py:2170} INFO - Starting attempt 1 of 4
[2025-07-24T16:54:34.190+0000] {taskinstance.py:2191} INFO - Executing <Task(PythonOperator): Stage_events> on 2023-01-01 04:00:00+00:00
[2025-07-24T16:54:34.307+0000] {standard_task_runner.py:60} INFO - Started process 178 to run task
[2025-07-24T16:54:34.332+0000] {standard_task_runner.py:87} INFO - Running: ['***', 'tasks', 'run', 'tune_stream_dag', 'Stage_events', 'scheduled__2023-01-01T04:00:00+00:00', '--job-id', '1759', '--raw', '--subdir', 'DAGS_FOLDER/etl_pipeline.py', '--cfg-path', '/tmp/tmpkzkw5y1l']
[2025-07-24T16:54:34.366+0000] {standard_task_runner.py:88} INFO - Job 1759: Subtask Stage_events
[2025-07-24T16:54:34.986+0000] {task_command.py:423} INFO - Running <TaskInstance: tune_stream_dag.Stage_events scheduled__2023-01-01T04:00:00+00:00 [running]> on host 5def55d2a1b5
[2025-07-24T16:54:36.034+0000] {taskinstance.py:2480} INFO - Exporting env vars: AIRFLOW_CTX_DAG_OWNER='genz-legend' AIRFLOW_CTX_DAG_ID='tune_stream_dag' AIRFLOW_CTX_TASK_ID='Stage_events' AIRFLOW_CTX_EXECUTION_DATE='2023-01-01T04:00:00+00:00' AIRFLOW_CTX_TRY_NUMBER='1' AIRFLOW_CTX_DAG_RUN_ID='scheduled__2023-01-01T04:00:00+00:00'
[2025-07-24T16:55:17.526+0000] {python.py:201} INFO - Done. Returned value was: None
[2025-07-24T16:55:17.654+0000] {taskinstance.py:1138} INFO - Marking task as SUCCESS. dag_id=tune_stream_dag, task_id=Stage_events, execution_date=20230101T040000, start_date=20250724T165434, end_date=20250724T165517
[2025-07-24T16:55:18.500+0000] {local_task_job_runner.py:234} INFO - Task exited with return code 0
[2025-07-24T16:55:19.179+0000] {taskinstance.py:3280} INFO - 0 downstream tasks scheduled from follow-on schedule check
