[2025-07-24T14:14:04.106+0000] {taskinstance.py:1956} INFO - Dependencies all met for dep_context=non-requeueable deps ti=<TaskInstance: tune_stream_dag.Stage_songs scheduled__2023-01-03T05:00:00+00:00 [queued]>
[2025-07-24T14:14:04.131+0000] {taskinstance.py:1956} INFO - Dependencies all met for dep_context=requeueable deps ti=<TaskInstance: tune_stream_dag.Stage_songs scheduled__2023-01-03T05:00:00+00:00 [queued]>
[2025-07-24T14:14:04.135+0000] {taskinstance.py:2170} INFO - Starting attempt 1 of 4
[2025-07-24T14:14:04.211+0000] {taskinstance.py:2191} INFO - Executing <Task(PythonOperator): Stage_songs> on 2023-01-03 05:00:00+00:00
[2025-07-24T14:14:04.256+0000] {standard_task_runner.py:60} INFO - Started process 348 to run task
[2025-07-24T14:14:04.324+0000] {standard_task_runner.py:87} INFO - Running: ['***', 'tasks', 'run', 'tune_stream_dag', 'Stage_songs', 'scheduled__2023-01-03T05:00:00+00:00', '--job-id', '472', '--raw', '--subdir', 'DAGS_FOLDER/etl_pipeline.py', '--cfg-path', '/tmp/tmpgea9jvmb']
[2025-07-24T14:14:04.339+0000] {standard_task_runner.py:88} INFO - Job 472: Subtask Stage_songs
[2025-07-24T14:14:04.613+0000] {task_command.py:423} INFO - Running <TaskInstance: tune_stream_dag.Stage_songs scheduled__2023-01-03T05:00:00+00:00 [running]> on host aea62fae55be
[2025-07-24T14:14:05.174+0000] {taskinstance.py:2480} INFO - Exporting env vars: AIRFLOW_CTX_DAG_OWNER='genz-legend' AIRFLOW_CTX_DAG_ID='tune_stream_dag' AIRFLOW_CTX_TASK_ID='Stage_songs' AIRFLOW_CTX_EXECUTION_DATE='2023-01-03T05:00:00+00:00' AIRFLOW_CTX_TRY_NUMBER='1' AIRFLOW_CTX_DAG_RUN_ID='scheduled__2023-01-03T05:00:00+00:00'
[2025-07-24T14:14:08.632+0000] {python.py:201} INFO - Done. Returned value was: None
[2025-07-24T14:14:08.664+0000] {taskinstance.py:1138} INFO - Marking task as SUCCESS. dag_id=tune_stream_dag, task_id=Stage_songs, execution_date=20230103T050000, start_date=20250724T141404, end_date=20250724T141408
[2025-07-24T14:14:08.991+0000] {local_task_job_runner.py:234} INFO - Task exited with return code 0
[2025-07-24T14:14:09.060+0000] {taskinstance.py:3280} INFO - 0 downstream tasks scheduled from follow-on schedule check
[2025-07-24T17:23:28.470+0000] {taskinstance.py:1956} INFO - Dependencies all met for dep_context=non-requeueable deps ti=<TaskInstance: tune_stream_dag.Stage_songs scheduled__2023-01-03T05:00:00+00:00 [queued]>
[2025-07-24T17:23:28.477+0000] {taskinstance.py:1956} INFO - Dependencies all met for dep_context=requeueable deps ti=<TaskInstance: tune_stream_dag.Stage_songs scheduled__2023-01-03T05:00:00+00:00 [queued]>
[2025-07-24T17:23:28.478+0000] {taskinstance.py:2170} INFO - Starting attempt 1 of 4
[2025-07-24T17:23:28.502+0000] {taskinstance.py:2191} INFO - Executing <Task(PythonOperator): Stage_songs> on 2023-01-03 05:00:00+00:00
[2025-07-24T17:23:28.527+0000] {standard_task_runner.py:60} INFO - Started process 2006 to run task
[2025-07-24T17:23:28.535+0000] {standard_task_runner.py:87} INFO - Running: ['***', 'tasks', 'run', 'tune_stream_dag', 'Stage_songs', 'scheduled__2023-01-03T05:00:00+00:00', '--job-id', '2234', '--raw', '--subdir', 'DAGS_FOLDER/etl_pipeline.py', '--cfg-path', '/tmp/tmpk0y_20v0']
[2025-07-24T17:23:28.545+0000] {standard_task_runner.py:88} INFO - Job 2234: Subtask Stage_songs
[2025-07-24T17:23:28.696+0000] {task_command.py:423} INFO - Running <TaskInstance: tune_stream_dag.Stage_songs scheduled__2023-01-03T05:00:00+00:00 [running]> on host 5def55d2a1b5
[2025-07-24T17:23:28.989+0000] {taskinstance.py:2480} INFO - Exporting env vars: AIRFLOW_CTX_DAG_OWNER='genz-legend' AIRFLOW_CTX_DAG_ID='tune_stream_dag' AIRFLOW_CTX_TASK_ID='Stage_songs' AIRFLOW_CTX_EXECUTION_DATE='2023-01-03T05:00:00+00:00' AIRFLOW_CTX_TRY_NUMBER='1' AIRFLOW_CTX_DAG_RUN_ID='scheduled__2023-01-03T05:00:00+00:00'
[2025-07-24T17:23:30.575+0000] {python.py:201} INFO - Done. Returned value was: None
[2025-07-24T17:23:30.599+0000] {taskinstance.py:1138} INFO - Marking task as SUCCESS. dag_id=tune_stream_dag, task_id=Stage_songs, execution_date=20230103T050000, start_date=20250724T172328, end_date=20250724T172330
[2025-07-24T17:23:31.112+0000] {local_task_job_runner.py:234} INFO - Task exited with return code 0
[2025-07-24T17:23:31.184+0000] {taskinstance.py:3280} INFO - 0 downstream tasks scheduled from follow-on schedule check
