[2025-07-24T15:22:49.839+0000] {taskinstance.py:1956} INFO - Dependencies all met for dep_context=non-requeueable deps ti=<TaskInstance: tune_stream_dag.Load_song_dim_table scheduled__2023-01-05T08:00:00+00:00 [queued]>
[2025-07-24T15:22:49.881+0000] {taskinstance.py:1956} INFO - Dependencies all met for dep_context=requeueable deps ti=<TaskInstance: tune_stream_dag.Load_song_dim_table scheduled__2023-01-05T08:00:00+00:00 [queued]>
[2025-07-24T15:22:49.882+0000] {taskinstance.py:2170} INFO - Starting attempt 1 of 4
[2025-07-24T15:22:49.940+0000] {taskinstance.py:2191} INFO - Executing <Task(PythonOperator): Load_song_dim_table> on 2023-01-05 08:00:00+00:00
[2025-07-24T15:22:49.964+0000] {standard_task_runner.py:60} INFO - Started process 856 to run task
[2025-07-24T15:22:49.974+0000] {standard_task_runner.py:87} INFO - Running: ['***', 'tasks', 'run', 'tune_stream_dag', 'Load_song_dim_table', 'scheduled__2023-01-05T08:00:00+00:00', '--job-id', '884', '--raw', '--subdir', 'DAGS_FOLDER/etl_pipeline.py', '--cfg-path', '/tmp/tmpzd2n6fxm']
[2025-07-24T15:22:50.040+0000] {standard_task_runner.py:88} INFO - Job 884: Subtask Load_song_dim_table
[2025-07-24T15:22:50.402+0000] {task_command.py:423} INFO - Running <TaskInstance: tune_stream_dag.Load_song_dim_table scheduled__2023-01-05T08:00:00+00:00 [running]> on host c53547d84df1
[2025-07-24T15:22:50.799+0000] {taskinstance.py:2480} INFO - Exporting env vars: AIRFLOW_CTX_DAG_OWNER='genz-legend' AIRFLOW_CTX_DAG_ID='tune_stream_dag' AIRFLOW_CTX_TASK_ID='Load_song_dim_table' AIRFLOW_CTX_EXECUTION_DATE='2023-01-05T08:00:00+00:00' AIRFLOW_CTX_TRY_NUMBER='1' AIRFLOW_CTX_DAG_RUN_ID='scheduled__2023-01-05T08:00:00+00:00'
[2025-07-24T15:22:50.844+0000] {python.py:201} INFO - Done. Returned value was: None
[2025-07-24T15:22:50.862+0000] {taskinstance.py:1138} INFO - Marking task as SUCCESS. dag_id=tune_stream_dag, task_id=Load_song_dim_table, execution_date=20230105T080000, start_date=20250724T152249, end_date=20250724T152250
[2025-07-24T15:22:51.632+0000] {local_task_job_runner.py:234} INFO - Task exited with return code 0
[2025-07-24T15:22:51.820+0000] {taskinstance.py:3280} INFO - 0 downstream tasks scheduled from follow-on schedule check
[2025-07-24T17:33:39.197+0000] {taskinstance.py:1956} INFO - Dependencies all met for dep_context=non-requeueable deps ti=<TaskInstance: tune_stream_dag.Load_song_dim_table scheduled__2023-01-05T08:00:00+00:00 [queued]>
[2025-07-24T17:33:39.234+0000] {taskinstance.py:1956} INFO - Dependencies all met for dep_context=requeueable deps ti=<TaskInstance: tune_stream_dag.Load_song_dim_table scheduled__2023-01-05T08:00:00+00:00 [queued]>
[2025-07-24T17:33:39.245+0000] {taskinstance.py:2170} INFO - Starting attempt 1 of 4
[2025-07-24T17:33:39.322+0000] {taskinstance.py:2191} INFO - Executing <Task(PythonOperator): Load_song_dim_table> on 2023-01-05 08:00:00+00:00
[2025-07-24T17:33:39.379+0000] {standard_task_runner.py:60} INFO - Started process 3526 to run task
[2025-07-24T17:33:39.398+0000] {standard_task_runner.py:87} INFO - Running: ['***', 'tasks', 'run', 'tune_stream_dag', 'Load_song_dim_table', 'scheduled__2023-01-05T08:00:00+00:00', '--job-id', '2697', '--raw', '--subdir', 'DAGS_FOLDER/etl_pipeline.py', '--cfg-path', '/tmp/tmp586ste35']
[2025-07-24T17:33:39.423+0000] {standard_task_runner.py:88} INFO - Job 2697: Subtask Load_song_dim_table
[2025-07-24T17:33:39.750+0000] {task_command.py:423} INFO - Running <TaskInstance: tune_stream_dag.Load_song_dim_table scheduled__2023-01-05T08:00:00+00:00 [running]> on host 5def55d2a1b5
[2025-07-24T17:33:40.420+0000] {taskinstance.py:2480} INFO - Exporting env vars: AIRFLOW_CTX_DAG_OWNER='genz-legend' AIRFLOW_CTX_DAG_ID='tune_stream_dag' AIRFLOW_CTX_TASK_ID='Load_song_dim_table' AIRFLOW_CTX_EXECUTION_DATE='2023-01-05T08:00:00+00:00' AIRFLOW_CTX_TRY_NUMBER='1' AIRFLOW_CTX_DAG_RUN_ID='scheduled__2023-01-05T08:00:00+00:00'
[2025-07-24T17:33:40.497+0000] {python.py:201} INFO - Done. Returned value was: None
[2025-07-24T17:33:40.529+0000] {taskinstance.py:1138} INFO - Marking task as SUCCESS. dag_id=tune_stream_dag, task_id=Load_song_dim_table, execution_date=20230105T080000, start_date=20250724T173339, end_date=20250724T173340
[2025-07-24T17:33:40.672+0000] {local_task_job_runner.py:234} INFO - Task exited with return code 0
[2025-07-24T17:33:41.022+0000] {taskinstance.py:3280} INFO - 0 downstream tasks scheduled from follow-on schedule check
