[2025-07-24T14:29:07.317+0000] {taskinstance.py:1956} INFO - Dependencies all met for dep_context=non-requeueable deps ti=<TaskInstance: tune_stream_dag.Stage_songs scheduled__2023-01-03T12:00:00+00:00 [queued]>
[2025-07-24T14:29:07.329+0000] {taskinstance.py:1956} INFO - Dependencies all met for dep_context=requeueable deps ti=<TaskInstance: tune_stream_dag.Stage_songs scheduled__2023-01-03T12:00:00+00:00 [queued]>
[2025-07-24T14:29:07.330+0000] {taskinstance.py:2170} INFO - Starting attempt 1 of 4
[2025-07-24T14:29:07.355+0000] {taskinstance.py:2191} INFO - Executing <Task(PythonOperator): Stage_songs> on 2023-01-03 12:00:00+00:00
[2025-07-24T14:29:07.372+0000] {standard_task_runner.py:60} INFO - Started process 761 to run task
[2025-07-24T14:29:07.386+0000] {standard_task_runner.py:87} INFO - Running: ['***', 'tasks', 'run', 'tune_stream_dag', 'Stage_songs', 'scheduled__2023-01-03T12:00:00+00:00', '--job-id', '537', '--raw', '--subdir', 'DAGS_FOLDER/etl_pipeline.py', '--cfg-path', '/tmp/tmps53jliwu']
[2025-07-24T14:29:07.396+0000] {standard_task_runner.py:88} INFO - Job 537: Subtask Stage_songs
[2025-07-24T14:29:07.518+0000] {task_command.py:423} INFO - Running <TaskInstance: tune_stream_dag.Stage_songs scheduled__2023-01-03T12:00:00+00:00 [running]> on host aea62fae55be
[2025-07-24T14:29:07.639+0000] {taskinstance.py:2480} INFO - Exporting env vars: AIRFLOW_CTX_DAG_OWNER='genz-legend' AIRFLOW_CTX_DAG_ID='tune_stream_dag' AIRFLOW_CTX_TASK_ID='Stage_songs' AIRFLOW_CTX_EXECUTION_DATE='2023-01-03T12:00:00+00:00' AIRFLOW_CTX_TRY_NUMBER='1' AIRFLOW_CTX_DAG_RUN_ID='scheduled__2023-01-03T12:00:00+00:00'
[2025-07-24T14:29:08.338+0000] {python.py:201} INFO - Done. Returned value was: None
[2025-07-24T14:29:08.355+0000] {taskinstance.py:1138} INFO - Marking task as SUCCESS. dag_id=tune_stream_dag, task_id=Stage_songs, execution_date=20230103T120000, start_date=20250724T142907, end_date=20250724T142908
[2025-07-24T14:29:08.400+0000] {local_task_job_runner.py:234} INFO - Task exited with return code 0
[2025-07-24T14:29:08.599+0000] {taskinstance.py:3280} INFO - 0 downstream tasks scheduled from follow-on schedule check
[2025-07-24T17:27:03.070+0000] {taskinstance.py:1956} INFO - Dependencies all met for dep_context=non-requeueable deps ti=<TaskInstance: tune_stream_dag.Stage_songs scheduled__2023-01-03T12:00:00+00:00 [queued]>
[2025-07-24T17:27:03.108+0000] {taskinstance.py:1956} INFO - Dependencies all met for dep_context=requeueable deps ti=<TaskInstance: tune_stream_dag.Stage_songs scheduled__2023-01-03T12:00:00+00:00 [queued]>
[2025-07-24T17:27:03.113+0000] {taskinstance.py:2170} INFO - Starting attempt 1 of 4
[2025-07-24T17:27:03.169+0000] {taskinstance.py:2191} INFO - Executing <Task(PythonOperator): Stage_songs> on 2023-01-03 12:00:00+00:00
[2025-07-24T17:27:03.196+0000] {standard_task_runner.py:60} INFO - Started process 2374 to run task
[2025-07-24T17:27:03.204+0000] {standard_task_runner.py:87} INFO - Running: ['***', 'tasks', 'run', 'tune_stream_dag', 'Stage_songs', 'scheduled__2023-01-03T12:00:00+00:00', '--job-id', '2343', '--raw', '--subdir', 'DAGS_FOLDER/etl_pipeline.py', '--cfg-path', '/tmp/tmpe2jlna5d']
[2025-07-24T17:27:03.209+0000] {standard_task_runner.py:88} INFO - Job 2343: Subtask Stage_songs
[2025-07-24T17:27:03.406+0000] {task_command.py:423} INFO - Running <TaskInstance: tune_stream_dag.Stage_songs scheduled__2023-01-03T12:00:00+00:00 [running]> on host 5def55d2a1b5
[2025-07-24T17:27:03.697+0000] {taskinstance.py:2480} INFO - Exporting env vars: AIRFLOW_CTX_DAG_OWNER='genz-legend' AIRFLOW_CTX_DAG_ID='tune_stream_dag' AIRFLOW_CTX_TASK_ID='Stage_songs' AIRFLOW_CTX_EXECUTION_DATE='2023-01-03T12:00:00+00:00' AIRFLOW_CTX_TRY_NUMBER='1' AIRFLOW_CTX_DAG_RUN_ID='scheduled__2023-01-03T12:00:00+00:00'
[2025-07-24T17:27:10.550+0000] {python.py:201} INFO - Done. Returned value was: None
[2025-07-24T17:27:10.699+0000] {taskinstance.py:1138} INFO - Marking task as SUCCESS. dag_id=tune_stream_dag, task_id=Stage_songs, execution_date=20230103T120000, start_date=20250724T172703, end_date=20250724T172710
[2025-07-24T17:27:10.981+0000] {local_task_job_runner.py:234} INFO - Task exited with return code 0
[2025-07-24T17:27:11.094+0000] {taskinstance.py:3280} INFO - 0 downstream tasks scheduled from follow-on schedule check
