[2025-07-24T15:27:18.756+0000] {taskinstance.py:1956} INFO - Dependencies all met for dep_context=non-requeueable deps ti=<TaskInstance: tune_stream_dag.Load_user_dim_table scheduled__2023-01-05T04:00:00+00:00 [queued]>
[2025-07-24T15:27:18.766+0000] {taskinstance.py:1956} INFO - Dependencies all met for dep_context=requeueable deps ti=<TaskInstance: tune_stream_dag.Load_user_dim_table scheduled__2023-01-05T04:00:00+00:00 [queued]>
[2025-07-24T15:27:18.767+0000] {taskinstance.py:2170} INFO - Starting attempt 1 of 4
[2025-07-24T15:27:18.784+0000] {taskinstance.py:2191} INFO - Executing <Task(PythonOperator): Load_user_dim_table> on 2023-01-05 04:00:00+00:00
[2025-07-24T15:27:18.792+0000] {standard_task_runner.py:60} INFO - Started process 274 to run task
[2025-07-24T15:27:18.799+0000] {standard_task_runner.py:87} INFO - Running: ['***', 'tasks', 'run', 'tune_stream_dag', 'Load_user_dim_table', 'scheduled__2023-01-05T04:00:00+00:00', '--job-id', '937', '--raw', '--subdir', 'DAGS_FOLDER/etl_pipeline.py', '--cfg-path', '/tmp/tmp_j4hffnp']
[2025-07-24T15:27:18.806+0000] {standard_task_runner.py:88} INFO - Job 937: Subtask Load_user_dim_table
[2025-07-24T15:27:18.888+0000] {task_command.py:423} INFO - Running <TaskInstance: tune_stream_dag.Load_user_dim_table scheduled__2023-01-05T04:00:00+00:00 [running]> on host c53547d84df1
[2025-07-24T15:27:18.962+0000] {taskinstance.py:2480} INFO - Exporting env vars: AIRFLOW_CTX_DAG_OWNER='genz-legend' AIRFLOW_CTX_DAG_ID='tune_stream_dag' AIRFLOW_CTX_TASK_ID='Load_user_dim_table' AIRFLOW_CTX_EXECUTION_DATE='2023-01-05T04:00:00+00:00' AIRFLOW_CTX_TRY_NUMBER='1' AIRFLOW_CTX_DAG_RUN_ID='scheduled__2023-01-05T04:00:00+00:00'
[2025-07-24T15:27:18.972+0000] {taskinstance.py:2698} ERROR - Task failed with exception
Traceback (most recent call last):
  File "/home/airflow/.local/lib/python3.8/site-packages/airflow/models/taskinstance.py", line 433, in _execute_task
    result = execute_callable(context=context, **execute_callable_kwargs)
  File "/home/airflow/.local/lib/python3.8/site-packages/airflow/operators/python.py", line 199, in execute
    return_value = self.execute_callable()
  File "/home/airflow/.local/lib/python3.8/site-packages/airflow/operators/python.py", line 216, in execute_callable
    return self.python_callable(*self.op_args, **self.op_kwargs)
  File "/opt/airflow/dags/etl_pipeline.py", line 179, in <lambda>
    python_callable=lambda: load_table(SqlQueries.user_table_insert, 'users'),
  File "/opt/airflow/dags/etl_pipeline.py", line 132, in load_table
    cur.execute(f"INSERT INTO {table} {query}")
psycopg2.errors.UniqueViolation: duplicate key value violates unique constraint "users_pkey"
DETAIL:  Key (userid)=(88) already exists.

[2025-07-24T15:27:18.983+0000] {taskinstance.py:1138} INFO - Marking task as UP_FOR_RETRY. dag_id=tune_stream_dag, task_id=Load_user_dim_table, execution_date=20230105T040000, start_date=20250724T152718, end_date=20250724T152718
[2025-07-24T15:27:18.996+0000] {standard_task_runner.py:107} ERROR - Failed to execute job 937 for task Load_user_dim_table (duplicate key value violates unique constraint "users_pkey"
DETAIL:  Key (userid)=(88) already exists.
; 274)
[2025-07-24T15:27:19.012+0000] {local_task_job_runner.py:234} INFO - Task exited with return code 1
[2025-07-24T15:27:19.039+0000] {taskinstance.py:3280} INFO - 0 downstream tasks scheduled from follow-on schedule check
[2025-07-24T17:33:33.611+0000] {taskinstance.py:1956} INFO - Dependencies all met for dep_context=non-requeueable deps ti=<TaskInstance: tune_stream_dag.Load_user_dim_table scheduled__2023-01-05T04:00:00+00:00 [queued]>
[2025-07-24T17:33:33.635+0000] {taskinstance.py:1956} INFO - Dependencies all met for dep_context=requeueable deps ti=<TaskInstance: tune_stream_dag.Load_user_dim_table scheduled__2023-01-05T04:00:00+00:00 [queued]>
[2025-07-24T17:33:33.639+0000] {taskinstance.py:2170} INFO - Starting attempt 1 of 4
[2025-07-24T17:33:33.942+0000] {taskinstance.py:2191} INFO - Executing <Task(PythonOperator): Load_user_dim_table> on 2023-01-05 04:00:00+00:00
[2025-07-24T17:33:34.002+0000] {standard_task_runner.py:60} INFO - Started process 3484 to run task
[2025-07-24T17:33:34.011+0000] {standard_task_runner.py:87} INFO - Running: ['***', 'tasks', 'run', 'tune_stream_dag', 'Load_user_dim_table', 'scheduled__2023-01-05T04:00:00+00:00', '--job-id', '2682', '--raw', '--subdir', 'DAGS_FOLDER/etl_pipeline.py', '--cfg-path', '/tmp/tmpoatkjont']
[2025-07-24T17:33:34.026+0000] {standard_task_runner.py:88} INFO - Job 2682: Subtask Load_user_dim_table
[2025-07-24T17:33:34.361+0000] {task_command.py:423} INFO - Running <TaskInstance: tune_stream_dag.Load_user_dim_table scheduled__2023-01-05T04:00:00+00:00 [running]> on host 5def55d2a1b5
[2025-07-24T17:33:34.695+0000] {taskinstance.py:2480} INFO - Exporting env vars: AIRFLOW_CTX_DAG_OWNER='genz-legend' AIRFLOW_CTX_DAG_ID='tune_stream_dag' AIRFLOW_CTX_TASK_ID='Load_user_dim_table' AIRFLOW_CTX_EXECUTION_DATE='2023-01-05T04:00:00+00:00' AIRFLOW_CTX_TRY_NUMBER='1' AIRFLOW_CTX_DAG_RUN_ID='scheduled__2023-01-05T04:00:00+00:00'
[2025-07-24T17:33:34.778+0000] {python.py:201} INFO - Done. Returned value was: None
[2025-07-24T17:33:34.829+0000] {taskinstance.py:1138} INFO - Marking task as SUCCESS. dag_id=tune_stream_dag, task_id=Load_user_dim_table, execution_date=20230105T040000, start_date=20250724T173333, end_date=20250724T173334
[2025-07-24T17:33:34.894+0000] {local_task_job_runner.py:234} INFO - Task exited with return code 0
[2025-07-24T17:33:35.018+0000] {taskinstance.py:3280} INFO - 0 downstream tasks scheduled from follow-on schedule check
