[2025-07-24T14:46:05.303+0000] {taskinstance.py:1956} INFO - Dependencies all met for dep_context=non-requeueable deps ti=<TaskInstance: tune_stream_dag.Stage_songs scheduled__2023-01-04T12:00:00+00:00 [queued]>
[2025-07-24T14:46:05.315+0000] {taskinstance.py:1956} INFO - Dependencies all met for dep_context=requeueable deps ti=<TaskInstance: tune_stream_dag.Stage_songs scheduled__2023-01-04T12:00:00+00:00 [queued]>
[2025-07-24T14:46:05.361+0000] {taskinstance.py:2170} INFO - Starting attempt 1 of 4
[2025-07-24T14:46:05.388+0000] {taskinstance.py:2191} INFO - Executing <Task(PythonOperator): Stage_songs> on 2023-01-04 12:00:00+00:00
[2025-07-24T14:46:05.401+0000] {standard_task_runner.py:60} INFO - Started process 536 to run task
[2025-07-24T14:46:05.408+0000] {standard_task_runner.py:87} INFO - Running: ['***', 'tasks', 'run', 'tune_stream_dag', 'Stage_songs', 'scheduled__2023-01-04T12:00:00+00:00', '--job-id', '680', '--raw', '--subdir', 'DAGS_FOLDER/etl_pipeline.py', '--cfg-path', '/tmp/tmpioo04t64']
[2025-07-24T14:46:05.412+0000] {standard_task_runner.py:88} INFO - Job 680: Subtask Stage_songs
[2025-07-24T14:46:05.672+0000] {task_command.py:423} INFO - Running <TaskInstance: tune_stream_dag.Stage_songs scheduled__2023-01-04T12:00:00+00:00 [running]> on host aea62fae55be
[2025-07-24T14:46:05.933+0000] {taskinstance.py:2480} INFO - Exporting env vars: AIRFLOW_CTX_DAG_OWNER='genz-legend' AIRFLOW_CTX_DAG_ID='tune_stream_dag' AIRFLOW_CTX_TASK_ID='Stage_songs' AIRFLOW_CTX_EXECUTION_DATE='2023-01-04T12:00:00+00:00' AIRFLOW_CTX_TRY_NUMBER='1' AIRFLOW_CTX_DAG_RUN_ID='scheduled__2023-01-04T12:00:00+00:00'
[2025-07-24T14:46:06.875+0000] {python.py:201} INFO - Done. Returned value was: None
[2025-07-24T14:46:06.951+0000] {taskinstance.py:1138} INFO - Marking task as SUCCESS. dag_id=tune_stream_dag, task_id=Stage_songs, execution_date=20230104T120000, start_date=20250724T144605, end_date=20250724T144606
[2025-07-24T14:46:07.079+0000] {local_task_job_runner.py:234} INFO - Task exited with return code 0
[2025-07-24T14:46:07.103+0000] {taskinstance.py:3280} INFO - 0 downstream tasks scheduled from follow-on schedule check
[2025-07-24T17:29:56.086+0000] {taskinstance.py:1956} INFO - Dependencies all met for dep_context=non-requeueable deps ti=<TaskInstance: tune_stream_dag.Stage_songs scheduled__2023-01-04T12:00:00+00:00 [queued]>
[2025-07-24T17:29:56.100+0000] {taskinstance.py:1956} INFO - Dependencies all met for dep_context=requeueable deps ti=<TaskInstance: tune_stream_dag.Stage_songs scheduled__2023-01-04T12:00:00+00:00 [queued]>
[2025-07-24T17:29:56.101+0000] {taskinstance.py:2170} INFO - Starting attempt 1 of 4
[2025-07-24T17:29:56.156+0000] {taskinstance.py:2191} INFO - Executing <Task(PythonOperator): Stage_songs> on 2023-01-04 12:00:00+00:00
[2025-07-24T17:29:56.171+0000] {standard_task_runner.py:60} INFO - Started process 2825 to run task
[2025-07-24T17:29:56.178+0000] {standard_task_runner.py:87} INFO - Running: ['***', 'tasks', 'run', 'tune_stream_dag', 'Stage_songs', 'scheduled__2023-01-04T12:00:00+00:00', '--job-id', '2486', '--raw', '--subdir', 'DAGS_FOLDER/etl_pipeline.py', '--cfg-path', '/tmp/tmp32r34n75']
[2025-07-24T17:29:56.196+0000] {standard_task_runner.py:88} INFO - Job 2486: Subtask Stage_songs
[2025-07-24T17:29:57.280+0000] {task_command.py:423} INFO - Running <TaskInstance: tune_stream_dag.Stage_songs scheduled__2023-01-04T12:00:00+00:00 [running]> on host 5def55d2a1b5
[2025-07-24T17:29:58.445+0000] {taskinstance.py:2480} INFO - Exporting env vars: AIRFLOW_CTX_DAG_OWNER='genz-legend' AIRFLOW_CTX_DAG_ID='tune_stream_dag' AIRFLOW_CTX_TASK_ID='Stage_songs' AIRFLOW_CTX_EXECUTION_DATE='2023-01-04T12:00:00+00:00' AIRFLOW_CTX_TRY_NUMBER='1' AIRFLOW_CTX_DAG_RUN_ID='scheduled__2023-01-04T12:00:00+00:00'
[2025-07-24T17:30:02.653+0000] {python.py:201} INFO - Done. Returned value was: None
[2025-07-24T17:30:02.671+0000] {taskinstance.py:1138} INFO - Marking task as SUCCESS. dag_id=tune_stream_dag, task_id=Stage_songs, execution_date=20230104T120000, start_date=20250724T172956, end_date=20250724T173002
[2025-07-24T17:30:02.691+0000] {local_task_job_runner.py:234} INFO - Task exited with return code 0
[2025-07-24T17:30:02.726+0000] {taskinstance.py:3280} INFO - 0 downstream tasks scheduled from follow-on schedule check
