[2025-07-24T15:33:55.524+0000] {taskinstance.py:1956} INFO - Dependencies all met for dep_context=non-requeueable deps ti=<TaskInstance: tune_stream_dag.Load_artist_dim_table scheduled__2023-01-01T12:00:00+00:00 [queued]>
[2025-07-24T15:33:55.537+0000] {taskinstance.py:1956} INFO - Dependencies all met for dep_context=requeueable deps ti=<TaskInstance: tune_stream_dag.Load_artist_dim_table scheduled__2023-01-01T12:00:00+00:00 [queued]>
[2025-07-24T15:33:55.538+0000] {taskinstance.py:2170} INFO - Starting attempt 1 of 4
[2025-07-24T15:33:55.715+0000] {taskinstance.py:2191} INFO - Executing <Task(PythonOperator): Load_artist_dim_table> on 2023-01-01 12:00:00+00:00
[2025-07-24T15:33:55.760+0000] {standard_task_runner.py:60} INFO - Started process 357 to run task
[2025-07-24T15:33:55.776+0000] {standard_task_runner.py:87} INFO - Running: ['***', 'tasks', 'run', 'tune_stream_dag', 'Load_artist_dim_table', 'scheduled__2023-01-01T12:00:00+00:00', '--job-id', '1029', '--raw', '--subdir', 'DAGS_FOLDER/etl_pipeline.py', '--cfg-path', '/tmp/tmpm4uvygr_']
[2025-07-24T15:33:55.803+0000] {standard_task_runner.py:88} INFO - Job 1029: Subtask Load_artist_dim_table
[2025-07-24T15:33:55.892+0000] {task_command.py:423} INFO - Running <TaskInstance: tune_stream_dag.Load_artist_dim_table scheduled__2023-01-01T12:00:00+00:00 [running]> on host c53547d84df1
[2025-07-24T15:33:56.196+0000] {taskinstance.py:2480} INFO - Exporting env vars: AIRFLOW_CTX_DAG_OWNER='genz-legend' AIRFLOW_CTX_DAG_ID='tune_stream_dag' AIRFLOW_CTX_TASK_ID='Load_artist_dim_table' AIRFLOW_CTX_EXECUTION_DATE='2023-01-01T12:00:00+00:00' AIRFLOW_CTX_TRY_NUMBER='1' AIRFLOW_CTX_DAG_RUN_ID='scheduled__2023-01-01T12:00:00+00:00'
[2025-07-24T15:33:56.211+0000] {python.py:201} INFO - Done. Returned value was: None
[2025-07-24T15:33:56.228+0000] {taskinstance.py:1138} INFO - Marking task as SUCCESS. dag_id=tune_stream_dag, task_id=Load_artist_dim_table, execution_date=20230101T120000, start_date=20250724T153355, end_date=20250724T153356
[2025-07-24T15:33:56.361+0000] {local_task_job_runner.py:234} INFO - Task exited with return code 0
[2025-07-24T15:33:56.400+0000] {taskinstance.py:3280} INFO - 0 downstream tasks scheduled from follow-on schedule check
[2025-07-24T16:18:08.344+0000] {taskinstance.py:1956} INFO - Dependencies all met for dep_context=non-requeueable deps ti=<TaskInstance: tune_stream_dag.Load_artist_dim_table scheduled__2023-01-01T12:00:00+00:00 [queued]>
[2025-07-24T16:18:08.395+0000] {taskinstance.py:1956} INFO - Dependencies all met for dep_context=requeueable deps ti=<TaskInstance: tune_stream_dag.Load_artist_dim_table scheduled__2023-01-01T12:00:00+00:00 [queued]>
[2025-07-24T16:18:08.396+0000] {taskinstance.py:2170} INFO - Starting attempt 1 of 4
[2025-07-24T16:18:08.736+0000] {taskinstance.py:2191} INFO - Executing <Task(PythonOperator): Load_artist_dim_table> on 2023-01-01 12:00:00+00:00
[2025-07-24T16:18:08.821+0000] {standard_task_runner.py:60} INFO - Started process 488 to run task
[2025-07-24T16:18:08.834+0000] {standard_task_runner.py:87} INFO - Running: ['***', 'tasks', 'run', 'tune_stream_dag', 'Load_artist_dim_table', 'scheduled__2023-01-01T12:00:00+00:00', '--job-id', '1453', '--raw', '--subdir', 'DAGS_FOLDER/etl_pipeline.py', '--cfg-path', '/tmp/tmpzy_gizq_']
[2025-07-24T16:18:08.840+0000] {standard_task_runner.py:88} INFO - Job 1453: Subtask Load_artist_dim_table
[2025-07-24T16:18:09.096+0000] {task_command.py:423} INFO - Running <TaskInstance: tune_stream_dag.Load_artist_dim_table scheduled__2023-01-01T12:00:00+00:00 [running]> on host c53547d84df1
[2025-07-24T16:18:09.784+0000] {taskinstance.py:2480} INFO - Exporting env vars: AIRFLOW_CTX_DAG_OWNER='genz-legend' AIRFLOW_CTX_DAG_ID='tune_stream_dag' AIRFLOW_CTX_TASK_ID='Load_artist_dim_table' AIRFLOW_CTX_EXECUTION_DATE='2023-01-01T12:00:00+00:00' AIRFLOW_CTX_TRY_NUMBER='1' AIRFLOW_CTX_DAG_RUN_ID='scheduled__2023-01-01T12:00:00+00:00'
[2025-07-24T16:18:11.623+0000] {python.py:201} INFO - Done. Returned value was: None
[2025-07-24T16:18:11.686+0000] {taskinstance.py:1138} INFO - Marking task as SUCCESS. dag_id=tune_stream_dag, task_id=Load_artist_dim_table, execution_date=20230101T120000, start_date=20250724T161808, end_date=20250724T161811
[2025-07-24T16:18:11.774+0000] {local_task_job_runner.py:234} INFO - Task exited with return code 0
[2025-07-24T16:18:11.883+0000] {taskinstance.py:3280} INFO - 0 downstream tasks scheduled from follow-on schedule check
[2025-07-24T16:57:18.823+0000] {taskinstance.py:1956} INFO - Dependencies all met for dep_context=non-requeueable deps ti=<TaskInstance: tune_stream_dag.Load_artist_dim_table scheduled__2023-01-01T12:00:00+00:00 [queued]>
[2025-07-24T16:57:18.924+0000] {taskinstance.py:1956} INFO - Dependencies all met for dep_context=requeueable deps ti=<TaskInstance: tune_stream_dag.Load_artist_dim_table scheduled__2023-01-01T12:00:00+00:00 [queued]>
[2025-07-24T16:57:18.925+0000] {taskinstance.py:2170} INFO - Starting attempt 1 of 4
[2025-07-24T16:57:19.335+0000] {taskinstance.py:2191} INFO - Executing <Task(PythonOperator): Load_artist_dim_table> on 2023-01-01 12:00:00+00:00
[2025-07-24T16:57:19.361+0000] {standard_task_runner.py:60} INFO - Started process 476 to run task
[2025-07-24T16:57:19.377+0000] {standard_task_runner.py:87} INFO - Running: ['***', 'tasks', 'run', 'tune_stream_dag', 'Load_artist_dim_table', 'scheduled__2023-01-01T12:00:00+00:00', '--job-id', '1844', '--raw', '--subdir', 'DAGS_FOLDER/etl_pipeline.py', '--cfg-path', '/tmp/tmpm674urj4']
[2025-07-24T16:57:19.388+0000] {standard_task_runner.py:88} INFO - Job 1844: Subtask Load_artist_dim_table
[2025-07-24T16:57:19.718+0000] {task_command.py:423} INFO - Running <TaskInstance: tune_stream_dag.Load_artist_dim_table scheduled__2023-01-01T12:00:00+00:00 [running]> on host 5def55d2a1b5
[2025-07-24T16:57:20.043+0000] {taskinstance.py:2480} INFO - Exporting env vars: AIRFLOW_CTX_DAG_OWNER='genz-legend' AIRFLOW_CTX_DAG_ID='tune_stream_dag' AIRFLOW_CTX_TASK_ID='Load_artist_dim_table' AIRFLOW_CTX_EXECUTION_DATE='2023-01-01T12:00:00+00:00' AIRFLOW_CTX_TRY_NUMBER='1' AIRFLOW_CTX_DAG_RUN_ID='scheduled__2023-01-01T12:00:00+00:00'
[2025-07-24T16:57:20.295+0000] {python.py:201} INFO - Done. Returned value was: None
[2025-07-24T16:57:20.340+0000] {taskinstance.py:1138} INFO - Marking task as SUCCESS. dag_id=tune_stream_dag, task_id=Load_artist_dim_table, execution_date=20230101T120000, start_date=20250724T165718, end_date=20250724T165720
[2025-07-24T16:57:20.957+0000] {local_task_job_runner.py:234} INFO - Task exited with return code 0
[2025-07-24T16:57:21.066+0000] {taskinstance.py:3280} INFO - 0 downstream tasks scheduled from follow-on schedule check
