[2025-07-24T13:53:24.731+0000] {taskinstance.py:1956} INFO - Dependencies all met for dep_context=non-requeueable deps ti=<TaskInstance: tune_stream_dag.Stage_events scheduled__2023-01-02T16:00:00+00:00 [queued]>
[2025-07-24T13:53:24.813+0000] {taskinstance.py:1956} INFO - Dependencies all met for dep_context=requeueable deps ti=<TaskInstance: tune_stream_dag.Stage_events scheduled__2023-01-02T16:00:00+00:00 [queued]>
[2025-07-24T13:53:24.823+0000] {taskinstance.py:2170} INFO - Starting attempt 1 of 4
[2025-07-24T13:53:24.989+0000] {taskinstance.py:2191} INFO - Executing <Task(PythonOperator): Stage_events> on 2023-01-02 16:00:00+00:00
[2025-07-24T13:53:25.185+0000] {standard_task_runner.py:60} INFO - Started process 512 to run task
[2025-07-24T13:53:25.219+0000] {standard_task_runner.py:87} INFO - Running: ['***', 'tasks', 'run', 'tune_stream_dag', 'Stage_events', 'scheduled__2023-01-02T16:00:00+00:00', '--job-id', '378', '--raw', '--subdir', 'DAGS_FOLDER/etl_pipeline.py', '--cfg-path', '/tmp/tmpd59sfuli']
[2025-07-24T13:53:25.268+0000] {standard_task_runner.py:88} INFO - Job 378: Subtask Stage_events
[2025-07-24T13:53:25.731+0000] {task_command.py:423} INFO - Running <TaskInstance: tune_stream_dag.Stage_events scheduled__2023-01-02T16:00:00+00:00 [running]> on host a4bcda7cb679
[2025-07-24T13:53:26.411+0000] {taskinstance.py:2480} INFO - Exporting env vars: AIRFLOW_CTX_DAG_OWNER='genz-legend' AIRFLOW_CTX_DAG_ID='tune_stream_dag' AIRFLOW_CTX_TASK_ID='Stage_events' AIRFLOW_CTX_EXECUTION_DATE='2023-01-02T16:00:00+00:00' AIRFLOW_CTX_TRY_NUMBER='1' AIRFLOW_CTX_DAG_RUN_ID='scheduled__2023-01-02T16:00:00+00:00'
[2025-07-24T13:53:32.439+0000] {python.py:201} INFO - Done. Returned value was: None
[2025-07-24T13:53:32.496+0000] {taskinstance.py:1138} INFO - Marking task as SUCCESS. dag_id=tune_stream_dag, task_id=Stage_events, execution_date=20230102T160000, start_date=20250724T135324, end_date=20250724T135332
[2025-07-24T13:53:32.594+0000] {local_task_job_runner.py:234} INFO - Task exited with return code 0
[2025-07-24T13:53:32.704+0000] {taskinstance.py:3280} INFO - 1 downstream tasks scheduled from follow-on schedule check
[2025-07-24T17:18:43.125+0000] {taskinstance.py:1956} INFO - Dependencies all met for dep_context=non-requeueable deps ti=<TaskInstance: tune_stream_dag.Stage_events scheduled__2023-01-02T16:00:00+00:00 [queued]>
[2025-07-24T17:18:43.149+0000] {taskinstance.py:1956} INFO - Dependencies all met for dep_context=requeueable deps ti=<TaskInstance: tune_stream_dag.Stage_events scheduled__2023-01-02T16:00:00+00:00 [queued]>
[2025-07-24T17:18:43.151+0000] {taskinstance.py:2170} INFO - Starting attempt 1 of 4
[2025-07-24T17:18:43.179+0000] {taskinstance.py:2191} INFO - Executing <Task(PythonOperator): Stage_events> on 2023-01-02 16:00:00+00:00
[2025-07-24T17:18:43.200+0000] {standard_task_runner.py:60} INFO - Started process 1709 to run task
[2025-07-24T17:18:43.209+0000] {standard_task_runner.py:87} INFO - Running: ['***', 'tasks', 'run', 'tune_stream_dag', 'Stage_events', 'scheduled__2023-01-02T16:00:00+00:00', '--job-id', '2152', '--raw', '--subdir', 'DAGS_FOLDER/etl_pipeline.py', '--cfg-path', '/tmp/tmpauxz2wf2']
[2025-07-24T17:18:43.215+0000] {standard_task_runner.py:88} INFO - Job 2152: Subtask Stage_events
[2025-07-24T17:18:43.349+0000] {task_command.py:423} INFO - Running <TaskInstance: tune_stream_dag.Stage_events scheduled__2023-01-02T16:00:00+00:00 [running]> on host 5def55d2a1b5
[2025-07-24T17:18:43.506+0000] {taskinstance.py:2480} INFO - Exporting env vars: AIRFLOW_CTX_DAG_OWNER='genz-legend' AIRFLOW_CTX_DAG_ID='tune_stream_dag' AIRFLOW_CTX_TASK_ID='Stage_events' AIRFLOW_CTX_EXECUTION_DATE='2023-01-02T16:00:00+00:00' AIRFLOW_CTX_TRY_NUMBER='1' AIRFLOW_CTX_DAG_RUN_ID='scheduled__2023-01-02T16:00:00+00:00'
[2025-07-24T17:18:47.289+0000] {python.py:201} INFO - Done. Returned value was: None
[2025-07-24T17:18:47.298+0000] {taskinstance.py:1138} INFO - Marking task as SUCCESS. dag_id=tune_stream_dag, task_id=Stage_events, execution_date=20230102T160000, start_date=20250724T171843, end_date=20250724T171847
[2025-07-24T17:18:47.333+0000] {local_task_job_runner.py:234} INFO - Task exited with return code 0
[2025-07-24T17:18:47.360+0000] {taskinstance.py:3280} INFO - 1 downstream tasks scheduled from follow-on schedule check
