[2025-07-24T13:52:24.531+0000] {taskinstance.py:1956} INFO - Dependencies all met for dep_context=non-requeueable deps ti=<TaskInstance: tune_stream_dag.Stage_songs scheduled__2023-01-02T07:00:00+00:00 [queued]>
[2025-07-24T13:52:24.549+0000] {taskinstance.py:1956} INFO - Dependencies all met for dep_context=requeueable deps ti=<TaskInstance: tune_stream_dag.Stage_songs scheduled__2023-01-02T07:00:00+00:00 [queued]>
[2025-07-24T13:52:24.551+0000] {taskinstance.py:2170} INFO - Starting attempt 1 of 4
[2025-07-24T13:52:24.582+0000] {taskinstance.py:2191} INFO - Executing <Task(PythonOperator): Stage_songs> on 2023-01-02 07:00:00+00:00
[2025-07-24T13:52:24.609+0000] {standard_task_runner.py:60} INFO - Started process 388 to run task
[2025-07-24T13:52:24.620+0000] {standard_task_runner.py:87} INFO - Running: ['***', 'tasks', 'run', 'tune_stream_dag', 'Stage_songs', 'scheduled__2023-01-02T07:00:00+00:00', '--job-id', '346', '--raw', '--subdir', 'DAGS_FOLDER/etl_pipeline.py', '--cfg-path', '/tmp/tmpfyktcn3p']
[2025-07-24T13:52:24.636+0000] {standard_task_runner.py:88} INFO - Job 346: Subtask Stage_songs
[2025-07-24T13:52:24.884+0000] {task_command.py:423} INFO - Running <TaskInstance: tune_stream_dag.Stage_songs scheduled__2023-01-02T07:00:00+00:00 [running]> on host a4bcda7cb679
[2025-07-24T13:52:25.054+0000] {taskinstance.py:2480} INFO - Exporting env vars: AIRFLOW_CTX_DAG_OWNER='genz-legend' AIRFLOW_CTX_DAG_ID='tune_stream_dag' AIRFLOW_CTX_TASK_ID='Stage_songs' AIRFLOW_CTX_EXECUTION_DATE='2023-01-02T07:00:00+00:00' AIRFLOW_CTX_TRY_NUMBER='1' AIRFLOW_CTX_DAG_RUN_ID='scheduled__2023-01-02T07:00:00+00:00'
[2025-07-24T13:52:26.003+0000] {python.py:201} INFO - Done. Returned value was: None
[2025-07-24T13:52:26.021+0000] {taskinstance.py:1138} INFO - Marking task as SUCCESS. dag_id=tune_stream_dag, task_id=Stage_songs, execution_date=20230102T070000, start_date=20250724T135224, end_date=20250724T135226
[2025-07-24T13:52:26.088+0000] {local_task_job_runner.py:234} INFO - Task exited with return code 0
[2025-07-24T13:52:26.423+0000] {taskinstance.py:3280} INFO - 0 downstream tasks scheduled from follow-on schedule check
[2025-07-24T16:04:47.768+0000] {taskinstance.py:1956} INFO - Dependencies all met for dep_context=non-requeueable deps ti=<TaskInstance: tune_stream_dag.Stage_songs scheduled__2023-01-02T07:00:00+00:00 [queued]>
[2025-07-24T16:04:47.779+0000] {taskinstance.py:1956} INFO - Dependencies all met for dep_context=requeueable deps ti=<TaskInstance: tune_stream_dag.Stage_songs scheduled__2023-01-02T07:00:00+00:00 [queued]>
[2025-07-24T16:04:47.780+0000] {taskinstance.py:2170} INFO - Starting attempt 1 of 4
[2025-07-24T16:04:47.793+0000] {taskinstance.py:2191} INFO - Executing <Task(PythonOperator): Stage_songs> on 2023-01-02 07:00:00+00:00
[2025-07-24T16:04:47.799+0000] {standard_task_runner.py:60} INFO - Started process 1639 to run task
[2025-07-24T16:04:47.803+0000] {standard_task_runner.py:87} INFO - Running: ['***', 'tasks', 'run', 'tune_stream_dag', 'Stage_songs', 'scheduled__2023-01-02T07:00:00+00:00', '--job-id', '1302', '--raw', '--subdir', 'DAGS_FOLDER/etl_pipeline.py', '--cfg-path', '/tmp/tmpzyhd_e0o']
[2025-07-24T16:04:47.808+0000] {standard_task_runner.py:88} INFO - Job 1302: Subtask Stage_songs
[2025-07-24T16:04:47.883+0000] {task_command.py:423} INFO - Running <TaskInstance: tune_stream_dag.Stage_songs scheduled__2023-01-02T07:00:00+00:00 [running]> on host c53547d84df1
[2025-07-24T16:04:47.974+0000] {taskinstance.py:2480} INFO - Exporting env vars: AIRFLOW_CTX_DAG_OWNER='genz-legend' AIRFLOW_CTX_DAG_ID='tune_stream_dag' AIRFLOW_CTX_TASK_ID='Stage_songs' AIRFLOW_CTX_EXECUTION_DATE='2023-01-02T07:00:00+00:00' AIRFLOW_CTX_TRY_NUMBER='1' AIRFLOW_CTX_DAG_RUN_ID='scheduled__2023-01-02T07:00:00+00:00'
[2025-07-24T16:04:48.443+0000] {python.py:201} INFO - Done. Returned value was: None
[2025-07-24T16:04:48.451+0000] {taskinstance.py:1138} INFO - Marking task as SUCCESS. dag_id=tune_stream_dag, task_id=Stage_songs, execution_date=20230102T070000, start_date=20250724T160447, end_date=20250724T160448
[2025-07-24T16:04:48.498+0000] {local_task_job_runner.py:234} INFO - Task exited with return code 0
[2025-07-24T16:04:48.520+0000] {taskinstance.py:3280} INFO - 0 downstream tasks scheduled from follow-on schedule check
[2025-07-24T17:17:42.393+0000] {taskinstance.py:1956} INFO - Dependencies all met for dep_context=non-requeueable deps ti=<TaskInstance: tune_stream_dag.Stage_songs scheduled__2023-01-02T07:00:00+00:00 [queued]>
[2025-07-24T17:17:42.407+0000] {taskinstance.py:1956} INFO - Dependencies all met for dep_context=requeueable deps ti=<TaskInstance: tune_stream_dag.Stage_songs scheduled__2023-01-02T07:00:00+00:00 [queued]>
[2025-07-24T17:17:42.408+0000] {taskinstance.py:2170} INFO - Starting attempt 1 of 4
[2025-07-24T17:17:42.428+0000] {taskinstance.py:2191} INFO - Executing <Task(PythonOperator): Stage_songs> on 2023-01-02 07:00:00+00:00
[2025-07-24T17:17:42.441+0000] {standard_task_runner.py:60} INFO - Started process 1458 to run task
[2025-07-24T17:17:42.461+0000] {standard_task_runner.py:87} INFO - Running: ['***', 'tasks', 'run', 'tune_stream_dag', 'Stage_songs', 'scheduled__2023-01-02T07:00:00+00:00', '--job-id', '2074', '--raw', '--subdir', 'DAGS_FOLDER/etl_pipeline.py', '--cfg-path', '/tmp/tmpvhzt433e']
[2025-07-24T17:17:42.470+0000] {standard_task_runner.py:88} INFO - Job 2074: Subtask Stage_songs
[2025-07-24T17:17:42.673+0000] {task_command.py:423} INFO - Running <TaskInstance: tune_stream_dag.Stage_songs scheduled__2023-01-02T07:00:00+00:00 [running]> on host 5def55d2a1b5
[2025-07-24T17:17:42.827+0000] {taskinstance.py:2480} INFO - Exporting env vars: AIRFLOW_CTX_DAG_OWNER='genz-legend' AIRFLOW_CTX_DAG_ID='tune_stream_dag' AIRFLOW_CTX_TASK_ID='Stage_songs' AIRFLOW_CTX_EXECUTION_DATE='2023-01-02T07:00:00+00:00' AIRFLOW_CTX_TRY_NUMBER='1' AIRFLOW_CTX_DAG_RUN_ID='scheduled__2023-01-02T07:00:00+00:00'
[2025-07-24T17:17:43.449+0000] {python.py:201} INFO - Done. Returned value was: None
[2025-07-24T17:17:43.469+0000] {taskinstance.py:1138} INFO - Marking task as SUCCESS. dag_id=tune_stream_dag, task_id=Stage_songs, execution_date=20230102T070000, start_date=20250724T171742, end_date=20250724T171743
[2025-07-24T17:17:43.719+0000] {local_task_job_runner.py:234} INFO - Task exited with return code 0
[2025-07-24T17:17:43.754+0000] {taskinstance.py:3280} INFO - 0 downstream tasks scheduled from follow-on schedule check
