[2025-07-24T15:59:54.701+0000] {taskinstance.py:1956} INFO - Dependencies all met for dep_context=non-requeueable deps ti=<TaskInstance: tune_stream_dag.Load_time_dim_table scheduled__2023-01-02T01:00:00+00:00 [queued]>
[2025-07-24T15:59:54.716+0000] {taskinstance.py:1956} INFO - Dependencies all met for dep_context=requeueable deps ti=<TaskInstance: tune_stream_dag.Load_time_dim_table scheduled__2023-01-02T01:00:00+00:00 [queued]>
[2025-07-24T15:59:54.717+0000] {taskinstance.py:2170} INFO - Starting attempt 2 of 4
[2025-07-24T15:59:54.738+0000] {taskinstance.py:2191} INFO - Executing <Task(PythonOperator): Load_time_dim_table> on 2023-01-02 01:00:00+00:00
[2025-07-24T15:59:54.749+0000] {standard_task_runner.py:60} INFO - Started process 1493 to run task
[2025-07-24T15:59:54.753+0000] {standard_task_runner.py:87} INFO - Running: ['***', 'tasks', 'run', 'tune_stream_dag', 'Load_time_dim_table', 'scheduled__2023-01-02T01:00:00+00:00', '--job-id', '1276', '--raw', '--subdir', 'DAGS_FOLDER/etl_pipeline.py', '--cfg-path', '/tmp/tmp8ibuq_ch']
[2025-07-24T15:59:54.759+0000] {standard_task_runner.py:88} INFO - Job 1276: Subtask Load_time_dim_table
[2025-07-24T15:59:54.871+0000] {task_command.py:423} INFO - Running <TaskInstance: tune_stream_dag.Load_time_dim_table scheduled__2023-01-02T01:00:00+00:00 [running]> on host c53547d84df1
[2025-07-24T15:59:55.008+0000] {taskinstance.py:2480} INFO - Exporting env vars: AIRFLOW_CTX_DAG_OWNER='genz-legend' AIRFLOW_CTX_DAG_ID='tune_stream_dag' AIRFLOW_CTX_TASK_ID='Load_time_dim_table' AIRFLOW_CTX_EXECUTION_DATE='2023-01-02T01:00:00+00:00' AIRFLOW_CTX_TRY_NUMBER='2' AIRFLOW_CTX_DAG_RUN_ID='scheduled__2023-01-02T01:00:00+00:00'
[2025-07-24T15:59:55.024+0000] {taskinstance.py:2698} ERROR - Task failed with exception
Traceback (most recent call last):
  File "/home/airflow/.local/lib/python3.8/site-packages/airflow/models/taskinstance.py", line 433, in _execute_task
    result = execute_callable(context=context, **execute_callable_kwargs)
  File "/home/airflow/.local/lib/python3.8/site-packages/airflow/operators/python.py", line 199, in execute
    return_value = self.execute_callable()
  File "/home/airflow/.local/lib/python3.8/site-packages/airflow/operators/python.py", line 216, in execute_callable
    return self.python_callable(*self.op_args, **self.op_kwargs)
  File "/opt/airflow/dags/etl_pipeline.py", line 197, in <lambda>
    python_callable=lambda: load_table(SqlQueries.time_table_insert, 'time'),
  File "/opt/airflow/dags/etl_pipeline.py", line 132, in load_table
    cur.execute(f"INSERT INTO {table} {query}")
psycopg2.errors.InvalidParameterValue: timestamp units "dayofweek" not recognized

[2025-07-24T15:59:55.045+0000] {taskinstance.py:1138} INFO - Marking task as UP_FOR_RETRY. dag_id=tune_stream_dag, task_id=Load_time_dim_table, execution_date=20230102T010000, start_date=20250724T155954, end_date=20250724T155955
[2025-07-24T15:59:55.063+0000] {standard_task_runner.py:107} ERROR - Failed to execute job 1276 for task Load_time_dim_table (timestamp units "dayofweek" not recognized
; 1493)
[2025-07-24T15:59:55.090+0000] {local_task_job_runner.py:234} INFO - Task exited with return code 1
[2025-07-24T15:59:55.234+0000] {taskinstance.py:3280} INFO - 0 downstream tasks scheduled from follow-on schedule check
[2025-07-24T16:42:21.373+0000] {taskinstance.py:1956} INFO - Dependencies all met for dep_context=non-requeueable deps ti=<TaskInstance: tune_stream_dag.Load_time_dim_table scheduled__2023-01-02T01:00:00+00:00 [queued]>
[2025-07-24T16:42:21.408+0000] {taskinstance.py:1956} INFO - Dependencies all met for dep_context=requeueable deps ti=<TaskInstance: tune_stream_dag.Load_time_dim_table scheduled__2023-01-02T01:00:00+00:00 [queued]>
[2025-07-24T16:42:21.418+0000] {taskinstance.py:2170} INFO - Starting attempt 2 of 4
[2025-07-24T16:42:21.492+0000] {taskinstance.py:2191} INFO - Executing <Task(PythonOperator): Load_time_dim_table> on 2023-01-02 01:00:00+00:00
[2025-07-24T16:42:21.600+0000] {standard_task_runner.py:60} INFO - Started process 176 to run task
[2025-07-24T16:42:21.674+0000] {standard_task_runner.py:87} INFO - Running: ['***', 'tasks', 'run', 'tune_stream_dag', 'Load_time_dim_table', 'scheduled__2023-01-02T01:00:00+00:00', '--job-id', '1703', '--raw', '--subdir', 'DAGS_FOLDER/etl_pipeline.py', '--cfg-path', '/tmp/tmpy7ul5xpj']
[2025-07-24T16:42:21.742+0000] {standard_task_runner.py:88} INFO - Job 1703: Subtask Load_time_dim_table
[2025-07-24T16:42:22.569+0000] {task_command.py:423} INFO - Running <TaskInstance: tune_stream_dag.Load_time_dim_table scheduled__2023-01-02T01:00:00+00:00 [running]> on host 5def55d2a1b5
[2025-07-24T16:42:23.393+0000] {taskinstance.py:2480} INFO - Exporting env vars: AIRFLOW_CTX_DAG_OWNER='genz-legend' AIRFLOW_CTX_DAG_ID='tune_stream_dag' AIRFLOW_CTX_TASK_ID='Load_time_dim_table' AIRFLOW_CTX_EXECUTION_DATE='2023-01-02T01:00:00+00:00' AIRFLOW_CTX_TRY_NUMBER='2' AIRFLOW_CTX_DAG_RUN_ID='scheduled__2023-01-02T01:00:00+00:00'
[2025-07-24T16:42:23.610+0000] {taskinstance.py:2698} ERROR - Task failed with exception
Traceback (most recent call last):
  File "/home/airflow/.local/lib/python3.8/site-packages/airflow/models/taskinstance.py", line 433, in _execute_task
    result = execute_callable(context=context, **execute_callable_kwargs)
  File "/home/airflow/.local/lib/python3.8/site-packages/airflow/operators/python.py", line 199, in execute
    return_value = self.execute_callable()
  File "/home/airflow/.local/lib/python3.8/site-packages/airflow/operators/python.py", line 216, in execute_callable
    return self.python_callable(*self.op_args, **self.op_kwargs)
  File "/opt/airflow/dags/etl_pipeline.py", line 197, in <lambda>
    python_callable=lambda: load_table(SqlQueries.time_table_insert, 'time'),
  File "/opt/airflow/dags/etl_pipeline.py", line 132, in load_table
    cur.execute(f"INSERT INTO {table} {query}")
psycopg2.errors.UniqueViolation: duplicate key value violates unique constraint "time_pkey"
DETAIL:  Key (start_time)=(2018-11-14 04:53:36) already exists.

[2025-07-24T16:42:23.735+0000] {taskinstance.py:1138} INFO - Marking task as UP_FOR_RETRY. dag_id=tune_stream_dag, task_id=Load_time_dim_table, execution_date=20230102T010000, start_date=20250724T164221, end_date=20250724T164223
[2025-07-24T16:42:23.767+0000] {standard_task_runner.py:107} ERROR - Failed to execute job 1703 for task Load_time_dim_table (duplicate key value violates unique constraint "time_pkey"
DETAIL:  Key (start_time)=(2018-11-14 04:53:36) already exists.
; 176)
[2025-07-24T16:42:23.850+0000] {local_task_job_runner.py:234} INFO - Task exited with return code 1
[2025-07-24T16:42:23.939+0000] {taskinstance.py:3280} INFO - 0 downstream tasks scheduled from follow-on schedule check
[2025-07-24T17:19:20.792+0000] {taskinstance.py:1956} INFO - Dependencies all met for dep_context=non-requeueable deps ti=<TaskInstance: tune_stream_dag.Load_time_dim_table scheduled__2023-01-02T01:00:00+00:00 [queued]>
[2025-07-24T17:19:20.907+0000] {taskinstance.py:1956} INFO - Dependencies all met for dep_context=requeueable deps ti=<TaskInstance: tune_stream_dag.Load_time_dim_table scheduled__2023-01-02T01:00:00+00:00 [queued]>
[2025-07-24T17:19:20.909+0000] {taskinstance.py:2170} INFO - Starting attempt 2 of 4
[2025-07-24T17:19:23.687+0000] {taskinstance.py:2191} INFO - Executing <Task(PythonOperator): Load_time_dim_table> on 2023-01-02 01:00:00+00:00
[2025-07-24T17:19:23.753+0000] {standard_task_runner.py:60} INFO - Started process 1812 to run task
[2025-07-24T17:19:23.766+0000] {standard_task_runner.py:87} INFO - Running: ['***', 'tasks', 'run', 'tune_stream_dag', 'Load_time_dim_table', 'scheduled__2023-01-02T01:00:00+00:00', '--job-id', '2182', '--raw', '--subdir', 'DAGS_FOLDER/etl_pipeline.py', '--cfg-path', '/tmp/tmp5cfjx_eb']
[2025-07-24T17:19:23.775+0000] {standard_task_runner.py:88} INFO - Job 2182: Subtask Load_time_dim_table
[2025-07-24T17:19:42.497+0000] {task_command.py:423} INFO - Running <TaskInstance: tune_stream_dag.Load_time_dim_table scheduled__2023-01-02T01:00:00+00:00 [running]> on host 5def55d2a1b5
[2025-07-24T17:20:17.144+0000] {taskinstance.py:2480} INFO - Exporting env vars: AIRFLOW_CTX_DAG_OWNER='genz-legend' AIRFLOW_CTX_DAG_ID='tune_stream_dag' AIRFLOW_CTX_TASK_ID='Load_time_dim_table' AIRFLOW_CTX_EXECUTION_DATE='2023-01-02T01:00:00+00:00' AIRFLOW_CTX_TRY_NUMBER='2' AIRFLOW_CTX_DAG_RUN_ID='scheduled__2023-01-02T01:00:00+00:00'
[2025-07-24T17:20:39.784+0000] {python.py:201} INFO - Done. Returned value was: None
[2025-07-24T17:20:39.875+0000] {taskinstance.py:1138} INFO - Marking task as SUCCESS. dag_id=tune_stream_dag, task_id=Load_time_dim_table, execution_date=20230102T010000, start_date=20250724T171920, end_date=20250724T172039
[2025-07-24T17:20:39.989+0000] {local_task_job_runner.py:234} INFO - Task exited with return code 0
[2025-07-24T17:20:40.027+0000] {taskinstance.py:3280} INFO - 1 downstream tasks scheduled from follow-on schedule check
