[2025-07-24T14:45:54.056+0000] {taskinstance.py:1956} INFO - Dependencies all met for dep_context=non-requeueable deps ti=<TaskInstance: tune_stream_dag.Stage_songs scheduled__2023-01-04T11:00:00+00:00 [queued]>
[2025-07-24T14:45:54.149+0000] {taskinstance.py:1956} INFO - Dependencies all met for dep_context=requeueable deps ti=<TaskInstance: tune_stream_dag.Stage_songs scheduled__2023-01-04T11:00:00+00:00 [queued]>
[2025-07-24T14:45:54.150+0000] {taskinstance.py:2170} INFO - Starting attempt 1 of 4
[2025-07-24T14:45:54.331+0000] {taskinstance.py:2191} INFO - Executing <Task(PythonOperator): Stage_songs> on 2023-01-04 11:00:00+00:00
[2025-07-24T14:45:54.356+0000] {standard_task_runner.py:60} INFO - Started process 511 to run task
[2025-07-24T14:45:54.371+0000] {standard_task_runner.py:87} INFO - Running: ['***', 'tasks', 'run', 'tune_stream_dag', 'Stage_songs', 'scheduled__2023-01-04T11:00:00+00:00', '--job-id', '670', '--raw', '--subdir', 'DAGS_FOLDER/etl_pipeline.py', '--cfg-path', '/tmp/tmpm1x1qkxa']
[2025-07-24T14:45:54.380+0000] {standard_task_runner.py:88} INFO - Job 670: Subtask Stage_songs
[2025-07-24T14:45:54.821+0000] {task_command.py:423} INFO - Running <TaskInstance: tune_stream_dag.Stage_songs scheduled__2023-01-04T11:00:00+00:00 [running]> on host aea62fae55be
[2025-07-24T14:45:55.461+0000] {taskinstance.py:2480} INFO - Exporting env vars: AIRFLOW_CTX_DAG_OWNER='genz-legend' AIRFLOW_CTX_DAG_ID='tune_stream_dag' AIRFLOW_CTX_TASK_ID='Stage_songs' AIRFLOW_CTX_EXECUTION_DATE='2023-01-04T11:00:00+00:00' AIRFLOW_CTX_TRY_NUMBER='1' AIRFLOW_CTX_DAG_RUN_ID='scheduled__2023-01-04T11:00:00+00:00'
[2025-07-24T14:45:59.166+0000] {python.py:201} INFO - Done. Returned value was: None
[2025-07-24T14:45:59.296+0000] {taskinstance.py:1138} INFO - Marking task as SUCCESS. dag_id=tune_stream_dag, task_id=Stage_songs, execution_date=20230104T110000, start_date=20250724T144554, end_date=20250724T144559
[2025-07-24T14:46:00.453+0000] {local_task_job_runner.py:234} INFO - Task exited with return code 0
[2025-07-24T14:46:00.472+0000] {taskinstance.py:3280} INFO - 0 downstream tasks scheduled from follow-on schedule check
[2025-07-24T17:29:55.369+0000] {taskinstance.py:1956} INFO - Dependencies all met for dep_context=non-requeueable deps ti=<TaskInstance: tune_stream_dag.Stage_songs scheduled__2023-01-04T11:00:00+00:00 [queued]>
[2025-07-24T17:29:55.382+0000] {taskinstance.py:1956} INFO - Dependencies all met for dep_context=requeueable deps ti=<TaskInstance: tune_stream_dag.Stage_songs scheduled__2023-01-04T11:00:00+00:00 [queued]>
[2025-07-24T17:29:55.419+0000] {taskinstance.py:2170} INFO - Starting attempt 1 of 4
[2025-07-24T17:29:55.503+0000] {taskinstance.py:2191} INFO - Executing <Task(PythonOperator): Stage_songs> on 2023-01-04 11:00:00+00:00
[2025-07-24T17:29:55.523+0000] {standard_task_runner.py:60} INFO - Started process 2822 to run task
[2025-07-24T17:29:55.538+0000] {standard_task_runner.py:87} INFO - Running: ['***', 'tasks', 'run', 'tune_stream_dag', 'Stage_songs', 'scheduled__2023-01-04T11:00:00+00:00', '--job-id', '2484', '--raw', '--subdir', 'DAGS_FOLDER/etl_pipeline.py', '--cfg-path', '/tmp/tmp2p5pz6us']
[2025-07-24T17:29:55.552+0000] {standard_task_runner.py:88} INFO - Job 2484: Subtask Stage_songs
[2025-07-24T17:29:55.695+0000] {task_command.py:423} INFO - Running <TaskInstance: tune_stream_dag.Stage_songs scheduled__2023-01-04T11:00:00+00:00 [running]> on host 5def55d2a1b5
[2025-07-24T17:29:55.835+0000] {taskinstance.py:2480} INFO - Exporting env vars: AIRFLOW_CTX_DAG_OWNER='genz-legend' AIRFLOW_CTX_DAG_ID='tune_stream_dag' AIRFLOW_CTX_TASK_ID='Stage_songs' AIRFLOW_CTX_EXECUTION_DATE='2023-01-04T11:00:00+00:00' AIRFLOW_CTX_TRY_NUMBER='1' AIRFLOW_CTX_DAG_RUN_ID='scheduled__2023-01-04T11:00:00+00:00'
[2025-07-24T17:30:01.740+0000] {python.py:201} INFO - Done. Returned value was: None
[2025-07-24T17:30:01.842+0000] {taskinstance.py:1138} INFO - Marking task as SUCCESS. dag_id=tune_stream_dag, task_id=Stage_songs, execution_date=20230104T110000, start_date=20250724T172955, end_date=20250724T173001
[2025-07-24T17:30:02.073+0000] {local_task_job_runner.py:234} INFO - Task exited with return code 0
[2025-07-24T17:30:02.222+0000] {taskinstance.py:3280} INFO - 0 downstream tasks scheduled from follow-on schedule check
