[2025-07-24T14:14:12.992+0000] {taskinstance.py:1956} INFO - Dependencies all met for dep_context=non-requeueable deps ti=<TaskInstance: tune_stream_dag.Load_songplays_fact_table scheduled__2023-01-03T00:00:00+00:00 [queued]>
[2025-07-24T14:14:13.017+0000] {taskinstance.py:1956} INFO - Dependencies all met for dep_context=requeueable deps ti=<TaskInstance: tune_stream_dag.Load_songplays_fact_table scheduled__2023-01-03T00:00:00+00:00 [queued]>
[2025-07-24T14:14:13.021+0000] {taskinstance.py:2170} INFO - Starting attempt 1 of 4
[2025-07-24T14:14:13.051+0000] {taskinstance.py:2191} INFO - Executing <Task(PythonOperator): Load_songplays_fact_table> on 2023-01-03 00:00:00+00:00
[2025-07-24T14:14:13.076+0000] {standard_task_runner.py:60} INFO - Started process 373 to run task
[2025-07-24T14:14:13.087+0000] {standard_task_runner.py:87} INFO - Running: ['***', 'tasks', 'run', 'tune_stream_dag', 'Load_songplays_fact_table', 'scheduled__2023-01-03T00:00:00+00:00', '--job-id', '480', '--raw', '--subdir', 'DAGS_FOLDER/etl_pipeline.py', '--cfg-path', '/tmp/tmpmifss3za']
[2025-07-24T14:14:13.102+0000] {standard_task_runner.py:88} INFO - Job 480: Subtask Load_songplays_fact_table
[2025-07-24T14:14:13.235+0000] {task_command.py:423} INFO - Running <TaskInstance: tune_stream_dag.Load_songplays_fact_table scheduled__2023-01-03T00:00:00+00:00 [running]> on host aea62fae55be
[2025-07-24T14:14:13.439+0000] {taskinstance.py:2480} INFO - Exporting env vars: AIRFLOW_CTX_DAG_OWNER='genz-legend' AIRFLOW_CTX_DAG_ID='tune_stream_dag' AIRFLOW_CTX_TASK_ID='Load_songplays_fact_table' AIRFLOW_CTX_EXECUTION_DATE='2023-01-03T00:00:00+00:00' AIRFLOW_CTX_TRY_NUMBER='1' AIRFLOW_CTX_DAG_RUN_ID='scheduled__2023-01-03T00:00:00+00:00'
[2025-07-24T14:14:13.475+0000] {taskinstance.py:2698} ERROR - Task failed with exception
Traceback (most recent call last):
  File "/home/airflow/.local/lib/python3.8/site-packages/airflow/models/taskinstance.py", line 433, in _execute_task
    result = execute_callable(context=context, **execute_callable_kwargs)
  File "/home/airflow/.local/lib/python3.8/site-packages/airflow/operators/python.py", line 199, in execute
    return_value = self.execute_callable()
  File "/home/airflow/.local/lib/python3.8/site-packages/airflow/operators/python.py", line 216, in execute_callable
    return self.python_callable(*self.op_args, **self.op_kwargs)
  File "/opt/airflow/dags/etl_pipeline.py", line 164, in <lambda>
    python_callable=lambda: load_table(SqlQueries.songplay_table_insert),
  File "/opt/airflow/dags/etl_pipeline.py", line 123, in load_table
    cur.execute(f"DELETE FROM {query.split()[3]}")
psycopg2.errors.SyntaxError: syntax error at or near ")"
LINE 1: DELETE FROM events.start_time)
                                     ^

[2025-07-24T14:14:13.516+0000] {taskinstance.py:1138} INFO - Marking task as UP_FOR_RETRY. dag_id=tune_stream_dag, task_id=Load_songplays_fact_table, execution_date=20230103T000000, start_date=20250724T141412, end_date=20250724T141413
[2025-07-24T14:14:13.585+0000] {standard_task_runner.py:107} ERROR - Failed to execute job 480 for task Load_songplays_fact_table (syntax error at or near ")"
LINE 1: DELETE FROM events.start_time)
                                     ^
; 373)
[2025-07-24T14:14:13.668+0000] {local_task_job_runner.py:234} INFO - Task exited with return code 1
[2025-07-24T14:14:14.265+0000] {taskinstance.py:3280} INFO - 0 downstream tasks scheduled from follow-on schedule check
[2025-07-24T17:25:00.086+0000] {taskinstance.py:1956} INFO - Dependencies all met for dep_context=non-requeueable deps ti=<TaskInstance: tune_stream_dag.Load_songplays_fact_table scheduled__2023-01-03T00:00:00+00:00 [queued]>
[2025-07-24T17:25:00.096+0000] {taskinstance.py:1956} INFO - Dependencies all met for dep_context=requeueable deps ti=<TaskInstance: tune_stream_dag.Load_songplays_fact_table scheduled__2023-01-03T00:00:00+00:00 [queued]>
[2025-07-24T17:25:00.097+0000] {taskinstance.py:2170} INFO - Starting attempt 1 of 4
[2025-07-24T17:25:00.166+0000] {taskinstance.py:2191} INFO - Executing <Task(PythonOperator): Load_songplays_fact_table> on 2023-01-03 00:00:00+00:00
[2025-07-24T17:25:00.185+0000] {standard_task_runner.py:60} INFO - Started process 2064 to run task
[2025-07-24T17:25:00.197+0000] {standard_task_runner.py:87} INFO - Running: ['***', 'tasks', 'run', 'tune_stream_dag', 'Load_songplays_fact_table', 'scheduled__2023-01-03T00:00:00+00:00', '--job-id', '2251', '--raw', '--subdir', 'DAGS_FOLDER/etl_pipeline.py', '--cfg-path', '/tmp/tmpyrfh9tpw']
[2025-07-24T17:25:00.209+0000] {standard_task_runner.py:88} INFO - Job 2251: Subtask Load_songplays_fact_table
[2025-07-24T17:25:00.506+0000] {task_command.py:423} INFO - Running <TaskInstance: tune_stream_dag.Load_songplays_fact_table scheduled__2023-01-03T00:00:00+00:00 [running]> on host 5def55d2a1b5
[2025-07-24T17:25:00.764+0000] {taskinstance.py:2480} INFO - Exporting env vars: AIRFLOW_CTX_DAG_OWNER='genz-legend' AIRFLOW_CTX_DAG_ID='tune_stream_dag' AIRFLOW_CTX_TASK_ID='Load_songplays_fact_table' AIRFLOW_CTX_EXECUTION_DATE='2023-01-03T00:00:00+00:00' AIRFLOW_CTX_TRY_NUMBER='1' AIRFLOW_CTX_DAG_RUN_ID='scheduled__2023-01-03T00:00:00+00:00'
[2025-07-24T17:25:24.656+0000] {python.py:201} INFO - Done. Returned value was: None
[2025-07-24T17:25:24.802+0000] {taskinstance.py:1138} INFO - Marking task as SUCCESS. dag_id=tune_stream_dag, task_id=Load_songplays_fact_table, execution_date=20230103T000000, start_date=20250724T172500, end_date=20250724T172524
[2025-07-24T17:25:25.627+0000] {local_task_job_runner.py:234} INFO - Task exited with return code 0
[2025-07-24T17:25:25.960+0000] {taskinstance.py:3280} INFO - 4 downstream tasks scheduled from follow-on schedule check
