[2025-07-24T14:46:05.068+0000] {taskinstance.py:1956} INFO - Dependencies all met for dep_context=non-requeueable deps ti=<TaskInstance: tune_stream_dag.Load_songplays_fact_table scheduled__2023-01-04T10:00:00+00:00 [queued]>
[2025-07-24T14:46:05.091+0000] {taskinstance.py:1956} INFO - Dependencies all met for dep_context=requeueable deps ti=<TaskInstance: tune_stream_dag.Load_songplays_fact_table scheduled__2023-01-04T10:00:00+00:00 [queued]>
[2025-07-24T14:46:05.093+0000] {taskinstance.py:2170} INFO - Starting attempt 1 of 4
[2025-07-24T14:46:05.125+0000] {taskinstance.py:2191} INFO - Executing <Task(PythonOperator): Load_songplays_fact_table> on 2023-01-04 10:00:00+00:00
[2025-07-24T14:46:05.138+0000] {standard_task_runner.py:60} INFO - Started process 535 to run task
[2025-07-24T14:46:05.144+0000] {standard_task_runner.py:87} INFO - Running: ['***', 'tasks', 'run', 'tune_stream_dag', 'Load_songplays_fact_table', 'scheduled__2023-01-04T10:00:00+00:00', '--job-id', '679', '--raw', '--subdir', 'DAGS_FOLDER/etl_pipeline.py', '--cfg-path', '/tmp/tmphfjgtb8j']
[2025-07-24T14:46:05.148+0000] {standard_task_runner.py:88} INFO - Job 679: Subtask Load_songplays_fact_table
[2025-07-24T14:46:05.391+0000] {task_command.py:423} INFO - Running <TaskInstance: tune_stream_dag.Load_songplays_fact_table scheduled__2023-01-04T10:00:00+00:00 [running]> on host aea62fae55be
[2025-07-24T14:46:05.627+0000] {taskinstance.py:2480} INFO - Exporting env vars: AIRFLOW_CTX_DAG_OWNER='genz-legend' AIRFLOW_CTX_DAG_ID='tune_stream_dag' AIRFLOW_CTX_TASK_ID='Load_songplays_fact_table' AIRFLOW_CTX_EXECUTION_DATE='2023-01-04T10:00:00+00:00' AIRFLOW_CTX_TRY_NUMBER='1' AIRFLOW_CTX_DAG_RUN_ID='scheduled__2023-01-04T10:00:00+00:00'
[2025-07-24T14:46:05.635+0000] {taskinstance.py:2698} ERROR - Task failed with exception
Traceback (most recent call last):
  File "/home/airflow/.local/lib/python3.8/site-packages/airflow/models/taskinstance.py", line 433, in _execute_task
    result = execute_callable(context=context, **execute_callable_kwargs)
  File "/home/airflow/.local/lib/python3.8/site-packages/airflow/operators/python.py", line 199, in execute
    return_value = self.execute_callable()
  File "/home/airflow/.local/lib/python3.8/site-packages/airflow/operators/python.py", line 216, in execute_callable
    return self.python_callable(*self.op_args, **self.op_kwargs)
  File "/opt/airflow/dags/etl_pipeline.py", line 170, in <lambda>
    python_callable=lambda: load_table(SqlQueries.songplay_table_insert),
TypeError: load_table() missing 1 required positional argument: 'table'
[2025-07-24T14:46:05.681+0000] {taskinstance.py:1138} INFO - Marking task as UP_FOR_RETRY. dag_id=tune_stream_dag, task_id=Load_songplays_fact_table, execution_date=20230104T100000, start_date=20250724T144605, end_date=20250724T144605
[2025-07-24T14:46:05.722+0000] {standard_task_runner.py:107} ERROR - Failed to execute job 679 for task Load_songplays_fact_table (load_table() missing 1 required positional argument: 'table'; 535)
[2025-07-24T14:46:05.760+0000] {local_task_job_runner.py:234} INFO - Task exited with return code 1
[2025-07-24T14:46:06.208+0000] {taskinstance.py:3280} INFO - 0 downstream tasks scheduled from follow-on schedule check
[2025-07-24T17:30:36.262+0000] {taskinstance.py:1956} INFO - Dependencies all met for dep_context=non-requeueable deps ti=<TaskInstance: tune_stream_dag.Load_songplays_fact_table scheduled__2023-01-04T10:00:00+00:00 [queued]>
[2025-07-24T17:30:36.276+0000] {taskinstance.py:1956} INFO - Dependencies all met for dep_context=requeueable deps ti=<TaskInstance: tune_stream_dag.Load_songplays_fact_table scheduled__2023-01-04T10:00:00+00:00 [queued]>
[2025-07-24T17:30:36.278+0000] {taskinstance.py:2170} INFO - Starting attempt 1 of 4
[2025-07-24T17:30:36.295+0000] {taskinstance.py:2191} INFO - Executing <Task(PythonOperator): Load_songplays_fact_table> on 2023-01-04 10:00:00+00:00
[2025-07-24T17:30:36.312+0000] {standard_task_runner.py:60} INFO - Started process 2901 to run task
[2025-07-24T17:30:36.322+0000] {standard_task_runner.py:87} INFO - Running: ['***', 'tasks', 'run', 'tune_stream_dag', 'Load_songplays_fact_table', 'scheduled__2023-01-04T10:00:00+00:00', '--job-id', '2507', '--raw', '--subdir', 'DAGS_FOLDER/etl_pipeline.py', '--cfg-path', '/tmp/tmppvczt7dj']
[2025-07-24T17:30:36.333+0000] {standard_task_runner.py:88} INFO - Job 2507: Subtask Load_songplays_fact_table
[2025-07-24T17:30:36.863+0000] {task_command.py:423} INFO - Running <TaskInstance: tune_stream_dag.Load_songplays_fact_table scheduled__2023-01-04T10:00:00+00:00 [running]> on host 5def55d2a1b5
[2025-07-24T17:30:37.787+0000] {taskinstance.py:2480} INFO - Exporting env vars: AIRFLOW_CTX_DAG_OWNER='genz-legend' AIRFLOW_CTX_DAG_ID='tune_stream_dag' AIRFLOW_CTX_TASK_ID='Load_songplays_fact_table' AIRFLOW_CTX_EXECUTION_DATE='2023-01-04T10:00:00+00:00' AIRFLOW_CTX_TRY_NUMBER='1' AIRFLOW_CTX_DAG_RUN_ID='scheduled__2023-01-04T10:00:00+00:00'
[2025-07-24T17:30:57.279+0000] {python.py:201} INFO - Done. Returned value was: None
[2025-07-24T17:30:57.305+0000] {taskinstance.py:1138} INFO - Marking task as SUCCESS. dag_id=tune_stream_dag, task_id=Load_songplays_fact_table, execution_date=20230104T100000, start_date=20250724T173036, end_date=20250724T173057
[2025-07-24T17:30:57.389+0000] {local_task_job_runner.py:234} INFO - Task exited with return code 0
[2025-07-24T17:30:57.425+0000] {taskinstance.py:3280} INFO - 4 downstream tasks scheduled from follow-on schedule check
