[2025-07-24T15:22:09.450+0000] {taskinstance.py:1956} INFO - Dependencies all met for dep_context=non-requeueable deps ti=<TaskInstance: tune_stream_dag.Load_songplays_fact_table scheduled__2023-01-04T18:00:00+00:00 [queued]>
[2025-07-24T15:22:09.528+0000] {taskinstance.py:1956} INFO - Dependencies all met for dep_context=requeueable deps ti=<TaskInstance: tune_stream_dag.Load_songplays_fact_table scheduled__2023-01-04T18:00:00+00:00 [queued]>
[2025-07-24T15:22:09.532+0000] {taskinstance.py:2170} INFO - Starting attempt 4 of 4
[2025-07-24T15:22:09.675+0000] {taskinstance.py:2191} INFO - Executing <Task(PythonOperator): Load_songplays_fact_table> on 2023-01-04 18:00:00+00:00
[2025-07-24T15:22:09.687+0000] {standard_task_runner.py:60} INFO - Started process 765 to run task
[2025-07-24T15:22:09.691+0000] {standard_task_runner.py:87} INFO - Running: ['***', 'tasks', 'run', 'tune_stream_dag', 'Load_songplays_fact_table', 'scheduled__2023-01-04T18:00:00+00:00', '--job-id', '856', '--raw', '--subdir', 'DAGS_FOLDER/etl_pipeline.py', '--cfg-path', '/tmp/tmp4jcq3wb7']
[2025-07-24T15:22:09.693+0000] {standard_task_runner.py:88} INFO - Job 856: Subtask Load_songplays_fact_table
[2025-07-24T15:22:09.957+0000] {task_command.py:423} INFO - Running <TaskInstance: tune_stream_dag.Load_songplays_fact_table scheduled__2023-01-04T18:00:00+00:00 [running]> on host c53547d84df1
[2025-07-24T15:22:10.163+0000] {taskinstance.py:2480} INFO - Exporting env vars: AIRFLOW_CTX_DAG_OWNER='genz-legend' AIRFLOW_CTX_DAG_ID='tune_stream_dag' AIRFLOW_CTX_TASK_ID='Load_songplays_fact_table' AIRFLOW_CTX_EXECUTION_DATE='2023-01-04T18:00:00+00:00' AIRFLOW_CTX_TRY_NUMBER='4' AIRFLOW_CTX_DAG_RUN_ID='scheduled__2023-01-04T18:00:00+00:00'
[2025-07-24T15:22:10.260+0000] {taskinstance.py:2698} ERROR - Task failed with exception
Traceback (most recent call last):
  File "/home/airflow/.local/lib/python3.8/site-packages/airflow/models/taskinstance.py", line 433, in _execute_task
    result = execute_callable(context=context, **execute_callable_kwargs)
  File "/home/airflow/.local/lib/python3.8/site-packages/airflow/operators/python.py", line 199, in execute
    return_value = self.execute_callable()
  File "/home/airflow/.local/lib/python3.8/site-packages/airflow/operators/python.py", line 216, in execute_callable
    return self.python_callable(*self.op_args, **self.op_kwargs)
  File "/opt/airflow/dags/etl_pipeline.py", line 172, in <lambda>
    task_id='Load_songplays_fact_table',
  File "/opt/airflow/dags/etl_pipeline.py", line 131, in load_table
    cur.execute(f"DELETE FROM {table}")
psycopg2.errors.UniqueViolation: duplicate key value violates unique constraint "songplays_pkey"
DETAIL:  Key (playid)=(db4676a4eaa4c31c7e648cdb5f78ab6c) already exists.

[2025-07-24T15:22:10.278+0000] {taskinstance.py:1138} INFO - Marking task as FAILED. dag_id=tune_stream_dag, task_id=Load_songplays_fact_table, execution_date=20230104T180000, start_date=20250724T152209, end_date=20250724T152210
[2025-07-24T15:22:10.380+0000] {standard_task_runner.py:107} ERROR - Failed to execute job 856 for task Load_songplays_fact_table (duplicate key value violates unique constraint "songplays_pkey"
DETAIL:  Key (playid)=(db4676a4eaa4c31c7e648cdb5f78ab6c) already exists.
; 765)
[2025-07-24T15:22:10.413+0000] {local_task_job_runner.py:234} INFO - Task exited with return code 1
[2025-07-24T15:22:10.815+0000] {taskinstance.py:3280} INFO - 0 downstream tasks scheduled from follow-on schedule check
