[2025-07-22T10:32:37.990+0000] {taskinstance.py:1956} INFO - Dependencies all met for dep_context=non-requeueable deps ti=<TaskInstance: tune_stream_dag.Load_songplays_fact_table scheduled__2023-01-02T02:00:00+00:00 [queued]>
[2025-07-22T10:32:37.998+0000] {taskinstance.py:1956} INFO - Dependencies all met for dep_context=requeueable deps ti=<TaskInstance: tune_stream_dag.Load_songplays_fact_table scheduled__2023-01-02T02:00:00+00:00 [queued]>
[2025-07-22T10:32:37.999+0000] {taskinstance.py:2170} INFO - Starting attempt 1 of 4
[2025-07-22T10:32:38.020+0000] {taskinstance.py:2191} INFO - Executing <Task(PythonOperator): Load_songplays_fact_table> on 2023-01-02 02:00:00+00:00
[2025-07-22T10:32:38.029+0000] {standard_task_runner.py:60} INFO - Started process 227 to run task
[2025-07-22T10:32:38.034+0000] {standard_task_runner.py:87} INFO - Running: ['***', 'tasks', 'run', 'tune_stream_dag', 'Load_songplays_fact_table', 'scheduled__2023-01-02T02:00:00+00:00', '--job-id', '270', '--raw', '--subdir', 'DAGS_FOLDER/etl_pipeline.py', '--cfg-path', '/tmp/tmp6b9e_vrr']
[2025-07-22T10:32:38.038+0000] {standard_task_runner.py:88} INFO - Job 270: Subtask Load_songplays_fact_table
[2025-07-22T10:32:38.255+0000] {task_command.py:423} INFO - Running <TaskInstance: tune_stream_dag.Load_songplays_fact_table scheduled__2023-01-02T02:00:00+00:00 [running]> on host a2a13a541787
[2025-07-22T10:32:38.455+0000] {taskinstance.py:2480} INFO - Exporting env vars: AIRFLOW_CTX_DAG_OWNER='genz-legend' AIRFLOW_CTX_DAG_ID='tune_stream_dag' AIRFLOW_CTX_TASK_ID='Load_songplays_fact_table' AIRFLOW_CTX_EXECUTION_DATE='2023-01-02T02:00:00+00:00' AIRFLOW_CTX_TRY_NUMBER='1' AIRFLOW_CTX_DAG_RUN_ID='scheduled__2023-01-02T02:00:00+00:00'
[2025-07-22T10:32:38.465+0000] {taskinstance.py:2698} ERROR - Task failed with exception
Traceback (most recent call last):
  File "/home/airflow/.local/lib/python3.8/site-packages/airflow/models/taskinstance.py", line 433, in _execute_task
    result = execute_callable(context=context, **execute_callable_kwargs)
  File "/home/airflow/.local/lib/python3.8/site-packages/airflow/operators/python.py", line 199, in execute
    return_value = self.execute_callable()
  File "/home/airflow/.local/lib/python3.8/site-packages/airflow/operators/python.py", line 216, in execute_callable
    return self.python_callable(*self.op_args, **self.op_kwargs)
  File "/opt/airflow/dags/etl_pipeline.py", line 168, in <lambda>
    python_callable=lambda: load_table(SqlQueries.songplay_table_insert),
  File "/opt/airflow/dags/etl_pipeline.py", line 127, in load_table
    cur.execute(f"DELETE FROM {query.split()[3]}")
psycopg2.errors.SyntaxError: syntax error at or near ")"
LINE 1: DELETE FROM events.start_time)
                                     ^

[2025-07-22T10:32:38.476+0000] {taskinstance.py:1138} INFO - Marking task as UP_FOR_RETRY. dag_id=tune_stream_dag, task_id=Load_songplays_fact_table, execution_date=20230102T020000, start_date=20250722T103237, end_date=20250722T103238
[2025-07-22T10:32:38.521+0000] {standard_task_runner.py:107} ERROR - Failed to execute job 270 for task Load_songplays_fact_table (syntax error at or near ")"
LINE 1: DELETE FROM events.start_time)
                                     ^
; 227)
[2025-07-22T10:32:38.570+0000] {local_task_job_runner.py:234} INFO - Task exited with return code 1
[2025-07-22T10:32:38.594+0000] {taskinstance.py:3280} INFO - 0 downstream tasks scheduled from follow-on schedule check
[2025-07-24T15:59:21.337+0000] {taskinstance.py:1956} INFO - Dependencies all met for dep_context=non-requeueable deps ti=<TaskInstance: tune_stream_dag.Load_songplays_fact_table scheduled__2023-01-02T02:00:00+00:00 [queued]>
[2025-07-24T15:59:21.345+0000] {taskinstance.py:1956} INFO - Dependencies all met for dep_context=requeueable deps ti=<TaskInstance: tune_stream_dag.Load_songplays_fact_table scheduled__2023-01-02T02:00:00+00:00 [queued]>
[2025-07-24T15:59:21.345+0000] {taskinstance.py:2170} INFO - Starting attempt 1 of 4
[2025-07-24T15:59:21.355+0000] {taskinstance.py:2191} INFO - Executing <Task(PythonOperator): Load_songplays_fact_table> on 2023-01-02 02:00:00+00:00
[2025-07-24T15:59:21.361+0000] {standard_task_runner.py:60} INFO - Started process 1374 to run task
[2025-07-24T15:59:21.363+0000] {standard_task_runner.py:87} INFO - Running: ['***', 'tasks', 'run', 'tune_stream_dag', 'Load_songplays_fact_table', 'scheduled__2023-01-02T02:00:00+00:00', '--job-id', '1243', '--raw', '--subdir', 'DAGS_FOLDER/etl_pipeline.py', '--cfg-path', '/tmp/tmpfe5f0b5z']
[2025-07-24T15:59:21.366+0000] {standard_task_runner.py:88} INFO - Job 1243: Subtask Load_songplays_fact_table
[2025-07-24T15:59:21.432+0000] {task_command.py:423} INFO - Running <TaskInstance: tune_stream_dag.Load_songplays_fact_table scheduled__2023-01-02T02:00:00+00:00 [running]> on host c53547d84df1
[2025-07-24T15:59:21.515+0000] {taskinstance.py:2480} INFO - Exporting env vars: AIRFLOW_CTX_DAG_OWNER='genz-legend' AIRFLOW_CTX_DAG_ID='tune_stream_dag' AIRFLOW_CTX_TASK_ID='Load_songplays_fact_table' AIRFLOW_CTX_EXECUTION_DATE='2023-01-02T02:00:00+00:00' AIRFLOW_CTX_TRY_NUMBER='1' AIRFLOW_CTX_DAG_RUN_ID='scheduled__2023-01-02T02:00:00+00:00'
[2025-07-24T15:59:25.350+0000] {python.py:201} INFO - Done. Returned value was: None
[2025-07-24T15:59:25.360+0000] {taskinstance.py:1138} INFO - Marking task as SUCCESS. dag_id=tune_stream_dag, task_id=Load_songplays_fact_table, execution_date=20230102T020000, start_date=20250724T155921, end_date=20250724T155925
[2025-07-24T15:59:25.472+0000] {local_task_job_runner.py:234} INFO - Task exited with return code 0
[2025-07-24T15:59:25.508+0000] {taskinstance.py:3280} INFO - 4 downstream tasks scheduled from follow-on schedule check
[2025-07-24T16:34:33.281+0000] {taskinstance.py:1956} INFO - Dependencies all met for dep_context=non-requeueable deps ti=<TaskInstance: tune_stream_dag.Load_songplays_fact_table scheduled__2023-01-02T02:00:00+00:00 [queued]>
[2025-07-24T16:34:33.290+0000] {taskinstance.py:1956} INFO - Dependencies all met for dep_context=requeueable deps ti=<TaskInstance: tune_stream_dag.Load_songplays_fact_table scheduled__2023-01-02T02:00:00+00:00 [queued]>
[2025-07-24T16:34:33.291+0000] {taskinstance.py:2170} INFO - Starting attempt 1 of 4
[2025-07-24T16:34:33.303+0000] {taskinstance.py:2191} INFO - Executing <Task(PythonOperator): Load_songplays_fact_table> on 2023-01-02 02:00:00+00:00
[2025-07-24T16:34:33.310+0000] {standard_task_runner.py:60} INFO - Started process 1238 to run task
[2025-07-24T16:34:33.313+0000] {standard_task_runner.py:87} INFO - Running: ['***', 'tasks', 'run', 'tune_stream_dag', 'Load_songplays_fact_table', 'scheduled__2023-01-02T02:00:00+00:00', '--job-id', '1624', '--raw', '--subdir', 'DAGS_FOLDER/etl_pipeline.py', '--cfg-path', '/tmp/tmpmq54kooe']
[2025-07-24T16:34:33.316+0000] {standard_task_runner.py:88} INFO - Job 1624: Subtask Load_songplays_fact_table
[2025-07-24T16:34:33.401+0000] {task_command.py:423} INFO - Running <TaskInstance: tune_stream_dag.Load_songplays_fact_table scheduled__2023-01-02T02:00:00+00:00 [running]> on host c53547d84df1
[2025-07-24T16:34:33.481+0000] {taskinstance.py:2480} INFO - Exporting env vars: AIRFLOW_CTX_DAG_OWNER='genz-legend' AIRFLOW_CTX_DAG_ID='tune_stream_dag' AIRFLOW_CTX_TASK_ID='Load_songplays_fact_table' AIRFLOW_CTX_EXECUTION_DATE='2023-01-02T02:00:00+00:00' AIRFLOW_CTX_TRY_NUMBER='1' AIRFLOW_CTX_DAG_RUN_ID='scheduled__2023-01-02T02:00:00+00:00'
[2025-07-24T16:34:37.757+0000] {python.py:201} INFO - Done. Returned value was: None
[2025-07-24T16:34:37.780+0000] {taskinstance.py:1138} INFO - Marking task as SUCCESS. dag_id=tune_stream_dag, task_id=Load_songplays_fact_table, execution_date=20230102T020000, start_date=20250724T163433, end_date=20250724T163437
[2025-07-24T16:34:37.867+0000] {local_task_job_runner.py:234} INFO - Task exited with return code 0
[2025-07-24T16:34:37.964+0000] {taskinstance.py:3280} INFO - 4 downstream tasks scheduled from follow-on schedule check
[2025-07-24T17:13:27.063+0000] {taskinstance.py:1956} INFO - Dependencies all met for dep_context=non-requeueable deps ti=<TaskInstance: tune_stream_dag.Load_songplays_fact_table scheduled__2023-01-02T02:00:00+00:00 [queued]>
[2025-07-24T17:13:27.074+0000] {taskinstance.py:1956} INFO - Dependencies all met for dep_context=requeueable deps ti=<TaskInstance: tune_stream_dag.Load_songplays_fact_table scheduled__2023-01-02T02:00:00+00:00 [queued]>
[2025-07-24T17:13:27.074+0000] {taskinstance.py:2170} INFO - Starting attempt 1 of 4
[2025-07-24T17:13:27.085+0000] {taskinstance.py:2191} INFO - Executing <Task(PythonOperator): Load_songplays_fact_table> on 2023-01-02 02:00:00+00:00
[2025-07-24T17:13:27.091+0000] {standard_task_runner.py:60} INFO - Started process 1210 to run task
[2025-07-24T17:13:27.094+0000] {standard_task_runner.py:87} INFO - Running: ['***', 'tasks', 'run', 'tune_stream_dag', 'Load_songplays_fact_table', 'scheduled__2023-01-02T02:00:00+00:00', '--job-id', '2015', '--raw', '--subdir', 'DAGS_FOLDER/etl_pipeline.py', '--cfg-path', '/tmp/tmpihc9uz18']
[2025-07-24T17:13:27.098+0000] {standard_task_runner.py:88} INFO - Job 2015: Subtask Load_songplays_fact_table
[2025-07-24T17:13:27.179+0000] {task_command.py:423} INFO - Running <TaskInstance: tune_stream_dag.Load_songplays_fact_table scheduled__2023-01-02T02:00:00+00:00 [running]> on host 5def55d2a1b5
[2025-07-24T17:13:27.249+0000] {taskinstance.py:2480} INFO - Exporting env vars: AIRFLOW_CTX_DAG_OWNER='genz-legend' AIRFLOW_CTX_DAG_ID='tune_stream_dag' AIRFLOW_CTX_TASK_ID='Load_songplays_fact_table' AIRFLOW_CTX_EXECUTION_DATE='2023-01-02T02:00:00+00:00' AIRFLOW_CTX_TRY_NUMBER='1' AIRFLOW_CTX_DAG_RUN_ID='scheduled__2023-01-02T02:00:00+00:00'
[2025-07-24T17:13:34.127+0000] {python.py:201} INFO - Done. Returned value was: None
[2025-07-24T17:13:34.139+0000] {taskinstance.py:1138} INFO - Marking task as SUCCESS. dag_id=tune_stream_dag, task_id=Load_songplays_fact_table, execution_date=20230102T020000, start_date=20250724T171327, end_date=20250724T171334
[2025-07-24T17:13:34.345+0000] {local_task_job_runner.py:234} INFO - Task exited with return code 0
[2025-07-24T17:13:34.388+0000] {taskinstance.py:3280} INFO - 4 downstream tasks scheduled from follow-on schedule check
