[2025-07-24T15:59:27.931+0000] {taskinstance.py:1956} INFO - Dependencies all met for dep_context=non-requeueable deps ti=<TaskInstance: tune_stream_dag.Load_artist_dim_table scheduled__2023-01-02T02:00:00+00:00 [queued]>
[2025-07-24T15:59:27.946+0000] {taskinstance.py:1956} INFO - Dependencies all met for dep_context=requeueable deps ti=<TaskInstance: tune_stream_dag.Load_artist_dim_table scheduled__2023-01-02T02:00:00+00:00 [queued]>
[2025-07-24T15:59:27.948+0000] {taskinstance.py:2170} INFO - Starting attempt 1 of 4
[2025-07-24T15:59:27.966+0000] {taskinstance.py:2191} INFO - Executing <Task(PythonOperator): Load_artist_dim_table> on 2023-01-02 02:00:00+00:00
[2025-07-24T15:59:27.976+0000] {standard_task_runner.py:60} INFO - Started process 1405 to run task
[2025-07-24T15:59:27.980+0000] {standard_task_runner.py:87} INFO - Running: ['***', 'tasks', 'run', 'tune_stream_dag', 'Load_artist_dim_table', 'scheduled__2023-01-02T02:00:00+00:00', '--job-id', '1248', '--raw', '--subdir', 'DAGS_FOLDER/etl_pipeline.py', '--cfg-path', '/tmp/tmpb520m3ee']
[2025-07-24T15:59:27.985+0000] {standard_task_runner.py:88} INFO - Job 1248: Subtask Load_artist_dim_table
[2025-07-24T15:59:28.080+0000] {task_command.py:423} INFO - Running <TaskInstance: tune_stream_dag.Load_artist_dim_table scheduled__2023-01-02T02:00:00+00:00 [running]> on host c53547d84df1
[2025-07-24T15:59:28.175+0000] {taskinstance.py:2480} INFO - Exporting env vars: AIRFLOW_CTX_DAG_OWNER='genz-legend' AIRFLOW_CTX_DAG_ID='tune_stream_dag' AIRFLOW_CTX_TASK_ID='Load_artist_dim_table' AIRFLOW_CTX_EXECUTION_DATE='2023-01-02T02:00:00+00:00' AIRFLOW_CTX_TRY_NUMBER='1' AIRFLOW_CTX_DAG_RUN_ID='scheduled__2023-01-02T02:00:00+00:00'
[2025-07-24T15:59:28.190+0000] {python.py:201} INFO - Done. Returned value was: None
[2025-07-24T15:59:28.204+0000] {taskinstance.py:1138} INFO - Marking task as SUCCESS. dag_id=tune_stream_dag, task_id=Load_artist_dim_table, execution_date=20230102T020000, start_date=20250724T155927, end_date=20250724T155928
[2025-07-24T15:59:28.274+0000] {local_task_job_runner.py:234} INFO - Task exited with return code 0
[2025-07-24T15:59:28.478+0000] {taskinstance.py:3280} INFO - 0 downstream tasks scheduled from follow-on schedule check
[2025-07-24T16:35:08.997+0000] {taskinstance.py:1956} INFO - Dependencies all met for dep_context=non-requeueable deps ti=<TaskInstance: tune_stream_dag.Load_artist_dim_table scheduled__2023-01-02T02:00:00+00:00 [queued]>
[2025-07-24T16:35:09.102+0000] {taskinstance.py:1956} INFO - Dependencies all met for dep_context=requeueable deps ti=<TaskInstance: tune_stream_dag.Load_artist_dim_table scheduled__2023-01-02T02:00:00+00:00 [queued]>
[2025-07-24T16:35:09.107+0000] {taskinstance.py:2170} INFO - Starting attempt 1 of 4
[2025-07-24T16:35:09.276+0000] {taskinstance.py:2191} INFO - Executing <Task(PythonOperator): Load_artist_dim_table> on 2023-01-02 02:00:00+00:00
[2025-07-24T16:35:09.355+0000] {standard_task_runner.py:60} INFO - Started process 1357 to run task
[2025-07-24T16:35:09.369+0000] {standard_task_runner.py:87} INFO - Running: ['***', 'tasks', 'run', 'tune_stream_dag', 'Load_artist_dim_table', 'scheduled__2023-01-02T02:00:00+00:00', '--job-id', '1656', '--raw', '--subdir', 'DAGS_FOLDER/etl_pipeline.py', '--cfg-path', '/tmp/tmp1hae6b3a']
[2025-07-24T16:35:09.400+0000] {standard_task_runner.py:88} INFO - Job 1656: Subtask Load_artist_dim_table
[2025-07-24T16:35:09.769+0000] {task_command.py:423} INFO - Running <TaskInstance: tune_stream_dag.Load_artist_dim_table scheduled__2023-01-02T02:00:00+00:00 [running]> on host c53547d84df1
[2025-07-24T16:35:10.454+0000] {taskinstance.py:2480} INFO - Exporting env vars: AIRFLOW_CTX_DAG_OWNER='genz-legend' AIRFLOW_CTX_DAG_ID='tune_stream_dag' AIRFLOW_CTX_TASK_ID='Load_artist_dim_table' AIRFLOW_CTX_EXECUTION_DATE='2023-01-02T02:00:00+00:00' AIRFLOW_CTX_TRY_NUMBER='1' AIRFLOW_CTX_DAG_RUN_ID='scheduled__2023-01-02T02:00:00+00:00'
[2025-07-24T16:35:10.690+0000] {python.py:201} INFO - Done. Returned value was: None
[2025-07-24T16:35:10.747+0000] {taskinstance.py:1138} INFO - Marking task as SUCCESS. dag_id=tune_stream_dag, task_id=Load_artist_dim_table, execution_date=20230102T020000, start_date=20250724T163509, end_date=20250724T163510
[2025-07-24T16:35:10.899+0000] {local_task_job_runner.py:234} INFO - Task exited with return code 0
[2025-07-24T16:35:11.461+0000] {taskinstance.py:3280} INFO - 0 downstream tasks scheduled from follow-on schedule check
[2025-07-24T17:14:07.471+0000] {taskinstance.py:1956} INFO - Dependencies all met for dep_context=non-requeueable deps ti=<TaskInstance: tune_stream_dag.Load_artist_dim_table scheduled__2023-01-02T02:00:00+00:00 [queued]>
[2025-07-24T17:14:07.362+0000] {taskinstance.py:1956} INFO - Dependencies all met for dep_context=requeueable deps ti=<TaskInstance: tune_stream_dag.Load_artist_dim_table scheduled__2023-01-02T02:00:00+00:00 [queued]>
[2025-07-24T17:14:07.368+0000] {taskinstance.py:2170} INFO - Starting attempt 1 of 4
[2025-07-24T17:14:07.484+0000] {taskinstance.py:2191} INFO - Executing <Task(PythonOperator): Load_artist_dim_table> on 2023-01-02 02:00:00+00:00
[2025-07-24T17:14:07.540+0000] {standard_task_runner.py:60} INFO - Started process 1350 to run task
[2025-07-24T17:14:07.565+0000] {standard_task_runner.py:87} INFO - Running: ['***', 'tasks', 'run', 'tune_stream_dag', 'Load_artist_dim_table', 'scheduled__2023-01-02T02:00:00+00:00', '--job-id', '2054', '--raw', '--subdir', 'DAGS_FOLDER/etl_pipeline.py', '--cfg-path', '/tmp/tmpm_q961t9']
[2025-07-24T17:14:07.640+0000] {standard_task_runner.py:88} INFO - Job 2054: Subtask Load_artist_dim_table
[2025-07-24T17:14:07.853+0000] {task_command.py:423} INFO - Running <TaskInstance: tune_stream_dag.Load_artist_dim_table scheduled__2023-01-02T02:00:00+00:00 [running]> on host 5def55d2a1b5
[2025-07-24T17:14:08.296+0000] {taskinstance.py:2480} INFO - Exporting env vars: AIRFLOW_CTX_DAG_OWNER='genz-legend' AIRFLOW_CTX_DAG_ID='tune_stream_dag' AIRFLOW_CTX_TASK_ID='Load_artist_dim_table' AIRFLOW_CTX_EXECUTION_DATE='2023-01-02T02:00:00+00:00' AIRFLOW_CTX_TRY_NUMBER='1' AIRFLOW_CTX_DAG_RUN_ID='scheduled__2023-01-02T02:00:00+00:00'
[2025-07-24T17:14:08.947+0000] {python.py:201} INFO - Done. Returned value was: None
[2025-07-24T17:14:09.015+0000] {taskinstance.py:1138} INFO - Marking task as SUCCESS. dag_id=tune_stream_dag, task_id=Load_artist_dim_table, execution_date=20230102T020000, start_date=20250724T171407, end_date=20250724T171409
[2025-07-24T17:14:09.134+0000] {local_task_job_runner.py:234} INFO - Task exited with return code 0
[2025-07-24T17:14:09.903+0000] {taskinstance.py:3280} INFO - 0 downstream tasks scheduled from follow-on schedule check
