[2025-07-24T14:13:47.069+0000] {taskinstance.py:1956} INFO - Dependencies all met for dep_context=non-requeueable deps ti=<TaskInstance: tune_stream_dag.Stage_songs scheduled__2023-01-02T22:00:00+00:00 [queued]>
[2025-07-24T14:13:47.080+0000] {taskinstance.py:1956} INFO - Dependencies all met for dep_context=requeueable deps ti=<TaskInstance: tune_stream_dag.Stage_songs scheduled__2023-01-02T22:00:00+00:00 [queued]>
[2025-07-24T14:13:47.081+0000] {taskinstance.py:2170} INFO - Starting attempt 1 of 4
[2025-07-24T14:13:47.103+0000] {taskinstance.py:2191} INFO - Executing <Task(PythonOperator): Stage_songs> on 2023-01-02 22:00:00+00:00
[2025-07-24T14:13:47.110+0000] {standard_task_runner.py:60} INFO - Started process 283 to run task
[2025-07-24T14:13:47.114+0000] {standard_task_runner.py:87} INFO - Running: ['***', 'tasks', 'run', 'tune_stream_dag', 'Stage_songs', 'scheduled__2023-01-02T22:00:00+00:00', '--job-id', '453', '--raw', '--subdir', 'DAGS_FOLDER/etl_pipeline.py', '--cfg-path', '/tmp/tmpollcu51s']
[2025-07-24T14:13:47.119+0000] {standard_task_runner.py:88} INFO - Job 453: Subtask Stage_songs
[2025-07-24T14:13:47.251+0000] {task_command.py:423} INFO - Running <TaskInstance: tune_stream_dag.Stage_songs scheduled__2023-01-02T22:00:00+00:00 [running]> on host aea62fae55be
[2025-07-24T14:13:47.432+0000] {taskinstance.py:2480} INFO - Exporting env vars: AIRFLOW_CTX_DAG_OWNER='genz-legend' AIRFLOW_CTX_DAG_ID='tune_stream_dag' AIRFLOW_CTX_TASK_ID='Stage_songs' AIRFLOW_CTX_EXECUTION_DATE='2023-01-02T22:00:00+00:00' AIRFLOW_CTX_TRY_NUMBER='1' AIRFLOW_CTX_DAG_RUN_ID='scheduled__2023-01-02T22:00:00+00:00'
[2025-07-24T14:13:48.110+0000] {python.py:201} INFO - Done. Returned value was: None
[2025-07-24T14:13:48.126+0000] {taskinstance.py:1138} INFO - Marking task as SUCCESS. dag_id=tune_stream_dag, task_id=Stage_songs, execution_date=20230102T220000, start_date=20250724T141347, end_date=20250724T141348
[2025-07-24T14:13:48.176+0000] {local_task_job_runner.py:234} INFO - Task exited with return code 0
[2025-07-24T14:13:48.245+0000] {taskinstance.py:3280} INFO - 0 downstream tasks scheduled from follow-on schedule check
[2025-07-24T17:21:32.200+0000] {taskinstance.py:1956} INFO - Dependencies all met for dep_context=non-requeueable deps ti=<TaskInstance: tune_stream_dag.Stage_songs scheduled__2023-01-02T22:00:00+00:00 [queued]>
[2025-07-24T17:21:32.209+0000] {taskinstance.py:1956} INFO - Dependencies all met for dep_context=requeueable deps ti=<TaskInstance: tune_stream_dag.Stage_songs scheduled__2023-01-02T22:00:00+00:00 [queued]>
[2025-07-24T17:21:32.212+0000] {taskinstance.py:2170} INFO - Starting attempt 1 of 4
[2025-07-24T17:21:32.291+0000] {taskinstance.py:2191} INFO - Executing <Task(PythonOperator): Stage_songs> on 2023-01-02 22:00:00+00:00
[2025-07-24T17:21:32.301+0000] {standard_task_runner.py:60} INFO - Started process 1915 to run task
[2025-07-24T17:21:32.304+0000] {standard_task_runner.py:87} INFO - Running: ['***', 'tasks', 'run', 'tune_stream_dag', 'Stage_songs', 'scheduled__2023-01-02T22:00:00+00:00', '--job-id', '2214', '--raw', '--subdir', 'DAGS_FOLDER/etl_pipeline.py', '--cfg-path', '/tmp/tmpkt27h5b0']
[2025-07-24T17:21:32.307+0000] {standard_task_runner.py:88} INFO - Job 2214: Subtask Stage_songs
[2025-07-24T17:21:32.478+0000] {task_command.py:423} INFO - Running <TaskInstance: tune_stream_dag.Stage_songs scheduled__2023-01-02T22:00:00+00:00 [running]> on host 5def55d2a1b5
[2025-07-24T17:21:32.669+0000] {taskinstance.py:2480} INFO - Exporting env vars: AIRFLOW_CTX_DAG_OWNER='genz-legend' AIRFLOW_CTX_DAG_ID='tune_stream_dag' AIRFLOW_CTX_TASK_ID='Stage_songs' AIRFLOW_CTX_EXECUTION_DATE='2023-01-02T22:00:00+00:00' AIRFLOW_CTX_TRY_NUMBER='1' AIRFLOW_CTX_DAG_RUN_ID='scheduled__2023-01-02T22:00:00+00:00'
[2025-07-24T17:21:33.634+0000] {python.py:201} INFO - Done. Returned value was: None
[2025-07-24T17:21:33.721+0000] {taskinstance.py:1138} INFO - Marking task as SUCCESS. dag_id=tune_stream_dag, task_id=Stage_songs, execution_date=20230102T220000, start_date=20250724T172132, end_date=20250724T172133
[2025-07-24T17:21:33.815+0000] {local_task_job_runner.py:234} INFO - Task exited with return code 0
[2025-07-24T17:22:18.276+0000] {taskinstance.py:3280} INFO - 0 downstream tasks scheduled from follow-on schedule check
