[2025-07-24T15:22:53.512+0000] {taskinstance.py:1956} INFO - Dependencies all met for dep_context=non-requeueable deps ti=<TaskInstance: tune_stream_dag.Stage_events scheduled__2023-01-05T11:00:00+00:00 [queued]>
[2025-07-24T15:22:53.520+0000] {taskinstance.py:1956} INFO - Dependencies all met for dep_context=requeueable deps ti=<TaskInstance: tune_stream_dag.Stage_events scheduled__2023-01-05T11:00:00+00:00 [queued]>
[2025-07-24T15:22:53.521+0000] {taskinstance.py:2170} INFO - Starting attempt 1 of 4
[2025-07-24T15:22:53.561+0000] {taskinstance.py:2191} INFO - Executing <Task(PythonOperator): Stage_events> on 2023-01-05 11:00:00+00:00
[2025-07-24T15:22:53.578+0000] {standard_task_runner.py:60} INFO - Started process 869 to run task
[2025-07-24T15:22:53.583+0000] {standard_task_runner.py:87} INFO - Running: ['***', 'tasks', 'run', 'tune_stream_dag', 'Stage_events', 'scheduled__2023-01-05T11:00:00+00:00', '--job-id', '888', '--raw', '--subdir', 'DAGS_FOLDER/etl_pipeline.py', '--cfg-path', '/tmp/tmp7xl2j0gb']
[2025-07-24T15:22:53.588+0000] {standard_task_runner.py:88} INFO - Job 888: Subtask Stage_events
[2025-07-24T15:22:53.779+0000] {task_command.py:423} INFO - Running <TaskInstance: tune_stream_dag.Stage_events scheduled__2023-01-05T11:00:00+00:00 [running]> on host c53547d84df1
[2025-07-24T15:22:57.087+0000] {taskinstance.py:2480} INFO - Exporting env vars: AIRFLOW_CTX_DAG_OWNER='genz-legend' AIRFLOW_CTX_DAG_ID='tune_stream_dag' AIRFLOW_CTX_TASK_ID='Stage_events' AIRFLOW_CTX_EXECUTION_DATE='2023-01-05T11:00:00+00:00' AIRFLOW_CTX_TRY_NUMBER='1' AIRFLOW_CTX_DAG_RUN_ID='scheduled__2023-01-05T11:00:00+00:00'
[2025-07-24T15:23:05.189+0000] {python.py:201} INFO - Done. Returned value was: None
[2025-07-24T15:23:05.199+0000] {taskinstance.py:1138} INFO - Marking task as SUCCESS. dag_id=tune_stream_dag, task_id=Stage_events, execution_date=20230105T110000, start_date=20250724T152253, end_date=20250724T152305
[2025-07-24T15:23:05.248+0000] {local_task_job_runner.py:234} INFO - Task exited with return code 0
[2025-07-24T15:23:05.271+0000] {taskinstance.py:3280} INFO - 1 downstream tasks scheduled from follow-on schedule check
[2025-07-24T17:33:59.934+0000] {taskinstance.py:1956} INFO - Dependencies all met for dep_context=non-requeueable deps ti=<TaskInstance: tune_stream_dag.Stage_events scheduled__2023-01-05T11:00:00+00:00 [queued]>
[2025-07-24T17:33:59.965+0000] {taskinstance.py:1956} INFO - Dependencies all met for dep_context=requeueable deps ti=<TaskInstance: tune_stream_dag.Stage_events scheduled__2023-01-05T11:00:00+00:00 [queued]>
[2025-07-24T17:33:59.970+0000] {taskinstance.py:2170} INFO - Starting attempt 1 of 4
[2025-07-24T17:34:00.185+0000] {taskinstance.py:2191} INFO - Executing <Task(PythonOperator): Stage_events> on 2023-01-05 11:00:00+00:00
[2025-07-24T17:34:00.208+0000] {standard_task_runner.py:60} INFO - Started process 3604 to run task
[2025-07-24T17:34:00.237+0000] {standard_task_runner.py:87} INFO - Running: ['***', 'tasks', 'run', 'tune_stream_dag', 'Stage_events', 'scheduled__2023-01-05T11:00:00+00:00', '--job-id', '2724', '--raw', '--subdir', 'DAGS_FOLDER/etl_pipeline.py', '--cfg-path', '/tmp/tmp6_2iaac5']
[2025-07-24T17:34:00.248+0000] {standard_task_runner.py:88} INFO - Job 2724: Subtask Stage_events
[2025-07-24T17:34:00.726+0000] {task_command.py:423} INFO - Running <TaskInstance: tune_stream_dag.Stage_events scheduled__2023-01-05T11:00:00+00:00 [running]> on host 5def55d2a1b5
[2025-07-24T17:34:01.054+0000] {taskinstance.py:2480} INFO - Exporting env vars: AIRFLOW_CTX_DAG_OWNER='genz-legend' AIRFLOW_CTX_DAG_ID='tune_stream_dag' AIRFLOW_CTX_TASK_ID='Stage_events' AIRFLOW_CTX_EXECUTION_DATE='2023-01-05T11:00:00+00:00' AIRFLOW_CTX_TRY_NUMBER='1' AIRFLOW_CTX_DAG_RUN_ID='scheduled__2023-01-05T11:00:00+00:00'
[2025-07-24T17:34:22.852+0000] {python.py:201} INFO - Done. Returned value was: None
[2025-07-24T17:34:22.909+0000] {taskinstance.py:1138} INFO - Marking task as SUCCESS. dag_id=tune_stream_dag, task_id=Stage_events, execution_date=20230105T110000, start_date=20250724T173359, end_date=20250724T173422
[2025-07-24T17:34:23.047+0000] {local_task_job_runner.py:234} INFO - Task exited with return code 0
[2025-07-24T17:34:23.119+0000] {taskinstance.py:3280} INFO - 1 downstream tasks scheduled from follow-on schedule check
