[2025-07-22T10:19:08.388+0000] {taskinstance.py:1956} INFO - Dependencies all met for dep_context=non-requeueable deps ti=<TaskInstance: tune_stream_dag.Stage_events scheduled__2023-01-01T16:00:00+00:00 [queued]>
[2025-07-22T10:19:08.458+0000] {taskinstance.py:1956} INFO - Dependencies all met for dep_context=requeueable deps ti=<TaskInstance: tune_stream_dag.Stage_events scheduled__2023-01-01T16:00:00+00:00 [queued]>
[2025-07-22T10:19:08.463+0000] {taskinstance.py:2170} INFO - Starting attempt 1 of 4
[2025-07-22T10:19:08.598+0000] {taskinstance.py:2191} INFO - Executing <Task(PythonOperator): Stage_events> on 2023-01-01 16:00:00+00:00
[2025-07-22T10:19:08.694+0000] {standard_task_runner.py:60} INFO - Started process 715 to run task
[2025-07-22T10:19:08.715+0000] {standard_task_runner.py:87} INFO - Running: ['***', 'tasks', 'run', 'tune_stream_dag', 'Stage_events', 'scheduled__2023-01-01T16:00:00+00:00', '--job-id', '184', '--raw', '--subdir', 'DAGS_FOLDER/etl_pipeline.py', '--cfg-path', '/tmp/tmpycdds4j0']
[2025-07-22T10:19:08.727+0000] {standard_task_runner.py:88} INFO - Job 184: Subtask Stage_events
[2025-07-22T10:19:08.952+0000] {task_command.py:423} INFO - Running <TaskInstance: tune_stream_dag.Stage_events scheduled__2023-01-01T16:00:00+00:00 [running]> on host a2a13a541787
[2025-07-22T10:19:09.449+0000] {taskinstance.py:2480} INFO - Exporting env vars: AIRFLOW_CTX_DAG_OWNER='genz-legend' AIRFLOW_CTX_DAG_ID='tune_stream_dag' AIRFLOW_CTX_TASK_ID='Stage_events' AIRFLOW_CTX_EXECUTION_DATE='2023-01-01T16:00:00+00:00' AIRFLOW_CTX_TRY_NUMBER='1' AIRFLOW_CTX_DAG_RUN_ID='scheduled__2023-01-01T16:00:00+00:00'
[2025-07-22T10:19:09.497+0000] {taskinstance.py:2698} ERROR - Task failed with exception
Traceback (most recent call last):
  File "/home/airflow/.local/lib/python3.8/site-packages/airflow/models/taskinstance.py", line 433, in _execute_task
    result = execute_callable(context=context, **execute_callable_kwargs)
  File "/home/airflow/.local/lib/python3.8/site-packages/airflow/operators/python.py", line 199, in execute
    return_value = self.execute_callable()
  File "/home/airflow/.local/lib/python3.8/site-packages/airflow/operators/python.py", line 216, in execute_callable
    return self.python_callable(*self.op_args, **self.op_kwargs)
  File "/opt/airflow/dags/etl_pipeline.py", line 77, in stage_events
    data = json.load(f)
  File "/usr/local/lib/python3.8/json/__init__.py", line 293, in load
    return loads(fp.read(),
  File "/usr/local/lib/python3.8/json/__init__.py", line 357, in loads
    return _default_decoder.decode(s)
  File "/usr/local/lib/python3.8/json/decoder.py", line 340, in decode
    raise JSONDecodeError("Extra data", s, end)
json.decoder.JSONDecodeError: Extra data: line 2 column 1 (char 457)
[2025-07-22T10:19:09.585+0000] {taskinstance.py:1138} INFO - Marking task as UP_FOR_RETRY. dag_id=tune_stream_dag, task_id=Stage_events, execution_date=20230101T160000, start_date=20250722T101908, end_date=20250722T101909
[2025-07-22T10:19:09.644+0000] {standard_task_runner.py:107} ERROR - Failed to execute job 184 for task Stage_events (Extra data: line 2 column 1 (char 457); 715)
[2025-07-22T10:19:09.736+0000] {local_task_job_runner.py:234} INFO - Task exited with return code 1
[2025-07-22T10:19:09.885+0000] {taskinstance.py:3280} INFO - 0 downstream tasks scheduled from follow-on schedule check
[2025-07-24T15:49:25.624+0000] {taskinstance.py:1956} INFO - Dependencies all met for dep_context=non-requeueable deps ti=<TaskInstance: tune_stream_dag.Stage_events scheduled__2023-01-01T16:00:00+00:00 [queued]>
[2025-07-24T15:49:25.641+0000] {taskinstance.py:1956} INFO - Dependencies all met for dep_context=requeueable deps ti=<TaskInstance: tune_stream_dag.Stage_events scheduled__2023-01-01T16:00:00+00:00 [queued]>
[2025-07-24T15:49:25.644+0000] {taskinstance.py:2170} INFO - Starting attempt 1 of 4
[2025-07-24T15:49:25.673+0000] {taskinstance.py:2191} INFO - Executing <Task(PythonOperator): Stage_events> on 2023-01-01 16:00:00+00:00
[2025-07-24T15:49:25.685+0000] {standard_task_runner.py:60} INFO - Started process 964 to run task
[2025-07-24T15:49:25.691+0000] {standard_task_runner.py:87} INFO - Running: ['***', 'tasks', 'run', 'tune_stream_dag', 'Stage_events', 'scheduled__2023-01-01T16:00:00+00:00', '--job-id', '1151', '--raw', '--subdir', 'DAGS_FOLDER/etl_pipeline.py', '--cfg-path', '/tmp/tmp05de1uta']
[2025-07-24T15:49:25.698+0000] {standard_task_runner.py:88} INFO - Job 1151: Subtask Stage_events
[2025-07-24T15:49:25.821+0000] {task_command.py:423} INFO - Running <TaskInstance: tune_stream_dag.Stage_events scheduled__2023-01-01T16:00:00+00:00 [running]> on host c53547d84df1
[2025-07-24T15:49:25.931+0000] {taskinstance.py:2480} INFO - Exporting env vars: AIRFLOW_CTX_DAG_OWNER='genz-legend' AIRFLOW_CTX_DAG_ID='tune_stream_dag' AIRFLOW_CTX_TASK_ID='Stage_events' AIRFLOW_CTX_EXECUTION_DATE='2023-01-01T16:00:00+00:00' AIRFLOW_CTX_TRY_NUMBER='1' AIRFLOW_CTX_DAG_RUN_ID='scheduled__2023-01-01T16:00:00+00:00'
[2025-07-24T15:49:29.253+0000] {python.py:201} INFO - Done. Returned value was: None
[2025-07-24T15:49:29.265+0000] {taskinstance.py:1138} INFO - Marking task as SUCCESS. dag_id=tune_stream_dag, task_id=Stage_events, execution_date=20230101T160000, start_date=20250724T154925, end_date=20250724T154929
[2025-07-24T15:49:29.302+0000] {local_task_job_runner.py:234} INFO - Task exited with return code 0
[2025-07-24T15:49:29.328+0000] {taskinstance.py:3280} INFO - 1 downstream tasks scheduled from follow-on schedule check
[2025-07-24T16:33:16.052+0000] {taskinstance.py:1956} INFO - Dependencies all met for dep_context=non-requeueable deps ti=<TaskInstance: tune_stream_dag.Stage_events scheduled__2023-01-01T16:00:00+00:00 [queued]>
[2025-07-24T16:33:16.209+0000] {taskinstance.py:1956} INFO - Dependencies all met for dep_context=requeueable deps ti=<TaskInstance: tune_stream_dag.Stage_events scheduled__2023-01-01T16:00:00+00:00 [queued]>
[2025-07-24T16:33:16.306+0000] {taskinstance.py:2170} INFO - Starting attempt 1 of 4
[2025-07-24T16:33:16.943+0000] {taskinstance.py:2191} INFO - Executing <Task(PythonOperator): Stage_events> on 2023-01-01 16:00:00+00:00
[2025-07-24T16:33:17.340+0000] {standard_task_runner.py:60} INFO - Started process 1021 to run task
[2025-07-24T16:33:17.387+0000] {standard_task_runner.py:87} INFO - Running: ['***', 'tasks', 'run', 'tune_stream_dag', 'Stage_events', 'scheduled__2023-01-01T16:00:00+00:00', '--job-id', '1550', '--raw', '--subdir', 'DAGS_FOLDER/etl_pipeline.py', '--cfg-path', '/tmp/tmp6lx70vdc']
[2025-07-24T16:33:17.432+0000] {standard_task_runner.py:88} INFO - Job 1550: Subtask Stage_events
[2025-07-24T16:33:17.959+0000] {task_command.py:423} INFO - Running <TaskInstance: tune_stream_dag.Stage_events scheduled__2023-01-01T16:00:00+00:00 [running]> on host c53547d84df1
[2025-07-24T16:33:18.582+0000] {taskinstance.py:2480} INFO - Exporting env vars: AIRFLOW_CTX_DAG_OWNER='genz-legend' AIRFLOW_CTX_DAG_ID='tune_stream_dag' AIRFLOW_CTX_TASK_ID='Stage_events' AIRFLOW_CTX_EXECUTION_DATE='2023-01-01T16:00:00+00:00' AIRFLOW_CTX_TRY_NUMBER='1' AIRFLOW_CTX_DAG_RUN_ID='scheduled__2023-01-01T16:00:00+00:00'
[2025-07-24T16:33:33.548+0000] {python.py:201} INFO - Done. Returned value was: None
[2025-07-24T16:33:33.681+0000] {taskinstance.py:1138} INFO - Marking task as SUCCESS. dag_id=tune_stream_dag, task_id=Stage_events, execution_date=20230101T160000, start_date=20250724T163316, end_date=20250724T163333
[2025-07-24T16:33:33.845+0000] {local_task_job_runner.py:234} INFO - Task exited with return code 0
[2025-07-24T16:33:34.029+0000] {taskinstance.py:3280} INFO - 1 downstream tasks scheduled from follow-on schedule check
[2025-07-24T17:12:10.658+0000] {taskinstance.py:1956} INFO - Dependencies all met for dep_context=non-requeueable deps ti=<TaskInstance: tune_stream_dag.Stage_events scheduled__2023-01-01T16:00:00+00:00 [queued]>
[2025-07-24T17:12:10.668+0000] {taskinstance.py:1956} INFO - Dependencies all met for dep_context=requeueable deps ti=<TaskInstance: tune_stream_dag.Stage_events scheduled__2023-01-01T16:00:00+00:00 [queued]>
[2025-07-24T17:12:10.669+0000] {taskinstance.py:2170} INFO - Starting attempt 1 of 4
[2025-07-24T17:12:10.688+0000] {taskinstance.py:2191} INFO - Executing <Task(PythonOperator): Stage_events> on 2023-01-01 16:00:00+00:00
[2025-07-24T17:12:10.695+0000] {standard_task_runner.py:60} INFO - Started process 957 to run task
[2025-07-24T17:12:10.700+0000] {standard_task_runner.py:87} INFO - Running: ['***', 'tasks', 'run', 'tune_stream_dag', 'Stage_events', 'scheduled__2023-01-01T16:00:00+00:00', '--job-id', '1936', '--raw', '--subdir', 'DAGS_FOLDER/etl_pipeline.py', '--cfg-path', '/tmp/tmp389v77wu']
[2025-07-24T17:12:10.703+0000] {standard_task_runner.py:88} INFO - Job 1936: Subtask Stage_events
[2025-07-24T17:12:10.783+0000] {task_command.py:423} INFO - Running <TaskInstance: tune_stream_dag.Stage_events scheduled__2023-01-01T16:00:00+00:00 [running]> on host 5def55d2a1b5
[2025-07-24T17:12:10.854+0000] {taskinstance.py:2480} INFO - Exporting env vars: AIRFLOW_CTX_DAG_OWNER='genz-legend' AIRFLOW_CTX_DAG_ID='tune_stream_dag' AIRFLOW_CTX_TASK_ID='Stage_events' AIRFLOW_CTX_EXECUTION_DATE='2023-01-01T16:00:00+00:00' AIRFLOW_CTX_TRY_NUMBER='1' AIRFLOW_CTX_DAG_RUN_ID='scheduled__2023-01-01T16:00:00+00:00'
[2025-07-24T17:12:13.089+0000] {python.py:201} INFO - Done. Returned value was: None
[2025-07-24T17:12:13.137+0000] {taskinstance.py:1138} INFO - Marking task as SUCCESS. dag_id=tune_stream_dag, task_id=Stage_events, execution_date=20230101T160000, start_date=20250724T171210, end_date=20250724T171213
[2025-07-24T17:12:13.213+0000] {local_task_job_runner.py:234} INFO - Task exited with return code 0
[2025-07-24T17:12:13.383+0000] {taskinstance.py:3280} INFO - 1 downstream tasks scheduled from follow-on schedule check
