[2025-07-22T10:24:12.547+0000] {taskinstance.py:1956} INFO - Dependencies all met for dep_context=non-requeueable deps ti=<TaskInstance: tune_stream_dag.Stage_events scheduled__2023-01-01T16:00:00+00:00 [queued]>
[2025-07-22T10:24:12.563+0000] {taskinstance.py:1956} INFO - Dependencies all met for dep_context=requeueable deps ti=<TaskInstance: tune_stream_dag.Stage_events scheduled__2023-01-01T16:00:00+00:00 [queued]>
[2025-07-22T10:24:12.569+0000] {taskinstance.py:2170} INFO - Starting attempt 2 of 4
[2025-07-22T10:24:12.599+0000] {taskinstance.py:2191} INFO - Executing <Task(PythonOperator): Stage_events> on 2023-01-01 16:00:00+00:00
[2025-07-22T10:24:12.622+0000] {standard_task_runner.py:60} INFO - Started process 98 to run task
[2025-07-22T10:24:12.628+0000] {standard_task_runner.py:87} INFO - Running: ['***', 'tasks', 'run', 'tune_stream_dag', 'Stage_events', 'scheduled__2023-01-01T16:00:00+00:00', '--job-id', '225', '--raw', '--subdir', 'DAGS_FOLDER/etl_pipeline.py', '--cfg-path', '/tmp/tmpiumeydgz']
[2025-07-22T10:24:12.635+0000] {standard_task_runner.py:88} INFO - Job 225: Subtask Stage_events
[2025-07-22T10:24:12.721+0000] {task_command.py:423} INFO - Running <TaskInstance: tune_stream_dag.Stage_events scheduled__2023-01-01T16:00:00+00:00 [running]> on host a2a13a541787
[2025-07-22T10:24:12.821+0000] {taskinstance.py:2480} INFO - Exporting env vars: AIRFLOW_CTX_DAG_OWNER='genz-legend' AIRFLOW_CTX_DAG_ID='tune_stream_dag' AIRFLOW_CTX_TASK_ID='Stage_events' AIRFLOW_CTX_EXECUTION_DATE='2023-01-01T16:00:00+00:00' AIRFLOW_CTX_TRY_NUMBER='2' AIRFLOW_CTX_DAG_RUN_ID='scheduled__2023-01-01T16:00:00+00:00'
[2025-07-22T10:24:12.860+0000] {taskinstance.py:2698} ERROR - Task failed with exception
Traceback (most recent call last):
  File "/home/airflow/.local/lib/python3.8/site-packages/airflow/models/taskinstance.py", line 433, in _execute_task
    result = execute_callable(context=context, **execute_callable_kwargs)
  File "/home/airflow/.local/lib/python3.8/site-packages/airflow/operators/python.py", line 199, in execute
    return_value = self.execute_callable()
  File "/home/airflow/.local/lib/python3.8/site-packages/airflow/operators/python.py", line 216, in execute_callable
    return self.python_callable(*self.op_args, **self.op_kwargs)
  File "/opt/airflow/dags/etl_pipeline.py", line 81, in stage_events
    cur.execute(insert_query, (
UnboundLocalError: local variable 'insert_query' referenced before assignment
[2025-07-22T10:24:12.880+0000] {taskinstance.py:1138} INFO - Marking task as UP_FOR_RETRY. dag_id=tune_stream_dag, task_id=Stage_events, execution_date=20230101T160000, start_date=20250722T102412, end_date=20250722T102412
[2025-07-22T10:24:12.906+0000] {standard_task_runner.py:107} ERROR - Failed to execute job 225 for task Stage_events (local variable 'insert_query' referenced before assignment; 98)
[2025-07-22T10:24:12.961+0000] {local_task_job_runner.py:234} INFO - Task exited with return code 1
[2025-07-22T10:24:13.195+0000] {taskinstance.py:3280} INFO - 0 downstream tasks scheduled from follow-on schedule check
