[2025-07-24T15:33:48.470+0000] {taskinstance.py:1956} INFO - Dependencies all met for dep_context=non-requeueable deps ti=<TaskInstance: tune_stream_dag.Load_song_dim_table scheduled__2023-01-01T12:00:00+00:00 [queued]>
[2025-07-24T15:33:48.501+0000] {taskinstance.py:1956} INFO - Dependencies all met for dep_context=requeueable deps ti=<TaskInstance: tune_stream_dag.Load_song_dim_table scheduled__2023-01-01T12:00:00+00:00 [queued]>
[2025-07-24T15:33:48.508+0000] {taskinstance.py:2170} INFO - Starting attempt 1 of 4
[2025-07-24T15:33:48.623+0000] {taskinstance.py:2191} INFO - Executing <Task(PythonOperator): Load_song_dim_table> on 2023-01-01 12:00:00+00:00
[2025-07-24T15:33:48.655+0000] {standard_task_runner.py:60} INFO - Started process 344 to run task
[2025-07-24T15:33:48.665+0000] {standard_task_runner.py:87} INFO - Running: ['***', 'tasks', 'run', 'tune_stream_dag', 'Load_song_dim_table', 'scheduled__2023-01-01T12:00:00+00:00', '--job-id', '1018', '--raw', '--subdir', 'DAGS_FOLDER/etl_pipeline.py', '--cfg-path', '/tmp/tmpy_bf0ahy']
[2025-07-24T15:33:48.678+0000] {standard_task_runner.py:88} INFO - Job 1018: Subtask Load_song_dim_table
[2025-07-24T15:33:49.114+0000] {task_command.py:423} INFO - Running <TaskInstance: tune_stream_dag.Load_song_dim_table scheduled__2023-01-01T12:00:00+00:00 [running]> on host c53547d84df1
[2025-07-24T15:33:49.958+0000] {taskinstance.py:2480} INFO - Exporting env vars: AIRFLOW_CTX_DAG_OWNER='genz-legend' AIRFLOW_CTX_DAG_ID='tune_stream_dag' AIRFLOW_CTX_TASK_ID='Load_song_dim_table' AIRFLOW_CTX_EXECUTION_DATE='2023-01-01T12:00:00+00:00' AIRFLOW_CTX_TRY_NUMBER='1' AIRFLOW_CTX_DAG_RUN_ID='scheduled__2023-01-01T12:00:00+00:00'
[2025-07-24T15:33:50.226+0000] {python.py:201} INFO - Done. Returned value was: None
[2025-07-24T15:33:50.309+0000] {taskinstance.py:1138} INFO - Marking task as SUCCESS. dag_id=tune_stream_dag, task_id=Load_song_dim_table, execution_date=20230101T120000, start_date=20250724T153348, end_date=20250724T153350
[2025-07-24T15:33:50.556+0000] {local_task_job_runner.py:234} INFO - Task exited with return code 0
[2025-07-24T15:33:50.586+0000] {taskinstance.py:3280} INFO - 0 downstream tasks scheduled from follow-on schedule check
[2025-07-24T16:18:12.973+0000] {taskinstance.py:1956} INFO - Dependencies all met for dep_context=non-requeueable deps ti=<TaskInstance: tune_stream_dag.Load_song_dim_table scheduled__2023-01-01T12:00:00+00:00 [queued]>
[2025-07-24T16:18:12.991+0000] {taskinstance.py:1956} INFO - Dependencies all met for dep_context=requeueable deps ti=<TaskInstance: tune_stream_dag.Load_song_dim_table scheduled__2023-01-01T12:00:00+00:00 [queued]>
[2025-07-24T16:18:12.996+0000] {taskinstance.py:2170} INFO - Starting attempt 1 of 4
[2025-07-24T16:18:13.040+0000] {taskinstance.py:2191} INFO - Executing <Task(PythonOperator): Load_song_dim_table> on 2023-01-01 12:00:00+00:00
[2025-07-24T16:18:13.067+0000] {standard_task_runner.py:60} INFO - Started process 511 to run task
[2025-07-24T16:18:13.085+0000] {standard_task_runner.py:87} INFO - Running: ['***', 'tasks', 'run', 'tune_stream_dag', 'Load_song_dim_table', 'scheduled__2023-01-01T12:00:00+00:00', '--job-id', '1458', '--raw', '--subdir', 'DAGS_FOLDER/etl_pipeline.py', '--cfg-path', '/tmp/tmpluojlcb7']
[2025-07-24T16:18:13.102+0000] {standard_task_runner.py:88} INFO - Job 1458: Subtask Load_song_dim_table
[2025-07-24T16:18:13.313+0000] {task_command.py:423} INFO - Running <TaskInstance: tune_stream_dag.Load_song_dim_table scheduled__2023-01-01T12:00:00+00:00 [running]> on host c53547d84df1
[2025-07-24T16:18:13.529+0000] {taskinstance.py:2480} INFO - Exporting env vars: AIRFLOW_CTX_DAG_OWNER='genz-legend' AIRFLOW_CTX_DAG_ID='tune_stream_dag' AIRFLOW_CTX_TASK_ID='Load_song_dim_table' AIRFLOW_CTX_EXECUTION_DATE='2023-01-01T12:00:00+00:00' AIRFLOW_CTX_TRY_NUMBER='1' AIRFLOW_CTX_DAG_RUN_ID='scheduled__2023-01-01T12:00:00+00:00'
[2025-07-24T16:18:13.585+0000] {python.py:201} INFO - Done. Returned value was: None
[2025-07-24T16:18:13.617+0000] {taskinstance.py:1138} INFO - Marking task as SUCCESS. dag_id=tune_stream_dag, task_id=Load_song_dim_table, execution_date=20230101T120000, start_date=20250724T161812, end_date=20250724T161813
[2025-07-24T16:18:13.738+0000] {local_task_job_runner.py:234} INFO - Task exited with return code 0
[2025-07-24T16:18:13.832+0000] {taskinstance.py:3280} INFO - 0 downstream tasks scheduled from follow-on schedule check
[2025-07-24T16:57:20.563+0000] {taskinstance.py:1956} INFO - Dependencies all met for dep_context=non-requeueable deps ti=<TaskInstance: tune_stream_dag.Load_song_dim_table scheduled__2023-01-01T12:00:00+00:00 [queued]>
[2025-07-24T16:57:20.629+0000] {taskinstance.py:1956} INFO - Dependencies all met for dep_context=requeueable deps ti=<TaskInstance: tune_stream_dag.Load_song_dim_table scheduled__2023-01-01T12:00:00+00:00 [queued]>
[2025-07-24T16:57:20.630+0000] {taskinstance.py:2170} INFO - Starting attempt 1 of 4
[2025-07-24T16:57:20.717+0000] {taskinstance.py:2191} INFO - Executing <Task(PythonOperator): Load_song_dim_table> on 2023-01-01 12:00:00+00:00
[2025-07-24T16:57:20.752+0000] {standard_task_runner.py:60} INFO - Started process 490 to run task
[2025-07-24T16:57:20.756+0000] {standard_task_runner.py:87} INFO - Running: ['***', 'tasks', 'run', 'tune_stream_dag', 'Load_song_dim_table', 'scheduled__2023-01-01T12:00:00+00:00', '--job-id', '1853', '--raw', '--subdir', 'DAGS_FOLDER/etl_pipeline.py', '--cfg-path', '/tmp/tmp4e1co8rm']
[2025-07-24T16:57:20.762+0000] {standard_task_runner.py:88} INFO - Job 1853: Subtask Load_song_dim_table
[2025-07-24T16:57:21.162+0000] {task_command.py:423} INFO - Running <TaskInstance: tune_stream_dag.Load_song_dim_table scheduled__2023-01-01T12:00:00+00:00 [running]> on host 5def55d2a1b5
[2025-07-24T16:57:21.378+0000] {taskinstance.py:2480} INFO - Exporting env vars: AIRFLOW_CTX_DAG_OWNER='genz-legend' AIRFLOW_CTX_DAG_ID='tune_stream_dag' AIRFLOW_CTX_TASK_ID='Load_song_dim_table' AIRFLOW_CTX_EXECUTION_DATE='2023-01-01T12:00:00+00:00' AIRFLOW_CTX_TRY_NUMBER='1' AIRFLOW_CTX_DAG_RUN_ID='scheduled__2023-01-01T12:00:00+00:00'
[2025-07-24T16:57:21.843+0000] {python.py:201} INFO - Done. Returned value was: None
[2025-07-24T16:57:21.884+0000] {taskinstance.py:1138} INFO - Marking task as SUCCESS. dag_id=tune_stream_dag, task_id=Load_song_dim_table, execution_date=20230101T120000, start_date=20250724T165720, end_date=20250724T165721
[2025-07-24T16:57:21.975+0000] {local_task_job_runner.py:234} INFO - Task exited with return code 0
[2025-07-24T16:57:22.013+0000] {taskinstance.py:3280} INFO - 0 downstream tasks scheduled from follow-on schedule check
