[2025-07-24T14:30:02.389+0000] {taskinstance.py:1956} INFO - Dependencies all met for dep_context=non-requeueable deps ti=<TaskInstance: tune_stream_dag.Stage_events scheduled__2023-01-04T01:00:00+00:00 [queued]>
[2025-07-24T14:30:02.417+0000] {taskinstance.py:1956} INFO - Dependencies all met for dep_context=requeueable deps ti=<TaskInstance: tune_stream_dag.Stage_events scheduled__2023-01-04T01:00:00+00:00 [queued]>
[2025-07-24T14:30:02.426+0000] {taskinstance.py:2170} INFO - Starting attempt 1 of 4
[2025-07-24T14:30:02.465+0000] {taskinstance.py:2191} INFO - Executing <Task(PythonOperator): Stage_events> on 2023-01-04 01:00:00+00:00
[2025-07-24T14:30:02.479+0000] {standard_task_runner.py:60} INFO - Started process 902 to run task
[2025-07-24T14:30:02.484+0000] {standard_task_runner.py:87} INFO - Running: ['***', 'tasks', 'run', 'tune_stream_dag', 'Stage_events', 'scheduled__2023-01-04T01:00:00+00:00', '--job-id', '578', '--raw', '--subdir', 'DAGS_FOLDER/etl_pipeline.py', '--cfg-path', '/tmp/tmpxkz3o_ef']
[2025-07-24T14:30:02.491+0000] {standard_task_runner.py:88} INFO - Job 578: Subtask Stage_events
[2025-07-24T14:30:02.637+0000] {task_command.py:423} INFO - Running <TaskInstance: tune_stream_dag.Stage_events scheduled__2023-01-04T01:00:00+00:00 [running]> on host aea62fae55be
[2025-07-24T14:30:02.838+0000] {taskinstance.py:2480} INFO - Exporting env vars: AIRFLOW_CTX_DAG_OWNER='genz-legend' AIRFLOW_CTX_DAG_ID='tune_stream_dag' AIRFLOW_CTX_TASK_ID='Stage_events' AIRFLOW_CTX_EXECUTION_DATE='2023-01-04T01:00:00+00:00' AIRFLOW_CTX_TRY_NUMBER='1' AIRFLOW_CTX_DAG_RUN_ID='scheduled__2023-01-04T01:00:00+00:00'
[2025-07-24T14:30:07.726+0000] {python.py:201} INFO - Done. Returned value was: None
[2025-07-24T14:30:07.772+0000] {taskinstance.py:1138} INFO - Marking task as SUCCESS. dag_id=tune_stream_dag, task_id=Stage_events, execution_date=20230104T010000, start_date=20250724T143002, end_date=20250724T143007
[2025-07-24T14:30:07.857+0000] {local_task_job_runner.py:234} INFO - Task exited with return code 0
[2025-07-24T14:30:07.922+0000] {taskinstance.py:3280} INFO - 1 downstream tasks scheduled from follow-on schedule check
[2025-07-24T17:27:43.955+0000] {taskinstance.py:1956} INFO - Dependencies all met for dep_context=non-requeueable deps ti=<TaskInstance: tune_stream_dag.Stage_events scheduled__2023-01-04T01:00:00+00:00 [queued]>
[2025-07-24T17:27:43.991+0000] {taskinstance.py:1956} INFO - Dependencies all met for dep_context=requeueable deps ti=<TaskInstance: tune_stream_dag.Stage_events scheduled__2023-01-04T01:00:00+00:00 [queued]>
[2025-07-24T17:27:43.992+0000] {taskinstance.py:2170} INFO - Starting attempt 1 of 4
[2025-07-24T17:27:44.037+0000] {taskinstance.py:2191} INFO - Executing <Task(PythonOperator): Stage_events> on 2023-01-04 01:00:00+00:00
[2025-07-24T17:27:44.063+0000] {standard_task_runner.py:60} INFO - Started process 2450 to run task
[2025-07-24T17:27:44.111+0000] {standard_task_runner.py:87} INFO - Running: ['***', 'tasks', 'run', 'tune_stream_dag', 'Stage_events', 'scheduled__2023-01-04T01:00:00+00:00', '--job-id', '2367', '--raw', '--subdir', 'DAGS_FOLDER/etl_pipeline.py', '--cfg-path', '/tmp/tmpj5uw2x_r']
[2025-07-24T17:27:44.122+0000] {standard_task_runner.py:88} INFO - Job 2367: Subtask Stage_events
[2025-07-24T17:27:44.329+0000] {task_command.py:423} INFO - Running <TaskInstance: tune_stream_dag.Stage_events scheduled__2023-01-04T01:00:00+00:00 [running]> on host 5def55d2a1b5
[2025-07-24T17:27:46.547+0000] {taskinstance.py:2480} INFO - Exporting env vars: AIRFLOW_CTX_DAG_OWNER='genz-legend' AIRFLOW_CTX_DAG_ID='tune_stream_dag' AIRFLOW_CTX_TASK_ID='Stage_events' AIRFLOW_CTX_EXECUTION_DATE='2023-01-04T01:00:00+00:00' AIRFLOW_CTX_TRY_NUMBER='1' AIRFLOW_CTX_DAG_RUN_ID='scheduled__2023-01-04T01:00:00+00:00'
[2025-07-24T17:28:14.583+0000] {python.py:201} INFO - Done. Returned value was: None
[2025-07-24T17:28:14.873+0000] {taskinstance.py:1138} INFO - Marking task as SUCCESS. dag_id=tune_stream_dag, task_id=Stage_events, execution_date=20230104T010000, start_date=20250724T172743, end_date=20250724T172814
[2025-07-24T17:28:15.074+0000] {local_task_job_runner.py:234} INFO - Task exited with return code 0
[2025-07-24T17:28:15.264+0000] {taskinstance.py:3280} INFO - 1 downstream tasks scheduled from follow-on schedule check
