[2025-07-24T15:15:41.802+0000] {taskinstance.py:1956} INFO - Dependencies all met for dep_context=non-requeueable deps ti=<TaskInstance: tune_stream_dag.Load_songplays_fact_table scheduled__2023-01-04T22:00:00+00:00 [queued]>
[2025-07-24T15:15:41.809+0000] {taskinstance.py:1956} INFO - Dependencies all met for dep_context=requeueable deps ti=<TaskInstance: tune_stream_dag.Load_songplays_fact_table scheduled__2023-01-04T22:00:00+00:00 [queued]>
[2025-07-24T15:15:41.810+0000] {taskinstance.py:2170} INFO - Starting attempt 1 of 4
[2025-07-24T15:15:41.820+0000] {taskinstance.py:2191} INFO - Executing <Task(PythonOperator): Load_songplays_fact_table> on 2023-01-04 22:00:00+00:00
[2025-07-24T15:15:41.825+0000] {standard_task_runner.py:60} INFO - Started process 563 to run task
[2025-07-24T15:15:41.828+0000] {standard_task_runner.py:87} INFO - Running: ['***', 'tasks', 'run', 'tune_stream_dag', 'Load_songplays_fact_table', 'scheduled__2023-01-04T22:00:00+00:00', '--job-id', '820', '--raw', '--subdir', 'DAGS_FOLDER/etl_pipeline.py', '--cfg-path', '/tmp/tmpnifqcnwm']
[2025-07-24T15:15:41.831+0000] {standard_task_runner.py:88} INFO - Job 820: Subtask Load_songplays_fact_table
[2025-07-24T15:15:41.888+0000] {task_command.py:423} INFO - Running <TaskInstance: tune_stream_dag.Load_songplays_fact_table scheduled__2023-01-04T22:00:00+00:00 [running]> on host c53547d84df1
[2025-07-24T15:15:41.949+0000] {taskinstance.py:2480} INFO - Exporting env vars: AIRFLOW_CTX_DAG_OWNER='genz-legend' AIRFLOW_CTX_DAG_ID='tune_stream_dag' AIRFLOW_CTX_TASK_ID='Load_songplays_fact_table' AIRFLOW_CTX_EXECUTION_DATE='2023-01-04T22:00:00+00:00' AIRFLOW_CTX_TRY_NUMBER='1' AIRFLOW_CTX_DAG_RUN_ID='scheduled__2023-01-04T22:00:00+00:00'
[2025-07-24T15:15:42.452+0000] {taskinstance.py:2698} ERROR - Task failed with exception
Traceback (most recent call last):
  File "/home/airflow/.local/lib/python3.8/site-packages/airflow/models/taskinstance.py", line 433, in _execute_task
    result = execute_callable(context=context, **execute_callable_kwargs)
  File "/home/airflow/.local/lib/python3.8/site-packages/airflow/operators/python.py", line 199, in execute
    return_value = self.execute_callable()
  File "/home/airflow/.local/lib/python3.8/site-packages/airflow/operators/python.py", line 216, in execute_callable
    return self.python_callable(*self.op_args, **self.op_kwargs)
  File "/opt/airflow/dags/etl_pipeline.py", line 170, in <lambda>
    python_callable=lambda: load_table(SqlQueries.songplay_table_insert, 'songplays'),
  File "/opt/airflow/dags/etl_pipeline.py", line 129, in load_table
    cur.execute(f"INSERT INTO {table} {query}")
psycopg2.errors.UniqueViolation: duplicate key value violates unique constraint "songplays_pkey"
DETAIL:  Key (playid)=(0c4ee7572a079a9e42e1127b00ad48e4) already exists.

[2025-07-24T15:15:42.462+0000] {taskinstance.py:1138} INFO - Marking task as UP_FOR_RETRY. dag_id=tune_stream_dag, task_id=Load_songplays_fact_table, execution_date=20230104T220000, start_date=20250724T151541, end_date=20250724T151542
[2025-07-24T15:15:42.472+0000] {standard_task_runner.py:107} ERROR - Failed to execute job 820 for task Load_songplays_fact_table (duplicate key value violates unique constraint "songplays_pkey"
DETAIL:  Key (playid)=(0c4ee7572a079a9e42e1127b00ad48e4) already exists.
; 563)
[2025-07-24T15:15:42.483+0000] {local_task_job_runner.py:234} INFO - Task exited with return code 1
[2025-07-24T15:15:42.507+0000] {taskinstance.py:3280} INFO - 0 downstream tasks scheduled from follow-on schedule check
[2025-07-24T17:32:17.289+0000] {taskinstance.py:1956} INFO - Dependencies all met for dep_context=non-requeueable deps ti=<TaskInstance: tune_stream_dag.Load_songplays_fact_table scheduled__2023-01-04T22:00:00+00:00 [queued]>
[2025-07-24T17:32:17.303+0000] {taskinstance.py:1956} INFO - Dependencies all met for dep_context=requeueable deps ti=<TaskInstance: tune_stream_dag.Load_songplays_fact_table scheduled__2023-01-04T22:00:00+00:00 [queued]>
[2025-07-24T17:32:17.305+0000] {taskinstance.py:2170} INFO - Starting attempt 1 of 4
[2025-07-24T17:32:17.323+0000] {taskinstance.py:2191} INFO - Executing <Task(PythonOperator): Load_songplays_fact_table> on 2023-01-04 22:00:00+00:00
[2025-07-24T17:32:17.335+0000] {standard_task_runner.py:60} INFO - Started process 3290 to run task
[2025-07-24T17:32:17.340+0000] {standard_task_runner.py:87} INFO - Running: ['***', 'tasks', 'run', 'tune_stream_dag', 'Load_songplays_fact_table', 'scheduled__2023-01-04T22:00:00+00:00', '--job-id', '2630', '--raw', '--subdir', 'DAGS_FOLDER/etl_pipeline.py', '--cfg-path', '/tmp/tmp7fcp4sxq']
[2025-07-24T17:32:17.346+0000] {standard_task_runner.py:88} INFO - Job 2630: Subtask Load_songplays_fact_table
[2025-07-24T17:32:17.730+0000] {task_command.py:423} INFO - Running <TaskInstance: tune_stream_dag.Load_songplays_fact_table scheduled__2023-01-04T22:00:00+00:00 [running]> on host 5def55d2a1b5
[2025-07-24T17:32:17.997+0000] {taskinstance.py:2480} INFO - Exporting env vars: AIRFLOW_CTX_DAG_OWNER='genz-legend' AIRFLOW_CTX_DAG_ID='tune_stream_dag' AIRFLOW_CTX_TASK_ID='Load_songplays_fact_table' AIRFLOW_CTX_EXECUTION_DATE='2023-01-04T22:00:00+00:00' AIRFLOW_CTX_TRY_NUMBER='1' AIRFLOW_CTX_DAG_RUN_ID='scheduled__2023-01-04T22:00:00+00:00'
[2025-07-24T17:33:11.238+0000] {python.py:201} INFO - Done. Returned value was: None
[2025-07-24T17:33:11.277+0000] {taskinstance.py:1138} INFO - Marking task as SUCCESS. dag_id=tune_stream_dag, task_id=Load_songplays_fact_table, execution_date=20230104T220000, start_date=20250724T173217, end_date=20250724T173311
[2025-07-24T17:33:11.529+0000] {local_task_job_runner.py:234} INFO - Task exited with return code 0
[2025-07-24T17:33:11.588+0000] {taskinstance.py:3280} INFO - 4 downstream tasks scheduled from follow-on schedule check
