[2025-07-24T16:05:27.376+0000] {taskinstance.py:1956} INFO - Dependencies all met for dep_context=non-requeueable deps ti=<TaskInstance: tune_stream_dag.Load_song_dim_table scheduled__2023-01-02T08:00:00+00:00 [queued]>
[2025-07-24T16:05:27.396+0000] {taskinstance.py:1956} INFO - Dependencies all met for dep_context=requeueable deps ti=<TaskInstance: tune_stream_dag.Load_song_dim_table scheduled__2023-01-02T08:00:00+00:00 [queued]>
[2025-07-24T16:05:27.398+0000] {taskinstance.py:2170} INFO - Starting attempt 1 of 4
[2025-07-24T16:05:27.424+0000] {taskinstance.py:2191} INFO - Executing <Task(PythonOperator): Load_song_dim_table> on 2023-01-02 08:00:00+00:00
[2025-07-24T16:05:27.434+0000] {standard_task_runner.py:60} INFO - Started process 1789 to run task
[2025-07-24T16:05:27.445+0000] {standard_task_runner.py:87} INFO - Running: ['***', 'tasks', 'run', 'tune_stream_dag', 'Load_song_dim_table', 'scheduled__2023-01-02T08:00:00+00:00', '--job-id', '1346', '--raw', '--subdir', 'DAGS_FOLDER/etl_pipeline.py', '--cfg-path', '/tmp/tmp9e7c1m5u']
[2025-07-24T16:05:27.464+0000] {standard_task_runner.py:88} INFO - Job 1346: Subtask Load_song_dim_table
[2025-07-24T16:05:27.614+0000] {task_command.py:423} INFO - Running <TaskInstance: tune_stream_dag.Load_song_dim_table scheduled__2023-01-02T08:00:00+00:00 [running]> on host c53547d84df1
[2025-07-24T16:05:27.804+0000] {taskinstance.py:2480} INFO - Exporting env vars: AIRFLOW_CTX_DAG_OWNER='genz-legend' AIRFLOW_CTX_DAG_ID='tune_stream_dag' AIRFLOW_CTX_TASK_ID='Load_song_dim_table' AIRFLOW_CTX_EXECUTION_DATE='2023-01-02T08:00:00+00:00' AIRFLOW_CTX_TRY_NUMBER='1' AIRFLOW_CTX_DAG_RUN_ID='scheduled__2023-01-02T08:00:00+00:00'
[2025-07-24T16:05:27.859+0000] {python.py:201} INFO - Done. Returned value was: None
[2025-07-24T16:05:27.877+0000] {taskinstance.py:1138} INFO - Marking task as SUCCESS. dag_id=tune_stream_dag, task_id=Load_song_dim_table, execution_date=20230102T080000, start_date=20250724T160527, end_date=20250724T160527
[2025-07-24T16:05:27.948+0000] {local_task_job_runner.py:234} INFO - Task exited with return code 0
[2025-07-24T16:05:28.268+0000] {taskinstance.py:3280} INFO - 0 downstream tasks scheduled from follow-on schedule check
[2025-07-24T17:17:55.138+0000] {taskinstance.py:1956} INFO - Dependencies all met for dep_context=non-requeueable deps ti=<TaskInstance: tune_stream_dag.Load_song_dim_table scheduled__2023-01-02T08:00:00+00:00 [queued]>
[2025-07-24T17:17:55.155+0000] {taskinstance.py:1956} INFO - Dependencies all met for dep_context=requeueable deps ti=<TaskInstance: tune_stream_dag.Load_song_dim_table scheduled__2023-01-02T08:00:00+00:00 [queued]>
[2025-07-24T17:17:55.156+0000] {taskinstance.py:2170} INFO - Starting attempt 1 of 4
[2025-07-24T17:17:55.179+0000] {taskinstance.py:2191} INFO - Executing <Task(PythonOperator): Load_song_dim_table> on 2023-01-02 08:00:00+00:00
[2025-07-24T17:17:55.195+0000] {standard_task_runner.py:60} INFO - Started process 1503 to run task
[2025-07-24T17:17:55.200+0000] {standard_task_runner.py:87} INFO - Running: ['***', 'tasks', 'run', 'tune_stream_dag', 'Load_song_dim_table', 'scheduled__2023-01-02T08:00:00+00:00', '--job-id', '2090', '--raw', '--subdir', 'DAGS_FOLDER/etl_pipeline.py', '--cfg-path', '/tmp/tmpchk8jgtf']
[2025-07-24T17:17:55.205+0000] {standard_task_runner.py:88} INFO - Job 2090: Subtask Load_song_dim_table
[2025-07-24T17:17:55.324+0000] {task_command.py:423} INFO - Running <TaskInstance: tune_stream_dag.Load_song_dim_table scheduled__2023-01-02T08:00:00+00:00 [running]> on host 5def55d2a1b5
[2025-07-24T17:17:55.499+0000] {taskinstance.py:2480} INFO - Exporting env vars: AIRFLOW_CTX_DAG_OWNER='genz-legend' AIRFLOW_CTX_DAG_ID='tune_stream_dag' AIRFLOW_CTX_TASK_ID='Load_song_dim_table' AIRFLOW_CTX_EXECUTION_DATE='2023-01-02T08:00:00+00:00' AIRFLOW_CTX_TRY_NUMBER='1' AIRFLOW_CTX_DAG_RUN_ID='scheduled__2023-01-02T08:00:00+00:00'
[2025-07-24T17:17:55.552+0000] {python.py:201} INFO - Done. Returned value was: None
[2025-07-24T17:17:55.575+0000] {taskinstance.py:1138} INFO - Marking task as SUCCESS. dag_id=tune_stream_dag, task_id=Load_song_dim_table, execution_date=20230102T080000, start_date=20250724T171755, end_date=20250724T171755
[2025-07-24T17:17:55.655+0000] {local_task_job_runner.py:234} INFO - Task exited with return code 0
[2025-07-24T17:17:55.734+0000] {taskinstance.py:3280} INFO - 0 downstream tasks scheduled from follow-on schedule check
