[2025-07-24T18:17:00.481+0000] {taskinstance.py:1956} INFO - Dependencies all met for dep_context=non-requeueable deps ti=<TaskInstance: tune_stream_dag.data_quality_checks scheduled__2023-01-11T04:00:00+00:00 [queued]>
[2025-07-24T18:17:00.491+0000] {taskinstance.py:1956} INFO - Dependencies all met for dep_context=requeueable deps ti=<TaskInstance: tune_stream_dag.data_quality_checks scheduled__2023-01-11T04:00:00+00:00 [queued]>
[2025-07-24T18:17:00.492+0000] {taskinstance.py:2170} INFO - Starting attempt 1 of 4
[2025-07-24T18:17:00.505+0000] {taskinstance.py:2191} INFO - Executing <Task(PythonOperator): data_quality_checks> on 2023-01-11 04:00:00+00:00
[2025-07-24T18:17:00.512+0000] {standard_task_runner.py:60} INFO - Started process 7610 to run task
[2025-07-24T18:17:00.516+0000] {standard_task_runner.py:87} INFO - Running: ['***', 'tasks', 'run', 'tune_stream_dag', 'data_quality_checks', 'scheduled__2023-01-11T04:00:00+00:00', '--job-id', '3873', '--raw', '--subdir', 'DAGS_FOLDER/etl_pipeline.py', '--cfg-path', '/tmp/tmpm5fl1yfy']
[2025-07-24T18:17:00.519+0000] {standard_task_runner.py:88} INFO - Job 3873: Subtask data_quality_checks
[2025-07-24T18:17:00.586+0000] {task_command.py:423} INFO - Running <TaskInstance: tune_stream_dag.data_quality_checks scheduled__2023-01-11T04:00:00+00:00 [running]> on host 5def55d2a1b5
[2025-07-24T18:17:00.682+0000] {taskinstance.py:2480} INFO - Exporting env vars: AIRFLOW_CTX_DAG_OWNER='genz-legend' AIRFLOW_CTX_DAG_ID='tune_stream_dag' AIRFLOW_CTX_TASK_ID='data_quality_checks' AIRFLOW_CTX_EXECUTION_DATE='2023-01-11T04:00:00+00:00' AIRFLOW_CTX_TRY_NUMBER='1' AIRFLOW_CTX_DAG_RUN_ID='scheduled__2023-01-11T04:00:00+00:00'
[2025-07-24T18:17:00.693+0000] {logging_mixin.py:188} INFO - songplays passed check: is not empty
[2025-07-24T18:17:00.695+0000] {logging_mixin.py:188} INFO - users passed check: is not empty
[2025-07-24T18:17:00.700+0000] {logging_mixin.py:188} INFO - songs passed check: is not empty
[2025-07-24T18:17:00.702+0000] {logging_mixin.py:188} INFO - artists passed check: is not empty
[2025-07-24T18:17:00.704+0000] {logging_mixin.py:188} INFO - time passed check: is not empty
[2025-07-24T18:17:00.705+0000] {logging_mixin.py:188} INFO - songplays passed check: has no NULL playid
[2025-07-24T18:17:00.706+0000] {logging_mixin.py:188} INFO - users passed check: has no NULL userid
[2025-07-24T18:17:00.707+0000] {logging_mixin.py:188} INFO - songs passed check: has no NULL songid
[2025-07-24T18:17:00.709+0000] {logging_mixin.py:188} INFO - artists passed check: has no NULL artistid
[2025-07-24T18:17:00.710+0000] {logging_mixin.py:188} INFO - time passed check: has no NULL start_time
[2025-07-24T18:17:00.718+0000] {logging_mixin.py:188} INFO - songplays passed check: has unique playid
[2025-07-24T18:17:00.720+0000] {logging_mixin.py:188} INFO - users passed check: has unique userid
[2025-07-24T18:17:00.721+0000] {logging_mixin.py:188} INFO - songs passed check: has unique songid
[2025-07-24T18:17:00.722+0000] {logging_mixin.py:188} INFO - artists passed check: has unique artistid
[2025-07-24T18:17:00.725+0000] {logging_mixin.py:188} INFO - time passed check: has unique start_time
[2025-07-24T18:17:00.726+0000] {python.py:201} INFO - Done. Returned value was: None
[2025-07-24T18:17:00.741+0000] {taskinstance.py:1138} INFO - Marking task as SUCCESS. dag_id=tune_stream_dag, task_id=data_quality_checks, execution_date=20230111T040000, start_date=20250724T181700, end_date=20250724T181700
[2025-07-24T18:17:00.769+0000] {local_task_job_runner.py:234} INFO - Task exited with return code 0
[2025-07-24T18:17:00.845+0000] {taskinstance.py:3280} INFO - 0 downstream tasks scheduled from follow-on schedule check
