[2025-07-24T13:53:23.120+0000] {taskinstance.py:1956} INFO - Dependencies all met for dep_context=non-requeueable deps ti=<TaskInstance: tune_stream_dag.Stage_events scheduled__2023-01-02T14:00:00+00:00 [queued]>
[2025-07-24T13:53:23.194+0000] {taskinstance.py:1956} INFO - Dependencies all met for dep_context=requeueable deps ti=<TaskInstance: tune_stream_dag.Stage_events scheduled__2023-01-02T14:00:00+00:00 [queued]>
[2025-07-24T13:53:23.195+0000] {taskinstance.py:2170} INFO - Starting attempt 1 of 4
[2025-07-24T13:53:23.927+0000] {taskinstance.py:2191} INFO - Executing <Task(PythonOperator): Stage_events> on 2023-01-02 14:00:00+00:00
[2025-07-24T13:53:24.103+0000] {standard_task_runner.py:60} INFO - Started process 511 to run task
[2025-07-24T13:53:24.506+0000] {standard_task_runner.py:87} INFO - Running: ['***', 'tasks', 'run', 'tune_stream_dag', 'Stage_events', 'scheduled__2023-01-02T14:00:00+00:00', '--job-id', '376', '--raw', '--subdir', 'DAGS_FOLDER/etl_pipeline.py', '--cfg-path', '/tmp/tmp5_rgf74h']
[2025-07-24T13:53:24.543+0000] {standard_task_runner.py:88} INFO - Job 376: Subtask Stage_events
[2025-07-24T13:53:25.433+0000] {task_command.py:423} INFO - Running <TaskInstance: tune_stream_dag.Stage_events scheduled__2023-01-02T14:00:00+00:00 [running]> on host a4bcda7cb679
[2025-07-24T13:53:26.039+0000] {taskinstance.py:2480} INFO - Exporting env vars: AIRFLOW_CTX_DAG_OWNER='genz-legend' AIRFLOW_CTX_DAG_ID='tune_stream_dag' AIRFLOW_CTX_TASK_ID='Stage_events' AIRFLOW_CTX_EXECUTION_DATE='2023-01-02T14:00:00+00:00' AIRFLOW_CTX_TRY_NUMBER='1' AIRFLOW_CTX_DAG_RUN_ID='scheduled__2023-01-02T14:00:00+00:00'
[2025-07-24T13:53:32.544+0000] {python.py:201} INFO - Done. Returned value was: None
[2025-07-24T13:53:32.602+0000] {taskinstance.py:1138} INFO - Marking task as SUCCESS. dag_id=tune_stream_dag, task_id=Stage_events, execution_date=20230102T140000, start_date=20250724T135323, end_date=20250724T135332
[2025-07-24T13:53:32.691+0000] {local_task_job_runner.py:234} INFO - Task exited with return code 0
[2025-07-24T13:53:32.809+0000] {taskinstance.py:3280} INFO - 1 downstream tasks scheduled from follow-on schedule check
[2025-07-24T17:18:24.658+0000] {taskinstance.py:1956} INFO - Dependencies all met for dep_context=non-requeueable deps ti=<TaskInstance: tune_stream_dag.Stage_events scheduled__2023-01-02T14:00:00+00:00 [queued]>
[2025-07-24T17:18:24.666+0000] {taskinstance.py:1956} INFO - Dependencies all met for dep_context=requeueable deps ti=<TaskInstance: tune_stream_dag.Stage_events scheduled__2023-01-02T14:00:00+00:00 [queued]>
[2025-07-24T17:18:24.667+0000] {taskinstance.py:2170} INFO - Starting attempt 1 of 4
[2025-07-24T17:18:24.678+0000] {taskinstance.py:2191} INFO - Executing <Task(PythonOperator): Stage_events> on 2023-01-02 14:00:00+00:00
[2025-07-24T17:18:24.684+0000] {standard_task_runner.py:60} INFO - Started process 1611 to run task
[2025-07-24T17:18:24.687+0000] {standard_task_runner.py:87} INFO - Running: ['***', 'tasks', 'run', 'tune_stream_dag', 'Stage_events', 'scheduled__2023-01-02T14:00:00+00:00', '--job-id', '2124', '--raw', '--subdir', 'DAGS_FOLDER/etl_pipeline.py', '--cfg-path', '/tmp/tmptm2bscig']
[2025-07-24T17:18:24.690+0000] {standard_task_runner.py:88} INFO - Job 2124: Subtask Stage_events
[2025-07-24T17:18:24.769+0000] {task_command.py:423} INFO - Running <TaskInstance: tune_stream_dag.Stage_events scheduled__2023-01-02T14:00:00+00:00 [running]> on host 5def55d2a1b5
[2025-07-24T17:18:24.851+0000] {taskinstance.py:2480} INFO - Exporting env vars: AIRFLOW_CTX_DAG_OWNER='genz-legend' AIRFLOW_CTX_DAG_ID='tune_stream_dag' AIRFLOW_CTX_TASK_ID='Stage_events' AIRFLOW_CTX_EXECUTION_DATE='2023-01-02T14:00:00+00:00' AIRFLOW_CTX_TRY_NUMBER='1' AIRFLOW_CTX_DAG_RUN_ID='scheduled__2023-01-02T14:00:00+00:00'
[2025-07-24T17:18:30.177+0000] {python.py:201} INFO - Done. Returned value was: None
[2025-07-24T17:18:30.187+0000] {taskinstance.py:1138} INFO - Marking task as SUCCESS. dag_id=tune_stream_dag, task_id=Stage_events, execution_date=20230102T140000, start_date=20250724T171824, end_date=20250724T171830
[2025-07-24T17:18:30.244+0000] {local_task_job_runner.py:234} INFO - Task exited with return code 0
[2025-07-24T17:18:30.268+0000] {taskinstance.py:3280} INFO - 1 downstream tasks scheduled from follow-on schedule check
