[2025-07-24T15:33:50.460+0000] {taskinstance.py:1956} INFO - Dependencies all met for dep_context=non-requeueable deps ti=<TaskInstance: tune_stream_dag.Load_song_dim_table scheduled__2023-01-01T10:00:00+00:00 [queued]>
[2025-07-24T15:33:50.472+0000] {taskinstance.py:1956} INFO - Dependencies all met for dep_context=requeueable deps ti=<TaskInstance: tune_stream_dag.Load_song_dim_table scheduled__2023-01-01T10:00:00+00:00 [queued]>
[2025-07-24T15:33:50.473+0000] {taskinstance.py:2170} INFO - Starting attempt 1 of 4
[2025-07-24T15:33:50.644+0000] {taskinstance.py:2191} INFO - Executing <Task(PythonOperator): Load_song_dim_table> on 2023-01-01 10:00:00+00:00
[2025-07-24T15:33:50.662+0000] {standard_task_runner.py:60} INFO - Started process 349 to run task
[2025-07-24T15:33:50.668+0000] {standard_task_runner.py:87} INFO - Running: ['***', 'tasks', 'run', 'tune_stream_dag', 'Load_song_dim_table', 'scheduled__2023-01-01T10:00:00+00:00', '--job-id', '1021', '--raw', '--subdir', 'DAGS_FOLDER/etl_pipeline.py', '--cfg-path', '/tmp/tmp649005ol']
[2025-07-24T15:33:50.685+0000] {standard_task_runner.py:88} INFO - Job 1021: Subtask Load_song_dim_table
[2025-07-24T15:33:50.888+0000] {task_command.py:423} INFO - Running <TaskInstance: tune_stream_dag.Load_song_dim_table scheduled__2023-01-01T10:00:00+00:00 [running]> on host c53547d84df1
[2025-07-24T15:33:51.226+0000] {taskinstance.py:2480} INFO - Exporting env vars: AIRFLOW_CTX_DAG_OWNER='genz-legend' AIRFLOW_CTX_DAG_ID='tune_stream_dag' AIRFLOW_CTX_TASK_ID='Load_song_dim_table' AIRFLOW_CTX_EXECUTION_DATE='2023-01-01T10:00:00+00:00' AIRFLOW_CTX_TRY_NUMBER='1' AIRFLOW_CTX_DAG_RUN_ID='scheduled__2023-01-01T10:00:00+00:00'
[2025-07-24T15:33:51.422+0000] {python.py:201} INFO - Done. Returned value was: None
[2025-07-24T15:33:51.449+0000] {taskinstance.py:1138} INFO - Marking task as SUCCESS. dag_id=tune_stream_dag, task_id=Load_song_dim_table, execution_date=20230101T100000, start_date=20250724T153350, end_date=20250724T153351
[2025-07-24T15:33:51.559+0000] {local_task_job_runner.py:234} INFO - Task exited with return code 0
[2025-07-24T15:33:51.611+0000] {taskinstance.py:3280} INFO - 0 downstream tasks scheduled from follow-on schedule check
[2025-07-24T16:18:08.365+0000] {taskinstance.py:1956} INFO - Dependencies all met for dep_context=non-requeueable deps ti=<TaskInstance: tune_stream_dag.Load_song_dim_table scheduled__2023-01-01T10:00:00+00:00 [queued]>
[2025-07-24T16:18:08.392+0000] {taskinstance.py:1956} INFO - Dependencies all met for dep_context=requeueable deps ti=<TaskInstance: tune_stream_dag.Load_song_dim_table scheduled__2023-01-01T10:00:00+00:00 [queued]>
[2025-07-24T16:18:08.393+0000] {taskinstance.py:2170} INFO - Starting attempt 1 of 4
[2025-07-24T16:18:08.905+0000] {taskinstance.py:2191} INFO - Executing <Task(PythonOperator): Load_song_dim_table> on 2023-01-01 10:00:00+00:00
[2025-07-24T16:18:08.931+0000] {standard_task_runner.py:60} INFO - Started process 491 to run task
[2025-07-24T16:18:08.937+0000] {standard_task_runner.py:87} INFO - Running: ['***', 'tasks', 'run', 'tune_stream_dag', 'Load_song_dim_table', 'scheduled__2023-01-01T10:00:00+00:00', '--job-id', '1450', '--raw', '--subdir', 'DAGS_FOLDER/etl_pipeline.py', '--cfg-path', '/tmp/tmpmfwjca6a']
[2025-07-24T16:18:08.943+0000] {standard_task_runner.py:88} INFO - Job 1450: Subtask Load_song_dim_table
[2025-07-24T16:18:09.092+0000] {task_command.py:423} INFO - Running <TaskInstance: tune_stream_dag.Load_song_dim_table scheduled__2023-01-01T10:00:00+00:00 [running]> on host c53547d84df1
[2025-07-24T16:18:09.537+0000] {taskinstance.py:2480} INFO - Exporting env vars: AIRFLOW_CTX_DAG_OWNER='genz-legend' AIRFLOW_CTX_DAG_ID='tune_stream_dag' AIRFLOW_CTX_TASK_ID='Load_song_dim_table' AIRFLOW_CTX_EXECUTION_DATE='2023-01-01T10:00:00+00:00' AIRFLOW_CTX_TRY_NUMBER='1' AIRFLOW_CTX_DAG_RUN_ID='scheduled__2023-01-01T10:00:00+00:00'
[2025-07-24T16:18:09.878+0000] {python.py:201} INFO - Done. Returned value was: None
[2025-07-24T16:18:09.892+0000] {taskinstance.py:1138} INFO - Marking task as SUCCESS. dag_id=tune_stream_dag, task_id=Load_song_dim_table, execution_date=20230101T100000, start_date=20250724T161808, end_date=20250724T161809
[2025-07-24T16:18:10.676+0000] {local_task_job_runner.py:234} INFO - Task exited with return code 0
[2025-07-24T16:18:11.115+0000] {taskinstance.py:3280} INFO - 0 downstream tasks scheduled from follow-on schedule check
[2025-07-24T16:57:16.255+0000] {taskinstance.py:1956} INFO - Dependencies all met for dep_context=non-requeueable deps ti=<TaskInstance: tune_stream_dag.Load_song_dim_table scheduled__2023-01-01T10:00:00+00:00 [queued]>
[2025-07-24T16:57:16.352+0000] {taskinstance.py:1956} INFO - Dependencies all met for dep_context=requeueable deps ti=<TaskInstance: tune_stream_dag.Load_song_dim_table scheduled__2023-01-01T10:00:00+00:00 [queued]>
[2025-07-24T16:57:16.363+0000] {taskinstance.py:2170} INFO - Starting attempt 1 of 4
[2025-07-24T16:57:16.868+0000] {taskinstance.py:2191} INFO - Executing <Task(PythonOperator): Load_song_dim_table> on 2023-01-01 10:00:00+00:00
[2025-07-24T16:57:16.888+0000] {standard_task_runner.py:60} INFO - Started process 457 to run task
[2025-07-24T16:57:16.895+0000] {standard_task_runner.py:87} INFO - Running: ['***', 'tasks', 'run', 'tune_stream_dag', 'Load_song_dim_table', 'scheduled__2023-01-01T10:00:00+00:00', '--job-id', '1839', '--raw', '--subdir', 'DAGS_FOLDER/etl_pipeline.py', '--cfg-path', '/tmp/tmpv_08w6qi']
[2025-07-24T16:57:16.904+0000] {standard_task_runner.py:88} INFO - Job 1839: Subtask Load_song_dim_table
[2025-07-24T16:57:17.399+0000] {task_command.py:423} INFO - Running <TaskInstance: tune_stream_dag.Load_song_dim_table scheduled__2023-01-01T10:00:00+00:00 [running]> on host 5def55d2a1b5
[2025-07-24T16:57:17.768+0000] {taskinstance.py:2480} INFO - Exporting env vars: AIRFLOW_CTX_DAG_OWNER='genz-legend' AIRFLOW_CTX_DAG_ID='tune_stream_dag' AIRFLOW_CTX_TASK_ID='Load_song_dim_table' AIRFLOW_CTX_EXECUTION_DATE='2023-01-01T10:00:00+00:00' AIRFLOW_CTX_TRY_NUMBER='1' AIRFLOW_CTX_DAG_RUN_ID='scheduled__2023-01-01T10:00:00+00:00'
[2025-07-24T16:57:17.914+0000] {python.py:201} INFO - Done. Returned value was: None
[2025-07-24T16:57:17.963+0000] {taskinstance.py:1138} INFO - Marking task as SUCCESS. dag_id=tune_stream_dag, task_id=Load_song_dim_table, execution_date=20230101T100000, start_date=20250724T165716, end_date=20250724T165717
[2025-07-24T16:57:18.090+0000] {local_task_job_runner.py:234} INFO - Task exited with return code 0
[2025-07-24T16:57:18.430+0000] {taskinstance.py:3280} INFO - 0 downstream tasks scheduled from follow-on schedule check
