[2025-07-24T15:54:51.803+0000] {taskinstance.py:1956} INFO - Dependencies all met for dep_context=non-requeueable deps ti=<TaskInstance: tune_stream_dag.Load_song_dim_table scheduled__2023-01-01T22:00:00+00:00 [queued]>
[2025-07-24T15:54:51.822+0000] {taskinstance.py:1956} INFO - Dependencies all met for dep_context=requeueable deps ti=<TaskInstance: tune_stream_dag.Load_song_dim_table scheduled__2023-01-01T22:00:00+00:00 [queued]>
[2025-07-24T15:54:51.823+0000] {taskinstance.py:2170} INFO - Starting attempt 1 of 4
[2025-07-24T15:54:51.844+0000] {taskinstance.py:2191} INFO - Executing <Task(PythonOperator): Load_song_dim_table> on 2023-01-01 22:00:00+00:00
[2025-07-24T15:54:51.856+0000] {standard_task_runner.py:60} INFO - Started process 1248 to run task
[2025-07-24T15:54:51.876+0000] {standard_task_runner.py:87} INFO - Running: ['***', 'tasks', 'run', 'tune_stream_dag', 'Load_song_dim_table', 'scheduled__2023-01-01T22:00:00+00:00', '--job-id', '1219', '--raw', '--subdir', 'DAGS_FOLDER/etl_pipeline.py', '--cfg-path', '/tmp/tmp9xnw6na8']
[2025-07-24T15:54:51.891+0000] {standard_task_runner.py:88} INFO - Job 1219: Subtask Load_song_dim_table
[2025-07-24T15:54:52.074+0000] {task_command.py:423} INFO - Running <TaskInstance: tune_stream_dag.Load_song_dim_table scheduled__2023-01-01T22:00:00+00:00 [running]> on host c53547d84df1
[2025-07-24T15:54:52.210+0000] {taskinstance.py:2480} INFO - Exporting env vars: AIRFLOW_CTX_DAG_OWNER='genz-legend' AIRFLOW_CTX_DAG_ID='tune_stream_dag' AIRFLOW_CTX_TASK_ID='Load_song_dim_table' AIRFLOW_CTX_EXECUTION_DATE='2023-01-01T22:00:00+00:00' AIRFLOW_CTX_TRY_NUMBER='1' AIRFLOW_CTX_DAG_RUN_ID='scheduled__2023-01-01T22:00:00+00:00'
[2025-07-24T15:54:52.231+0000] {python.py:201} INFO - Done. Returned value was: None
[2025-07-24T15:54:52.249+0000] {taskinstance.py:1138} INFO - Marking task as SUCCESS. dag_id=tune_stream_dag, task_id=Load_song_dim_table, execution_date=20230101T220000, start_date=20250724T155451, end_date=20250724T155452
[2025-07-24T15:54:52.291+0000] {local_task_job_runner.py:234} INFO - Task exited with return code 0
[2025-07-24T15:54:52.344+0000] {taskinstance.py:3280} INFO - 0 downstream tasks scheduled from follow-on schedule check
[2025-07-24T16:34:51.267+0000] {taskinstance.py:1956} INFO - Dependencies all met for dep_context=non-requeueable deps ti=<TaskInstance: tune_stream_dag.Load_song_dim_table scheduled__2023-01-01T22:00:00+00:00 [queued]>
[2025-07-24T16:34:51.310+0000] {taskinstance.py:1956} INFO - Dependencies all met for dep_context=requeueable deps ti=<TaskInstance: tune_stream_dag.Load_song_dim_table scheduled__2023-01-01T22:00:00+00:00 [queued]>
[2025-07-24T16:34:51.312+0000] {taskinstance.py:2170} INFO - Starting attempt 1 of 4
[2025-07-24T16:34:52.011+0000] {taskinstance.py:2191} INFO - Executing <Task(PythonOperator): Load_song_dim_table> on 2023-01-01 22:00:00+00:00
[2025-07-24T16:34:52.095+0000] {standard_task_runner.py:60} INFO - Started process 1305 to run task
[2025-07-24T16:34:52.172+0000] {standard_task_runner.py:87} INFO - Running: ['***', 'tasks', 'run', 'tune_stream_dag', 'Load_song_dim_table', 'scheduled__2023-01-01T22:00:00+00:00', '--job-id', '1635', '--raw', '--subdir', 'DAGS_FOLDER/etl_pipeline.py', '--cfg-path', '/tmp/tmp_eb75pmk']
[2025-07-24T16:34:52.223+0000] {standard_task_runner.py:88} INFO - Job 1635: Subtask Load_song_dim_table
[2025-07-24T16:34:52.610+0000] {task_command.py:423} INFO - Running <TaskInstance: tune_stream_dag.Load_song_dim_table scheduled__2023-01-01T22:00:00+00:00 [running]> on host c53547d84df1
[2025-07-24T16:34:53.361+0000] {taskinstance.py:2480} INFO - Exporting env vars: AIRFLOW_CTX_DAG_OWNER='genz-legend' AIRFLOW_CTX_DAG_ID='tune_stream_dag' AIRFLOW_CTX_TASK_ID='Load_song_dim_table' AIRFLOW_CTX_EXECUTION_DATE='2023-01-01T22:00:00+00:00' AIRFLOW_CTX_TRY_NUMBER='1' AIRFLOW_CTX_DAG_RUN_ID='scheduled__2023-01-01T22:00:00+00:00'
[2025-07-24T16:34:54.665+0000] {python.py:201} INFO - Done. Returned value was: None
[2025-07-24T16:34:54.849+0000] {taskinstance.py:1138} INFO - Marking task as SUCCESS. dag_id=tune_stream_dag, task_id=Load_song_dim_table, execution_date=20230101T220000, start_date=20250724T163451, end_date=20250724T163454
[2025-07-24T16:34:55.283+0000] {local_task_job_runner.py:234} INFO - Task exited with return code 0
[2025-07-24T16:34:55.428+0000] {taskinstance.py:3280} INFO - 0 downstream tasks scheduled from follow-on schedule check
[2025-07-24T17:13:42.166+0000] {taskinstance.py:1956} INFO - Dependencies all met for dep_context=non-requeueable deps ti=<TaskInstance: tune_stream_dag.Load_song_dim_table scheduled__2023-01-01T22:00:00+00:00 [queued]>
[2025-07-24T17:13:42.210+0000] {taskinstance.py:1956} INFO - Dependencies all met for dep_context=requeueable deps ti=<TaskInstance: tune_stream_dag.Load_song_dim_table scheduled__2023-01-01T22:00:00+00:00 [queued]>
[2025-07-24T17:13:42.219+0000] {taskinstance.py:2170} INFO - Starting attempt 1 of 4
[2025-07-24T17:13:42.343+0000] {taskinstance.py:2191} INFO - Executing <Task(PythonOperator): Load_song_dim_table> on 2023-01-01 22:00:00+00:00
[2025-07-24T17:13:42.461+0000] {standard_task_runner.py:60} INFO - Started process 1278 to run task
[2025-07-24T17:13:42.514+0000] {standard_task_runner.py:87} INFO - Running: ['***', 'tasks', 'run', 'tune_stream_dag', 'Load_song_dim_table', 'scheduled__2023-01-01T22:00:00+00:00', '--job-id', '2028', '--raw', '--subdir', 'DAGS_FOLDER/etl_pipeline.py', '--cfg-path', '/tmp/tmpttbcqk74']
[2025-07-24T17:13:42.557+0000] {standard_task_runner.py:88} INFO - Job 2028: Subtask Load_song_dim_table
[2025-07-24T17:13:42.805+0000] {task_command.py:423} INFO - Running <TaskInstance: tune_stream_dag.Load_song_dim_table scheduled__2023-01-01T22:00:00+00:00 [running]> on host 5def55d2a1b5
[2025-07-24T17:13:43.615+0000] {taskinstance.py:2480} INFO - Exporting env vars: AIRFLOW_CTX_DAG_OWNER='genz-legend' AIRFLOW_CTX_DAG_ID='tune_stream_dag' AIRFLOW_CTX_TASK_ID='Load_song_dim_table' AIRFLOW_CTX_EXECUTION_DATE='2023-01-01T22:00:00+00:00' AIRFLOW_CTX_TRY_NUMBER='1' AIRFLOW_CTX_DAG_RUN_ID='scheduled__2023-01-01T22:00:00+00:00'
[2025-07-24T17:13:43.710+0000] {python.py:201} INFO - Done. Returned value was: None
[2025-07-24T17:13:43.809+0000] {taskinstance.py:1138} INFO - Marking task as SUCCESS. dag_id=tune_stream_dag, task_id=Load_song_dim_table, execution_date=20230101T220000, start_date=20250724T171342, end_date=20250724T171343
[2025-07-24T17:13:43.934+0000] {local_task_job_runner.py:234} INFO - Task exited with return code 0
[2025-07-24T17:13:44.034+0000] {taskinstance.py:3280} INFO - 0 downstream tasks scheduled from follow-on schedule check
