[2025-07-24T14:29:57.997+0000] {taskinstance.py:1956} INFO - Dependencies all met for dep_context=non-requeueable deps ti=<TaskInstance: tune_stream_dag.Stage_songs scheduled__2023-01-03T23:00:00+00:00 [queued]>
[2025-07-24T14:29:58.051+0000] {taskinstance.py:1956} INFO - Dependencies all met for dep_context=requeueable deps ti=<TaskInstance: tune_stream_dag.Stage_songs scheduled__2023-01-03T23:00:00+00:00 [queued]>
[2025-07-24T14:29:58.063+0000] {taskinstance.py:2170} INFO - Starting attempt 1 of 4
[2025-07-24T14:29:58.125+0000] {taskinstance.py:2191} INFO - Executing <Task(PythonOperator): Stage_songs> on 2023-01-03 23:00:00+00:00
[2025-07-24T14:29:58.149+0000] {standard_task_runner.py:60} INFO - Started process 891 to run task
[2025-07-24T14:29:58.209+0000] {standard_task_runner.py:87} INFO - Running: ['***', 'tasks', 'run', 'tune_stream_dag', 'Stage_songs', 'scheduled__2023-01-03T23:00:00+00:00', '--job-id', '573', '--raw', '--subdir', 'DAGS_FOLDER/etl_pipeline.py', '--cfg-path', '/tmp/tmptuwukbkr']
[2025-07-24T14:29:58.231+0000] {standard_task_runner.py:88} INFO - Job 573: Subtask Stage_songs
[2025-07-24T14:29:58.569+0000] {task_command.py:423} INFO - Running <TaskInstance: tune_stream_dag.Stage_songs scheduled__2023-01-03T23:00:00+00:00 [running]> on host aea62fae55be
[2025-07-24T14:29:58.797+0000] {taskinstance.py:2480} INFO - Exporting env vars: AIRFLOW_CTX_DAG_OWNER='genz-legend' AIRFLOW_CTX_DAG_ID='tune_stream_dag' AIRFLOW_CTX_TASK_ID='Stage_songs' AIRFLOW_CTX_EXECUTION_DATE='2023-01-03T23:00:00+00:00' AIRFLOW_CTX_TRY_NUMBER='1' AIRFLOW_CTX_DAG_RUN_ID='scheduled__2023-01-03T23:00:00+00:00'
[2025-07-24T14:30:00.782+0000] {python.py:201} INFO - Done. Returned value was: None
[2025-07-24T14:30:00.823+0000] {taskinstance.py:1138} INFO - Marking task as SUCCESS. dag_id=tune_stream_dag, task_id=Stage_songs, execution_date=20230103T230000, start_date=20250724T142958, end_date=20250724T143000
[2025-07-24T14:30:01.162+0000] {local_task_job_runner.py:234} INFO - Task exited with return code 0
[2025-07-24T14:30:01.209+0000] {taskinstance.py:3280} INFO - 0 downstream tasks scheduled from follow-on schedule check
[2025-07-24T17:27:39.896+0000] {taskinstance.py:1956} INFO - Dependencies all met for dep_context=non-requeueable deps ti=<TaskInstance: tune_stream_dag.Stage_songs scheduled__2023-01-03T23:00:00+00:00 [queued]>
[2025-07-24T17:27:39.904+0000] {taskinstance.py:1956} INFO - Dependencies all met for dep_context=requeueable deps ti=<TaskInstance: tune_stream_dag.Stage_songs scheduled__2023-01-03T23:00:00+00:00 [queued]>
[2025-07-24T17:27:39.905+0000] {taskinstance.py:2170} INFO - Starting attempt 1 of 4
[2025-07-24T17:27:40.291+0000] {taskinstance.py:2191} INFO - Executing <Task(PythonOperator): Stage_songs> on 2023-01-03 23:00:00+00:00
[2025-07-24T17:27:40.482+0000] {standard_task_runner.py:60} INFO - Started process 2446 to run task
[2025-07-24T17:27:40.489+0000] {standard_task_runner.py:87} INFO - Running: ['***', 'tasks', 'run', 'tune_stream_dag', 'Stage_songs', 'scheduled__2023-01-03T23:00:00+00:00', '--job-id', '2366', '--raw', '--subdir', 'DAGS_FOLDER/etl_pipeline.py', '--cfg-path', '/tmp/tmpt06q659y']
[2025-07-24T17:27:40.497+0000] {standard_task_runner.py:88} INFO - Job 2366: Subtask Stage_songs
[2025-07-24T17:27:42.060+0000] {task_command.py:423} INFO - Running <TaskInstance: tune_stream_dag.Stage_songs scheduled__2023-01-03T23:00:00+00:00 [running]> on host 5def55d2a1b5
[2025-07-24T17:27:43.694+0000] {taskinstance.py:2480} INFO - Exporting env vars: AIRFLOW_CTX_DAG_OWNER='genz-legend' AIRFLOW_CTX_DAG_ID='tune_stream_dag' AIRFLOW_CTX_TASK_ID='Stage_songs' AIRFLOW_CTX_EXECUTION_DATE='2023-01-03T23:00:00+00:00' AIRFLOW_CTX_TRY_NUMBER='1' AIRFLOW_CTX_DAG_RUN_ID='scheduled__2023-01-03T23:00:00+00:00'
[2025-07-24T17:27:46.495+0000] {python.py:201} INFO - Done. Returned value was: None
[2025-07-24T17:27:46.561+0000] {taskinstance.py:1138} INFO - Marking task as SUCCESS. dag_id=tune_stream_dag, task_id=Stage_songs, execution_date=20230103T230000, start_date=20250724T172739, end_date=20250724T172746
[2025-07-24T17:27:46.642+0000] {local_task_job_runner.py:234} INFO - Task exited with return code 0
[2025-07-24T17:27:46.696+0000] {taskinstance.py:3280} INFO - 0 downstream tasks scheduled from follow-on schedule check
