[2025-07-24T15:24:13.386+0000] {taskinstance.py:1956} INFO - Dependencies all met for dep_context=non-requeueable deps ti=<TaskInstance: tune_stream_dag.Load_song_dim_table scheduled__2023-01-05T11:00:00+00:00 [queued]>
[2025-07-24T15:24:13.463+0000] {taskinstance.py:1956} INFO - Dependencies all met for dep_context=requeueable deps ti=<TaskInstance: tune_stream_dag.Load_song_dim_table scheduled__2023-01-05T11:00:00+00:00 [queued]>
[2025-07-24T15:24:13.465+0000] {taskinstance.py:2170} INFO - Starting attempt 1 of 4
[2025-07-24T15:24:13.655+0000] {taskinstance.py:2191} INFO - Executing <Task(PythonOperator): Load_song_dim_table> on 2023-01-05 11:00:00+00:00
[2025-07-24T15:24:13.907+0000] {standard_task_runner.py:60} INFO - Started process 106 to run task
[2025-07-24T15:24:14.042+0000] {standard_task_runner.py:87} INFO - Running: ['***', 'tasks', 'run', 'tune_stream_dag', 'Load_song_dim_table', 'scheduled__2023-01-05T11:00:00+00:00', '--job-id', '897', '--raw', '--subdir', 'DAGS_FOLDER/etl_pipeline.py', '--cfg-path', '/tmp/tmpsgfbytr7']
[2025-07-24T15:24:14.162+0000] {standard_task_runner.py:88} INFO - Job 897: Subtask Load_song_dim_table
[2025-07-24T15:24:15.123+0000] {task_command.py:423} INFO - Running <TaskInstance: tune_stream_dag.Load_song_dim_table scheduled__2023-01-05T11:00:00+00:00 [running]> on host c53547d84df1
[2025-07-24T15:24:15.323+0000] {taskinstance.py:2480} INFO - Exporting env vars: AIRFLOW_CTX_DAG_OWNER='genz-legend' AIRFLOW_CTX_DAG_ID='tune_stream_dag' AIRFLOW_CTX_TASK_ID='Load_song_dim_table' AIRFLOW_CTX_EXECUTION_DATE='2023-01-05T11:00:00+00:00' AIRFLOW_CTX_TRY_NUMBER='1' AIRFLOW_CTX_DAG_RUN_ID='scheduled__2023-01-05T11:00:00+00:00'
[2025-07-24T15:24:15.338+0000] {python.py:201} INFO - Done. Returned value was: None
[2025-07-24T15:24:15.419+0000] {taskinstance.py:1138} INFO - Marking task as SUCCESS. dag_id=tune_stream_dag, task_id=Load_song_dim_table, execution_date=20230105T110000, start_date=20250724T152413, end_date=20250724T152415
[2025-07-24T15:24:15.484+0000] {local_task_job_runner.py:234} INFO - Task exited with return code 0
[2025-07-24T15:24:15.506+0000] {taskinstance.py:3280} INFO - 0 downstream tasks scheduled from follow-on schedule check
[2025-07-24T17:36:16.474+0000] {taskinstance.py:1956} INFO - Dependencies all met for dep_context=non-requeueable deps ti=<TaskInstance: tune_stream_dag.Load_song_dim_table scheduled__2023-01-05T11:00:00+00:00 [queued]>
[2025-07-24T17:36:16.523+0000] {taskinstance.py:1956} INFO - Dependencies all met for dep_context=requeueable deps ti=<TaskInstance: tune_stream_dag.Load_song_dim_table scheduled__2023-01-05T11:00:00+00:00 [queued]>
[2025-07-24T17:36:16.548+0000] {taskinstance.py:2170} INFO - Starting attempt 1 of 4
[2025-07-24T17:36:16.921+0000] {taskinstance.py:2191} INFO - Executing <Task(PythonOperator): Load_song_dim_table> on 2023-01-05 11:00:00+00:00
[2025-07-24T17:36:16.960+0000] {standard_task_runner.py:60} INFO - Started process 3845 to run task
[2025-07-24T17:36:16.972+0000] {standard_task_runner.py:87} INFO - Running: ['***', 'tasks', 'run', 'tune_stream_dag', 'Load_song_dim_table', 'scheduled__2023-01-05T11:00:00+00:00', '--job-id', '2798', '--raw', '--subdir', 'DAGS_FOLDER/etl_pipeline.py', '--cfg-path', '/tmp/tmpotcg1opb']
[2025-07-24T17:36:17.077+0000] {standard_task_runner.py:88} INFO - Job 2798: Subtask Load_song_dim_table
[2025-07-24T17:36:17.397+0000] {task_command.py:423} INFO - Running <TaskInstance: tune_stream_dag.Load_song_dim_table scheduled__2023-01-05T11:00:00+00:00 [running]> on host 5def55d2a1b5
[2025-07-24T17:36:17.784+0000] {taskinstance.py:2480} INFO - Exporting env vars: AIRFLOW_CTX_DAG_OWNER='genz-legend' AIRFLOW_CTX_DAG_ID='tune_stream_dag' AIRFLOW_CTX_TASK_ID='Load_song_dim_table' AIRFLOW_CTX_EXECUTION_DATE='2023-01-05T11:00:00+00:00' AIRFLOW_CTX_TRY_NUMBER='1' AIRFLOW_CTX_DAG_RUN_ID='scheduled__2023-01-05T11:00:00+00:00'
[2025-07-24T17:36:17.897+0000] {python.py:201} INFO - Done. Returned value was: None
[2025-07-24T17:36:17.921+0000] {taskinstance.py:1138} INFO - Marking task as SUCCESS. dag_id=tune_stream_dag, task_id=Load_song_dim_table, execution_date=20230105T110000, start_date=20250724T173616, end_date=20250724T173617
[2025-07-24T17:36:18.061+0000] {local_task_job_runner.py:234} INFO - Task exited with return code 0
[2025-07-24T17:36:19.702+0000] {taskinstance.py:3280} INFO - 0 downstream tasks scheduled from follow-on schedule check
