[2025-07-24T15:04:25.974+0000] {taskinstance.py:1956} INFO - Dependencies all met for dep_context=non-requeueable deps ti=<TaskInstance: tune_stream_dag.Stage_songs scheduled__2023-01-04T17:00:00+00:00 [queued]>
[2025-07-24T15:04:26.017+0000] {taskinstance.py:1956} INFO - Dependencies all met for dep_context=requeueable deps ti=<TaskInstance: tune_stream_dag.Stage_songs scheduled__2023-01-04T17:00:00+00:00 [queued]>
[2025-07-24T15:04:26.021+0000] {taskinstance.py:2170} INFO - Starting attempt 1 of 4
[2025-07-24T15:04:26.054+0000] {taskinstance.py:2191} INFO - Executing <Task(PythonOperator): Stage_songs> on 2023-01-04 17:00:00+00:00
[2025-07-24T15:04:26.077+0000] {standard_task_runner.py:60} INFO - Started process 219 to run task
[2025-07-24T15:04:26.086+0000] {standard_task_runner.py:87} INFO - Running: ['***', 'tasks', 'run', 'tune_stream_dag', 'Stage_songs', 'scheduled__2023-01-04T17:00:00+00:00', '--job-id', '757', '--raw', '--subdir', 'DAGS_FOLDER/etl_pipeline.py', '--cfg-path', '/tmp/tmp32aeg9rp']
[2025-07-24T15:04:26.096+0000] {standard_task_runner.py:88} INFO - Job 757: Subtask Stage_songs
[2025-07-24T15:04:26.439+0000] {task_command.py:423} INFO - Running <TaskInstance: tune_stream_dag.Stage_songs scheduled__2023-01-04T17:00:00+00:00 [running]> on host c53547d84df1
[2025-07-24T15:04:26.820+0000] {taskinstance.py:2480} INFO - Exporting env vars: AIRFLOW_CTX_DAG_OWNER='genz-legend' AIRFLOW_CTX_DAG_ID='tune_stream_dag' AIRFLOW_CTX_TASK_ID='Stage_songs' AIRFLOW_CTX_EXECUTION_DATE='2023-01-04T17:00:00+00:00' AIRFLOW_CTX_TRY_NUMBER='1' AIRFLOW_CTX_DAG_RUN_ID='scheduled__2023-01-04T17:00:00+00:00'
[2025-07-24T15:04:28.650+0000] {python.py:201} INFO - Done. Returned value was: None
[2025-07-24T15:04:28.683+0000] {taskinstance.py:1138} INFO - Marking task as SUCCESS. dag_id=tune_stream_dag, task_id=Stage_songs, execution_date=20230104T170000, start_date=20250724T150425, end_date=20250724T150428
[2025-07-24T15:04:28.764+0000] {local_task_job_runner.py:234} INFO - Task exited with return code 0
[2025-07-24T15:04:28.842+0000] {taskinstance.py:3280} INFO - 0 downstream tasks scheduled from follow-on schedule check
[2025-07-24T17:30:08.661+0000] {taskinstance.py:1956} INFO - Dependencies all met for dep_context=non-requeueable deps ti=<TaskInstance: tune_stream_dag.Stage_songs scheduled__2023-01-04T17:00:00+00:00 [queued]>
[2025-07-24T17:30:08.679+0000] {taskinstance.py:1956} INFO - Dependencies all met for dep_context=requeueable deps ti=<TaskInstance: tune_stream_dag.Stage_songs scheduled__2023-01-04T17:00:00+00:00 [queued]>
[2025-07-24T17:30:08.681+0000] {taskinstance.py:2170} INFO - Starting attempt 1 of 4
[2025-07-24T17:30:08.705+0000] {taskinstance.py:2191} INFO - Executing <Task(PythonOperator): Stage_songs> on 2023-01-04 17:00:00+00:00
[2025-07-24T17:30:08.723+0000] {standard_task_runner.py:60} INFO - Started process 2867 to run task
[2025-07-24T17:30:08.728+0000] {standard_task_runner.py:87} INFO - Running: ['***', 'tasks', 'run', 'tune_stream_dag', 'Stage_songs', 'scheduled__2023-01-04T17:00:00+00:00', '--job-id', '2496', '--raw', '--subdir', 'DAGS_FOLDER/etl_pipeline.py', '--cfg-path', '/tmp/tmp61lgqskp']
[2025-07-24T17:30:08.734+0000] {standard_task_runner.py:88} INFO - Job 2496: Subtask Stage_songs
[2025-07-24T17:30:08.960+0000] {task_command.py:423} INFO - Running <TaskInstance: tune_stream_dag.Stage_songs scheduled__2023-01-04T17:00:00+00:00 [running]> on host 5def55d2a1b5
[2025-07-24T17:30:09.389+0000] {taskinstance.py:2480} INFO - Exporting env vars: AIRFLOW_CTX_DAG_OWNER='genz-legend' AIRFLOW_CTX_DAG_ID='tune_stream_dag' AIRFLOW_CTX_TASK_ID='Stage_songs' AIRFLOW_CTX_EXECUTION_DATE='2023-01-04T17:00:00+00:00' AIRFLOW_CTX_TRY_NUMBER='1' AIRFLOW_CTX_DAG_RUN_ID='scheduled__2023-01-04T17:00:00+00:00'
[2025-07-24T17:30:10.268+0000] {python.py:201} INFO - Done. Returned value was: None
[2025-07-24T17:30:10.291+0000] {taskinstance.py:1138} INFO - Marking task as SUCCESS. dag_id=tune_stream_dag, task_id=Stage_songs, execution_date=20230104T170000, start_date=20250724T173008, end_date=20250724T173010
[2025-07-24T17:30:10.396+0000] {local_task_job_runner.py:234} INFO - Task exited with return code 0
[2025-07-24T17:30:10.628+0000] {taskinstance.py:3280} INFO - 0 downstream tasks scheduled from follow-on schedule check
