[2025-07-24T16:35:15.121+0000] {taskinstance.py:1956} INFO - Dependencies all met for dep_context=non-requeueable deps ti=<TaskInstance: tune_stream_dag.Load_artist_dim_table scheduled__2023-01-02T04:00:00+00:00 [queued]>
[2025-07-24T16:35:15.129+0000] {taskinstance.py:1956} INFO - Dependencies all met for dep_context=requeueable deps ti=<TaskInstance: tune_stream_dag.Load_artist_dim_table scheduled__2023-01-02T04:00:00+00:00 [queued]>
[2025-07-24T16:35:15.132+0000] {taskinstance.py:2170} INFO - Starting attempt 1 of 4
[2025-07-24T16:35:15.522+0000] {taskinstance.py:2191} INFO - Executing <Task(PythonOperator): Load_artist_dim_table> on 2023-01-02 04:00:00+00:00
[2025-07-24T16:35:15.553+0000] {standard_task_runner.py:60} INFO - Started process 1384 to run task
[2025-07-24T16:35:15.558+0000] {standard_task_runner.py:87} INFO - Running: ['***', 'tasks', 'run', 'tune_stream_dag', 'Load_artist_dim_table', 'scheduled__2023-01-02T04:00:00+00:00', '--job-id', '1665', '--raw', '--subdir', 'DAGS_FOLDER/etl_pipeline.py', '--cfg-path', '/tmp/tmpxaes0d6l']
[2025-07-24T16:35:15.564+0000] {standard_task_runner.py:88} INFO - Job 1665: Subtask Load_artist_dim_table
[2025-07-24T16:35:15.785+0000] {task_command.py:423} INFO - Running <TaskInstance: tune_stream_dag.Load_artist_dim_table scheduled__2023-01-02T04:00:00+00:00 [running]> on host c53547d84df1
[2025-07-24T16:35:16.086+0000] {taskinstance.py:2480} INFO - Exporting env vars: AIRFLOW_CTX_DAG_OWNER='genz-legend' AIRFLOW_CTX_DAG_ID='tune_stream_dag' AIRFLOW_CTX_TASK_ID='Load_artist_dim_table' AIRFLOW_CTX_EXECUTION_DATE='2023-01-02T04:00:00+00:00' AIRFLOW_CTX_TRY_NUMBER='1' AIRFLOW_CTX_DAG_RUN_ID='scheduled__2023-01-02T04:00:00+00:00'
[2025-07-24T16:35:16.313+0000] {python.py:201} INFO - Done. Returned value was: None
[2025-07-24T16:35:16.405+0000] {taskinstance.py:1138} INFO - Marking task as SUCCESS. dag_id=tune_stream_dag, task_id=Load_artist_dim_table, execution_date=20230102T040000, start_date=20250724T163515, end_date=20250724T163516
[2025-07-24T16:35:17.185+0000] {local_task_job_runner.py:234} INFO - Task exited with return code 0
[2025-07-24T16:35:17.429+0000] {taskinstance.py:3280} INFO - 0 downstream tasks scheduled from follow-on schedule check
[2025-07-24T17:14:19.419+0000] {taskinstance.py:1956} INFO - Dependencies all met for dep_context=non-requeueable deps ti=<TaskInstance: tune_stream_dag.Load_artist_dim_table scheduled__2023-01-02T04:00:00+00:00 [queued]>
[2025-07-24T17:14:19.451+0000] {taskinstance.py:1956} INFO - Dependencies all met for dep_context=requeueable deps ti=<TaskInstance: tune_stream_dag.Load_artist_dim_table scheduled__2023-01-02T04:00:00+00:00 [queued]>
[2025-07-24T17:14:19.452+0000] {taskinstance.py:2170} INFO - Starting attempt 1 of 4
[2025-07-24T17:14:19.510+0000] {taskinstance.py:2191} INFO - Executing <Task(PythonOperator): Load_artist_dim_table> on 2023-01-02 04:00:00+00:00
[2025-07-24T17:14:19.524+0000] {standard_task_runner.py:60} INFO - Started process 1384 to run task
[2025-07-24T17:14:19.529+0000] {standard_task_runner.py:87} INFO - Running: ['***', 'tasks', 'run', 'tune_stream_dag', 'Load_artist_dim_table', 'scheduled__2023-01-02T04:00:00+00:00', '--job-id', '2067', '--raw', '--subdir', 'DAGS_FOLDER/etl_pipeline.py', '--cfg-path', '/tmp/tmpjhy0c35m']
[2025-07-24T17:14:19.534+0000] {standard_task_runner.py:88} INFO - Job 2067: Subtask Load_artist_dim_table
[2025-07-24T17:14:19.668+0000] {task_command.py:423} INFO - Running <TaskInstance: tune_stream_dag.Load_artist_dim_table scheduled__2023-01-02T04:00:00+00:00 [running]> on host 5def55d2a1b5
[2025-07-24T17:14:19.891+0000] {taskinstance.py:2480} INFO - Exporting env vars: AIRFLOW_CTX_DAG_OWNER='genz-legend' AIRFLOW_CTX_DAG_ID='tune_stream_dag' AIRFLOW_CTX_TASK_ID='Load_artist_dim_table' AIRFLOW_CTX_EXECUTION_DATE='2023-01-02T04:00:00+00:00' AIRFLOW_CTX_TRY_NUMBER='1' AIRFLOW_CTX_DAG_RUN_ID='scheduled__2023-01-02T04:00:00+00:00'
[2025-07-24T17:14:20.030+0000] {python.py:201} INFO - Done. Returned value was: None
[2025-07-24T17:14:20.046+0000] {taskinstance.py:1138} INFO - Marking task as SUCCESS. dag_id=tune_stream_dag, task_id=Load_artist_dim_table, execution_date=20230102T040000, start_date=20250724T171419, end_date=20250724T171420
[2025-07-24T17:14:20.120+0000] {local_task_job_runner.py:234} INFO - Task exited with return code 0
[2025-07-24T17:14:20.199+0000] {taskinstance.py:3280} INFO - 0 downstream tasks scheduled from follow-on schedule check
