[2025-07-24T15:49:42.359+0000] {taskinstance.py:1956} INFO - Dependencies all met for dep_context=non-requeueable deps ti=<TaskInstance: tune_stream_dag.Load_artist_dim_table scheduled__2023-01-01T21:00:00+00:00 [queued]>
[2025-07-24T15:49:42.370+0000] {taskinstance.py:1956} INFO - Dependencies all met for dep_context=requeueable deps ti=<TaskInstance: tune_stream_dag.Load_artist_dim_table scheduled__2023-01-01T21:00:00+00:00 [queued]>
[2025-07-24T15:49:42.371+0000] {taskinstance.py:2170} INFO - Starting attempt 1 of 4
[2025-07-24T15:49:42.386+0000] {taskinstance.py:2191} INFO - Executing <Task(PythonOperator): Load_artist_dim_table> on 2023-01-01 21:00:00+00:00
[2025-07-24T15:49:42.394+0000] {standard_task_runner.py:60} INFO - Started process 1028 to run task
[2025-07-24T15:49:42.398+0000] {standard_task_runner.py:87} INFO - Running: ['***', 'tasks', 'run', 'tune_stream_dag', 'Load_artist_dim_table', 'scheduled__2023-01-01T21:00:00+00:00', '--job-id', '1174', '--raw', '--subdir', 'DAGS_FOLDER/etl_pipeline.py', '--cfg-path', '/tmp/tmpd2pw0u7w']
[2025-07-24T15:49:42.402+0000] {standard_task_runner.py:88} INFO - Job 1174: Subtask Load_artist_dim_table
[2025-07-24T15:49:42.476+0000] {task_command.py:423} INFO - Running <TaskInstance: tune_stream_dag.Load_artist_dim_table scheduled__2023-01-01T21:00:00+00:00 [running]> on host c53547d84df1
[2025-07-24T15:49:42.556+0000] {taskinstance.py:2480} INFO - Exporting env vars: AIRFLOW_CTX_DAG_OWNER='genz-legend' AIRFLOW_CTX_DAG_ID='tune_stream_dag' AIRFLOW_CTX_TASK_ID='Load_artist_dim_table' AIRFLOW_CTX_EXECUTION_DATE='2023-01-01T21:00:00+00:00' AIRFLOW_CTX_TRY_NUMBER='1' AIRFLOW_CTX_DAG_RUN_ID='scheduled__2023-01-01T21:00:00+00:00'
[2025-07-24T15:49:42.569+0000] {python.py:201} INFO - Done. Returned value was: None
[2025-07-24T15:49:42.582+0000] {taskinstance.py:1138} INFO - Marking task as SUCCESS. dag_id=tune_stream_dag, task_id=Load_artist_dim_table, execution_date=20230101T210000, start_date=20250724T154942, end_date=20250724T154942
[2025-07-24T15:49:42.611+0000] {local_task_job_runner.py:234} INFO - Task exited with return code 0
[2025-07-24T15:49:42.639+0000] {taskinstance.py:3280} INFO - 0 downstream tasks scheduled from follow-on schedule check
[2025-07-24T16:35:38.363+0000] {taskinstance.py:1956} INFO - Dependencies all met for dep_context=non-requeueable deps ti=<TaskInstance: tune_stream_dag.Load_artist_dim_table scheduled__2023-01-01T21:00:00+00:00 [queued]>
[2025-07-24T16:35:38.459+0000] {taskinstance.py:1956} INFO - Dependencies all met for dep_context=requeueable deps ti=<TaskInstance: tune_stream_dag.Load_artist_dim_table scheduled__2023-01-01T21:00:00+00:00 [queued]>
[2025-07-24T16:35:38.548+0000] {taskinstance.py:2170} INFO - Starting attempt 1 of 4
[2025-07-24T16:35:38.669+0000] {taskinstance.py:2191} INFO - Executing <Task(PythonOperator): Load_artist_dim_table> on 2023-01-01 21:00:00+00:00
[2025-07-24T16:35:38.682+0000] {standard_task_runner.py:60} INFO - Started process 1415 to run task
[2025-07-24T16:35:38.686+0000] {standard_task_runner.py:87} INFO - Running: ['***', 'tasks', 'run', 'tune_stream_dag', 'Load_artist_dim_table', 'scheduled__2023-01-01T21:00:00+00:00', '--job-id', '1678', '--raw', '--subdir', 'DAGS_FOLDER/etl_pipeline.py', '--cfg-path', '/tmp/tmp_jcu7o60']
[2025-07-24T16:35:38.689+0000] {standard_task_runner.py:88} INFO - Job 1678: Subtask Load_artist_dim_table
[2025-07-24T16:35:39.079+0000] {task_command.py:423} INFO - Running <TaskInstance: tune_stream_dag.Load_artist_dim_table scheduled__2023-01-01T21:00:00+00:00 [running]> on host c53547d84df1
[2025-07-24T16:35:39.400+0000] {taskinstance.py:2480} INFO - Exporting env vars: AIRFLOW_CTX_DAG_OWNER='genz-legend' AIRFLOW_CTX_DAG_ID='tune_stream_dag' AIRFLOW_CTX_TASK_ID='Load_artist_dim_table' AIRFLOW_CTX_EXECUTION_DATE='2023-01-01T21:00:00+00:00' AIRFLOW_CTX_TRY_NUMBER='1' AIRFLOW_CTX_DAG_RUN_ID='scheduled__2023-01-01T21:00:00+00:00'
[2025-07-24T16:35:40.970+0000] {python.py:201} INFO - Done. Returned value was: None
[2025-07-24T16:35:40.985+0000] {taskinstance.py:1138} INFO - Marking task as SUCCESS. dag_id=tune_stream_dag, task_id=Load_artist_dim_table, execution_date=20230101T210000, start_date=20250724T163538, end_date=20250724T163540
[2025-07-24T16:35:41.357+0000] {local_task_job_runner.py:234} INFO - Task exited with return code 0
[2025-07-24T16:35:41.380+0000] {taskinstance.py:3280} INFO - 0 downstream tasks scheduled from follow-on schedule check
[2025-07-24T17:13:42.601+0000] {taskinstance.py:1956} INFO - Dependencies all met for dep_context=non-requeueable deps ti=<TaskInstance: tune_stream_dag.Load_artist_dim_table scheduled__2023-01-01T21:00:00+00:00 [queued]>
[2025-07-24T17:13:42.699+0000] {taskinstance.py:1956} INFO - Dependencies all met for dep_context=requeueable deps ti=<TaskInstance: tune_stream_dag.Load_artist_dim_table scheduled__2023-01-01T21:00:00+00:00 [queued]>
[2025-07-24T17:13:42.747+0000] {taskinstance.py:2170} INFO - Starting attempt 1 of 4
[2025-07-24T17:13:42.889+0000] {taskinstance.py:2191} INFO - Executing <Task(PythonOperator): Load_artist_dim_table> on 2023-01-01 21:00:00+00:00
[2025-07-24T17:13:42.955+0000] {standard_task_runner.py:60} INFO - Started process 1280 to run task
[2025-07-24T17:13:42.960+0000] {standard_task_runner.py:87} INFO - Running: ['***', 'tasks', 'run', 'tune_stream_dag', 'Load_artist_dim_table', 'scheduled__2023-01-01T21:00:00+00:00', '--job-id', '2029', '--raw', '--subdir', 'DAGS_FOLDER/etl_pipeline.py', '--cfg-path', '/tmp/tmpmltrjm5h']
[2025-07-24T17:13:42.998+0000] {standard_task_runner.py:88} INFO - Job 2029: Subtask Load_artist_dim_table
[2025-07-24T17:13:43.589+0000] {task_command.py:423} INFO - Running <TaskInstance: tune_stream_dag.Load_artist_dim_table scheduled__2023-01-01T21:00:00+00:00 [running]> on host 5def55d2a1b5
[2025-07-24T17:13:44.174+0000] {taskinstance.py:2480} INFO - Exporting env vars: AIRFLOW_CTX_DAG_OWNER='genz-legend' AIRFLOW_CTX_DAG_ID='tune_stream_dag' AIRFLOW_CTX_TASK_ID='Load_artist_dim_table' AIRFLOW_CTX_EXECUTION_DATE='2023-01-01T21:00:00+00:00' AIRFLOW_CTX_TRY_NUMBER='1' AIRFLOW_CTX_DAG_RUN_ID='scheduled__2023-01-01T21:00:00+00:00'
[2025-07-24T17:13:44.287+0000] {python.py:201} INFO - Done. Returned value was: None
[2025-07-24T17:13:44.338+0000] {taskinstance.py:1138} INFO - Marking task as SUCCESS. dag_id=tune_stream_dag, task_id=Load_artist_dim_table, execution_date=20230101T210000, start_date=20250724T171342, end_date=20250724T171344
[2025-07-24T17:13:44.489+0000] {local_task_job_runner.py:234} INFO - Task exited with return code 0
[2025-07-24T17:13:44.622+0000] {taskinstance.py:3280} INFO - 0 downstream tasks scheduled from follow-on schedule check
