[2025-07-22T10:32:00.844+0000] {taskinstance.py:1956} INFO - Dependencies all met for dep_context=non-requeueable deps ti=<TaskInstance: tune_stream_dag.Load_songplays_fact_table scheduled__2023-01-01T15:00:00+00:00 [queued]>
[2025-07-22T10:32:01.704+0000] {taskinstance.py:1956} INFO - Dependencies all met for dep_context=requeueable deps ti=<TaskInstance: tune_stream_dag.Load_songplays_fact_table scheduled__2023-01-01T15:00:00+00:00 [queued]>
[2025-07-22T10:32:01.715+0000] {taskinstance.py:2170} INFO - Starting attempt 1 of 4
[2025-07-22T10:32:01.984+0000] {taskinstance.py:2191} INFO - Executing <Task(PythonOperator): Load_songplays_fact_table> on 2023-01-01 15:00:00+00:00
[2025-07-22T10:32:02.119+0000] {standard_task_runner.py:60} INFO - Started process 184 to run task
[2025-07-22T10:32:02.135+0000] {standard_task_runner.py:87} INFO - Running: ['***', 'tasks', 'run', 'tune_stream_dag', 'Load_songplays_fact_table', 'scheduled__2023-01-01T15:00:00+00:00', '--job-id', '253', '--raw', '--subdir', 'DAGS_FOLDER/etl_pipeline.py', '--cfg-path', '/tmp/tmpad7qx2km']
[2025-07-22T10:32:02.919+0000] {standard_task_runner.py:88} INFO - Job 253: Subtask Load_songplays_fact_table
[2025-07-22T10:32:04.000+0000] {task_command.py:423} INFO - Running <TaskInstance: tune_stream_dag.Load_songplays_fact_table scheduled__2023-01-01T15:00:00+00:00 [running]> on host a2a13a541787
[2025-07-22T10:32:04.918+0000] {taskinstance.py:2480} INFO - Exporting env vars: AIRFLOW_CTX_DAG_OWNER='genz-legend' AIRFLOW_CTX_DAG_ID='tune_stream_dag' AIRFLOW_CTX_TASK_ID='Load_songplays_fact_table' AIRFLOW_CTX_EXECUTION_DATE='2023-01-01T15:00:00+00:00' AIRFLOW_CTX_TRY_NUMBER='1' AIRFLOW_CTX_DAG_RUN_ID='scheduled__2023-01-01T15:00:00+00:00'
[2025-07-22T10:32:04.946+0000] {taskinstance.py:2698} ERROR - Task failed with exception
Traceback (most recent call last):
  File "/home/airflow/.local/lib/python3.8/site-packages/airflow/models/taskinstance.py", line 433, in _execute_task
    result = execute_callable(context=context, **execute_callable_kwargs)
  File "/home/airflow/.local/lib/python3.8/site-packages/airflow/operators/python.py", line 199, in execute
    return_value = self.execute_callable()
  File "/home/airflow/.local/lib/python3.8/site-packages/airflow/operators/python.py", line 216, in execute_callable
    return self.python_callable(*self.op_args, **self.op_kwargs)
  File "/opt/airflow/dags/etl_pipeline.py", line 168, in <lambda>
    python_callable=lambda: load_table(SqlQueries.songplay_table_insert),
  File "/opt/airflow/dags/etl_pipeline.py", line 127, in load_table
    cur.execute(f"DELETE FROM {query.split()[3]}")
psycopg2.errors.SyntaxError: syntax error at or near ")"
LINE 1: DELETE FROM events.start_time)
                                     ^

[2025-07-22T10:32:05.175+0000] {taskinstance.py:1138} INFO - Marking task as UP_FOR_RETRY. dag_id=tune_stream_dag, task_id=Load_songplays_fact_table, execution_date=20230101T150000, start_date=20250722T103200, end_date=20250722T103205
[2025-07-22T10:32:08.216+0000] {standard_task_runner.py:107} ERROR - Failed to execute job 253 for task Load_songplays_fact_table (syntax error at or near ")"
LINE 1: DELETE FROM events.start_time)
                                     ^
; 184)
[2025-07-22T10:32:08.344+0000] {local_task_job_runner.py:234} INFO - Task exited with return code 1
[2025-07-22T10:32:08.376+0000] {taskinstance.py:3280} INFO - 0 downstream tasks scheduled from follow-on schedule check
[2025-07-24T15:49:17.888+0000] {taskinstance.py:1956} INFO - Dependencies all met for dep_context=non-requeueable deps ti=<TaskInstance: tune_stream_dag.Load_songplays_fact_table scheduled__2023-01-01T15:00:00+00:00 [queued]>
[2025-07-24T15:49:17.902+0000] {taskinstance.py:1956} INFO - Dependencies all met for dep_context=requeueable deps ti=<TaskInstance: tune_stream_dag.Load_songplays_fact_table scheduled__2023-01-01T15:00:00+00:00 [queued]>
[2025-07-24T15:49:17.903+0000] {taskinstance.py:2170} INFO - Starting attempt 1 of 4
[2025-07-24T15:49:17.924+0000] {taskinstance.py:2191} INFO - Executing <Task(PythonOperator): Load_songplays_fact_table> on 2023-01-01 15:00:00+00:00
[2025-07-24T15:49:17.937+0000] {standard_task_runner.py:60} INFO - Started process 939 to run task
[2025-07-24T15:49:17.942+0000] {standard_task_runner.py:87} INFO - Running: ['***', 'tasks', 'run', 'tune_stream_dag', 'Load_songplays_fact_table', 'scheduled__2023-01-01T15:00:00+00:00', '--job-id', '1146', '--raw', '--subdir', 'DAGS_FOLDER/etl_pipeline.py', '--cfg-path', '/tmp/tmpbumvvxc8']
[2025-07-24T15:49:17.947+0000] {standard_task_runner.py:88} INFO - Job 1146: Subtask Load_songplays_fact_table
[2025-07-24T15:49:18.052+0000] {task_command.py:423} INFO - Running <TaskInstance: tune_stream_dag.Load_songplays_fact_table scheduled__2023-01-01T15:00:00+00:00 [running]> on host c53547d84df1
[2025-07-24T15:49:18.175+0000] {taskinstance.py:2480} INFO - Exporting env vars: AIRFLOW_CTX_DAG_OWNER='genz-legend' AIRFLOW_CTX_DAG_ID='tune_stream_dag' AIRFLOW_CTX_TASK_ID='Load_songplays_fact_table' AIRFLOW_CTX_EXECUTION_DATE='2023-01-01T15:00:00+00:00' AIRFLOW_CTX_TRY_NUMBER='1' AIRFLOW_CTX_DAG_RUN_ID='scheduled__2023-01-01T15:00:00+00:00'
[2025-07-24T15:49:18.508+0000] {python.py:201} INFO - Done. Returned value was: None
[2025-07-24T15:49:18.521+0000] {taskinstance.py:1138} INFO - Marking task as SUCCESS. dag_id=tune_stream_dag, task_id=Load_songplays_fact_table, execution_date=20230101T150000, start_date=20250724T154917, end_date=20250724T154918
[2025-07-24T15:49:18.562+0000] {local_task_job_runner.py:234} INFO - Task exited with return code 0
[2025-07-24T15:49:18.596+0000] {taskinstance.py:3280} INFO - 4 downstream tasks scheduled from follow-on schedule check
[2025-07-24T16:33:37.808+0000] {taskinstance.py:1956} INFO - Dependencies all met for dep_context=non-requeueable deps ti=<TaskInstance: tune_stream_dag.Load_songplays_fact_table scheduled__2023-01-01T15:00:00+00:00 [queued]>
[2025-07-24T16:33:37.828+0000] {taskinstance.py:1956} INFO - Dependencies all met for dep_context=requeueable deps ti=<TaskInstance: tune_stream_dag.Load_songplays_fact_table scheduled__2023-01-01T15:00:00+00:00 [queued]>
[2025-07-24T16:33:37.829+0000] {taskinstance.py:2170} INFO - Starting attempt 1 of 4
[2025-07-24T16:33:37.854+0000] {taskinstance.py:2191} INFO - Executing <Task(PythonOperator): Load_songplays_fact_table> on 2023-01-01 15:00:00+00:00
[2025-07-24T16:33:37.868+0000] {standard_task_runner.py:60} INFO - Started process 1080 to run task
[2025-07-24T16:33:37.874+0000] {standard_task_runner.py:87} INFO - Running: ['***', 'tasks', 'run', 'tune_stream_dag', 'Load_songplays_fact_table', 'scheduled__2023-01-01T15:00:00+00:00', '--job-id', '1573', '--raw', '--subdir', 'DAGS_FOLDER/etl_pipeline.py', '--cfg-path', '/tmp/tmpmarv3phd']
[2025-07-24T16:33:37.879+0000] {standard_task_runner.py:88} INFO - Job 1573: Subtask Load_songplays_fact_table
[2025-07-24T16:33:38.017+0000] {task_command.py:423} INFO - Running <TaskInstance: tune_stream_dag.Load_songplays_fact_table scheduled__2023-01-01T15:00:00+00:00 [running]> on host c53547d84df1
[2025-07-24T16:33:38.117+0000] {taskinstance.py:2480} INFO - Exporting env vars: AIRFLOW_CTX_DAG_OWNER='genz-legend' AIRFLOW_CTX_DAG_ID='tune_stream_dag' AIRFLOW_CTX_TASK_ID='Load_songplays_fact_table' AIRFLOW_CTX_EXECUTION_DATE='2023-01-01T15:00:00+00:00' AIRFLOW_CTX_TRY_NUMBER='1' AIRFLOW_CTX_DAG_RUN_ID='scheduled__2023-01-01T15:00:00+00:00'
[2025-07-24T16:33:43.277+0000] {python.py:201} INFO - Done. Returned value was: None
[2025-07-24T16:33:43.555+0000] {taskinstance.py:1138} INFO - Marking task as SUCCESS. dag_id=tune_stream_dag, task_id=Load_songplays_fact_table, execution_date=20230101T150000, start_date=20250724T163337, end_date=20250724T163343
[2025-07-24T16:33:44.190+0000] {local_task_job_runner.py:234} INFO - Task exited with return code 0
[2025-07-24T16:33:44.486+0000] {taskinstance.py:3280} INFO - 4 downstream tasks scheduled from follow-on schedule check
[2025-07-24T17:12:10.419+0000] {taskinstance.py:1956} INFO - Dependencies all met for dep_context=non-requeueable deps ti=<TaskInstance: tune_stream_dag.Load_songplays_fact_table scheduled__2023-01-01T15:00:00+00:00 [queued]>
[2025-07-24T17:12:10.428+0000] {taskinstance.py:1956} INFO - Dependencies all met for dep_context=requeueable deps ti=<TaskInstance: tune_stream_dag.Load_songplays_fact_table scheduled__2023-01-01T15:00:00+00:00 [queued]>
[2025-07-24T17:12:10.428+0000] {taskinstance.py:2170} INFO - Starting attempt 1 of 4
[2025-07-24T17:12:10.438+0000] {taskinstance.py:2191} INFO - Executing <Task(PythonOperator): Load_songplays_fact_table> on 2023-01-01 15:00:00+00:00
[2025-07-24T17:12:10.444+0000] {standard_task_runner.py:60} INFO - Started process 956 to run task
[2025-07-24T17:12:10.447+0000] {standard_task_runner.py:87} INFO - Running: ['***', 'tasks', 'run', 'tune_stream_dag', 'Load_songplays_fact_table', 'scheduled__2023-01-01T15:00:00+00:00', '--job-id', '1935', '--raw', '--subdir', 'DAGS_FOLDER/etl_pipeline.py', '--cfg-path', '/tmp/tmp_n_r_4x8']
[2025-07-24T17:12:10.450+0000] {standard_task_runner.py:88} INFO - Job 1935: Subtask Load_songplays_fact_table
[2025-07-24T17:12:10.517+0000] {task_command.py:423} INFO - Running <TaskInstance: tune_stream_dag.Load_songplays_fact_table scheduled__2023-01-01T15:00:00+00:00 [running]> on host 5def55d2a1b5
[2025-07-24T17:12:10.577+0000] {taskinstance.py:2480} INFO - Exporting env vars: AIRFLOW_CTX_DAG_OWNER='genz-legend' AIRFLOW_CTX_DAG_ID='tune_stream_dag' AIRFLOW_CTX_TASK_ID='Load_songplays_fact_table' AIRFLOW_CTX_EXECUTION_DATE='2023-01-01T15:00:00+00:00' AIRFLOW_CTX_TRY_NUMBER='1' AIRFLOW_CTX_DAG_RUN_ID='scheduled__2023-01-01T15:00:00+00:00'
[2025-07-24T17:12:10.706+0000] {python.py:201} INFO - Done. Returned value was: None
[2025-07-24T17:12:10.718+0000] {taskinstance.py:1138} INFO - Marking task as SUCCESS. dag_id=tune_stream_dag, task_id=Load_songplays_fact_table, execution_date=20230101T150000, start_date=20250724T171210, end_date=20250724T171210
[2025-07-24T17:12:10.740+0000] {local_task_job_runner.py:234} INFO - Task exited with return code 0
[2025-07-24T17:12:10.768+0000] {taskinstance.py:3280} INFO - 4 downstream tasks scheduled from follow-on schedule check
