[2025-07-24T15:26:37.542+0000] {taskinstance.py:1956} INFO - Dependencies all met for dep_context=non-requeueable deps ti=<TaskInstance: tune_stream_dag.Load_user_dim_table scheduled__2023-01-04T23:00:00+00:00 [queued]>
[2025-07-24T15:26:37.552+0000] {taskinstance.py:1956} INFO - Dependencies all met for dep_context=requeueable deps ti=<TaskInstance: tune_stream_dag.Load_user_dim_table scheduled__2023-01-04T23:00:00+00:00 [queued]>
[2025-07-24T15:26:37.554+0000] {taskinstance.py:2170} INFO - Starting attempt 1 of 4
[2025-07-24T15:26:37.569+0000] {taskinstance.py:2191} INFO - Executing <Task(PythonOperator): Load_user_dim_table> on 2023-01-04 23:00:00+00:00
[2025-07-24T15:26:37.579+0000] {standard_task_runner.py:60} INFO - Started process 194 to run task
[2025-07-24T15:26:37.584+0000] {standard_task_runner.py:87} INFO - Running: ['***', 'tasks', 'run', 'tune_stream_dag', 'Load_user_dim_table', 'scheduled__2023-01-04T23:00:00+00:00', '--job-id', '914', '--raw', '--subdir', 'DAGS_FOLDER/etl_pipeline.py', '--cfg-path', '/tmp/tmpczsyu96h']
[2025-07-24T15:26:37.587+0000] {standard_task_runner.py:88} INFO - Job 914: Subtask Load_user_dim_table
[2025-07-24T15:26:37.690+0000] {task_command.py:423} INFO - Running <TaskInstance: tune_stream_dag.Load_user_dim_table scheduled__2023-01-04T23:00:00+00:00 [running]> on host c53547d84df1
[2025-07-24T15:26:37.806+0000] {taskinstance.py:2480} INFO - Exporting env vars: AIRFLOW_CTX_DAG_OWNER='genz-legend' AIRFLOW_CTX_DAG_ID='tune_stream_dag' AIRFLOW_CTX_TASK_ID='Load_user_dim_table' AIRFLOW_CTX_EXECUTION_DATE='2023-01-04T23:00:00+00:00' AIRFLOW_CTX_TRY_NUMBER='1' AIRFLOW_CTX_DAG_RUN_ID='scheduled__2023-01-04T23:00:00+00:00'
[2025-07-24T15:26:37.821+0000] {taskinstance.py:2698} ERROR - Task failed with exception
Traceback (most recent call last):
  File "/home/airflow/.local/lib/python3.8/site-packages/airflow/models/taskinstance.py", line 433, in _execute_task
    result = execute_callable(context=context, **execute_callable_kwargs)
  File "/home/airflow/.local/lib/python3.8/site-packages/airflow/operators/python.py", line 199, in execute
    return_value = self.execute_callable()
  File "/home/airflow/.local/lib/python3.8/site-packages/airflow/operators/python.py", line 216, in execute_callable
    return self.python_callable(*self.op_args, **self.op_kwargs)
  File "/opt/airflow/dags/etl_pipeline.py", line 179, in <lambda>
    python_callable=lambda: load_table(SqlQueries.user_table_insert, 'users'),
  File "/opt/airflow/dags/etl_pipeline.py", line 132, in load_table
    cur.execute(f"INSERT INTO {table} {query}")
psycopg2.errors.UniqueViolation: duplicate key value violates unique constraint "users_pkey"
DETAIL:  Key (userid)=(88) already exists.

[2025-07-24T15:26:37.840+0000] {taskinstance.py:1138} INFO - Marking task as UP_FOR_RETRY. dag_id=tune_stream_dag, task_id=Load_user_dim_table, execution_date=20230104T230000, start_date=20250724T152637, end_date=20250724T152637
[2025-07-24T15:26:37.858+0000] {standard_task_runner.py:107} ERROR - Failed to execute job 914 for task Load_user_dim_table (duplicate key value violates unique constraint "users_pkey"
DETAIL:  Key (userid)=(88) already exists.
; 194)
[2025-07-24T15:26:37.877+0000] {local_task_job_runner.py:234} INFO - Task exited with return code 1
[2025-07-24T15:26:37.926+0000] {taskinstance.py:3280} INFO - 0 downstream tasks scheduled from follow-on schedule check
[2025-07-24T17:33:23.340+0000] {taskinstance.py:1956} INFO - Dependencies all met for dep_context=non-requeueable deps ti=<TaskInstance: tune_stream_dag.Load_user_dim_table scheduled__2023-01-04T23:00:00+00:00 [queued]>
[2025-07-24T17:33:23.383+0000] {taskinstance.py:1956} INFO - Dependencies all met for dep_context=requeueable deps ti=<TaskInstance: tune_stream_dag.Load_user_dim_table scheduled__2023-01-04T23:00:00+00:00 [queued]>
[2025-07-24T17:33:23.385+0000] {taskinstance.py:2170} INFO - Starting attempt 1 of 4
[2025-07-24T17:33:23.475+0000] {taskinstance.py:2191} INFO - Executing <Task(PythonOperator): Load_user_dim_table> on 2023-01-04 23:00:00+00:00
[2025-07-24T17:33:23.506+0000] {standard_task_runner.py:60} INFO - Started process 3406 to run task
[2025-07-24T17:33:23.523+0000] {standard_task_runner.py:87} INFO - Running: ['***', 'tasks', 'run', 'tune_stream_dag', 'Load_user_dim_table', 'scheduled__2023-01-04T23:00:00+00:00', '--job-id', '2660', '--raw', '--subdir', 'DAGS_FOLDER/etl_pipeline.py', '--cfg-path', '/tmp/tmpd7siq_7a']
[2025-07-24T17:33:23.543+0000] {standard_task_runner.py:88} INFO - Job 2660: Subtask Load_user_dim_table
[2025-07-24T17:33:23.950+0000] {task_command.py:423} INFO - Running <TaskInstance: tune_stream_dag.Load_user_dim_table scheduled__2023-01-04T23:00:00+00:00 [running]> on host 5def55d2a1b5
[2025-07-24T17:33:24.498+0000] {taskinstance.py:2480} INFO - Exporting env vars: AIRFLOW_CTX_DAG_OWNER='genz-legend' AIRFLOW_CTX_DAG_ID='tune_stream_dag' AIRFLOW_CTX_TASK_ID='Load_user_dim_table' AIRFLOW_CTX_EXECUTION_DATE='2023-01-04T23:00:00+00:00' AIRFLOW_CTX_TRY_NUMBER='1' AIRFLOW_CTX_DAG_RUN_ID='scheduled__2023-01-04T23:00:00+00:00'
[2025-07-24T17:33:24.653+0000] {python.py:201} INFO - Done. Returned value was: None
[2025-07-24T17:33:24.689+0000] {taskinstance.py:1138} INFO - Marking task as SUCCESS. dag_id=tune_stream_dag, task_id=Load_user_dim_table, execution_date=20230104T230000, start_date=20250724T173323, end_date=20250724T173324
[2025-07-24T17:33:24.793+0000] {local_task_job_runner.py:234} INFO - Task exited with return code 0
[2025-07-24T17:33:24.896+0000] {taskinstance.py:3280} INFO - 0 downstream tasks scheduled from follow-on schedule check
