[2025-07-24T15:22:27.450+0000] {taskinstance.py:1956} INFO - Dependencies all met for dep_context=non-requeueable deps ti=<TaskInstance: tune_stream_dag.Load_songplays_fact_table scheduled__2023-01-05T05:00:00+00:00 [queued]>
[2025-07-24T15:22:27.466+0000] {taskinstance.py:1956} INFO - Dependencies all met for dep_context=requeueable deps ti=<TaskInstance: tune_stream_dag.Load_songplays_fact_table scheduled__2023-01-05T05:00:00+00:00 [queued]>
[2025-07-24T15:22:27.467+0000] {taskinstance.py:2170} INFO - Starting attempt 1 of 4
[2025-07-24T15:22:27.493+0000] {taskinstance.py:2191} INFO - Executing <Task(PythonOperator): Load_songplays_fact_table> on 2023-01-05 05:00:00+00:00
[2025-07-24T15:22:27.507+0000] {standard_task_runner.py:60} INFO - Started process 788 to run task
[2025-07-24T15:22:27.513+0000] {standard_task_runner.py:87} INFO - Running: ['***', 'tasks', 'run', 'tune_stream_dag', 'Load_songplays_fact_table', 'scheduled__2023-01-05T05:00:00+00:00', '--job-id', '863', '--raw', '--subdir', 'DAGS_FOLDER/etl_pipeline.py', '--cfg-path', '/tmp/tmp5zaq_3hi']
[2025-07-24T15:22:27.520+0000] {standard_task_runner.py:88} INFO - Job 863: Subtask Load_songplays_fact_table
[2025-07-24T15:22:27.962+0000] {task_command.py:423} INFO - Running <TaskInstance: tune_stream_dag.Load_songplays_fact_table scheduled__2023-01-05T05:00:00+00:00 [running]> on host c53547d84df1
[2025-07-24T15:22:28.095+0000] {taskinstance.py:2480} INFO - Exporting env vars: AIRFLOW_CTX_DAG_OWNER='genz-legend' AIRFLOW_CTX_DAG_ID='tune_stream_dag' AIRFLOW_CTX_TASK_ID='Load_songplays_fact_table' AIRFLOW_CTX_EXECUTION_DATE='2023-01-05T05:00:00+00:00' AIRFLOW_CTX_TRY_NUMBER='1' AIRFLOW_CTX_DAG_RUN_ID='scheduled__2023-01-05T05:00:00+00:00'
[2025-07-24T15:22:28.355+0000] {python.py:201} INFO - Done. Returned value was: None
[2025-07-24T15:22:28.369+0000] {taskinstance.py:1138} INFO - Marking task as SUCCESS. dag_id=tune_stream_dag, task_id=Load_songplays_fact_table, execution_date=20230105T050000, start_date=20250724T152227, end_date=20250724T152228
[2025-07-24T15:22:28.411+0000] {local_task_job_runner.py:234} INFO - Task exited with return code 0
[2025-07-24T15:22:28.445+0000] {taskinstance.py:3280} INFO - 4 downstream tasks scheduled from follow-on schedule check
[2025-07-24T17:33:02.142+0000] {taskinstance.py:1956} INFO - Dependencies all met for dep_context=non-requeueable deps ti=<TaskInstance: tune_stream_dag.Load_songplays_fact_table scheduled__2023-01-05T05:00:00+00:00 [queued]>
[2025-07-24T17:33:02.249+0000] {taskinstance.py:1956} INFO - Dependencies all met for dep_context=requeueable deps ti=<TaskInstance: tune_stream_dag.Load_songplays_fact_table scheduled__2023-01-05T05:00:00+00:00 [queued]>
[2025-07-24T17:33:02.251+0000] {taskinstance.py:2170} INFO - Starting attempt 1 of 4
[2025-07-24T17:33:02.373+0000] {taskinstance.py:2191} INFO - Executing <Task(PythonOperator): Load_songplays_fact_table> on 2023-01-05 05:00:00+00:00
[2025-07-24T17:33:02.397+0000] {standard_task_runner.py:87} INFO - Running: ['***', 'tasks', 'run', 'tune_stream_dag', 'Load_songplays_fact_table', 'scheduled__2023-01-05T05:00:00+00:00', '--job-id', '2637', '--raw', '--subdir', 'DAGS_FOLDER/etl_pipeline.py', '--cfg-path', '/tmp/tmp1npuu_t8']
[2025-07-24T17:33:02.405+0000] {standard_task_runner.py:88} INFO - Job 2637: Subtask Load_songplays_fact_table
[2025-07-24T17:33:02.388+0000] {standard_task_runner.py:60} INFO - Started process 3323 to run task
[2025-07-24T17:33:02.916+0000] {task_command.py:423} INFO - Running <TaskInstance: tune_stream_dag.Load_songplays_fact_table scheduled__2023-01-05T05:00:00+00:00 [running]> on host 5def55d2a1b5
[2025-07-24T17:33:03.615+0000] {taskinstance.py:2480} INFO - Exporting env vars: AIRFLOW_CTX_DAG_OWNER='genz-legend' AIRFLOW_CTX_DAG_ID='tune_stream_dag' AIRFLOW_CTX_TASK_ID='Load_songplays_fact_table' AIRFLOW_CTX_EXECUTION_DATE='2023-01-05T05:00:00+00:00' AIRFLOW_CTX_TRY_NUMBER='1' AIRFLOW_CTX_DAG_RUN_ID='scheduled__2023-01-05T05:00:00+00:00'
[2025-07-24T17:33:13.162+0000] {python.py:201} INFO - Done. Returned value was: None
[2025-07-24T17:33:13.185+0000] {taskinstance.py:1138} INFO - Marking task as SUCCESS. dag_id=tune_stream_dag, task_id=Load_songplays_fact_table, execution_date=20230105T050000, start_date=20250724T173302, end_date=20250724T173313
[2025-07-24T17:33:13.386+0000] {local_task_job_runner.py:234} INFO - Task exited with return code 0
[2025-07-24T17:33:13.509+0000] {taskinstance.py:3280} INFO - 4 downstream tasks scheduled from follow-on schedule check
