[2025-07-24T15:26:37.568+0000] {taskinstance.py:1956} INFO - Dependencies all met for dep_context=non-requeueable deps ti=<TaskInstance: tune_stream_dag.Load_song_dim_table scheduled__2023-01-04T23:00:00+00:00 [queued]>
[2025-07-24T15:26:37.584+0000] {taskinstance.py:1956} INFO - Dependencies all met for dep_context=requeueable deps ti=<TaskInstance: tune_stream_dag.Load_song_dim_table scheduled__2023-01-04T23:00:00+00:00 [queued]>
[2025-07-24T15:26:37.586+0000] {taskinstance.py:2170} INFO - Starting attempt 1 of 4
[2025-07-24T15:26:37.607+0000] {taskinstance.py:2191} INFO - Executing <Task(PythonOperator): Load_song_dim_table> on 2023-01-04 23:00:00+00:00
[2025-07-24T15:26:37.615+0000] {standard_task_runner.py:60} INFO - Started process 197 to run task
[2025-07-24T15:26:37.621+0000] {standard_task_runner.py:87} INFO - Running: ['***', 'tasks', 'run', 'tune_stream_dag', 'Load_song_dim_table', 'scheduled__2023-01-04T23:00:00+00:00', '--job-id', '916', '--raw', '--subdir', 'DAGS_FOLDER/etl_pipeline.py', '--cfg-path', '/tmp/tmpapdzlxgz']
[2025-07-24T15:26:37.626+0000] {standard_task_runner.py:88} INFO - Job 916: Subtask Load_song_dim_table
[2025-07-24T15:26:37.732+0000] {task_command.py:423} INFO - Running <TaskInstance: tune_stream_dag.Load_song_dim_table scheduled__2023-01-04T23:00:00+00:00 [running]> on host c53547d84df1
[2025-07-24T15:26:37.838+0000] {taskinstance.py:2480} INFO - Exporting env vars: AIRFLOW_CTX_DAG_OWNER='genz-legend' AIRFLOW_CTX_DAG_ID='tune_stream_dag' AIRFLOW_CTX_TASK_ID='Load_song_dim_table' AIRFLOW_CTX_EXECUTION_DATE='2023-01-04T23:00:00+00:00' AIRFLOW_CTX_TRY_NUMBER='1' AIRFLOW_CTX_DAG_RUN_ID='scheduled__2023-01-04T23:00:00+00:00'
[2025-07-24T15:26:37.852+0000] {python.py:201} INFO - Done. Returned value was: None
[2025-07-24T15:26:37.868+0000] {taskinstance.py:1138} INFO - Marking task as SUCCESS. dag_id=tune_stream_dag, task_id=Load_song_dim_table, execution_date=20230104T230000, start_date=20250724T152637, end_date=20250724T152637
[2025-07-24T15:26:37.916+0000] {local_task_job_runner.py:234} INFO - Task exited with return code 0
[2025-07-24T15:26:37.984+0000] {taskinstance.py:3280} INFO - 0 downstream tasks scheduled from follow-on schedule check
[2025-07-24T17:33:24.999+0000] {taskinstance.py:1956} INFO - Dependencies all met for dep_context=non-requeueable deps ti=<TaskInstance: tune_stream_dag.Load_song_dim_table scheduled__2023-01-04T23:00:00+00:00 [queued]>
[2025-07-24T17:33:25.098+0000] {taskinstance.py:1956} INFO - Dependencies all met for dep_context=requeueable deps ti=<TaskInstance: tune_stream_dag.Load_song_dim_table scheduled__2023-01-04T23:00:00+00:00 [queued]>
[2025-07-24T17:33:25.102+0000] {taskinstance.py:2170} INFO - Starting attempt 1 of 4
[2025-07-24T17:33:25.234+0000] {taskinstance.py:2191} INFO - Executing <Task(PythonOperator): Load_song_dim_table> on 2023-01-04 23:00:00+00:00
[2025-07-24T17:33:25.273+0000] {standard_task_runner.py:60} INFO - Started process 3420 to run task
[2025-07-24T17:33:25.289+0000] {standard_task_runner.py:87} INFO - Running: ['***', 'tasks', 'run', 'tune_stream_dag', 'Load_song_dim_table', 'scheduled__2023-01-04T23:00:00+00:00', '--job-id', '2663', '--raw', '--subdir', 'DAGS_FOLDER/etl_pipeline.py', '--cfg-path', '/tmp/tmprui8xn9r']
[2025-07-24T17:33:25.348+0000] {standard_task_runner.py:88} INFO - Job 2663: Subtask Load_song_dim_table
[2025-07-24T17:33:25.744+0000] {task_command.py:423} INFO - Running <TaskInstance: tune_stream_dag.Load_song_dim_table scheduled__2023-01-04T23:00:00+00:00 [running]> on host 5def55d2a1b5
[2025-07-24T17:33:26.218+0000] {taskinstance.py:2480} INFO - Exporting env vars: AIRFLOW_CTX_DAG_OWNER='genz-legend' AIRFLOW_CTX_DAG_ID='tune_stream_dag' AIRFLOW_CTX_TASK_ID='Load_song_dim_table' AIRFLOW_CTX_EXECUTION_DATE='2023-01-04T23:00:00+00:00' AIRFLOW_CTX_TRY_NUMBER='1' AIRFLOW_CTX_DAG_RUN_ID='scheduled__2023-01-04T23:00:00+00:00'
[2025-07-24T17:33:26.331+0000] {python.py:201} INFO - Done. Returned value was: None
[2025-07-24T17:33:26.361+0000] {taskinstance.py:1138} INFO - Marking task as SUCCESS. dag_id=tune_stream_dag, task_id=Load_song_dim_table, execution_date=20230104T230000, start_date=20250724T173325, end_date=20250724T173326
[2025-07-24T17:33:26.478+0000] {local_task_job_runner.py:234} INFO - Task exited with return code 0
[2025-07-24T17:33:26.979+0000] {taskinstance.py:3280} INFO - 0 downstream tasks scheduled from follow-on schedule check
