[2025-07-24T15:20:26.603+0000] {taskinstance.py:1956} INFO - Dependencies all met for dep_context=non-requeueable deps ti=<TaskInstance: tune_stream_dag.Stage_songs scheduled__2023-01-05T01:00:00+00:00 [queued]>
[2025-07-24T15:20:26.651+0000] {taskinstance.py:1956} INFO - Dependencies all met for dep_context=requeueable deps ti=<TaskInstance: tune_stream_dag.Stage_songs scheduled__2023-01-05T01:00:00+00:00 [queued]>
[2025-07-24T15:20:26.657+0000] {taskinstance.py:2170} INFO - Starting attempt 1 of 4
[2025-07-24T15:20:26.904+0000] {taskinstance.py:2191} INFO - Executing <Task(PythonOperator): Stage_songs> on 2023-01-05 01:00:00+00:00
[2025-07-24T15:20:27.094+0000] {standard_task_runner.py:60} INFO - Started process 698 to run task
[2025-07-24T15:20:27.133+0000] {standard_task_runner.py:87} INFO - Running: ['***', 'tasks', 'run', 'tune_stream_dag', 'Stage_songs', 'scheduled__2023-01-05T01:00:00+00:00', '--job-id', '836', '--raw', '--subdir', 'DAGS_FOLDER/etl_pipeline.py', '--cfg-path', '/tmp/tmp8_435d_2']
[2025-07-24T15:20:27.156+0000] {standard_task_runner.py:88} INFO - Job 836: Subtask Stage_songs
[2025-07-24T15:20:27.489+0000] {task_command.py:423} INFO - Running <TaskInstance: tune_stream_dag.Stage_songs scheduled__2023-01-05T01:00:00+00:00 [running]> on host c53547d84df1
[2025-07-24T15:20:27.828+0000] {taskinstance.py:2480} INFO - Exporting env vars: AIRFLOW_CTX_DAG_OWNER='genz-legend' AIRFLOW_CTX_DAG_ID='tune_stream_dag' AIRFLOW_CTX_TASK_ID='Stage_songs' AIRFLOW_CTX_EXECUTION_DATE='2023-01-05T01:00:00+00:00' AIRFLOW_CTX_TRY_NUMBER='1' AIRFLOW_CTX_DAG_RUN_ID='scheduled__2023-01-05T01:00:00+00:00'
[2025-07-24T15:21:03.140+0000] {python.py:201} INFO - Done. Returned value was: None
[2025-07-24T15:21:03.558+0000] {taskinstance.py:1138} INFO - Marking task as SUCCESS. dag_id=tune_stream_dag, task_id=Stage_songs, execution_date=20230105T010000, start_date=20250724T152026, end_date=20250724T152103
[2025-07-24T15:21:03.856+0000] {local_task_job_runner.py:234} INFO - Task exited with return code 0
[2025-07-24T15:21:04.018+0000] {taskinstance.py:3280} INFO - 1 downstream tasks scheduled from follow-on schedule check
[2025-07-24T17:31:54.961+0000] {taskinstance.py:1956} INFO - Dependencies all met for dep_context=non-requeueable deps ti=<TaskInstance: tune_stream_dag.Stage_songs scheduled__2023-01-05T01:00:00+00:00 [queued]>
[2025-07-24T17:31:55.004+0000] {taskinstance.py:1956} INFO - Dependencies all met for dep_context=requeueable deps ti=<TaskInstance: tune_stream_dag.Stage_songs scheduled__2023-01-05T01:00:00+00:00 [queued]>
[2025-07-24T17:31:55.006+0000] {taskinstance.py:2170} INFO - Starting attempt 1 of 4
[2025-07-24T17:31:55.046+0000] {taskinstance.py:2191} INFO - Executing <Task(PythonOperator): Stage_songs> on 2023-01-05 01:00:00+00:00
[2025-07-24T17:31:55.084+0000] {standard_task_runner.py:60} INFO - Started process 3227 to run task
[2025-07-24T17:31:55.098+0000] {standard_task_runner.py:87} INFO - Running: ['***', 'tasks', 'run', 'tune_stream_dag', 'Stage_songs', 'scheduled__2023-01-05T01:00:00+00:00', '--job-id', '2608', '--raw', '--subdir', 'DAGS_FOLDER/etl_pipeline.py', '--cfg-path', '/tmp/tmp9crpbdy7']
[2025-07-24T17:31:55.116+0000] {standard_task_runner.py:88} INFO - Job 2608: Subtask Stage_songs
[2025-07-24T17:31:55.307+0000] {task_command.py:423} INFO - Running <TaskInstance: tune_stream_dag.Stage_songs scheduled__2023-01-05T01:00:00+00:00 [running]> on host 5def55d2a1b5
[2025-07-24T17:31:55.564+0000] {taskinstance.py:2480} INFO - Exporting env vars: AIRFLOW_CTX_DAG_OWNER='genz-legend' AIRFLOW_CTX_DAG_ID='tune_stream_dag' AIRFLOW_CTX_TASK_ID='Stage_songs' AIRFLOW_CTX_EXECUTION_DATE='2023-01-05T01:00:00+00:00' AIRFLOW_CTX_TRY_NUMBER='1' AIRFLOW_CTX_DAG_RUN_ID='scheduled__2023-01-05T01:00:00+00:00'
[2025-07-24T17:32:02.607+0000] {python.py:201} INFO - Done. Returned value was: None
[2025-07-24T17:32:02.631+0000] {taskinstance.py:1138} INFO - Marking task as SUCCESS. dag_id=tune_stream_dag, task_id=Stage_songs, execution_date=20230105T010000, start_date=20250724T173154, end_date=20250724T173202
[2025-07-24T17:32:03.911+0000] {local_task_job_runner.py:234} INFO - Task exited with return code 0
[2025-07-24T17:32:03.983+0000] {taskinstance.py:3280} INFO - 0 downstream tasks scheduled from follow-on schedule check
