[2025-07-24T15:22:36.325+0000] {taskinstance.py:1956} INFO - Dependencies all met for dep_context=non-requeueable deps ti=<TaskInstance: tune_stream_dag.Load_song_dim_table scheduled__2023-01-05T05:00:00+00:00 [queued]>
[2025-07-24T15:22:36.341+0000] {taskinstance.py:1956} INFO - Dependencies all met for dep_context=requeueable deps ti=<TaskInstance: tune_stream_dag.Load_song_dim_table scheduled__2023-01-05T05:00:00+00:00 [queued]>
[2025-07-24T15:22:36.342+0000] {taskinstance.py:2170} INFO - Starting attempt 1 of 4
[2025-07-24T15:22:37.591+0000] {taskinstance.py:2191} INFO - Executing <Task(PythonOperator): Load_song_dim_table> on 2023-01-05 05:00:00+00:00
[2025-07-24T15:22:37.625+0000] {standard_task_runner.py:87} INFO - Running: ['***', 'tasks', 'run', 'tune_stream_dag', 'Load_song_dim_table', 'scheduled__2023-01-05T05:00:00+00:00', '--job-id', '875', '--raw', '--subdir', 'DAGS_FOLDER/etl_pipeline.py', '--cfg-path', '/tmp/tmpkydrsord']
[2025-07-24T15:22:37.646+0000] {standard_task_runner.py:88} INFO - Job 875: Subtask Load_song_dim_table
[2025-07-24T15:22:37.689+0000] {standard_task_runner.py:60} INFO - Started process 835 to run task
[2025-07-24T15:22:38.557+0000] {task_command.py:423} INFO - Running <TaskInstance: tune_stream_dag.Load_song_dim_table scheduled__2023-01-05T05:00:00+00:00 [running]> on host c53547d84df1
[2025-07-24T15:22:39.198+0000] {taskinstance.py:2480} INFO - Exporting env vars: AIRFLOW_CTX_DAG_OWNER='genz-legend' AIRFLOW_CTX_DAG_ID='tune_stream_dag' AIRFLOW_CTX_TASK_ID='Load_song_dim_table' AIRFLOW_CTX_EXECUTION_DATE='2023-01-05T05:00:00+00:00' AIRFLOW_CTX_TRY_NUMBER='1' AIRFLOW_CTX_DAG_RUN_ID='scheduled__2023-01-05T05:00:00+00:00'
[2025-07-24T15:22:41.366+0000] {python.py:201} INFO - Done. Returned value was: None
[2025-07-24T15:22:41.520+0000] {taskinstance.py:1138} INFO - Marking task as SUCCESS. dag_id=tune_stream_dag, task_id=Load_song_dim_table, execution_date=20230105T050000, start_date=20250724T152236, end_date=20250724T152241
[2025-07-24T15:22:41.983+0000] {local_task_job_runner.py:234} INFO - Task exited with return code 0
[2025-07-24T15:22:42.080+0000] {taskinstance.py:3280} INFO - 0 downstream tasks scheduled from follow-on schedule check
[2025-07-24T17:33:34.318+0000] {taskinstance.py:1956} INFO - Dependencies all met for dep_context=non-requeueable deps ti=<TaskInstance: tune_stream_dag.Load_song_dim_table scheduled__2023-01-05T05:00:00+00:00 [queued]>
[2025-07-24T17:33:34.376+0000] {taskinstance.py:1956} INFO - Dependencies all met for dep_context=requeueable deps ti=<TaskInstance: tune_stream_dag.Load_song_dim_table scheduled__2023-01-05T05:00:00+00:00 [queued]>
[2025-07-24T17:33:34.381+0000] {taskinstance.py:2170} INFO - Starting attempt 1 of 4
[2025-07-24T17:33:34.436+0000] {taskinstance.py:2191} INFO - Executing <Task(PythonOperator): Load_song_dim_table> on 2023-01-05 05:00:00+00:00
[2025-07-24T17:33:34.486+0000] {standard_task_runner.py:60} INFO - Started process 3489 to run task
[2025-07-24T17:33:34.529+0000] {standard_task_runner.py:87} INFO - Running: ['***', 'tasks', 'run', 'tune_stream_dag', 'Load_song_dim_table', 'scheduled__2023-01-05T05:00:00+00:00', '--job-id', '2687', '--raw', '--subdir', 'DAGS_FOLDER/etl_pipeline.py', '--cfg-path', '/tmp/tmpxouy363l']
[2025-07-24T17:33:34.557+0000] {standard_task_runner.py:88} INFO - Job 2687: Subtask Load_song_dim_table
[2025-07-24T17:33:34.747+0000] {task_command.py:423} INFO - Running <TaskInstance: tune_stream_dag.Load_song_dim_table scheduled__2023-01-05T05:00:00+00:00 [running]> on host 5def55d2a1b5
[2025-07-24T17:33:35.077+0000] {taskinstance.py:2480} INFO - Exporting env vars: AIRFLOW_CTX_DAG_OWNER='genz-legend' AIRFLOW_CTX_DAG_ID='tune_stream_dag' AIRFLOW_CTX_TASK_ID='Load_song_dim_table' AIRFLOW_CTX_EXECUTION_DATE='2023-01-05T05:00:00+00:00' AIRFLOW_CTX_TRY_NUMBER='1' AIRFLOW_CTX_DAG_RUN_ID='scheduled__2023-01-05T05:00:00+00:00'
[2025-07-24T17:33:35.137+0000] {python.py:201} INFO - Done. Returned value was: None
[2025-07-24T17:33:35.173+0000] {taskinstance.py:1138} INFO - Marking task as SUCCESS. dag_id=tune_stream_dag, task_id=Load_song_dim_table, execution_date=20230105T050000, start_date=20250724T173334, end_date=20250724T173335
[2025-07-24T17:33:35.247+0000] {local_task_job_runner.py:234} INFO - Task exited with return code 0
[2025-07-24T17:33:35.319+0000] {taskinstance.py:3280} INFO - 1 downstream tasks scheduled from follow-on schedule check
