[2025-07-24T16:42:00.330+0000] {taskinstance.py:1956} INFO - Dependencies all met for dep_context=non-requeueable deps ti=<TaskInstance: tune_stream_dag.Load_user_dim_table scheduled__2023-01-01T17:00:00+00:00 [queued]>
[2025-07-24T16:42:00.385+0000] {taskinstance.py:1956} INFO - Dependencies all met for dep_context=requeueable deps ti=<TaskInstance: tune_stream_dag.Load_user_dim_table scheduled__2023-01-01T17:00:00+00:00 [queued]>
[2025-07-24T16:42:00.392+0000] {taskinstance.py:2170} INFO - Starting attempt 2 of 4
[2025-07-24T16:42:00.481+0000] {taskinstance.py:2191} INFO - Executing <Task(PythonOperator): Load_user_dim_table> on 2023-01-01 17:00:00+00:00
[2025-07-24T16:42:00.640+0000] {standard_task_runner.py:60} INFO - Started process 127 to run task
[2025-07-24T16:42:00.738+0000] {standard_task_runner.py:87} INFO - Running: ['***', 'tasks', 'run', 'tune_stream_dag', 'Load_user_dim_table', 'scheduled__2023-01-01T17:00:00+00:00', '--job-id', '1685', '--raw', '--subdir', 'DAGS_FOLDER/etl_pipeline.py', '--cfg-path', '/tmp/tmpatc9f18l']
[2025-07-24T16:42:00.765+0000] {standard_task_runner.py:88} INFO - Job 1685: Subtask Load_user_dim_table
[2025-07-24T16:42:01.241+0000] {task_command.py:423} INFO - Running <TaskInstance: tune_stream_dag.Load_user_dim_table scheduled__2023-01-01T17:00:00+00:00 [running]> on host 5def55d2a1b5
[2025-07-24T16:42:01.887+0000] {taskinstance.py:2480} INFO - Exporting env vars: AIRFLOW_CTX_DAG_OWNER='genz-legend' AIRFLOW_CTX_DAG_ID='tune_stream_dag' AIRFLOW_CTX_TASK_ID='Load_user_dim_table' AIRFLOW_CTX_EXECUTION_DATE='2023-01-01T17:00:00+00:00' AIRFLOW_CTX_TRY_NUMBER='2' AIRFLOW_CTX_DAG_RUN_ID='scheduled__2023-01-01T17:00:00+00:00'
[2025-07-24T16:42:02.210+0000] {taskinstance.py:2698} ERROR - Task failed with exception
Traceback (most recent call last):
  File "/home/airflow/.local/lib/python3.8/site-packages/airflow/models/taskinstance.py", line 433, in _execute_task
    result = execute_callable(context=context, **execute_callable_kwargs)
  File "/home/airflow/.local/lib/python3.8/site-packages/airflow/operators/python.py", line 199, in execute
    return_value = self.execute_callable()
  File "/home/airflow/.local/lib/python3.8/site-packages/airflow/operators/python.py", line 216, in execute_callable
    return self.python_callable(*self.op_args, **self.op_kwargs)
  File "/opt/airflow/dags/etl_pipeline.py", line 179, in <lambda>
    python_callable=lambda: load_table(SqlQueries.user_table_insert, 'users'),
  File "/opt/airflow/dags/etl_pipeline.py", line 132, in load_table
    cur.execute(f"INSERT INTO {table} {query}")
psycopg2.errors.UniqueViolation: duplicate key value violates unique constraint "users_pkey"
DETAIL:  Key (userid)=(88) already exists.

[2025-07-24T16:42:02.336+0000] {taskinstance.py:1138} INFO - Marking task as UP_FOR_RETRY. dag_id=tune_stream_dag, task_id=Load_user_dim_table, execution_date=20230101T170000, start_date=20250724T164200, end_date=20250724T164202
[2025-07-24T16:42:02.491+0000] {standard_task_runner.py:107} ERROR - Failed to execute job 1685 for task Load_user_dim_table (duplicate key value violates unique constraint "users_pkey"
DETAIL:  Key (userid)=(88) already exists.
; 127)
[2025-07-24T16:42:02.602+0000] {local_task_job_runner.py:234} INFO - Task exited with return code 1
[2025-07-24T16:42:02.686+0000] {taskinstance.py:3280} INFO - 0 downstream tasks scheduled from follow-on schedule check
[2025-07-24T17:17:49.625+0000] {taskinstance.py:1956} INFO - Dependencies all met for dep_context=non-requeueable deps ti=<TaskInstance: tune_stream_dag.Load_user_dim_table scheduled__2023-01-01T17:00:00+00:00 [queued]>
[2025-07-24T17:17:49.637+0000] {taskinstance.py:1956} INFO - Dependencies all met for dep_context=requeueable deps ti=<TaskInstance: tune_stream_dag.Load_user_dim_table scheduled__2023-01-01T17:00:00+00:00 [queued]>
[2025-07-24T17:17:49.638+0000] {taskinstance.py:2170} INFO - Starting attempt 2 of 4
[2025-07-24T17:17:49.659+0000] {taskinstance.py:2191} INFO - Executing <Task(PythonOperator): Load_user_dim_table> on 2023-01-01 17:00:00+00:00
[2025-07-24T17:17:49.667+0000] {standard_task_runner.py:60} INFO - Started process 1471 to run task
[2025-07-24T17:17:49.672+0000] {standard_task_runner.py:87} INFO - Running: ['***', 'tasks', 'run', 'tune_stream_dag', 'Load_user_dim_table', 'scheduled__2023-01-01T17:00:00+00:00', '--job-id', '2080', '--raw', '--subdir', 'DAGS_FOLDER/etl_pipeline.py', '--cfg-path', '/tmp/tmpjyfwjn_e']
[2025-07-24T17:17:49.676+0000] {standard_task_runner.py:88} INFO - Job 2080: Subtask Load_user_dim_table
[2025-07-24T17:17:49.755+0000] {task_command.py:423} INFO - Running <TaskInstance: tune_stream_dag.Load_user_dim_table scheduled__2023-01-01T17:00:00+00:00 [running]> on host 5def55d2a1b5
[2025-07-24T17:17:49.863+0000] {taskinstance.py:2480} INFO - Exporting env vars: AIRFLOW_CTX_DAG_OWNER='genz-legend' AIRFLOW_CTX_DAG_ID='tune_stream_dag' AIRFLOW_CTX_TASK_ID='Load_user_dim_table' AIRFLOW_CTX_EXECUTION_DATE='2023-01-01T17:00:00+00:00' AIRFLOW_CTX_TRY_NUMBER='2' AIRFLOW_CTX_DAG_RUN_ID='scheduled__2023-01-01T17:00:00+00:00'
[2025-07-24T17:17:49.892+0000] {python.py:201} INFO - Done. Returned value was: None
[2025-07-24T17:17:49.906+0000] {taskinstance.py:1138} INFO - Marking task as SUCCESS. dag_id=tune_stream_dag, task_id=Load_user_dim_table, execution_date=20230101T170000, start_date=20250724T171749, end_date=20250724T171749
[2025-07-24T17:17:49.967+0000] {local_task_job_runner.py:234} INFO - Task exited with return code 0
[2025-07-24T17:17:50.025+0000] {taskinstance.py:3280} INFO - 1 downstream tasks scheduled from follow-on schedule check
