[2025-07-22T10:19:10.790+0000] {taskinstance.py:1956} INFO - Dependencies all met for dep_context=non-requeueable deps ti=<TaskInstance: tune_stream_dag.Stage_events scheduled__2023-01-01T17:00:00+00:00 [queued]>
[2025-07-22T10:19:10.825+0000] {taskinstance.py:1956} INFO - Dependencies all met for dep_context=requeueable deps ti=<TaskInstance: tune_stream_dag.Stage_events scheduled__2023-01-01T17:00:00+00:00 [queued]>
[2025-07-22T10:19:10.827+0000] {taskinstance.py:2170} INFO - Starting attempt 1 of 4
[2025-07-22T10:19:10.886+0000] {taskinstance.py:2191} INFO - Executing <Task(PythonOperator): Stage_events> on 2023-01-01 17:00:00+00:00
[2025-07-22T10:19:10.911+0000] {standard_task_runner.py:60} INFO - Started process 721 to run task
[2025-07-22T10:19:10.919+0000] {standard_task_runner.py:87} INFO - Running: ['***', 'tasks', 'run', 'tune_stream_dag', 'Stage_events', 'scheduled__2023-01-01T17:00:00+00:00', '--job-id', '186', '--raw', '--subdir', 'DAGS_FOLDER/etl_pipeline.py', '--cfg-path', '/tmp/tmph6zd42tb']
[2025-07-22T10:19:10.926+0000] {standard_task_runner.py:88} INFO - Job 186: Subtask Stage_events
[2025-07-22T10:19:11.189+0000] {task_command.py:423} INFO - Running <TaskInstance: tune_stream_dag.Stage_events scheduled__2023-01-01T17:00:00+00:00 [running]> on host a2a13a541787
[2025-07-22T10:19:11.975+0000] {taskinstance.py:2480} INFO - Exporting env vars: AIRFLOW_CTX_DAG_OWNER='genz-legend' AIRFLOW_CTX_DAG_ID='tune_stream_dag' AIRFLOW_CTX_TASK_ID='Stage_events' AIRFLOW_CTX_EXECUTION_DATE='2023-01-01T17:00:00+00:00' AIRFLOW_CTX_TRY_NUMBER='1' AIRFLOW_CTX_DAG_RUN_ID='scheduled__2023-01-01T17:00:00+00:00'
[2025-07-22T10:19:12.105+0000] {taskinstance.py:2698} ERROR - Task failed with exception
Traceback (most recent call last):
  File "/home/airflow/.local/lib/python3.8/site-packages/airflow/models/taskinstance.py", line 433, in _execute_task
    result = execute_callable(context=context, **execute_callable_kwargs)
  File "/home/airflow/.local/lib/python3.8/site-packages/airflow/operators/python.py", line 199, in execute
    return_value = self.execute_callable()
  File "/home/airflow/.local/lib/python3.8/site-packages/airflow/operators/python.py", line 216, in execute_callable
    return self.python_callable(*self.op_args, **self.op_kwargs)
  File "/opt/airflow/dags/etl_pipeline.py", line 77, in stage_events
    data = json.load(f)
  File "/usr/local/lib/python3.8/json/__init__.py", line 293, in load
    return loads(fp.read(),
  File "/usr/local/lib/python3.8/json/__init__.py", line 357, in loads
    return _default_decoder.decode(s)
  File "/usr/local/lib/python3.8/json/decoder.py", line 340, in decode
    raise JSONDecodeError("Extra data", s, end)
json.decoder.JSONDecodeError: Extra data: line 2 column 1 (char 457)
[2025-07-22T10:19:12.180+0000] {taskinstance.py:1138} INFO - Marking task as UP_FOR_RETRY. dag_id=tune_stream_dag, task_id=Stage_events, execution_date=20230101T170000, start_date=20250722T101910, end_date=20250722T101912
[2025-07-22T10:19:12.252+0000] {standard_task_runner.py:107} ERROR - Failed to execute job 186 for task Stage_events (Extra data: line 2 column 1 (char 457); 721)
[2025-07-22T10:19:12.311+0000] {local_task_job_runner.py:234} INFO - Task exited with return code 1
[2025-07-22T10:19:12.526+0000] {taskinstance.py:3280} INFO - 0 downstream tasks scheduled from follow-on schedule check
[2025-07-24T15:49:26.067+0000] {taskinstance.py:1956} INFO - Dependencies all met for dep_context=non-requeueable deps ti=<TaskInstance: tune_stream_dag.Stage_events scheduled__2023-01-01T17:00:00+00:00 [queued]>
[2025-07-24T15:49:26.082+0000] {taskinstance.py:1956} INFO - Dependencies all met for dep_context=requeueable deps ti=<TaskInstance: tune_stream_dag.Stage_events scheduled__2023-01-01T17:00:00+00:00 [queued]>
[2025-07-24T15:49:26.083+0000] {taskinstance.py:2170} INFO - Starting attempt 1 of 4
[2025-07-24T15:49:26.105+0000] {taskinstance.py:2191} INFO - Executing <Task(PythonOperator): Stage_events> on 2023-01-01 17:00:00+00:00
[2025-07-24T15:49:26.118+0000] {standard_task_runner.py:60} INFO - Started process 971 to run task
[2025-07-24T15:49:26.131+0000] {standard_task_runner.py:87} INFO - Running: ['***', 'tasks', 'run', 'tune_stream_dag', 'Stage_events', 'scheduled__2023-01-01T17:00:00+00:00', '--job-id', '1154', '--raw', '--subdir', 'DAGS_FOLDER/etl_pipeline.py', '--cfg-path', '/tmp/tmpu3rdvzbg']
[2025-07-24T15:49:26.139+0000] {standard_task_runner.py:88} INFO - Job 1154: Subtask Stage_events
[2025-07-24T15:49:26.304+0000] {task_command.py:423} INFO - Running <TaskInstance: tune_stream_dag.Stage_events scheduled__2023-01-01T17:00:00+00:00 [running]> on host c53547d84df1
[2025-07-24T15:49:26.468+0000] {taskinstance.py:2480} INFO - Exporting env vars: AIRFLOW_CTX_DAG_OWNER='genz-legend' AIRFLOW_CTX_DAG_ID='tune_stream_dag' AIRFLOW_CTX_TASK_ID='Stage_events' AIRFLOW_CTX_EXECUTION_DATE='2023-01-01T17:00:00+00:00' AIRFLOW_CTX_TRY_NUMBER='1' AIRFLOW_CTX_DAG_RUN_ID='scheduled__2023-01-01T17:00:00+00:00'
[2025-07-24T15:49:31.375+0000] {python.py:201} INFO - Done. Returned value was: None
[2025-07-24T15:49:31.387+0000] {taskinstance.py:1138} INFO - Marking task as SUCCESS. dag_id=tune_stream_dag, task_id=Stage_events, execution_date=20230101T170000, start_date=20250724T154926, end_date=20250724T154931
[2025-07-24T15:49:31.446+0000] {local_task_job_runner.py:234} INFO - Task exited with return code 0
[2025-07-24T15:49:31.469+0000] {taskinstance.py:3280} INFO - 1 downstream tasks scheduled from follow-on schedule check
[2025-07-24T16:33:22.985+0000] {taskinstance.py:1956} INFO - Dependencies all met for dep_context=non-requeueable deps ti=<TaskInstance: tune_stream_dag.Stage_events scheduled__2023-01-01T17:00:00+00:00 [queued]>
[2025-07-24T16:33:23.026+0000] {taskinstance.py:1956} INFO - Dependencies all met for dep_context=requeueable deps ti=<TaskInstance: tune_stream_dag.Stage_events scheduled__2023-01-01T17:00:00+00:00 [queued]>
[2025-07-24T16:33:23.030+0000] {taskinstance.py:2170} INFO - Starting attempt 1 of 4
[2025-07-24T16:33:23.093+0000] {taskinstance.py:2191} INFO - Executing <Task(PythonOperator): Stage_events> on 2023-01-01 17:00:00+00:00
[2025-07-24T16:33:23.129+0000] {standard_task_runner.py:60} INFO - Started process 1045 to run task
[2025-07-24T16:33:23.137+0000] {standard_task_runner.py:87} INFO - Running: ['***', 'tasks', 'run', 'tune_stream_dag', 'Stage_events', 'scheduled__2023-01-01T17:00:00+00:00', '--job-id', '1558', '--raw', '--subdir', 'DAGS_FOLDER/etl_pipeline.py', '--cfg-path', '/tmp/tmpot_uyw6s']
[2025-07-24T16:33:23.154+0000] {standard_task_runner.py:88} INFO - Job 1558: Subtask Stage_events
[2025-07-24T16:33:23.441+0000] {task_command.py:423} INFO - Running <TaskInstance: tune_stream_dag.Stage_events scheduled__2023-01-01T17:00:00+00:00 [running]> on host c53547d84df1
[2025-07-24T16:33:23.838+0000] {taskinstance.py:2480} INFO - Exporting env vars: AIRFLOW_CTX_DAG_OWNER='genz-legend' AIRFLOW_CTX_DAG_ID='tune_stream_dag' AIRFLOW_CTX_TASK_ID='Stage_events' AIRFLOW_CTX_EXECUTION_DATE='2023-01-01T17:00:00+00:00' AIRFLOW_CTX_TRY_NUMBER='1' AIRFLOW_CTX_DAG_RUN_ID='scheduled__2023-01-01T17:00:00+00:00'
[2025-07-24T16:33:38.985+0000] {python.py:201} INFO - Done. Returned value was: None
[2025-07-24T16:33:39.056+0000] {taskinstance.py:1138} INFO - Marking task as SUCCESS. dag_id=tune_stream_dag, task_id=Stage_events, execution_date=20230101T170000, start_date=20250724T163322, end_date=20250724T163339
[2025-07-24T16:33:39.156+0000] {local_task_job_runner.py:234} INFO - Task exited with return code 0
[2025-07-24T16:33:39.222+0000] {taskinstance.py:3280} INFO - 1 downstream tasks scheduled from follow-on schedule check
[2025-07-24T17:12:40.494+0000] {taskinstance.py:1956} INFO - Dependencies all met for dep_context=non-requeueable deps ti=<TaskInstance: tune_stream_dag.Stage_events scheduled__2023-01-01T17:00:00+00:00 [queued]>
[2025-07-24T17:12:40.509+0000] {taskinstance.py:1956} INFO - Dependencies all met for dep_context=requeueable deps ti=<TaskInstance: tune_stream_dag.Stage_events scheduled__2023-01-01T17:00:00+00:00 [queued]>
[2025-07-24T17:12:40.510+0000] {taskinstance.py:2170} INFO - Starting attempt 1 of 4
[2025-07-24T17:12:40.528+0000] {taskinstance.py:2191} INFO - Executing <Task(PythonOperator): Stage_events> on 2023-01-01 17:00:00+00:00
[2025-07-24T17:12:40.540+0000] {standard_task_runner.py:60} INFO - Started process 1074 to run task
[2025-07-24T17:12:40.544+0000] {standard_task_runner.py:87} INFO - Running: ['***', 'tasks', 'run', 'tune_stream_dag', 'Stage_events', 'scheduled__2023-01-01T17:00:00+00:00', '--job-id', '1971', '--raw', '--subdir', 'DAGS_FOLDER/etl_pipeline.py', '--cfg-path', '/tmp/tmpglztvab4']
[2025-07-24T17:12:40.549+0000] {standard_task_runner.py:88} INFO - Job 1971: Subtask Stage_events
[2025-07-24T17:12:40.623+0000] {task_command.py:423} INFO - Running <TaskInstance: tune_stream_dag.Stage_events scheduled__2023-01-01T17:00:00+00:00 [running]> on host 5def55d2a1b5
[2025-07-24T17:12:40.698+0000] {taskinstance.py:2480} INFO - Exporting env vars: AIRFLOW_CTX_DAG_OWNER='genz-legend' AIRFLOW_CTX_DAG_ID='tune_stream_dag' AIRFLOW_CTX_TASK_ID='Stage_events' AIRFLOW_CTX_EXECUTION_DATE='2023-01-01T17:00:00+00:00' AIRFLOW_CTX_TRY_NUMBER='1' AIRFLOW_CTX_DAG_RUN_ID='scheduled__2023-01-01T17:00:00+00:00'
[2025-07-24T17:12:42.685+0000] {python.py:201} INFO - Done. Returned value was: None
[2025-07-24T17:12:42.695+0000] {taskinstance.py:1138} INFO - Marking task as SUCCESS. dag_id=tune_stream_dag, task_id=Stage_events, execution_date=20230101T170000, start_date=20250724T171240, end_date=20250724T171242
[2025-07-24T17:12:42.724+0000] {local_task_job_runner.py:234} INFO - Task exited with return code 0
[2025-07-24T17:12:42.748+0000] {taskinstance.py:3280} INFO - 1 downstream tasks scheduled from follow-on schedule check
