[2025-07-24T14:13:58.805+0000] {taskinstance.py:1956} INFO - Dependencies all met for dep_context=non-requeueable deps ti=<TaskInstance: tune_stream_dag.Stage_events scheduled__2023-01-03T02:00:00+00:00 [queued]>
[2025-07-24T14:13:58.853+0000] {taskinstance.py:1956} INFO - Dependencies all met for dep_context=requeueable deps ti=<TaskInstance: tune_stream_dag.Stage_events scheduled__2023-01-03T02:00:00+00:00 [queued]>
[2025-07-24T14:13:58.859+0000] {taskinstance.py:2170} INFO - Starting attempt 1 of 4
[2025-07-24T14:13:58.968+0000] {taskinstance.py:2191} INFO - Executing <Task(PythonOperator): Stage_events> on 2023-01-03 02:00:00+00:00
[2025-07-24T14:13:59.047+0000] {standard_task_runner.py:60} INFO - Started process 332 to run task
[2025-07-24T14:13:59.110+0000] {standard_task_runner.py:87} INFO - Running: ['***', 'tasks', 'run', 'tune_stream_dag', 'Stage_events', 'scheduled__2023-01-03T02:00:00+00:00', '--job-id', '467', '--raw', '--subdir', 'DAGS_FOLDER/etl_pipeline.py', '--cfg-path', '/tmp/tmpzt5rqx6d']
[2025-07-24T14:13:59.162+0000] {standard_task_runner.py:88} INFO - Job 467: Subtask Stage_events
[2025-07-24T14:13:59.810+0000] {task_command.py:423} INFO - Running <TaskInstance: tune_stream_dag.Stage_events scheduled__2023-01-03T02:00:00+00:00 [running]> on host aea62fae55be
[2025-07-24T14:14:00.276+0000] {taskinstance.py:2480} INFO - Exporting env vars: AIRFLOW_CTX_DAG_OWNER='genz-legend' AIRFLOW_CTX_DAG_ID='tune_stream_dag' AIRFLOW_CTX_TASK_ID='Stage_events' AIRFLOW_CTX_EXECUTION_DATE='2023-01-03T02:00:00+00:00' AIRFLOW_CTX_TRY_NUMBER='1' AIRFLOW_CTX_DAG_RUN_ID='scheduled__2023-01-03T02:00:00+00:00'
[2025-07-24T14:14:07.292+0000] {python.py:201} INFO - Done. Returned value was: None
[2025-07-24T14:14:07.332+0000] {taskinstance.py:1138} INFO - Marking task as SUCCESS. dag_id=tune_stream_dag, task_id=Stage_events, execution_date=20230103T020000, start_date=20250724T141358, end_date=20250724T141407
[2025-07-24T14:14:09.041+0000] {local_task_job_runner.py:234} INFO - Task exited with return code 0
[2025-07-24T14:14:09.155+0000] {taskinstance.py:3280} INFO - 1 downstream tasks scheduled from follow-on schedule check
[2025-07-24T17:23:15.489+0000] {taskinstance.py:1956} INFO - Dependencies all met for dep_context=non-requeueable deps ti=<TaskInstance: tune_stream_dag.Stage_events scheduled__2023-01-03T02:00:00+00:00 [queued]>
[2025-07-24T17:23:15.521+0000] {taskinstance.py:1956} INFO - Dependencies all met for dep_context=requeueable deps ti=<TaskInstance: tune_stream_dag.Stage_events scheduled__2023-01-03T02:00:00+00:00 [queued]>
[2025-07-24T17:23:15.522+0000] {taskinstance.py:2170} INFO - Starting attempt 1 of 4
[2025-07-24T17:23:15.557+0000] {taskinstance.py:2191} INFO - Executing <Task(PythonOperator): Stage_events> on 2023-01-03 02:00:00+00:00
[2025-07-24T17:23:15.604+0000] {standard_task_runner.py:60} INFO - Started process 1988 to run task
[2025-07-24T17:23:15.693+0000] {standard_task_runner.py:87} INFO - Running: ['***', 'tasks', 'run', 'tune_stream_dag', 'Stage_events', 'scheduled__2023-01-03T02:00:00+00:00', '--job-id', '2229', '--raw', '--subdir', 'DAGS_FOLDER/etl_pipeline.py', '--cfg-path', '/tmp/tmpbtn0b7lx']
[2025-07-24T17:23:15.827+0000] {standard_task_runner.py:88} INFO - Job 2229: Subtask Stage_events
[2025-07-24T17:23:16.278+0000] {task_command.py:423} INFO - Running <TaskInstance: tune_stream_dag.Stage_events scheduled__2023-01-03T02:00:00+00:00 [running]> on host 5def55d2a1b5
[2025-07-24T17:23:17.355+0000] {taskinstance.py:2480} INFO - Exporting env vars: AIRFLOW_CTX_DAG_OWNER='genz-legend' AIRFLOW_CTX_DAG_ID='tune_stream_dag' AIRFLOW_CTX_TASK_ID='Stage_events' AIRFLOW_CTX_EXECUTION_DATE='2023-01-03T02:00:00+00:00' AIRFLOW_CTX_TRY_NUMBER='1' AIRFLOW_CTX_DAG_RUN_ID='scheduled__2023-01-03T02:00:00+00:00'
[2025-07-24T17:24:44.676+0000] {python.py:201} INFO - Done. Returned value was: None
[2025-07-24T17:24:47.211+0000] {taskinstance.py:1138} INFO - Marking task as SUCCESS. dag_id=tune_stream_dag, task_id=Stage_events, execution_date=20230103T020000, start_date=20250724T172315, end_date=20250724T172447
[2025-07-24T17:24:50.855+0000] {local_task_job_runner.py:234} INFO - Task exited with return code 0
[2025-07-24T17:24:51.347+0000] {taskinstance.py:3280} INFO - 0 downstream tasks scheduled from follow-on schedule check
