[2025-07-24T14:45:46.215+0000] {taskinstance.py:1956} INFO - Dependencies all met for dep_context=non-requeueable deps ti=<TaskInstance: tune_stream_dag.Stage_songs scheduled__2023-01-04T10:00:00+00:00 [queued]>
[2025-07-24T14:45:46.235+0000] {taskinstance.py:1956} INFO - Dependencies all met for dep_context=requeueable deps ti=<TaskInstance: tune_stream_dag.Stage_songs scheduled__2023-01-04T10:00:00+00:00 [queued]>
[2025-07-24T14:45:46.236+0000] {taskinstance.py:2170} INFO - Starting attempt 1 of 4
[2025-07-24T14:45:46.277+0000] {taskinstance.py:2191} INFO - Executing <Task(PythonOperator): Stage_songs> on 2023-01-04 10:00:00+00:00
[2025-07-24T14:45:46.320+0000] {standard_task_runner.py:60} INFO - Started process 499 to run task
[2025-07-24T14:45:46.336+0000] {standard_task_runner.py:87} INFO - Running: ['***', 'tasks', 'run', 'tune_stream_dag', 'Stage_songs', 'scheduled__2023-01-04T10:00:00+00:00', '--job-id', '665', '--raw', '--subdir', 'DAGS_FOLDER/etl_pipeline.py', '--cfg-path', '/tmp/tmprpl7l86g']
[2025-07-24T14:45:46.344+0000] {standard_task_runner.py:88} INFO - Job 665: Subtask Stage_songs
[2025-07-24T14:45:46.537+0000] {task_command.py:423} INFO - Running <TaskInstance: tune_stream_dag.Stage_songs scheduled__2023-01-04T10:00:00+00:00 [running]> on host aea62fae55be
[2025-07-24T14:45:46.835+0000] {taskinstance.py:2480} INFO - Exporting env vars: AIRFLOW_CTX_DAG_OWNER='genz-legend' AIRFLOW_CTX_DAG_ID='tune_stream_dag' AIRFLOW_CTX_TASK_ID='Stage_songs' AIRFLOW_CTX_EXECUTION_DATE='2023-01-04T10:00:00+00:00' AIRFLOW_CTX_TRY_NUMBER='1' AIRFLOW_CTX_DAG_RUN_ID='scheduled__2023-01-04T10:00:00+00:00'
[2025-07-24T14:45:48.134+0000] {python.py:201} INFO - Done. Returned value was: None
[2025-07-24T14:45:48.196+0000] {taskinstance.py:1138} INFO - Marking task as SUCCESS. dag_id=tune_stream_dag, task_id=Stage_songs, execution_date=20230104T100000, start_date=20250724T144546, end_date=20250724T144548
[2025-07-24T14:45:48.483+0000] {local_task_job_runner.py:234} INFO - Task exited with return code 0
[2025-07-24T14:45:48.594+0000] {taskinstance.py:3280} INFO - 0 downstream tasks scheduled from follow-on schedule check
[2025-07-24T17:29:52.917+0000] {taskinstance.py:1956} INFO - Dependencies all met for dep_context=non-requeueable deps ti=<TaskInstance: tune_stream_dag.Stage_songs scheduled__2023-01-04T10:00:00+00:00 [queued]>
[2025-07-24T17:29:52.932+0000] {taskinstance.py:1956} INFO - Dependencies all met for dep_context=requeueable deps ti=<TaskInstance: tune_stream_dag.Stage_songs scheduled__2023-01-04T10:00:00+00:00 [queued]>
[2025-07-24T17:29:52.934+0000] {taskinstance.py:2170} INFO - Starting attempt 1 of 4
[2025-07-24T17:29:53.542+0000] {taskinstance.py:2191} INFO - Executing <Task(PythonOperator): Stage_songs> on 2023-01-04 10:00:00+00:00
[2025-07-24T17:29:53.588+0000] {standard_task_runner.py:60} INFO - Started process 2814 to run task
[2025-07-24T17:29:53.607+0000] {standard_task_runner.py:87} INFO - Running: ['***', 'tasks', 'run', 'tune_stream_dag', 'Stage_songs', 'scheduled__2023-01-04T10:00:00+00:00', '--job-id', '2481', '--raw', '--subdir', 'DAGS_FOLDER/etl_pipeline.py', '--cfg-path', '/tmp/tmpu1ksxxw7']
[2025-07-24T17:29:53.621+0000] {standard_task_runner.py:88} INFO - Job 2481: Subtask Stage_songs
[2025-07-24T17:29:53.773+0000] {task_command.py:423} INFO - Running <TaskInstance: tune_stream_dag.Stage_songs scheduled__2023-01-04T10:00:00+00:00 [running]> on host 5def55d2a1b5
[2025-07-24T17:29:53.947+0000] {taskinstance.py:2480} INFO - Exporting env vars: AIRFLOW_CTX_DAG_OWNER='genz-legend' AIRFLOW_CTX_DAG_ID='tune_stream_dag' AIRFLOW_CTX_TASK_ID='Stage_songs' AIRFLOW_CTX_EXECUTION_DATE='2023-01-04T10:00:00+00:00' AIRFLOW_CTX_TRY_NUMBER='1' AIRFLOW_CTX_DAG_RUN_ID='scheduled__2023-01-04T10:00:00+00:00'
[2025-07-24T17:29:57.488+0000] {python.py:201} INFO - Done. Returned value was: None
[2025-07-24T17:29:57.509+0000] {taskinstance.py:1138} INFO - Marking task as SUCCESS. dag_id=tune_stream_dag, task_id=Stage_songs, execution_date=20230104T100000, start_date=20250724T172952, end_date=20250724T172957
[2025-07-24T17:29:58.149+0000] {local_task_job_runner.py:234} INFO - Task exited with return code 0
[2025-07-24T17:29:58.524+0000] {taskinstance.py:3280} INFO - 0 downstream tasks scheduled from follow-on schedule check
