[2025-07-24T14:45:26.929+0000] {taskinstance.py:1956} INFO - Dependencies all met for dep_context=non-requeueable deps ti=<TaskInstance: tune_stream_dag.Stage_songs scheduled__2023-01-04T02:00:00+00:00 [queued]>
[2025-07-24T14:45:26.945+0000] {taskinstance.py:1956} INFO - Dependencies all met for dep_context=requeueable deps ti=<TaskInstance: tune_stream_dag.Stage_songs scheduled__2023-01-04T02:00:00+00:00 [queued]>
[2025-07-24T14:45:26.947+0000] {taskinstance.py:2170} INFO - Starting attempt 1 of 4
[2025-07-24T14:45:26.984+0000] {taskinstance.py:2191} INFO - Executing <Task(PythonOperator): Stage_songs> on 2023-01-04 02:00:00+00:00
[2025-07-24T14:45:27.010+0000] {standard_task_runner.py:60} INFO - Started process 449 to run task
[2025-07-24T14:45:27.033+0000] {standard_task_runner.py:87} INFO - Running: ['***', 'tasks', 'run', 'tune_stream_dag', 'Stage_songs', 'scheduled__2023-01-04T02:00:00+00:00', '--job-id', '653', '--raw', '--subdir', 'DAGS_FOLDER/etl_pipeline.py', '--cfg-path', '/tmp/tmpsw8tvw5t']
[2025-07-24T14:45:27.052+0000] {standard_task_runner.py:88} INFO - Job 653: Subtask Stage_songs
[2025-07-24T14:45:27.250+0000] {task_command.py:423} INFO - Running <TaskInstance: tune_stream_dag.Stage_songs scheduled__2023-01-04T02:00:00+00:00 [running]> on host aea62fae55be
[2025-07-24T14:45:27.417+0000] {taskinstance.py:2480} INFO - Exporting env vars: AIRFLOW_CTX_DAG_OWNER='genz-legend' AIRFLOW_CTX_DAG_ID='tune_stream_dag' AIRFLOW_CTX_TASK_ID='Stage_songs' AIRFLOW_CTX_EXECUTION_DATE='2023-01-04T02:00:00+00:00' AIRFLOW_CTX_TRY_NUMBER='1' AIRFLOW_CTX_DAG_RUN_ID='scheduled__2023-01-04T02:00:00+00:00'
[2025-07-24T14:45:29.399+0000] {python.py:201} INFO - Done. Returned value was: None
[2025-07-24T14:45:29.717+0000] {taskinstance.py:1138} INFO - Marking task as SUCCESS. dag_id=tune_stream_dag, task_id=Stage_songs, execution_date=20230104T020000, start_date=20250724T144526, end_date=20250724T144529
[2025-07-24T14:45:30.363+0000] {local_task_job_runner.py:234} INFO - Task exited with return code 0
[2025-07-24T14:45:30.785+0000] {taskinstance.py:3280} INFO - 0 downstream tasks scheduled from follow-on schedule check
[2025-07-24T17:27:49.539+0000] {taskinstance.py:1956} INFO - Dependencies all met for dep_context=non-requeueable deps ti=<TaskInstance: tune_stream_dag.Stage_songs scheduled__2023-01-04T02:00:00+00:00 [queued]>
[2025-07-24T17:27:49.574+0000] {taskinstance.py:1956} INFO - Dependencies all met for dep_context=requeueable deps ti=<TaskInstance: tune_stream_dag.Stage_songs scheduled__2023-01-04T02:00:00+00:00 [queued]>
[2025-07-24T17:27:49.576+0000] {taskinstance.py:2170} INFO - Starting attempt 1 of 4
[2025-07-24T17:27:49.612+0000] {taskinstance.py:2191} INFO - Executing <Task(PythonOperator): Stage_songs> on 2023-01-04 02:00:00+00:00
[2025-07-24T17:27:49.638+0000] {standard_task_runner.py:60} INFO - Started process 2462 to run task
[2025-07-24T17:27:49.644+0000] {standard_task_runner.py:87} INFO - Running: ['***', 'tasks', 'run', 'tune_stream_dag', 'Stage_songs', 'scheduled__2023-01-04T02:00:00+00:00', '--job-id', '2371', '--raw', '--subdir', 'DAGS_FOLDER/etl_pipeline.py', '--cfg-path', '/tmp/tmpznh3os3c']
[2025-07-24T17:27:49.654+0000] {standard_task_runner.py:88} INFO - Job 2371: Subtask Stage_songs
[2025-07-24T17:27:49.879+0000] {task_command.py:423} INFO - Running <TaskInstance: tune_stream_dag.Stage_songs scheduled__2023-01-04T02:00:00+00:00 [running]> on host 5def55d2a1b5
[2025-07-24T17:27:50.078+0000] {taskinstance.py:2480} INFO - Exporting env vars: AIRFLOW_CTX_DAG_OWNER='genz-legend' AIRFLOW_CTX_DAG_ID='tune_stream_dag' AIRFLOW_CTX_TASK_ID='Stage_songs' AIRFLOW_CTX_EXECUTION_DATE='2023-01-04T02:00:00+00:00' AIRFLOW_CTX_TRY_NUMBER='1' AIRFLOW_CTX_DAG_RUN_ID='scheduled__2023-01-04T02:00:00+00:00'
[2025-07-24T17:27:51.863+0000] {python.py:201} INFO - Done. Returned value was: None
[2025-07-24T17:27:51.982+0000] {taskinstance.py:1138} INFO - Marking task as SUCCESS. dag_id=tune_stream_dag, task_id=Stage_songs, execution_date=20230104T020000, start_date=20250724T172749, end_date=20250724T172751
[2025-07-24T17:27:52.130+0000] {local_task_job_runner.py:234} INFO - Task exited with return code 0
[2025-07-24T17:27:54.360+0000] {taskinstance.py:3280} INFO - 0 downstream tasks scheduled from follow-on schedule check
