[2025-07-22T10:32:04.676+0000] {taskinstance.py:1956} INFO - Dependencies all met for dep_context=non-requeueable deps ti=<TaskInstance: tune_stream_dag.Load_songplays_fact_table scheduled__2023-01-01T16:00:00+00:00 [queued]>
[2025-07-22T10:32:04.742+0000] {taskinstance.py:1956} INFO - Dependencies all met for dep_context=requeueable deps ti=<TaskInstance: tune_stream_dag.Load_songplays_fact_table scheduled__2023-01-01T16:00:00+00:00 [queued]>
[2025-07-22T10:32:04.751+0000] {taskinstance.py:2170} INFO - Starting attempt 1 of 4
[2025-07-22T10:32:04.907+0000] {taskinstance.py:2191} INFO - Executing <Task(PythonOperator): Load_songplays_fact_table> on 2023-01-01 16:00:00+00:00
[2025-07-22T10:32:04.929+0000] {standard_task_runner.py:60} INFO - Started process 188 to run task
[2025-07-22T10:32:04.949+0000] {standard_task_runner.py:87} INFO - Running: ['***', 'tasks', 'run', 'tune_stream_dag', 'Load_songplays_fact_table', 'scheduled__2023-01-01T16:00:00+00:00', '--job-id', '256', '--raw', '--subdir', 'DAGS_FOLDER/etl_pipeline.py', '--cfg-path', '/tmp/tmpdnq3e303']
[2025-07-22T10:32:04.972+0000] {standard_task_runner.py:88} INFO - Job 256: Subtask Load_songplays_fact_table
[2025-07-22T10:32:08.558+0000] {task_command.py:423} INFO - Running <TaskInstance: tune_stream_dag.Load_songplays_fact_table scheduled__2023-01-01T16:00:00+00:00 [running]> on host a2a13a541787
[2025-07-22T10:32:11.481+0000] {taskinstance.py:2480} INFO - Exporting env vars: AIRFLOW_CTX_DAG_OWNER='genz-legend' AIRFLOW_CTX_DAG_ID='tune_stream_dag' AIRFLOW_CTX_TASK_ID='Load_songplays_fact_table' AIRFLOW_CTX_EXECUTION_DATE='2023-01-01T16:00:00+00:00' AIRFLOW_CTX_TRY_NUMBER='1' AIRFLOW_CTX_DAG_RUN_ID='scheduled__2023-01-01T16:00:00+00:00'
[2025-07-22T10:32:11.500+0000] {taskinstance.py:2698} ERROR - Task failed with exception
Traceback (most recent call last):
  File "/home/airflow/.local/lib/python3.8/site-packages/airflow/models/taskinstance.py", line 433, in _execute_task
    result = execute_callable(context=context, **execute_callable_kwargs)
  File "/home/airflow/.local/lib/python3.8/site-packages/airflow/operators/python.py", line 199, in execute
    return_value = self.execute_callable()
  File "/home/airflow/.local/lib/python3.8/site-packages/airflow/operators/python.py", line 216, in execute_callable
    return self.python_callable(*self.op_args, **self.op_kwargs)
  File "/opt/airflow/dags/etl_pipeline.py", line 168, in <lambda>
    python_callable=lambda: load_table(SqlQueries.songplay_table_insert),
  File "/opt/airflow/dags/etl_pipeline.py", line 127, in load_table
    cur.execute(f"DELETE FROM {query.split()[3]}")
psycopg2.errors.SyntaxError: syntax error at or near ")"
LINE 1: DELETE FROM events.start_time)
                                     ^

[2025-07-22T10:32:11.548+0000] {taskinstance.py:1138} INFO - Marking task as UP_FOR_RETRY. dag_id=tune_stream_dag, task_id=Load_songplays_fact_table, execution_date=20230101T160000, start_date=20250722T103204, end_date=20250722T103211
[2025-07-22T10:32:11.584+0000] {standard_task_runner.py:107} ERROR - Failed to execute job 256 for task Load_songplays_fact_table (syntax error at or near ")"
LINE 1: DELETE FROM events.start_time)
                                     ^
; 188)
[2025-07-22T10:32:11.638+0000] {local_task_job_runner.py:234} INFO - Task exited with return code 1
[2025-07-22T10:32:11.660+0000] {taskinstance.py:3280} INFO - 0 downstream tasks scheduled from follow-on schedule check
[2025-07-24T15:49:30.742+0000] {taskinstance.py:1956} INFO - Dependencies all met for dep_context=non-requeueable deps ti=<TaskInstance: tune_stream_dag.Load_songplays_fact_table scheduled__2023-01-01T16:00:00+00:00 [queued]>
[2025-07-24T15:49:30.750+0000] {taskinstance.py:1956} INFO - Dependencies all met for dep_context=requeueable deps ti=<TaskInstance: tune_stream_dag.Load_songplays_fact_table scheduled__2023-01-01T16:00:00+00:00 [queued]>
[2025-07-24T15:49:30.751+0000] {taskinstance.py:2170} INFO - Starting attempt 1 of 4
[2025-07-24T15:49:30.762+0000] {taskinstance.py:2191} INFO - Executing <Task(PythonOperator): Load_songplays_fact_table> on 2023-01-01 16:00:00+00:00
[2025-07-24T15:49:30.769+0000] {standard_task_runner.py:60} INFO - Started process 990 to run task
[2025-07-24T15:49:30.771+0000] {standard_task_runner.py:87} INFO - Running: ['***', 'tasks', 'run', 'tune_stream_dag', 'Load_songplays_fact_table', 'scheduled__2023-01-01T16:00:00+00:00', '--job-id', '1163', '--raw', '--subdir', 'DAGS_FOLDER/etl_pipeline.py', '--cfg-path', '/tmp/tmp1ovsiw55']
[2025-07-24T15:49:30.774+0000] {standard_task_runner.py:88} INFO - Job 1163: Subtask Load_songplays_fact_table
[2025-07-24T15:49:30.849+0000] {task_command.py:423} INFO - Running <TaskInstance: tune_stream_dag.Load_songplays_fact_table scheduled__2023-01-01T16:00:00+00:00 [running]> on host c53547d84df1
[2025-07-24T15:49:30.939+0000] {taskinstance.py:2480} INFO - Exporting env vars: AIRFLOW_CTX_DAG_OWNER='genz-legend' AIRFLOW_CTX_DAG_ID='tune_stream_dag' AIRFLOW_CTX_TASK_ID='Load_songplays_fact_table' AIRFLOW_CTX_EXECUTION_DATE='2023-01-01T16:00:00+00:00' AIRFLOW_CTX_TRY_NUMBER='1' AIRFLOW_CTX_DAG_RUN_ID='scheduled__2023-01-01T16:00:00+00:00'
[2025-07-24T15:49:38.696+0000] {python.py:201} INFO - Done. Returned value was: None
[2025-07-24T15:49:38.713+0000] {taskinstance.py:1138} INFO - Marking task as SUCCESS. dag_id=tune_stream_dag, task_id=Load_songplays_fact_table, execution_date=20230101T160000, start_date=20250724T154930, end_date=20250724T154938
[2025-07-24T15:49:38.894+0000] {local_task_job_runner.py:234} INFO - Task exited with return code 0
[2025-07-24T15:49:38.938+0000] {taskinstance.py:3280} INFO - 4 downstream tasks scheduled from follow-on schedule check
[2025-07-24T16:33:39.861+0000] {taskinstance.py:1956} INFO - Dependencies all met for dep_context=non-requeueable deps ti=<TaskInstance: tune_stream_dag.Load_songplays_fact_table scheduled__2023-01-01T16:00:00+00:00 [queued]>
[2025-07-24T16:33:39.877+0000] {taskinstance.py:1956} INFO - Dependencies all met for dep_context=requeueable deps ti=<TaskInstance: tune_stream_dag.Load_songplays_fact_table scheduled__2023-01-01T16:00:00+00:00 [queued]>
[2025-07-24T16:33:39.878+0000] {taskinstance.py:2170} INFO - Starting attempt 1 of 4
[2025-07-24T16:33:39.897+0000] {taskinstance.py:2191} INFO - Executing <Task(PythonOperator): Load_songplays_fact_table> on 2023-01-01 16:00:00+00:00
[2025-07-24T16:33:39.905+0000] {standard_task_runner.py:60} INFO - Started process 1085 to run task
[2025-07-24T16:33:39.908+0000] {standard_task_runner.py:87} INFO - Running: ['***', 'tasks', 'run', 'tune_stream_dag', 'Load_songplays_fact_table', 'scheduled__2023-01-01T16:00:00+00:00', '--job-id', '1576', '--raw', '--subdir', 'DAGS_FOLDER/etl_pipeline.py', '--cfg-path', '/tmp/tmpxkl5b1cj']
[2025-07-24T16:33:39.913+0000] {standard_task_runner.py:88} INFO - Job 1576: Subtask Load_songplays_fact_table
[2025-07-24T16:33:39.993+0000] {task_command.py:423} INFO - Running <TaskInstance: tune_stream_dag.Load_songplays_fact_table scheduled__2023-01-01T16:00:00+00:00 [running]> on host c53547d84df1
[2025-07-24T16:33:40.075+0000] {taskinstance.py:2480} INFO - Exporting env vars: AIRFLOW_CTX_DAG_OWNER='genz-legend' AIRFLOW_CTX_DAG_ID='tune_stream_dag' AIRFLOW_CTX_TASK_ID='Load_songplays_fact_table' AIRFLOW_CTX_EXECUTION_DATE='2023-01-01T16:00:00+00:00' AIRFLOW_CTX_TRY_NUMBER='1' AIRFLOW_CTX_DAG_RUN_ID='scheduled__2023-01-01T16:00:00+00:00'
[2025-07-24T16:33:43.753+0000] {python.py:201} INFO - Done. Returned value was: None
[2025-07-24T16:33:43.900+0000] {taskinstance.py:1138} INFO - Marking task as SUCCESS. dag_id=tune_stream_dag, task_id=Load_songplays_fact_table, execution_date=20230101T160000, start_date=20250724T163339, end_date=20250724T163343
[2025-07-24T16:33:44.221+0000] {local_task_job_runner.py:234} INFO - Task exited with return code 0
[2025-07-24T16:33:44.716+0000] {taskinstance.py:3280} INFO - 4 downstream tasks scheduled from follow-on schedule check
[2025-07-24T17:12:17.063+0000] {taskinstance.py:1956} INFO - Dependencies all met for dep_context=non-requeueable deps ti=<TaskInstance: tune_stream_dag.Load_songplays_fact_table scheduled__2023-01-01T16:00:00+00:00 [queued]>
[2025-07-24T17:12:17.076+0000] {taskinstance.py:1956} INFO - Dependencies all met for dep_context=requeueable deps ti=<TaskInstance: tune_stream_dag.Load_songplays_fact_table scheduled__2023-01-01T16:00:00+00:00 [queued]>
[2025-07-24T17:12:17.079+0000] {taskinstance.py:2170} INFO - Starting attempt 1 of 4
[2025-07-24T17:12:17.094+0000] {taskinstance.py:2191} INFO - Executing <Task(PythonOperator): Load_songplays_fact_table> on 2023-01-01 16:00:00+00:00
[2025-07-24T17:12:17.100+0000] {standard_task_runner.py:60} INFO - Started process 982 to run task
[2025-07-24T17:12:17.104+0000] {standard_task_runner.py:87} INFO - Running: ['***', 'tasks', 'run', 'tune_stream_dag', 'Load_songplays_fact_table', 'scheduled__2023-01-01T16:00:00+00:00', '--job-id', '1943', '--raw', '--subdir', 'DAGS_FOLDER/etl_pipeline.py', '--cfg-path', '/tmp/tmp7k8j4pi7']
[2025-07-24T17:12:17.107+0000] {standard_task_runner.py:88} INFO - Job 1943: Subtask Load_songplays_fact_table
[2025-07-24T17:12:17.184+0000] {task_command.py:423} INFO - Running <TaskInstance: tune_stream_dag.Load_songplays_fact_table scheduled__2023-01-01T16:00:00+00:00 [running]> on host 5def55d2a1b5
[2025-07-24T17:12:17.261+0000] {taskinstance.py:2480} INFO - Exporting env vars: AIRFLOW_CTX_DAG_OWNER='genz-legend' AIRFLOW_CTX_DAG_ID='tune_stream_dag' AIRFLOW_CTX_TASK_ID='Load_songplays_fact_table' AIRFLOW_CTX_EXECUTION_DATE='2023-01-01T16:00:00+00:00' AIRFLOW_CTX_TRY_NUMBER='1' AIRFLOW_CTX_DAG_RUN_ID='scheduled__2023-01-01T16:00:00+00:00'
[2025-07-24T17:12:17.352+0000] {python.py:201} INFO - Done. Returned value was: None
[2025-07-24T17:12:17.363+0000] {taskinstance.py:1138} INFO - Marking task as SUCCESS. dag_id=tune_stream_dag, task_id=Load_songplays_fact_table, execution_date=20230101T160000, start_date=20250724T171217, end_date=20250724T171217
[2025-07-24T17:12:17.397+0000] {local_task_job_runner.py:234} INFO - Task exited with return code 0
[2025-07-24T17:12:17.423+0000] {taskinstance.py:3280} INFO - 4 downstream tasks scheduled from follow-on schedule check
