[2025-07-24T14:29:38.327+0000] {taskinstance.py:1956} INFO - Dependencies all met for dep_context=non-requeueable deps ti=<TaskInstance: tune_stream_dag.Stage_songs scheduled__2023-01-03T16:00:00+00:00 [queued]>
[2025-07-24T14:29:38.347+0000] {taskinstance.py:1956} INFO - Dependencies all met for dep_context=requeueable deps ti=<TaskInstance: tune_stream_dag.Stage_songs scheduled__2023-01-03T16:00:00+00:00 [queued]>
[2025-07-24T14:29:38.351+0000] {taskinstance.py:2170} INFO - Starting attempt 1 of 4
[2025-07-24T14:29:38.381+0000] {taskinstance.py:2191} INFO - Executing <Task(PythonOperator): Stage_songs> on 2023-01-03 16:00:00+00:00
[2025-07-24T14:29:38.402+0000] {standard_task_runner.py:60} INFO - Started process 838 to run task
[2025-07-24T14:29:38.409+0000] {standard_task_runner.py:87} INFO - Running: ['***', 'tasks', 'run', 'tune_stream_dag', 'Stage_songs', 'scheduled__2023-01-03T16:00:00+00:00', '--job-id', '558', '--raw', '--subdir', 'DAGS_FOLDER/etl_pipeline.py', '--cfg-path', '/tmp/tmpe58sie5u']
[2025-07-24T14:29:38.417+0000] {standard_task_runner.py:88} INFO - Job 558: Subtask Stage_songs
[2025-07-24T14:29:38.549+0000] {task_command.py:423} INFO - Running <TaskInstance: tune_stream_dag.Stage_songs scheduled__2023-01-03T16:00:00+00:00 [running]> on host aea62fae55be
[2025-07-24T14:29:38.732+0000] {taskinstance.py:2480} INFO - Exporting env vars: AIRFLOW_CTX_DAG_OWNER='genz-legend' AIRFLOW_CTX_DAG_ID='tune_stream_dag' AIRFLOW_CTX_TASK_ID='Stage_songs' AIRFLOW_CTX_EXECUTION_DATE='2023-01-03T16:00:00+00:00' AIRFLOW_CTX_TRY_NUMBER='1' AIRFLOW_CTX_DAG_RUN_ID='scheduled__2023-01-03T16:00:00+00:00'
[2025-07-24T14:29:40.160+0000] {python.py:201} INFO - Done. Returned value was: None
[2025-07-24T14:29:40.254+0000] {taskinstance.py:1138} INFO - Marking task as SUCCESS. dag_id=tune_stream_dag, task_id=Stage_songs, execution_date=20230103T160000, start_date=20250724T142938, end_date=20250724T142940
[2025-07-24T14:29:40.433+0000] {local_task_job_runner.py:234} INFO - Task exited with return code 0
[2025-07-24T14:29:40.934+0000] {taskinstance.py:3280} INFO - 0 downstream tasks scheduled from follow-on schedule check
[2025-07-24T17:27:05.897+0000] {taskinstance.py:1956} INFO - Dependencies all met for dep_context=non-requeueable deps ti=<TaskInstance: tune_stream_dag.Stage_songs scheduled__2023-01-03T16:00:00+00:00 [queued]>
[2025-07-24T17:27:05.918+0000] {taskinstance.py:1956} INFO - Dependencies all met for dep_context=requeueable deps ti=<TaskInstance: tune_stream_dag.Stage_songs scheduled__2023-01-03T16:00:00+00:00 [queued]>
[2025-07-24T17:27:05.920+0000] {taskinstance.py:2170} INFO - Starting attempt 1 of 4
[2025-07-24T17:27:05.942+0000] {taskinstance.py:2191} INFO - Executing <Task(PythonOperator): Stage_songs> on 2023-01-03 16:00:00+00:00
[2025-07-24T17:27:05.963+0000] {standard_task_runner.py:60} INFO - Started process 2393 to run task
[2025-07-24T17:27:05.968+0000] {standard_task_runner.py:87} INFO - Running: ['***', 'tasks', 'run', 'tune_stream_dag', 'Stage_songs', 'scheduled__2023-01-03T16:00:00+00:00', '--job-id', '2351', '--raw', '--subdir', 'DAGS_FOLDER/etl_pipeline.py', '--cfg-path', '/tmp/tmpabfcqixn']
[2025-07-24T17:27:05.975+0000] {standard_task_runner.py:88} INFO - Job 2351: Subtask Stage_songs
[2025-07-24T17:27:06.217+0000] {task_command.py:423} INFO - Running <TaskInstance: tune_stream_dag.Stage_songs scheduled__2023-01-03T16:00:00+00:00 [running]> on host 5def55d2a1b5
[2025-07-24T17:27:06.521+0000] {taskinstance.py:2480} INFO - Exporting env vars: AIRFLOW_CTX_DAG_OWNER='genz-legend' AIRFLOW_CTX_DAG_ID='tune_stream_dag' AIRFLOW_CTX_TASK_ID='Stage_songs' AIRFLOW_CTX_EXECUTION_DATE='2023-01-03T16:00:00+00:00' AIRFLOW_CTX_TRY_NUMBER='1' AIRFLOW_CTX_DAG_RUN_ID='scheduled__2023-01-03T16:00:00+00:00'
[2025-07-24T17:27:16.339+0000] {python.py:201} INFO - Done. Returned value was: None
[2025-07-24T17:27:16.440+0000] {taskinstance.py:1138} INFO - Marking task as SUCCESS. dag_id=tune_stream_dag, task_id=Stage_songs, execution_date=20230103T160000, start_date=20250724T172705, end_date=20250724T172716
[2025-07-24T17:27:16.572+0000] {local_task_job_runner.py:234} INFO - Task exited with return code 0
[2025-07-24T17:27:16.628+0000] {taskinstance.py:3280} INFO - 0 downstream tasks scheduled from follow-on schedule check
