[2025-07-22T10:03:47.344+0000] {taskinstance.py:1956} INFO - Dependencies all met for dep_context=non-requeueable deps ti=<TaskInstance: tune_stream_dag.Stage_songs scheduled__2023-01-01T12:00:00+00:00 [queued]>
[2025-07-22T10:03:47.463+0000] {taskinstance.py:1956} INFO - Dependencies all met for dep_context=requeueable deps ti=<TaskInstance: tune_stream_dag.Stage_songs scheduled__2023-01-01T12:00:00+00:00 [queued]>
[2025-07-22T10:03:47.464+0000] {taskinstance.py:2170} INFO - Starting attempt 1 of 4
[2025-07-22T10:03:47.691+0000] {taskinstance.py:2191} INFO - Executing <Task(PythonOperator): Stage_songs> on 2023-01-01 12:00:00+00:00
[2025-07-22T10:03:47.701+0000] {standard_task_runner.py:60} INFO - Started process 325 to run task
[2025-07-22T10:03:47.875+0000] {standard_task_runner.py:87} INFO - Running: ['***', 'tasks', 'run', 'tune_stream_dag', 'Stage_songs', 'scheduled__2023-01-01T12:00:00+00:00', '--job-id', '121', '--raw', '--subdir', 'DAGS_FOLDER/etl_pipeline.py', '--cfg-path', '/tmp/tmp205ed7b1']
[2025-07-22T10:03:47.931+0000] {standard_task_runner.py:88} INFO - Job 121: Subtask Stage_songs
[2025-07-22T10:03:48.800+0000] {task_command.py:423} INFO - Running <TaskInstance: tune_stream_dag.Stage_songs scheduled__2023-01-01T12:00:00+00:00 [running]> on host a2a13a541787
[2025-07-22T10:03:49.383+0000] {taskinstance.py:2480} INFO - Exporting env vars: AIRFLOW_CTX_DAG_OWNER='genz-legend' AIRFLOW_CTX_DAG_ID='tune_stream_dag' AIRFLOW_CTX_TASK_ID='Stage_songs' AIRFLOW_CTX_EXECUTION_DATE='2023-01-01T12:00:00+00:00' AIRFLOW_CTX_TRY_NUMBER='1' AIRFLOW_CTX_DAG_RUN_ID='scheduled__2023-01-01T12:00:00+00:00'
[2025-07-22T10:03:53.537+0000] {python.py:201} INFO - Done. Returned value was: None
[2025-07-22T10:03:53.573+0000] {taskinstance.py:1138} INFO - Marking task as SUCCESS. dag_id=tune_stream_dag, task_id=Stage_songs, execution_date=20230101T120000, start_date=20250722T100347, end_date=20250722T100353
[2025-07-22T10:03:53.743+0000] {local_task_job_runner.py:234} INFO - Task exited with return code 0
[2025-07-22T10:04:46.694+0000] {taskinstance.py:3280} INFO - 0 downstream tasks scheduled from follow-on schedule check
[2025-07-24T15:31:03.781+0000] {taskinstance.py:1956} INFO - Dependencies all met for dep_context=non-requeueable deps ti=<TaskInstance: tune_stream_dag.Stage_songs scheduled__2023-01-01T12:00:00+00:00 [queued]>
[2025-07-24T15:31:03.788+0000] {taskinstance.py:1956} INFO - Dependencies all met for dep_context=requeueable deps ti=<TaskInstance: tune_stream_dag.Stage_songs scheduled__2023-01-01T12:00:00+00:00 [queued]>
[2025-07-24T15:31:03.789+0000] {taskinstance.py:2170} INFO - Starting attempt 1 of 4
[2025-07-24T15:31:03.876+0000] {taskinstance.py:2191} INFO - Executing <Task(PythonOperator): Stage_songs> on 2023-01-01 12:00:00+00:00
[2025-07-24T15:31:03.896+0000] {standard_task_runner.py:60} INFO - Started process 198 to run task
[2025-07-24T15:31:03.907+0000] {standard_task_runner.py:87} INFO - Running: ['***', 'tasks', 'run', 'tune_stream_dag', 'Stage_songs', 'scheduled__2023-01-01T12:00:00+00:00', '--job-id', '984', '--raw', '--subdir', 'DAGS_FOLDER/etl_pipeline.py', '--cfg-path', '/tmp/tmpx_gcal8e']
[2025-07-24T15:31:03.916+0000] {standard_task_runner.py:88} INFO - Job 984: Subtask Stage_songs
[2025-07-24T15:31:04.066+0000] {task_command.py:423} INFO - Running <TaskInstance: tune_stream_dag.Stage_songs scheduled__2023-01-01T12:00:00+00:00 [running]> on host c53547d84df1
[2025-07-24T15:31:04.205+0000] {taskinstance.py:2480} INFO - Exporting env vars: AIRFLOW_CTX_DAG_OWNER='genz-legend' AIRFLOW_CTX_DAG_ID='tune_stream_dag' AIRFLOW_CTX_TASK_ID='Stage_songs' AIRFLOW_CTX_EXECUTION_DATE='2023-01-01T12:00:00+00:00' AIRFLOW_CTX_TRY_NUMBER='1' AIRFLOW_CTX_DAG_RUN_ID='scheduled__2023-01-01T12:00:00+00:00'
[2025-07-24T15:31:05.112+0000] {python.py:201} INFO - Done. Returned value was: None
[2025-07-24T15:31:05.127+0000] {taskinstance.py:1138} INFO - Marking task as SUCCESS. dag_id=tune_stream_dag, task_id=Stage_songs, execution_date=20230101T120000, start_date=20250724T153103, end_date=20250724T153105
[2025-07-24T15:31:05.779+0000] {local_task_job_runner.py:234} INFO - Task exited with return code 0
[2025-07-24T15:31:05.805+0000] {taskinstance.py:3280} INFO - 0 downstream tasks scheduled from follow-on schedule check
[2025-07-24T16:15:16.668+0000] {taskinstance.py:1956} INFO - Dependencies all met for dep_context=non-requeueable deps ti=<TaskInstance: tune_stream_dag.Stage_songs scheduled__2023-01-01T12:00:00+00:00 [queued]>
[2025-07-24T16:15:16.734+0000] {taskinstance.py:1956} INFO - Dependencies all met for dep_context=requeueable deps ti=<TaskInstance: tune_stream_dag.Stage_songs scheduled__2023-01-01T12:00:00+00:00 [queued]>
[2025-07-24T16:15:16.735+0000] {taskinstance.py:2170} INFO - Starting attempt 1 of 4
[2025-07-24T16:15:16.791+0000] {taskinstance.py:2191} INFO - Executing <Task(PythonOperator): Stage_songs> on 2023-01-01 12:00:00+00:00
[2025-07-24T16:15:16.807+0000] {standard_task_runner.py:60} INFO - Started process 238 to run task
[2025-07-24T16:15:16.810+0000] {standard_task_runner.py:87} INFO - Running: ['***', 'tasks', 'run', 'tune_stream_dag', 'Stage_songs', 'scheduled__2023-01-01T12:00:00+00:00', '--job-id', '1379', '--raw', '--subdir', 'DAGS_FOLDER/etl_pipeline.py', '--cfg-path', '/tmp/tmprd2qwxbe']
[2025-07-24T16:15:16.866+0000] {standard_task_runner.py:88} INFO - Job 1379: Subtask Stage_songs
[2025-07-24T16:15:17.294+0000] {task_command.py:423} INFO - Running <TaskInstance: tune_stream_dag.Stage_songs scheduled__2023-01-01T12:00:00+00:00 [running]> on host c53547d84df1
[2025-07-24T16:15:17.484+0000] {taskinstance.py:2480} INFO - Exporting env vars: AIRFLOW_CTX_DAG_OWNER='genz-legend' AIRFLOW_CTX_DAG_ID='tune_stream_dag' AIRFLOW_CTX_TASK_ID='Stage_songs' AIRFLOW_CTX_EXECUTION_DATE='2023-01-01T12:00:00+00:00' AIRFLOW_CTX_TRY_NUMBER='1' AIRFLOW_CTX_DAG_RUN_ID='scheduled__2023-01-01T12:00:00+00:00'
[2025-07-24T16:15:27.116+0000] {python.py:201} INFO - Done. Returned value was: None
[2025-07-24T16:15:27.172+0000] {taskinstance.py:1138} INFO - Marking task as SUCCESS. dag_id=tune_stream_dag, task_id=Stage_songs, execution_date=20230101T120000, start_date=20250724T161516, end_date=20250724T161527
[2025-07-24T16:15:27.473+0000] {local_task_job_runner.py:234} INFO - Task exited with return code 0
[2025-07-24T16:15:27.531+0000] {taskinstance.py:3280} INFO - 0 downstream tasks scheduled from follow-on schedule check
[2025-07-24T16:55:09.568+0000] {taskinstance.py:1956} INFO - Dependencies all met for dep_context=non-requeueable deps ti=<TaskInstance: tune_stream_dag.Stage_songs scheduled__2023-01-01T12:00:00+00:00 [queued]>
[2025-07-24T16:55:09.639+0000] {taskinstance.py:1956} INFO - Dependencies all met for dep_context=requeueable deps ti=<TaskInstance: tune_stream_dag.Stage_songs scheduled__2023-01-01T12:00:00+00:00 [queued]>
[2025-07-24T16:55:09.650+0000] {taskinstance.py:2170} INFO - Starting attempt 1 of 4
[2025-07-24T16:55:09.691+0000] {taskinstance.py:2191} INFO - Executing <Task(PythonOperator): Stage_songs> on 2023-01-01 12:00:00+00:00
[2025-07-24T16:55:09.712+0000] {standard_task_runner.py:60} INFO - Started process 223 to run task
[2025-07-24T16:55:09.722+0000] {standard_task_runner.py:87} INFO - Running: ['***', 'tasks', 'run', 'tune_stream_dag', 'Stage_songs', 'scheduled__2023-01-01T12:00:00+00:00', '--job-id', '1771', '--raw', '--subdir', 'DAGS_FOLDER/etl_pipeline.py', '--cfg-path', '/tmp/tmpl04mnr61']
[2025-07-24T16:55:09.730+0000] {standard_task_runner.py:88} INFO - Job 1771: Subtask Stage_songs
[2025-07-24T16:55:09.921+0000] {task_command.py:423} INFO - Running <TaskInstance: tune_stream_dag.Stage_songs scheduled__2023-01-01T12:00:00+00:00 [running]> on host 5def55d2a1b5
[2025-07-24T16:55:10.129+0000] {taskinstance.py:2480} INFO - Exporting env vars: AIRFLOW_CTX_DAG_OWNER='genz-legend' AIRFLOW_CTX_DAG_ID='tune_stream_dag' AIRFLOW_CTX_TASK_ID='Stage_songs' AIRFLOW_CTX_EXECUTION_DATE='2023-01-01T12:00:00+00:00' AIRFLOW_CTX_TRY_NUMBER='1' AIRFLOW_CTX_DAG_RUN_ID='scheduled__2023-01-01T12:00:00+00:00'
[2025-07-24T16:55:12.074+0000] {python.py:201} INFO - Done. Returned value was: None
[2025-07-24T16:55:12.088+0000] {taskinstance.py:1138} INFO - Marking task as SUCCESS. dag_id=tune_stream_dag, task_id=Stage_songs, execution_date=20230101T120000, start_date=20250724T165509, end_date=20250724T165512
[2025-07-24T16:55:12.369+0000] {local_task_job_runner.py:234} INFO - Task exited with return code 0
[2025-07-24T16:55:12.400+0000] {taskinstance.py:3280} INFO - 0 downstream tasks scheduled from follow-on schedule check
