[2025-07-24T14:29:55.325+0000] {taskinstance.py:1956} INFO - Dependencies all met for dep_context=non-requeueable deps ti=<TaskInstance: tune_stream_dag.Stage_events scheduled__2023-01-03T20:00:00+00:00 [queued]>
[2025-07-24T14:29:55.346+0000] {taskinstance.py:1956} INFO - Dependencies all met for dep_context=requeueable deps ti=<TaskInstance: tune_stream_dag.Stage_events scheduled__2023-01-03T20:00:00+00:00 [queued]>
[2025-07-24T14:29:55.352+0000] {taskinstance.py:2170} INFO - Starting attempt 1 of 4
[2025-07-24T14:29:55.411+0000] {taskinstance.py:2191} INFO - Executing <Task(PythonOperator): Stage_events> on 2023-01-03 20:00:00+00:00
[2025-07-24T14:29:55.536+0000] {standard_task_runner.py:60} INFO - Started process 883 to run task
[2025-07-24T14:29:55.568+0000] {standard_task_runner.py:87} INFO - Running: ['***', 'tasks', 'run', 'tune_stream_dag', 'Stage_events', 'scheduled__2023-01-03T20:00:00+00:00', '--job-id', '568', '--raw', '--subdir', 'DAGS_FOLDER/etl_pipeline.py', '--cfg-path', '/tmp/tmpv_lnf0vw']
[2025-07-24T14:29:55.619+0000] {standard_task_runner.py:88} INFO - Job 568: Subtask Stage_events
[2025-07-24T14:29:55.938+0000] {task_command.py:423} INFO - Running <TaskInstance: tune_stream_dag.Stage_events scheduled__2023-01-03T20:00:00+00:00 [running]> on host aea62fae55be
[2025-07-24T14:29:56.275+0000] {taskinstance.py:2480} INFO - Exporting env vars: AIRFLOW_CTX_DAG_OWNER='genz-legend' AIRFLOW_CTX_DAG_ID='tune_stream_dag' AIRFLOW_CTX_TASK_ID='Stage_events' AIRFLOW_CTX_EXECUTION_DATE='2023-01-03T20:00:00+00:00' AIRFLOW_CTX_TRY_NUMBER='1' AIRFLOW_CTX_DAG_RUN_ID='scheduled__2023-01-03T20:00:00+00:00'
[2025-07-24T14:30:03.194+0000] {python.py:201} INFO - Done. Returned value was: None
[2025-07-24T14:30:03.245+0000] {taskinstance.py:1138} INFO - Marking task as SUCCESS. dag_id=tune_stream_dag, task_id=Stage_events, execution_date=20230103T200000, start_date=20250724T142955, end_date=20250724T143003
[2025-07-24T14:30:04.642+0000] {local_task_job_runner.py:234} INFO - Task exited with return code 0
[2025-07-24T14:30:04.788+0000] {taskinstance.py:3280} INFO - 1 downstream tasks scheduled from follow-on schedule check
[2025-07-24T17:27:18.398+0000] {taskinstance.py:1956} INFO - Dependencies all met for dep_context=non-requeueable deps ti=<TaskInstance: tune_stream_dag.Stage_events scheduled__2023-01-03T20:00:00+00:00 [queued]>
[2025-07-24T17:27:18.412+0000] {taskinstance.py:1956} INFO - Dependencies all met for dep_context=requeueable deps ti=<TaskInstance: tune_stream_dag.Stage_events scheduled__2023-01-03T20:00:00+00:00 [queued]>
[2025-07-24T17:27:18.413+0000] {taskinstance.py:2170} INFO - Starting attempt 1 of 4
[2025-07-24T17:27:18.442+0000] {taskinstance.py:2191} INFO - Executing <Task(PythonOperator): Stage_events> on 2023-01-03 20:00:00+00:00
[2025-07-24T17:27:18.458+0000] {standard_task_runner.py:60} INFO - Started process 2412 to run task
[2025-07-24T17:27:18.462+0000] {standard_task_runner.py:87} INFO - Running: ['***', 'tasks', 'run', 'tune_stream_dag', 'Stage_events', 'scheduled__2023-01-03T20:00:00+00:00', '--job-id', '2357', '--raw', '--subdir', 'DAGS_FOLDER/etl_pipeline.py', '--cfg-path', '/tmp/tmpt_igark3']
[2025-07-24T17:27:18.466+0000] {standard_task_runner.py:88} INFO - Job 2357: Subtask Stage_events
[2025-07-24T17:27:18.603+0000] {task_command.py:423} INFO - Running <TaskInstance: tune_stream_dag.Stage_events scheduled__2023-01-03T20:00:00+00:00 [running]> on host 5def55d2a1b5
[2025-07-24T17:27:18.870+0000] {taskinstance.py:2480} INFO - Exporting env vars: AIRFLOW_CTX_DAG_OWNER='genz-legend' AIRFLOW_CTX_DAG_ID='tune_stream_dag' AIRFLOW_CTX_TASK_ID='Stage_events' AIRFLOW_CTX_EXECUTION_DATE='2023-01-03T20:00:00+00:00' AIRFLOW_CTX_TRY_NUMBER='1' AIRFLOW_CTX_DAG_RUN_ID='scheduled__2023-01-03T20:00:00+00:00'
[2025-07-24T17:27:54.287+0000] {python.py:201} INFO - Done. Returned value was: None
[2025-07-24T17:27:54.407+0000] {taskinstance.py:1138} INFO - Marking task as SUCCESS. dag_id=tune_stream_dag, task_id=Stage_events, execution_date=20230103T200000, start_date=20250724T172718, end_date=20250724T172754
[2025-07-24T17:27:54.495+0000] {local_task_job_runner.py:234} INFO - Task exited with return code 0
[2025-07-24T17:27:54.603+0000] {taskinstance.py:3280} INFO - 1 downstream tasks scheduled from follow-on schedule check
