[2025-07-24T16:42:24.259+0000] {taskinstance.py:1956} INFO - Dependencies all met for dep_context=non-requeueable deps ti=<TaskInstance: tune_stream_dag.Load_user_dim_table scheduled__2023-01-02T06:00:00+00:00 [queued]>
[2025-07-24T16:42:24.276+0000] {taskinstance.py:1956} INFO - Dependencies all met for dep_context=requeueable deps ti=<TaskInstance: tune_stream_dag.Load_user_dim_table scheduled__2023-01-02T06:00:00+00:00 [queued]>
[2025-07-24T16:42:24.277+0000] {taskinstance.py:2170} INFO - Starting attempt 2 of 4
[2025-07-24T16:42:24.317+0000] {taskinstance.py:2191} INFO - Executing <Task(PythonOperator): Load_user_dim_table> on 2023-01-02 06:00:00+00:00
[2025-07-24T16:42:24.381+0000] {standard_task_runner.py:60} INFO - Started process 192 to run task
[2025-07-24T16:42:24.388+0000] {standard_task_runner.py:87} INFO - Running: ['***', 'tasks', 'run', 'tune_stream_dag', 'Load_user_dim_table', 'scheduled__2023-01-02T06:00:00+00:00', '--job-id', '1709', '--raw', '--subdir', 'DAGS_FOLDER/etl_pipeline.py', '--cfg-path', '/tmp/tmp73qy1pr_']
[2025-07-24T16:42:24.398+0000] {standard_task_runner.py:88} INFO - Job 1709: Subtask Load_user_dim_table
[2025-07-24T16:42:24.579+0000] {task_command.py:423} INFO - Running <TaskInstance: tune_stream_dag.Load_user_dim_table scheduled__2023-01-02T06:00:00+00:00 [running]> on host 5def55d2a1b5
[2025-07-24T16:42:24.745+0000] {taskinstance.py:2480} INFO - Exporting env vars: AIRFLOW_CTX_DAG_OWNER='genz-legend' AIRFLOW_CTX_DAG_ID='tune_stream_dag' AIRFLOW_CTX_TASK_ID='Load_user_dim_table' AIRFLOW_CTX_EXECUTION_DATE='2023-01-02T06:00:00+00:00' AIRFLOW_CTX_TRY_NUMBER='2' AIRFLOW_CTX_DAG_RUN_ID='scheduled__2023-01-02T06:00:00+00:00'
[2025-07-24T16:42:24.777+0000] {taskinstance.py:2698} ERROR - Task failed with exception
Traceback (most recent call last):
  File "/home/airflow/.local/lib/python3.8/site-packages/airflow/models/taskinstance.py", line 433, in _execute_task
    result = execute_callable(context=context, **execute_callable_kwargs)
  File "/home/airflow/.local/lib/python3.8/site-packages/airflow/operators/python.py", line 199, in execute
    return_value = self.execute_callable()
  File "/home/airflow/.local/lib/python3.8/site-packages/airflow/operators/python.py", line 216, in execute_callable
    return self.python_callable(*self.op_args, **self.op_kwargs)
  File "/opt/airflow/dags/etl_pipeline.py", line 179, in <lambda>
    python_callable=lambda: load_table(SqlQueries.user_table_insert, 'users'),
  File "/opt/airflow/dags/etl_pipeline.py", line 132, in load_table
    cur.execute(f"INSERT INTO {table} {query}")
psycopg2.errors.UniqueViolation: duplicate key value violates unique constraint "users_pkey"
DETAIL:  Key (userid)=(88) already exists.

[2025-07-24T16:42:24.802+0000] {taskinstance.py:1138} INFO - Marking task as UP_FOR_RETRY. dag_id=tune_stream_dag, task_id=Load_user_dim_table, execution_date=20230102T060000, start_date=20250724T164224, end_date=20250724T164224
[2025-07-24T16:42:24.826+0000] {standard_task_runner.py:107} ERROR - Failed to execute job 1709 for task Load_user_dim_table (duplicate key value violates unique constraint "users_pkey"
DETAIL:  Key (userid)=(88) already exists.
; 192)
[2025-07-24T16:42:24.886+0000] {local_task_job_runner.py:234} INFO - Task exited with return code 1
[2025-07-24T16:42:24.932+0000] {taskinstance.py:3280} INFO - 0 downstream tasks scheduled from follow-on schedule check
[2025-07-24T17:21:18.195+0000] {taskinstance.py:1956} INFO - Dependencies all met for dep_context=non-requeueable deps ti=<TaskInstance: tune_stream_dag.Load_user_dim_table scheduled__2023-01-02T06:00:00+00:00 [queued]>
[2025-07-24T17:21:18.237+0000] {taskinstance.py:1956} INFO - Dependencies all met for dep_context=requeueable deps ti=<TaskInstance: tune_stream_dag.Load_user_dim_table scheduled__2023-01-02T06:00:00+00:00 [queued]>
[2025-07-24T17:21:18.338+0000] {taskinstance.py:2170} INFO - Starting attempt 2 of 4
[2025-07-24T17:21:18.415+0000] {taskinstance.py:2191} INFO - Executing <Task(PythonOperator): Load_user_dim_table> on 2023-01-02 06:00:00+00:00
[2025-07-24T17:21:18.471+0000] {standard_task_runner.py:60} INFO - Started process 1887 to run task
[2025-07-24T17:21:18.482+0000] {standard_task_runner.py:87} INFO - Running: ['***', 'tasks', 'run', 'tune_stream_dag', 'Load_user_dim_table', 'scheduled__2023-01-02T06:00:00+00:00', '--job-id', '2197', '--raw', '--subdir', 'DAGS_FOLDER/etl_pipeline.py', '--cfg-path', '/tmp/tmpa2ouk627']
[2025-07-24T17:21:18.490+0000] {standard_task_runner.py:88} INFO - Job 2197: Subtask Load_user_dim_table
[2025-07-24T17:21:18.939+0000] {task_command.py:423} INFO - Running <TaskInstance: tune_stream_dag.Load_user_dim_table scheduled__2023-01-02T06:00:00+00:00 [running]> on host 5def55d2a1b5
[2025-07-24T17:21:19.402+0000] {taskinstance.py:2480} INFO - Exporting env vars: AIRFLOW_CTX_DAG_OWNER='genz-legend' AIRFLOW_CTX_DAG_ID='tune_stream_dag' AIRFLOW_CTX_TASK_ID='Load_user_dim_table' AIRFLOW_CTX_EXECUTION_DATE='2023-01-02T06:00:00+00:00' AIRFLOW_CTX_TRY_NUMBER='2' AIRFLOW_CTX_DAG_RUN_ID='scheduled__2023-01-02T06:00:00+00:00'
[2025-07-24T17:21:19.639+0000] {python.py:201} INFO - Done. Returned value was: None
[2025-07-24T17:21:19.663+0000] {taskinstance.py:1138} INFO - Marking task as SUCCESS. dag_id=tune_stream_dag, task_id=Load_user_dim_table, execution_date=20230102T060000, start_date=20250724T172118, end_date=20250724T172119
[2025-07-24T17:21:19.750+0000] {local_task_job_runner.py:234} INFO - Task exited with return code 0
[2025-07-24T17:21:19.813+0000] {taskinstance.py:3280} INFO - 0 downstream tasks scheduled from follow-on schedule check
