[2025-07-24T14:29:08.682+0000] {taskinstance.py:1956} INFO - Dependencies all met for dep_context=non-requeueable deps ti=<TaskInstance: tune_stream_dag.Stage_songs scheduled__2023-01-03T13:00:00+00:00 [queued]>
[2025-07-24T14:29:08.694+0000] {taskinstance.py:1956} INFO - Dependencies all met for dep_context=requeueable deps ti=<TaskInstance: tune_stream_dag.Stage_songs scheduled__2023-01-03T13:00:00+00:00 [queued]>
[2025-07-24T14:29:08.695+0000] {taskinstance.py:2170} INFO - Starting attempt 1 of 4
[2025-07-24T14:29:08.716+0000] {taskinstance.py:2191} INFO - Executing <Task(PythonOperator): Stage_songs> on 2023-01-03 13:00:00+00:00
[2025-07-24T14:29:08.727+0000] {standard_task_runner.py:60} INFO - Started process 767 to run task
[2025-07-24T14:29:08.733+0000] {standard_task_runner.py:87} INFO - Running: ['***', 'tasks', 'run', 'tune_stream_dag', 'Stage_songs', 'scheduled__2023-01-03T13:00:00+00:00', '--job-id', '538', '--raw', '--subdir', 'DAGS_FOLDER/etl_pipeline.py', '--cfg-path', '/tmp/tmps_hvbaiy']
[2025-07-24T14:29:08.737+0000] {standard_task_runner.py:88} INFO - Job 538: Subtask Stage_songs
[2025-07-24T14:29:08.817+0000] {task_command.py:423} INFO - Running <TaskInstance: tune_stream_dag.Stage_songs scheduled__2023-01-03T13:00:00+00:00 [running]> on host aea62fae55be
[2025-07-24T14:29:08.905+0000] {taskinstance.py:2480} INFO - Exporting env vars: AIRFLOW_CTX_DAG_OWNER='genz-legend' AIRFLOW_CTX_DAG_ID='tune_stream_dag' AIRFLOW_CTX_TASK_ID='Stage_songs' AIRFLOW_CTX_EXECUTION_DATE='2023-01-03T13:00:00+00:00' AIRFLOW_CTX_TRY_NUMBER='1' AIRFLOW_CTX_DAG_RUN_ID='scheduled__2023-01-03T13:00:00+00:00'
[2025-07-24T14:29:09.494+0000] {python.py:201} INFO - Done. Returned value was: None
[2025-07-24T14:29:09.507+0000] {taskinstance.py:1138} INFO - Marking task as SUCCESS. dag_id=tune_stream_dag, task_id=Stage_songs, execution_date=20230103T130000, start_date=20250724T142908, end_date=20250724T142909
[2025-07-24T14:29:09.548+0000] {local_task_job_runner.py:234} INFO - Task exited with return code 0
[2025-07-24T14:29:09.579+0000] {taskinstance.py:3280} INFO - 0 downstream tasks scheduled from follow-on schedule check
[2025-07-24T17:27:03.791+0000] {taskinstance.py:1956} INFO - Dependencies all met for dep_context=non-requeueable deps ti=<TaskInstance: tune_stream_dag.Stage_songs scheduled__2023-01-03T13:00:00+00:00 [queued]>
[2025-07-24T17:27:03.809+0000] {taskinstance.py:1956} INFO - Dependencies all met for dep_context=requeueable deps ti=<TaskInstance: tune_stream_dag.Stage_songs scheduled__2023-01-03T13:00:00+00:00 [queued]>
[2025-07-24T17:27:03.811+0000] {taskinstance.py:2170} INFO - Starting attempt 1 of 4
[2025-07-24T17:27:03.842+0000] {taskinstance.py:2191} INFO - Executing <Task(PythonOperator): Stage_songs> on 2023-01-03 13:00:00+00:00
[2025-07-24T17:27:03.863+0000] {standard_task_runner.py:60} INFO - Started process 2379 to run task
[2025-07-24T17:27:03.872+0000] {standard_task_runner.py:87} INFO - Running: ['***', 'tasks', 'run', 'tune_stream_dag', 'Stage_songs', 'scheduled__2023-01-03T13:00:00+00:00', '--job-id', '2344', '--raw', '--subdir', 'DAGS_FOLDER/etl_pipeline.py', '--cfg-path', '/tmp/tmp6owj2x31']
[2025-07-24T17:27:03.880+0000] {standard_task_runner.py:88} INFO - Job 2344: Subtask Stage_songs
[2025-07-24T17:27:04.117+0000] {task_command.py:423} INFO - Running <TaskInstance: tune_stream_dag.Stage_songs scheduled__2023-01-03T13:00:00+00:00 [running]> on host 5def55d2a1b5
[2025-07-24T17:27:04.501+0000] {taskinstance.py:2480} INFO - Exporting env vars: AIRFLOW_CTX_DAG_OWNER='genz-legend' AIRFLOW_CTX_DAG_ID='tune_stream_dag' AIRFLOW_CTX_TASK_ID='Stage_songs' AIRFLOW_CTX_EXECUTION_DATE='2023-01-03T13:00:00+00:00' AIRFLOW_CTX_TRY_NUMBER='1' AIRFLOW_CTX_DAG_RUN_ID='scheduled__2023-01-03T13:00:00+00:00'
[2025-07-24T17:27:12.649+0000] {python.py:201} INFO - Done. Returned value was: None
[2025-07-24T17:27:12.826+0000] {taskinstance.py:1138} INFO - Marking task as SUCCESS. dag_id=tune_stream_dag, task_id=Stage_songs, execution_date=20230103T130000, start_date=20250724T172703, end_date=20250724T172712
[2025-07-24T17:27:13.438+0000] {local_task_job_runner.py:234} INFO - Task exited with return code 0
[2025-07-24T17:27:13.744+0000] {taskinstance.py:3280} INFO - 0 downstream tasks scheduled from follow-on schedule check
