[2025-07-24T16:05:04.099+0000] {taskinstance.py:1956} INFO - Dependencies all met for dep_context=non-requeueable deps ti=<TaskInstance: tune_stream_dag.Load_song_dim_table scheduled__2023-01-02T07:00:00+00:00 [queued]>
[2025-07-24T16:05:04.116+0000] {taskinstance.py:1956} INFO - Dependencies all met for dep_context=requeueable deps ti=<TaskInstance: tune_stream_dag.Load_song_dim_table scheduled__2023-01-02T07:00:00+00:00 [queued]>
[2025-07-24T16:05:04.117+0000] {taskinstance.py:2170} INFO - Starting attempt 1 of 4
[2025-07-24T16:05:04.137+0000] {taskinstance.py:2191} INFO - Executing <Task(PythonOperator): Load_song_dim_table> on 2023-01-02 07:00:00+00:00
[2025-07-24T16:05:04.149+0000] {standard_task_runner.py:60} INFO - Started process 1734 to run task
[2025-07-24T16:05:04.153+0000] {standard_task_runner.py:87} INFO - Running: ['***', 'tasks', 'run', 'tune_stream_dag', 'Load_song_dim_table', 'scheduled__2023-01-02T07:00:00+00:00', '--job-id', '1333', '--raw', '--subdir', 'DAGS_FOLDER/etl_pipeline.py', '--cfg-path', '/tmp/tmpd5d_5acf']
[2025-07-24T16:05:04.156+0000] {standard_task_runner.py:88} INFO - Job 1333: Subtask Load_song_dim_table
[2025-07-24T16:05:04.222+0000] {task_command.py:423} INFO - Running <TaskInstance: tune_stream_dag.Load_song_dim_table scheduled__2023-01-02T07:00:00+00:00 [running]> on host c53547d84df1
[2025-07-24T16:05:04.312+0000] {taskinstance.py:2480} INFO - Exporting env vars: AIRFLOW_CTX_DAG_OWNER='genz-legend' AIRFLOW_CTX_DAG_ID='tune_stream_dag' AIRFLOW_CTX_TASK_ID='Load_song_dim_table' AIRFLOW_CTX_EXECUTION_DATE='2023-01-02T07:00:00+00:00' AIRFLOW_CTX_TRY_NUMBER='1' AIRFLOW_CTX_DAG_RUN_ID='scheduled__2023-01-02T07:00:00+00:00'
[2025-07-24T16:05:04.325+0000] {python.py:201} INFO - Done. Returned value was: None
[2025-07-24T16:05:04.337+0000] {taskinstance.py:1138} INFO - Marking task as SUCCESS. dag_id=tune_stream_dag, task_id=Load_song_dim_table, execution_date=20230102T070000, start_date=20250724T160504, end_date=20250724T160504
[2025-07-24T16:05:04.368+0000] {local_task_job_runner.py:234} INFO - Task exited with return code 0
[2025-07-24T16:05:04.392+0000] {taskinstance.py:3280} INFO - 0 downstream tasks scheduled from follow-on schedule check
[2025-07-24T17:17:51.828+0000] {taskinstance.py:1956} INFO - Dependencies all met for dep_context=non-requeueable deps ti=<TaskInstance: tune_stream_dag.Load_song_dim_table scheduled__2023-01-02T07:00:00+00:00 [queued]>
[2025-07-24T17:17:51.843+0000] {taskinstance.py:1956} INFO - Dependencies all met for dep_context=requeueable deps ti=<TaskInstance: tune_stream_dag.Load_song_dim_table scheduled__2023-01-02T07:00:00+00:00 [queued]>
[2025-07-24T17:17:51.844+0000] {taskinstance.py:2170} INFO - Starting attempt 1 of 4
[2025-07-24T17:17:51.865+0000] {taskinstance.py:2191} INFO - Executing <Task(PythonOperator): Load_song_dim_table> on 2023-01-02 07:00:00+00:00
[2025-07-24T17:17:51.878+0000] {standard_task_runner.py:60} INFO - Started process 1483 to run task
[2025-07-24T17:17:51.886+0000] {standard_task_runner.py:87} INFO - Running: ['***', 'tasks', 'run', 'tune_stream_dag', 'Load_song_dim_table', 'scheduled__2023-01-02T07:00:00+00:00', '--job-id', '2081', '--raw', '--subdir', 'DAGS_FOLDER/etl_pipeline.py', '--cfg-path', '/tmp/tmpilo6ao6a']
[2025-07-24T17:17:51.893+0000] {standard_task_runner.py:88} INFO - Job 2081: Subtask Load_song_dim_table
[2025-07-24T17:17:52.078+0000] {task_command.py:423} INFO - Running <TaskInstance: tune_stream_dag.Load_song_dim_table scheduled__2023-01-02T07:00:00+00:00 [running]> on host 5def55d2a1b5
[2025-07-24T17:17:52.266+0000] {taskinstance.py:2480} INFO - Exporting env vars: AIRFLOW_CTX_DAG_OWNER='genz-legend' AIRFLOW_CTX_DAG_ID='tune_stream_dag' AIRFLOW_CTX_TASK_ID='Load_song_dim_table' AIRFLOW_CTX_EXECUTION_DATE='2023-01-02T07:00:00+00:00' AIRFLOW_CTX_TRY_NUMBER='1' AIRFLOW_CTX_DAG_RUN_ID='scheduled__2023-01-02T07:00:00+00:00'
[2025-07-24T17:17:52.298+0000] {python.py:201} INFO - Done. Returned value was: None
[2025-07-24T17:17:52.316+0000] {taskinstance.py:1138} INFO - Marking task as SUCCESS. dag_id=tune_stream_dag, task_id=Load_song_dim_table, execution_date=20230102T070000, start_date=20250724T171751, end_date=20250724T171752
[2025-07-24T17:17:52.381+0000] {local_task_job_runner.py:234} INFO - Task exited with return code 0
[2025-07-24T17:17:52.422+0000] {taskinstance.py:3280} INFO - 0 downstream tasks scheduled from follow-on schedule check
