[2025-07-24T15:26:56.602+0000] {taskinstance.py:1956} INFO - Dependencies all met for dep_context=non-requeueable deps ti=<TaskInstance: tune_stream_dag.Stage_songs scheduled__2023-01-05T12:00:00+00:00 [queued]>
[2025-07-24T15:26:56.611+0000] {taskinstance.py:1956} INFO - Dependencies all met for dep_context=requeueable deps ti=<TaskInstance: tune_stream_dag.Stage_songs scheduled__2023-01-05T12:00:00+00:00 [queued]>
[2025-07-24T15:26:56.612+0000] {taskinstance.py:2170} INFO - Starting attempt 1 of 4
[2025-07-24T15:26:56.637+0000] {taskinstance.py:2191} INFO - Executing <Task(PythonOperator): Stage_songs> on 2023-01-05 12:00:00+00:00
[2025-07-24T15:26:56.642+0000] {standard_task_runner.py:60} INFO - Started process 235 to run task
[2025-07-24T15:26:56.647+0000] {standard_task_runner.py:87} INFO - Running: ['***', 'tasks', 'run', 'tune_stream_dag', 'Stage_songs', 'scheduled__2023-01-05T12:00:00+00:00', '--job-id', '929', '--raw', '--subdir', 'DAGS_FOLDER/etl_pipeline.py', '--cfg-path', '/tmp/tmp1t_q27t3']
[2025-07-24T15:26:56.650+0000] {standard_task_runner.py:88} INFO - Job 929: Subtask Stage_songs
[2025-07-24T15:26:56.732+0000] {task_command.py:423} INFO - Running <TaskInstance: tune_stream_dag.Stage_songs scheduled__2023-01-05T12:00:00+00:00 [running]> on host c53547d84df1
[2025-07-24T15:26:56.815+0000] {taskinstance.py:2480} INFO - Exporting env vars: AIRFLOW_CTX_DAG_OWNER='genz-legend' AIRFLOW_CTX_DAG_ID='tune_stream_dag' AIRFLOW_CTX_TASK_ID='Stage_songs' AIRFLOW_CTX_EXECUTION_DATE='2023-01-05T12:00:00+00:00' AIRFLOW_CTX_TRY_NUMBER='1' AIRFLOW_CTX_DAG_RUN_ID='scheduled__2023-01-05T12:00:00+00:00'
[2025-07-24T15:26:57.815+0000] {python.py:201} INFO - Done. Returned value was: None
[2025-07-24T15:26:57.827+0000] {taskinstance.py:1138} INFO - Marking task as SUCCESS. dag_id=tune_stream_dag, task_id=Stage_songs, execution_date=20230105T120000, start_date=20250724T152656, end_date=20250724T152657
[2025-07-24T15:26:57.864+0000] {local_task_job_runner.py:234} INFO - Task exited with return code 0
[2025-07-24T15:26:57.891+0000] {taskinstance.py:3280} INFO - 0 downstream tasks scheduled from follow-on schedule check
[2025-07-24T17:34:01.011+0000] {taskinstance.py:1956} INFO - Dependencies all met for dep_context=non-requeueable deps ti=<TaskInstance: tune_stream_dag.Stage_songs scheduled__2023-01-05T12:00:00+00:00 [queued]>
[2025-07-24T17:34:01.083+0000] {taskinstance.py:1956} INFO - Dependencies all met for dep_context=requeueable deps ti=<TaskInstance: tune_stream_dag.Stage_songs scheduled__2023-01-05T12:00:00+00:00 [queued]>
[2025-07-24T17:34:01.094+0000] {taskinstance.py:2170} INFO - Starting attempt 1 of 4
[2025-07-24T17:34:01.205+0000] {taskinstance.py:2191} INFO - Executing <Task(PythonOperator): Stage_songs> on 2023-01-05 12:00:00+00:00
[2025-07-24T17:34:01.244+0000] {standard_task_runner.py:60} INFO - Started process 3611 to run task
[2025-07-24T17:34:01.262+0000] {standard_task_runner.py:87} INFO - Running: ['***', 'tasks', 'run', 'tune_stream_dag', 'Stage_songs', 'scheduled__2023-01-05T12:00:00+00:00', '--job-id', '2726', '--raw', '--subdir', 'DAGS_FOLDER/etl_pipeline.py', '--cfg-path', '/tmp/tmpzdbocr4r']
[2025-07-24T17:34:01.282+0000] {standard_task_runner.py:88} INFO - Job 2726: Subtask Stage_songs
[2025-07-24T17:34:02.014+0000] {task_command.py:423} INFO - Running <TaskInstance: tune_stream_dag.Stage_songs scheduled__2023-01-05T12:00:00+00:00 [running]> on host 5def55d2a1b5
[2025-07-24T17:34:03.281+0000] {taskinstance.py:2480} INFO - Exporting env vars: AIRFLOW_CTX_DAG_OWNER='genz-legend' AIRFLOW_CTX_DAG_ID='tune_stream_dag' AIRFLOW_CTX_TASK_ID='Stage_songs' AIRFLOW_CTX_EXECUTION_DATE='2023-01-05T12:00:00+00:00' AIRFLOW_CTX_TRY_NUMBER='1' AIRFLOW_CTX_DAG_RUN_ID='scheduled__2023-01-05T12:00:00+00:00'
[2025-07-24T17:34:18.737+0000] {python.py:201} INFO - Done. Returned value was: None
[2025-07-24T17:34:18.892+0000] {taskinstance.py:1138} INFO - Marking task as SUCCESS. dag_id=tune_stream_dag, task_id=Stage_songs, execution_date=20230105T120000, start_date=20250724T173401, end_date=20250724T173418
[2025-07-24T17:34:18.978+0000] {local_task_job_runner.py:234} INFO - Task exited with return code 0
[2025-07-24T17:34:19.044+0000] {taskinstance.py:3280} INFO - 0 downstream tasks scheduled from follow-on schedule check
