[2025-07-24T14:45:46.294+0000] {taskinstance.py:1956} INFO - Dependencies all met for dep_context=non-requeueable deps ti=<TaskInstance: tune_stream_dag.Stage_songs scheduled__2023-01-04T08:00:00+00:00 [queued]>
[2025-07-24T14:45:46.327+0000] {taskinstance.py:1956} INFO - Dependencies all met for dep_context=requeueable deps ti=<TaskInstance: tune_stream_dag.Stage_songs scheduled__2023-01-04T08:00:00+00:00 [queued]>
[2025-07-24T14:45:46.331+0000] {taskinstance.py:2170} INFO - Starting attempt 1 of 4
[2025-07-24T14:45:46.733+0000] {taskinstance.py:2191} INFO - Executing <Task(PythonOperator): Stage_songs> on 2023-01-04 08:00:00+00:00
[2025-07-24T14:45:46.769+0000] {standard_task_runner.py:60} INFO - Started process 501 to run task
[2025-07-24T14:45:46.776+0000] {standard_task_runner.py:87} INFO - Running: ['***', 'tasks', 'run', 'tune_stream_dag', 'Stage_songs', 'scheduled__2023-01-04T08:00:00+00:00', '--job-id', '667', '--raw', '--subdir', 'DAGS_FOLDER/etl_pipeline.py', '--cfg-path', '/tmp/tmpccfjumbl']
[2025-07-24T14:45:46.791+0000] {standard_task_runner.py:88} INFO - Job 667: Subtask Stage_songs
[2025-07-24T14:45:47.009+0000] {task_command.py:423} INFO - Running <TaskInstance: tune_stream_dag.Stage_songs scheduled__2023-01-04T08:00:00+00:00 [running]> on host aea62fae55be
[2025-07-24T14:45:47.219+0000] {taskinstance.py:2480} INFO - Exporting env vars: AIRFLOW_CTX_DAG_OWNER='genz-legend' AIRFLOW_CTX_DAG_ID='tune_stream_dag' AIRFLOW_CTX_TASK_ID='Stage_songs' AIRFLOW_CTX_EXECUTION_DATE='2023-01-04T08:00:00+00:00' AIRFLOW_CTX_TRY_NUMBER='1' AIRFLOW_CTX_DAG_RUN_ID='scheduled__2023-01-04T08:00:00+00:00'
[2025-07-24T14:45:53.032+0000] {python.py:201} INFO - Done. Returned value was: None
[2025-07-24T14:45:53.097+0000] {taskinstance.py:1138} INFO - Marking task as SUCCESS. dag_id=tune_stream_dag, task_id=Stage_songs, execution_date=20230104T080000, start_date=20250724T144546, end_date=20250724T144553
[2025-07-24T14:45:53.328+0000] {local_task_job_runner.py:234} INFO - Task exited with return code 0
[2025-07-24T14:45:53.465+0000] {taskinstance.py:3280} INFO - 0 downstream tasks scheduled from follow-on schedule check
[2025-07-24T17:29:55.018+0000] {taskinstance.py:1956} INFO - Dependencies all met for dep_context=non-requeueable deps ti=<TaskInstance: tune_stream_dag.Stage_songs scheduled__2023-01-04T08:00:00+00:00 [queued]>
[2025-07-24T17:29:55.028+0000] {taskinstance.py:1956} INFO - Dependencies all met for dep_context=requeueable deps ti=<TaskInstance: tune_stream_dag.Stage_songs scheduled__2023-01-04T08:00:00+00:00 [queued]>
[2025-07-24T17:29:55.028+0000] {taskinstance.py:2170} INFO - Starting attempt 1 of 4
[2025-07-24T17:29:55.052+0000] {taskinstance.py:2191} INFO - Executing <Task(PythonOperator): Stage_songs> on 2023-01-04 08:00:00+00:00
[2025-07-24T17:29:55.064+0000] {standard_task_runner.py:60} INFO - Started process 2820 to run task
[2025-07-24T17:29:55.068+0000] {standard_task_runner.py:87} INFO - Running: ['***', 'tasks', 'run', 'tune_stream_dag', 'Stage_songs', 'scheduled__2023-01-04T08:00:00+00:00', '--job-id', '2483', '--raw', '--subdir', 'DAGS_FOLDER/etl_pipeline.py', '--cfg-path', '/tmp/tmpbdhbmzdm']
[2025-07-24T17:29:55.072+0000] {standard_task_runner.py:88} INFO - Job 2483: Subtask Stage_songs
[2025-07-24T17:29:55.275+0000] {task_command.py:423} INFO - Running <TaskInstance: tune_stream_dag.Stage_songs scheduled__2023-01-04T08:00:00+00:00 [running]> on host 5def55d2a1b5
[2025-07-24T17:29:55.445+0000] {taskinstance.py:2480} INFO - Exporting env vars: AIRFLOW_CTX_DAG_OWNER='genz-legend' AIRFLOW_CTX_DAG_ID='tune_stream_dag' AIRFLOW_CTX_TASK_ID='Stage_songs' AIRFLOW_CTX_EXECUTION_DATE='2023-01-04T08:00:00+00:00' AIRFLOW_CTX_TRY_NUMBER='1' AIRFLOW_CTX_DAG_RUN_ID='scheduled__2023-01-04T08:00:00+00:00'
[2025-07-24T17:30:00.359+0000] {python.py:201} INFO - Done. Returned value was: None
[2025-07-24T17:30:00.393+0000] {taskinstance.py:1138} INFO - Marking task as SUCCESS. dag_id=tune_stream_dag, task_id=Stage_songs, execution_date=20230104T080000, start_date=20250724T172955, end_date=20250724T173000
[2025-07-24T17:30:00.503+0000] {local_task_job_runner.py:234} INFO - Task exited with return code 0
[2025-07-24T17:30:00.554+0000] {taskinstance.py:3280} INFO - 0 downstream tasks scheduled from follow-on schedule check
