[2025-07-24T14:30:00.373+0000] {taskinstance.py:1956} INFO - Dependencies all met for dep_context=non-requeueable deps ti=<TaskInstance: tune_stream_dag.Stage_events scheduled__2023-01-04T00:00:00+00:00 [queued]>
[2025-07-24T14:30:00.406+0000] {taskinstance.py:1956} INFO - Dependencies all met for dep_context=requeueable deps ti=<TaskInstance: tune_stream_dag.Stage_events scheduled__2023-01-04T00:00:00+00:00 [queued]>
[2025-07-24T14:30:00.408+0000] {taskinstance.py:2170} INFO - Starting attempt 1 of 4
[2025-07-24T14:30:00.485+0000] {taskinstance.py:2191} INFO - Executing <Task(PythonOperator): Stage_events> on 2023-01-04 00:00:00+00:00
[2025-07-24T14:30:00.511+0000] {standard_task_runner.py:60} INFO - Started process 896 to run task
[2025-07-24T14:30:00.549+0000] {standard_task_runner.py:87} INFO - Running: ['***', 'tasks', 'run', 'tune_stream_dag', 'Stage_events', 'scheduled__2023-01-04T00:00:00+00:00', '--job-id', '575', '--raw', '--subdir', 'DAGS_FOLDER/etl_pipeline.py', '--cfg-path', '/tmp/tmp3knjp_mu']
[2025-07-24T14:30:00.598+0000] {standard_task_runner.py:88} INFO - Job 575: Subtask Stage_events
[2025-07-24T14:30:00.837+0000] {task_command.py:423} INFO - Running <TaskInstance: tune_stream_dag.Stage_events scheduled__2023-01-04T00:00:00+00:00 [running]> on host aea62fae55be
[2025-07-24T14:30:01.106+0000] {taskinstance.py:2480} INFO - Exporting env vars: AIRFLOW_CTX_DAG_OWNER='genz-legend' AIRFLOW_CTX_DAG_ID='tune_stream_dag' AIRFLOW_CTX_TASK_ID='Stage_events' AIRFLOW_CTX_EXECUTION_DATE='2023-01-04T00:00:00+00:00' AIRFLOW_CTX_TRY_NUMBER='1' AIRFLOW_CTX_DAG_RUN_ID='scheduled__2023-01-04T00:00:00+00:00'
[2025-07-24T14:30:05.526+0000] {python.py:201} INFO - Done. Returned value was: None
[2025-07-24T14:30:05.592+0000] {taskinstance.py:1138} INFO - Marking task as SUCCESS. dag_id=tune_stream_dag, task_id=Stage_events, execution_date=20230104T000000, start_date=20250724T143000, end_date=20250724T143005
[2025-07-24T14:30:05.658+0000] {local_task_job_runner.py:234} INFO - Task exited with return code 0
[2025-07-24T14:30:05.718+0000] {taskinstance.py:3280} INFO - 1 downstream tasks scheduled from follow-on schedule check
[2025-07-24T17:27:35.145+0000] {taskinstance.py:1956} INFO - Dependencies all met for dep_context=non-requeueable deps ti=<TaskInstance: tune_stream_dag.Stage_events scheduled__2023-01-04T00:00:00+00:00 [queued]>
[2025-07-24T17:27:35.250+0000] {taskinstance.py:1956} INFO - Dependencies all met for dep_context=requeueable deps ti=<TaskInstance: tune_stream_dag.Stage_events scheduled__2023-01-04T00:00:00+00:00 [queued]>
[2025-07-24T17:27:35.251+0000] {taskinstance.py:2170} INFO - Starting attempt 1 of 4
[2025-07-24T17:27:36.871+0000] {taskinstance.py:2191} INFO - Executing <Task(PythonOperator): Stage_events> on 2023-01-04 00:00:00+00:00
[2025-07-24T17:27:36.991+0000] {standard_task_runner.py:60} INFO - Started process 2444 to run task
[2025-07-24T17:27:37.000+0000] {standard_task_runner.py:87} INFO - Running: ['***', 'tasks', 'run', 'tune_stream_dag', 'Stage_events', 'scheduled__2023-01-04T00:00:00+00:00', '--job-id', '2365', '--raw', '--subdir', 'DAGS_FOLDER/etl_pipeline.py', '--cfg-path', '/tmp/tmp51x0r3ik']
[2025-07-24T17:27:37.004+0000] {standard_task_runner.py:88} INFO - Job 2365: Subtask Stage_events
[2025-07-24T17:27:37.575+0000] {task_command.py:423} INFO - Running <TaskInstance: tune_stream_dag.Stage_events scheduled__2023-01-04T00:00:00+00:00 [running]> on host 5def55d2a1b5
[2025-07-24T17:27:39.389+0000] {taskinstance.py:2480} INFO - Exporting env vars: AIRFLOW_CTX_DAG_OWNER='genz-legend' AIRFLOW_CTX_DAG_ID='tune_stream_dag' AIRFLOW_CTX_TASK_ID='Stage_events' AIRFLOW_CTX_EXECUTION_DATE='2023-01-04T00:00:00+00:00' AIRFLOW_CTX_TRY_NUMBER='1' AIRFLOW_CTX_DAG_RUN_ID='scheduled__2023-01-04T00:00:00+00:00'
[2025-07-24T17:28:12.170+0000] {python.py:201} INFO - Done. Returned value was: None
[2025-07-24T17:28:12.333+0000] {taskinstance.py:1138} INFO - Marking task as SUCCESS. dag_id=tune_stream_dag, task_id=Stage_events, execution_date=20230104T000000, start_date=20250724T172735, end_date=20250724T172812
[2025-07-24T17:28:12.479+0000] {local_task_job_runner.py:234} INFO - Task exited with return code 0
[2025-07-24T17:28:12.566+0000] {taskinstance.py:3280} INFO - 1 downstream tasks scheduled from follow-on schedule check
