[2025-07-24T14:45:46.092+0000] {taskinstance.py:1956} INFO - Dependencies all met for dep_context=non-requeueable deps ti=<TaskInstance: tune_stream_dag.Stage_songs scheduled__2023-01-04T09:00:00+00:00 [queued]>
[2025-07-24T14:45:46.126+0000] {taskinstance.py:1956} INFO - Dependencies all met for dep_context=requeueable deps ti=<TaskInstance: tune_stream_dag.Stage_songs scheduled__2023-01-04T09:00:00+00:00 [queued]>
[2025-07-24T14:45:46.128+0000] {taskinstance.py:2170} INFO - Starting attempt 1 of 4
[2025-07-24T14:45:46.244+0000] {taskinstance.py:2191} INFO - Executing <Task(PythonOperator): Stage_songs> on 2023-01-04 09:00:00+00:00
[2025-07-24T14:45:46.308+0000] {standard_task_runner.py:60} INFO - Started process 498 to run task
[2025-07-24T14:45:46.328+0000] {standard_task_runner.py:87} INFO - Running: ['***', 'tasks', 'run', 'tune_stream_dag', 'Stage_songs', 'scheduled__2023-01-04T09:00:00+00:00', '--job-id', '664', '--raw', '--subdir', 'DAGS_FOLDER/etl_pipeline.py', '--cfg-path', '/tmp/tmp9o5iuahr']
[2025-07-24T14:45:46.341+0000] {standard_task_runner.py:88} INFO - Job 664: Subtask Stage_songs
[2025-07-24T14:45:46.547+0000] {task_command.py:423} INFO - Running <TaskInstance: tune_stream_dag.Stage_songs scheduled__2023-01-04T09:00:00+00:00 [running]> on host aea62fae55be
[2025-07-24T14:45:46.799+0000] {taskinstance.py:2480} INFO - Exporting env vars: AIRFLOW_CTX_DAG_OWNER='genz-legend' AIRFLOW_CTX_DAG_ID='tune_stream_dag' AIRFLOW_CTX_TASK_ID='Stage_songs' AIRFLOW_CTX_EXECUTION_DATE='2023-01-04T09:00:00+00:00' AIRFLOW_CTX_TRY_NUMBER='1' AIRFLOW_CTX_DAG_RUN_ID='scheduled__2023-01-04T09:00:00+00:00'
[2025-07-24T14:45:48.092+0000] {python.py:201} INFO - Done. Returned value was: None
[2025-07-24T14:45:48.171+0000] {taskinstance.py:1138} INFO - Marking task as SUCCESS. dag_id=tune_stream_dag, task_id=Stage_songs, execution_date=20230104T090000, start_date=20250724T144546, end_date=20250724T144548
[2025-07-24T14:45:48.471+0000] {local_task_job_runner.py:234} INFO - Task exited with return code 0
[2025-07-24T14:45:48.572+0000] {taskinstance.py:3280} INFO - 0 downstream tasks scheduled from follow-on schedule check
[2025-07-24T17:29:47.586+0000] {taskinstance.py:1956} INFO - Dependencies all met for dep_context=non-requeueable deps ti=<TaskInstance: tune_stream_dag.Stage_songs scheduled__2023-01-04T09:00:00+00:00 [queued]>
[2025-07-24T17:29:47.594+0000] {taskinstance.py:1956} INFO - Dependencies all met for dep_context=requeueable deps ti=<TaskInstance: tune_stream_dag.Stage_songs scheduled__2023-01-04T09:00:00+00:00 [queued]>
[2025-07-24T17:29:47.595+0000] {taskinstance.py:2170} INFO - Starting attempt 1 of 4
[2025-07-24T17:29:47.820+0000] {taskinstance.py:2191} INFO - Executing <Task(PythonOperator): Stage_songs> on 2023-01-04 09:00:00+00:00
[2025-07-24T17:29:47.843+0000] {standard_task_runner.py:60} INFO - Started process 2803 to run task
[2025-07-24T17:29:47.849+0000] {standard_task_runner.py:87} INFO - Running: ['***', 'tasks', 'run', 'tune_stream_dag', 'Stage_songs', 'scheduled__2023-01-04T09:00:00+00:00', '--job-id', '2475', '--raw', '--subdir', 'DAGS_FOLDER/etl_pipeline.py', '--cfg-path', '/tmp/tmprv0n_35w']
[2025-07-24T17:29:47.873+0000] {standard_task_runner.py:88} INFO - Job 2475: Subtask Stage_songs
[2025-07-24T17:29:48.301+0000] {task_command.py:423} INFO - Running <TaskInstance: tune_stream_dag.Stage_songs scheduled__2023-01-04T09:00:00+00:00 [running]> on host 5def55d2a1b5
[2025-07-24T17:29:48.648+0000] {taskinstance.py:2480} INFO - Exporting env vars: AIRFLOW_CTX_DAG_OWNER='genz-legend' AIRFLOW_CTX_DAG_ID='tune_stream_dag' AIRFLOW_CTX_TASK_ID='Stage_songs' AIRFLOW_CTX_EXECUTION_DATE='2023-01-04T09:00:00+00:00' AIRFLOW_CTX_TRY_NUMBER='1' AIRFLOW_CTX_DAG_RUN_ID='scheduled__2023-01-04T09:00:00+00:00'
[2025-07-24T17:29:52.556+0000] {python.py:201} INFO - Done. Returned value was: None
[2025-07-24T17:29:52.610+0000] {taskinstance.py:1138} INFO - Marking task as SUCCESS. dag_id=tune_stream_dag, task_id=Stage_songs, execution_date=20230104T090000, start_date=20250724T172947, end_date=20250724T172952
[2025-07-24T17:29:52.748+0000] {local_task_job_runner.py:234} INFO - Task exited with return code 0
[2025-07-24T17:29:52.862+0000] {taskinstance.py:3280} INFO - 0 downstream tasks scheduled from follow-on schedule check
