[2025-07-24T13:53:26.090+0000] {taskinstance.py:1956} INFO - Dependencies all met for dep_context=non-requeueable deps ti=<TaskInstance: tune_stream_dag.Stage_events scheduled__2023-01-02T17:00:00+00:00 [queued]>
[2025-07-24T13:53:26.135+0000] {taskinstance.py:1956} INFO - Dependencies all met for dep_context=requeueable deps ti=<TaskInstance: tune_stream_dag.Stage_events scheduled__2023-01-02T17:00:00+00:00 [queued]>
[2025-07-24T13:53:26.143+0000] {taskinstance.py:2170} INFO - Starting attempt 1 of 4
[2025-07-24T13:53:26.229+0000] {taskinstance.py:2191} INFO - Executing <Task(PythonOperator): Stage_events> on 2023-01-02 17:00:00+00:00
[2025-07-24T13:53:26.338+0000] {standard_task_runner.py:60} INFO - Started process 515 to run task
[2025-07-24T13:53:26.390+0000] {standard_task_runner.py:87} INFO - Running: ['***', 'tasks', 'run', 'tune_stream_dag', 'Stage_events', 'scheduled__2023-01-02T17:00:00+00:00', '--job-id', '381', '--raw', '--subdir', 'DAGS_FOLDER/etl_pipeline.py', '--cfg-path', '/tmp/tmpugys1zav']
[2025-07-24T13:53:26.413+0000] {standard_task_runner.py:88} INFO - Job 381: Subtask Stage_events
[2025-07-24T13:53:26.879+0000] {task_command.py:423} INFO - Running <TaskInstance: tune_stream_dag.Stage_events scheduled__2023-01-02T17:00:00+00:00 [running]> on host a4bcda7cb679
[2025-07-24T13:53:27.342+0000] {taskinstance.py:2480} INFO - Exporting env vars: AIRFLOW_CTX_DAG_OWNER='genz-legend' AIRFLOW_CTX_DAG_ID='tune_stream_dag' AIRFLOW_CTX_TASK_ID='Stage_events' AIRFLOW_CTX_EXECUTION_DATE='2023-01-02T17:00:00+00:00' AIRFLOW_CTX_TRY_NUMBER='1' AIRFLOW_CTX_DAG_RUN_ID='scheduled__2023-01-02T17:00:00+00:00'
[2025-07-24T13:53:33.531+0000] {python.py:201} INFO - Done. Returned value was: None
[2025-07-24T13:53:33.603+0000] {taskinstance.py:1138} INFO - Marking task as SUCCESS. dag_id=tune_stream_dag, task_id=Stage_events, execution_date=20230102T170000, start_date=20250724T135326, end_date=20250724T135333
[2025-07-24T13:53:33.811+0000] {local_task_job_runner.py:234} INFO - Task exited with return code 0
[2025-07-24T13:53:33.914+0000] {taskinstance.py:3280} INFO - 1 downstream tasks scheduled from follow-on schedule check
[2025-07-24T17:18:43.992+0000] {taskinstance.py:1956} INFO - Dependencies all met for dep_context=non-requeueable deps ti=<TaskInstance: tune_stream_dag.Stage_events scheduled__2023-01-02T17:00:00+00:00 [queued]>
[2025-07-24T17:18:44.003+0000] {taskinstance.py:1956} INFO - Dependencies all met for dep_context=requeueable deps ti=<TaskInstance: tune_stream_dag.Stage_events scheduled__2023-01-02T17:00:00+00:00 [queued]>
[2025-07-24T17:18:44.004+0000] {taskinstance.py:2170} INFO - Starting attempt 1 of 4
[2025-07-24T17:18:44.019+0000] {taskinstance.py:2191} INFO - Executing <Task(PythonOperator): Stage_events> on 2023-01-02 17:00:00+00:00
[2025-07-24T17:18:44.026+0000] {standard_task_runner.py:60} INFO - Started process 1714 to run task
[2025-07-24T17:18:44.030+0000] {standard_task_runner.py:87} INFO - Running: ['***', 'tasks', 'run', 'tune_stream_dag', 'Stage_events', 'scheduled__2023-01-02T17:00:00+00:00', '--job-id', '2154', '--raw', '--subdir', 'DAGS_FOLDER/etl_pipeline.py', '--cfg-path', '/tmp/tmphoby_0bq']
[2025-07-24T17:18:44.034+0000] {standard_task_runner.py:88} INFO - Job 2154: Subtask Stage_events
[2025-07-24T17:18:44.117+0000] {task_command.py:423} INFO - Running <TaskInstance: tune_stream_dag.Stage_events scheduled__2023-01-02T17:00:00+00:00 [running]> on host 5def55d2a1b5
[2025-07-24T17:18:44.227+0000] {taskinstance.py:2480} INFO - Exporting env vars: AIRFLOW_CTX_DAG_OWNER='genz-legend' AIRFLOW_CTX_DAG_ID='tune_stream_dag' AIRFLOW_CTX_TASK_ID='Stage_events' AIRFLOW_CTX_EXECUTION_DATE='2023-01-02T17:00:00+00:00' AIRFLOW_CTX_TRY_NUMBER='1' AIRFLOW_CTX_DAG_RUN_ID='scheduled__2023-01-02T17:00:00+00:00'
[2025-07-24T17:18:49.168+0000] {python.py:201} INFO - Done. Returned value was: None
[2025-07-24T17:18:49.186+0000] {taskinstance.py:1138} INFO - Marking task as SUCCESS. dag_id=tune_stream_dag, task_id=Stage_events, execution_date=20230102T170000, start_date=20250724T171843, end_date=20250724T171849
[2025-07-24T17:18:49.232+0000] {local_task_job_runner.py:234} INFO - Task exited with return code 0
[2025-07-24T17:18:49.276+0000] {taskinstance.py:3280} INFO - 1 downstream tasks scheduled from follow-on schedule check
