[2025-07-24T16:05:04.216+0000] {taskinstance.py:1956} INFO - Dependencies all met for dep_context=non-requeueable deps ti=<TaskInstance: tune_stream_dag.Load_time_dim_table scheduled__2023-01-02T07:00:00+00:00 [queued]>
[2025-07-24T16:05:04.229+0000] {taskinstance.py:1956} INFO - Dependencies all met for dep_context=requeueable deps ti=<TaskInstance: tune_stream_dag.Load_time_dim_table scheduled__2023-01-02T07:00:00+00:00 [queued]>
[2025-07-24T16:05:04.230+0000] {taskinstance.py:2170} INFO - Starting attempt 1 of 4
[2025-07-24T16:05:04.243+0000] {taskinstance.py:2191} INFO - Executing <Task(PythonOperator): Load_time_dim_table> on 2023-01-02 07:00:00+00:00
[2025-07-24T16:05:04.251+0000] {standard_task_runner.py:60} INFO - Started process 1735 to run task
[2025-07-24T16:05:04.255+0000] {standard_task_runner.py:87} INFO - Running: ['***', 'tasks', 'run', 'tune_stream_dag', 'Load_time_dim_table', 'scheduled__2023-01-02T07:00:00+00:00', '--job-id', '1334', '--raw', '--subdir', 'DAGS_FOLDER/etl_pipeline.py', '--cfg-path', '/tmp/tmpakewdp7f']
[2025-07-24T16:05:04.259+0000] {standard_task_runner.py:88} INFO - Job 1334: Subtask Load_time_dim_table
[2025-07-24T16:05:04.341+0000] {task_command.py:423} INFO - Running <TaskInstance: tune_stream_dag.Load_time_dim_table scheduled__2023-01-02T07:00:00+00:00 [running]> on host c53547d84df1
[2025-07-24T16:05:04.411+0000] {taskinstance.py:2480} INFO - Exporting env vars: AIRFLOW_CTX_DAG_OWNER='genz-legend' AIRFLOW_CTX_DAG_ID='tune_stream_dag' AIRFLOW_CTX_TASK_ID='Load_time_dim_table' AIRFLOW_CTX_EXECUTION_DATE='2023-01-02T07:00:00+00:00' AIRFLOW_CTX_TRY_NUMBER='1' AIRFLOW_CTX_DAG_RUN_ID='scheduled__2023-01-02T07:00:00+00:00'
[2025-07-24T16:05:04.419+0000] {taskinstance.py:2698} ERROR - Task failed with exception
Traceback (most recent call last):
  File "/home/airflow/.local/lib/python3.8/site-packages/airflow/models/taskinstance.py", line 433, in _execute_task
    result = execute_callable(context=context, **execute_callable_kwargs)
  File "/home/airflow/.local/lib/python3.8/site-packages/airflow/operators/python.py", line 199, in execute
    return_value = self.execute_callable()
  File "/home/airflow/.local/lib/python3.8/site-packages/airflow/operators/python.py", line 216, in execute_callable
    return self.python_callable(*self.op_args, **self.op_kwargs)
  File "/opt/airflow/dags/etl_pipeline.py", line 197, in <lambda>
    python_callable=lambda: load_table(SqlQueries.time_table_insert, 'time'),
  File "/opt/airflow/dags/etl_pipeline.py", line 132, in load_table
    cur.execute(f"INSERT INTO {table} {query}")
psycopg2.errors.InvalidParameterValue: timestamp units "dayofweek" not recognized

[2025-07-24T16:05:04.431+0000] {taskinstance.py:1138} INFO - Marking task as UP_FOR_RETRY. dag_id=tune_stream_dag, task_id=Load_time_dim_table, execution_date=20230102T070000, start_date=20250724T160504, end_date=20250724T160504
[2025-07-24T16:05:04.443+0000] {standard_task_runner.py:107} ERROR - Failed to execute job 1334 for task Load_time_dim_table (timestamp units "dayofweek" not recognized
; 1735)
[2025-07-24T16:05:04.468+0000] {local_task_job_runner.py:234} INFO - Task exited with return code 1
[2025-07-24T16:05:04.489+0000] {taskinstance.py:3280} INFO - 0 downstream tasks scheduled from follow-on schedule check
[2025-07-24T17:17:53.158+0000] {taskinstance.py:1956} INFO - Dependencies all met for dep_context=non-requeueable deps ti=<TaskInstance: tune_stream_dag.Load_time_dim_table scheduled__2023-01-02T07:00:00+00:00 [queued]>
[2025-07-24T17:17:53.172+0000] {taskinstance.py:1956} INFO - Dependencies all met for dep_context=requeueable deps ti=<TaskInstance: tune_stream_dag.Load_time_dim_table scheduled__2023-01-02T07:00:00+00:00 [queued]>
[2025-07-24T17:17:53.173+0000] {taskinstance.py:2170} INFO - Starting attempt 1 of 4
[2025-07-24T17:17:53.190+0000] {taskinstance.py:2191} INFO - Executing <Task(PythonOperator): Load_time_dim_table> on 2023-01-02 07:00:00+00:00
[2025-07-24T17:17:53.210+0000] {standard_task_runner.py:60} INFO - Started process 1489 to run task
[2025-07-24T17:17:53.214+0000] {standard_task_runner.py:87} INFO - Running: ['***', 'tasks', 'run', 'tune_stream_dag', 'Load_time_dim_table', 'scheduled__2023-01-02T07:00:00+00:00', '--job-id', '2086', '--raw', '--subdir', 'DAGS_FOLDER/etl_pipeline.py', '--cfg-path', '/tmp/tmp85o63f0i']
[2025-07-24T17:17:53.218+0000] {standard_task_runner.py:88} INFO - Job 2086: Subtask Load_time_dim_table
[2025-07-24T17:17:53.319+0000] {task_command.py:423} INFO - Running <TaskInstance: tune_stream_dag.Load_time_dim_table scheduled__2023-01-02T07:00:00+00:00 [running]> on host 5def55d2a1b5
[2025-07-24T17:17:53.466+0000] {taskinstance.py:2480} INFO - Exporting env vars: AIRFLOW_CTX_DAG_OWNER='genz-legend' AIRFLOW_CTX_DAG_ID='tune_stream_dag' AIRFLOW_CTX_TASK_ID='Load_time_dim_table' AIRFLOW_CTX_EXECUTION_DATE='2023-01-02T07:00:00+00:00' AIRFLOW_CTX_TRY_NUMBER='1' AIRFLOW_CTX_DAG_RUN_ID='scheduled__2023-01-02T07:00:00+00:00'
[2025-07-24T17:17:53.541+0000] {python.py:201} INFO - Done. Returned value was: None
[2025-07-24T17:17:53.556+0000] {taskinstance.py:1138} INFO - Marking task as SUCCESS. dag_id=tune_stream_dag, task_id=Load_time_dim_table, execution_date=20230102T070000, start_date=20250724T171753, end_date=20250724T171753
[2025-07-24T17:17:53.629+0000] {local_task_job_runner.py:234} INFO - Task exited with return code 0
[2025-07-24T17:17:53.679+0000] {taskinstance.py:3280} INFO - 1 downstream tasks scheduled from follow-on schedule check
