[2025-07-24T14:45:39.931+0000] {taskinstance.py:1956} INFO - Dependencies all met for dep_context=non-requeueable deps ti=<TaskInstance: tune_stream_dag.Stage_events scheduled__2023-01-04T06:00:00+00:00 [queued]>
[2025-07-24T14:45:39.997+0000] {taskinstance.py:1956} INFO - Dependencies all met for dep_context=requeueable deps ti=<TaskInstance: tune_stream_dag.Stage_events scheduled__2023-01-04T06:00:00+00:00 [queued]>
[2025-07-24T14:45:40.010+0000] {taskinstance.py:2170} INFO - Starting attempt 1 of 4
[2025-07-24T14:45:40.801+0000] {taskinstance.py:2191} INFO - Executing <Task(PythonOperator): Stage_events> on 2023-01-04 06:00:00+00:00
[2025-07-24T14:45:40.860+0000] {standard_task_runner.py:60} INFO - Started process 490 to run task
[2025-07-24T14:45:40.957+0000] {standard_task_runner.py:87} INFO - Running: ['***', 'tasks', 'run', 'tune_stream_dag', 'Stage_events', 'scheduled__2023-01-04T06:00:00+00:00', '--job-id', '660', '--raw', '--subdir', 'DAGS_FOLDER/etl_pipeline.py', '--cfg-path', '/tmp/tmpbd11rlf0']
[2025-07-24T14:45:40.964+0000] {standard_task_runner.py:88} INFO - Job 660: Subtask Stage_events
[2025-07-24T14:45:41.442+0000] {task_command.py:423} INFO - Running <TaskInstance: tune_stream_dag.Stage_events scheduled__2023-01-04T06:00:00+00:00 [running]> on host aea62fae55be
[2025-07-24T14:45:42.056+0000] {taskinstance.py:2480} INFO - Exporting env vars: AIRFLOW_CTX_DAG_OWNER='genz-legend' AIRFLOW_CTX_DAG_ID='tune_stream_dag' AIRFLOW_CTX_TASK_ID='Stage_events' AIRFLOW_CTX_EXECUTION_DATE='2023-01-04T06:00:00+00:00' AIRFLOW_CTX_TRY_NUMBER='1' AIRFLOW_CTX_DAG_RUN_ID='scheduled__2023-01-04T06:00:00+00:00'
[2025-07-24T14:45:53.841+0000] {python.py:201} INFO - Done. Returned value was: None
[2025-07-24T14:45:53.875+0000] {taskinstance.py:1138} INFO - Marking task as SUCCESS. dag_id=tune_stream_dag, task_id=Stage_events, execution_date=20230104T060000, start_date=20250724T144539, end_date=20250724T144553
[2025-07-24T14:45:54.151+0000] {local_task_job_runner.py:234} INFO - Task exited with return code 0
[2025-07-24T14:45:54.249+0000] {taskinstance.py:3280} INFO - 1 downstream tasks scheduled from follow-on schedule check
[2025-07-24T17:29:42.143+0000] {taskinstance.py:1956} INFO - Dependencies all met for dep_context=non-requeueable deps ti=<TaskInstance: tune_stream_dag.Stage_events scheduled__2023-01-04T06:00:00+00:00 [queued]>
[2025-07-24T17:29:42.169+0000] {taskinstance.py:1956} INFO - Dependencies all met for dep_context=requeueable deps ti=<TaskInstance: tune_stream_dag.Stage_events scheduled__2023-01-04T06:00:00+00:00 [queued]>
[2025-07-24T17:29:42.173+0000] {taskinstance.py:2170} INFO - Starting attempt 1 of 4
[2025-07-24T17:29:42.321+0000] {taskinstance.py:2191} INFO - Executing <Task(PythonOperator): Stage_events> on 2023-01-04 06:00:00+00:00
[2025-07-24T17:29:42.453+0000] {standard_task_runner.py:60} INFO - Started process 2785 to run task
[2025-07-24T17:29:42.458+0000] {standard_task_runner.py:87} INFO - Running: ['***', 'tasks', 'run', 'tune_stream_dag', 'Stage_events', 'scheduled__2023-01-04T06:00:00+00:00', '--job-id', '2471', '--raw', '--subdir', 'DAGS_FOLDER/etl_pipeline.py', '--cfg-path', '/tmp/tmp1pnpbmiy']
[2025-07-24T17:29:42.464+0000] {standard_task_runner.py:88} INFO - Job 2471: Subtask Stage_events
[2025-07-24T17:29:42.765+0000] {task_command.py:423} INFO - Running <TaskInstance: tune_stream_dag.Stage_events scheduled__2023-01-04T06:00:00+00:00 [running]> on host 5def55d2a1b5
[2025-07-24T17:29:43.051+0000] {taskinstance.py:2480} INFO - Exporting env vars: AIRFLOW_CTX_DAG_OWNER='genz-legend' AIRFLOW_CTX_DAG_ID='tune_stream_dag' AIRFLOW_CTX_TASK_ID='Stage_events' AIRFLOW_CTX_EXECUTION_DATE='2023-01-04T06:00:00+00:00' AIRFLOW_CTX_TRY_NUMBER='1' AIRFLOW_CTX_DAG_RUN_ID='scheduled__2023-01-04T06:00:00+00:00'
[2025-07-24T17:30:08.779+0000] {python.py:201} INFO - Done. Returned value was: None
[2025-07-24T17:30:08.974+0000] {taskinstance.py:1138} INFO - Marking task as SUCCESS. dag_id=tune_stream_dag, task_id=Stage_events, execution_date=20230104T060000, start_date=20250724T172942, end_date=20250724T173008
[2025-07-24T17:30:09.340+0000] {local_task_job_runner.py:234} INFO - Task exited with return code 0
[2025-07-24T17:30:09.481+0000] {taskinstance.py:3280} INFO - 1 downstream tasks scheduled from follow-on schedule check
