[2025-07-24T15:04:25.949+0000] {taskinstance.py:1956} INFO - Dependencies all met for dep_context=non-requeueable deps ti=<TaskInstance: tune_stream_dag.Stage_songs scheduled__2023-01-04T18:00:00+00:00 [queued]>
[2025-07-24T15:04:25.984+0000] {taskinstance.py:1956} INFO - Dependencies all met for dep_context=requeueable deps ti=<TaskInstance: tune_stream_dag.Stage_songs scheduled__2023-01-04T18:00:00+00:00 [queued]>
[2025-07-24T15:04:25.995+0000] {taskinstance.py:2170} INFO - Starting attempt 1 of 4
[2025-07-24T15:04:26.055+0000] {taskinstance.py:2191} INFO - Executing <Task(PythonOperator): Stage_songs> on 2023-01-04 18:00:00+00:00
[2025-07-24T15:04:26.077+0000] {standard_task_runner.py:60} INFO - Started process 218 to run task
[2025-07-24T15:04:26.090+0000] {standard_task_runner.py:87} INFO - Running: ['***', 'tasks', 'run', 'tune_stream_dag', 'Stage_songs', 'scheduled__2023-01-04T18:00:00+00:00', '--job-id', '756', '--raw', '--subdir', 'DAGS_FOLDER/etl_pipeline.py', '--cfg-path', '/tmp/tmp5az5gijd']
[2025-07-24T15:04:26.103+0000] {standard_task_runner.py:88} INFO - Job 756: Subtask Stage_songs
[2025-07-24T15:04:26.475+0000] {task_command.py:423} INFO - Running <TaskInstance: tune_stream_dag.Stage_songs scheduled__2023-01-04T18:00:00+00:00 [running]> on host c53547d84df1
[2025-07-24T15:04:26.783+0000] {taskinstance.py:2480} INFO - Exporting env vars: AIRFLOW_CTX_DAG_OWNER='genz-legend' AIRFLOW_CTX_DAG_ID='tune_stream_dag' AIRFLOW_CTX_TASK_ID='Stage_songs' AIRFLOW_CTX_EXECUTION_DATE='2023-01-04T18:00:00+00:00' AIRFLOW_CTX_TRY_NUMBER='1' AIRFLOW_CTX_DAG_RUN_ID='scheduled__2023-01-04T18:00:00+00:00'
[2025-07-24T15:04:28.652+0000] {python.py:201} INFO - Done. Returned value was: None
[2025-07-24T15:04:28.693+0000] {taskinstance.py:1138} INFO - Marking task as SUCCESS. dag_id=tune_stream_dag, task_id=Stage_songs, execution_date=20230104T180000, start_date=20250724T150425, end_date=20250724T150428
[2025-07-24T15:04:28.792+0000] {local_task_job_runner.py:234} INFO - Task exited with return code 0
[2025-07-24T15:04:28.853+0000] {taskinstance.py:3280} INFO - 0 downstream tasks scheduled from follow-on schedule check
[2025-07-24T17:30:09.714+0000] {taskinstance.py:1956} INFO - Dependencies all met for dep_context=non-requeueable deps ti=<TaskInstance: tune_stream_dag.Stage_songs scheduled__2023-01-04T18:00:00+00:00 [queued]>
[2025-07-24T17:30:09.731+0000] {taskinstance.py:1956} INFO - Dependencies all met for dep_context=requeueable deps ti=<TaskInstance: tune_stream_dag.Stage_songs scheduled__2023-01-04T18:00:00+00:00 [queued]>
[2025-07-24T17:30:09.732+0000] {taskinstance.py:2170} INFO - Starting attempt 1 of 4
[2025-07-24T17:30:09.750+0000] {taskinstance.py:2191} INFO - Executing <Task(PythonOperator): Stage_songs> on 2023-01-04 18:00:00+00:00
[2025-07-24T17:30:09.762+0000] {standard_task_runner.py:60} INFO - Started process 2869 to run task
[2025-07-24T17:30:09.787+0000] {standard_task_runner.py:87} INFO - Running: ['***', 'tasks', 'run', 'tune_stream_dag', 'Stage_songs', 'scheduled__2023-01-04T18:00:00+00:00', '--job-id', '2498', '--raw', '--subdir', 'DAGS_FOLDER/etl_pipeline.py', '--cfg-path', '/tmp/tmpy0w__y4f']
[2025-07-24T17:30:09.805+0000] {standard_task_runner.py:88} INFO - Job 2498: Subtask Stage_songs
[2025-07-24T17:30:09.981+0000] {task_command.py:423} INFO - Running <TaskInstance: tune_stream_dag.Stage_songs scheduled__2023-01-04T18:00:00+00:00 [running]> on host 5def55d2a1b5
[2025-07-24T17:30:10.151+0000] {taskinstance.py:2480} INFO - Exporting env vars: AIRFLOW_CTX_DAG_OWNER='genz-legend' AIRFLOW_CTX_DAG_ID='tune_stream_dag' AIRFLOW_CTX_TASK_ID='Stage_songs' AIRFLOW_CTX_EXECUTION_DATE='2023-01-04T18:00:00+00:00' AIRFLOW_CTX_TRY_NUMBER='1' AIRFLOW_CTX_DAG_RUN_ID='scheduled__2023-01-04T18:00:00+00:00'
[2025-07-24T17:30:10.937+0000] {python.py:201} INFO - Done. Returned value was: None
[2025-07-24T17:30:10.951+0000] {taskinstance.py:1138} INFO - Marking task as SUCCESS. dag_id=tune_stream_dag, task_id=Stage_songs, execution_date=20230104T180000, start_date=20250724T173009, end_date=20250724T173010
[2025-07-24T17:30:11.120+0000] {local_task_job_runner.py:234} INFO - Task exited with return code 0
[2025-07-24T17:30:11.150+0000] {taskinstance.py:3280} INFO - 0 downstream tasks scheduled from follow-on schedule check
