[2025-07-24T15:27:02.009+0000] {taskinstance.py:1956} INFO - Dependencies all met for dep_context=non-requeueable deps ti=<TaskInstance: tune_stream_dag.Load_user_dim_table scheduled__2023-01-05T12:00:00+00:00 [queued]>
[2025-07-24T15:27:02.018+0000] {taskinstance.py:1956} INFO - Dependencies all met for dep_context=requeueable deps ti=<TaskInstance: tune_stream_dag.Load_user_dim_table scheduled__2023-01-05T12:00:00+00:00 [queued]>
[2025-07-24T15:27:02.019+0000] {taskinstance.py:2170} INFO - Starting attempt 1 of 4
[2025-07-24T15:27:02.033+0000] {taskinstance.py:2191} INFO - Executing <Task(PythonOperator): Load_user_dim_table> on 2023-01-05 12:00:00+00:00
[2025-07-24T15:27:02.042+0000] {standard_task_runner.py:60} INFO - Started process 258 to run task
[2025-07-24T15:27:02.047+0000] {standard_task_runner.py:87} INFO - Running: ['***', 'tasks', 'run', 'tune_stream_dag', 'Load_user_dim_table', 'scheduled__2023-01-05T12:00:00+00:00', '--job-id', '932', '--raw', '--subdir', 'DAGS_FOLDER/etl_pipeline.py', '--cfg-path', '/tmp/tmpb8msyy6v']
[2025-07-24T15:27:02.050+0000] {standard_task_runner.py:88} INFO - Job 932: Subtask Load_user_dim_table
[2025-07-24T15:27:02.125+0000] {task_command.py:423} INFO - Running <TaskInstance: tune_stream_dag.Load_user_dim_table scheduled__2023-01-05T12:00:00+00:00 [running]> on host c53547d84df1
[2025-07-24T15:27:02.204+0000] {taskinstance.py:2480} INFO - Exporting env vars: AIRFLOW_CTX_DAG_OWNER='genz-legend' AIRFLOW_CTX_DAG_ID='tune_stream_dag' AIRFLOW_CTX_TASK_ID='Load_user_dim_table' AIRFLOW_CTX_EXECUTION_DATE='2023-01-05T12:00:00+00:00' AIRFLOW_CTX_TRY_NUMBER='1' AIRFLOW_CTX_DAG_RUN_ID='scheduled__2023-01-05T12:00:00+00:00'
[2025-07-24T15:27:02.214+0000] {taskinstance.py:2698} ERROR - Task failed with exception
Traceback (most recent call last):
  File "/home/airflow/.local/lib/python3.8/site-packages/airflow/models/taskinstance.py", line 433, in _execute_task
    result = execute_callable(context=context, **execute_callable_kwargs)
  File "/home/airflow/.local/lib/python3.8/site-packages/airflow/operators/python.py", line 199, in execute
    return_value = self.execute_callable()
  File "/home/airflow/.local/lib/python3.8/site-packages/airflow/operators/python.py", line 216, in execute_callable
    return self.python_callable(*self.op_args, **self.op_kwargs)
  File "/opt/airflow/dags/etl_pipeline.py", line 179, in <lambda>
    python_callable=lambda: load_table(SqlQueries.user_table_insert, 'users'),
  File "/opt/airflow/dags/etl_pipeline.py", line 132, in load_table
    cur.execute(f"INSERT INTO {table} {query}")
psycopg2.errors.UniqueViolation: duplicate key value violates unique constraint "users_pkey"
DETAIL:  Key (userid)=(88) already exists.

[2025-07-24T15:27:02.229+0000] {taskinstance.py:1138} INFO - Marking task as UP_FOR_RETRY. dag_id=tune_stream_dag, task_id=Load_user_dim_table, execution_date=20230105T120000, start_date=20250724T152702, end_date=20250724T152702
[2025-07-24T15:27:02.245+0000] {standard_task_runner.py:107} ERROR - Failed to execute job 932 for task Load_user_dim_table (duplicate key value violates unique constraint "users_pkey"
DETAIL:  Key (userid)=(88) already exists.
; 258)
[2025-07-24T15:27:02.259+0000] {local_task_job_runner.py:234} INFO - Task exited with return code 1
[2025-07-24T15:27:02.296+0000] {taskinstance.py:3280} INFO - 0 downstream tasks scheduled from follow-on schedule check
[2025-07-24T17:35:57.479+0000] {taskinstance.py:1956} INFO - Dependencies all met for dep_context=non-requeueable deps ti=<TaskInstance: tune_stream_dag.Load_user_dim_table scheduled__2023-01-05T12:00:00+00:00 [queued]>
[2025-07-24T17:35:57.705+0000] {taskinstance.py:1956} INFO - Dependencies all met for dep_context=requeueable deps ti=<TaskInstance: tune_stream_dag.Load_user_dim_table scheduled__2023-01-05T12:00:00+00:00 [queued]>
[2025-07-24T17:35:57.708+0000] {taskinstance.py:2170} INFO - Starting attempt 1 of 4
[2025-07-24T17:35:57.774+0000] {taskinstance.py:2191} INFO - Executing <Task(PythonOperator): Load_user_dim_table> on 2023-01-05 12:00:00+00:00
[2025-07-24T17:35:57.835+0000] {standard_task_runner.py:60} INFO - Started process 3784 to run task
[2025-07-24T17:35:58.093+0000] {standard_task_runner.py:87} INFO - Running: ['***', 'tasks', 'run', 'tune_stream_dag', 'Load_user_dim_table', 'scheduled__2023-01-05T12:00:00+00:00', '--job-id', '2774', '--raw', '--subdir', 'DAGS_FOLDER/etl_pipeline.py', '--cfg-path', '/tmp/tmpbuo0l7bu']
[2025-07-24T17:35:58.140+0000] {standard_task_runner.py:88} INFO - Job 2774: Subtask Load_user_dim_table
[2025-07-24T17:36:01.940+0000] {task_command.py:423} INFO - Running <TaskInstance: tune_stream_dag.Load_user_dim_table scheduled__2023-01-05T12:00:00+00:00 [running]> on host 5def55d2a1b5
[2025-07-24T17:36:03.137+0000] {taskinstance.py:2480} INFO - Exporting env vars: AIRFLOW_CTX_DAG_OWNER='genz-legend' AIRFLOW_CTX_DAG_ID='tune_stream_dag' AIRFLOW_CTX_TASK_ID='Load_user_dim_table' AIRFLOW_CTX_EXECUTION_DATE='2023-01-05T12:00:00+00:00' AIRFLOW_CTX_TRY_NUMBER='1' AIRFLOW_CTX_DAG_RUN_ID='scheduled__2023-01-05T12:00:00+00:00'
[2025-07-24T17:36:03.382+0000] {python.py:201} INFO - Done. Returned value was: None
[2025-07-24T17:36:03.437+0000] {taskinstance.py:1138} INFO - Marking task as SUCCESS. dag_id=tune_stream_dag, task_id=Load_user_dim_table, execution_date=20230105T120000, start_date=20250724T173557, end_date=20250724T173603
[2025-07-24T17:36:03.835+0000] {local_task_job_runner.py:234} INFO - Task exited with return code 0
[2025-07-24T17:36:03.878+0000] {taskinstance.py:3280} INFO - 0 downstream tasks scheduled from follow-on schedule check
