[2025-07-24T15:26:43.456+0000] {taskinstance.py:1956} INFO - Dependencies all met for dep_context=non-requeueable deps ti=<TaskInstance: tune_stream_dag.Load_song_dim_table scheduled__2023-01-05T01:00:00+00:00 [queued]>
[2025-07-24T15:26:43.471+0000] {taskinstance.py:1956} INFO - Dependencies all met for dep_context=requeueable deps ti=<TaskInstance: tune_stream_dag.Load_song_dim_table scheduled__2023-01-05T01:00:00+00:00 [queued]>
[2025-07-24T15:26:43.472+0000] {taskinstance.py:2170} INFO - Starting attempt 1 of 4
[2025-07-24T15:26:43.497+0000] {taskinstance.py:2191} INFO - Executing <Task(PythonOperator): Load_song_dim_table> on 2023-01-05 01:00:00+00:00
[2025-07-24T15:26:43.509+0000] {standard_task_runner.py:60} INFO - Started process 216 to run task
[2025-07-24T15:26:43.521+0000] {standard_task_runner.py:87} INFO - Running: ['***', 'tasks', 'run', 'tune_stream_dag', 'Load_song_dim_table', 'scheduled__2023-01-05T01:00:00+00:00', '--job-id', '922', '--raw', '--subdir', 'DAGS_FOLDER/etl_pipeline.py', '--cfg-path', '/tmp/tmpr9szrjkq']
[2025-07-24T15:26:43.535+0000] {standard_task_runner.py:88} INFO - Job 922: Subtask Load_song_dim_table
[2025-07-24T15:26:43.690+0000] {task_command.py:423} INFO - Running <TaskInstance: tune_stream_dag.Load_song_dim_table scheduled__2023-01-05T01:00:00+00:00 [running]> on host c53547d84df1
[2025-07-24T15:26:43.846+0000] {taskinstance.py:2480} INFO - Exporting env vars: AIRFLOW_CTX_DAG_OWNER='genz-legend' AIRFLOW_CTX_DAG_ID='tune_stream_dag' AIRFLOW_CTX_TASK_ID='Load_song_dim_table' AIRFLOW_CTX_EXECUTION_DATE='2023-01-05T01:00:00+00:00' AIRFLOW_CTX_TRY_NUMBER='1' AIRFLOW_CTX_DAG_RUN_ID='scheduled__2023-01-05T01:00:00+00:00'
[2025-07-24T15:26:43.865+0000] {python.py:201} INFO - Done. Returned value was: None
[2025-07-24T15:26:43.885+0000] {taskinstance.py:1138} INFO - Marking task as SUCCESS. dag_id=tune_stream_dag, task_id=Load_song_dim_table, execution_date=20230105T010000, start_date=20250724T152643, end_date=20250724T152643
[2025-07-24T15:26:43.933+0000] {local_task_job_runner.py:234} INFO - Task exited with return code 0
[2025-07-24T15:26:44.998+0000] {taskinstance.py:3280} INFO - 0 downstream tasks scheduled from follow-on schedule check
[2025-07-24T17:33:27.702+0000] {taskinstance.py:1956} INFO - Dependencies all met for dep_context=non-requeueable deps ti=<TaskInstance: tune_stream_dag.Load_song_dim_table scheduled__2023-01-05T01:00:00+00:00 [queued]>
[2025-07-24T17:33:27.726+0000] {taskinstance.py:1956} INFO - Dependencies all met for dep_context=requeueable deps ti=<TaskInstance: tune_stream_dag.Load_song_dim_table scheduled__2023-01-05T01:00:00+00:00 [queued]>
[2025-07-24T17:33:27.729+0000] {taskinstance.py:2170} INFO - Starting attempt 1 of 4
[2025-07-24T17:33:27.823+0000] {taskinstance.py:2191} INFO - Executing <Task(PythonOperator): Load_song_dim_table> on 2023-01-05 01:00:00+00:00
[2025-07-24T17:33:27.845+0000] {standard_task_runner.py:60} INFO - Started process 3439 to run task
[2025-07-24T17:33:27.896+0000] {standard_task_runner.py:87} INFO - Running: ['***', 'tasks', 'run', 'tune_stream_dag', 'Load_song_dim_table', 'scheduled__2023-01-05T01:00:00+00:00', '--job-id', '2671', '--raw', '--subdir', 'DAGS_FOLDER/etl_pipeline.py', '--cfg-path', '/tmp/tmp83q_zly5']
[2025-07-24T17:33:27.913+0000] {standard_task_runner.py:88} INFO - Job 2671: Subtask Load_song_dim_table
[2025-07-24T17:33:28.726+0000] {task_command.py:423} INFO - Running <TaskInstance: tune_stream_dag.Load_song_dim_table scheduled__2023-01-05T01:00:00+00:00 [running]> on host 5def55d2a1b5
[2025-07-24T17:33:29.198+0000] {taskinstance.py:2480} INFO - Exporting env vars: AIRFLOW_CTX_DAG_OWNER='genz-legend' AIRFLOW_CTX_DAG_ID='tune_stream_dag' AIRFLOW_CTX_TASK_ID='Load_song_dim_table' AIRFLOW_CTX_EXECUTION_DATE='2023-01-05T01:00:00+00:00' AIRFLOW_CTX_TRY_NUMBER='1' AIRFLOW_CTX_DAG_RUN_ID='scheduled__2023-01-05T01:00:00+00:00'
[2025-07-24T17:33:29.530+0000] {python.py:201} INFO - Done. Returned value was: None
[2025-07-24T17:33:29.547+0000] {taskinstance.py:1138} INFO - Marking task as SUCCESS. dag_id=tune_stream_dag, task_id=Load_song_dim_table, execution_date=20230105T010000, start_date=20250724T173327, end_date=20250724T173329
[2025-07-24T17:33:29.896+0000] {local_task_job_runner.py:234} INFO - Task exited with return code 0
[2025-07-24T17:33:30.114+0000] {taskinstance.py:3280} INFO - 0 downstream tasks scheduled from follow-on schedule check
