[2025-07-24T16:04:54.563+0000] {taskinstance.py:1956} INFO - Dependencies all met for dep_context=non-requeueable deps ti=<TaskInstance: tune_stream_dag.Load_song_dim_table scheduled__2023-01-01T20:00:00+00:00 [queued]>
[2025-07-24T16:04:54.596+0000] {taskinstance.py:1956} INFO - Dependencies all met for dep_context=requeueable deps ti=<TaskInstance: tune_stream_dag.Load_song_dim_table scheduled__2023-01-01T20:00:00+00:00 [queued]>
[2025-07-24T16:04:54.606+0000] {taskinstance.py:2170} INFO - Starting attempt 1 of 4
[2025-07-24T16:04:54.689+0000] {taskinstance.py:2191} INFO - Executing <Task(PythonOperator): Load_song_dim_table> on 2023-01-01 20:00:00+00:00
[2025-07-24T16:04:54.722+0000] {standard_task_runner.py:60} INFO - Started process 1683 to run task
[2025-07-24T16:04:54.732+0000] {standard_task_runner.py:87} INFO - Running: ['***', 'tasks', 'run', 'tune_stream_dag', 'Load_song_dim_table', 'scheduled__2023-01-01T20:00:00+00:00', '--job-id', '1311', '--raw', '--subdir', 'DAGS_FOLDER/etl_pipeline.py', '--cfg-path', '/tmp/tmpijcou4fv']
[2025-07-24T16:04:54.751+0000] {standard_task_runner.py:88} INFO - Job 1311: Subtask Load_song_dim_table
[2025-07-24T16:04:55.003+0000] {task_command.py:423} INFO - Running <TaskInstance: tune_stream_dag.Load_song_dim_table scheduled__2023-01-01T20:00:00+00:00 [running]> on host c53547d84df1
[2025-07-24T16:04:55.407+0000] {taskinstance.py:2480} INFO - Exporting env vars: AIRFLOW_CTX_DAG_OWNER='genz-legend' AIRFLOW_CTX_DAG_ID='tune_stream_dag' AIRFLOW_CTX_TASK_ID='Load_song_dim_table' AIRFLOW_CTX_EXECUTION_DATE='2023-01-01T20:00:00+00:00' AIRFLOW_CTX_TRY_NUMBER='1' AIRFLOW_CTX_DAG_RUN_ID='scheduled__2023-01-01T20:00:00+00:00'
[2025-07-24T16:04:55.452+0000] {python.py:201} INFO - Done. Returned value was: None
[2025-07-24T16:04:55.496+0000] {taskinstance.py:1138} INFO - Marking task as SUCCESS. dag_id=tune_stream_dag, task_id=Load_song_dim_table, execution_date=20230101T200000, start_date=20250724T160454, end_date=20250724T160455
[2025-07-24T16:04:55.555+0000] {local_task_job_runner.py:234} INFO - Task exited with return code 0
[2025-07-24T16:04:55.663+0000] {taskinstance.py:3280} INFO - 0 downstream tasks scheduled from follow-on schedule check
[2025-07-24T16:34:54.238+0000] {taskinstance.py:1956} INFO - Dependencies all met for dep_context=non-requeueable deps ti=<TaskInstance: tune_stream_dag.Load_song_dim_table scheduled__2023-01-01T20:00:00+00:00 [queued]>
[2025-07-24T16:34:54.355+0000] {taskinstance.py:1956} INFO - Dependencies all met for dep_context=requeueable deps ti=<TaskInstance: tune_stream_dag.Load_song_dim_table scheduled__2023-01-01T20:00:00+00:00 [queued]>
[2025-07-24T16:34:54.357+0000] {taskinstance.py:2170} INFO - Starting attempt 1 of 4
[2025-07-24T16:34:54.534+0000] {taskinstance.py:2191} INFO - Executing <Task(PythonOperator): Load_song_dim_table> on 2023-01-01 20:00:00+00:00
[2025-07-24T16:34:54.577+0000] {standard_task_runner.py:60} INFO - Started process 1308 to run task
[2025-07-24T16:34:54.615+0000] {standard_task_runner.py:87} INFO - Running: ['***', 'tasks', 'run', 'tune_stream_dag', 'Load_song_dim_table', 'scheduled__2023-01-01T20:00:00+00:00', '--job-id', '1639', '--raw', '--subdir', 'DAGS_FOLDER/etl_pipeline.py', '--cfg-path', '/tmp/tmpypa59kc8']
[2025-07-24T16:34:54.661+0000] {standard_task_runner.py:88} INFO - Job 1639: Subtask Load_song_dim_table
[2025-07-24T16:34:55.328+0000] {task_command.py:423} INFO - Running <TaskInstance: tune_stream_dag.Load_song_dim_table scheduled__2023-01-01T20:00:00+00:00 [running]> on host c53547d84df1
[2025-07-24T16:34:55.740+0000] {taskinstance.py:2480} INFO - Exporting env vars: AIRFLOW_CTX_DAG_OWNER='genz-legend' AIRFLOW_CTX_DAG_ID='tune_stream_dag' AIRFLOW_CTX_TASK_ID='Load_song_dim_table' AIRFLOW_CTX_EXECUTION_DATE='2023-01-01T20:00:00+00:00' AIRFLOW_CTX_TRY_NUMBER='1' AIRFLOW_CTX_DAG_RUN_ID='scheduled__2023-01-01T20:00:00+00:00'
[2025-07-24T16:34:55.982+0000] {python.py:201} INFO - Done. Returned value was: None
[2025-07-24T16:34:56.036+0000] {taskinstance.py:1138} INFO - Marking task as SUCCESS. dag_id=tune_stream_dag, task_id=Load_song_dim_table, execution_date=20230101T200000, start_date=20250724T163454, end_date=20250724T163456
[2025-07-24T16:34:56.164+0000] {local_task_job_runner.py:234} INFO - Task exited with return code 0
[2025-07-24T16:34:56.260+0000] {taskinstance.py:3280} INFO - 0 downstream tasks scheduled from follow-on schedule check
[2025-07-24T17:13:38.018+0000] {taskinstance.py:1956} INFO - Dependencies all met for dep_context=non-requeueable deps ti=<TaskInstance: tune_stream_dag.Load_song_dim_table scheduled__2023-01-01T20:00:00+00:00 [queued]>
[2025-07-24T17:13:38.069+0000] {taskinstance.py:1956} INFO - Dependencies all met for dep_context=requeueable deps ti=<TaskInstance: tune_stream_dag.Load_song_dim_table scheduled__2023-01-01T20:00:00+00:00 [queued]>
[2025-07-24T17:13:38.071+0000] {taskinstance.py:2170} INFO - Starting attempt 1 of 4
[2025-07-24T17:13:38.133+0000] {taskinstance.py:2191} INFO - Executing <Task(PythonOperator): Load_song_dim_table> on 2023-01-01 20:00:00+00:00
[2025-07-24T17:13:38.156+0000] {standard_task_runner.py:60} INFO - Started process 1257 to run task
[2025-07-24T17:13:38.161+0000] {standard_task_runner.py:87} INFO - Running: ['***', 'tasks', 'run', 'tune_stream_dag', 'Load_song_dim_table', 'scheduled__2023-01-01T20:00:00+00:00', '--job-id', '2022', '--raw', '--subdir', 'DAGS_FOLDER/etl_pipeline.py', '--cfg-path', '/tmp/tmp96wkqtt7']
[2025-07-24T17:13:38.172+0000] {standard_task_runner.py:88} INFO - Job 2022: Subtask Load_song_dim_table
[2025-07-24T17:13:38.383+0000] {task_command.py:423} INFO - Running <TaskInstance: tune_stream_dag.Load_song_dim_table scheduled__2023-01-01T20:00:00+00:00 [running]> on host 5def55d2a1b5
[2025-07-24T17:13:38.648+0000] {taskinstance.py:2480} INFO - Exporting env vars: AIRFLOW_CTX_DAG_OWNER='genz-legend' AIRFLOW_CTX_DAG_ID='tune_stream_dag' AIRFLOW_CTX_TASK_ID='Load_song_dim_table' AIRFLOW_CTX_EXECUTION_DATE='2023-01-01T20:00:00+00:00' AIRFLOW_CTX_TRY_NUMBER='1' AIRFLOW_CTX_DAG_RUN_ID='scheduled__2023-01-01T20:00:00+00:00'
[2025-07-24T17:13:38.743+0000] {python.py:201} INFO - Done. Returned value was: None
[2025-07-24T17:13:38.806+0000] {taskinstance.py:1138} INFO - Marking task as SUCCESS. dag_id=tune_stream_dag, task_id=Load_song_dim_table, execution_date=20230101T200000, start_date=20250724T171338, end_date=20250724T171338
[2025-07-24T17:13:38.890+0000] {local_task_job_runner.py:234} INFO - Task exited with return code 0
[2025-07-24T17:13:39.267+0000] {taskinstance.py:3280} INFO - 0 downstream tasks scheduled from follow-on schedule check
