[2025-07-24T14:34:35.080+0000] {taskinstance.py:1956} INFO - Dependencies all met for dep_context=non-requeueable deps ti=<TaskInstance: tune_stream_dag.Load_songplays_fact_table scheduled__2023-01-03T14:00:00+00:00 [queued]>
[2025-07-24T14:34:35.101+0000] {taskinstance.py:1956} INFO - Dependencies all met for dep_context=requeueable deps ti=<TaskInstance: tune_stream_dag.Load_songplays_fact_table scheduled__2023-01-03T14:00:00+00:00 [queued]>
[2025-07-24T14:34:35.107+0000] {taskinstance.py:2170} INFO - Starting attempt 2 of 4
[2025-07-24T14:34:35.134+0000] {taskinstance.py:2191} INFO - Executing <Task(PythonOperator): Load_songplays_fact_table> on 2023-01-03 14:00:00+00:00
[2025-07-24T14:34:35.156+0000] {standard_task_runner.py:60} INFO - Started process 109 to run task
[2025-07-24T14:34:35.162+0000] {standard_task_runner.py:87} INFO - Running: ['***', 'tasks', 'run', 'tune_stream_dag', 'Load_songplays_fact_table', 'scheduled__2023-01-03T14:00:00+00:00', '--job-id', '595', '--raw', '--subdir', 'DAGS_FOLDER/etl_pipeline.py', '--cfg-path', '/tmp/tmp_xdn06ew']
[2025-07-24T14:34:35.169+0000] {standard_task_runner.py:88} INFO - Job 595: Subtask Load_songplays_fact_table
[2025-07-24T14:34:35.388+0000] {task_command.py:423} INFO - Running <TaskInstance: tune_stream_dag.Load_songplays_fact_table scheduled__2023-01-03T14:00:00+00:00 [running]> on host aea62fae55be
[2025-07-24T14:34:35.570+0000] {taskinstance.py:2480} INFO - Exporting env vars: AIRFLOW_CTX_DAG_OWNER='genz-legend' AIRFLOW_CTX_DAG_ID='tune_stream_dag' AIRFLOW_CTX_TASK_ID='Load_songplays_fact_table' AIRFLOW_CTX_EXECUTION_DATE='2023-01-03T14:00:00+00:00' AIRFLOW_CTX_TRY_NUMBER='2' AIRFLOW_CTX_DAG_RUN_ID='scheduled__2023-01-03T14:00:00+00:00'
[2025-07-24T14:34:35.578+0000] {taskinstance.py:2698} ERROR - Task failed with exception
Traceback (most recent call last):
  File "/home/airflow/.local/lib/python3.8/site-packages/airflow/models/taskinstance.py", line 433, in _execute_task
    result = execute_callable(context=context, **execute_callable_kwargs)
  File "/home/airflow/.local/lib/python3.8/site-packages/airflow/operators/python.py", line 199, in execute
    return_value = self.execute_callable()
  File "/home/airflow/.local/lib/python3.8/site-packages/airflow/operators/python.py", line 216, in execute_callable
    return self.python_callable(*self.op_args, **self.op_kwargs)
  File "/opt/airflow/dags/etl_pipeline.py", line 173, in <lambda>
    python_callable=lambda: load_table(SqlQueries.songplay_table_insert),
  File "/opt/airflow/dags/etl_pipeline.py", line 128, in load_table
    raise ValueError("Could not extract table name from query")
ValueError: Could not extract table name from query
[2025-07-24T14:34:35.605+0000] {taskinstance.py:1138} INFO - Marking task as UP_FOR_RETRY. dag_id=tune_stream_dag, task_id=Load_songplays_fact_table, execution_date=20230103T140000, start_date=20250724T143435, end_date=20250724T143435
[2025-07-24T14:34:35.634+0000] {standard_task_runner.py:107} ERROR - Failed to execute job 595 for task Load_songplays_fact_table (Could not extract table name from query; 109)
[2025-07-24T14:34:35.670+0000] {local_task_job_runner.py:234} INFO - Task exited with return code 1
[2025-07-24T14:34:35.729+0000] {taskinstance.py:3280} INFO - 0 downstream tasks scheduled from follow-on schedule check
