[2025-07-24T15:59:05.818+0000] {taskinstance.py:1956} INFO - Dependencies all met for dep_context=non-requeueable deps ti=<TaskInstance: tune_stream_dag.Load_time_dim_table scheduled__2023-01-01T09:00:00+00:00 [queued]>
[2025-07-24T15:59:05.828+0000] {taskinstance.py:1956} INFO - Dependencies all met for dep_context=requeueable deps ti=<TaskInstance: tune_stream_dag.Load_time_dim_table scheduled__2023-01-01T09:00:00+00:00 [queued]>
[2025-07-24T15:59:05.828+0000] {taskinstance.py:2170} INFO - Starting attempt 4 of 4
[2025-07-24T15:59:05.842+0000] {taskinstance.py:2191} INFO - Executing <Task(PythonOperator): Load_time_dim_table> on 2023-01-01 09:00:00+00:00
[2025-07-24T15:59:05.850+0000] {standard_task_runner.py:60} INFO - Started process 1332 to run task
[2025-07-24T15:59:05.853+0000] {standard_task_runner.py:87} INFO - Running: ['***', 'tasks', 'run', 'tune_stream_dag', 'Load_time_dim_table', 'scheduled__2023-01-01T09:00:00+00:00', '--job-id', '1227', '--raw', '--subdir', 'DAGS_FOLDER/etl_pipeline.py', '--cfg-path', '/tmp/tmp0nm091lq']
[2025-07-24T15:59:05.857+0000] {standard_task_runner.py:88} INFO - Job 1227: Subtask Load_time_dim_table
[2025-07-24T15:59:05.937+0000] {task_command.py:423} INFO - Running <TaskInstance: tune_stream_dag.Load_time_dim_table scheduled__2023-01-01T09:00:00+00:00 [running]> on host c53547d84df1
[2025-07-24T15:59:06.012+0000] {taskinstance.py:2480} INFO - Exporting env vars: AIRFLOW_CTX_DAG_OWNER='genz-legend' AIRFLOW_CTX_DAG_ID='tune_stream_dag' AIRFLOW_CTX_TASK_ID='Load_time_dim_table' AIRFLOW_CTX_EXECUTION_DATE='2023-01-01T09:00:00+00:00' AIRFLOW_CTX_TRY_NUMBER='4' AIRFLOW_CTX_DAG_RUN_ID='scheduled__2023-01-01T09:00:00+00:00'
[2025-07-24T15:59:06.020+0000] {taskinstance.py:2698} ERROR - Task failed with exception
Traceback (most recent call last):
  File "/home/airflow/.local/lib/python3.8/site-packages/airflow/models/taskinstance.py", line 433, in _execute_task
    result = execute_callable(context=context, **execute_callable_kwargs)
  File "/home/airflow/.local/lib/python3.8/site-packages/airflow/operators/python.py", line 199, in execute
    return_value = self.execute_callable()
  File "/home/airflow/.local/lib/python3.8/site-packages/airflow/operators/python.py", line 216, in execute_callable
    return self.python_callable(*self.op_args, **self.op_kwargs)
  File "/opt/airflow/dags/etl_pipeline.py", line 197, in <lambda>
    python_callable=lambda: load_table(SqlQueries.time_table_insert, 'time'),
  File "/opt/airflow/dags/etl_pipeline.py", line 132, in load_table
    cur.execute(f"INSERT INTO {table} {query}")
psycopg2.errors.InvalidParameterValue: timestamp units "dayofweek" not recognized

[2025-07-24T15:59:06.035+0000] {taskinstance.py:1138} INFO - Marking task as FAILED. dag_id=tune_stream_dag, task_id=Load_time_dim_table, execution_date=20230101T090000, start_date=20250724T155905, end_date=20250724T155906
[2025-07-24T15:59:06.047+0000] {standard_task_runner.py:107} ERROR - Failed to execute job 1227 for task Load_time_dim_table (timestamp units "dayofweek" not recognized
; 1332)
[2025-07-24T15:59:06.071+0000] {local_task_job_runner.py:234} INFO - Task exited with return code 1
[2025-07-24T15:59:06.097+0000] {taskinstance.py:3280} INFO - 0 downstream tasks scheduled from follow-on schedule check
[2025-07-24T16:33:25.266+0000] {taskinstance.py:1956} INFO - Dependencies all met for dep_context=non-requeueable deps ti=<TaskInstance: tune_stream_dag.Load_time_dim_table scheduled__2023-01-01T09:00:00+00:00 [queued]>
[2025-07-24T16:33:25.329+0000] {taskinstance.py:1956} INFO - Dependencies all met for dep_context=requeueable deps ti=<TaskInstance: tune_stream_dag.Load_time_dim_table scheduled__2023-01-01T09:00:00+00:00 [queued]>
[2025-07-24T16:33:25.332+0000] {taskinstance.py:2170} INFO - Starting attempt 4 of 4
[2025-07-24T16:33:25.394+0000] {taskinstance.py:2191} INFO - Executing <Task(PythonOperator): Load_time_dim_table> on 2023-01-01 09:00:00+00:00
[2025-07-24T16:33:25.472+0000] {standard_task_runner.py:60} INFO - Started process 1050 to run task
[2025-07-24T16:33:25.500+0000] {standard_task_runner.py:87} INFO - Running: ['***', 'tasks', 'run', 'tune_stream_dag', 'Load_time_dim_table', 'scheduled__2023-01-01T09:00:00+00:00', '--job-id', '1561', '--raw', '--subdir', 'DAGS_FOLDER/etl_pipeline.py', '--cfg-path', '/tmp/tmprtaa3vml']
[2025-07-24T16:33:25.523+0000] {standard_task_runner.py:88} INFO - Job 1561: Subtask Load_time_dim_table
[2025-07-24T16:33:25.835+0000] {task_command.py:423} INFO - Running <TaskInstance: tune_stream_dag.Load_time_dim_table scheduled__2023-01-01T09:00:00+00:00 [running]> on host c53547d84df1
[2025-07-24T16:33:26.214+0000] {taskinstance.py:2480} INFO - Exporting env vars: AIRFLOW_CTX_DAG_OWNER='genz-legend' AIRFLOW_CTX_DAG_ID='tune_stream_dag' AIRFLOW_CTX_TASK_ID='Load_time_dim_table' AIRFLOW_CTX_EXECUTION_DATE='2023-01-01T09:00:00+00:00' AIRFLOW_CTX_TRY_NUMBER='4' AIRFLOW_CTX_DAG_RUN_ID='scheduled__2023-01-01T09:00:00+00:00'
[2025-07-24T16:33:26.360+0000] {taskinstance.py:2698} ERROR - Task failed with exception
Traceback (most recent call last):
  File "/home/airflow/.local/lib/python3.8/site-packages/airflow/models/taskinstance.py", line 433, in _execute_task
    result = execute_callable(context=context, **execute_callable_kwargs)
  File "/home/airflow/.local/lib/python3.8/site-packages/airflow/operators/python.py", line 199, in execute
    return_value = self.execute_callable()
  File "/home/airflow/.local/lib/python3.8/site-packages/airflow/operators/python.py", line 216, in execute_callable
    return self.python_callable(*self.op_args, **self.op_kwargs)
  File "/opt/airflow/dags/etl_pipeline.py", line 197, in <lambda>
    python_callable=lambda: load_table(SqlQueries.time_table_insert, 'time'),
  File "/opt/airflow/dags/etl_pipeline.py", line 132, in load_table
    cur.execute(f"INSERT INTO {table} {query}")
psycopg2.errors.UniqueViolation: duplicate key value violates unique constraint "time_pkey"
DETAIL:  Key (start_time)=(2018-11-14 04:53:36) already exists.

[2025-07-24T16:33:26.395+0000] {taskinstance.py:1138} INFO - Marking task as FAILED. dag_id=tune_stream_dag, task_id=Load_time_dim_table, execution_date=20230101T090000, start_date=20250724T163325, end_date=20250724T163326
[2025-07-24T16:33:26.434+0000] {standard_task_runner.py:107} ERROR - Failed to execute job 1561 for task Load_time_dim_table (duplicate key value violates unique constraint "time_pkey"
DETAIL:  Key (start_time)=(2018-11-14 04:53:36) already exists.
; 1050)
[2025-07-24T16:33:26.479+0000] {local_task_job_runner.py:234} INFO - Task exited with return code 1
[2025-07-24T16:33:26.559+0000] {taskinstance.py:3280} INFO - 0 downstream tasks scheduled from follow-on schedule check
[2025-07-24T17:12:29.222+0000] {taskinstance.py:1956} INFO - Dependencies all met for dep_context=non-requeueable deps ti=<TaskInstance: tune_stream_dag.Load_time_dim_table scheduled__2023-01-01T09:00:00+00:00 [queued]>
[2025-07-24T17:12:29.234+0000] {taskinstance.py:1956} INFO - Dependencies all met for dep_context=requeueable deps ti=<TaskInstance: tune_stream_dag.Load_time_dim_table scheduled__2023-01-01T09:00:00+00:00 [queued]>
[2025-07-24T17:12:29.235+0000] {taskinstance.py:2170} INFO - Starting attempt 4 of 4
[2025-07-24T17:12:29.250+0000] {taskinstance.py:2191} INFO - Executing <Task(PythonOperator): Load_time_dim_table> on 2023-01-01 09:00:00+00:00
[2025-07-24T17:12:29.256+0000] {standard_task_runner.py:60} INFO - Started process 1027 to run task
[2025-07-24T17:12:29.260+0000] {standard_task_runner.py:87} INFO - Running: ['***', 'tasks', 'run', 'tune_stream_dag', 'Load_time_dim_table', 'scheduled__2023-01-01T09:00:00+00:00', '--job-id', '1956', '--raw', '--subdir', 'DAGS_FOLDER/etl_pipeline.py', '--cfg-path', '/tmp/tmpb7vtdegk']
[2025-07-24T17:12:29.263+0000] {standard_task_runner.py:88} INFO - Job 1956: Subtask Load_time_dim_table
[2025-07-24T17:12:29.333+0000] {task_command.py:423} INFO - Running <TaskInstance: tune_stream_dag.Load_time_dim_table scheduled__2023-01-01T09:00:00+00:00 [running]> on host 5def55d2a1b5
[2025-07-24T17:12:29.405+0000] {taskinstance.py:2480} INFO - Exporting env vars: AIRFLOW_CTX_DAG_OWNER='genz-legend' AIRFLOW_CTX_DAG_ID='tune_stream_dag' AIRFLOW_CTX_TASK_ID='Load_time_dim_table' AIRFLOW_CTX_EXECUTION_DATE='2023-01-01T09:00:00+00:00' AIRFLOW_CTX_TRY_NUMBER='4' AIRFLOW_CTX_DAG_RUN_ID='scheduled__2023-01-01T09:00:00+00:00'
[2025-07-24T17:12:29.423+0000] {taskinstance.py:2698} ERROR - Task failed with exception
Traceback (most recent call last):
  File "/home/airflow/.local/lib/python3.8/site-packages/airflow/models/taskinstance.py", line 433, in _execute_task
    result = execute_callable(context=context, **execute_callable_kwargs)
  File "/home/airflow/.local/lib/python3.8/site-packages/airflow/operators/python.py", line 199, in execute
    return_value = self.execute_callable()
  File "/home/airflow/.local/lib/python3.8/site-packages/airflow/operators/python.py", line 216, in execute_callable
    return self.python_callable(*self.op_args, **self.op_kwargs)
  File "/opt/airflow/dags/etl_pipeline.py", line 197, in <lambda>
    python_callable=lambda: load_table(SqlQueries.time_table_insert, 'time'),
  File "/opt/airflow/dags/etl_pipeline.py", line 132, in load_table
    cur.execute(f"INSERT INTO {table} {query}")
psycopg2.errors.UniqueViolation: duplicate key value violates unique constraint "time_pkey"
DETAIL:  Key (start_time)=(2018-11-14 04:53:36) already exists.

[2025-07-24T17:12:29.435+0000] {taskinstance.py:1138} INFO - Marking task as FAILED. dag_id=tune_stream_dag, task_id=Load_time_dim_table, execution_date=20230101T090000, start_date=20250724T171229, end_date=20250724T171229
[2025-07-24T17:12:29.446+0000] {standard_task_runner.py:107} ERROR - Failed to execute job 1956 for task Load_time_dim_table (duplicate key value violates unique constraint "time_pkey"
DETAIL:  Key (start_time)=(2018-11-14 04:53:36) already exists.
; 1027)
[2025-07-24T17:12:29.473+0000] {local_task_job_runner.py:234} INFO - Task exited with return code 1
[2025-07-24T17:12:29.491+0000] {taskinstance.py:3280} INFO - 0 downstream tasks scheduled from follow-on schedule check
