[2025-07-24T16:35:13.455+0000] {taskinstance.py:1956} INFO - Dependencies all met for dep_context=non-requeueable deps ti=<TaskInstance: tune_stream_dag.Load_song_dim_table scheduled__2023-01-02T04:00:00+00:00 [queued]>
[2025-07-24T16:35:13.469+0000] {taskinstance.py:1956} INFO - Dependencies all met for dep_context=requeueable deps ti=<TaskInstance: tune_stream_dag.Load_song_dim_table scheduled__2023-01-02T04:00:00+00:00 [queued]>
[2025-07-24T16:35:13.470+0000] {taskinstance.py:2170} INFO - Starting attempt 1 of 4
[2025-07-24T16:35:14.384+0000] {taskinstance.py:2191} INFO - Executing <Task(PythonOperator): Load_song_dim_table> on 2023-01-02 04:00:00+00:00
[2025-07-24T16:35:14.514+0000] {standard_task_runner.py:60} INFO - Started process 1382 to run task
[2025-07-24T16:35:14.519+0000] {standard_task_runner.py:87} INFO - Running: ['***', 'tasks', 'run', 'tune_stream_dag', 'Load_song_dim_table', 'scheduled__2023-01-02T04:00:00+00:00', '--job-id', '1663', '--raw', '--subdir', 'DAGS_FOLDER/etl_pipeline.py', '--cfg-path', '/tmp/tmp6f_jqi3z']
[2025-07-24T16:35:14.630+0000] {standard_task_runner.py:88} INFO - Job 1663: Subtask Load_song_dim_table
[2025-07-24T16:35:15.626+0000] {task_command.py:423} INFO - Running <TaskInstance: tune_stream_dag.Load_song_dim_table scheduled__2023-01-02T04:00:00+00:00 [running]> on host c53547d84df1
[2025-07-24T16:35:15.952+0000] {taskinstance.py:2480} INFO - Exporting env vars: AIRFLOW_CTX_DAG_OWNER='genz-legend' AIRFLOW_CTX_DAG_ID='tune_stream_dag' AIRFLOW_CTX_TASK_ID='Load_song_dim_table' AIRFLOW_CTX_EXECUTION_DATE='2023-01-02T04:00:00+00:00' AIRFLOW_CTX_TRY_NUMBER='1' AIRFLOW_CTX_DAG_RUN_ID='scheduled__2023-01-02T04:00:00+00:00'
[2025-07-24T16:35:16.143+0000] {python.py:201} INFO - Done. Returned value was: None
[2025-07-24T16:35:16.220+0000] {taskinstance.py:1138} INFO - Marking task as SUCCESS. dag_id=tune_stream_dag, task_id=Load_song_dim_table, execution_date=20230102T040000, start_date=20250724T163513, end_date=20250724T163516
[2025-07-24T16:35:16.386+0000] {local_task_job_runner.py:234} INFO - Task exited with return code 0
[2025-07-24T16:35:16.430+0000] {taskinstance.py:3280} INFO - 0 downstream tasks scheduled from follow-on schedule check
[2025-07-24T17:14:09.927+0000] {taskinstance.py:1956} INFO - Dependencies all met for dep_context=non-requeueable deps ti=<TaskInstance: tune_stream_dag.Load_song_dim_table scheduled__2023-01-02T04:00:00+00:00 [queued]>
[2025-07-24T17:14:10.149+0000] {taskinstance.py:1956} INFO - Dependencies all met for dep_context=requeueable deps ti=<TaskInstance: tune_stream_dag.Load_song_dim_table scheduled__2023-01-02T04:00:00+00:00 [queued]>
[2025-07-24T17:14:10.151+0000] {taskinstance.py:2170} INFO - Starting attempt 1 of 4
[2025-07-24T17:14:10.250+0000] {taskinstance.py:2191} INFO - Executing <Task(PythonOperator): Load_song_dim_table> on 2023-01-02 04:00:00+00:00
[2025-07-24T17:14:10.302+0000] {standard_task_runner.py:60} INFO - Started process 1361 to run task
[2025-07-24T17:14:10.324+0000] {standard_task_runner.py:87} INFO - Running: ['***', 'tasks', 'run', 'tune_stream_dag', 'Load_song_dim_table', 'scheduled__2023-01-02T04:00:00+00:00', '--job-id', '2057', '--raw', '--subdir', 'DAGS_FOLDER/etl_pipeline.py', '--cfg-path', '/tmp/tmpy44zbqpg']
[2025-07-24T17:14:10.337+0000] {standard_task_runner.py:88} INFO - Job 2057: Subtask Load_song_dim_table
[2025-07-24T17:14:10.592+0000] {task_command.py:423} INFO - Running <TaskInstance: tune_stream_dag.Load_song_dim_table scheduled__2023-01-02T04:00:00+00:00 [running]> on host 5def55d2a1b5
[2025-07-24T17:14:10.913+0000] {taskinstance.py:2480} INFO - Exporting env vars: AIRFLOW_CTX_DAG_OWNER='genz-legend' AIRFLOW_CTX_DAG_ID='tune_stream_dag' AIRFLOW_CTX_TASK_ID='Load_song_dim_table' AIRFLOW_CTX_EXECUTION_DATE='2023-01-02T04:00:00+00:00' AIRFLOW_CTX_TRY_NUMBER='1' AIRFLOW_CTX_DAG_RUN_ID='scheduled__2023-01-02T04:00:00+00:00'
[2025-07-24T17:14:11.048+0000] {python.py:201} INFO - Done. Returned value was: None
[2025-07-24T17:14:11.090+0000] {taskinstance.py:1138} INFO - Marking task as SUCCESS. dag_id=tune_stream_dag, task_id=Load_song_dim_table, execution_date=20230102T040000, start_date=20250724T171410, end_date=20250724T171411
[2025-07-24T17:14:11.272+0000] {local_task_job_runner.py:234} INFO - Task exited with return code 0
[2025-07-24T17:14:11.967+0000] {taskinstance.py:3280} INFO - 0 downstream tasks scheduled from follow-on schedule check
