[2025-07-24T13:52:23.934+0000] {taskinstance.py:1956} INFO - Dependencies all met for dep_context=non-requeueable deps ti=<TaskInstance: tune_stream_dag.Stage_songs scheduled__2023-01-02T06:00:00+00:00 [queued]>
[2025-07-24T13:52:23.950+0000] {taskinstance.py:1956} INFO - Dependencies all met for dep_context=requeueable deps ti=<TaskInstance: tune_stream_dag.Stage_songs scheduled__2023-01-02T06:00:00+00:00 [queued]>
[2025-07-24T13:52:23.951+0000] {taskinstance.py:2170} INFO - Starting attempt 1 of 4
[2025-07-24T13:52:23.978+0000] {taskinstance.py:2191} INFO - Executing <Task(PythonOperator): Stage_songs> on 2023-01-02 06:00:00+00:00
[2025-07-24T13:52:23.989+0000] {standard_task_runner.py:60} INFO - Started process 386 to run task
[2025-07-24T13:52:23.999+0000] {standard_task_runner.py:87} INFO - Running: ['***', 'tasks', 'run', 'tune_stream_dag', 'Stage_songs', 'scheduled__2023-01-02T06:00:00+00:00', '--job-id', '344', '--raw', '--subdir', 'DAGS_FOLDER/etl_pipeline.py', '--cfg-path', '/tmp/tmpp0twfed3']
[2025-07-24T13:52:24.005+0000] {standard_task_runner.py:88} INFO - Job 344: Subtask Stage_songs
[2025-07-24T13:52:24.123+0000] {task_command.py:423} INFO - Running <TaskInstance: tune_stream_dag.Stage_songs scheduled__2023-01-02T06:00:00+00:00 [running]> on host a4bcda7cb679
[2025-07-24T13:52:24.258+0000] {taskinstance.py:2480} INFO - Exporting env vars: AIRFLOW_CTX_DAG_OWNER='genz-legend' AIRFLOW_CTX_DAG_ID='tune_stream_dag' AIRFLOW_CTX_TASK_ID='Stage_songs' AIRFLOW_CTX_EXECUTION_DATE='2023-01-02T06:00:00+00:00' AIRFLOW_CTX_TRY_NUMBER='1' AIRFLOW_CTX_DAG_RUN_ID='scheduled__2023-01-02T06:00:00+00:00'
[2025-07-24T13:52:25.396+0000] {python.py:201} INFO - Done. Returned value was: None
[2025-07-24T13:52:25.432+0000] {taskinstance.py:1138} INFO - Marking task as SUCCESS. dag_id=tune_stream_dag, task_id=Stage_songs, execution_date=20230102T060000, start_date=20250724T135223, end_date=20250724T135225
[2025-07-24T13:52:25.510+0000] {local_task_job_runner.py:234} INFO - Task exited with return code 0
[2025-07-24T13:52:25.594+0000] {taskinstance.py:3280} INFO - 0 downstream tasks scheduled from follow-on schedule check
[2025-07-24T16:04:23.322+0000] {taskinstance.py:1956} INFO - Dependencies all met for dep_context=non-requeueable deps ti=<TaskInstance: tune_stream_dag.Stage_songs scheduled__2023-01-02T06:00:00+00:00 [queued]>
[2025-07-24T16:04:23.334+0000] {taskinstance.py:1956} INFO - Dependencies all met for dep_context=requeueable deps ti=<TaskInstance: tune_stream_dag.Stage_songs scheduled__2023-01-02T06:00:00+00:00 [queued]>
[2025-07-24T16:04:23.335+0000] {taskinstance.py:2170} INFO - Starting attempt 1 of 4
[2025-07-24T16:04:23.347+0000] {taskinstance.py:2191} INFO - Executing <Task(PythonOperator): Stage_songs> on 2023-01-02 06:00:00+00:00
[2025-07-24T16:04:23.352+0000] {standard_task_runner.py:60} INFO - Started process 1571 to run task
[2025-07-24T16:04:23.356+0000] {standard_task_runner.py:87} INFO - Running: ['***', 'tasks', 'run', 'tune_stream_dag', 'Stage_songs', 'scheduled__2023-01-02T06:00:00+00:00', '--job-id', '1282', '--raw', '--subdir', 'DAGS_FOLDER/etl_pipeline.py', '--cfg-path', '/tmp/tmp1rz2220s']
[2025-07-24T16:04:23.360+0000] {standard_task_runner.py:88} INFO - Job 1282: Subtask Stage_songs
[2025-07-24T16:04:23.436+0000] {task_command.py:423} INFO - Running <TaskInstance: tune_stream_dag.Stage_songs scheduled__2023-01-02T06:00:00+00:00 [running]> on host c53547d84df1
[2025-07-24T16:04:23.509+0000] {taskinstance.py:2480} INFO - Exporting env vars: AIRFLOW_CTX_DAG_OWNER='genz-legend' AIRFLOW_CTX_DAG_ID='tune_stream_dag' AIRFLOW_CTX_TASK_ID='Stage_songs' AIRFLOW_CTX_EXECUTION_DATE='2023-01-02T06:00:00+00:00' AIRFLOW_CTX_TRY_NUMBER='1' AIRFLOW_CTX_DAG_RUN_ID='scheduled__2023-01-02T06:00:00+00:00'
[2025-07-24T16:04:23.929+0000] {python.py:201} INFO - Done. Returned value was: None
[2025-07-24T16:04:23.940+0000] {taskinstance.py:1138} INFO - Marking task as SUCCESS. dag_id=tune_stream_dag, task_id=Stage_songs, execution_date=20230102T060000, start_date=20250724T160423, end_date=20250724T160423
[2025-07-24T16:04:23.970+0000] {local_task_job_runner.py:234} INFO - Task exited with return code 0
[2025-07-24T16:04:24.118+0000] {taskinstance.py:3280} INFO - 0 downstream tasks scheduled from follow-on schedule check
[2025-07-24T16:34:13.953+0000] {taskinstance.py:1956} INFO - Dependencies all met for dep_context=non-requeueable deps ti=<TaskInstance: tune_stream_dag.Stage_songs scheduled__2023-01-02T06:00:00+00:00 [queued]>
[2025-07-24T16:34:13.966+0000] {taskinstance.py:1956} INFO - Dependencies all met for dep_context=requeueable deps ti=<TaskInstance: tune_stream_dag.Stage_songs scheduled__2023-01-02T06:00:00+00:00 [queued]>
[2025-07-24T16:34:13.966+0000] {taskinstance.py:2170} INFO - Starting attempt 1 of 4
[2025-07-24T16:34:13.982+0000] {taskinstance.py:2191} INFO - Executing <Task(PythonOperator): Stage_songs> on 2023-01-02 06:00:00+00:00
[2025-07-24T16:34:13.990+0000] {standard_task_runner.py:60} INFO - Started process 1200 to run task
[2025-07-24T16:34:13.994+0000] {standard_task_runner.py:87} INFO - Running: ['***', 'tasks', 'run', 'tune_stream_dag', 'Stage_songs', 'scheduled__2023-01-02T06:00:00+00:00', '--job-id', '1611', '--raw', '--subdir', 'DAGS_FOLDER/etl_pipeline.py', '--cfg-path', '/tmp/tmp7upy8vye']
[2025-07-24T16:34:13.997+0000] {standard_task_runner.py:88} INFO - Job 1611: Subtask Stage_songs
[2025-07-24T16:34:14.079+0000] {task_command.py:423} INFO - Running <TaskInstance: tune_stream_dag.Stage_songs scheduled__2023-01-02T06:00:00+00:00 [running]> on host c53547d84df1
[2025-07-24T16:34:14.195+0000] {taskinstance.py:2480} INFO - Exporting env vars: AIRFLOW_CTX_DAG_OWNER='genz-legend' AIRFLOW_CTX_DAG_ID='tune_stream_dag' AIRFLOW_CTX_TASK_ID='Stage_songs' AIRFLOW_CTX_EXECUTION_DATE='2023-01-02T06:00:00+00:00' AIRFLOW_CTX_TRY_NUMBER='1' AIRFLOW_CTX_DAG_RUN_ID='scheduled__2023-01-02T06:00:00+00:00'
[2025-07-24T16:34:14.862+0000] {python.py:201} INFO - Done. Returned value was: None
[2025-07-24T16:34:14.878+0000] {taskinstance.py:1138} INFO - Marking task as SUCCESS. dag_id=tune_stream_dag, task_id=Stage_songs, execution_date=20230102T060000, start_date=20250724T163413, end_date=20250724T163414
[2025-07-24T16:34:15.092+0000] {local_task_job_runner.py:234} INFO - Task exited with return code 0
[2025-07-24T16:34:15.143+0000] {taskinstance.py:3280} INFO - 0 downstream tasks scheduled from follow-on schedule check
[2025-07-24T17:13:13.799+0000] {taskinstance.py:1956} INFO - Dependencies all met for dep_context=non-requeueable deps ti=<TaskInstance: tune_stream_dag.Stage_songs scheduled__2023-01-02T06:00:00+00:00 [queued]>
[2025-07-24T17:13:13.831+0000] {taskinstance.py:1956} INFO - Dependencies all met for dep_context=requeueable deps ti=<TaskInstance: tune_stream_dag.Stage_songs scheduled__2023-01-02T06:00:00+00:00 [queued]>
[2025-07-24T17:13:13.833+0000] {taskinstance.py:2170} INFO - Starting attempt 1 of 4
[2025-07-24T17:13:13.872+0000] {taskinstance.py:2191} INFO - Executing <Task(PythonOperator): Stage_songs> on 2023-01-02 06:00:00+00:00
[2025-07-24T17:13:13.895+0000] {standard_task_runner.py:60} INFO - Started process 1186 to run task
[2025-07-24T17:13:13.900+0000] {standard_task_runner.py:87} INFO - Running: ['***', 'tasks', 'run', 'tune_stream_dag', 'Stage_songs', 'scheduled__2023-01-02T06:00:00+00:00', '--job-id', '2006', '--raw', '--subdir', 'DAGS_FOLDER/etl_pipeline.py', '--cfg-path', '/tmp/tmp9pof92y4']
[2025-07-24T17:13:13.910+0000] {standard_task_runner.py:88} INFO - Job 2006: Subtask Stage_songs
[2025-07-24T17:13:14.059+0000] {task_command.py:423} INFO - Running <TaskInstance: tune_stream_dag.Stage_songs scheduled__2023-01-02T06:00:00+00:00 [running]> on host 5def55d2a1b5
[2025-07-24T17:13:14.292+0000] {taskinstance.py:2480} INFO - Exporting env vars: AIRFLOW_CTX_DAG_OWNER='genz-legend' AIRFLOW_CTX_DAG_ID='tune_stream_dag' AIRFLOW_CTX_TASK_ID='Stage_songs' AIRFLOW_CTX_EXECUTION_DATE='2023-01-02T06:00:00+00:00' AIRFLOW_CTX_TRY_NUMBER='1' AIRFLOW_CTX_DAG_RUN_ID='scheduled__2023-01-02T06:00:00+00:00'
[2025-07-24T17:13:16.834+0000] {python.py:201} INFO - Done. Returned value was: None
[2025-07-24T17:13:16.855+0000] {taskinstance.py:1138} INFO - Marking task as SUCCESS. dag_id=tune_stream_dag, task_id=Stage_songs, execution_date=20230102T060000, start_date=20250724T171313, end_date=20250724T171316
[2025-07-24T17:13:16.932+0000] {local_task_job_runner.py:234} INFO - Task exited with return code 0
[2025-07-24T17:13:16.987+0000] {taskinstance.py:3280} INFO - 0 downstream tasks scheduled from follow-on schedule check
