[2025-07-24T13:52:24.490+0000] {taskinstance.py:1956} INFO - Dependencies all met for dep_context=non-requeueable deps ti=<TaskInstance: tune_stream_dag.Stage_events scheduled__2023-01-02T07:00:00+00:00 [queued]>
[2025-07-24T13:52:24.505+0000] {taskinstance.py:1956} INFO - Dependencies all met for dep_context=requeueable deps ti=<TaskInstance: tune_stream_dag.Stage_events scheduled__2023-01-02T07:00:00+00:00 [queued]>
[2025-07-24T13:52:24.506+0000] {taskinstance.py:2170} INFO - Starting attempt 1 of 4
[2025-07-24T13:52:24.539+0000] {taskinstance.py:2191} INFO - Executing <Task(PythonOperator): Stage_events> on 2023-01-02 07:00:00+00:00
[2025-07-24T13:52:24.575+0000] {standard_task_runner.py:60} INFO - Started process 387 to run task
[2025-07-24T13:52:24.589+0000] {standard_task_runner.py:87} INFO - Running: ['***', 'tasks', 'run', 'tune_stream_dag', 'Stage_events', 'scheduled__2023-01-02T07:00:00+00:00', '--job-id', '345', '--raw', '--subdir', 'DAGS_FOLDER/etl_pipeline.py', '--cfg-path', '/tmp/tmpl92a2hwr']
[2025-07-24T13:52:24.597+0000] {standard_task_runner.py:88} INFO - Job 345: Subtask Stage_events
[2025-07-24T13:52:24.832+0000] {task_command.py:423} INFO - Running <TaskInstance: tune_stream_dag.Stage_events scheduled__2023-01-02T07:00:00+00:00 [running]> on host a4bcda7cb679
[2025-07-24T13:52:24.991+0000] {taskinstance.py:2480} INFO - Exporting env vars: AIRFLOW_CTX_DAG_OWNER='genz-legend' AIRFLOW_CTX_DAG_ID='tune_stream_dag' AIRFLOW_CTX_TASK_ID='Stage_events' AIRFLOW_CTX_EXECUTION_DATE='2023-01-02T07:00:00+00:00' AIRFLOW_CTX_TRY_NUMBER='1' AIRFLOW_CTX_DAG_RUN_ID='scheduled__2023-01-02T07:00:00+00:00'
[2025-07-24T13:52:28.396+0000] {python.py:201} INFO - Done. Returned value was: None
[2025-07-24T13:52:28.412+0000] {taskinstance.py:1138} INFO - Marking task as SUCCESS. dag_id=tune_stream_dag, task_id=Stage_events, execution_date=20230102T070000, start_date=20250724T135224, end_date=20250724T135228
[2025-07-24T13:52:28.660+0000] {local_task_job_runner.py:234} INFO - Task exited with return code 0
[2025-07-24T13:52:28.713+0000] {taskinstance.py:3280} INFO - 1 downstream tasks scheduled from follow-on schedule check
[2025-07-24T16:04:47.711+0000] {taskinstance.py:1956} INFO - Dependencies all met for dep_context=non-requeueable deps ti=<TaskInstance: tune_stream_dag.Stage_events scheduled__2023-01-02T07:00:00+00:00 [queued]>
[2025-07-24T16:04:47.722+0000] {taskinstance.py:1956} INFO - Dependencies all met for dep_context=requeueable deps ti=<TaskInstance: tune_stream_dag.Stage_events scheduled__2023-01-02T07:00:00+00:00 [queued]>
[2025-07-24T16:04:47.723+0000] {taskinstance.py:2170} INFO - Starting attempt 1 of 4
[2025-07-24T16:04:47.736+0000] {taskinstance.py:2191} INFO - Executing <Task(PythonOperator): Stage_events> on 2023-01-02 07:00:00+00:00
[2025-07-24T16:04:47.744+0000] {standard_task_runner.py:60} INFO - Started process 1637 to run task
[2025-07-24T16:04:47.748+0000] {standard_task_runner.py:87} INFO - Running: ['***', 'tasks', 'run', 'tune_stream_dag', 'Stage_events', 'scheduled__2023-01-02T07:00:00+00:00', '--job-id', '1300', '--raw', '--subdir', 'DAGS_FOLDER/etl_pipeline.py', '--cfg-path', '/tmp/tmp0exkuusx']
[2025-07-24T16:04:47.753+0000] {standard_task_runner.py:88} INFO - Job 1300: Subtask Stage_events
[2025-07-24T16:04:47.830+0000] {task_command.py:423} INFO - Running <TaskInstance: tune_stream_dag.Stage_events scheduled__2023-01-02T07:00:00+00:00 [running]> on host c53547d84df1
[2025-07-24T16:04:47.932+0000] {taskinstance.py:2480} INFO - Exporting env vars: AIRFLOW_CTX_DAG_OWNER='genz-legend' AIRFLOW_CTX_DAG_ID='tune_stream_dag' AIRFLOW_CTX_TASK_ID='Stage_events' AIRFLOW_CTX_EXECUTION_DATE='2023-01-02T07:00:00+00:00' AIRFLOW_CTX_TRY_NUMBER='1' AIRFLOW_CTX_DAG_RUN_ID='scheduled__2023-01-02T07:00:00+00:00'
[2025-07-24T16:04:49.556+0000] {python.py:201} INFO - Done. Returned value was: None
[2025-07-24T16:04:49.568+0000] {taskinstance.py:1138} INFO - Marking task as SUCCESS. dag_id=tune_stream_dag, task_id=Stage_events, execution_date=20230102T070000, start_date=20250724T160447, end_date=20250724T160449
[2025-07-24T16:04:49.607+0000] {local_task_job_runner.py:234} INFO - Task exited with return code 0
[2025-07-24T16:04:49.649+0000] {taskinstance.py:3280} INFO - 1 downstream tasks scheduled from follow-on schedule check
[2025-07-24T17:17:42.430+0000] {taskinstance.py:1956} INFO - Dependencies all met for dep_context=non-requeueable deps ti=<TaskInstance: tune_stream_dag.Stage_events scheduled__2023-01-02T07:00:00+00:00 [queued]>
[2025-07-24T17:17:42.446+0000] {taskinstance.py:1956} INFO - Dependencies all met for dep_context=requeueable deps ti=<TaskInstance: tune_stream_dag.Stage_events scheduled__2023-01-02T07:00:00+00:00 [queued]>
[2025-07-24T17:17:42.447+0000] {taskinstance.py:2170} INFO - Starting attempt 1 of 4
[2025-07-24T17:17:42.463+0000] {taskinstance.py:2191} INFO - Executing <Task(PythonOperator): Stage_events> on 2023-01-02 07:00:00+00:00
[2025-07-24T17:17:42.477+0000] {standard_task_runner.py:60} INFO - Started process 1459 to run task
[2025-07-24T17:17:42.490+0000] {standard_task_runner.py:87} INFO - Running: ['***', 'tasks', 'run', 'tune_stream_dag', 'Stage_events', 'scheduled__2023-01-02T07:00:00+00:00', '--job-id', '2075', '--raw', '--subdir', 'DAGS_FOLDER/etl_pipeline.py', '--cfg-path', '/tmp/tmphvrskuww']
[2025-07-24T17:17:42.507+0000] {standard_task_runner.py:88} INFO - Job 2075: Subtask Stage_events
[2025-07-24T17:17:42.689+0000] {task_command.py:423} INFO - Running <TaskInstance: tune_stream_dag.Stage_events scheduled__2023-01-02T07:00:00+00:00 [running]> on host 5def55d2a1b5
[2025-07-24T17:17:42.899+0000] {taskinstance.py:2480} INFO - Exporting env vars: AIRFLOW_CTX_DAG_OWNER='genz-legend' AIRFLOW_CTX_DAG_ID='tune_stream_dag' AIRFLOW_CTX_TASK_ID='Stage_events' AIRFLOW_CTX_EXECUTION_DATE='2023-01-02T07:00:00+00:00' AIRFLOW_CTX_TRY_NUMBER='1' AIRFLOW_CTX_DAG_RUN_ID='scheduled__2023-01-02T07:00:00+00:00'
[2025-07-24T17:17:45.796+0000] {python.py:201} INFO - Done. Returned value was: None
[2025-07-24T17:17:45.811+0000] {taskinstance.py:1138} INFO - Marking task as SUCCESS. dag_id=tune_stream_dag, task_id=Stage_events, execution_date=20230102T070000, start_date=20250724T171742, end_date=20250724T171745
[2025-07-24T17:17:45.843+0000] {local_task_job_runner.py:234} INFO - Task exited with return code 0
[2025-07-24T17:17:45.880+0000] {taskinstance.py:3280} INFO - 1 downstream tasks scheduled from follow-on schedule check
