[2025-07-24T15:20:12.993+0000] {taskinstance.py:1956} INFO - Dependencies all met for dep_context=non-requeueable deps ti=<TaskInstance: tune_stream_dag.Stage_songs scheduled__2023-01-05T00:00:00+00:00 [queued]>
[2025-07-24T15:20:13.009+0000] {taskinstance.py:1956} INFO - Dependencies all met for dep_context=requeueable deps ti=<TaskInstance: tune_stream_dag.Stage_songs scheduled__2023-01-05T00:00:00+00:00 [queued]>
[2025-07-24T15:20:13.012+0000] {taskinstance.py:2170} INFO - Starting attempt 1 of 4
[2025-07-24T15:20:13.037+0000] {taskinstance.py:2191} INFO - Executing <Task(PythonOperator): Stage_songs> on 2023-01-05 00:00:00+00:00
[2025-07-24T15:20:13.052+0000] {standard_task_runner.py:60} INFO - Started process 662 to run task
[2025-07-24T15:20:13.058+0000] {standard_task_runner.py:87} INFO - Running: ['***', 'tasks', 'run', 'tune_stream_dag', 'Stage_songs', 'scheduled__2023-01-05T00:00:00+00:00', '--job-id', '832', '--raw', '--subdir', 'DAGS_FOLDER/etl_pipeline.py', '--cfg-path', '/tmp/tmpuxpx2j55']
[2025-07-24T15:20:13.066+0000] {standard_task_runner.py:88} INFO - Job 832: Subtask Stage_songs
[2025-07-24T15:20:13.181+0000] {task_command.py:423} INFO - Running <TaskInstance: tune_stream_dag.Stage_songs scheduled__2023-01-05T00:00:00+00:00 [running]> on host c53547d84df1
[2025-07-24T15:20:13.307+0000] {taskinstance.py:2480} INFO - Exporting env vars: AIRFLOW_CTX_DAG_OWNER='genz-legend' AIRFLOW_CTX_DAG_ID='tune_stream_dag' AIRFLOW_CTX_TASK_ID='Stage_songs' AIRFLOW_CTX_EXECUTION_DATE='2023-01-05T00:00:00+00:00' AIRFLOW_CTX_TRY_NUMBER='1' AIRFLOW_CTX_DAG_RUN_ID='scheduled__2023-01-05T00:00:00+00:00'
[2025-07-24T15:20:14.423+0000] {python.py:201} INFO - Done. Returned value was: None
[2025-07-24T15:20:14.455+0000] {taskinstance.py:1138} INFO - Marking task as SUCCESS. dag_id=tune_stream_dag, task_id=Stage_songs, execution_date=20230105T000000, start_date=20250724T152012, end_date=20250724T152014
[2025-07-24T15:20:14.558+0000] {local_task_job_runner.py:234} INFO - Task exited with return code 0
[2025-07-24T15:20:14.682+0000] {taskinstance.py:3280} INFO - 0 downstream tasks scheduled from follow-on schedule check
[2025-07-24T17:31:48.659+0000] {taskinstance.py:1956} INFO - Dependencies all met for dep_context=non-requeueable deps ti=<TaskInstance: tune_stream_dag.Stage_songs scheduled__2023-01-05T00:00:00+00:00 [queued]>
[2025-07-24T17:31:48.667+0000] {taskinstance.py:1956} INFO - Dependencies all met for dep_context=requeueable deps ti=<TaskInstance: tune_stream_dag.Stage_songs scheduled__2023-01-05T00:00:00+00:00 [queued]>
[2025-07-24T17:31:48.668+0000] {taskinstance.py:2170} INFO - Starting attempt 1 of 4
[2025-07-24T17:31:49.450+0000] {taskinstance.py:2191} INFO - Executing <Task(PythonOperator): Stage_songs> on 2023-01-05 00:00:00+00:00
[2025-07-24T17:31:49.660+0000] {standard_task_runner.py:60} INFO - Started process 3210 to run task
[2025-07-24T17:31:49.669+0000] {standard_task_runner.py:87} INFO - Running: ['***', 'tasks', 'run', 'tune_stream_dag', 'Stage_songs', 'scheduled__2023-01-05T00:00:00+00:00', '--job-id', '2605', '--raw', '--subdir', 'DAGS_FOLDER/etl_pipeline.py', '--cfg-path', '/tmp/tmpnhnhhnbh']
[2025-07-24T17:31:49.677+0000] {standard_task_runner.py:88} INFO - Job 2605: Subtask Stage_songs
[2025-07-24T17:31:50.555+0000] {task_command.py:423} INFO - Running <TaskInstance: tune_stream_dag.Stage_songs scheduled__2023-01-05T00:00:00+00:00 [running]> on host 5def55d2a1b5
[2025-07-24T17:31:52.486+0000] {taskinstance.py:2480} INFO - Exporting env vars: AIRFLOW_CTX_DAG_OWNER='genz-legend' AIRFLOW_CTX_DAG_ID='tune_stream_dag' AIRFLOW_CTX_TASK_ID='Stage_songs' AIRFLOW_CTX_EXECUTION_DATE='2023-01-05T00:00:00+00:00' AIRFLOW_CTX_TRY_NUMBER='1' AIRFLOW_CTX_DAG_RUN_ID='scheduled__2023-01-05T00:00:00+00:00'
[2025-07-24T17:32:01.716+0000] {python.py:201} INFO - Done. Returned value was: None
[2025-07-24T17:32:01.750+0000] {taskinstance.py:1138} INFO - Marking task as SUCCESS. dag_id=tune_stream_dag, task_id=Stage_songs, execution_date=20230105T000000, start_date=20250724T173148, end_date=20250724T173201
[2025-07-24T17:32:03.907+0000] {local_task_job_runner.py:234} INFO - Task exited with return code 0
[2025-07-24T17:32:03.986+0000] {taskinstance.py:3280} INFO - 0 downstream tasks scheduled from follow-on schedule check
