[2025-07-24T15:15:35.325+0000] {taskinstance.py:1956} INFO - Dependencies all met for dep_context=non-requeueable deps ti=<TaskInstance: tune_stream_dag.Stage_events scheduled__2023-01-04T21:00:00+00:00 [queued]>
[2025-07-24T15:15:35.340+0000] {taskinstance.py:1956} INFO - Dependencies all met for dep_context=requeueable deps ti=<TaskInstance: tune_stream_dag.Stage_events scheduled__2023-01-04T21:00:00+00:00 [queued]>
[2025-07-24T15:15:35.341+0000] {taskinstance.py:2170} INFO - Starting attempt 1 of 4
[2025-07-24T15:15:35.359+0000] {taskinstance.py:2191} INFO - Executing <Task(PythonOperator): Stage_events> on 2023-01-04 21:00:00+00:00
[2025-07-24T15:15:35.368+0000] {standard_task_runner.py:60} INFO - Started process 546 to run task
[2025-07-24T15:15:35.374+0000] {standard_task_runner.py:87} INFO - Running: ['***', 'tasks', 'run', 'tune_stream_dag', 'Stage_events', 'scheduled__2023-01-04T21:00:00+00:00', '--job-id', '812', '--raw', '--subdir', 'DAGS_FOLDER/etl_pipeline.py', '--cfg-path', '/tmp/tmp9jf9q0ay']
[2025-07-24T15:15:35.378+0000] {standard_task_runner.py:88} INFO - Job 812: Subtask Stage_events
[2025-07-24T15:15:35.471+0000] {task_command.py:423} INFO - Running <TaskInstance: tune_stream_dag.Stage_events scheduled__2023-01-04T21:00:00+00:00 [running]> on host c53547d84df1
[2025-07-24T15:15:35.587+0000] {taskinstance.py:2480} INFO - Exporting env vars: AIRFLOW_CTX_DAG_OWNER='genz-legend' AIRFLOW_CTX_DAG_ID='tune_stream_dag' AIRFLOW_CTX_TASK_ID='Stage_events' AIRFLOW_CTX_EXECUTION_DATE='2023-01-04T21:00:00+00:00' AIRFLOW_CTX_TRY_NUMBER='1' AIRFLOW_CTX_DAG_RUN_ID='scheduled__2023-01-04T21:00:00+00:00'
[2025-07-24T15:15:39.096+0000] {python.py:201} INFO - Done. Returned value was: None
[2025-07-24T15:15:39.107+0000] {taskinstance.py:1138} INFO - Marking task as SUCCESS. dag_id=tune_stream_dag, task_id=Stage_events, execution_date=20230104T210000, start_date=20250724T151535, end_date=20250724T151539
[2025-07-24T15:15:39.165+0000] {local_task_job_runner.py:234} INFO - Task exited with return code 0
[2025-07-24T15:15:39.194+0000] {taskinstance.py:3280} INFO - 1 downstream tasks scheduled from follow-on schedule check
[2025-07-24T17:31:41.794+0000] {taskinstance.py:1956} INFO - Dependencies all met for dep_context=non-requeueable deps ti=<TaskInstance: tune_stream_dag.Stage_events scheduled__2023-01-04T21:00:00+00:00 [queued]>
[2025-07-24T17:31:41.804+0000] {taskinstance.py:1956} INFO - Dependencies all met for dep_context=requeueable deps ti=<TaskInstance: tune_stream_dag.Stage_events scheduled__2023-01-04T21:00:00+00:00 [queued]>
[2025-07-24T17:31:41.804+0000] {taskinstance.py:2170} INFO - Starting attempt 1 of 4
[2025-07-24T17:31:42.172+0000] {taskinstance.py:2191} INFO - Executing <Task(PythonOperator): Stage_events> on 2023-01-04 21:00:00+00:00
[2025-07-24T17:31:42.206+0000] {standard_task_runner.py:60} INFO - Started process 3197 to run task
[2025-07-24T17:31:42.222+0000] {standard_task_runner.py:87} INFO - Running: ['***', 'tasks', 'run', 'tune_stream_dag', 'Stage_events', 'scheduled__2023-01-04T21:00:00+00:00', '--job-id', '2600', '--raw', '--subdir', 'DAGS_FOLDER/etl_pipeline.py', '--cfg-path', '/tmp/tmpmzokqe_y']
[2025-07-24T17:31:42.248+0000] {standard_task_runner.py:88} INFO - Job 2600: Subtask Stage_events
[2025-07-24T17:31:42.469+0000] {task_command.py:423} INFO - Running <TaskInstance: tune_stream_dag.Stage_events scheduled__2023-01-04T21:00:00+00:00 [running]> on host 5def55d2a1b5
[2025-07-24T17:31:42.776+0000] {taskinstance.py:2480} INFO - Exporting env vars: AIRFLOW_CTX_DAG_OWNER='genz-legend' AIRFLOW_CTX_DAG_ID='tune_stream_dag' AIRFLOW_CTX_TASK_ID='Stage_events' AIRFLOW_CTX_EXECUTION_DATE='2023-01-04T21:00:00+00:00' AIRFLOW_CTX_TRY_NUMBER='1' AIRFLOW_CTX_DAG_RUN_ID='scheduled__2023-01-04T21:00:00+00:00'
[2025-07-24T17:32:10.749+0000] {python.py:201} INFO - Done. Returned value was: None
[2025-07-24T17:32:10.791+0000] {taskinstance.py:1138} INFO - Marking task as SUCCESS. dag_id=tune_stream_dag, task_id=Stage_events, execution_date=20230104T210000, start_date=20250724T173141, end_date=20250724T173210
[2025-07-24T17:32:10.866+0000] {local_task_job_runner.py:234} INFO - Task exited with return code 0
[2025-07-24T17:32:11.188+0000] {taskinstance.py:3280} INFO - 0 downstream tasks scheduled from follow-on schedule check
