[2025-07-24T15:33:46.309+0000] {taskinstance.py:1956} INFO - Dependencies all met for dep_context=non-requeueable deps ti=<TaskInstance: tune_stream_dag.Load_artist_dim_table scheduled__2023-01-01T14:00:00+00:00 [queued]>
[2025-07-24T15:33:46.356+0000] {taskinstance.py:1956} INFO - Dependencies all met for dep_context=requeueable deps ti=<TaskInstance: tune_stream_dag.Load_artist_dim_table scheduled__2023-01-01T14:00:00+00:00 [queued]>
[2025-07-24T15:33:46.369+0000] {taskinstance.py:2170} INFO - Starting attempt 1 of 4
[2025-07-24T15:33:46.476+0000] {taskinstance.py:2191} INFO - Executing <Task(PythonOperator): Load_artist_dim_table> on 2023-01-01 14:00:00+00:00
[2025-07-24T15:33:46.538+0000] {standard_task_runner.py:60} INFO - Started process 328 to run task
[2025-07-24T15:33:46.554+0000] {standard_task_runner.py:87} INFO - Running: ['***', 'tasks', 'run', 'tune_stream_dag', 'Load_artist_dim_table', 'scheduled__2023-01-01T14:00:00+00:00', '--job-id', '1014', '--raw', '--subdir', 'DAGS_FOLDER/etl_pipeline.py', '--cfg-path', '/tmp/tmpcjoqnb9f']
[2025-07-24T15:33:46.647+0000] {standard_task_runner.py:88} INFO - Job 1014: Subtask Load_artist_dim_table
[2025-07-24T15:33:46.898+0000] {task_command.py:423} INFO - Running <TaskInstance: tune_stream_dag.Load_artist_dim_table scheduled__2023-01-01T14:00:00+00:00 [running]> on host c53547d84df1
[2025-07-24T15:33:47.318+0000] {taskinstance.py:2480} INFO - Exporting env vars: AIRFLOW_CTX_DAG_OWNER='genz-legend' AIRFLOW_CTX_DAG_ID='tune_stream_dag' AIRFLOW_CTX_TASK_ID='Load_artist_dim_table' AIRFLOW_CTX_EXECUTION_DATE='2023-01-01T14:00:00+00:00' AIRFLOW_CTX_TRY_NUMBER='1' AIRFLOW_CTX_DAG_RUN_ID='scheduled__2023-01-01T14:00:00+00:00'
[2025-07-24T15:33:47.357+0000] {python.py:201} INFO - Done. Returned value was: None
[2025-07-24T15:33:47.386+0000] {taskinstance.py:1138} INFO - Marking task as SUCCESS. dag_id=tune_stream_dag, task_id=Load_artist_dim_table, execution_date=20230101T140000, start_date=20250724T153346, end_date=20250724T153347
[2025-07-24T15:33:47.817+0000] {local_task_job_runner.py:234} INFO - Task exited with return code 0
[2025-07-24T15:33:47.888+0000] {taskinstance.py:3280} INFO - 0 downstream tasks scheduled from follow-on schedule check
[2025-07-24T16:18:15.115+0000] {taskinstance.py:1956} INFO - Dependencies all met for dep_context=non-requeueable deps ti=<TaskInstance: tune_stream_dag.Load_artist_dim_table scheduled__2023-01-01T14:00:00+00:00 [queued]>
[2025-07-24T16:18:15.142+0000] {taskinstance.py:1956} INFO - Dependencies all met for dep_context=requeueable deps ti=<TaskInstance: tune_stream_dag.Load_artist_dim_table scheduled__2023-01-01T14:00:00+00:00 [queued]>
[2025-07-24T16:18:15.144+0000] {taskinstance.py:2170} INFO - Starting attempt 1 of 4
[2025-07-24T16:18:15.169+0000] {taskinstance.py:2191} INFO - Executing <Task(PythonOperator): Load_artist_dim_table> on 2023-01-01 14:00:00+00:00
[2025-07-24T16:18:15.182+0000] {standard_task_runner.py:60} INFO - Started process 529 to run task
[2025-07-24T16:18:15.188+0000] {standard_task_runner.py:87} INFO - Running: ['***', 'tasks', 'run', 'tune_stream_dag', 'Load_artist_dim_table', 'scheduled__2023-01-01T14:00:00+00:00', '--job-id', '1466', '--raw', '--subdir', 'DAGS_FOLDER/etl_pipeline.py', '--cfg-path', '/tmp/tmpvu25gai9']
[2025-07-24T16:18:15.193+0000] {standard_task_runner.py:88} INFO - Job 1466: Subtask Load_artist_dim_table
[2025-07-24T16:18:15.373+0000] {task_command.py:423} INFO - Running <TaskInstance: tune_stream_dag.Load_artist_dim_table scheduled__2023-01-01T14:00:00+00:00 [running]> on host c53547d84df1
[2025-07-24T16:18:15.476+0000] {taskinstance.py:2480} INFO - Exporting env vars: AIRFLOW_CTX_DAG_OWNER='genz-legend' AIRFLOW_CTX_DAG_ID='tune_stream_dag' AIRFLOW_CTX_TASK_ID='Load_artist_dim_table' AIRFLOW_CTX_EXECUTION_DATE='2023-01-01T14:00:00+00:00' AIRFLOW_CTX_TRY_NUMBER='1' AIRFLOW_CTX_DAG_RUN_ID='scheduled__2023-01-01T14:00:00+00:00'
[2025-07-24T16:18:15.497+0000] {python.py:201} INFO - Done. Returned value was: None
[2025-07-24T16:18:15.514+0000] {taskinstance.py:1138} INFO - Marking task as SUCCESS. dag_id=tune_stream_dag, task_id=Load_artist_dim_table, execution_date=20230101T140000, start_date=20250724T161815, end_date=20250724T161815
[2025-07-24T16:18:15.564+0000] {local_task_job_runner.py:234} INFO - Task exited with return code 0
[2025-07-24T16:18:15.613+0000] {taskinstance.py:3280} INFO - 0 downstream tasks scheduled from follow-on schedule check
[2025-07-24T16:57:22.018+0000] {taskinstance.py:1956} INFO - Dependencies all met for dep_context=non-requeueable deps ti=<TaskInstance: tune_stream_dag.Load_artist_dim_table scheduled__2023-01-01T14:00:00+00:00 [queued]>
[2025-07-24T16:57:22.060+0000] {taskinstance.py:1956} INFO - Dependencies all met for dep_context=requeueable deps ti=<TaskInstance: tune_stream_dag.Load_artist_dim_table scheduled__2023-01-01T14:00:00+00:00 [queued]>
[2025-07-24T16:57:22.062+0000] {taskinstance.py:2170} INFO - Starting attempt 1 of 4
[2025-07-24T16:57:22.117+0000] {taskinstance.py:2191} INFO - Executing <Task(PythonOperator): Load_artist_dim_table> on 2023-01-01 14:00:00+00:00
[2025-07-24T16:57:22.130+0000] {standard_task_runner.py:60} INFO - Started process 497 to run task
[2025-07-24T16:57:22.137+0000] {standard_task_runner.py:87} INFO - Running: ['***', 'tasks', 'run', 'tune_stream_dag', 'Load_artist_dim_table', 'scheduled__2023-01-01T14:00:00+00:00', '--job-id', '1855', '--raw', '--subdir', 'DAGS_FOLDER/etl_pipeline.py', '--cfg-path', '/tmp/tmppf6nmcjj']
[2025-07-24T16:57:22.183+0000] {standard_task_runner.py:88} INFO - Job 1855: Subtask Load_artist_dim_table
[2025-07-24T16:57:22.367+0000] {task_command.py:423} INFO - Running <TaskInstance: tune_stream_dag.Load_artist_dim_table scheduled__2023-01-01T14:00:00+00:00 [running]> on host 5def55d2a1b5
[2025-07-24T16:57:22.520+0000] {taskinstance.py:2480} INFO - Exporting env vars: AIRFLOW_CTX_DAG_OWNER='genz-legend' AIRFLOW_CTX_DAG_ID='tune_stream_dag' AIRFLOW_CTX_TASK_ID='Load_artist_dim_table' AIRFLOW_CTX_EXECUTION_DATE='2023-01-01T14:00:00+00:00' AIRFLOW_CTX_TRY_NUMBER='1' AIRFLOW_CTX_DAG_RUN_ID='scheduled__2023-01-01T14:00:00+00:00'
[2025-07-24T16:57:22.586+0000] {python.py:201} INFO - Done. Returned value was: None
[2025-07-24T16:57:22.611+0000] {taskinstance.py:1138} INFO - Marking task as SUCCESS. dag_id=tune_stream_dag, task_id=Load_artist_dim_table, execution_date=20230101T140000, start_date=20250724T165722, end_date=20250724T165722
[2025-07-24T16:57:22.720+0000] {local_task_job_runner.py:234} INFO - Task exited with return code 0
[2025-07-24T16:57:22.744+0000] {taskinstance.py:3280} INFO - 0 downstream tasks scheduled from follow-on schedule check
