[2025-07-24T14:45:42.153+0000] {taskinstance.py:1956} INFO - Dependencies all met for dep_context=non-requeueable deps ti=<TaskInstance: tune_stream_dag.Stage_songs scheduled__2023-01-04T07:00:00+00:00 [queued]>
[2025-07-24T14:45:42.178+0000] {taskinstance.py:1956} INFO - Dependencies all met for dep_context=requeueable deps ti=<TaskInstance: tune_stream_dag.Stage_songs scheduled__2023-01-04T07:00:00+00:00 [queued]>
[2025-07-24T14:45:42.181+0000] {taskinstance.py:2170} INFO - Starting attempt 1 of 4
[2025-07-24T14:45:42.307+0000] {taskinstance.py:2191} INFO - Executing <Task(PythonOperator): Stage_songs> on 2023-01-04 07:00:00+00:00
[2025-07-24T14:45:42.376+0000] {standard_task_runner.py:60} INFO - Started process 492 to run task
[2025-07-24T14:45:42.431+0000] {standard_task_runner.py:87} INFO - Running: ['***', 'tasks', 'run', 'tune_stream_dag', 'Stage_songs', 'scheduled__2023-01-04T07:00:00+00:00', '--job-id', '662', '--raw', '--subdir', 'DAGS_FOLDER/etl_pipeline.py', '--cfg-path', '/tmp/tmpsq8wkxjj']
[2025-07-24T14:45:42.442+0000] {standard_task_runner.py:88} INFO - Job 662: Subtask Stage_songs
[2025-07-24T14:45:42.839+0000] {task_command.py:423} INFO - Running <TaskInstance: tune_stream_dag.Stage_songs scheduled__2023-01-04T07:00:00+00:00 [running]> on host aea62fae55be
[2025-07-24T14:45:43.677+0000] {taskinstance.py:2480} INFO - Exporting env vars: AIRFLOW_CTX_DAG_OWNER='genz-legend' AIRFLOW_CTX_DAG_ID='tune_stream_dag' AIRFLOW_CTX_TASK_ID='Stage_songs' AIRFLOW_CTX_EXECUTION_DATE='2023-01-04T07:00:00+00:00' AIRFLOW_CTX_TRY_NUMBER='1' AIRFLOW_CTX_DAG_RUN_ID='scheduled__2023-01-04T07:00:00+00:00'
[2025-07-24T14:45:46.412+0000] {python.py:201} INFO - Done. Returned value was: None
[2025-07-24T14:45:46.452+0000] {taskinstance.py:1138} INFO - Marking task as SUCCESS. dag_id=tune_stream_dag, task_id=Stage_songs, execution_date=20230104T070000, start_date=20250724T144542, end_date=20250724T144546
[2025-07-24T14:45:46.784+0000] {local_task_job_runner.py:234} INFO - Task exited with return code 0
[2025-07-24T14:45:46.884+0000] {taskinstance.py:3280} INFO - 0 downstream tasks scheduled from follow-on schedule check
[2025-07-24T17:29:50.494+0000] {taskinstance.py:1956} INFO - Dependencies all met for dep_context=non-requeueable deps ti=<TaskInstance: tune_stream_dag.Stage_songs scheduled__2023-01-04T07:00:00+00:00 [queued]>
[2025-07-24T17:29:50.546+0000] {taskinstance.py:1956} INFO - Dependencies all met for dep_context=requeueable deps ti=<TaskInstance: tune_stream_dag.Stage_songs scheduled__2023-01-04T07:00:00+00:00 [queued]>
[2025-07-24T17:29:50.592+0000] {taskinstance.py:2170} INFO - Starting attempt 1 of 4
[2025-07-24T17:29:50.715+0000] {taskinstance.py:2191} INFO - Executing <Task(PythonOperator): Stage_songs> on 2023-01-04 07:00:00+00:00
[2025-07-24T17:29:50.748+0000] {standard_task_runner.py:60} INFO - Started process 2807 to run task
[2025-07-24T17:29:50.778+0000] {standard_task_runner.py:87} INFO - Running: ['***', 'tasks', 'run', 'tune_stream_dag', 'Stage_songs', 'scheduled__2023-01-04T07:00:00+00:00', '--job-id', '2477', '--raw', '--subdir', 'DAGS_FOLDER/etl_pipeline.py', '--cfg-path', '/tmp/tmp492i90s6']
[2025-07-24T17:29:50.789+0000] {standard_task_runner.py:88} INFO - Job 2477: Subtask Stage_songs
[2025-07-24T17:29:51.041+0000] {task_command.py:423} INFO - Running <TaskInstance: tune_stream_dag.Stage_songs scheduled__2023-01-04T07:00:00+00:00 [running]> on host 5def55d2a1b5
[2025-07-24T17:29:51.210+0000] {taskinstance.py:2480} INFO - Exporting env vars: AIRFLOW_CTX_DAG_OWNER='genz-legend' AIRFLOW_CTX_DAG_ID='tune_stream_dag' AIRFLOW_CTX_TASK_ID='Stage_songs' AIRFLOW_CTX_EXECUTION_DATE='2023-01-04T07:00:00+00:00' AIRFLOW_CTX_TRY_NUMBER='1' AIRFLOW_CTX_DAG_RUN_ID='scheduled__2023-01-04T07:00:00+00:00'
[2025-07-24T17:29:54.260+0000] {python.py:201} INFO - Done. Returned value was: None
[2025-07-24T17:29:54.279+0000] {taskinstance.py:1138} INFO - Marking task as SUCCESS. dag_id=tune_stream_dag, task_id=Stage_songs, execution_date=20230104T070000, start_date=20250724T172950, end_date=20250724T172954
[2025-07-24T17:29:54.442+0000] {local_task_job_runner.py:234} INFO - Task exited with return code 0
[2025-07-24T17:29:54.500+0000] {taskinstance.py:3280} INFO - 0 downstream tasks scheduled from follow-on schedule check
