[2025-07-24T15:05:11.141+0000] {taskinstance.py:1956} INFO - Dependencies all met for dep_context=non-requeueable deps ti=<TaskInstance: tune_stream_dag.Load_songplays_fact_table scheduled__2023-01-04T16:00:00+00:00 [queued]>
[2025-07-24T15:05:11.149+0000] {taskinstance.py:1956} INFO - Dependencies all met for dep_context=requeueable deps ti=<TaskInstance: tune_stream_dag.Load_songplays_fact_table scheduled__2023-01-04T16:00:00+00:00 [queued]>
[2025-07-24T15:05:11.150+0000] {taskinstance.py:2170} INFO - Starting attempt 1 of 4
[2025-07-24T15:05:12.752+0000] {taskinstance.py:2191} INFO - Executing <Task(PythonOperator): Load_songplays_fact_table> on 2023-01-04 16:00:00+00:00
[2025-07-24T15:05:12.770+0000] {standard_task_runner.py:60} INFO - Started process 265 to run task
[2025-07-24T15:05:12.775+0000] {standard_task_runner.py:87} INFO - Running: ['***', 'tasks', 'run', 'tune_stream_dag', 'Load_songplays_fact_table', 'scheduled__2023-01-04T16:00:00+00:00', '--job-id', '774', '--raw', '--subdir', 'DAGS_FOLDER/etl_pipeline.py', '--cfg-path', '/tmp/tmprda_xwqw']
[2025-07-24T15:05:12.781+0000] {standard_task_runner.py:88} INFO - Job 774: Subtask Load_songplays_fact_table
[2025-07-24T15:05:12.932+0000] {task_command.py:423} INFO - Running <TaskInstance: tune_stream_dag.Load_songplays_fact_table scheduled__2023-01-04T16:00:00+00:00 [running]> on host c53547d84df1
[2025-07-24T15:05:13.413+0000] {taskinstance.py:2480} INFO - Exporting env vars: AIRFLOW_CTX_DAG_OWNER='genz-legend' AIRFLOW_CTX_DAG_ID='tune_stream_dag' AIRFLOW_CTX_TASK_ID='Load_songplays_fact_table' AIRFLOW_CTX_EXECUTION_DATE='2023-01-04T16:00:00+00:00' AIRFLOW_CTX_TRY_NUMBER='1' AIRFLOW_CTX_DAG_RUN_ID='scheduled__2023-01-04T16:00:00+00:00'
[2025-07-24T15:05:22.495+0000] {taskinstance.py:2698} ERROR - Task failed with exception
Traceback (most recent call last):
  File "/home/airflow/.local/lib/python3.8/site-packages/airflow/models/taskinstance.py", line 433, in _execute_task
    result = execute_callable(context=context, **execute_callable_kwargs)
  File "/home/airflow/.local/lib/python3.8/site-packages/airflow/operators/python.py", line 199, in execute
    return_value = self.execute_callable()
  File "/home/airflow/.local/lib/python3.8/site-packages/airflow/operators/python.py", line 216, in execute_callable
    return self.python_callable(*self.op_args, **self.op_kwargs)
  File "/opt/airflow/dags/etl_pipeline.py", line 170, in <lambda>
    python_callable=lambda: load_table(SqlQueries.songplay_table_insert, 'songplays'),
  File "/opt/airflow/dags/etl_pipeline.py", line 129, in load_table
    cur.execute(f"INSERT INTO {table} {query}")
psycopg2.errors.UniqueViolation: duplicate key value violates unique constraint "songplays_pkey"
DETAIL:  Key (playid)=(0c4ee7572a079a9e42e1127b00ad48e4) already exists.

[2025-07-24T15:05:22.516+0000] {taskinstance.py:1138} INFO - Marking task as UP_FOR_RETRY. dag_id=tune_stream_dag, task_id=Load_songplays_fact_table, execution_date=20230104T160000, start_date=20250724T150511, end_date=20250724T150522
[2025-07-24T15:05:22.535+0000] {standard_task_runner.py:107} ERROR - Failed to execute job 774 for task Load_songplays_fact_table (duplicate key value violates unique constraint "songplays_pkey"
DETAIL:  Key (playid)=(0c4ee7572a079a9e42e1127b00ad48e4) already exists.
; 265)
[2025-07-24T15:05:22.562+0000] {local_task_job_runner.py:234} INFO - Task exited with return code 1
[2025-07-24T15:05:22.702+0000] {taskinstance.py:3280} INFO - 0 downstream tasks scheduled from follow-on schedule check
[2025-07-24T17:30:55.249+0000] {taskinstance.py:1956} INFO - Dependencies all met for dep_context=non-requeueable deps ti=<TaskInstance: tune_stream_dag.Load_songplays_fact_table scheduled__2023-01-04T16:00:00+00:00 [queued]>
[2025-07-24T17:30:55.310+0000] {taskinstance.py:1956} INFO - Dependencies all met for dep_context=requeueable deps ti=<TaskInstance: tune_stream_dag.Load_songplays_fact_table scheduled__2023-01-04T16:00:00+00:00 [queued]>
[2025-07-24T17:30:55.311+0000] {taskinstance.py:2170} INFO - Starting attempt 1 of 4
[2025-07-24T17:30:55.674+0000] {taskinstance.py:2191} INFO - Executing <Task(PythonOperator): Load_songplays_fact_table> on 2023-01-04 16:00:00+00:00
[2025-07-24T17:30:55.695+0000] {standard_task_runner.py:60} INFO - Started process 2927 to run task
[2025-07-24T17:30:55.702+0000] {standard_task_runner.py:87} INFO - Running: ['***', 'tasks', 'run', 'tune_stream_dag', 'Load_songplays_fact_table', 'scheduled__2023-01-04T16:00:00+00:00', '--job-id', '2514', '--raw', '--subdir', 'DAGS_FOLDER/etl_pipeline.py', '--cfg-path', '/tmp/tmptrfd641g']
[2025-07-24T17:30:55.709+0000] {standard_task_runner.py:88} INFO - Job 2514: Subtask Load_songplays_fact_table
[2025-07-24T17:30:56.289+0000] {task_command.py:423} INFO - Running <TaskInstance: tune_stream_dag.Load_songplays_fact_table scheduled__2023-01-04T16:00:00+00:00 [running]> on host 5def55d2a1b5
[2025-07-24T17:30:57.297+0000] {taskinstance.py:2480} INFO - Exporting env vars: AIRFLOW_CTX_DAG_OWNER='genz-legend' AIRFLOW_CTX_DAG_ID='tune_stream_dag' AIRFLOW_CTX_TASK_ID='Load_songplays_fact_table' AIRFLOW_CTX_EXECUTION_DATE='2023-01-04T16:00:00+00:00' AIRFLOW_CTX_TRY_NUMBER='1' AIRFLOW_CTX_DAG_RUN_ID='scheduled__2023-01-04T16:00:00+00:00'
[2025-07-24T17:31:00.347+0000] {python.py:201} INFO - Done. Returned value was: None
[2025-07-24T17:31:00.397+0000] {taskinstance.py:1138} INFO - Marking task as SUCCESS. dag_id=tune_stream_dag, task_id=Load_songplays_fact_table, execution_date=20230104T160000, start_date=20250724T173055, end_date=20250724T173100
[2025-07-24T17:31:00.724+0000] {local_task_job_runner.py:234} INFO - Task exited with return code 0
[2025-07-24T17:31:00.805+0000] {taskinstance.py:3280} INFO - 4 downstream tasks scheduled from follow-on schedule check
