[2025-07-24T15:22:30.877+0000] {taskinstance.py:1956} INFO - Dependencies all met for dep_context=non-requeueable deps ti=<TaskInstance: tune_stream_dag.Load_time_dim_table scheduled__2023-01-05T06:00:00+00:00 [queued]>
[2025-07-24T15:22:30.931+0000] {taskinstance.py:1956} INFO - Dependencies all met for dep_context=requeueable deps ti=<TaskInstance: tune_stream_dag.Load_time_dim_table scheduled__2023-01-05T06:00:00+00:00 [queued]>
[2025-07-24T15:22:30.940+0000] {taskinstance.py:2170} INFO - Starting attempt 1 of 4
[2025-07-24T15:22:30.971+0000] {taskinstance.py:2191} INFO - Executing <Task(PythonOperator): Load_time_dim_table> on 2023-01-05 06:00:00+00:00
[2025-07-24T15:22:30.987+0000] {standard_task_runner.py:60} INFO - Started process 809 to run task
[2025-07-24T15:22:30.997+0000] {standard_task_runner.py:87} INFO - Running: ['***', 'tasks', 'run', 'tune_stream_dag', 'Load_time_dim_table', 'scheduled__2023-01-05T06:00:00+00:00', '--job-id', '866', '--raw', '--subdir', 'DAGS_FOLDER/etl_pipeline.py', '--cfg-path', '/tmp/tmpw7q_02dd']
[2025-07-24T15:22:31.042+0000] {standard_task_runner.py:88} INFO - Job 866: Subtask Load_time_dim_table
[2025-07-24T15:22:31.164+0000] {task_command.py:423} INFO - Running <TaskInstance: tune_stream_dag.Load_time_dim_table scheduled__2023-01-05T06:00:00+00:00 [running]> on host c53547d84df1
[2025-07-24T15:22:31.390+0000] {taskinstance.py:2480} INFO - Exporting env vars: AIRFLOW_CTX_DAG_OWNER='genz-legend' AIRFLOW_CTX_DAG_ID='tune_stream_dag' AIRFLOW_CTX_TASK_ID='Load_time_dim_table' AIRFLOW_CTX_EXECUTION_DATE='2023-01-05T06:00:00+00:00' AIRFLOW_CTX_TRY_NUMBER='1' AIRFLOW_CTX_DAG_RUN_ID='scheduled__2023-01-05T06:00:00+00:00'
[2025-07-24T15:22:31.410+0000] {taskinstance.py:2698} ERROR - Task failed with exception
Traceback (most recent call last):
  File "/home/airflow/.local/lib/python3.8/site-packages/airflow/models/taskinstance.py", line 433, in _execute_task
    result = execute_callable(context=context, **execute_callable_kwargs)
  File "/home/airflow/.local/lib/python3.8/site-packages/airflow/operators/python.py", line 199, in execute
    return_value = self.execute_callable()
  File "/home/airflow/.local/lib/python3.8/site-packages/airflow/operators/python.py", line 216, in execute_callable
    return self.python_callable(*self.op_args, **self.op_kwargs)
  File "/opt/airflow/dags/etl_pipeline.py", line 197, in <lambda>
    python_callable=lambda: load_table(SqlQueries.time_table_insert, 'time'),
  File "/opt/airflow/dags/etl_pipeline.py", line 132, in load_table
    cur.execute(f"INSERT INTO {table} {query}")
psycopg2.errors.InvalidParameterValue: timestamp units "dayofweek" not recognized

[2025-07-24T15:22:31.463+0000] {taskinstance.py:1138} INFO - Marking task as UP_FOR_RETRY. dag_id=tune_stream_dag, task_id=Load_time_dim_table, execution_date=20230105T060000, start_date=20250724T152230, end_date=20250724T152231
[2025-07-24T15:22:31.488+0000] {standard_task_runner.py:107} ERROR - Failed to execute job 866 for task Load_time_dim_table (timestamp units "dayofweek" not recognized
; 809)
[2025-07-24T15:22:31.544+0000] {local_task_job_runner.py:234} INFO - Task exited with return code 1
[2025-07-24T15:22:31.682+0000] {taskinstance.py:3280} INFO - 0 downstream tasks scheduled from follow-on schedule check
[2025-07-24T17:33:35.287+0000] {taskinstance.py:1956} INFO - Dependencies all met for dep_context=non-requeueable deps ti=<TaskInstance: tune_stream_dag.Load_time_dim_table scheduled__2023-01-05T06:00:00+00:00 [queued]>
[2025-07-24T17:33:35.313+0000] {taskinstance.py:1956} INFO - Dependencies all met for dep_context=requeueable deps ti=<TaskInstance: tune_stream_dag.Load_time_dim_table scheduled__2023-01-05T06:00:00+00:00 [queued]>
[2025-07-24T17:33:35.314+0000] {taskinstance.py:2170} INFO - Starting attempt 1 of 4
[2025-07-24T17:33:35.340+0000] {taskinstance.py:2191} INFO - Executing <Task(PythonOperator): Load_time_dim_table> on 2023-01-05 06:00:00+00:00
[2025-07-24T17:33:35.355+0000] {standard_task_runner.py:60} INFO - Started process 3494 to run task
[2025-07-24T17:33:35.362+0000] {standard_task_runner.py:87} INFO - Running: ['***', 'tasks', 'run', 'tune_stream_dag', 'Load_time_dim_table', 'scheduled__2023-01-05T06:00:00+00:00', '--job-id', '2690', '--raw', '--subdir', 'DAGS_FOLDER/etl_pipeline.py', '--cfg-path', '/tmp/tmpoiaigv9u']
[2025-07-24T17:33:35.367+0000] {standard_task_runner.py:88} INFO - Job 2690: Subtask Load_time_dim_table
[2025-07-24T17:33:35.529+0000] {task_command.py:423} INFO - Running <TaskInstance: tune_stream_dag.Load_time_dim_table scheduled__2023-01-05T06:00:00+00:00 [running]> on host 5def55d2a1b5
[2025-07-24T17:33:35.740+0000] {taskinstance.py:2480} INFO - Exporting env vars: AIRFLOW_CTX_DAG_OWNER='genz-legend' AIRFLOW_CTX_DAG_ID='tune_stream_dag' AIRFLOW_CTX_TASK_ID='Load_time_dim_table' AIRFLOW_CTX_EXECUTION_DATE='2023-01-05T06:00:00+00:00' AIRFLOW_CTX_TRY_NUMBER='1' AIRFLOW_CTX_DAG_RUN_ID='scheduled__2023-01-05T06:00:00+00:00'
[2025-07-24T17:33:36.319+0000] {python.py:201} INFO - Done. Returned value was: None
[2025-07-24T17:33:36.364+0000] {taskinstance.py:1138} INFO - Marking task as SUCCESS. dag_id=tune_stream_dag, task_id=Load_time_dim_table, execution_date=20230105T060000, start_date=20250724T173335, end_date=20250724T173336
[2025-07-24T17:33:36.495+0000] {local_task_job_runner.py:234} INFO - Task exited with return code 0
[2025-07-24T17:33:36.666+0000] {taskinstance.py:3280} INFO - 0 downstream tasks scheduled from follow-on schedule check
