[2025-07-24T18:01:46.993+0000] {taskinstance.py:1956} INFO - Dependencies all met for dep_context=non-requeueable deps ti=<TaskInstance: tune_stream_dag.data_quality_checks scheduled__2023-01-09T23:00:00+00:00 [queued]>
[2025-07-24T18:01:47.018+0000] {taskinstance.py:1956} INFO - Dependencies all met for dep_context=requeueable deps ti=<TaskInstance: tune_stream_dag.data_quality_checks scheduled__2023-01-09T23:00:00+00:00 [queued]>
[2025-07-24T18:01:47.020+0000] {taskinstance.py:2170} INFO - Starting attempt 2 of 4
[2025-07-24T18:01:47.048+0000] {taskinstance.py:2191} INFO - Executing <Task(PythonOperator): data_quality_checks> on 2023-01-09 23:00:00+00:00
[2025-07-24T18:01:47.059+0000] {standard_task_runner.py:60} INFO - Started process 6670 to run task
[2025-07-24T18:01:47.066+0000] {standard_task_runner.py:87} INFO - Running: ['***', 'tasks', 'run', 'tune_stream_dag', 'data_quality_checks', 'scheduled__2023-01-09T23:00:00+00:00', '--job-id', '3634', '--raw', '--subdir', 'DAGS_FOLDER/etl_pipeline.py', '--cfg-path', '/tmp/tmp_v3umo89']
[2025-07-24T18:01:47.077+0000] {standard_task_runner.py:88} INFO - Job 3634: Subtask data_quality_checks
[2025-07-24T18:01:47.202+0000] {task_command.py:423} INFO - Running <TaskInstance: tune_stream_dag.data_quality_checks scheduled__2023-01-09T23:00:00+00:00 [running]> on host 5def55d2a1b5
[2025-07-24T18:01:47.325+0000] {taskinstance.py:2480} INFO - Exporting env vars: AIRFLOW_CTX_DAG_OWNER='genz-legend' AIRFLOW_CTX_DAG_ID='tune_stream_dag' AIRFLOW_CTX_TASK_ID='data_quality_checks' AIRFLOW_CTX_EXECUTION_DATE='2023-01-09T23:00:00+00:00' AIRFLOW_CTX_TRY_NUMBER='2' AIRFLOW_CTX_DAG_RUN_ID='scheduled__2023-01-09T23:00:00+00:00'
[2025-07-24T18:01:47.334+0000] {logging_mixin.py:188} INFO - songplays passed check: is not empty
[2025-07-24T18:01:47.336+0000] {logging_mixin.py:188} INFO - users passed check: is not empty
[2025-07-24T18:01:47.337+0000] {logging_mixin.py:188} INFO - songs passed check: is not empty
[2025-07-24T18:01:47.338+0000] {logging_mixin.py:188} INFO - artists passed check: is not empty
[2025-07-24T18:01:47.339+0000] {logging_mixin.py:188} INFO - time passed check: is not empty
[2025-07-24T18:01:47.340+0000] {taskinstance.py:2698} ERROR - Task failed with exception
Traceback (most recent call last):
  File "/home/airflow/.local/lib/python3.8/site-packages/airflow/models/taskinstance.py", line 433, in _execute_task
    result = execute_callable(context=context, **execute_callable_kwargs)
  File "/home/airflow/.local/lib/python3.8/site-packages/airflow/operators/python.py", line 199, in execute
    return_value = self.execute_callable()
  File "/home/airflow/.local/lib/python3.8/site-packages/airflow/operators/python.py", line 216, in execute_callable
    return self.python_callable(*self.op_args, **self.op_kwargs)
  File "/opt/airflow/dags/etl_pipeline.py", line 168, in check_quality
    cur.execute(query)
psycopg2.errors.UndefinedColumn: column "songplay_id" does not exist
LINE 1: SELECT COUNT(*) FROM songplays WHERE songplay_id IS NULL
                                             ^

[2025-07-24T18:01:47.357+0000] {taskinstance.py:1138} INFO - Marking task as UP_FOR_RETRY. dag_id=tune_stream_dag, task_id=data_quality_checks, execution_date=20230109T230000, start_date=20250724T180146, end_date=20250724T180147
[2025-07-24T18:01:47.373+0000] {standard_task_runner.py:107} ERROR - Failed to execute job 3634 for task data_quality_checks (column "songplay_id" does not exist
LINE 1: SELECT COUNT(*) FROM songplays WHERE songplay_id IS NULL
                                             ^
; 6670)
[2025-07-24T18:01:47.398+0000] {local_task_job_runner.py:234} INFO - Task exited with return code 1
[2025-07-24T18:01:47.421+0000] {taskinstance.py:3280} INFO - 0 downstream tasks scheduled from follow-on schedule check
