[2025-07-24T15:59:51.655+0000] {taskinstance.py:1956} INFO - Dependencies all met for dep_context=non-requeueable deps ti=<TaskInstance: tune_stream_dag.Load_artist_dim_table scheduled__2023-01-01T23:00:00+00:00 [queued]>
[2025-07-24T15:59:51.686+0000] {taskinstance.py:1956} INFO - Dependencies all met for dep_context=requeueable deps ti=<TaskInstance: tune_stream_dag.Load_artist_dim_table scheduled__2023-01-01T23:00:00+00:00 [queued]>
[2025-07-24T15:59:51.687+0000] {taskinstance.py:2170} INFO - Starting attempt 1 of 4
[2025-07-24T15:59:51.719+0000] {taskinstance.py:2191} INFO - Executing <Task(PythonOperator): Load_artist_dim_table> on 2023-01-01 23:00:00+00:00
[2025-07-24T15:59:51.738+0000] {standard_task_runner.py:60} INFO - Started process 1470 to run task
[2025-07-24T15:59:51.747+0000] {standard_task_runner.py:87} INFO - Running: ['***', 'tasks', 'run', 'tune_stream_dag', 'Load_artist_dim_table', 'scheduled__2023-01-01T23:00:00+00:00', '--job-id', '1269', '--raw', '--subdir', 'DAGS_FOLDER/etl_pipeline.py', '--cfg-path', '/tmp/tmpntqi69dv']
[2025-07-24T15:59:51.751+0000] {standard_task_runner.py:88} INFO - Job 1269: Subtask Load_artist_dim_table
[2025-07-24T15:59:51.964+0000] {task_command.py:423} INFO - Running <TaskInstance: tune_stream_dag.Load_artist_dim_table scheduled__2023-01-01T23:00:00+00:00 [running]> on host c53547d84df1
[2025-07-24T15:59:52.183+0000] {taskinstance.py:2480} INFO - Exporting env vars: AIRFLOW_CTX_DAG_OWNER='genz-legend' AIRFLOW_CTX_DAG_ID='tune_stream_dag' AIRFLOW_CTX_TASK_ID='Load_artist_dim_table' AIRFLOW_CTX_EXECUTION_DATE='2023-01-01T23:00:00+00:00' AIRFLOW_CTX_TRY_NUMBER='1' AIRFLOW_CTX_DAG_RUN_ID='scheduled__2023-01-01T23:00:00+00:00'
[2025-07-24T15:59:52.203+0000] {python.py:201} INFO - Done. Returned value was: None
[2025-07-24T15:59:52.233+0000] {taskinstance.py:1138} INFO - Marking task as SUCCESS. dag_id=tune_stream_dag, task_id=Load_artist_dim_table, execution_date=20230101T230000, start_date=20250724T155951, end_date=20250724T155952
[2025-07-24T15:59:52.304+0000] {local_task_job_runner.py:234} INFO - Task exited with return code 0
[2025-07-24T15:59:52.402+0000] {taskinstance.py:3280} INFO - 0 downstream tasks scheduled from follow-on schedule check
[2025-07-24T16:34:57.969+0000] {taskinstance.py:1956} INFO - Dependencies all met for dep_context=non-requeueable deps ti=<TaskInstance: tune_stream_dag.Load_artist_dim_table scheduled__2023-01-01T23:00:00+00:00 [queued]>
[2025-07-24T16:34:58.039+0000] {taskinstance.py:1956} INFO - Dependencies all met for dep_context=requeueable deps ti=<TaskInstance: tune_stream_dag.Load_artist_dim_table scheduled__2023-01-01T23:00:00+00:00 [queued]>
[2025-07-24T16:34:58.045+0000] {taskinstance.py:2170} INFO - Starting attempt 1 of 4
[2025-07-24T16:34:58.101+0000] {taskinstance.py:2191} INFO - Executing <Task(PythonOperator): Load_artist_dim_table> on 2023-01-01 23:00:00+00:00
[2025-07-24T16:34:58.167+0000] {standard_task_runner.py:60} INFO - Started process 1322 to run task
[2025-07-24T16:34:58.194+0000] {standard_task_runner.py:87} INFO - Running: ['***', 'tasks', 'run', 'tune_stream_dag', 'Load_artist_dim_table', 'scheduled__2023-01-01T23:00:00+00:00', '--job-id', '1642', '--raw', '--subdir', 'DAGS_FOLDER/etl_pipeline.py', '--cfg-path', '/tmp/tmp1z2k5fsh']
[2025-07-24T16:34:58.215+0000] {standard_task_runner.py:88} INFO - Job 1642: Subtask Load_artist_dim_table
[2025-07-24T16:34:59.107+0000] {task_command.py:423} INFO - Running <TaskInstance: tune_stream_dag.Load_artist_dim_table scheduled__2023-01-01T23:00:00+00:00 [running]> on host c53547d84df1
[2025-07-24T16:34:59.893+0000] {taskinstance.py:2480} INFO - Exporting env vars: AIRFLOW_CTX_DAG_OWNER='genz-legend' AIRFLOW_CTX_DAG_ID='tune_stream_dag' AIRFLOW_CTX_TASK_ID='Load_artist_dim_table' AIRFLOW_CTX_EXECUTION_DATE='2023-01-01T23:00:00+00:00' AIRFLOW_CTX_TRY_NUMBER='1' AIRFLOW_CTX_DAG_RUN_ID='scheduled__2023-01-01T23:00:00+00:00'
[2025-07-24T16:35:00.188+0000] {python.py:201} INFO - Done. Returned value was: None
[2025-07-24T16:35:00.342+0000] {taskinstance.py:1138} INFO - Marking task as SUCCESS. dag_id=tune_stream_dag, task_id=Load_artist_dim_table, execution_date=20230101T230000, start_date=20250724T163458, end_date=20250724T163500
[2025-07-24T16:35:00.561+0000] {local_task_job_runner.py:234} INFO - Task exited with return code 0
[2025-07-24T16:35:00.729+0000] {taskinstance.py:3280} INFO - 0 downstream tasks scheduled from follow-on schedule check
[2025-07-24T17:13:45.402+0000] {taskinstance.py:1956} INFO - Dependencies all met for dep_context=non-requeueable deps ti=<TaskInstance: tune_stream_dag.Load_artist_dim_table scheduled__2023-01-01T23:00:00+00:00 [queued]>
[2025-07-24T17:13:45.479+0000] {taskinstance.py:1956} INFO - Dependencies all met for dep_context=requeueable deps ti=<TaskInstance: tune_stream_dag.Load_artist_dim_table scheduled__2023-01-01T23:00:00+00:00 [queued]>
[2025-07-24T17:13:45.481+0000] {taskinstance.py:2170} INFO - Starting attempt 1 of 4
[2025-07-24T17:13:45.519+0000] {taskinstance.py:2191} INFO - Executing <Task(PythonOperator): Load_artist_dim_table> on 2023-01-01 23:00:00+00:00
[2025-07-24T17:13:45.534+0000] {standard_task_runner.py:60} INFO - Started process 1295 to run task
[2025-07-24T17:13:45.557+0000] {standard_task_runner.py:87} INFO - Running: ['***', 'tasks', 'run', 'tune_stream_dag', 'Load_artist_dim_table', 'scheduled__2023-01-01T23:00:00+00:00', '--job-id', '2032', '--raw', '--subdir', 'DAGS_FOLDER/etl_pipeline.py', '--cfg-path', '/tmp/tmpzacuaziv']
[2025-07-24T17:13:45.575+0000] {standard_task_runner.py:88} INFO - Job 2032: Subtask Load_artist_dim_table
[2025-07-24T17:13:46.159+0000] {task_command.py:423} INFO - Running <TaskInstance: tune_stream_dag.Load_artist_dim_table scheduled__2023-01-01T23:00:00+00:00 [running]> on host 5def55d2a1b5
[2025-07-24T17:13:47.251+0000] {taskinstance.py:2480} INFO - Exporting env vars: AIRFLOW_CTX_DAG_OWNER='genz-legend' AIRFLOW_CTX_DAG_ID='tune_stream_dag' AIRFLOW_CTX_TASK_ID='Load_artist_dim_table' AIRFLOW_CTX_EXECUTION_DATE='2023-01-01T23:00:00+00:00' AIRFLOW_CTX_TRY_NUMBER='1' AIRFLOW_CTX_DAG_RUN_ID='scheduled__2023-01-01T23:00:00+00:00'
[2025-07-24T17:13:47.452+0000] {python.py:201} INFO - Done. Returned value was: None
[2025-07-24T17:13:47.614+0000] {taskinstance.py:1138} INFO - Marking task as SUCCESS. dag_id=tune_stream_dag, task_id=Load_artist_dim_table, execution_date=20230101T230000, start_date=20250724T171345, end_date=20250724T171347
[2025-07-24T17:13:47.924+0000] {local_task_job_runner.py:234} INFO - Task exited with return code 0
[2025-07-24T17:13:48.843+0000] {taskinstance.py:3280} INFO - 0 downstream tasks scheduled from follow-on schedule check
