[2025-07-24T15:32:49.815+0000] {taskinstance.py:1956} INFO - Dependencies all met for dep_context=non-requeueable deps ti=<TaskInstance: tune_stream_dag.Load_songplays_fact_table scheduled__2023-01-01T07:00:00+00:00 [queued]>
[2025-07-24T15:32:49.911+0000] {taskinstance.py:1956} INFO - Dependencies all met for dep_context=requeueable deps ti=<TaskInstance: tune_stream_dag.Load_songplays_fact_table scheduled__2023-01-01T07:00:00+00:00 [queued]>
[2025-07-24T15:32:49.921+0000] {taskinstance.py:2170} INFO - Starting attempt 1 of 4
[2025-07-24T15:32:49.997+0000] {taskinstance.py:2191} INFO - Executing <Task(PythonOperator): Load_songplays_fact_table> on 2023-01-01 07:00:00+00:00
[2025-07-24T15:32:50.022+0000] {standard_task_runner.py:60} INFO - Started process 254 to run task
[2025-07-24T15:32:50.032+0000] {standard_task_runner.py:87} INFO - Running: ['***', 'tasks', 'run', 'tune_stream_dag', 'Load_songplays_fact_table', 'scheduled__2023-01-01T07:00:00+00:00', '--job-id', '996', '--raw', '--subdir', 'DAGS_FOLDER/etl_pipeline.py', '--cfg-path', '/tmp/tmpon7qvnkd']
[2025-07-24T15:32:50.051+0000] {standard_task_runner.py:88} INFO - Job 996: Subtask Load_songplays_fact_table
[2025-07-24T15:32:50.476+0000] {task_command.py:423} INFO - Running <TaskInstance: tune_stream_dag.Load_songplays_fact_table scheduled__2023-01-01T07:00:00+00:00 [running]> on host c53547d84df1
[2025-07-24T15:32:50.749+0000] {taskinstance.py:2480} INFO - Exporting env vars: AIRFLOW_CTX_DAG_OWNER='genz-legend' AIRFLOW_CTX_DAG_ID='tune_stream_dag' AIRFLOW_CTX_TASK_ID='Load_songplays_fact_table' AIRFLOW_CTX_EXECUTION_DATE='2023-01-01T07:00:00+00:00' AIRFLOW_CTX_TRY_NUMBER='1' AIRFLOW_CTX_DAG_RUN_ID='scheduled__2023-01-01T07:00:00+00:00'
[2025-07-24T15:33:34.852+0000] {taskinstance.py:2698} ERROR - Task failed with exception
Traceback (most recent call last):
  File "/home/airflow/.local/lib/python3.8/site-packages/airflow/models/taskinstance.py", line 433, in _execute_task
    result = execute_callable(context=context, **execute_callable_kwargs)
  File "/home/airflow/.local/lib/python3.8/site-packages/airflow/operators/python.py", line 199, in execute
    return_value = self.execute_callable()
  File "/home/airflow/.local/lib/python3.8/site-packages/airflow/operators/python.py", line 216, in execute_callable
    return self.python_callable(*self.op_args, **self.op_kwargs)
  File "/opt/airflow/dags/etl_pipeline.py", line 173, in <lambda>
    python_callable=lambda: load_table(SqlQueries.songplay_table_insert, 'songplays'),
  File "/opt/airflow/dags/etl_pipeline.py", line 132, in load_table
    cur.execute(f"INSERT INTO {table} {query}")
psycopg2.errors.UniqueViolation: duplicate key value violates unique constraint "songplays_pkey"
DETAIL:  Key (playid)=(e30eb65b5ce5534fed9764a7996916ec) already exists.

[2025-07-24T15:33:34.982+0000] {taskinstance.py:1138} INFO - Marking task as UP_FOR_RETRY. dag_id=tune_stream_dag, task_id=Load_songplays_fact_table, execution_date=20230101T070000, start_date=20250724T153249, end_date=20250724T153334
[2025-07-24T15:33:35.029+0000] {standard_task_runner.py:107} ERROR - Failed to execute job 996 for task Load_songplays_fact_table (duplicate key value violates unique constraint "songplays_pkey"
DETAIL:  Key (playid)=(e30eb65b5ce5534fed9764a7996916ec) already exists.
; 254)
[2025-07-24T15:33:35.087+0000] {local_task_job_runner.py:234} INFO - Task exited with return code 1
[2025-07-24T15:33:35.191+0000] {taskinstance.py:3280} INFO - 0 downstream tasks scheduled from follow-on schedule check
[2025-07-24T16:16:40.236+0000] {taskinstance.py:1956} INFO - Dependencies all met for dep_context=non-requeueable deps ti=<TaskInstance: tune_stream_dag.Load_songplays_fact_table scheduled__2023-01-01T07:00:00+00:00 [queued]>
[2025-07-24T16:16:40.263+0000] {taskinstance.py:1956} INFO - Dependencies all met for dep_context=requeueable deps ti=<TaskInstance: tune_stream_dag.Load_songplays_fact_table scheduled__2023-01-01T07:00:00+00:00 [queued]>
[2025-07-24T16:16:40.264+0000] {taskinstance.py:2170} INFO - Starting attempt 1 of 4
[2025-07-24T16:16:40.293+0000] {taskinstance.py:2191} INFO - Executing <Task(PythonOperator): Load_songplays_fact_table> on 2023-01-01 07:00:00+00:00
[2025-07-24T16:16:40.319+0000] {standard_task_runner.py:60} INFO - Started process 310 to run task
[2025-07-24T16:16:40.328+0000] {standard_task_runner.py:87} INFO - Running: ['***', 'tasks', 'run', 'tune_stream_dag', 'Load_songplays_fact_table', 'scheduled__2023-01-01T07:00:00+00:00', '--job-id', '1398', '--raw', '--subdir', 'DAGS_FOLDER/etl_pipeline.py', '--cfg-path', '/tmp/tmpulxkc2ge']
[2025-07-24T16:16:40.340+0000] {standard_task_runner.py:88} INFO - Job 1398: Subtask Load_songplays_fact_table
[2025-07-24T16:16:40.892+0000] {task_command.py:423} INFO - Running <TaskInstance: tune_stream_dag.Load_songplays_fact_table scheduled__2023-01-01T07:00:00+00:00 [running]> on host c53547d84df1
[2025-07-24T16:16:41.062+0000] {taskinstance.py:2480} INFO - Exporting env vars: AIRFLOW_CTX_DAG_OWNER='genz-legend' AIRFLOW_CTX_DAG_ID='tune_stream_dag' AIRFLOW_CTX_TASK_ID='Load_songplays_fact_table' AIRFLOW_CTX_EXECUTION_DATE='2023-01-01T07:00:00+00:00' AIRFLOW_CTX_TRY_NUMBER='1' AIRFLOW_CTX_DAG_RUN_ID='scheduled__2023-01-01T07:00:00+00:00'
[2025-07-24T16:17:23.686+0000] {python.py:201} INFO - Done. Returned value was: None
[2025-07-24T16:17:23.745+0000] {taskinstance.py:1138} INFO - Marking task as SUCCESS. dag_id=tune_stream_dag, task_id=Load_songplays_fact_table, execution_date=20230101T070000, start_date=20250724T161640, end_date=20250724T161723
[2025-07-24T16:17:24.134+0000] {local_task_job_runner.py:234} INFO - Task exited with return code 0
[2025-07-24T16:17:24.215+0000] {taskinstance.py:3280} INFO - 4 downstream tasks scheduled from follow-on schedule check
[2025-07-24T16:55:45.434+0000] {taskinstance.py:1956} INFO - Dependencies all met for dep_context=non-requeueable deps ti=<TaskInstance: tune_stream_dag.Load_songplays_fact_table scheduled__2023-01-01T07:00:00+00:00 [queued]>
[2025-07-24T16:55:45.780+0000] {taskinstance.py:1956} INFO - Dependencies all met for dep_context=requeueable deps ti=<TaskInstance: tune_stream_dag.Load_songplays_fact_table scheduled__2023-01-01T07:00:00+00:00 [queued]>
[2025-07-24T16:55:45.782+0000] {taskinstance.py:2170} INFO - Starting attempt 1 of 4
[2025-07-24T16:55:46.657+0000] {taskinstance.py:2191} INFO - Executing <Task(PythonOperator): Load_songplays_fact_table> on 2023-01-01 07:00:00+00:00
[2025-07-24T16:55:46.673+0000] {standard_task_runner.py:60} INFO - Started process 267 to run task
[2025-07-24T16:55:46.681+0000] {standard_task_runner.py:87} INFO - Running: ['***', 'tasks', 'run', 'tune_stream_dag', 'Load_songplays_fact_table', 'scheduled__2023-01-01T07:00:00+00:00', '--job-id', '1784', '--raw', '--subdir', 'DAGS_FOLDER/etl_pipeline.py', '--cfg-path', '/tmp/tmpfou0qp6d']
[2025-07-24T16:55:46.684+0000] {standard_task_runner.py:88} INFO - Job 1784: Subtask Load_songplays_fact_table
[2025-07-24T16:55:47.900+0000] {task_command.py:423} INFO - Running <TaskInstance: tune_stream_dag.Load_songplays_fact_table scheduled__2023-01-01T07:00:00+00:00 [running]> on host 5def55d2a1b5
[2025-07-24T16:55:49.822+0000] {taskinstance.py:2480} INFO - Exporting env vars: AIRFLOW_CTX_DAG_OWNER='genz-legend' AIRFLOW_CTX_DAG_ID='tune_stream_dag' AIRFLOW_CTX_TASK_ID='Load_songplays_fact_table' AIRFLOW_CTX_EXECUTION_DATE='2023-01-01T07:00:00+00:00' AIRFLOW_CTX_TRY_NUMBER='1' AIRFLOW_CTX_DAG_RUN_ID='scheduled__2023-01-01T07:00:00+00:00'
[2025-07-24T16:56:34.652+0000] {python.py:201} INFO - Done. Returned value was: None
[2025-07-24T16:56:34.788+0000] {taskinstance.py:1138} INFO - Marking task as SUCCESS. dag_id=tune_stream_dag, task_id=Load_songplays_fact_table, execution_date=20230101T070000, start_date=20250724T165545, end_date=20250724T165634
[2025-07-24T16:56:36.946+0000] {local_task_job_runner.py:234} INFO - Task exited with return code 0
[2025-07-24T16:56:37.018+0000] {taskinstance.py:3280} INFO - 4 downstream tasks scheduled from follow-on schedule check
