[2025-07-24T14:29:38.328+0000] {taskinstance.py:1956} INFO - Dependencies all met for dep_context=non-requeueable deps ti=<TaskInstance: tune_stream_dag.Stage_events scheduled__2023-01-03T16:00:00+00:00 [queued]>
[2025-07-24T14:29:38.347+0000] {taskinstance.py:1956} INFO - Dependencies all met for dep_context=requeueable deps ti=<TaskInstance: tune_stream_dag.Stage_events scheduled__2023-01-03T16:00:00+00:00 [queued]>
[2025-07-24T14:29:38.348+0000] {taskinstance.py:2170} INFO - Starting attempt 1 of 4
[2025-07-24T14:29:38.382+0000] {taskinstance.py:2191} INFO - Executing <Task(PythonOperator): Stage_events> on 2023-01-03 16:00:00+00:00
[2025-07-24T14:29:38.409+0000] {standard_task_runner.py:60} INFO - Started process 839 to run task
[2025-07-24T14:29:38.416+0000] {standard_task_runner.py:87} INFO - Running: ['***', 'tasks', 'run', 'tune_stream_dag', 'Stage_events', 'scheduled__2023-01-03T16:00:00+00:00', '--job-id', '559', '--raw', '--subdir', 'DAGS_FOLDER/etl_pipeline.py', '--cfg-path', '/tmp/tmplp6n8sz3']
[2025-07-24T14:29:38.423+0000] {standard_task_runner.py:88} INFO - Job 559: Subtask Stage_events
[2025-07-24T14:29:38.568+0000] {task_command.py:423} INFO - Running <TaskInstance: tune_stream_dag.Stage_events scheduled__2023-01-03T16:00:00+00:00 [running]> on host aea62fae55be
[2025-07-24T14:29:38.726+0000] {taskinstance.py:2480} INFO - Exporting env vars: AIRFLOW_CTX_DAG_OWNER='genz-legend' AIRFLOW_CTX_DAG_ID='tune_stream_dag' AIRFLOW_CTX_TASK_ID='Stage_events' AIRFLOW_CTX_EXECUTION_DATE='2023-01-03T16:00:00+00:00' AIRFLOW_CTX_TRY_NUMBER='1' AIRFLOW_CTX_DAG_RUN_ID='scheduled__2023-01-03T16:00:00+00:00'
[2025-07-24T14:29:45.915+0000] {python.py:201} INFO - Done. Returned value was: None
[2025-07-24T14:29:46.500+0000] {taskinstance.py:1138} INFO - Marking task as SUCCESS. dag_id=tune_stream_dag, task_id=Stage_events, execution_date=20230103T160000, start_date=20250724T142938, end_date=20250724T142946
[2025-07-24T14:29:47.721+0000] {local_task_job_runner.py:234} INFO - Task exited with return code 0
[2025-07-24T14:29:48.502+0000] {taskinstance.py:3280} INFO - 0 downstream tasks scheduled from follow-on schedule check
[2025-07-24T17:27:05.791+0000] {taskinstance.py:1956} INFO - Dependencies all met for dep_context=non-requeueable deps ti=<TaskInstance: tune_stream_dag.Stage_events scheduled__2023-01-03T16:00:00+00:00 [queued]>
[2025-07-24T17:27:05.874+0000] {taskinstance.py:1956} INFO - Dependencies all met for dep_context=requeueable deps ti=<TaskInstance: tune_stream_dag.Stage_events scheduled__2023-01-03T16:00:00+00:00 [queued]>
[2025-07-24T17:27:05.876+0000] {taskinstance.py:2170} INFO - Starting attempt 1 of 4
[2025-07-24T17:27:05.898+0000] {taskinstance.py:2191} INFO - Executing <Task(PythonOperator): Stage_events> on 2023-01-03 16:00:00+00:00
[2025-07-24T17:27:05.915+0000] {standard_task_runner.py:60} INFO - Started process 2392 to run task
[2025-07-24T17:27:05.924+0000] {standard_task_runner.py:87} INFO - Running: ['***', 'tasks', 'run', 'tune_stream_dag', 'Stage_events', 'scheduled__2023-01-03T16:00:00+00:00', '--job-id', '2350', '--raw', '--subdir', 'DAGS_FOLDER/etl_pipeline.py', '--cfg-path', '/tmp/tmp1zz9esmg']
[2025-07-24T17:27:05.931+0000] {standard_task_runner.py:88} INFO - Job 2350: Subtask Stage_events
[2025-07-24T17:27:06.043+0000] {task_command.py:423} INFO - Running <TaskInstance: tune_stream_dag.Stage_events scheduled__2023-01-03T16:00:00+00:00 [running]> on host 5def55d2a1b5
[2025-07-24T17:27:06.374+0000] {taskinstance.py:2480} INFO - Exporting env vars: AIRFLOW_CTX_DAG_OWNER='genz-legend' AIRFLOW_CTX_DAG_ID='tune_stream_dag' AIRFLOW_CTX_TASK_ID='Stage_events' AIRFLOW_CTX_EXECUTION_DATE='2023-01-03T16:00:00+00:00' AIRFLOW_CTX_TRY_NUMBER='1' AIRFLOW_CTX_DAG_RUN_ID='scheduled__2023-01-03T16:00:00+00:00'
[2025-07-24T17:27:39.754+0000] {python.py:201} INFO - Done. Returned value was: None
[2025-07-24T17:27:39.911+0000] {taskinstance.py:1138} INFO - Marking task as SUCCESS. dag_id=tune_stream_dag, task_id=Stage_events, execution_date=20230103T160000, start_date=20250724T172705, end_date=20250724T172739
[2025-07-24T17:27:40.836+0000] {local_task_job_runner.py:234} INFO - Task exited with return code 0
[2025-07-24T17:27:40.886+0000] {taskinstance.py:3280} INFO - 1 downstream tasks scheduled from follow-on schedule check
