[2025-07-24T15:25:54.326+0000] {taskinstance.py:1956} INFO - Dependencies all met for dep_context=non-requeueable deps ti=<TaskInstance: tune_stream_dag.Load_artist_dim_table scheduled__2023-01-05T00:00:00+00:00 [queued]>
[2025-07-24T15:25:54.338+0000] {taskinstance.py:1956} INFO - Dependencies all met for dep_context=requeueable deps ti=<TaskInstance: tune_stream_dag.Load_artist_dim_table scheduled__2023-01-05T00:00:00+00:00 [queued]>
[2025-07-24T15:25:54.338+0000] {taskinstance.py:2170} INFO - Starting attempt 1 of 4
[2025-07-24T15:25:54.351+0000] {taskinstance.py:2191} INFO - Executing <Task(PythonOperator): Load_artist_dim_table> on 2023-01-05 00:00:00+00:00
[2025-07-24T15:25:54.360+0000] {standard_task_runner.py:60} INFO - Started process 148 to run task
[2025-07-24T15:25:54.370+0000] {standard_task_runner.py:87} INFO - Running: ['***', 'tasks', 'run', 'tune_stream_dag', 'Load_artist_dim_table', 'scheduled__2023-01-05T00:00:00+00:00', '--job-id', '905', '--raw', '--subdir', 'DAGS_FOLDER/etl_pipeline.py', '--cfg-path', '/tmp/tmpr_tk_v98']
[2025-07-24T15:25:54.376+0000] {standard_task_runner.py:88} INFO - Job 905: Subtask Load_artist_dim_table
[2025-07-24T15:25:54.504+0000] {task_command.py:423} INFO - Running <TaskInstance: tune_stream_dag.Load_artist_dim_table scheduled__2023-01-05T00:00:00+00:00 [running]> on host c53547d84df1
[2025-07-24T15:25:54.625+0000] {taskinstance.py:2480} INFO - Exporting env vars: AIRFLOW_CTX_DAG_OWNER='genz-legend' AIRFLOW_CTX_DAG_ID='tune_stream_dag' AIRFLOW_CTX_TASK_ID='Load_artist_dim_table' AIRFLOW_CTX_EXECUTION_DATE='2023-01-05T00:00:00+00:00' AIRFLOW_CTX_TRY_NUMBER='1' AIRFLOW_CTX_DAG_RUN_ID='scheduled__2023-01-05T00:00:00+00:00'
[2025-07-24T15:25:54.635+0000] {python.py:201} INFO - Done. Returned value was: None
[2025-07-24T15:25:54.646+0000] {taskinstance.py:1138} INFO - Marking task as SUCCESS. dag_id=tune_stream_dag, task_id=Load_artist_dim_table, execution_date=20230105T000000, start_date=20250724T152554, end_date=20250724T152554
[2025-07-24T15:25:54.701+0000] {local_task_job_runner.py:234} INFO - Task exited with return code 0
[2025-07-24T15:25:54.807+0000] {taskinstance.py:3280} INFO - 0 downstream tasks scheduled from follow-on schedule check
[2025-07-24T17:33:27.204+0000] {taskinstance.py:1956} INFO - Dependencies all met for dep_context=non-requeueable deps ti=<TaskInstance: tune_stream_dag.Load_artist_dim_table scheduled__2023-01-05T00:00:00+00:00 [queued]>
[2025-07-24T17:33:27.273+0000] {taskinstance.py:1956} INFO - Dependencies all met for dep_context=requeueable deps ti=<TaskInstance: tune_stream_dag.Load_artist_dim_table scheduled__2023-01-05T00:00:00+00:00 [queued]>
[2025-07-24T17:33:27.284+0000] {taskinstance.py:2170} INFO - Starting attempt 1 of 4
[2025-07-24T17:33:27.807+0000] {taskinstance.py:2191} INFO - Executing <Task(PythonOperator): Load_artist_dim_table> on 2023-01-05 00:00:00+00:00
[2025-07-24T17:33:27.861+0000] {standard_task_runner.py:60} INFO - Started process 3441 to run task
[2025-07-24T17:33:27.880+0000] {standard_task_runner.py:87} INFO - Running: ['***', 'tasks', 'run', 'tune_stream_dag', 'Load_artist_dim_table', 'scheduled__2023-01-05T00:00:00+00:00', '--job-id', '2668', '--raw', '--subdir', 'DAGS_FOLDER/etl_pipeline.py', '--cfg-path', '/tmp/tmpceo6kfb0']
[2025-07-24T17:33:27.891+0000] {standard_task_runner.py:88} INFO - Job 2668: Subtask Load_artist_dim_table
[2025-07-24T17:33:28.787+0000] {task_command.py:423} INFO - Running <TaskInstance: tune_stream_dag.Load_artist_dim_table scheduled__2023-01-05T00:00:00+00:00 [running]> on host 5def55d2a1b5
[2025-07-24T17:33:29.420+0000] {taskinstance.py:2480} INFO - Exporting env vars: AIRFLOW_CTX_DAG_OWNER='genz-legend' AIRFLOW_CTX_DAG_ID='tune_stream_dag' AIRFLOW_CTX_TASK_ID='Load_artist_dim_table' AIRFLOW_CTX_EXECUTION_DATE='2023-01-05T00:00:00+00:00' AIRFLOW_CTX_TRY_NUMBER='1' AIRFLOW_CTX_DAG_RUN_ID='scheduled__2023-01-05T00:00:00+00:00'
[2025-07-24T17:33:29.592+0000] {python.py:201} INFO - Done. Returned value was: None
[2025-07-24T17:33:29.624+0000] {taskinstance.py:1138} INFO - Marking task as SUCCESS. dag_id=tune_stream_dag, task_id=Load_artist_dim_table, execution_date=20230105T000000, start_date=20250724T173327, end_date=20250724T173329
[2025-07-24T17:33:29.770+0000] {local_task_job_runner.py:234} INFO - Task exited with return code 0
[2025-07-24T17:33:29.823+0000] {taskinstance.py:3280} INFO - 1 downstream tasks scheduled from follow-on schedule check
