[2025-07-24T15:33:47.462+0000] {taskinstance.py:1956} INFO - Dependencies all met for dep_context=non-requeueable deps ti=<TaskInstance: tune_stream_dag.Load_artist_dim_table scheduled__2023-01-01T00:00:00+00:00 [queued]>
[2025-07-24T15:33:47.485+0000] {taskinstance.py:1956} INFO - Dependencies all met for dep_context=requeueable deps ti=<TaskInstance: tune_stream_dag.Load_artist_dim_table scheduled__2023-01-01T00:00:00+00:00 [queued]>
[2025-07-24T15:33:47.572+0000] {taskinstance.py:2170} INFO - Starting attempt 1 of 4
[2025-07-24T15:33:47.780+0000] {taskinstance.py:2191} INFO - Executing <Task(PythonOperator): Load_artist_dim_table> on 2023-01-01 00:00:00+00:00
[2025-07-24T15:33:47.824+0000] {standard_task_runner.py:60} INFO - Started process 336 to run task
[2025-07-24T15:33:47.830+0000] {standard_task_runner.py:87} INFO - Running: ['***', 'tasks', 'run', 'tune_stream_dag', 'Load_artist_dim_table', 'scheduled__2023-01-01T00:00:00+00:00', '--job-id', '1016', '--raw', '--subdir', 'DAGS_FOLDER/etl_pipeline.py', '--cfg-path', '/tmp/tmpconmbngv']
[2025-07-24T15:33:47.847+0000] {standard_task_runner.py:88} INFO - Job 1016: Subtask Load_artist_dim_table
[2025-07-24T15:33:48.124+0000] {task_command.py:423} INFO - Running <TaskInstance: tune_stream_dag.Load_artist_dim_table scheduled__2023-01-01T00:00:00+00:00 [running]> on host c53547d84df1
[2025-07-24T15:33:48.336+0000] {taskinstance.py:2480} INFO - Exporting env vars: AIRFLOW_CTX_DAG_OWNER='genz-legend' AIRFLOW_CTX_DAG_ID='tune_stream_dag' AIRFLOW_CTX_TASK_ID='Load_artist_dim_table' AIRFLOW_CTX_EXECUTION_DATE='2023-01-01T00:00:00+00:00' AIRFLOW_CTX_TRY_NUMBER='1' AIRFLOW_CTX_DAG_RUN_ID='scheduled__2023-01-01T00:00:00+00:00'
[2025-07-24T15:33:48.404+0000] {python.py:201} INFO - Done. Returned value was: None
[2025-07-24T15:33:48.432+0000] {taskinstance.py:1138} INFO - Marking task as SUCCESS. dag_id=tune_stream_dag, task_id=Load_artist_dim_table, execution_date=20230101T000000, start_date=20250724T153347, end_date=20250724T153348
[2025-07-24T15:33:48.500+0000] {local_task_job_runner.py:234} INFO - Task exited with return code 0
[2025-07-24T15:33:48.561+0000] {taskinstance.py:3280} INFO - 0 downstream tasks scheduled from follow-on schedule check
[2025-07-24T16:17:49.297+0000] {taskinstance.py:1956} INFO - Dependencies all met for dep_context=non-requeueable deps ti=<TaskInstance: tune_stream_dag.Load_artist_dim_table scheduled__2023-01-01T00:00:00+00:00 [queued]>
[2025-07-24T16:17:49.414+0000] {taskinstance.py:1956} INFO - Dependencies all met for dep_context=requeueable deps ti=<TaskInstance: tune_stream_dag.Load_artist_dim_table scheduled__2023-01-01T00:00:00+00:00 [queued]>
[2025-07-24T16:17:49.440+0000] {taskinstance.py:2170} INFO - Starting attempt 1 of 4
[2025-07-24T16:17:49.614+0000] {taskinstance.py:2191} INFO - Executing <Task(PythonOperator): Load_artist_dim_table> on 2023-01-01 00:00:00+00:00
[2025-07-24T16:17:49.714+0000] {standard_task_runner.py:60} INFO - Started process 382 to run task
[2025-07-24T16:17:49.754+0000] {standard_task_runner.py:87} INFO - Running: ['***', 'tasks', 'run', 'tune_stream_dag', 'Load_artist_dim_table', 'scheduled__2023-01-01T00:00:00+00:00', '--job-id', '1412', '--raw', '--subdir', 'DAGS_FOLDER/etl_pipeline.py', '--cfg-path', '/tmp/tmpfre0cerj']
[2025-07-24T16:17:49.883+0000] {standard_task_runner.py:88} INFO - Job 1412: Subtask Load_artist_dim_table
[2025-07-24T16:17:50.513+0000] {task_command.py:423} INFO - Running <TaskInstance: tune_stream_dag.Load_artist_dim_table scheduled__2023-01-01T00:00:00+00:00 [running]> on host c53547d84df1
[2025-07-24T16:17:51.393+0000] {taskinstance.py:2480} INFO - Exporting env vars: AIRFLOW_CTX_DAG_OWNER='genz-legend' AIRFLOW_CTX_DAG_ID='tune_stream_dag' AIRFLOW_CTX_TASK_ID='Load_artist_dim_table' AIRFLOW_CTX_EXECUTION_DATE='2023-01-01T00:00:00+00:00' AIRFLOW_CTX_TRY_NUMBER='1' AIRFLOW_CTX_DAG_RUN_ID='scheduled__2023-01-01T00:00:00+00:00'
[2025-07-24T16:17:51.522+0000] {python.py:201} INFO - Done. Returned value was: None
[2025-07-24T16:17:51.567+0000] {taskinstance.py:1138} INFO - Marking task as SUCCESS. dag_id=tune_stream_dag, task_id=Load_artist_dim_table, execution_date=20230101T000000, start_date=20250724T161749, end_date=20250724T161751
[2025-07-24T16:17:51.783+0000] {local_task_job_runner.py:234} INFO - Task exited with return code 0
[2025-07-24T16:17:51.871+0000] {taskinstance.py:3280} INFO - 0 downstream tasks scheduled from follow-on schedule check
[2025-07-24T16:56:57.591+0000] {taskinstance.py:1956} INFO - Dependencies all met for dep_context=non-requeueable deps ti=<TaskInstance: tune_stream_dag.Load_artist_dim_table scheduled__2023-01-01T00:00:00+00:00 [queued]>
[2025-07-24T16:56:57.645+0000] {taskinstance.py:1956} INFO - Dependencies all met for dep_context=requeueable deps ti=<TaskInstance: tune_stream_dag.Load_artist_dim_table scheduled__2023-01-01T00:00:00+00:00 [queued]>
[2025-07-24T16:56:57.648+0000] {taskinstance.py:2170} INFO - Starting attempt 1 of 4
[2025-07-24T16:56:57.937+0000] {taskinstance.py:2191} INFO - Executing <Task(PythonOperator): Load_artist_dim_table> on 2023-01-01 00:00:00+00:00
[2025-07-24T16:56:57.962+0000] {standard_task_runner.py:60} INFO - Started process 363 to run task
[2025-07-24T16:56:57.990+0000] {standard_task_runner.py:87} INFO - Running: ['***', 'tasks', 'run', 'tune_stream_dag', 'Load_artist_dim_table', 'scheduled__2023-01-01T00:00:00+00:00', '--job-id', '1806', '--raw', '--subdir', 'DAGS_FOLDER/etl_pipeline.py', '--cfg-path', '/tmp/tmpd5dt7es7']
[2025-07-24T16:56:57.999+0000] {standard_task_runner.py:88} INFO - Job 1806: Subtask Load_artist_dim_table
[2025-07-24T16:56:58.691+0000] {task_command.py:423} INFO - Running <TaskInstance: tune_stream_dag.Load_artist_dim_table scheduled__2023-01-01T00:00:00+00:00 [running]> on host 5def55d2a1b5
[2025-07-24T16:57:01.369+0000] {taskinstance.py:2480} INFO - Exporting env vars: AIRFLOW_CTX_DAG_OWNER='genz-legend' AIRFLOW_CTX_DAG_ID='tune_stream_dag' AIRFLOW_CTX_TASK_ID='Load_artist_dim_table' AIRFLOW_CTX_EXECUTION_DATE='2023-01-01T00:00:00+00:00' AIRFLOW_CTX_TRY_NUMBER='1' AIRFLOW_CTX_DAG_RUN_ID='scheduled__2023-01-01T00:00:00+00:00'
[2025-07-24T16:57:01.416+0000] {python.py:201} INFO - Done. Returned value was: None
[2025-07-24T16:57:01.500+0000] {taskinstance.py:1138} INFO - Marking task as SUCCESS. dag_id=tune_stream_dag, task_id=Load_artist_dim_table, execution_date=20230101T000000, start_date=20250724T165657, end_date=20250724T165701
[2025-07-24T16:57:01.614+0000] {local_task_job_runner.py:234} INFO - Task exited with return code 0
[2025-07-24T16:57:02.312+0000] {taskinstance.py:3280} INFO - 0 downstream tasks scheduled from follow-on schedule check
