[2025-07-24T16:33:39.723+0000] {taskinstance.py:1956} INFO - Dependencies all met for dep_context=non-requeueable deps ti=<TaskInstance: tune_stream_dag.Load_user_dim_table manual__2025-07-24T16:12:07.839142+00:00 [queued]>
[2025-07-24T16:33:39.735+0000] {taskinstance.py:1956} INFO - Dependencies all met for dep_context=requeueable deps ti=<TaskInstance: tune_stream_dag.Load_user_dim_table manual__2025-07-24T16:12:07.839142+00:00 [queued]>
[2025-07-24T16:33:39.738+0000] {taskinstance.py:2170} INFO - Starting attempt 4 of 4
[2025-07-24T16:33:39.763+0000] {taskinstance.py:2191} INFO - Executing <Task(PythonOperator): Load_user_dim_table> on 2025-07-24 16:12:07.839142+00:00
[2025-07-24T16:33:39.772+0000] {standard_task_runner.py:60} INFO - Started process 1084 to run task
[2025-07-24T16:33:39.776+0000] {standard_task_runner.py:87} INFO - Running: ['***', 'tasks', 'run', 'tune_stream_dag', 'Load_user_dim_table', 'manual__2025-07-24T16:12:07.839142+00:00', '--job-id', '1575', '--raw', '--subdir', 'DAGS_FOLDER/etl_pipeline.py', '--cfg-path', '/tmp/tmpp78s6y2d']
[2025-07-24T16:33:39.779+0000] {standard_task_runner.py:88} INFO - Job 1575: Subtask Load_user_dim_table
[2025-07-24T16:33:39.858+0000] {task_command.py:423} INFO - Running <TaskInstance: tune_stream_dag.Load_user_dim_table manual__2025-07-24T16:12:07.839142+00:00 [running]> on host c53547d84df1
[2025-07-24T16:33:39.946+0000] {taskinstance.py:2480} INFO - Exporting env vars: AIRFLOW_CTX_DAG_OWNER='genz-legend' AIRFLOW_CTX_DAG_ID='tune_stream_dag' AIRFLOW_CTX_TASK_ID='Load_user_dim_table' AIRFLOW_CTX_EXECUTION_DATE='2025-07-24T16:12:07.839142+00:00' AIRFLOW_CTX_TRY_NUMBER='4' AIRFLOW_CTX_DAG_RUN_ID='manual__2025-07-24T16:12:07.839142+00:00'
[2025-07-24T16:33:43.435+0000] {taskinstance.py:2698} ERROR - Task failed with exception
Traceback (most recent call last):
  File "/home/airflow/.local/lib/python3.8/site-packages/airflow/models/taskinstance.py", line 433, in _execute_task
    result = execute_callable(context=context, **execute_callable_kwargs)
  File "/home/airflow/.local/lib/python3.8/site-packages/airflow/operators/python.py", line 199, in execute
    return_value = self.execute_callable()
  File "/home/airflow/.local/lib/python3.8/site-packages/airflow/operators/python.py", line 216, in execute_callable
    return self.python_callable(*self.op_args, **self.op_kwargs)
  File "/opt/airflow/dags/etl_pipeline.py", line 179, in <lambda>
    python_callable=lambda: load_table(SqlQueries.user_table_insert, 'users'),
  File "/opt/airflow/dags/etl_pipeline.py", line 132, in load_table
    cur.execute(f"INSERT INTO {table} {query}")
psycopg2.errors.UniqueViolation: duplicate key value violates unique constraint "users_pkey"
DETAIL:  Key (userid)=(88) already exists.

[2025-07-24T16:33:43.596+0000] {taskinstance.py:1138} INFO - Marking task as FAILED. dag_id=tune_stream_dag, task_id=Load_user_dim_table, execution_date=20250724T161207, start_date=20250724T163339, end_date=20250724T163343
[2025-07-24T16:33:44.140+0000] {standard_task_runner.py:107} ERROR - Failed to execute job 1575 for task Load_user_dim_table (duplicate key value violates unique constraint "users_pkey"
DETAIL:  Key (userid)=(88) already exists.
; 1084)
[2025-07-24T16:33:44.273+0000] {local_task_job_runner.py:234} INFO - Task exited with return code 1
[2025-07-24T16:33:44.674+0000] {taskinstance.py:3280} INFO - 0 downstream tasks scheduled from follow-on schedule check
