[2025-07-24T13:53:37.523+0000] {taskinstance.py:1956} INFO - Dependencies all met for dep_context=non-requeueable deps ti=<TaskInstance: tune_stream_dag.Load_songplays_fact_table scheduled__2023-01-02T18:00:00+00:00 [queued]>
[2025-07-24T13:53:37.534+0000] {taskinstance.py:1956} INFO - Dependencies all met for dep_context=requeueable deps ti=<TaskInstance: tune_stream_dag.Load_songplays_fact_table scheduled__2023-01-02T18:00:00+00:00 [queued]>
[2025-07-24T13:53:37.534+0000] {taskinstance.py:2170} INFO - Starting attempt 1 of 4
[2025-07-24T13:53:37.549+0000] {taskinstance.py:2191} INFO - Executing <Task(PythonOperator): Load_songplays_fact_table> on 2023-01-02 18:00:00+00:00
[2025-07-24T13:53:37.555+0000] {standard_task_runner.py:60} INFO - Started process 550 to run task
[2025-07-24T13:53:37.558+0000] {standard_task_runner.py:87} INFO - Running: ['***', 'tasks', 'run', 'tune_stream_dag', 'Load_songplays_fact_table', 'scheduled__2023-01-02T18:00:00+00:00', '--job-id', '395', '--raw', '--subdir', 'DAGS_FOLDER/etl_pipeline.py', '--cfg-path', '/tmp/tmpta6zp13s']
[2025-07-24T13:53:37.562+0000] {standard_task_runner.py:88} INFO - Job 395: Subtask Load_songplays_fact_table
[2025-07-24T13:53:37.641+0000] {task_command.py:423} INFO - Running <TaskInstance: tune_stream_dag.Load_songplays_fact_table scheduled__2023-01-02T18:00:00+00:00 [running]> on host a4bcda7cb679
[2025-07-24T13:53:37.776+0000] {taskinstance.py:2480} INFO - Exporting env vars: AIRFLOW_CTX_DAG_OWNER='genz-legend' AIRFLOW_CTX_DAG_ID='tune_stream_dag' AIRFLOW_CTX_TASK_ID='Load_songplays_fact_table' AIRFLOW_CTX_EXECUTION_DATE='2023-01-02T18:00:00+00:00' AIRFLOW_CTX_TRY_NUMBER='1' AIRFLOW_CTX_DAG_RUN_ID='scheduled__2023-01-02T18:00:00+00:00'
[2025-07-24T13:53:37.789+0000] {taskinstance.py:2698} ERROR - Task failed with exception
Traceback (most recent call last):
  File "/home/airflow/.local/lib/python3.8/site-packages/airflow/models/taskinstance.py", line 433, in _execute_task
    result = execute_callable(context=context, **execute_callable_kwargs)
  File "/home/airflow/.local/lib/python3.8/site-packages/airflow/operators/python.py", line 199, in execute
    return_value = self.execute_callable()
  File "/home/airflow/.local/lib/python3.8/site-packages/airflow/operators/python.py", line 216, in execute_callable
    return self.python_callable(*self.op_args, **self.op_kwargs)
  File "/opt/airflow/dags/etl_pipeline.py", line 168, in <lambda>
    python_callable=lambda: load_table(SqlQueries.songplay_table_insert),
  File "/opt/airflow/dags/etl_pipeline.py", line 127, in load_table
    cur.execute(f"DELETE FROM {query.split()[3]}")
psycopg2.errors.SyntaxError: syntax error at or near ")"
LINE 1: DELETE FROM events.start_time)
                                     ^

[2025-07-24T13:53:37.807+0000] {taskinstance.py:1138} INFO - Marking task as UP_FOR_RETRY. dag_id=tune_stream_dag, task_id=Load_songplays_fact_table, execution_date=20230102T180000, start_date=20250724T135337, end_date=20250724T135337
[2025-07-24T13:53:37.821+0000] {standard_task_runner.py:107} ERROR - Failed to execute job 395 for task Load_songplays_fact_table (syntax error at or near ")"
LINE 1: DELETE FROM events.start_time)
                                     ^
; 550)
[2025-07-24T13:53:37.852+0000] {local_task_job_runner.py:234} INFO - Task exited with return code 1
[2025-07-24T13:53:37.892+0000] {taskinstance.py:3280} INFO - 0 downstream tasks scheduled from follow-on schedule check
[2025-07-24T17:19:02.545+0000] {taskinstance.py:1956} INFO - Dependencies all met for dep_context=non-requeueable deps ti=<TaskInstance: tune_stream_dag.Load_songplays_fact_table scheduled__2023-01-02T18:00:00+00:00 [queued]>
[2025-07-24T17:19:02.609+0000] {taskinstance.py:1956} INFO - Dependencies all met for dep_context=requeueable deps ti=<TaskInstance: tune_stream_dag.Load_songplays_fact_table scheduled__2023-01-02T18:00:00+00:00 [queued]>
[2025-07-24T17:19:02.611+0000] {taskinstance.py:2170} INFO - Starting attempt 1 of 4
[2025-07-24T17:19:02.815+0000] {taskinstance.py:2191} INFO - Executing <Task(PythonOperator): Load_songplays_fact_table> on 2023-01-02 18:00:00+00:00
[2025-07-24T17:19:02.938+0000] {standard_task_runner.py:60} INFO - Started process 1775 to run task
[2025-07-24T17:19:02.982+0000] {standard_task_runner.py:87} INFO - Running: ['***', 'tasks', 'run', 'tune_stream_dag', 'Load_songplays_fact_table', 'scheduled__2023-01-02T18:00:00+00:00', '--job-id', '2169', '--raw', '--subdir', 'DAGS_FOLDER/etl_pipeline.py', '--cfg-path', '/tmp/tmp8m0u58dy']
[2025-07-24T17:19:02.995+0000] {standard_task_runner.py:88} INFO - Job 2169: Subtask Load_songplays_fact_table
[2025-07-24T17:19:03.603+0000] {task_command.py:423} INFO - Running <TaskInstance: tune_stream_dag.Load_songplays_fact_table scheduled__2023-01-02T18:00:00+00:00 [running]> on host 5def55d2a1b5
[2025-07-24T17:19:04.427+0000] {taskinstance.py:2480} INFO - Exporting env vars: AIRFLOW_CTX_DAG_OWNER='genz-legend' AIRFLOW_CTX_DAG_ID='tune_stream_dag' AIRFLOW_CTX_TASK_ID='Load_songplays_fact_table' AIRFLOW_CTX_EXECUTION_DATE='2023-01-02T18:00:00+00:00' AIRFLOW_CTX_TRY_NUMBER='1' AIRFLOW_CTX_DAG_RUN_ID='scheduled__2023-01-02T18:00:00+00:00'
[2025-07-24T17:19:05.495+0000] {python.py:201} INFO - Done. Returned value was: None
[2025-07-24T17:19:05.585+0000] {taskinstance.py:1138} INFO - Marking task as SUCCESS. dag_id=tune_stream_dag, task_id=Load_songplays_fact_table, execution_date=20230102T180000, start_date=20250724T171902, end_date=20250724T171905
[2025-07-24T17:19:06.301+0000] {local_task_job_runner.py:234} INFO - Task exited with return code 0
[2025-07-24T17:19:06.615+0000] {taskinstance.py:3280} INFO - 4 downstream tasks scheduled from follow-on schedule check
