[2025-07-24T14:45:42.819+0000] {taskinstance.py:1956} INFO - Dependencies all met for dep_context=non-requeueable deps ti=<TaskInstance: tune_stream_dag.Stage_events scheduled__2023-01-04T07:00:00+00:00 [queued]>
[2025-07-24T14:45:42.858+0000] {taskinstance.py:1956} INFO - Dependencies all met for dep_context=requeueable deps ti=<TaskInstance: tune_stream_dag.Stage_events scheduled__2023-01-04T07:00:00+00:00 [queued]>
[2025-07-24T14:45:42.860+0000] {taskinstance.py:2170} INFO - Starting attempt 1 of 4
[2025-07-24T14:45:42.929+0000] {taskinstance.py:2191} INFO - Executing <Task(PythonOperator): Stage_events> on 2023-01-04 07:00:00+00:00
[2025-07-24T14:45:42.987+0000] {standard_task_runner.py:60} INFO - Started process 495 to run task
[2025-07-24T14:45:43.056+0000] {standard_task_runner.py:87} INFO - Running: ['***', 'tasks', 'run', 'tune_stream_dag', 'Stage_events', 'scheduled__2023-01-04T07:00:00+00:00', '--job-id', '663', '--raw', '--subdir', 'DAGS_FOLDER/etl_pipeline.py', '--cfg-path', '/tmp/tmpahtb2iq_']
[2025-07-24T14:45:43.112+0000] {standard_task_runner.py:88} INFO - Job 663: Subtask Stage_events
[2025-07-24T14:45:43.831+0000] {task_command.py:423} INFO - Running <TaskInstance: tune_stream_dag.Stage_events scheduled__2023-01-04T07:00:00+00:00 [running]> on host aea62fae55be
[2025-07-24T14:45:44.100+0000] {taskinstance.py:2480} INFO - Exporting env vars: AIRFLOW_CTX_DAG_OWNER='genz-legend' AIRFLOW_CTX_DAG_ID='tune_stream_dag' AIRFLOW_CTX_TASK_ID='Stage_events' AIRFLOW_CTX_EXECUTION_DATE='2023-01-04T07:00:00+00:00' AIRFLOW_CTX_TRY_NUMBER='1' AIRFLOW_CTX_DAG_RUN_ID='scheduled__2023-01-04T07:00:00+00:00'
[2025-07-24T14:45:54.064+0000] {python.py:201} INFO - Done. Returned value was: None
[2025-07-24T14:45:54.213+0000] {taskinstance.py:1138} INFO - Marking task as SUCCESS. dag_id=tune_stream_dag, task_id=Stage_events, execution_date=20230104T070000, start_date=20250724T144542, end_date=20250724T144554
[2025-07-24T14:45:54.413+0000] {local_task_job_runner.py:234} INFO - Task exited with return code 0
[2025-07-24T14:45:54.456+0000] {taskinstance.py:3280} INFO - 1 downstream tasks scheduled from follow-on schedule check
[2025-07-24T17:29:44.446+0000] {taskinstance.py:1956} INFO - Dependencies all met for dep_context=non-requeueable deps ti=<TaskInstance: tune_stream_dag.Stage_events scheduled__2023-01-04T07:00:00+00:00 [queued]>
[2025-07-24T17:29:44.485+0000] {taskinstance.py:1956} INFO - Dependencies all met for dep_context=requeueable deps ti=<TaskInstance: tune_stream_dag.Stage_events scheduled__2023-01-04T07:00:00+00:00 [queued]>
[2025-07-24T17:29:44.486+0000] {taskinstance.py:2170} INFO - Starting attempt 1 of 4
[2025-07-24T17:29:44.651+0000] {taskinstance.py:2191} INFO - Executing <Task(PythonOperator): Stage_events> on 2023-01-04 07:00:00+00:00
[2025-07-24T17:29:44.677+0000] {standard_task_runner.py:60} INFO - Started process 2796 to run task
[2025-07-24T17:29:44.695+0000] {standard_task_runner.py:87} INFO - Running: ['***', 'tasks', 'run', 'tune_stream_dag', 'Stage_events', 'scheduled__2023-01-04T07:00:00+00:00', '--job-id', '2474', '--raw', '--subdir', 'DAGS_FOLDER/etl_pipeline.py', '--cfg-path', '/tmp/tmpicquo9pa']
[2025-07-24T17:29:44.706+0000] {standard_task_runner.py:88} INFO - Job 2474: Subtask Stage_events
[2025-07-24T17:29:45.254+0000] {task_command.py:423} INFO - Running <TaskInstance: tune_stream_dag.Stage_events scheduled__2023-01-04T07:00:00+00:00 [running]> on host 5def55d2a1b5
[2025-07-24T17:29:46.405+0000] {taskinstance.py:2480} INFO - Exporting env vars: AIRFLOW_CTX_DAG_OWNER='genz-legend' AIRFLOW_CTX_DAG_ID='tune_stream_dag' AIRFLOW_CTX_TASK_ID='Stage_events' AIRFLOW_CTX_EXECUTION_DATE='2023-01-04T07:00:00+00:00' AIRFLOW_CTX_TRY_NUMBER='1' AIRFLOW_CTX_DAG_RUN_ID='scheduled__2023-01-04T07:00:00+00:00'
[2025-07-24T17:30:12.591+0000] {python.py:201} INFO - Done. Returned value was: None
[2025-07-24T17:30:12.645+0000] {taskinstance.py:1138} INFO - Marking task as SUCCESS. dag_id=tune_stream_dag, task_id=Stage_events, execution_date=20230104T070000, start_date=20250724T172944, end_date=20250724T173012
[2025-07-24T17:30:12.722+0000] {local_task_job_runner.py:234} INFO - Task exited with return code 0
[2025-07-24T17:30:12.781+0000] {taskinstance.py:3280} INFO - 1 downstream tasks scheduled from follow-on schedule check
