[2025-07-24T14:14:14.499+0000] {taskinstance.py:1956} INFO - Dependencies all met for dep_context=non-requeueable deps ti=<TaskInstance: tune_stream_dag.Load_songplays_fact_table scheduled__2023-01-02T23:00:00+00:00 [queued]>
[2025-07-24T14:14:14.572+0000] {taskinstance.py:1956} INFO - Dependencies all met for dep_context=requeueable deps ti=<TaskInstance: tune_stream_dag.Load_songplays_fact_table scheduled__2023-01-02T23:00:00+00:00 [queued]>
[2025-07-24T14:14:14.586+0000] {taskinstance.py:2170} INFO - Starting attempt 1 of 4
[2025-07-24T14:14:15.064+0000] {taskinstance.py:2191} INFO - Executing <Task(PythonOperator): Load_songplays_fact_table> on 2023-01-02 23:00:00+00:00
[2025-07-24T14:14:15.082+0000] {standard_task_runner.py:60} INFO - Started process 388 to run task
[2025-07-24T14:14:15.093+0000] {standard_task_runner.py:87} INFO - Running: ['***', 'tasks', 'run', 'tune_stream_dag', 'Load_songplays_fact_table', 'scheduled__2023-01-02T23:00:00+00:00', '--job-id', '483', '--raw', '--subdir', 'DAGS_FOLDER/etl_pipeline.py', '--cfg-path', '/tmp/tmp4k_2sero']
[2025-07-24T14:14:15.108+0000] {standard_task_runner.py:88} INFO - Job 483: Subtask Load_songplays_fact_table
[2025-07-24T14:14:15.335+0000] {task_command.py:423} INFO - Running <TaskInstance: tune_stream_dag.Load_songplays_fact_table scheduled__2023-01-02T23:00:00+00:00 [running]> on host aea62fae55be
[2025-07-24T14:14:15.648+0000] {taskinstance.py:2480} INFO - Exporting env vars: AIRFLOW_CTX_DAG_OWNER='genz-legend' AIRFLOW_CTX_DAG_ID='tune_stream_dag' AIRFLOW_CTX_TASK_ID='Load_songplays_fact_table' AIRFLOW_CTX_EXECUTION_DATE='2023-01-02T23:00:00+00:00' AIRFLOW_CTX_TRY_NUMBER='1' AIRFLOW_CTX_DAG_RUN_ID='scheduled__2023-01-02T23:00:00+00:00'
[2025-07-24T14:14:15.679+0000] {taskinstance.py:2698} ERROR - Task failed with exception
Traceback (most recent call last):
  File "/home/airflow/.local/lib/python3.8/site-packages/airflow/models/taskinstance.py", line 433, in _execute_task
    result = execute_callable(context=context, **execute_callable_kwargs)
  File "/home/airflow/.local/lib/python3.8/site-packages/airflow/operators/python.py", line 199, in execute
    return_value = self.execute_callable()
  File "/home/airflow/.local/lib/python3.8/site-packages/airflow/operators/python.py", line 216, in execute_callable
    return self.python_callable(*self.op_args, **self.op_kwargs)
  File "/opt/airflow/dags/etl_pipeline.py", line 164, in <lambda>
    python_callable=lambda: load_table(SqlQueries.songplay_table_insert),
  File "/opt/airflow/dags/etl_pipeline.py", line 123, in load_table
    cur.execute(f"DELETE FROM {query.split()[3]}")
psycopg2.errors.SyntaxError: syntax error at or near ")"
LINE 1: DELETE FROM events.start_time)
                                     ^

[2025-07-24T14:14:15.740+0000] {taskinstance.py:1138} INFO - Marking task as UP_FOR_RETRY. dag_id=tune_stream_dag, task_id=Load_songplays_fact_table, execution_date=20230102T230000, start_date=20250724T141414, end_date=20250724T141415
[2025-07-24T14:14:15.803+0000] {standard_task_runner.py:107} ERROR - Failed to execute job 483 for task Load_songplays_fact_table (syntax error at or near ")"
LINE 1: DELETE FROM events.start_time)
                                     ^
; 388)
[2025-07-24T14:14:15.861+0000] {local_task_job_runner.py:234} INFO - Task exited with return code 1
[2025-07-24T14:14:15.955+0000] {taskinstance.py:3280} INFO - 0 downstream tasks scheduled from follow-on schedule check
[2025-07-24T17:24:49.951+0000] {taskinstance.py:1956} INFO - Dependencies all met for dep_context=non-requeueable deps ti=<TaskInstance: tune_stream_dag.Load_songplays_fact_table scheduled__2023-01-02T23:00:00+00:00 [queued]>
[2025-07-24T17:24:49.972+0000] {taskinstance.py:1956} INFO - Dependencies all met for dep_context=requeueable deps ti=<TaskInstance: tune_stream_dag.Load_songplays_fact_table scheduled__2023-01-02T23:00:00+00:00 [queued]>
[2025-07-24T17:24:49.974+0000] {taskinstance.py:2170} INFO - Starting attempt 1 of 4
[2025-07-24T17:24:50.006+0000] {taskinstance.py:2191} INFO - Executing <Task(PythonOperator): Load_songplays_fact_table> on 2023-01-02 23:00:00+00:00
[2025-07-24T17:24:50.022+0000] {standard_task_runner.py:60} INFO - Started process 2048 to run task
[2025-07-24T17:24:50.028+0000] {standard_task_runner.py:87} INFO - Running: ['***', 'tasks', 'run', 'tune_stream_dag', 'Load_songplays_fact_table', 'scheduled__2023-01-02T23:00:00+00:00', '--job-id', '2246', '--raw', '--subdir', 'DAGS_FOLDER/etl_pipeline.py', '--cfg-path', '/tmp/tmpn5xrfdms']
[2025-07-24T17:24:50.034+0000] {standard_task_runner.py:88} INFO - Job 2246: Subtask Load_songplays_fact_table
[2025-07-24T17:24:50.190+0000] {task_command.py:423} INFO - Running <TaskInstance: tune_stream_dag.Load_songplays_fact_table scheduled__2023-01-02T23:00:00+00:00 [running]> on host 5def55d2a1b5
[2025-07-24T17:24:50.360+0000] {taskinstance.py:2480} INFO - Exporting env vars: AIRFLOW_CTX_DAG_OWNER='genz-legend' AIRFLOW_CTX_DAG_ID='tune_stream_dag' AIRFLOW_CTX_TASK_ID='Load_songplays_fact_table' AIRFLOW_CTX_EXECUTION_DATE='2023-01-02T23:00:00+00:00' AIRFLOW_CTX_TRY_NUMBER='1' AIRFLOW_CTX_DAG_RUN_ID='scheduled__2023-01-02T23:00:00+00:00'
[2025-07-24T17:25:21.565+0000] {python.py:201} INFO - Done. Returned value was: None
[2025-07-24T17:25:21.841+0000] {taskinstance.py:1138} INFO - Marking task as SUCCESS. dag_id=tune_stream_dag, task_id=Load_songplays_fact_table, execution_date=20230102T230000, start_date=20250724T172449, end_date=20250724T172521
[2025-07-24T17:25:22.281+0000] {local_task_job_runner.py:234} INFO - Task exited with return code 0
[2025-07-24T17:25:22.538+0000] {taskinstance.py:3280} INFO - 4 downstream tasks scheduled from follow-on schedule check
