[2025-07-22T10:19:16.298+0000] {taskinstance.py:1956} INFO - Dependencies all met for dep_context=non-requeueable deps ti=<TaskInstance: tune_stream_dag.Stage_events scheduled__2023-01-01T19:00:00+00:00 [queued]>
[2025-07-22T10:19:16.319+0000] {taskinstance.py:1956} INFO - Dependencies all met for dep_context=requeueable deps ti=<TaskInstance: tune_stream_dag.Stage_events scheduled__2023-01-01T19:00:00+00:00 [queued]>
[2025-07-22T10:19:16.321+0000] {taskinstance.py:2170} INFO - Starting attempt 1 of 4
[2025-07-22T10:19:16.343+0000] {taskinstance.py:2191} INFO - Executing <Task(PythonOperator): Stage_events> on 2023-01-01 19:00:00+00:00
[2025-07-22T10:19:16.356+0000] {standard_task_runner.py:60} INFO - Started process 733 to run task
[2025-07-22T10:19:16.363+0000] {standard_task_runner.py:87} INFO - Running: ['***', 'tasks', 'run', 'tune_stream_dag', 'Stage_events', 'scheduled__2023-01-01T19:00:00+00:00', '--job-id', '192', '--raw', '--subdir', 'DAGS_FOLDER/etl_pipeline.py', '--cfg-path', '/tmp/tmp9cj1m88i']
[2025-07-22T10:19:16.369+0000] {standard_task_runner.py:88} INFO - Job 192: Subtask Stage_events
[2025-07-22T10:19:16.598+0000] {task_command.py:423} INFO - Running <TaskInstance: tune_stream_dag.Stage_events scheduled__2023-01-01T19:00:00+00:00 [running]> on host a2a13a541787
[2025-07-22T10:19:16.820+0000] {taskinstance.py:2480} INFO - Exporting env vars: AIRFLOW_CTX_DAG_OWNER='genz-legend' AIRFLOW_CTX_DAG_ID='tune_stream_dag' AIRFLOW_CTX_TASK_ID='Stage_events' AIRFLOW_CTX_EXECUTION_DATE='2023-01-01T19:00:00+00:00' AIRFLOW_CTX_TRY_NUMBER='1' AIRFLOW_CTX_DAG_RUN_ID='scheduled__2023-01-01T19:00:00+00:00'
[2025-07-22T10:19:16.867+0000] {taskinstance.py:2698} ERROR - Task failed with exception
Traceback (most recent call last):
  File "/home/airflow/.local/lib/python3.8/site-packages/airflow/models/taskinstance.py", line 433, in _execute_task
    result = execute_callable(context=context, **execute_callable_kwargs)
  File "/home/airflow/.local/lib/python3.8/site-packages/airflow/operators/python.py", line 199, in execute
    return_value = self.execute_callable()
  File "/home/airflow/.local/lib/python3.8/site-packages/airflow/operators/python.py", line 216, in execute_callable
    return self.python_callable(*self.op_args, **self.op_kwargs)
  File "/opt/airflow/dags/etl_pipeline.py", line 77, in stage_events
    data = json.load(f)
  File "/usr/local/lib/python3.8/json/__init__.py", line 293, in load
    return loads(fp.read(),
  File "/usr/local/lib/python3.8/json/__init__.py", line 357, in loads
    return _default_decoder.decode(s)
  File "/usr/local/lib/python3.8/json/decoder.py", line 340, in decode
    raise JSONDecodeError("Extra data", s, end)
json.decoder.JSONDecodeError: Extra data: line 2 column 1 (char 457)
[2025-07-22T10:19:16.901+0000] {taskinstance.py:1138} INFO - Marking task as UP_FOR_RETRY. dag_id=tune_stream_dag, task_id=Stage_events, execution_date=20230101T190000, start_date=20250722T101916, end_date=20250722T101916
[2025-07-22T10:19:16.926+0000] {standard_task_runner.py:107} ERROR - Failed to execute job 192 for task Stage_events (Extra data: line 2 column 1 (char 457); 733)
[2025-07-22T10:19:16.962+0000] {local_task_job_runner.py:234} INFO - Task exited with return code 1
[2025-07-22T10:19:17.018+0000] {taskinstance.py:3280} INFO - 0 downstream tasks scheduled from follow-on schedule check
[2025-07-24T15:49:28.161+0000] {taskinstance.py:1956} INFO - Dependencies all met for dep_context=non-requeueable deps ti=<TaskInstance: tune_stream_dag.Stage_events scheduled__2023-01-01T19:00:00+00:00 [queued]>
[2025-07-24T15:49:28.175+0000] {taskinstance.py:1956} INFO - Dependencies all met for dep_context=requeueable deps ti=<TaskInstance: tune_stream_dag.Stage_events scheduled__2023-01-01T19:00:00+00:00 [queued]>
[2025-07-24T15:49:28.176+0000] {taskinstance.py:2170} INFO - Starting attempt 1 of 4
[2025-07-24T15:49:28.204+0000] {taskinstance.py:2191} INFO - Executing <Task(PythonOperator): Stage_events> on 2023-01-01 19:00:00+00:00
[2025-07-24T15:49:28.219+0000] {standard_task_runner.py:60} INFO - Started process 985 to run task
[2025-07-24T15:49:28.226+0000] {standard_task_runner.py:87} INFO - Running: ['***', 'tasks', 'run', 'tune_stream_dag', 'Stage_events', 'scheduled__2023-01-01T19:00:00+00:00', '--job-id', '1160', '--raw', '--subdir', 'DAGS_FOLDER/etl_pipeline.py', '--cfg-path', '/tmp/tmpefcsqro5']
[2025-07-24T15:49:28.231+0000] {standard_task_runner.py:88} INFO - Job 1160: Subtask Stage_events
[2025-07-24T15:49:28.358+0000] {task_command.py:423} INFO - Running <TaskInstance: tune_stream_dag.Stage_events scheduled__2023-01-01T19:00:00+00:00 [running]> on host c53547d84df1
[2025-07-24T15:49:28.445+0000] {taskinstance.py:2480} INFO - Exporting env vars: AIRFLOW_CTX_DAG_OWNER='genz-legend' AIRFLOW_CTX_DAG_ID='tune_stream_dag' AIRFLOW_CTX_TASK_ID='Stage_events' AIRFLOW_CTX_EXECUTION_DATE='2023-01-01T19:00:00+00:00' AIRFLOW_CTX_TRY_NUMBER='1' AIRFLOW_CTX_DAG_RUN_ID='scheduled__2023-01-01T19:00:00+00:00'
[2025-07-24T15:49:36.644+0000] {python.py:201} INFO - Done. Returned value was: None
[2025-07-24T15:49:36.658+0000] {taskinstance.py:1138} INFO - Marking task as SUCCESS. dag_id=tune_stream_dag, task_id=Stage_events, execution_date=20230101T190000, start_date=20250724T154928, end_date=20250724T154936
[2025-07-24T15:49:36.690+0000] {local_task_job_runner.py:234} INFO - Task exited with return code 0
[2025-07-24T15:49:36.717+0000] {taskinstance.py:3280} INFO - 1 downstream tasks scheduled from follow-on schedule check
[2025-07-24T16:33:47.277+0000] {taskinstance.py:1956} INFO - Dependencies all met for dep_context=non-requeueable deps ti=<TaskInstance: tune_stream_dag.Stage_events scheduled__2023-01-01T19:00:00+00:00 [queued]>
[2025-07-24T16:33:47.309+0000] {taskinstance.py:1956} INFO - Dependencies all met for dep_context=requeueable deps ti=<TaskInstance: tune_stream_dag.Stage_events scheduled__2023-01-01T19:00:00+00:00 [queued]>
[2025-07-24T16:33:47.312+0000] {taskinstance.py:2170} INFO - Starting attempt 1 of 4
[2025-07-24T16:33:47.386+0000] {taskinstance.py:2191} INFO - Executing <Task(PythonOperator): Stage_events> on 2023-01-01 19:00:00+00:00
[2025-07-24T16:33:47.411+0000] {standard_task_runner.py:60} INFO - Started process 1109 to run task
[2025-07-24T16:33:47.429+0000] {standard_task_runner.py:87} INFO - Running: ['***', 'tasks', 'run', 'tune_stream_dag', 'Stage_events', 'scheduled__2023-01-01T19:00:00+00:00', '--job-id', '1579', '--raw', '--subdir', 'DAGS_FOLDER/etl_pipeline.py', '--cfg-path', '/tmp/tmpayct05_z']
[2025-07-24T16:33:47.442+0000] {standard_task_runner.py:88} INFO - Job 1579: Subtask Stage_events
[2025-07-24T16:33:47.646+0000] {task_command.py:423} INFO - Running <TaskInstance: tune_stream_dag.Stage_events scheduled__2023-01-01T19:00:00+00:00 [running]> on host c53547d84df1
[2025-07-24T16:33:47.934+0000] {taskinstance.py:2480} INFO - Exporting env vars: AIRFLOW_CTX_DAG_OWNER='genz-legend' AIRFLOW_CTX_DAG_ID='tune_stream_dag' AIRFLOW_CTX_TASK_ID='Stage_events' AIRFLOW_CTX_EXECUTION_DATE='2023-01-01T19:00:00+00:00' AIRFLOW_CTX_TRY_NUMBER='1' AIRFLOW_CTX_DAG_RUN_ID='scheduled__2023-01-01T19:00:00+00:00'
[2025-07-24T16:33:59.327+0000] {python.py:201} INFO - Done. Returned value was: None
[2025-07-24T16:33:59.350+0000] {taskinstance.py:1138} INFO - Marking task as SUCCESS. dag_id=tune_stream_dag, task_id=Stage_events, execution_date=20230101T190000, start_date=20250724T163347, end_date=20250724T163359
[2025-07-24T16:33:59.435+0000] {local_task_job_runner.py:234} INFO - Task exited with return code 0
[2025-07-24T16:33:59.488+0000] {taskinstance.py:3280} INFO - 1 downstream tasks scheduled from follow-on schedule check
[2025-07-24T17:12:47.101+0000] {taskinstance.py:1956} INFO - Dependencies all met for dep_context=non-requeueable deps ti=<TaskInstance: tune_stream_dag.Stage_events scheduled__2023-01-01T19:00:00+00:00 [queued]>
[2025-07-24T17:12:47.124+0000] {taskinstance.py:1956} INFO - Dependencies all met for dep_context=requeueable deps ti=<TaskInstance: tune_stream_dag.Stage_events scheduled__2023-01-01T19:00:00+00:00 [queued]>
[2025-07-24T17:12:47.152+0000] {taskinstance.py:2170} INFO - Starting attempt 1 of 4
[2025-07-24T17:12:47.196+0000] {taskinstance.py:2191} INFO - Executing <Task(PythonOperator): Stage_events> on 2023-01-01 19:00:00+00:00
[2025-07-24T17:12:47.220+0000] {standard_task_runner.py:60} INFO - Started process 1109 to run task
[2025-07-24T17:12:47.234+0000] {standard_task_runner.py:87} INFO - Running: ['***', 'tasks', 'run', 'tune_stream_dag', 'Stage_events', 'scheduled__2023-01-01T19:00:00+00:00', '--job-id', '1981', '--raw', '--subdir', 'DAGS_FOLDER/etl_pipeline.py', '--cfg-path', '/tmp/tmpa71sgv9x']
[2025-07-24T17:12:47.239+0000] {standard_task_runner.py:88} INFO - Job 1981: Subtask Stage_events
[2025-07-24T17:12:47.421+0000] {task_command.py:423} INFO - Running <TaskInstance: tune_stream_dag.Stage_events scheduled__2023-01-01T19:00:00+00:00 [running]> on host 5def55d2a1b5
[2025-07-24T17:12:47.558+0000] {taskinstance.py:2480} INFO - Exporting env vars: AIRFLOW_CTX_DAG_OWNER='genz-legend' AIRFLOW_CTX_DAG_ID='tune_stream_dag' AIRFLOW_CTX_TASK_ID='Stage_events' AIRFLOW_CTX_EXECUTION_DATE='2023-01-01T19:00:00+00:00' AIRFLOW_CTX_TRY_NUMBER='1' AIRFLOW_CTX_DAG_RUN_ID='scheduled__2023-01-01T19:00:00+00:00'
[2025-07-24T17:12:55.081+0000] {python.py:201} INFO - Done. Returned value was: None
[2025-07-24T17:12:55.398+0000] {taskinstance.py:1138} INFO - Marking task as SUCCESS. dag_id=tune_stream_dag, task_id=Stage_events, execution_date=20230101T190000, start_date=20250724T171247, end_date=20250724T171255
[2025-07-24T17:12:55.593+0000] {local_task_job_runner.py:234} INFO - Task exited with return code 0
[2025-07-24T17:12:55.908+0000] {taskinstance.py:3280} INFO - 1 downstream tasks scheduled from follow-on schedule check
