[2025-07-24T14:29:56.046+0000] {taskinstance.py:1956} INFO - Dependencies all met for dep_context=non-requeueable deps ti=<TaskInstance: tune_stream_dag.Stage_songs scheduled__2023-01-03T20:00:00+00:00 [queued]>
[2025-07-24T14:29:56.099+0000] {taskinstance.py:1956} INFO - Dependencies all met for dep_context=requeueable deps ti=<TaskInstance: tune_stream_dag.Stage_songs scheduled__2023-01-03T20:00:00+00:00 [queued]>
[2025-07-24T14:29:56.103+0000] {taskinstance.py:2170} INFO - Starting attempt 1 of 4
[2025-07-24T14:29:56.162+0000] {taskinstance.py:2191} INFO - Executing <Task(PythonOperator): Stage_songs> on 2023-01-03 20:00:00+00:00
[2025-07-24T14:29:56.189+0000] {standard_task_runner.py:60} INFO - Started process 885 to run task
[2025-07-24T14:29:56.212+0000] {standard_task_runner.py:87} INFO - Running: ['***', 'tasks', 'run', 'tune_stream_dag', 'Stage_songs', 'scheduled__2023-01-03T20:00:00+00:00', '--job-id', '570', '--raw', '--subdir', 'DAGS_FOLDER/etl_pipeline.py', '--cfg-path', '/tmp/tmpg0mupma3']
[2025-07-24T14:29:56.230+0000] {standard_task_runner.py:88} INFO - Job 570: Subtask Stage_songs
[2025-07-24T14:29:56.565+0000] {task_command.py:423} INFO - Running <TaskInstance: tune_stream_dag.Stage_songs scheduled__2023-01-03T20:00:00+00:00 [running]> on host aea62fae55be
[2025-07-24T14:29:56.935+0000] {taskinstance.py:2480} INFO - Exporting env vars: AIRFLOW_CTX_DAG_OWNER='genz-legend' AIRFLOW_CTX_DAG_ID='tune_stream_dag' AIRFLOW_CTX_TASK_ID='Stage_songs' AIRFLOW_CTX_EXECUTION_DATE='2023-01-03T20:00:00+00:00' AIRFLOW_CTX_TRY_NUMBER='1' AIRFLOW_CTX_DAG_RUN_ID='scheduled__2023-01-03T20:00:00+00:00'
[2025-07-24T14:29:59.555+0000] {python.py:201} INFO - Done. Returned value was: None
[2025-07-24T14:29:59.621+0000] {taskinstance.py:1138} INFO - Marking task as SUCCESS. dag_id=tune_stream_dag, task_id=Stage_songs, execution_date=20230103T200000, start_date=20250724T142956, end_date=20250724T142959
[2025-07-24T14:29:59.734+0000] {local_task_job_runner.py:234} INFO - Task exited with return code 0
[2025-07-24T14:29:59.818+0000] {taskinstance.py:3280} INFO - 0 downstream tasks scheduled from follow-on schedule check
[2025-07-24T17:27:23.085+0000] {taskinstance.py:1956} INFO - Dependencies all met for dep_context=non-requeueable deps ti=<TaskInstance: tune_stream_dag.Stage_songs scheduled__2023-01-03T20:00:00+00:00 [queued]>
[2025-07-24T17:27:23.165+0000] {taskinstance.py:1956} INFO - Dependencies all met for dep_context=requeueable deps ti=<TaskInstance: tune_stream_dag.Stage_songs scheduled__2023-01-03T20:00:00+00:00 [queued]>
[2025-07-24T17:27:23.219+0000] {taskinstance.py:2170} INFO - Starting attempt 1 of 4
[2025-07-24T17:27:23.310+0000] {taskinstance.py:2191} INFO - Executing <Task(PythonOperator): Stage_songs> on 2023-01-03 20:00:00+00:00
[2025-07-24T17:27:23.333+0000] {standard_task_runner.py:60} INFO - Started process 2431 to run task
[2025-07-24T17:27:23.350+0000] {standard_task_runner.py:87} INFO - Running: ['***', 'tasks', 'run', 'tune_stream_dag', 'Stage_songs', 'scheduled__2023-01-03T20:00:00+00:00', '--job-id', '2360', '--raw', '--subdir', 'DAGS_FOLDER/etl_pipeline.py', '--cfg-path', '/tmp/tmpk9c5h6ig']
[2025-07-24T17:27:23.370+0000] {standard_task_runner.py:88} INFO - Job 2360: Subtask Stage_songs
[2025-07-24T17:27:23.687+0000] {task_command.py:423} INFO - Running <TaskInstance: tune_stream_dag.Stage_songs scheduled__2023-01-03T20:00:00+00:00 [running]> on host 5def55d2a1b5
[2025-07-24T17:27:23.929+0000] {taskinstance.py:2480} INFO - Exporting env vars: AIRFLOW_CTX_DAG_OWNER='genz-legend' AIRFLOW_CTX_DAG_ID='tune_stream_dag' AIRFLOW_CTX_TASK_ID='Stage_songs' AIRFLOW_CTX_EXECUTION_DATE='2023-01-03T20:00:00+00:00' AIRFLOW_CTX_TRY_NUMBER='1' AIRFLOW_CTX_DAG_RUN_ID='scheduled__2023-01-03T20:00:00+00:00'
[2025-07-24T17:27:25.339+0000] {python.py:201} INFO - Done. Returned value was: None
[2025-07-24T17:27:25.432+0000] {taskinstance.py:1138} INFO - Marking task as SUCCESS. dag_id=tune_stream_dag, task_id=Stage_songs, execution_date=20230103T200000, start_date=20250724T172723, end_date=20250724T172725
[2025-07-24T17:27:25.529+0000] {local_task_job_runner.py:234} INFO - Task exited with return code 0
[2025-07-24T17:27:25.608+0000] {taskinstance.py:3280} INFO - 0 downstream tasks scheduled from follow-on schedule check
