[2025-07-24T14:29:37.715+0000] {taskinstance.py:1956} INFO - Dependencies all met for dep_context=non-requeueable deps ti=<TaskInstance: tune_stream_dag.Stage_songs scheduled__2023-01-03T15:00:00+00:00 [queued]>
[2025-07-24T14:29:37.744+0000] {taskinstance.py:1956} INFO - Dependencies all met for dep_context=requeueable deps ti=<TaskInstance: tune_stream_dag.Stage_songs scheduled__2023-01-03T15:00:00+00:00 [queued]>
[2025-07-24T14:29:37.746+0000] {taskinstance.py:2170} INFO - Starting attempt 1 of 4
[2025-07-24T14:29:37.787+0000] {taskinstance.py:2191} INFO - Executing <Task(PythonOperator): Stage_songs> on 2023-01-03 15:00:00+00:00
[2025-07-24T14:29:37.812+0000] {standard_task_runner.py:60} INFO - Started process 833 to run task
[2025-07-24T14:29:37.826+0000] {standard_task_runner.py:87} INFO - Running: ['***', 'tasks', 'run', 'tune_stream_dag', 'Stage_songs', 'scheduled__2023-01-03T15:00:00+00:00', '--job-id', '556', '--raw', '--subdir', 'DAGS_FOLDER/etl_pipeline.py', '--cfg-path', '/tmp/tmpt9i5_xad']
[2025-07-24T14:29:37.834+0000] {standard_task_runner.py:88} INFO - Job 556: Subtask Stage_songs
[2025-07-24T14:29:37.995+0000] {task_command.py:423} INFO - Running <TaskInstance: tune_stream_dag.Stage_songs scheduled__2023-01-03T15:00:00+00:00 [running]> on host aea62fae55be
[2025-07-24T14:29:38.147+0000] {taskinstance.py:2480} INFO - Exporting env vars: AIRFLOW_CTX_DAG_OWNER='genz-legend' AIRFLOW_CTX_DAG_ID='tune_stream_dag' AIRFLOW_CTX_TASK_ID='Stage_songs' AIRFLOW_CTX_EXECUTION_DATE='2023-01-03T15:00:00+00:00' AIRFLOW_CTX_TRY_NUMBER='1' AIRFLOW_CTX_DAG_RUN_ID='scheduled__2023-01-03T15:00:00+00:00'
[2025-07-24T14:29:39.268+0000] {python.py:201} INFO - Done. Returned value was: None
[2025-07-24T14:29:39.303+0000] {taskinstance.py:1138} INFO - Marking task as SUCCESS. dag_id=tune_stream_dag, task_id=Stage_songs, execution_date=20230103T150000, start_date=20250724T142937, end_date=20250724T142939
[2025-07-24T14:29:39.379+0000] {local_task_job_runner.py:234} INFO - Task exited with return code 0
[2025-07-24T14:29:39.465+0000] {taskinstance.py:3280} INFO - 0 downstream tasks scheduled from follow-on schedule check
[2025-07-24T17:27:04.948+0000] {taskinstance.py:1956} INFO - Dependencies all met for dep_context=non-requeueable deps ti=<TaskInstance: tune_stream_dag.Stage_songs scheduled__2023-01-03T15:00:00+00:00 [queued]>
[2025-07-24T17:27:04.971+0000] {taskinstance.py:1956} INFO - Dependencies all met for dep_context=requeueable deps ti=<TaskInstance: tune_stream_dag.Stage_songs scheduled__2023-01-03T15:00:00+00:00 [queued]>
[2025-07-24T17:27:04.972+0000] {taskinstance.py:2170} INFO - Starting attempt 1 of 4
[2025-07-24T17:27:05.018+0000] {taskinstance.py:2191} INFO - Executing <Task(PythonOperator): Stage_songs> on 2023-01-03 15:00:00+00:00
[2025-07-24T17:27:05.061+0000] {standard_task_runner.py:60} INFO - Started process 2388 to run task
[2025-07-24T17:27:05.067+0000] {standard_task_runner.py:87} INFO - Running: ['***', 'tasks', 'run', 'tune_stream_dag', 'Stage_songs', 'scheduled__2023-01-03T15:00:00+00:00', '--job-id', '2348', '--raw', '--subdir', 'DAGS_FOLDER/etl_pipeline.py', '--cfg-path', '/tmp/tmpvs7su71y']
[2025-07-24T17:27:05.075+0000] {standard_task_runner.py:88} INFO - Job 2348: Subtask Stage_songs
[2025-07-24T17:27:05.230+0000] {task_command.py:423} INFO - Running <TaskInstance: tune_stream_dag.Stage_songs scheduled__2023-01-03T15:00:00+00:00 [running]> on host 5def55d2a1b5
[2025-07-24T17:27:05.546+0000] {taskinstance.py:2480} INFO - Exporting env vars: AIRFLOW_CTX_DAG_OWNER='genz-legend' AIRFLOW_CTX_DAG_ID='tune_stream_dag' AIRFLOW_CTX_TASK_ID='Stage_songs' AIRFLOW_CTX_EXECUTION_DATE='2023-01-03T15:00:00+00:00' AIRFLOW_CTX_TRY_NUMBER='1' AIRFLOW_CTX_DAG_RUN_ID='scheduled__2023-01-03T15:00:00+00:00'
[2025-07-24T17:27:15.342+0000] {python.py:201} INFO - Done. Returned value was: None
[2025-07-24T17:27:15.393+0000] {taskinstance.py:1138} INFO - Marking task as SUCCESS. dag_id=tune_stream_dag, task_id=Stage_songs, execution_date=20230103T150000, start_date=20250724T172704, end_date=20250724T172715
[2025-07-24T17:27:15.495+0000] {local_task_job_runner.py:234} INFO - Task exited with return code 0
[2025-07-24T17:27:15.584+0000] {taskinstance.py:3280} INFO - 0 downstream tasks scheduled from follow-on schedule check
