[2025-07-24T15:22:33.433+0000] {taskinstance.py:1956} INFO - Dependencies all met for dep_context=non-requeueable deps ti=<TaskInstance: tune_stream_dag.Load_songplays_fact_table scheduled__2023-01-05T07:00:00+00:00 [queued]>
[2025-07-24T15:22:33.453+0000] {taskinstance.py:1956} INFO - Dependencies all met for dep_context=requeueable deps ti=<TaskInstance: tune_stream_dag.Load_songplays_fact_table scheduled__2023-01-05T07:00:00+00:00 [queued]>
[2025-07-24T15:22:33.454+0000] {taskinstance.py:2170} INFO - Starting attempt 1 of 4
[2025-07-24T15:22:33.479+0000] {taskinstance.py:2191} INFO - Executing <Task(PythonOperator): Load_songplays_fact_table> on 2023-01-05 07:00:00+00:00
[2025-07-24T15:22:33.493+0000] {standard_task_runner.py:60} INFO - Started process 819 to run task
[2025-07-24T15:22:33.498+0000] {standard_task_runner.py:87} INFO - Running: ['***', 'tasks', 'run', 'tune_stream_dag', 'Load_songplays_fact_table', 'scheduled__2023-01-05T07:00:00+00:00', '--job-id', '869', '--raw', '--subdir', 'DAGS_FOLDER/etl_pipeline.py', '--cfg-path', '/tmp/tmpoi_ybrzk']
[2025-07-24T15:22:33.503+0000] {standard_task_runner.py:88} INFO - Job 869: Subtask Load_songplays_fact_table
[2025-07-24T15:22:33.686+0000] {task_command.py:423} INFO - Running <TaskInstance: tune_stream_dag.Load_songplays_fact_table scheduled__2023-01-05T07:00:00+00:00 [running]> on host c53547d84df1
[2025-07-24T15:22:33.858+0000] {taskinstance.py:2480} INFO - Exporting env vars: AIRFLOW_CTX_DAG_OWNER='genz-legend' AIRFLOW_CTX_DAG_ID='tune_stream_dag' AIRFLOW_CTX_TASK_ID='Load_songplays_fact_table' AIRFLOW_CTX_EXECUTION_DATE='2023-01-05T07:00:00+00:00' AIRFLOW_CTX_TRY_NUMBER='1' AIRFLOW_CTX_DAG_RUN_ID='scheduled__2023-01-05T07:00:00+00:00'
[2025-07-24T15:22:34.097+0000] {python.py:201} INFO - Done. Returned value was: None
[2025-07-24T15:22:34.114+0000] {taskinstance.py:1138} INFO - Marking task as SUCCESS. dag_id=tune_stream_dag, task_id=Load_songplays_fact_table, execution_date=20230105T070000, start_date=20250724T152233, end_date=20250724T152234
[2025-07-24T15:22:34.205+0000] {local_task_job_runner.py:234} INFO - Task exited with return code 0
[2025-07-24T15:22:34.269+0000] {taskinstance.py:3280} INFO - 4 downstream tasks scheduled from follow-on schedule check
[2025-07-24T17:33:06.189+0000] {taskinstance.py:1956} INFO - Dependencies all met for dep_context=non-requeueable deps ti=<TaskInstance: tune_stream_dag.Load_songplays_fact_table scheduled__2023-01-05T07:00:00+00:00 [queued]>
[2025-07-24T17:33:06.209+0000] {taskinstance.py:1956} INFO - Dependencies all met for dep_context=requeueable deps ti=<TaskInstance: tune_stream_dag.Load_songplays_fact_table scheduled__2023-01-05T07:00:00+00:00 [queued]>
[2025-07-24T17:33:06.210+0000] {taskinstance.py:2170} INFO - Starting attempt 1 of 4
[2025-07-24T17:33:06.236+0000] {taskinstance.py:2191} INFO - Executing <Task(PythonOperator): Load_songplays_fact_table> on 2023-01-05 07:00:00+00:00
[2025-07-24T17:33:06.245+0000] {standard_task_runner.py:60} INFO - Started process 3327 to run task
[2025-07-24T17:33:06.251+0000] {standard_task_runner.py:87} INFO - Running: ['***', 'tasks', 'run', 'tune_stream_dag', 'Load_songplays_fact_table', 'scheduled__2023-01-05T07:00:00+00:00', '--job-id', '2639', '--raw', '--subdir', 'DAGS_FOLDER/etl_pipeline.py', '--cfg-path', '/tmp/tmpzgy_degc']
[2025-07-24T17:33:06.258+0000] {standard_task_runner.py:88} INFO - Job 2639: Subtask Load_songplays_fact_table
[2025-07-24T17:33:06.385+0000] {task_command.py:423} INFO - Running <TaskInstance: tune_stream_dag.Load_songplays_fact_table scheduled__2023-01-05T07:00:00+00:00 [running]> on host 5def55d2a1b5
[2025-07-24T17:33:06.503+0000] {taskinstance.py:2480} INFO - Exporting env vars: AIRFLOW_CTX_DAG_OWNER='genz-legend' AIRFLOW_CTX_DAG_ID='tune_stream_dag' AIRFLOW_CTX_TASK_ID='Load_songplays_fact_table' AIRFLOW_CTX_EXECUTION_DATE='2023-01-05T07:00:00+00:00' AIRFLOW_CTX_TRY_NUMBER='1' AIRFLOW_CTX_DAG_RUN_ID='scheduled__2023-01-05T07:00:00+00:00'
[2025-07-24T17:33:13.348+0000] {python.py:201} INFO - Done. Returned value was: None
[2025-07-24T17:33:13.381+0000] {taskinstance.py:1138} INFO - Marking task as SUCCESS. dag_id=tune_stream_dag, task_id=Load_songplays_fact_table, execution_date=20230105T070000, start_date=20250724T173306, end_date=20250724T173313
[2025-07-24T17:33:13.559+0000] {local_task_job_runner.py:234} INFO - Task exited with return code 0
[2025-07-24T17:33:13.663+0000] {taskinstance.py:3280} INFO - 4 downstream tasks scheduled from follow-on schedule check
