[2025-07-24T15:21:03.411+0000] {taskinstance.py:1956} INFO - Dependencies all met for dep_context=non-requeueable deps ti=<TaskInstance: tune_stream_dag.Stage_songs scheduled__2023-01-05T08:00:00+00:00 [queued]>
[2025-07-24T15:21:03.476+0000] {taskinstance.py:1956} INFO - Dependencies all met for dep_context=requeueable deps ti=<TaskInstance: tune_stream_dag.Stage_songs scheduled__2023-01-05T08:00:00+00:00 [queued]>
[2025-07-24T15:21:03.515+0000] {taskinstance.py:2170} INFO - Starting attempt 1 of 4
[2025-07-24T15:21:03.595+0000] {taskinstance.py:2191} INFO - Executing <Task(PythonOperator): Stage_songs> on 2023-01-05 08:00:00+00:00
[2025-07-24T15:21:03.607+0000] {standard_task_runner.py:60} INFO - Started process 726 to run task
[2025-07-24T15:21:03.611+0000] {standard_task_runner.py:87} INFO - Running: ['***', 'tasks', 'run', 'tune_stream_dag', 'Stage_songs', 'scheduled__2023-01-05T08:00:00+00:00', '--job-id', '844', '--raw', '--subdir', 'DAGS_FOLDER/etl_pipeline.py', '--cfg-path', '/tmp/tmph3o1ewe9']
[2025-07-24T15:21:03.656+0000] {standard_task_runner.py:88} INFO - Job 844: Subtask Stage_songs
[2025-07-24T15:21:03.751+0000] {task_command.py:423} INFO - Running <TaskInstance: tune_stream_dag.Stage_songs scheduled__2023-01-05T08:00:00+00:00 [running]> on host c53547d84df1
[2025-07-24T15:21:05.285+0000] {taskinstance.py:2480} INFO - Exporting env vars: AIRFLOW_CTX_DAG_OWNER='genz-legend' AIRFLOW_CTX_DAG_ID='tune_stream_dag' AIRFLOW_CTX_TASK_ID='Stage_songs' AIRFLOW_CTX_EXECUTION_DATE='2023-01-05T08:00:00+00:00' AIRFLOW_CTX_TRY_NUMBER='1' AIRFLOW_CTX_DAG_RUN_ID='scheduled__2023-01-05T08:00:00+00:00'
[2025-07-24T15:21:15.267+0000] {python.py:201} INFO - Done. Returned value was: None
[2025-07-24T15:21:15.299+0000] {taskinstance.py:1138} INFO - Marking task as SUCCESS. dag_id=tune_stream_dag, task_id=Stage_songs, execution_date=20230105T080000, start_date=20250724T152103, end_date=20250724T152115
[2025-07-24T15:21:15.430+0000] {local_task_job_runner.py:234} INFO - Task exited with return code 0
[2025-07-24T15:21:15.462+0000] {taskinstance.py:3280} INFO - 0 downstream tasks scheduled from follow-on schedule check
[2025-07-24T17:32:09.432+0000] {taskinstance.py:1956} INFO - Dependencies all met for dep_context=non-requeueable deps ti=<TaskInstance: tune_stream_dag.Stage_songs scheduled__2023-01-05T08:00:00+00:00 [queued]>
[2025-07-24T17:32:09.449+0000] {taskinstance.py:1956} INFO - Dependencies all met for dep_context=requeueable deps ti=<TaskInstance: tune_stream_dag.Stage_songs scheduled__2023-01-05T08:00:00+00:00 [queued]>
[2025-07-24T17:32:09.450+0000] {taskinstance.py:2170} INFO - Starting attempt 1 of 4
[2025-07-24T17:32:09.470+0000] {taskinstance.py:2191} INFO - Executing <Task(PythonOperator): Stage_songs> on 2023-01-05 08:00:00+00:00
[2025-07-24T17:32:09.484+0000] {standard_task_runner.py:60} INFO - Started process 3266 to run task
[2025-07-24T17:32:09.499+0000] {standard_task_runner.py:87} INFO - Running: ['***', 'tasks', 'run', 'tune_stream_dag', 'Stage_songs', 'scheduled__2023-01-05T08:00:00+00:00', '--job-id', '2622', '--raw', '--subdir', 'DAGS_FOLDER/etl_pipeline.py', '--cfg-path', '/tmp/tmpkctb3y5r']
[2025-07-24T17:32:09.504+0000] {standard_task_runner.py:88} INFO - Job 2622: Subtask Stage_songs
[2025-07-24T17:32:09.852+0000] {task_command.py:423} INFO - Running <TaskInstance: tune_stream_dag.Stage_songs scheduled__2023-01-05T08:00:00+00:00 [running]> on host 5def55d2a1b5
[2025-07-24T17:32:10.460+0000] {taskinstance.py:2480} INFO - Exporting env vars: AIRFLOW_CTX_DAG_OWNER='genz-legend' AIRFLOW_CTX_DAG_ID='tune_stream_dag' AIRFLOW_CTX_TASK_ID='Stage_songs' AIRFLOW_CTX_EXECUTION_DATE='2023-01-05T08:00:00+00:00' AIRFLOW_CTX_TRY_NUMBER='1' AIRFLOW_CTX_DAG_RUN_ID='scheduled__2023-01-05T08:00:00+00:00'
[2025-07-24T17:32:12.349+0000] {python.py:201} INFO - Done. Returned value was: None
[2025-07-24T17:32:12.364+0000] {taskinstance.py:1138} INFO - Marking task as SUCCESS. dag_id=tune_stream_dag, task_id=Stage_songs, execution_date=20230105T080000, start_date=20250724T173209, end_date=20250724T173212
[2025-07-24T17:32:12.527+0000] {local_task_job_runner.py:234} INFO - Task exited with return code 0
[2025-07-24T17:32:12.573+0000] {taskinstance.py:3280} INFO - 0 downstream tasks scheduled from follow-on schedule check
