[2025-07-24T14:29:57.996+0000] {taskinstance.py:1956} INFO - Dependencies all met for dep_context=non-requeueable deps ti=<TaskInstance: tune_stream_dag.Stage_events scheduled__2023-01-03T21:00:00+00:00 [queued]>
[2025-07-24T14:29:58.040+0000] {taskinstance.py:1956} INFO - Dependencies all met for dep_context=requeueable deps ti=<TaskInstance: tune_stream_dag.Stage_events scheduled__2023-01-03T21:00:00+00:00 [queued]>
[2025-07-24T14:29:58.046+0000] {taskinstance.py:2170} INFO - Starting attempt 1 of 4
[2025-07-24T14:29:58.140+0000] {taskinstance.py:2191} INFO - Executing <Task(PythonOperator): Stage_events> on 2023-01-03 21:00:00+00:00
[2025-07-24T14:29:58.212+0000] {standard_task_runner.py:60} INFO - Started process 892 to run task
[2025-07-24T14:29:58.314+0000] {standard_task_runner.py:87} INFO - Running: ['***', 'tasks', 'run', 'tune_stream_dag', 'Stage_events', 'scheduled__2023-01-03T21:00:00+00:00', '--job-id', '574', '--raw', '--subdir', 'DAGS_FOLDER/etl_pipeline.py', '--cfg-path', '/tmp/tmpa95tkuzd']
[2025-07-24T14:29:58.348+0000] {standard_task_runner.py:88} INFO - Job 574: Subtask Stage_events
[2025-07-24T14:29:58.560+0000] {task_command.py:423} INFO - Running <TaskInstance: tune_stream_dag.Stage_events scheduled__2023-01-03T21:00:00+00:00 [running]> on host aea62fae55be
[2025-07-24T14:29:58.948+0000] {taskinstance.py:2480} INFO - Exporting env vars: AIRFLOW_CTX_DAG_OWNER='genz-legend' AIRFLOW_CTX_DAG_ID='tune_stream_dag' AIRFLOW_CTX_TASK_ID='Stage_events' AIRFLOW_CTX_EXECUTION_DATE='2023-01-03T21:00:00+00:00' AIRFLOW_CTX_TRY_NUMBER='1' AIRFLOW_CTX_DAG_RUN_ID='scheduled__2023-01-03T21:00:00+00:00'
[2025-07-24T14:30:04.477+0000] {python.py:201} INFO - Done. Returned value was: None
[2025-07-24T14:30:04.507+0000] {taskinstance.py:1138} INFO - Marking task as SUCCESS. dag_id=tune_stream_dag, task_id=Stage_events, execution_date=20230103T210000, start_date=20250724T142958, end_date=20250724T143004
[2025-07-24T14:30:04.633+0000] {local_task_job_runner.py:234} INFO - Task exited with return code 0
[2025-07-24T14:30:04.714+0000] {taskinstance.py:3280} INFO - 1 downstream tasks scheduled from follow-on schedule check
[2025-07-24T17:27:28.887+0000] {taskinstance.py:1956} INFO - Dependencies all met for dep_context=non-requeueable deps ti=<TaskInstance: tune_stream_dag.Stage_events scheduled__2023-01-03T21:00:00+00:00 [queued]>
[2025-07-24T17:27:28.894+0000] {taskinstance.py:1956} INFO - Dependencies all met for dep_context=requeueable deps ti=<TaskInstance: tune_stream_dag.Stage_events scheduled__2023-01-03T21:00:00+00:00 [queued]>
[2025-07-24T17:27:28.895+0000] {taskinstance.py:2170} INFO - Starting attempt 1 of 4
[2025-07-24T17:27:30.636+0000] {taskinstance.py:2191} INFO - Executing <Task(PythonOperator): Stage_events> on 2023-01-03 21:00:00+00:00
[2025-07-24T17:27:30.660+0000] {standard_task_runner.py:60} INFO - Started process 2438 to run task
[2025-07-24T17:27:30.664+0000] {standard_task_runner.py:87} INFO - Running: ['***', 'tasks', 'run', 'tune_stream_dag', 'Stage_events', 'scheduled__2023-01-03T21:00:00+00:00', '--job-id', '2363', '--raw', '--subdir', 'DAGS_FOLDER/etl_pipeline.py', '--cfg-path', '/tmp/tmp7aiafnwx']
[2025-07-24T17:27:31.052+0000] {standard_task_runner.py:88} INFO - Job 2363: Subtask Stage_events
[2025-07-24T17:27:32.177+0000] {task_command.py:423} INFO - Running <TaskInstance: tune_stream_dag.Stage_events scheduled__2023-01-03T21:00:00+00:00 [running]> on host 5def55d2a1b5
[2025-07-24T17:27:32.620+0000] {taskinstance.py:2480} INFO - Exporting env vars: AIRFLOW_CTX_DAG_OWNER='genz-legend' AIRFLOW_CTX_DAG_ID='tune_stream_dag' AIRFLOW_CTX_TASK_ID='Stage_events' AIRFLOW_CTX_EXECUTION_DATE='2023-01-03T21:00:00+00:00' AIRFLOW_CTX_TRY_NUMBER='1' AIRFLOW_CTX_DAG_RUN_ID='scheduled__2023-01-03T21:00:00+00:00'
[2025-07-24T17:28:06.243+0000] {python.py:201} INFO - Done. Returned value was: None
[2025-07-24T17:28:06.391+0000] {taskinstance.py:1138} INFO - Marking task as SUCCESS. dag_id=tune_stream_dag, task_id=Stage_events, execution_date=20230103T210000, start_date=20250724T172728, end_date=20250724T172806
[2025-07-24T17:28:06.544+0000] {local_task_job_runner.py:234} INFO - Task exited with return code 0
[2025-07-24T17:28:06.734+0000] {taskinstance.py:3280} INFO - 1 downstream tasks scheduled from follow-on schedule check
