[2025-07-24T14:30:01.627+0000] {taskinstance.py:1956} INFO - Dependencies all met for dep_context=non-requeueable deps ti=<TaskInstance: tune_stream_dag.Stage_songs scheduled__2023-01-04T01:00:00+00:00 [queued]>
[2025-07-24T14:30:01.652+0000] {taskinstance.py:1956} INFO - Dependencies all met for dep_context=requeueable deps ti=<TaskInstance: tune_stream_dag.Stage_songs scheduled__2023-01-04T01:00:00+00:00 [queued]>
[2025-07-24T14:30:01.653+0000] {taskinstance.py:2170} INFO - Starting attempt 1 of 4
[2025-07-24T14:30:01.715+0000] {taskinstance.py:2191} INFO - Executing <Task(PythonOperator): Stage_songs> on 2023-01-04 01:00:00+00:00
[2025-07-24T14:30:01.731+0000] {standard_task_runner.py:60} INFO - Started process 900 to run task
[2025-07-24T14:30:01.743+0000] {standard_task_runner.py:87} INFO - Running: ['***', 'tasks', 'run', 'tune_stream_dag', 'Stage_songs', 'scheduled__2023-01-04T01:00:00+00:00', '--job-id', '576', '--raw', '--subdir', 'DAGS_FOLDER/etl_pipeline.py', '--cfg-path', '/tmp/tmpeb6sa69i']
[2025-07-24T14:30:01.755+0000] {standard_task_runner.py:88} INFO - Job 576: Subtask Stage_songs
[2025-07-24T14:30:01.925+0000] {task_command.py:423} INFO - Running <TaskInstance: tune_stream_dag.Stage_songs scheduled__2023-01-04T01:00:00+00:00 [running]> on host aea62fae55be
[2025-07-24T14:30:02.249+0000] {taskinstance.py:2480} INFO - Exporting env vars: AIRFLOW_CTX_DAG_OWNER='genz-legend' AIRFLOW_CTX_DAG_ID='tune_stream_dag' AIRFLOW_CTX_TASK_ID='Stage_songs' AIRFLOW_CTX_EXECUTION_DATE='2023-01-04T01:00:00+00:00' AIRFLOW_CTX_TRY_NUMBER='1' AIRFLOW_CTX_DAG_RUN_ID='scheduled__2023-01-04T01:00:00+00:00'
[2025-07-24T14:30:04.344+0000] {python.py:201} INFO - Done. Returned value was: None
[2025-07-24T14:30:04.377+0000] {taskinstance.py:1138} INFO - Marking task as SUCCESS. dag_id=tune_stream_dag, task_id=Stage_songs, execution_date=20230104T010000, start_date=20250724T143001, end_date=20250724T143004
[2025-07-24T14:30:04.453+0000] {local_task_job_runner.py:234} INFO - Task exited with return code 0
[2025-07-24T14:30:04.585+0000] {taskinstance.py:3280} INFO - 0 downstream tasks scheduled from follow-on schedule check
[2025-07-24T17:27:49.189+0000] {taskinstance.py:1956} INFO - Dependencies all met for dep_context=non-requeueable deps ti=<TaskInstance: tune_stream_dag.Stage_songs scheduled__2023-01-04T01:00:00+00:00 [queued]>
[2025-07-24T17:27:49.208+0000] {taskinstance.py:1956} INFO - Dependencies all met for dep_context=requeueable deps ti=<TaskInstance: tune_stream_dag.Stage_songs scheduled__2023-01-04T01:00:00+00:00 [queued]>
[2025-07-24T17:27:49.209+0000] {taskinstance.py:2170} INFO - Starting attempt 1 of 4
[2025-07-24T17:27:49.231+0000] {taskinstance.py:2191} INFO - Executing <Task(PythonOperator): Stage_songs> on 2023-01-04 01:00:00+00:00
[2025-07-24T17:27:49.247+0000] {standard_task_runner.py:60} INFO - Started process 2461 to run task
[2025-07-24T17:27:49.251+0000] {standard_task_runner.py:87} INFO - Running: ['***', 'tasks', 'run', 'tune_stream_dag', 'Stage_songs', 'scheduled__2023-01-04T01:00:00+00:00', '--job-id', '2370', '--raw', '--subdir', 'DAGS_FOLDER/etl_pipeline.py', '--cfg-path', '/tmp/tmps536d8h1']
[2025-07-24T17:27:49.257+0000] {standard_task_runner.py:88} INFO - Job 2370: Subtask Stage_songs
[2025-07-24T17:27:49.377+0000] {task_command.py:423} INFO - Running <TaskInstance: tune_stream_dag.Stage_songs scheduled__2023-01-04T01:00:00+00:00 [running]> on host 5def55d2a1b5
[2025-07-24T17:27:49.683+0000] {taskinstance.py:2480} INFO - Exporting env vars: AIRFLOW_CTX_DAG_OWNER='genz-legend' AIRFLOW_CTX_DAG_ID='tune_stream_dag' AIRFLOW_CTX_TASK_ID='Stage_songs' AIRFLOW_CTX_EXECUTION_DATE='2023-01-04T01:00:00+00:00' AIRFLOW_CTX_TRY_NUMBER='1' AIRFLOW_CTX_DAG_RUN_ID='scheduled__2023-01-04T01:00:00+00:00'
[2025-07-24T17:27:50.949+0000] {python.py:201} INFO - Done. Returned value was: None
[2025-07-24T17:27:50.982+0000] {taskinstance.py:1138} INFO - Marking task as SUCCESS. dag_id=tune_stream_dag, task_id=Stage_songs, execution_date=20230104T010000, start_date=20250724T172749, end_date=20250724T172750
[2025-07-24T17:27:51.161+0000] {local_task_job_runner.py:234} INFO - Task exited with return code 0
[2025-07-24T17:27:54.377+0000] {taskinstance.py:3280} INFO - 0 downstream tasks scheduled from follow-on schedule check
