[2025-07-24T15:11:07.062+0000] {taskinstance.py:1956} INFO - Dependencies all met for dep_context=non-requeueable deps ti=<TaskInstance: tune_stream_dag.Load_songplays_fact_table scheduled__2023-01-04T20:00:00+00:00 [queued]>
[2025-07-24T15:11:07.070+0000] {taskinstance.py:1956} INFO - Dependencies all met for dep_context=requeueable deps ti=<TaskInstance: tune_stream_dag.Load_songplays_fact_table scheduled__2023-01-04T20:00:00+00:00 [queued]>
[2025-07-24T15:11:07.071+0000] {taskinstance.py:2170} INFO - Starting attempt 1 of 4
[2025-07-24T15:11:07.082+0000] {taskinstance.py:2191} INFO - Executing <Task(PythonOperator): Load_songplays_fact_table> on 2023-01-04 20:00:00+00:00
[2025-07-24T15:11:07.089+0000] {standard_task_runner.py:60} INFO - Started process 421 to run task
[2025-07-24T15:11:07.092+0000] {standard_task_runner.py:87} INFO - Running: ['***', 'tasks', 'run', 'tune_stream_dag', 'Load_songplays_fact_table', 'scheduled__2023-01-04T20:00:00+00:00', '--job-id', '797', '--raw', '--subdir', 'DAGS_FOLDER/etl_pipeline.py', '--cfg-path', '/tmp/tmpgh_cm6vp']
[2025-07-24T15:11:07.094+0000] {standard_task_runner.py:88} INFO - Job 797: Subtask Load_songplays_fact_table
[2025-07-24T15:11:07.155+0000] {task_command.py:423} INFO - Running <TaskInstance: tune_stream_dag.Load_songplays_fact_table scheduled__2023-01-04T20:00:00+00:00 [running]> on host c53547d84df1
[2025-07-24T15:11:07.221+0000] {taskinstance.py:2480} INFO - Exporting env vars: AIRFLOW_CTX_DAG_OWNER='genz-legend' AIRFLOW_CTX_DAG_ID='tune_stream_dag' AIRFLOW_CTX_TASK_ID='Load_songplays_fact_table' AIRFLOW_CTX_EXECUTION_DATE='2023-01-04T20:00:00+00:00' AIRFLOW_CTX_TRY_NUMBER='1' AIRFLOW_CTX_DAG_RUN_ID='scheduled__2023-01-04T20:00:00+00:00'
[2025-07-24T15:11:07.650+0000] {taskinstance.py:2698} ERROR - Task failed with exception
Traceback (most recent call last):
  File "/home/airflow/.local/lib/python3.8/site-packages/airflow/models/taskinstance.py", line 433, in _execute_task
    result = execute_callable(context=context, **execute_callable_kwargs)
  File "/home/airflow/.local/lib/python3.8/site-packages/airflow/operators/python.py", line 199, in execute
    return_value = self.execute_callable()
  File "/home/airflow/.local/lib/python3.8/site-packages/airflow/operators/python.py", line 216, in execute_callable
    return self.python_callable(*self.op_args, **self.op_kwargs)
  File "/opt/airflow/dags/etl_pipeline.py", line 170, in <lambda>
    python_callable=lambda: load_table(SqlQueries.songplay_table_insert, 'songplays'),
  File "/opt/airflow/dags/etl_pipeline.py", line 129, in load_table
    cur.execute(f"INSERT INTO {table} {query}")
psycopg2.errors.UniqueViolation: duplicate key value violates unique constraint "songplays_pkey"
DETAIL:  Key (playid)=(0c4ee7572a079a9e42e1127b00ad48e4) already exists.

[2025-07-24T15:11:07.660+0000] {taskinstance.py:1138} INFO - Marking task as UP_FOR_RETRY. dag_id=tune_stream_dag, task_id=Load_songplays_fact_table, execution_date=20230104T200000, start_date=20250724T151107, end_date=20250724T151107
[2025-07-24T15:11:07.670+0000] {standard_task_runner.py:107} ERROR - Failed to execute job 797 for task Load_songplays_fact_table (duplicate key value violates unique constraint "songplays_pkey"
DETAIL:  Key (playid)=(0c4ee7572a079a9e42e1127b00ad48e4) already exists.
; 421)
[2025-07-24T15:11:07.707+0000] {local_task_job_runner.py:234} INFO - Task exited with return code 1
[2025-07-24T15:11:07.732+0000] {taskinstance.py:3280} INFO - 0 downstream tasks scheduled from follow-on schedule check
[2025-07-24T17:32:16.192+0000] {taskinstance.py:1956} INFO - Dependencies all met for dep_context=non-requeueable deps ti=<TaskInstance: tune_stream_dag.Load_songplays_fact_table scheduled__2023-01-04T20:00:00+00:00 [queued]>
[2025-07-24T17:32:16.205+0000] {taskinstance.py:1956} INFO - Dependencies all met for dep_context=requeueable deps ti=<TaskInstance: tune_stream_dag.Load_songplays_fact_table scheduled__2023-01-04T20:00:00+00:00 [queued]>
[2025-07-24T17:32:16.206+0000] {taskinstance.py:2170} INFO - Starting attempt 1 of 4
[2025-07-24T17:32:16.223+0000] {taskinstance.py:2191} INFO - Executing <Task(PythonOperator): Load_songplays_fact_table> on 2023-01-04 20:00:00+00:00
[2025-07-24T17:32:16.234+0000] {standard_task_runner.py:60} INFO - Started process 3287 to run task
[2025-07-24T17:32:16.243+0000] {standard_task_runner.py:87} INFO - Running: ['***', 'tasks', 'run', 'tune_stream_dag', 'Load_songplays_fact_table', 'scheduled__2023-01-04T20:00:00+00:00', '--job-id', '2629', '--raw', '--subdir', 'DAGS_FOLDER/etl_pipeline.py', '--cfg-path', '/tmp/tmpu65mtqsv']
[2025-07-24T17:32:16.250+0000] {standard_task_runner.py:88} INFO - Job 2629: Subtask Load_songplays_fact_table
[2025-07-24T17:32:16.396+0000] {task_command.py:423} INFO - Running <TaskInstance: tune_stream_dag.Load_songplays_fact_table scheduled__2023-01-04T20:00:00+00:00 [running]> on host 5def55d2a1b5
[2025-07-24T17:32:16.496+0000] {taskinstance.py:2480} INFO - Exporting env vars: AIRFLOW_CTX_DAG_OWNER='genz-legend' AIRFLOW_CTX_DAG_ID='tune_stream_dag' AIRFLOW_CTX_TASK_ID='Load_songplays_fact_table' AIRFLOW_CTX_EXECUTION_DATE='2023-01-04T20:00:00+00:00' AIRFLOW_CTX_TRY_NUMBER='1' AIRFLOW_CTX_DAG_RUN_ID='scheduled__2023-01-04T20:00:00+00:00'
[2025-07-24T17:33:11.046+0000] {python.py:201} INFO - Done. Returned value was: None
[2025-07-24T17:33:11.116+0000] {taskinstance.py:1138} INFO - Marking task as SUCCESS. dag_id=tune_stream_dag, task_id=Load_songplays_fact_table, execution_date=20230104T200000, start_date=20250724T173216, end_date=20250724T173311
[2025-07-24T17:33:11.279+0000] {local_task_job_runner.py:234} INFO - Task exited with return code 0
[2025-07-24T17:33:11.346+0000] {taskinstance.py:3280} INFO - 4 downstream tasks scheduled from follow-on schedule check
