[2025-07-22T10:04:59.385+0000] {taskinstance.py:1956} INFO - Dependencies all met for dep_context=non-requeueable deps ti=<TaskInstance: tune_stream_dag.Stage_songs scheduled__2023-01-01T13:00:00+00:00 [queued]>
[2025-07-22T10:04:59.398+0000] {taskinstance.py:1956} INFO - Dependencies all met for dep_context=requeueable deps ti=<TaskInstance: tune_stream_dag.Stage_songs scheduled__2023-01-01T13:00:00+00:00 [queued]>
[2025-07-22T10:04:59.399+0000] {taskinstance.py:2170} INFO - Starting attempt 1 of 4
[2025-07-22T10:05:00.564+0000] {taskinstance.py:2191} INFO - Executing <Task(PythonOperator): Stage_songs> on 2023-01-01 13:00:00+00:00
[2025-07-22T10:05:00.803+0000] {standard_task_runner.py:60} INFO - Started process 355 to run task
[2025-07-22T10:05:00.830+0000] {standard_task_runner.py:87} INFO - Running: ['***', 'tasks', 'run', 'tune_stream_dag', 'Stage_songs', 'scheduled__2023-01-01T13:00:00+00:00', '--job-id', '135', '--raw', '--subdir', 'DAGS_FOLDER/etl_pipeline.py', '--cfg-path', '/tmp/tmpddoiykn3']
[2025-07-22T10:05:00.866+0000] {standard_task_runner.py:88} INFO - Job 135: Subtask Stage_songs
[2025-07-22T10:05:01.312+0000] {task_command.py:423} INFO - Running <TaskInstance: tune_stream_dag.Stage_songs scheduled__2023-01-01T13:00:00+00:00 [running]> on host a2a13a541787
[2025-07-22T10:05:01.793+0000] {taskinstance.py:2480} INFO - Exporting env vars: AIRFLOW_CTX_DAG_OWNER='genz-legend' AIRFLOW_CTX_DAG_ID='tune_stream_dag' AIRFLOW_CTX_TASK_ID='Stage_songs' AIRFLOW_CTX_EXECUTION_DATE='2023-01-01T13:00:00+00:00' AIRFLOW_CTX_TRY_NUMBER='1' AIRFLOW_CTX_DAG_RUN_ID='scheduled__2023-01-01T13:00:00+00:00'
[2025-07-22T10:05:03.666+0000] {python.py:201} INFO - Done. Returned value was: None
[2025-07-22T10:05:03.680+0000] {taskinstance.py:1138} INFO - Marking task as SUCCESS. dag_id=tune_stream_dag, task_id=Stage_songs, execution_date=20230101T130000, start_date=20250722T100459, end_date=20250722T100503
[2025-07-22T10:05:04.863+0000] {local_task_job_runner.py:234} INFO - Task exited with return code 0
[2025-07-22T10:05:04.898+0000] {taskinstance.py:3280} INFO - 0 downstream tasks scheduled from follow-on schedule check
[2025-07-24T15:31:04.553+0000] {taskinstance.py:1956} INFO - Dependencies all met for dep_context=non-requeueable deps ti=<TaskInstance: tune_stream_dag.Stage_songs scheduled__2023-01-01T13:00:00+00:00 [queued]>
[2025-07-24T15:31:04.564+0000] {taskinstance.py:1956} INFO - Dependencies all met for dep_context=requeueable deps ti=<TaskInstance: tune_stream_dag.Stage_songs scheduled__2023-01-01T13:00:00+00:00 [queued]>
[2025-07-24T15:31:04.564+0000] {taskinstance.py:2170} INFO - Starting attempt 1 of 4
[2025-07-24T15:31:04.601+0000] {taskinstance.py:2191} INFO - Executing <Task(PythonOperator): Stage_songs> on 2023-01-01 13:00:00+00:00
[2025-07-24T15:31:04.617+0000] {standard_task_runner.py:60} INFO - Started process 199 to run task
[2025-07-24T15:31:04.622+0000] {standard_task_runner.py:87} INFO - Running: ['***', 'tasks', 'run', 'tune_stream_dag', 'Stage_songs', 'scheduled__2023-01-01T13:00:00+00:00', '--job-id', '985', '--raw', '--subdir', 'DAGS_FOLDER/etl_pipeline.py', '--cfg-path', '/tmp/tmp9lwi2s4e']
[2025-07-24T15:31:04.631+0000] {standard_task_runner.py:88} INFO - Job 985: Subtask Stage_songs
[2025-07-24T15:31:04.745+0000] {task_command.py:423} INFO - Running <TaskInstance: tune_stream_dag.Stage_songs scheduled__2023-01-01T13:00:00+00:00 [running]> on host c53547d84df1
[2025-07-24T15:31:04.992+0000] {taskinstance.py:2480} INFO - Exporting env vars: AIRFLOW_CTX_DAG_OWNER='genz-legend' AIRFLOW_CTX_DAG_ID='tune_stream_dag' AIRFLOW_CTX_TASK_ID='Stage_songs' AIRFLOW_CTX_EXECUTION_DATE='2023-01-01T13:00:00+00:00' AIRFLOW_CTX_TRY_NUMBER='1' AIRFLOW_CTX_DAG_RUN_ID='scheduled__2023-01-01T13:00:00+00:00'
[2025-07-24T15:31:10.622+0000] {python.py:201} INFO - Done. Returned value was: None
[2025-07-24T15:31:10.657+0000] {taskinstance.py:1138} INFO - Marking task as SUCCESS. dag_id=tune_stream_dag, task_id=Stage_songs, execution_date=20230101T130000, start_date=20250724T153104, end_date=20250724T153110
[2025-07-24T15:31:10.746+0000] {local_task_job_runner.py:234} INFO - Task exited with return code 0
[2025-07-24T15:31:10.792+0000] {taskinstance.py:3280} INFO - 0 downstream tasks scheduled from follow-on schedule check
[2025-07-24T16:15:33.778+0000] {taskinstance.py:1956} INFO - Dependencies all met for dep_context=non-requeueable deps ti=<TaskInstance: tune_stream_dag.Stage_songs scheduled__2023-01-01T13:00:00+00:00 [queued]>
[2025-07-24T16:15:33.795+0000] {taskinstance.py:1956} INFO - Dependencies all met for dep_context=requeueable deps ti=<TaskInstance: tune_stream_dag.Stage_songs scheduled__2023-01-01T13:00:00+00:00 [queued]>
[2025-07-24T16:15:33.796+0000] {taskinstance.py:2170} INFO - Starting attempt 1 of 4
[2025-07-24T16:15:33.950+0000] {taskinstance.py:2191} INFO - Executing <Task(PythonOperator): Stage_songs> on 2023-01-01 13:00:00+00:00
[2025-07-24T16:15:33.969+0000] {standard_task_runner.py:60} INFO - Started process 258 to run task
[2025-07-24T16:15:33.974+0000] {standard_task_runner.py:87} INFO - Running: ['***', 'tasks', 'run', 'tune_stream_dag', 'Stage_songs', 'scheduled__2023-01-01T13:00:00+00:00', '--job-id', '1387', '--raw', '--subdir', 'DAGS_FOLDER/etl_pipeline.py', '--cfg-path', '/tmp/tmpkpjbmrx4']
[2025-07-24T16:15:33.982+0000] {standard_task_runner.py:88} INFO - Job 1387: Subtask Stage_songs
[2025-07-24T16:15:34.100+0000] {task_command.py:423} INFO - Running <TaskInstance: tune_stream_dag.Stage_songs scheduled__2023-01-01T13:00:00+00:00 [running]> on host c53547d84df1
[2025-07-24T16:15:34.225+0000] {taskinstance.py:2480} INFO - Exporting env vars: AIRFLOW_CTX_DAG_OWNER='genz-legend' AIRFLOW_CTX_DAG_ID='tune_stream_dag' AIRFLOW_CTX_TASK_ID='Stage_songs' AIRFLOW_CTX_EXECUTION_DATE='2023-01-01T13:00:00+00:00' AIRFLOW_CTX_TRY_NUMBER='1' AIRFLOW_CTX_DAG_RUN_ID='scheduled__2023-01-01T13:00:00+00:00'
[2025-07-24T16:15:35.129+0000] {python.py:201} INFO - Done. Returned value was: None
[2025-07-24T16:15:35.142+0000] {taskinstance.py:1138} INFO - Marking task as SUCCESS. dag_id=tune_stream_dag, task_id=Stage_songs, execution_date=20230101T130000, start_date=20250724T161533, end_date=20250724T161535
[2025-07-24T16:15:35.279+0000] {local_task_job_runner.py:234} INFO - Task exited with return code 0
[2025-07-24T16:15:35.387+0000] {taskinstance.py:3280} INFO - 0 downstream tasks scheduled from follow-on schedule check
[2025-07-24T16:55:44.676+0000] {taskinstance.py:1956} INFO - Dependencies all met for dep_context=non-requeueable deps ti=<TaskInstance: tune_stream_dag.Stage_songs scheduled__2023-01-01T13:00:00+00:00 [queued]>
[2025-07-24T16:55:44.766+0000] {taskinstance.py:1956} INFO - Dependencies all met for dep_context=requeueable deps ti=<TaskInstance: tune_stream_dag.Stage_songs scheduled__2023-01-01T13:00:00+00:00 [queued]>
[2025-07-24T16:55:44.873+0000] {taskinstance.py:2170} INFO - Starting attempt 1 of 4
[2025-07-24T16:55:45.353+0000] {taskinstance.py:2191} INFO - Executing <Task(PythonOperator): Stage_songs> on 2023-01-01 13:00:00+00:00
[2025-07-24T16:55:45.402+0000] {standard_task_runner.py:60} INFO - Started process 264 to run task
[2025-07-24T16:55:45.407+0000] {standard_task_runner.py:87} INFO - Running: ['***', 'tasks', 'run', 'tune_stream_dag', 'Stage_songs', 'scheduled__2023-01-01T13:00:00+00:00', '--job-id', '1782', '--raw', '--subdir', 'DAGS_FOLDER/etl_pipeline.py', '--cfg-path', '/tmp/tmp_wvgoevj']
[2025-07-24T16:55:45.411+0000] {standard_task_runner.py:88} INFO - Job 1782: Subtask Stage_songs
[2025-07-24T16:55:47.281+0000] {task_command.py:423} INFO - Running <TaskInstance: tune_stream_dag.Stage_songs scheduled__2023-01-01T13:00:00+00:00 [running]> on host 5def55d2a1b5
[2025-07-24T16:55:47.786+0000] {taskinstance.py:2480} INFO - Exporting env vars: AIRFLOW_CTX_DAG_OWNER='genz-legend' AIRFLOW_CTX_DAG_ID='tune_stream_dag' AIRFLOW_CTX_TASK_ID='Stage_songs' AIRFLOW_CTX_EXECUTION_DATE='2023-01-01T13:00:00+00:00' AIRFLOW_CTX_TRY_NUMBER='1' AIRFLOW_CTX_DAG_RUN_ID='scheduled__2023-01-01T13:00:00+00:00'
[2025-07-24T16:55:49.733+0000] {python.py:201} INFO - Done. Returned value was: None
[2025-07-24T16:55:49.819+0000] {taskinstance.py:1138} INFO - Marking task as SUCCESS. dag_id=tune_stream_dag, task_id=Stage_songs, execution_date=20230101T130000, start_date=20250724T165544, end_date=20250724T165549
[2025-07-24T16:55:49.951+0000] {local_task_job_runner.py:234} INFO - Task exited with return code 0
[2025-07-24T16:55:49.977+0000] {taskinstance.py:3280} INFO - 0 downstream tasks scheduled from follow-on schedule check
