[2025-07-24T14:45:55.417+0000] {taskinstance.py:1956} INFO - Dependencies all met for dep_context=non-requeueable deps ti=<TaskInstance: tune_stream_dag.Load_songplays_fact_table scheduled__2023-01-04T02:00:00+00:00 [queued]>
[2025-07-24T14:45:55.470+0000] {taskinstance.py:1956} INFO - Dependencies all met for dep_context=requeueable deps ti=<TaskInstance: tune_stream_dag.Load_songplays_fact_table scheduled__2023-01-04T02:00:00+00:00 [queued]>
[2025-07-24T14:45:55.479+0000] {taskinstance.py:2170} INFO - Starting attempt 1 of 4
[2025-07-24T14:45:55.540+0000] {taskinstance.py:2191} INFO - Executing <Task(PythonOperator): Load_songplays_fact_table> on 2023-01-04 02:00:00+00:00
[2025-07-24T14:45:55.567+0000] {standard_task_runner.py:60} INFO - Started process 517 to run task
[2025-07-24T14:45:55.573+0000] {standard_task_runner.py:87} INFO - Running: ['***', 'tasks', 'run', 'tune_stream_dag', 'Load_songplays_fact_table', 'scheduled__2023-01-04T02:00:00+00:00', '--job-id', '671', '--raw', '--subdir', 'DAGS_FOLDER/etl_pipeline.py', '--cfg-path', '/tmp/tmpujs8iqs8']
[2025-07-24T14:45:55.675+0000] {standard_task_runner.py:88} INFO - Job 671: Subtask Load_songplays_fact_table
[2025-07-24T14:45:56.791+0000] {task_command.py:423} INFO - Running <TaskInstance: tune_stream_dag.Load_songplays_fact_table scheduled__2023-01-04T02:00:00+00:00 [running]> on host aea62fae55be
[2025-07-24T14:46:00.743+0000] {taskinstance.py:2480} INFO - Exporting env vars: AIRFLOW_CTX_DAG_OWNER='genz-legend' AIRFLOW_CTX_DAG_ID='tune_stream_dag' AIRFLOW_CTX_TASK_ID='Load_songplays_fact_table' AIRFLOW_CTX_EXECUTION_DATE='2023-01-04T02:00:00+00:00' AIRFLOW_CTX_TRY_NUMBER='1' AIRFLOW_CTX_DAG_RUN_ID='scheduled__2023-01-04T02:00:00+00:00'
[2025-07-24T14:46:00.752+0000] {taskinstance.py:2698} ERROR - Task failed with exception
Traceback (most recent call last):
  File "/home/airflow/.local/lib/python3.8/site-packages/airflow/models/taskinstance.py", line 433, in _execute_task
    result = execute_callable(context=context, **execute_callable_kwargs)
  File "/home/airflow/.local/lib/python3.8/site-packages/airflow/operators/python.py", line 199, in execute
    return_value = self.execute_callable()
  File "/home/airflow/.local/lib/python3.8/site-packages/airflow/operators/python.py", line 216, in execute_callable
    return self.python_callable(*self.op_args, **self.op_kwargs)
  File "/opt/airflow/dags/etl_pipeline.py", line 170, in <lambda>
    python_callable=lambda: load_table(SqlQueries.songplay_table_insert),
TypeError: load_table() missing 1 required positional argument: 'table'
[2025-07-24T14:46:01.070+0000] {taskinstance.py:1138} INFO - Marking task as UP_FOR_RETRY. dag_id=tune_stream_dag, task_id=Load_songplays_fact_table, execution_date=20230104T020000, start_date=20250724T144555, end_date=20250724T144601
[2025-07-24T14:46:01.467+0000] {standard_task_runner.py:107} ERROR - Failed to execute job 671 for task Load_songplays_fact_table (load_table() missing 1 required positional argument: 'table'; 517)
[2025-07-24T14:46:01.598+0000] {local_task_job_runner.py:234} INFO - Task exited with return code 1
[2025-07-24T14:46:01.619+0000] {taskinstance.py:3280} INFO - 0 downstream tasks scheduled from follow-on schedule check
[2025-07-24T17:28:56.438+0000] {taskinstance.py:1956} INFO - Dependencies all met for dep_context=non-requeueable deps ti=<TaskInstance: tune_stream_dag.Load_songplays_fact_table scheduled__2023-01-04T02:00:00+00:00 [queued]>
[2025-07-24T17:28:56.515+0000] {taskinstance.py:1956} INFO - Dependencies all met for dep_context=requeueable deps ti=<TaskInstance: tune_stream_dag.Load_songplays_fact_table scheduled__2023-01-04T02:00:00+00:00 [queued]>
[2025-07-24T17:28:56.517+0000] {taskinstance.py:2170} INFO - Starting attempt 1 of 4
[2025-07-24T17:28:56.648+0000] {taskinstance.py:2191} INFO - Executing <Task(PythonOperator): Load_songplays_fact_table> on 2023-01-04 02:00:00+00:00
[2025-07-24T17:28:56.688+0000] {standard_task_runner.py:60} INFO - Started process 2595 to run task
[2025-07-24T17:28:56.700+0000] {standard_task_runner.py:87} INFO - Running: ['***', 'tasks', 'run', 'tune_stream_dag', 'Load_songplays_fact_table', 'scheduled__2023-01-04T02:00:00+00:00', '--job-id', '2407', '--raw', '--subdir', 'DAGS_FOLDER/etl_pipeline.py', '--cfg-path', '/tmp/tmpb2jd67xn']
[2025-07-24T17:28:56.706+0000] {standard_task_runner.py:88} INFO - Job 2407: Subtask Load_songplays_fact_table
[2025-07-24T17:28:56.886+0000] {task_command.py:423} INFO - Running <TaskInstance: tune_stream_dag.Load_songplays_fact_table scheduled__2023-01-04T02:00:00+00:00 [running]> on host 5def55d2a1b5
[2025-07-24T17:28:57.196+0000] {taskinstance.py:2480} INFO - Exporting env vars: AIRFLOW_CTX_DAG_OWNER='genz-legend' AIRFLOW_CTX_DAG_ID='tune_stream_dag' AIRFLOW_CTX_TASK_ID='Load_songplays_fact_table' AIRFLOW_CTX_EXECUTION_DATE='2023-01-04T02:00:00+00:00' AIRFLOW_CTX_TRY_NUMBER='1' AIRFLOW_CTX_DAG_RUN_ID='scheduled__2023-01-04T02:00:00+00:00'
[2025-07-24T17:28:57.767+0000] {python.py:201} INFO - Done. Returned value was: None
[2025-07-24T17:28:57.792+0000] {taskinstance.py:1138} INFO - Marking task as SUCCESS. dag_id=tune_stream_dag, task_id=Load_songplays_fact_table, execution_date=20230104T020000, start_date=20250724T172856, end_date=20250724T172857
[2025-07-24T17:28:57.990+0000] {local_task_job_runner.py:234} INFO - Task exited with return code 0
[2025-07-24T17:28:58.048+0000] {taskinstance.py:3280} INFO - 4 downstream tasks scheduled from follow-on schedule check
