[2025-07-24T16:42:21.304+0000] {taskinstance.py:1956} INFO - Dependencies all met for dep_context=non-requeueable deps ti=<TaskInstance: tune_stream_dag.Load_time_dim_table scheduled__2023-01-02T03:00:00+00:00 [queued]>
[2025-07-24T16:42:21.356+0000] {taskinstance.py:1956} INFO - Dependencies all met for dep_context=requeueable deps ti=<TaskInstance: tune_stream_dag.Load_time_dim_table scheduled__2023-01-02T03:00:00+00:00 [queued]>
[2025-07-24T16:42:21.359+0000] {taskinstance.py:2170} INFO - Starting attempt 2 of 4
[2025-07-24T16:42:21.463+0000] {taskinstance.py:2191} INFO - Executing <Task(PythonOperator): Load_time_dim_table> on 2023-01-02 03:00:00+00:00
[2025-07-24T16:42:21.573+0000] {standard_task_runner.py:60} INFO - Started process 172 to run task
[2025-07-24T16:42:21.621+0000] {standard_task_runner.py:87} INFO - Running: ['***', 'tasks', 'run', 'tune_stream_dag', 'Load_time_dim_table', 'scheduled__2023-01-02T03:00:00+00:00', '--job-id', '1702', '--raw', '--subdir', 'DAGS_FOLDER/etl_pipeline.py', '--cfg-path', '/tmp/tmpt4l3t2sw']
[2025-07-24T16:42:21.652+0000] {standard_task_runner.py:88} INFO - Job 1702: Subtask Load_time_dim_table
[2025-07-24T16:42:22.096+0000] {task_command.py:423} INFO - Running <TaskInstance: tune_stream_dag.Load_time_dim_table scheduled__2023-01-02T03:00:00+00:00 [running]> on host 5def55d2a1b5
[2025-07-24T16:42:22.731+0000] {taskinstance.py:2480} INFO - Exporting env vars: AIRFLOW_CTX_DAG_OWNER='genz-legend' AIRFLOW_CTX_DAG_ID='tune_stream_dag' AIRFLOW_CTX_TASK_ID='Load_time_dim_table' AIRFLOW_CTX_EXECUTION_DATE='2023-01-02T03:00:00+00:00' AIRFLOW_CTX_TRY_NUMBER='2' AIRFLOW_CTX_DAG_RUN_ID='scheduled__2023-01-02T03:00:00+00:00'
[2025-07-24T16:42:23.054+0000] {taskinstance.py:2698} ERROR - Task failed with exception
Traceback (most recent call last):
  File "/home/airflow/.local/lib/python3.8/site-packages/airflow/models/taskinstance.py", line 433, in _execute_task
    result = execute_callable(context=context, **execute_callable_kwargs)
  File "/home/airflow/.local/lib/python3.8/site-packages/airflow/operators/python.py", line 199, in execute
    return_value = self.execute_callable()
  File "/home/airflow/.local/lib/python3.8/site-packages/airflow/operators/python.py", line 216, in execute_callable
    return self.python_callable(*self.op_args, **self.op_kwargs)
  File "/opt/airflow/dags/etl_pipeline.py", line 197, in <lambda>
    python_callable=lambda: load_table(SqlQueries.time_table_insert, 'time'),
  File "/opt/airflow/dags/etl_pipeline.py", line 132, in load_table
    cur.execute(f"INSERT INTO {table} {query}")
psycopg2.errors.UniqueViolation: duplicate key value violates unique constraint "time_pkey"
DETAIL:  Key (start_time)=(2018-11-14 04:53:36) already exists.

[2025-07-24T16:42:23.172+0000] {taskinstance.py:1138} INFO - Marking task as UP_FOR_RETRY. dag_id=tune_stream_dag, task_id=Load_time_dim_table, execution_date=20230102T030000, start_date=20250724T164221, end_date=20250724T164223
[2025-07-24T16:42:23.252+0000] {standard_task_runner.py:107} ERROR - Failed to execute job 1702 for task Load_time_dim_table (duplicate key value violates unique constraint "time_pkey"
DETAIL:  Key (start_time)=(2018-11-14 04:53:36) already exists.
; 172)
[2025-07-24T16:42:23.345+0000] {local_task_job_runner.py:234} INFO - Task exited with return code 1
[2025-07-24T16:42:23.444+0000] {taskinstance.py:3280} INFO - 0 downstream tasks scheduled from follow-on schedule check
[2025-07-24T17:21:10.912+0000] {taskinstance.py:1956} INFO - Dependencies all met for dep_context=non-requeueable deps ti=<TaskInstance: tune_stream_dag.Load_time_dim_table scheduled__2023-01-02T03:00:00+00:00 [queued]>
[2025-07-24T17:21:10.969+0000] {taskinstance.py:1956} INFO - Dependencies all met for dep_context=requeueable deps ti=<TaskInstance: tune_stream_dag.Load_time_dim_table scheduled__2023-01-02T03:00:00+00:00 [queued]>
[2025-07-24T17:21:11.009+0000] {taskinstance.py:2170} INFO - Starting attempt 2 of 4
[2025-07-24T17:21:11.288+0000] {taskinstance.py:2191} INFO - Executing <Task(PythonOperator): Load_time_dim_table> on 2023-01-02 03:00:00+00:00
[2025-07-24T17:21:11.343+0000] {standard_task_runner.py:60} INFO - Started process 1872 to run task
[2025-07-24T17:21:11.389+0000] {standard_task_runner.py:87} INFO - Running: ['***', 'tasks', 'run', 'tune_stream_dag', 'Load_time_dim_table', 'scheduled__2023-01-02T03:00:00+00:00', '--job-id', '2192', '--raw', '--subdir', 'DAGS_FOLDER/etl_pipeline.py', '--cfg-path', '/tmp/tmpayyxbgru']
[2025-07-24T17:21:11.408+0000] {standard_task_runner.py:88} INFO - Job 2192: Subtask Load_time_dim_table
[2025-07-24T17:21:11.908+0000] {task_command.py:423} INFO - Running <TaskInstance: tune_stream_dag.Load_time_dim_table scheduled__2023-01-02T03:00:00+00:00 [running]> on host 5def55d2a1b5
[2025-07-24T17:21:12.668+0000] {taskinstance.py:2480} INFO - Exporting env vars: AIRFLOW_CTX_DAG_OWNER='genz-legend' AIRFLOW_CTX_DAG_ID='tune_stream_dag' AIRFLOW_CTX_TASK_ID='Load_time_dim_table' AIRFLOW_CTX_EXECUTION_DATE='2023-01-02T03:00:00+00:00' AIRFLOW_CTX_TRY_NUMBER='2' AIRFLOW_CTX_DAG_RUN_ID='scheduled__2023-01-02T03:00:00+00:00'
[2025-07-24T17:21:13.426+0000] {python.py:201} INFO - Done. Returned value was: None
[2025-07-24T17:21:13.459+0000] {taskinstance.py:1138} INFO - Marking task as SUCCESS. dag_id=tune_stream_dag, task_id=Load_time_dim_table, execution_date=20230102T030000, start_date=20250724T172110, end_date=20250724T172113
[2025-07-24T17:21:13.669+0000] {local_task_job_runner.py:234} INFO - Task exited with return code 0
[2025-07-24T17:21:13.925+0000] {taskinstance.py:3280} INFO - 0 downstream tasks scheduled from follow-on schedule check
