[2025-07-24T15:15:37.968+0000] {taskinstance.py:1956} INFO - Dependencies all met for dep_context=non-requeueable deps ti=<TaskInstance: tune_stream_dag.Stage_songs scheduled__2023-01-04T23:00:00+00:00 [queued]>
[2025-07-24T15:15:37.981+0000] {taskinstance.py:1956} INFO - Dependencies all met for dep_context=requeueable deps ti=<TaskInstance: tune_stream_dag.Stage_songs scheduled__2023-01-04T23:00:00+00:00 [queued]>
[2025-07-24T15:15:37.981+0000] {taskinstance.py:2170} INFO - Starting attempt 1 of 4
[2025-07-24T15:15:37.998+0000] {taskinstance.py:2191} INFO - Executing <Task(PythonOperator): Stage_songs> on 2023-01-04 23:00:00+00:00
[2025-07-24T15:15:38.006+0000] {standard_task_runner.py:60} INFO - Started process 554 to run task
[2025-07-24T15:15:38.009+0000] {standard_task_runner.py:87} INFO - Running: ['***', 'tasks', 'run', 'tune_stream_dag', 'Stage_songs', 'scheduled__2023-01-04T23:00:00+00:00', '--job-id', '817', '--raw', '--subdir', 'DAGS_FOLDER/etl_pipeline.py', '--cfg-path', '/tmp/tmpni41bmf1']
[2025-07-24T15:15:38.013+0000] {standard_task_runner.py:88} INFO - Job 817: Subtask Stage_songs
[2025-07-24T15:15:38.089+0000] {task_command.py:423} INFO - Running <TaskInstance: tune_stream_dag.Stage_songs scheduled__2023-01-04T23:00:00+00:00 [running]> on host c53547d84df1
[2025-07-24T15:15:38.170+0000] {taskinstance.py:2480} INFO - Exporting env vars: AIRFLOW_CTX_DAG_OWNER='genz-legend' AIRFLOW_CTX_DAG_ID='tune_stream_dag' AIRFLOW_CTX_TASK_ID='Stage_songs' AIRFLOW_CTX_EXECUTION_DATE='2023-01-04T23:00:00+00:00' AIRFLOW_CTX_TRY_NUMBER='1' AIRFLOW_CTX_DAG_RUN_ID='scheduled__2023-01-04T23:00:00+00:00'
[2025-07-24T15:15:38.669+0000] {python.py:201} INFO - Done. Returned value was: None
[2025-07-24T15:15:38.681+0000] {taskinstance.py:1138} INFO - Marking task as SUCCESS. dag_id=tune_stream_dag, task_id=Stage_songs, execution_date=20230104T230000, start_date=20250724T151537, end_date=20250724T151538
[2025-07-24T15:15:38.745+0000] {local_task_job_runner.py:234} INFO - Task exited with return code 0
[2025-07-24T15:15:38.770+0000] {taskinstance.py:3280} INFO - 0 downstream tasks scheduled from follow-on schedule check
[2025-07-24T17:31:47.893+0000] {taskinstance.py:1956} INFO - Dependencies all met for dep_context=non-requeueable deps ti=<TaskInstance: tune_stream_dag.Stage_songs scheduled__2023-01-04T23:00:00+00:00 [queued]>
[2025-07-24T17:31:47.902+0000] {taskinstance.py:1956} INFO - Dependencies all met for dep_context=requeueable deps ti=<TaskInstance: tune_stream_dag.Stage_songs scheduled__2023-01-04T23:00:00+00:00 [queued]>
[2025-07-24T17:31:47.903+0000] {taskinstance.py:2170} INFO - Starting attempt 1 of 4
[2025-07-24T17:31:48.586+0000] {taskinstance.py:2191} INFO - Executing <Task(PythonOperator): Stage_songs> on 2023-01-04 23:00:00+00:00
[2025-07-24T17:31:48.604+0000] {standard_task_runner.py:60} INFO - Started process 3208 to run task
[2025-07-24T17:31:48.613+0000] {standard_task_runner.py:87} INFO - Running: ['***', 'tasks', 'run', 'tune_stream_dag', 'Stage_songs', 'scheduled__2023-01-04T23:00:00+00:00', '--job-id', '2604', '--raw', '--subdir', 'DAGS_FOLDER/etl_pipeline.py', '--cfg-path', '/tmp/tmpsn02syrp']
[2025-07-24T17:31:48.617+0000] {standard_task_runner.py:88} INFO - Job 2604: Subtask Stage_songs
[2025-07-24T17:31:49.770+0000] {task_command.py:423} INFO - Running <TaskInstance: tune_stream_dag.Stage_songs scheduled__2023-01-04T23:00:00+00:00 [running]> on host 5def55d2a1b5
[2025-07-24T17:31:52.174+0000] {taskinstance.py:2480} INFO - Exporting env vars: AIRFLOW_CTX_DAG_OWNER='genz-legend' AIRFLOW_CTX_DAG_ID='tune_stream_dag' AIRFLOW_CTX_TASK_ID='Stage_songs' AIRFLOW_CTX_EXECUTION_DATE='2023-01-04T23:00:00+00:00' AIRFLOW_CTX_TRY_NUMBER='1' AIRFLOW_CTX_DAG_RUN_ID='scheduled__2023-01-04T23:00:00+00:00'
[2025-07-24T17:31:59.669+0000] {python.py:201} INFO - Done. Returned value was: None
[2025-07-24T17:31:59.700+0000] {taskinstance.py:1138} INFO - Marking task as SUCCESS. dag_id=tune_stream_dag, task_id=Stage_songs, execution_date=20230104T230000, start_date=20250724T173147, end_date=20250724T173159
[2025-07-24T17:31:59.766+0000] {local_task_job_runner.py:234} INFO - Task exited with return code 0
[2025-07-24T17:32:00.078+0000] {taskinstance.py:3280} INFO - 0 downstream tasks scheduled from follow-on schedule check
