[2025-07-24T14:13:46.738+0000] {taskinstance.py:1956} INFO - Dependencies all met for dep_context=non-requeueable deps ti=<TaskInstance: tune_stream_dag.Stage_events scheduled__2023-01-02T21:00:00+00:00 [queued]>
[2025-07-24T14:13:46.752+0000] {taskinstance.py:1956} INFO - Dependencies all met for dep_context=requeueable deps ti=<TaskInstance: tune_stream_dag.Stage_events scheduled__2023-01-02T21:00:00+00:00 [queued]>
[2025-07-24T14:13:46.753+0000] {taskinstance.py:2170} INFO - Starting attempt 1 of 4
[2025-07-24T14:13:46.770+0000] {taskinstance.py:2191} INFO - Executing <Task(PythonOperator): Stage_events> on 2023-01-02 21:00:00+00:00
[2025-07-24T14:13:46.779+0000] {standard_task_runner.py:60} INFO - Started process 281 to run task
[2025-07-24T14:13:46.784+0000] {standard_task_runner.py:87} INFO - Running: ['***', 'tasks', 'run', 'tune_stream_dag', 'Stage_events', 'scheduled__2023-01-02T21:00:00+00:00', '--job-id', '451', '--raw', '--subdir', 'DAGS_FOLDER/etl_pipeline.py', '--cfg-path', '/tmp/tmp6qiy71u9']
[2025-07-24T14:13:46.788+0000] {standard_task_runner.py:88} INFO - Job 451: Subtask Stage_events
[2025-07-24T14:13:46.876+0000] {task_command.py:423} INFO - Running <TaskInstance: tune_stream_dag.Stage_events scheduled__2023-01-02T21:00:00+00:00 [running]> on host aea62fae55be
[2025-07-24T14:13:46.974+0000] {taskinstance.py:2480} INFO - Exporting env vars: AIRFLOW_CTX_DAG_OWNER='genz-legend' AIRFLOW_CTX_DAG_ID='tune_stream_dag' AIRFLOW_CTX_TASK_ID='Stage_events' AIRFLOW_CTX_EXECUTION_DATE='2023-01-02T21:00:00+00:00' AIRFLOW_CTX_TRY_NUMBER='1' AIRFLOW_CTX_DAG_RUN_ID='scheduled__2023-01-02T21:00:00+00:00'
[2025-07-24T14:13:50.718+0000] {python.py:201} INFO - Done. Returned value was: None
[2025-07-24T14:13:50.730+0000] {taskinstance.py:1138} INFO - Marking task as SUCCESS. dag_id=tune_stream_dag, task_id=Stage_events, execution_date=20230102T210000, start_date=20250724T141346, end_date=20250724T141350
[2025-07-24T14:13:50.778+0000] {local_task_job_runner.py:234} INFO - Task exited with return code 0
[2025-07-24T14:13:50.811+0000] {taskinstance.py:3280} INFO - 1 downstream tasks scheduled from follow-on schedule check
[2025-07-24T17:21:21.645+0000] {taskinstance.py:1956} INFO - Dependencies all met for dep_context=non-requeueable deps ti=<TaskInstance: tune_stream_dag.Stage_events scheduled__2023-01-02T21:00:00+00:00 [queued]>
[2025-07-24T17:21:21.700+0000] {taskinstance.py:1956} INFO - Dependencies all met for dep_context=requeueable deps ti=<TaskInstance: tune_stream_dag.Stage_events scheduled__2023-01-02T21:00:00+00:00 [queued]>
[2025-07-24T17:21:21.710+0000] {taskinstance.py:2170} INFO - Starting attempt 1 of 4
[2025-07-24T17:21:21.785+0000] {taskinstance.py:2191} INFO - Executing <Task(PythonOperator): Stage_events> on 2023-01-02 21:00:00+00:00
[2025-07-24T17:21:21.827+0000] {standard_task_runner.py:60} INFO - Started process 1899 to run task
[2025-07-24T17:21:21.843+0000] {standard_task_runner.py:87} INFO - Running: ['***', 'tasks', 'run', 'tune_stream_dag', 'Stage_events', 'scheduled__2023-01-02T21:00:00+00:00', '--job-id', '2205', '--raw', '--subdir', 'DAGS_FOLDER/etl_pipeline.py', '--cfg-path', '/tmp/tmp0bn8spzh']
[2025-07-24T17:21:21.913+0000] {standard_task_runner.py:88} INFO - Job 2205: Subtask Stage_events
[2025-07-24T17:21:22.246+0000] {task_command.py:423} INFO - Running <TaskInstance: tune_stream_dag.Stage_events scheduled__2023-01-02T21:00:00+00:00 [running]> on host 5def55d2a1b5
[2025-07-24T17:21:22.520+0000] {taskinstance.py:2480} INFO - Exporting env vars: AIRFLOW_CTX_DAG_OWNER='genz-legend' AIRFLOW_CTX_DAG_ID='tune_stream_dag' AIRFLOW_CTX_TASK_ID='Stage_events' AIRFLOW_CTX_EXECUTION_DATE='2023-01-02T21:00:00+00:00' AIRFLOW_CTX_TRY_NUMBER='1' AIRFLOW_CTX_DAG_RUN_ID='scheduled__2023-01-02T21:00:00+00:00'
[2025-07-24T17:23:01.863+0000] {python.py:201} INFO - Done. Returned value was: None
[2025-07-24T17:23:02.319+0000] {taskinstance.py:1138} INFO - Marking task as SUCCESS. dag_id=tune_stream_dag, task_id=Stage_events, execution_date=20230102T210000, start_date=20250724T172121, end_date=20250724T172302
[2025-07-24T17:23:03.550+0000] {local_task_job_runner.py:234} INFO - Task exited with return code 0
[2025-07-24T17:23:04.297+0000] {taskinstance.py:3280} INFO - 0 downstream tasks scheduled from follow-on schedule check
