[2025-07-24T15:26:43.438+0000] {taskinstance.py:1956} INFO - Dependencies all met for dep_context=non-requeueable deps ti=<TaskInstance: tune_stream_dag.Load_artist_dim_table scheduled__2023-01-05T01:00:00+00:00 [queued]>
[2025-07-24T15:26:43.454+0000] {taskinstance.py:1956} INFO - Dependencies all met for dep_context=requeueable deps ti=<TaskInstance: tune_stream_dag.Load_artist_dim_table scheduled__2023-01-05T01:00:00+00:00 [queued]>
[2025-07-24T15:26:43.455+0000] {taskinstance.py:2170} INFO - Starting attempt 1 of 4
[2025-07-24T15:26:43.475+0000] {taskinstance.py:2191} INFO - Executing <Task(PythonOperator): Load_artist_dim_table> on 2023-01-05 01:00:00+00:00
[2025-07-24T15:26:43.485+0000] {standard_task_runner.py:60} INFO - Started process 214 to run task
[2025-07-24T15:26:43.492+0000] {standard_task_runner.py:87} INFO - Running: ['***', 'tasks', 'run', 'tune_stream_dag', 'Load_artist_dim_table', 'scheduled__2023-01-05T01:00:00+00:00', '--job-id', '919', '--raw', '--subdir', 'DAGS_FOLDER/etl_pipeline.py', '--cfg-path', '/tmp/tmp8083ui79']
[2025-07-24T15:26:43.498+0000] {standard_task_runner.py:88} INFO - Job 919: Subtask Load_artist_dim_table
[2025-07-24T15:26:43.659+0000] {task_command.py:423} INFO - Running <TaskInstance: tune_stream_dag.Load_artist_dim_table scheduled__2023-01-05T01:00:00+00:00 [running]> on host c53547d84df1
[2025-07-24T15:26:43.829+0000] {taskinstance.py:2480} INFO - Exporting env vars: AIRFLOW_CTX_DAG_OWNER='genz-legend' AIRFLOW_CTX_DAG_ID='tune_stream_dag' AIRFLOW_CTX_TASK_ID='Load_artist_dim_table' AIRFLOW_CTX_EXECUTION_DATE='2023-01-05T01:00:00+00:00' AIRFLOW_CTX_TRY_NUMBER='1' AIRFLOW_CTX_DAG_RUN_ID='scheduled__2023-01-05T01:00:00+00:00'
[2025-07-24T15:26:43.855+0000] {python.py:201} INFO - Done. Returned value was: None
[2025-07-24T15:26:43.875+0000] {taskinstance.py:1138} INFO - Marking task as SUCCESS. dag_id=tune_stream_dag, task_id=Load_artist_dim_table, execution_date=20230105T010000, start_date=20250724T152643, end_date=20250724T152643
[2025-07-24T15:26:43.949+0000] {local_task_job_runner.py:234} INFO - Task exited with return code 0
[2025-07-24T15:26:45.023+0000] {taskinstance.py:3280} INFO - 0 downstream tasks scheduled from follow-on schedule check
[2025-07-24T17:33:27.053+0000] {taskinstance.py:1956} INFO - Dependencies all met for dep_context=non-requeueable deps ti=<TaskInstance: tune_stream_dag.Load_artist_dim_table scheduled__2023-01-05T01:00:00+00:00 [queued]>
[2025-07-24T17:33:27.121+0000] {taskinstance.py:1956} INFO - Dependencies all met for dep_context=requeueable deps ti=<TaskInstance: tune_stream_dag.Load_artist_dim_table scheduled__2023-01-05T01:00:00+00:00 [queued]>
[2025-07-24T17:33:27.125+0000] {taskinstance.py:2170} INFO - Starting attempt 1 of 4
[2025-07-24T17:33:27.216+0000] {taskinstance.py:2191} INFO - Executing <Task(PythonOperator): Load_artist_dim_table> on 2023-01-05 01:00:00+00:00
[2025-07-24T17:33:27.260+0000] {standard_task_runner.py:60} INFO - Started process 3434 to run task
[2025-07-24T17:33:27.278+0000] {standard_task_runner.py:87} INFO - Running: ['***', 'tasks', 'run', 'tune_stream_dag', 'Load_artist_dim_table', 'scheduled__2023-01-05T01:00:00+00:00', '--job-id', '2667', '--raw', '--subdir', 'DAGS_FOLDER/etl_pipeline.py', '--cfg-path', '/tmp/tmpi1czeqvr']
[2025-07-24T17:33:27.295+0000] {standard_task_runner.py:88} INFO - Job 2667: Subtask Load_artist_dim_table
[2025-07-24T17:33:27.640+0000] {task_command.py:423} INFO - Running <TaskInstance: tune_stream_dag.Load_artist_dim_table scheduled__2023-01-05T01:00:00+00:00 [running]> on host 5def55d2a1b5
[2025-07-24T17:33:28.846+0000] {taskinstance.py:2480} INFO - Exporting env vars: AIRFLOW_CTX_DAG_OWNER='genz-legend' AIRFLOW_CTX_DAG_ID='tune_stream_dag' AIRFLOW_CTX_TASK_ID='Load_artist_dim_table' AIRFLOW_CTX_EXECUTION_DATE='2023-01-05T01:00:00+00:00' AIRFLOW_CTX_TRY_NUMBER='1' AIRFLOW_CTX_DAG_RUN_ID='scheduled__2023-01-05T01:00:00+00:00'
[2025-07-24T17:33:29.138+0000] {python.py:201} INFO - Done. Returned value was: None
[2025-07-24T17:33:29.191+0000] {taskinstance.py:1138} INFO - Marking task as SUCCESS. dag_id=tune_stream_dag, task_id=Load_artist_dim_table, execution_date=20230105T010000, start_date=20250724T173327, end_date=20250724T173329
[2025-07-24T17:33:29.558+0000] {local_task_job_runner.py:234} INFO - Task exited with return code 0
[2025-07-24T17:33:29.869+0000] {taskinstance.py:3280} INFO - 0 downstream tasks scheduled from follow-on schedule check
