[2025-07-24T15:22:53.512+0000] {taskinstance.py:1956} INFO - Dependencies all met for dep_context=non-requeueable deps ti=<TaskInstance: tune_stream_dag.Stage_songs scheduled__2023-01-05T11:00:00+00:00 [queued]>
[2025-07-24T15:22:53.521+0000] {taskinstance.py:1956} INFO - Dependencies all met for dep_context=requeueable deps ti=<TaskInstance: tune_stream_dag.Stage_songs scheduled__2023-01-05T11:00:00+00:00 [queued]>
[2025-07-24T15:22:53.521+0000] {taskinstance.py:2170} INFO - Starting attempt 1 of 4
[2025-07-24T15:22:53.548+0000] {taskinstance.py:2191} INFO - Executing <Task(PythonOperator): Stage_songs> on 2023-01-05 11:00:00+00:00
[2025-07-24T15:22:53.562+0000] {standard_task_runner.py:60} INFO - Started process 868 to run task
[2025-07-24T15:22:53.569+0000] {standard_task_runner.py:87} INFO - Running: ['***', 'tasks', 'run', 'tune_stream_dag', 'Stage_songs', 'scheduled__2023-01-05T11:00:00+00:00', '--job-id', '889', '--raw', '--subdir', 'DAGS_FOLDER/etl_pipeline.py', '--cfg-path', '/tmp/tmpvda1uzuy']
[2025-07-24T15:22:53.574+0000] {standard_task_runner.py:88} INFO - Job 889: Subtask Stage_songs
[2025-07-24T15:22:53.779+0000] {task_command.py:423} INFO - Running <TaskInstance: tune_stream_dag.Stage_songs scheduled__2023-01-05T11:00:00+00:00 [running]> on host c53547d84df1
[2025-07-24T15:22:57.088+0000] {taskinstance.py:2480} INFO - Exporting env vars: AIRFLOW_CTX_DAG_OWNER='genz-legend' AIRFLOW_CTX_DAG_ID='tune_stream_dag' AIRFLOW_CTX_TASK_ID='Stage_songs' AIRFLOW_CTX_EXECUTION_DATE='2023-01-05T11:00:00+00:00' AIRFLOW_CTX_TRY_NUMBER='1' AIRFLOW_CTX_DAG_RUN_ID='scheduled__2023-01-05T11:00:00+00:00'
[2025-07-24T15:22:59.916+0000] {python.py:201} INFO - Done. Returned value was: None
[2025-07-24T15:22:59.925+0000] {taskinstance.py:1138} INFO - Marking task as SUCCESS. dag_id=tune_stream_dag, task_id=Stage_songs, execution_date=20230105T110000, start_date=20250724T152253, end_date=20250724T152259
[2025-07-24T15:23:00.791+0000] {local_task_job_runner.py:234} INFO - Task exited with return code 0
[2025-07-24T15:23:00.816+0000] {taskinstance.py:3280} INFO - 0 downstream tasks scheduled from follow-on schedule check
[2025-07-24T17:34:00.641+0000] {taskinstance.py:1956} INFO - Dependencies all met for dep_context=non-requeueable deps ti=<TaskInstance: tune_stream_dag.Stage_songs scheduled__2023-01-05T11:00:00+00:00 [queued]>
[2025-07-24T17:34:00.694+0000] {taskinstance.py:1956} INFO - Dependencies all met for dep_context=requeueable deps ti=<TaskInstance: tune_stream_dag.Stage_songs scheduled__2023-01-05T11:00:00+00:00 [queued]>
[2025-07-24T17:34:00.697+0000] {taskinstance.py:2170} INFO - Starting attempt 1 of 4
[2025-07-24T17:34:00.961+0000] {taskinstance.py:2191} INFO - Executing <Task(PythonOperator): Stage_songs> on 2023-01-05 11:00:00+00:00
[2025-07-24T17:34:01.009+0000] {standard_task_runner.py:60} INFO - Started process 3609 to run task
[2025-07-24T17:34:01.010+0000] {standard_task_runner.py:87} INFO - Running: ['***', 'tasks', 'run', 'tune_stream_dag', 'Stage_songs', 'scheduled__2023-01-05T11:00:00+00:00', '--job-id', '2725', '--raw', '--subdir', 'DAGS_FOLDER/etl_pipeline.py', '--cfg-path', '/tmp/tmpw_cdnbx6']
[2025-07-24T17:34:01.021+0000] {standard_task_runner.py:88} INFO - Job 2725: Subtask Stage_songs
[2025-07-24T17:34:01.355+0000] {task_command.py:423} INFO - Running <TaskInstance: tune_stream_dag.Stage_songs scheduled__2023-01-05T11:00:00+00:00 [running]> on host 5def55d2a1b5
[2025-07-24T17:34:02.182+0000] {taskinstance.py:2480} INFO - Exporting env vars: AIRFLOW_CTX_DAG_OWNER='genz-legend' AIRFLOW_CTX_DAG_ID='tune_stream_dag' AIRFLOW_CTX_TASK_ID='Stage_songs' AIRFLOW_CTX_EXECUTION_DATE='2023-01-05T11:00:00+00:00' AIRFLOW_CTX_TRY_NUMBER='1' AIRFLOW_CTX_DAG_RUN_ID='scheduled__2023-01-05T11:00:00+00:00'
[2025-07-24T17:34:15.251+0000] {python.py:201} INFO - Done. Returned value was: None
[2025-07-24T17:34:15.619+0000] {taskinstance.py:1138} INFO - Marking task as SUCCESS. dag_id=tune_stream_dag, task_id=Stage_songs, execution_date=20230105T110000, start_date=20250724T173400, end_date=20250724T173415
[2025-07-24T17:34:16.044+0000] {local_task_job_runner.py:234} INFO - Task exited with return code 0
[2025-07-24T17:34:16.131+0000] {taskinstance.py:3280} INFO - 0 downstream tasks scheduled from follow-on schedule check
