[2025-07-24T13:52:22.745+0000] {taskinstance.py:1956} INFO - Dependencies all met for dep_context=non-requeueable deps ti=<TaskInstance: tune_stream_dag.Stage_events scheduled__2023-01-02T05:00:00+00:00 [queued]>
[2025-07-24T13:52:22.763+0000] {taskinstance.py:1956} INFO - Dependencies all met for dep_context=requeueable deps ti=<TaskInstance: tune_stream_dag.Stage_events scheduled__2023-01-02T05:00:00+00:00 [queued]>
[2025-07-24T13:52:22.764+0000] {taskinstance.py:2170} INFO - Starting attempt 1 of 4
[2025-07-24T13:52:22.792+0000] {taskinstance.py:2191} INFO - Executing <Task(PythonOperator): Stage_events> on 2023-01-02 05:00:00+00:00
[2025-07-24T13:52:22.807+0000] {standard_task_runner.py:60} INFO - Started process 379 to run task
[2025-07-24T13:52:22.821+0000] {standard_task_runner.py:87} INFO - Running: ['***', 'tasks', 'run', 'tune_stream_dag', 'Stage_events', 'scheduled__2023-01-02T05:00:00+00:00', '--job-id', '341', '--raw', '--subdir', 'DAGS_FOLDER/etl_pipeline.py', '--cfg-path', '/tmp/tmpor4sq2hm']
[2025-07-24T13:52:22.844+0000] {standard_task_runner.py:88} INFO - Job 341: Subtask Stage_events
[2025-07-24T13:52:23.151+0000] {task_command.py:423} INFO - Running <TaskInstance: tune_stream_dag.Stage_events scheduled__2023-01-02T05:00:00+00:00 [running]> on host a4bcda7cb679
[2025-07-24T13:52:23.397+0000] {taskinstance.py:2480} INFO - Exporting env vars: AIRFLOW_CTX_DAG_OWNER='genz-legend' AIRFLOW_CTX_DAG_ID='tune_stream_dag' AIRFLOW_CTX_TASK_ID='Stage_events' AIRFLOW_CTX_EXECUTION_DATE='2023-01-02T05:00:00+00:00' AIRFLOW_CTX_TRY_NUMBER='1' AIRFLOW_CTX_DAG_RUN_ID='scheduled__2023-01-02T05:00:00+00:00'
[2025-07-24T13:52:27.679+0000] {python.py:201} INFO - Done. Returned value was: None
[2025-07-24T13:52:27.712+0000] {taskinstance.py:1138} INFO - Marking task as SUCCESS. dag_id=tune_stream_dag, task_id=Stage_events, execution_date=20230102T050000, start_date=20250724T135222, end_date=20250724T135227
[2025-07-24T13:52:27.756+0000] {local_task_job_runner.py:234} INFO - Task exited with return code 0
[2025-07-24T13:52:27.827+0000] {taskinstance.py:3280} INFO - 1 downstream tasks scheduled from follow-on schedule check
[2025-07-24T15:59:18.551+0000] {taskinstance.py:1956} INFO - Dependencies all met for dep_context=non-requeueable deps ti=<TaskInstance: tune_stream_dag.Stage_events scheduled__2023-01-02T05:00:00+00:00 [queued]>
[2025-07-24T15:59:18.559+0000] {taskinstance.py:1956} INFO - Dependencies all met for dep_context=requeueable deps ti=<TaskInstance: tune_stream_dag.Stage_events scheduled__2023-01-02T05:00:00+00:00 [queued]>
[2025-07-24T15:59:18.560+0000] {taskinstance.py:2170} INFO - Starting attempt 1 of 4
[2025-07-24T15:59:18.571+0000] {taskinstance.py:2191} INFO - Executing <Task(PythonOperator): Stage_events> on 2023-01-02 05:00:00+00:00
[2025-07-24T15:59:18.577+0000] {standard_task_runner.py:60} INFO - Started process 1371 to run task
[2025-07-24T15:59:18.581+0000] {standard_task_runner.py:87} INFO - Running: ['***', 'tasks', 'run', 'tune_stream_dag', 'Stage_events', 'scheduled__2023-01-02T05:00:00+00:00', '--job-id', '1242', '--raw', '--subdir', 'DAGS_FOLDER/etl_pipeline.py', '--cfg-path', '/tmp/tmp0hp4wk4s']
[2025-07-24T15:59:18.583+0000] {standard_task_runner.py:88} INFO - Job 1242: Subtask Stage_events
[2025-07-24T15:59:18.651+0000] {task_command.py:423} INFO - Running <TaskInstance: tune_stream_dag.Stage_events scheduled__2023-01-02T05:00:00+00:00 [running]> on host c53547d84df1
[2025-07-24T15:59:18.717+0000] {taskinstance.py:2480} INFO - Exporting env vars: AIRFLOW_CTX_DAG_OWNER='genz-legend' AIRFLOW_CTX_DAG_ID='tune_stream_dag' AIRFLOW_CTX_TASK_ID='Stage_events' AIRFLOW_CTX_EXECUTION_DATE='2023-01-02T05:00:00+00:00' AIRFLOW_CTX_TRY_NUMBER='1' AIRFLOW_CTX_DAG_RUN_ID='scheduled__2023-01-02T05:00:00+00:00'
[2025-07-24T15:59:25.290+0000] {python.py:201} INFO - Done. Returned value was: None
[2025-07-24T15:59:25.301+0000] {taskinstance.py:1138} INFO - Marking task as SUCCESS. dag_id=tune_stream_dag, task_id=Stage_events, execution_date=20230102T050000, start_date=20250724T155918, end_date=20250724T155925
[2025-07-24T15:59:25.458+0000] {local_task_job_runner.py:234} INFO - Task exited with return code 0
[2025-07-24T15:59:25.483+0000] {taskinstance.py:3280} INFO - 1 downstream tasks scheduled from follow-on schedule check
[2025-07-24T16:34:10.382+0000] {taskinstance.py:1956} INFO - Dependencies all met for dep_context=non-requeueable deps ti=<TaskInstance: tune_stream_dag.Stage_events scheduled__2023-01-02T05:00:00+00:00 [queued]>
[2025-07-24T16:34:10.398+0000] {taskinstance.py:1956} INFO - Dependencies all met for dep_context=requeueable deps ti=<TaskInstance: tune_stream_dag.Stage_events scheduled__2023-01-02T05:00:00+00:00 [queued]>
[2025-07-24T16:34:10.399+0000] {taskinstance.py:2170} INFO - Starting attempt 1 of 4
[2025-07-24T16:34:10.420+0000] {taskinstance.py:2191} INFO - Executing <Task(PythonOperator): Stage_events> on 2023-01-02 05:00:00+00:00
[2025-07-24T16:34:10.430+0000] {standard_task_runner.py:60} INFO - Started process 1189 to run task
[2025-07-24T16:34:10.435+0000] {standard_task_runner.py:87} INFO - Running: ['***', 'tasks', 'run', 'tune_stream_dag', 'Stage_events', 'scheduled__2023-01-02T05:00:00+00:00', '--job-id', '1607', '--raw', '--subdir', 'DAGS_FOLDER/etl_pipeline.py', '--cfg-path', '/tmp/tmpqj0o4oh9']
[2025-07-24T16:34:10.440+0000] {standard_task_runner.py:88} INFO - Job 1607: Subtask Stage_events
[2025-07-24T16:34:10.545+0000] {task_command.py:423} INFO - Running <TaskInstance: tune_stream_dag.Stage_events scheduled__2023-01-02T05:00:00+00:00 [running]> on host c53547d84df1
[2025-07-24T16:34:10.668+0000] {taskinstance.py:2480} INFO - Exporting env vars: AIRFLOW_CTX_DAG_OWNER='genz-legend' AIRFLOW_CTX_DAG_ID='tune_stream_dag' AIRFLOW_CTX_TASK_ID='Stage_events' AIRFLOW_CTX_EXECUTION_DATE='2023-01-02T05:00:00+00:00' AIRFLOW_CTX_TRY_NUMBER='1' AIRFLOW_CTX_DAG_RUN_ID='scheduled__2023-01-02T05:00:00+00:00'
[2025-07-24T16:34:31.402+0000] {python.py:201} INFO - Done. Returned value was: None
[2025-07-24T16:34:31.645+0000] {taskinstance.py:1138} INFO - Marking task as SUCCESS. dag_id=tune_stream_dag, task_id=Stage_events, execution_date=20230102T050000, start_date=20250724T163410, end_date=20250724T163431
[2025-07-24T16:34:31.999+0000] {local_task_job_runner.py:234} INFO - Task exited with return code 0
[2025-07-24T16:34:32.191+0000] {taskinstance.py:3280} INFO - 1 downstream tasks scheduled from follow-on schedule check
[2025-07-24T17:13:12.771+0000] {taskinstance.py:1956} INFO - Dependencies all met for dep_context=non-requeueable deps ti=<TaskInstance: tune_stream_dag.Stage_events scheduled__2023-01-02T05:00:00+00:00 [queued]>
[2025-07-24T17:13:12.793+0000] {taskinstance.py:1956} INFO - Dependencies all met for dep_context=requeueable deps ti=<TaskInstance: tune_stream_dag.Stage_events scheduled__2023-01-02T05:00:00+00:00 [queued]>
[2025-07-24T17:13:12.795+0000] {taskinstance.py:2170} INFO - Starting attempt 1 of 4
[2025-07-24T17:13:12.821+0000] {taskinstance.py:2191} INFO - Executing <Task(PythonOperator): Stage_events> on 2023-01-02 05:00:00+00:00
[2025-07-24T17:13:12.836+0000] {standard_task_runner.py:60} INFO - Started process 1184 to run task
[2025-07-24T17:13:12.843+0000] {standard_task_runner.py:87} INFO - Running: ['***', 'tasks', 'run', 'tune_stream_dag', 'Stage_events', 'scheduled__2023-01-02T05:00:00+00:00', '--job-id', '2005', '--raw', '--subdir', 'DAGS_FOLDER/etl_pipeline.py', '--cfg-path', '/tmp/tmp116my_ra']
[2025-07-24T17:13:12.848+0000] {standard_task_runner.py:88} INFO - Job 2005: Subtask Stage_events
[2025-07-24T17:13:12.980+0000] {task_command.py:423} INFO - Running <TaskInstance: tune_stream_dag.Stage_events scheduled__2023-01-02T05:00:00+00:00 [running]> on host 5def55d2a1b5
[2025-07-24T17:13:13.155+0000] {taskinstance.py:2480} INFO - Exporting env vars: AIRFLOW_CTX_DAG_OWNER='genz-legend' AIRFLOW_CTX_DAG_ID='tune_stream_dag' AIRFLOW_CTX_TASK_ID='Stage_events' AIRFLOW_CTX_EXECUTION_DATE='2023-01-02T05:00:00+00:00' AIRFLOW_CTX_TRY_NUMBER='1' AIRFLOW_CTX_DAG_RUN_ID='scheduled__2023-01-02T05:00:00+00:00'
[2025-07-24T17:13:31.598+0000] {python.py:201} INFO - Done. Returned value was: None
[2025-07-24T17:13:31.626+0000] {taskinstance.py:1138} INFO - Marking task as SUCCESS. dag_id=tune_stream_dag, task_id=Stage_events, execution_date=20230102T050000, start_date=20250724T171312, end_date=20250724T171331
[2025-07-24T17:13:31.705+0000] {local_task_job_runner.py:234} INFO - Task exited with return code 0
[2025-07-24T17:13:31.746+0000] {taskinstance.py:3280} INFO - 1 downstream tasks scheduled from follow-on schedule check
