[2025-07-24T13:53:25.592+0000] {taskinstance.py:1956} INFO - Dependencies all met for dep_context=non-requeueable deps ti=<TaskInstance: tune_stream_dag.Stage_songs scheduled__2023-01-02T16:00:00+00:00 [queued]>
[2025-07-24T13:53:25.627+0000] {taskinstance.py:1956} INFO - Dependencies all met for dep_context=requeueable deps ti=<TaskInstance: tune_stream_dag.Stage_songs scheduled__2023-01-02T16:00:00+00:00 [queued]>
[2025-07-24T13:53:25.642+0000] {taskinstance.py:2170} INFO - Starting attempt 1 of 4
[2025-07-24T13:53:25.763+0000] {taskinstance.py:2191} INFO - Executing <Task(PythonOperator): Stage_songs> on 2023-01-02 16:00:00+00:00
[2025-07-24T13:53:25.879+0000] {standard_task_runner.py:60} INFO - Started process 514 to run task
[2025-07-24T13:53:26.077+0000] {standard_task_runner.py:87} INFO - Running: ['***', 'tasks', 'run', 'tune_stream_dag', 'Stage_songs', 'scheduled__2023-01-02T16:00:00+00:00', '--job-id', '380', '--raw', '--subdir', 'DAGS_FOLDER/etl_pipeline.py', '--cfg-path', '/tmp/tmp1riszonc']
[2025-07-24T13:53:26.119+0000] {standard_task_runner.py:88} INFO - Job 380: Subtask Stage_songs
[2025-07-24T13:53:26.609+0000] {task_command.py:423} INFO - Running <TaskInstance: tune_stream_dag.Stage_songs scheduled__2023-01-02T16:00:00+00:00 [running]> on host a4bcda7cb679
[2025-07-24T13:53:27.170+0000] {taskinstance.py:2480} INFO - Exporting env vars: AIRFLOW_CTX_DAG_OWNER='genz-legend' AIRFLOW_CTX_DAG_ID='tune_stream_dag' AIRFLOW_CTX_TASK_ID='Stage_songs' AIRFLOW_CTX_EXECUTION_DATE='2023-01-02T16:00:00+00:00' AIRFLOW_CTX_TRY_NUMBER='1' AIRFLOW_CTX_DAG_RUN_ID='scheduled__2023-01-02T16:00:00+00:00'
[2025-07-24T13:53:29.594+0000] {python.py:201} INFO - Done. Returned value was: None
[2025-07-24T13:53:29.638+0000] {taskinstance.py:1138} INFO - Marking task as SUCCESS. dag_id=tune_stream_dag, task_id=Stage_songs, execution_date=20230102T160000, start_date=20250724T135325, end_date=20250724T135329
[2025-07-24T13:53:29.755+0000] {local_task_job_runner.py:234} INFO - Task exited with return code 0
[2025-07-24T13:53:29.836+0000] {taskinstance.py:3280} INFO - 0 downstream tasks scheduled from follow-on schedule check
[2025-07-24T17:18:43.127+0000] {taskinstance.py:1956} INFO - Dependencies all met for dep_context=non-requeueable deps ti=<TaskInstance: tune_stream_dag.Stage_songs scheduled__2023-01-02T16:00:00+00:00 [queued]>
[2025-07-24T17:18:43.149+0000] {taskinstance.py:1956} INFO - Dependencies all met for dep_context=requeueable deps ti=<TaskInstance: tune_stream_dag.Stage_songs scheduled__2023-01-02T16:00:00+00:00 [queued]>
[2025-07-24T17:18:43.150+0000] {taskinstance.py:2170} INFO - Starting attempt 1 of 4
[2025-07-24T17:18:43.195+0000] {taskinstance.py:2191} INFO - Executing <Task(PythonOperator): Stage_songs> on 2023-01-02 16:00:00+00:00
[2025-07-24T17:18:43.227+0000] {standard_task_runner.py:60} INFO - Started process 1710 to run task
[2025-07-24T17:18:43.232+0000] {standard_task_runner.py:87} INFO - Running: ['***', 'tasks', 'run', 'tune_stream_dag', 'Stage_songs', 'scheduled__2023-01-02T16:00:00+00:00', '--job-id', '2151', '--raw', '--subdir', 'DAGS_FOLDER/etl_pipeline.py', '--cfg-path', '/tmp/tmp4nii4qd5']
[2025-07-24T17:18:43.237+0000] {standard_task_runner.py:88} INFO - Job 2151: Subtask Stage_songs
[2025-07-24T17:18:43.410+0000] {task_command.py:423} INFO - Running <TaskInstance: tune_stream_dag.Stage_songs scheduled__2023-01-02T16:00:00+00:00 [running]> on host 5def55d2a1b5
[2025-07-24T17:18:43.574+0000] {taskinstance.py:2480} INFO - Exporting env vars: AIRFLOW_CTX_DAG_OWNER='genz-legend' AIRFLOW_CTX_DAG_ID='tune_stream_dag' AIRFLOW_CTX_TASK_ID='Stage_songs' AIRFLOW_CTX_EXECUTION_DATE='2023-01-02T16:00:00+00:00' AIRFLOW_CTX_TRY_NUMBER='1' AIRFLOW_CTX_DAG_RUN_ID='scheduled__2023-01-02T16:00:00+00:00'
[2025-07-24T17:18:44.298+0000] {python.py:201} INFO - Done. Returned value was: None
[2025-07-24T17:18:44.313+0000] {taskinstance.py:1138} INFO - Marking task as SUCCESS. dag_id=tune_stream_dag, task_id=Stage_songs, execution_date=20230102T160000, start_date=20250724T171843, end_date=20250724T171844
[2025-07-24T17:18:44.338+0000] {local_task_job_runner.py:234} INFO - Task exited with return code 0
[2025-07-24T17:18:44.370+0000] {taskinstance.py:3280} INFO - 0 downstream tasks scheduled from follow-on schedule check
