[2025-07-24T13:42:38.803+0000] {taskinstance.py:1956} INFO - Dependencies all met for dep_context=non-requeueable deps ti=<TaskInstance: tune_stream_dag.Load_songplays_fact_table scheduled__2023-01-02T03:00:00+00:00 [queued]>
[2025-07-24T13:42:38.860+0000] {taskinstance.py:1956} INFO - Dependencies all met for dep_context=requeueable deps ti=<TaskInstance: tune_stream_dag.Load_songplays_fact_table scheduled__2023-01-02T03:00:00+00:00 [queued]>
[2025-07-24T13:42:38.861+0000] {taskinstance.py:2170} INFO - Starting attempt 2 of 4
[2025-07-24T13:42:38.995+0000] {taskinstance.py:2191} INFO - Executing <Task(PythonOperator): Load_songplays_fact_table> on 2023-01-02 03:00:00+00:00
[2025-07-24T13:42:39.841+0000] {standard_task_runner.py:60} INFO - Started process 146 to run task
[2025-07-24T13:42:39.843+0000] {standard_task_runner.py:87} INFO - Running: ['***', 'tasks', 'run', 'tune_stream_dag', 'Load_songplays_fact_table', 'scheduled__2023-01-02T03:00:00+00:00', '--job-id', '310', '--raw', '--subdir', 'DAGS_FOLDER/etl_pipeline.py', '--cfg-path', '/tmp/tmpozvhmaqz']
[2025-07-24T13:42:39.869+0000] {standard_task_runner.py:88} INFO - Job 310: Subtask Load_songplays_fact_table
[2025-07-24T13:42:40.259+0000] {task_command.py:423} INFO - Running <TaskInstance: tune_stream_dag.Load_songplays_fact_table scheduled__2023-01-02T03:00:00+00:00 [running]> on host a4bcda7cb679
[2025-07-24T13:42:43.159+0000] {taskinstance.py:2480} INFO - Exporting env vars: AIRFLOW_CTX_DAG_OWNER='genz-legend' AIRFLOW_CTX_DAG_ID='tune_stream_dag' AIRFLOW_CTX_TASK_ID='Load_songplays_fact_table' AIRFLOW_CTX_EXECUTION_DATE='2023-01-02T03:00:00+00:00' AIRFLOW_CTX_TRY_NUMBER='2' AIRFLOW_CTX_DAG_RUN_ID='scheduled__2023-01-02T03:00:00+00:00'
[2025-07-24T13:42:43.921+0000] {taskinstance.py:2698} ERROR - Task failed with exception
Traceback (most recent call last):
  File "/home/airflow/.local/lib/python3.8/site-packages/airflow/models/taskinstance.py", line 433, in _execute_task
    result = execute_callable(context=context, **execute_callable_kwargs)
  File "/home/airflow/.local/lib/python3.8/site-packages/airflow/operators/python.py", line 199, in execute
    return_value = self.execute_callable()
  File "/home/airflow/.local/lib/python3.8/site-packages/airflow/operators/python.py", line 216, in execute_callable
    return self.python_callable(*self.op_args, **self.op_kwargs)
  File "/opt/airflow/dags/etl_pipeline.py", line 168, in <lambda>
    python_callable=lambda: load_table(SqlQueries.songplay_table_insert),
  File "/opt/airflow/dags/etl_pipeline.py", line 127, in load_table
    cur.execute(f"DELETE FROM {query.split()[3]}")
psycopg2.errors.SyntaxError: syntax error at or near ")"
LINE 1: DELETE FROM events.start_time)
                                     ^

[2025-07-24T13:42:44.765+0000] {taskinstance.py:1138} INFO - Marking task as UP_FOR_RETRY. dag_id=tune_stream_dag, task_id=Load_songplays_fact_table, execution_date=20230102T030000, start_date=20250724T134238, end_date=20250724T134244
[2025-07-24T13:42:45.548+0000] {standard_task_runner.py:107} ERROR - Failed to execute job 310 for task Load_songplays_fact_table (syntax error at or near ")"
LINE 1: DELETE FROM events.start_time)
                                     ^
; 146)
[2025-07-24T13:42:46.192+0000] {local_task_job_runner.py:234} INFO - Task exited with return code 1
[2025-07-24T13:42:46.312+0000] {taskinstance.py:3280} INFO - 0 downstream tasks scheduled from follow-on schedule check
[2025-07-24T16:04:26.796+0000] {taskinstance.py:1956} INFO - Dependencies all met for dep_context=non-requeueable deps ti=<TaskInstance: tune_stream_dag.Load_songplays_fact_table scheduled__2023-01-02T03:00:00+00:00 [queued]>
[2025-07-24T16:04:26.808+0000] {taskinstance.py:1956} INFO - Dependencies all met for dep_context=requeueable deps ti=<TaskInstance: tune_stream_dag.Load_songplays_fact_table scheduled__2023-01-02T03:00:00+00:00 [queued]>
[2025-07-24T16:04:26.809+0000] {taskinstance.py:2170} INFO - Starting attempt 2 of 4
[2025-07-24T16:04:26.825+0000] {taskinstance.py:2191} INFO - Executing <Task(PythonOperator): Load_songplays_fact_table> on 2023-01-02 03:00:00+00:00
[2025-07-24T16:04:26.833+0000] {standard_task_runner.py:60} INFO - Started process 1583 to run task
[2025-07-24T16:04:26.837+0000] {standard_task_runner.py:87} INFO - Running: ['***', 'tasks', 'run', 'tune_stream_dag', 'Load_songplays_fact_table', 'scheduled__2023-01-02T03:00:00+00:00', '--job-id', '1284', '--raw', '--subdir', 'DAGS_FOLDER/etl_pipeline.py', '--cfg-path', '/tmp/tmp2kjjquix']
[2025-07-24T16:04:26.842+0000] {standard_task_runner.py:88} INFO - Job 1284: Subtask Load_songplays_fact_table
[2025-07-24T16:04:26.940+0000] {task_command.py:423} INFO - Running <TaskInstance: tune_stream_dag.Load_songplays_fact_table scheduled__2023-01-02T03:00:00+00:00 [running]> on host c53547d84df1
[2025-07-24T16:04:27.024+0000] {taskinstance.py:2480} INFO - Exporting env vars: AIRFLOW_CTX_DAG_OWNER='genz-legend' AIRFLOW_CTX_DAG_ID='tune_stream_dag' AIRFLOW_CTX_TASK_ID='Load_songplays_fact_table' AIRFLOW_CTX_EXECUTION_DATE='2023-01-02T03:00:00+00:00' AIRFLOW_CTX_TRY_NUMBER='2' AIRFLOW_CTX_DAG_RUN_ID='scheduled__2023-01-02T03:00:00+00:00'
[2025-07-24T16:04:27.076+0000] {python.py:201} INFO - Done. Returned value was: None
[2025-07-24T16:04:27.086+0000] {taskinstance.py:1138} INFO - Marking task as SUCCESS. dag_id=tune_stream_dag, task_id=Load_songplays_fact_table, execution_date=20230102T030000, start_date=20250724T160426, end_date=20250724T160427
[2025-07-24T16:04:27.131+0000] {local_task_job_runner.py:234} INFO - Task exited with return code 0
[2025-07-24T16:04:27.158+0000] {taskinstance.py:3280} INFO - 4 downstream tasks scheduled from follow-on schedule check
