[2025-07-24T16:04:56.951+0000] {taskinstance.py:1956} INFO - Dependencies all met for dep_context=non-requeueable deps ti=<TaskInstance: tune_stream_dag.Load_artist_dim_table scheduled__2023-01-01T17:00:00+00:00 [queued]>
[2025-07-24T16:04:57.000+0000] {taskinstance.py:1956} INFO - Dependencies all met for dep_context=requeueable deps ti=<TaskInstance: tune_stream_dag.Load_artist_dim_table scheduled__2023-01-01T17:00:00+00:00 [queued]>
[2025-07-24T16:04:57.012+0000] {taskinstance.py:2170} INFO - Starting attempt 1 of 4
[2025-07-24T16:04:57.066+0000] {taskinstance.py:2191} INFO - Executing <Task(PythonOperator): Load_artist_dim_table> on 2023-01-01 17:00:00+00:00
[2025-07-24T16:04:57.080+0000] {standard_task_runner.py:60} INFO - Started process 1696 to run task
[2025-07-24T16:04:57.098+0000] {standard_task_runner.py:87} INFO - Running: ['***', 'tasks', 'run', 'tune_stream_dag', 'Load_artist_dim_table', 'scheduled__2023-01-01T17:00:00+00:00', '--job-id', '1315', '--raw', '--subdir', 'DAGS_FOLDER/etl_pipeline.py', '--cfg-path', '/tmp/tmp5zkjrt3c']
[2025-07-24T16:04:57.115+0000] {standard_task_runner.py:88} INFO - Job 1315: Subtask Load_artist_dim_table
[2025-07-24T16:04:57.476+0000] {task_command.py:423} INFO - Running <TaskInstance: tune_stream_dag.Load_artist_dim_table scheduled__2023-01-01T17:00:00+00:00 [running]> on host c53547d84df1
[2025-07-24T16:04:57.810+0000] {taskinstance.py:2480} INFO - Exporting env vars: AIRFLOW_CTX_DAG_OWNER='genz-legend' AIRFLOW_CTX_DAG_ID='tune_stream_dag' AIRFLOW_CTX_TASK_ID='Load_artist_dim_table' AIRFLOW_CTX_EXECUTION_DATE='2023-01-01T17:00:00+00:00' AIRFLOW_CTX_TRY_NUMBER='1' AIRFLOW_CTX_DAG_RUN_ID='scheduled__2023-01-01T17:00:00+00:00'
[2025-07-24T16:04:57.850+0000] {python.py:201} INFO - Done. Returned value was: None
[2025-07-24T16:04:57.965+0000] {taskinstance.py:1138} INFO - Marking task as SUCCESS. dag_id=tune_stream_dag, task_id=Load_artist_dim_table, execution_date=20230101T170000, start_date=20250724T160456, end_date=20250724T160457
[2025-07-24T16:04:58.142+0000] {local_task_job_runner.py:234} INFO - Task exited with return code 0
[2025-07-24T16:04:58.244+0000] {taskinstance.py:3280} INFO - 0 downstream tasks scheduled from follow-on schedule check
[2025-07-24T16:34:21.562+0000] {taskinstance.py:1956} INFO - Dependencies all met for dep_context=non-requeueable deps ti=<TaskInstance: tune_stream_dag.Load_artist_dim_table scheduled__2023-01-01T17:00:00+00:00 [queued]>
[2025-07-24T16:34:21.575+0000] {taskinstance.py:1956} INFO - Dependencies all met for dep_context=requeueable deps ti=<TaskInstance: tune_stream_dag.Load_artist_dim_table scheduled__2023-01-01T17:00:00+00:00 [queued]>
[2025-07-24T16:34:21.576+0000] {taskinstance.py:2170} INFO - Starting attempt 1 of 4
[2025-07-24T16:34:21.630+0000] {taskinstance.py:2191} INFO - Executing <Task(PythonOperator): Load_artist_dim_table> on 2023-01-01 17:00:00+00:00
[2025-07-24T16:34:21.645+0000] {standard_task_runner.py:60} INFO - Started process 1220 to run task
[2025-07-24T16:34:21.652+0000] {standard_task_runner.py:87} INFO - Running: ['***', 'tasks', 'run', 'tune_stream_dag', 'Load_artist_dim_table', 'scheduled__2023-01-01T17:00:00+00:00', '--job-id', '1618', '--raw', '--subdir', 'DAGS_FOLDER/etl_pipeline.py', '--cfg-path', '/tmp/tmpzbd81_ng']
[2025-07-24T16:34:21.661+0000] {standard_task_runner.py:88} INFO - Job 1618: Subtask Load_artist_dim_table
[2025-07-24T16:34:22.869+0000] {task_command.py:423} INFO - Running <TaskInstance: tune_stream_dag.Load_artist_dim_table scheduled__2023-01-01T17:00:00+00:00 [running]> on host c53547d84df1
[2025-07-24T16:34:22.997+0000] {taskinstance.py:2480} INFO - Exporting env vars: AIRFLOW_CTX_DAG_OWNER='genz-legend' AIRFLOW_CTX_DAG_ID='tune_stream_dag' AIRFLOW_CTX_TASK_ID='Load_artist_dim_table' AIRFLOW_CTX_EXECUTION_DATE='2023-01-01T17:00:00+00:00' AIRFLOW_CTX_TRY_NUMBER='1' AIRFLOW_CTX_DAG_RUN_ID='scheduled__2023-01-01T17:00:00+00:00'
[2025-07-24T16:34:23.021+0000] {python.py:201} INFO - Done. Returned value was: None
[2025-07-24T16:34:23.038+0000] {taskinstance.py:1138} INFO - Marking task as SUCCESS. dag_id=tune_stream_dag, task_id=Load_artist_dim_table, execution_date=20230101T170000, start_date=20250724T163421, end_date=20250724T163423
[2025-07-24T16:34:23.112+0000] {local_task_job_runner.py:234} INFO - Task exited with return code 0
[2025-07-24T16:34:23.159+0000] {taskinstance.py:3280} INFO - 0 downstream tasks scheduled from follow-on schedule check
[2025-07-24T17:12:46.052+0000] {taskinstance.py:1956} INFO - Dependencies all met for dep_context=non-requeueable deps ti=<TaskInstance: tune_stream_dag.Load_artist_dim_table scheduled__2023-01-01T17:00:00+00:00 [queued]>
[2025-07-24T17:12:46.073+0000] {taskinstance.py:1956} INFO - Dependencies all met for dep_context=requeueable deps ti=<TaskInstance: tune_stream_dag.Load_artist_dim_table scheduled__2023-01-01T17:00:00+00:00 [queued]>
[2025-07-24T17:12:46.074+0000] {taskinstance.py:2170} INFO - Starting attempt 1 of 4
[2025-07-24T17:12:46.104+0000] {taskinstance.py:2191} INFO - Executing <Task(PythonOperator): Load_artist_dim_table> on 2023-01-01 17:00:00+00:00
[2025-07-24T17:12:46.124+0000] {standard_task_runner.py:60} INFO - Started process 1101 to run task
[2025-07-24T17:12:46.134+0000] {standard_task_runner.py:87} INFO - Running: ['***', 'tasks', 'run', 'tune_stream_dag', 'Load_artist_dim_table', 'scheduled__2023-01-01T17:00:00+00:00', '--job-id', '1978', '--raw', '--subdir', 'DAGS_FOLDER/etl_pipeline.py', '--cfg-path', '/tmp/tmpwyq3xohu']
[2025-07-24T17:12:46.141+0000] {standard_task_runner.py:88} INFO - Job 1978: Subtask Load_artist_dim_table
[2025-07-24T17:12:46.475+0000] {task_command.py:423} INFO - Running <TaskInstance: tune_stream_dag.Load_artist_dim_table scheduled__2023-01-01T17:00:00+00:00 [running]> on host 5def55d2a1b5
[2025-07-24T17:12:46.789+0000] {taskinstance.py:2480} INFO - Exporting env vars: AIRFLOW_CTX_DAG_OWNER='genz-legend' AIRFLOW_CTX_DAG_ID='tune_stream_dag' AIRFLOW_CTX_TASK_ID='Load_artist_dim_table' AIRFLOW_CTX_EXECUTION_DATE='2023-01-01T17:00:00+00:00' AIRFLOW_CTX_TRY_NUMBER='1' AIRFLOW_CTX_DAG_RUN_ID='scheduled__2023-01-01T17:00:00+00:00'
[2025-07-24T17:12:46.885+0000] {python.py:201} INFO - Done. Returned value was: None
[2025-07-24T17:12:46.905+0000] {taskinstance.py:1138} INFO - Marking task as SUCCESS. dag_id=tune_stream_dag, task_id=Load_artist_dim_table, execution_date=20230101T170000, start_date=20250724T171246, end_date=20250724T171246
[2025-07-24T17:12:47.103+0000] {local_task_job_runner.py:234} INFO - Task exited with return code 0
[2025-07-24T17:12:47.301+0000] {taskinstance.py:3280} INFO - 0 downstream tasks scheduled from follow-on schedule check
