[2025-07-24T14:29:09.558+0000] {taskinstance.py:1956} INFO - Dependencies all met for dep_context=non-requeueable deps ti=<TaskInstance: tune_stream_dag.Stage_events scheduled__2023-01-03T14:00:00+00:00 [queued]>
[2025-07-24T14:29:09.576+0000] {taskinstance.py:1956} INFO - Dependencies all met for dep_context=requeueable deps ti=<TaskInstance: tune_stream_dag.Stage_events scheduled__2023-01-03T14:00:00+00:00 [queued]>
[2025-07-24T14:29:09.576+0000] {taskinstance.py:2170} INFO - Starting attempt 1 of 4
[2025-07-24T14:29:09.592+0000] {taskinstance.py:2191} INFO - Executing <Task(PythonOperator): Stage_events> on 2023-01-03 14:00:00+00:00
[2025-07-24T14:29:09.601+0000] {standard_task_runner.py:60} INFO - Started process 769 to run task
[2025-07-24T14:29:09.606+0000] {standard_task_runner.py:87} INFO - Running: ['***', 'tasks', 'run', 'tune_stream_dag', 'Stage_events', 'scheduled__2023-01-03T14:00:00+00:00', '--job-id', '541', '--raw', '--subdir', 'DAGS_FOLDER/etl_pipeline.py', '--cfg-path', '/tmp/tmp9fv0ddef']
[2025-07-24T14:29:09.611+0000] {standard_task_runner.py:88} INFO - Job 541: Subtask Stage_events
[2025-07-24T14:29:09.697+0000] {task_command.py:423} INFO - Running <TaskInstance: tune_stream_dag.Stage_events scheduled__2023-01-03T14:00:00+00:00 [running]> on host aea62fae55be
[2025-07-24T14:29:09.803+0000] {taskinstance.py:2480} INFO - Exporting env vars: AIRFLOW_CTX_DAG_OWNER='genz-legend' AIRFLOW_CTX_DAG_ID='tune_stream_dag' AIRFLOW_CTX_TASK_ID='Stage_events' AIRFLOW_CTX_EXECUTION_DATE='2023-01-03T14:00:00+00:00' AIRFLOW_CTX_TRY_NUMBER='1' AIRFLOW_CTX_DAG_RUN_ID='scheduled__2023-01-03T14:00:00+00:00'
[2025-07-24T14:29:12.718+0000] {python.py:201} INFO - Done. Returned value was: None
[2025-07-24T14:29:12.729+0000] {taskinstance.py:1138} INFO - Marking task as SUCCESS. dag_id=tune_stream_dag, task_id=Stage_events, execution_date=20230103T140000, start_date=20250724T142909, end_date=20250724T142912
[2025-07-24T14:29:12.752+0000] {local_task_job_runner.py:234} INFO - Task exited with return code 0
[2025-07-24T14:29:12.783+0000] {taskinstance.py:3280} INFO - 1 downstream tasks scheduled from follow-on schedule check
[2025-07-24T17:27:04.350+0000] {taskinstance.py:1956} INFO - Dependencies all met for dep_context=non-requeueable deps ti=<TaskInstance: tune_stream_dag.Stage_events scheduled__2023-01-03T14:00:00+00:00 [queued]>
[2025-07-24T17:27:04.366+0000] {taskinstance.py:1956} INFO - Dependencies all met for dep_context=requeueable deps ti=<TaskInstance: tune_stream_dag.Stage_events scheduled__2023-01-03T14:00:00+00:00 [queued]>
[2025-07-24T17:27:04.371+0000] {taskinstance.py:2170} INFO - Starting attempt 1 of 4
[2025-07-24T17:27:04.463+0000] {taskinstance.py:2191} INFO - Executing <Task(PythonOperator): Stage_events> on 2023-01-03 14:00:00+00:00
[2025-07-24T17:27:04.503+0000] {standard_task_runner.py:60} INFO - Started process 2384 to run task
[2025-07-24T17:27:04.512+0000] {standard_task_runner.py:87} INFO - Running: ['***', 'tasks', 'run', 'tune_stream_dag', 'Stage_events', 'scheduled__2023-01-03T14:00:00+00:00', '--job-id', '2347', '--raw', '--subdir', 'DAGS_FOLDER/etl_pipeline.py', '--cfg-path', '/tmp/tmpcnrzgqhz']
[2025-07-24T17:27:04.528+0000] {standard_task_runner.py:88} INFO - Job 2347: Subtask Stage_events
[2025-07-24T17:27:04.796+0000] {task_command.py:423} INFO - Running <TaskInstance: tune_stream_dag.Stage_events scheduled__2023-01-03T14:00:00+00:00 [running]> on host 5def55d2a1b5
[2025-07-24T17:27:05.001+0000] {taskinstance.py:2480} INFO - Exporting env vars: AIRFLOW_CTX_DAG_OWNER='genz-legend' AIRFLOW_CTX_DAG_ID='tune_stream_dag' AIRFLOW_CTX_TASK_ID='Stage_events' AIRFLOW_CTX_EXECUTION_DATE='2023-01-03T14:00:00+00:00' AIRFLOW_CTX_TRY_NUMBER='1' AIRFLOW_CTX_DAG_RUN_ID='scheduled__2023-01-03T14:00:00+00:00'
[2025-07-24T17:27:30.667+0000] {python.py:201} INFO - Done. Returned value was: None
[2025-07-24T17:27:31.105+0000] {taskinstance.py:1138} INFO - Marking task as SUCCESS. dag_id=tune_stream_dag, task_id=Stage_events, execution_date=20230103T140000, start_date=20250724T172704, end_date=20250724T172731
[2025-07-24T17:27:32.087+0000] {local_task_job_runner.py:234} INFO - Task exited with return code 0
[2025-07-24T17:27:32.217+0000] {taskinstance.py:3280} INFO - 1 downstream tasks scheduled from follow-on schedule check
