[2025-07-24T14:13:57.150+0000] {taskinstance.py:1956} INFO - Dependencies all met for dep_context=non-requeueable deps ti=<TaskInstance: tune_stream_dag.Stage_events scheduled__2023-01-03T01:00:00+00:00 [queued]>
[2025-07-24T14:13:57.175+0000] {taskinstance.py:1956} INFO - Dependencies all met for dep_context=requeueable deps ti=<TaskInstance: tune_stream_dag.Stage_events scheduled__2023-01-03T01:00:00+00:00 [queued]>
[2025-07-24T14:13:57.182+0000] {taskinstance.py:2170} INFO - Starting attempt 1 of 4
[2025-07-24T14:13:57.216+0000] {taskinstance.py:2191} INFO - Executing <Task(PythonOperator): Stage_events> on 2023-01-03 01:00:00+00:00
[2025-07-24T14:13:57.232+0000] {standard_task_runner.py:60} INFO - Started process 324 to run task
[2025-07-24T14:13:57.248+0000] {standard_task_runner.py:87} INFO - Running: ['***', 'tasks', 'run', 'tune_stream_dag', 'Stage_events', 'scheduled__2023-01-03T01:00:00+00:00', '--job-id', '464', '--raw', '--subdir', 'DAGS_FOLDER/etl_pipeline.py', '--cfg-path', '/tmp/tmpoyd0gidz']
[2025-07-24T14:13:57.259+0000] {standard_task_runner.py:88} INFO - Job 464: Subtask Stage_events
[2025-07-24T14:13:57.424+0000] {task_command.py:423} INFO - Running <TaskInstance: tune_stream_dag.Stage_events scheduled__2023-01-03T01:00:00+00:00 [running]> on host aea62fae55be
[2025-07-24T14:13:57.760+0000] {taskinstance.py:2480} INFO - Exporting env vars: AIRFLOW_CTX_DAG_OWNER='genz-legend' AIRFLOW_CTX_DAG_ID='tune_stream_dag' AIRFLOW_CTX_TASK_ID='Stage_events' AIRFLOW_CTX_EXECUTION_DATE='2023-01-03T01:00:00+00:00' AIRFLOW_CTX_TRY_NUMBER='1' AIRFLOW_CTX_DAG_RUN_ID='scheduled__2023-01-03T01:00:00+00:00'
[2025-07-24T14:14:05.244+0000] {python.py:201} INFO - Done. Returned value was: None
[2025-07-24T14:14:05.343+0000] {taskinstance.py:1138} INFO - Marking task as SUCCESS. dag_id=tune_stream_dag, task_id=Stage_events, execution_date=20230103T010000, start_date=20250724T141357, end_date=20250724T141405
[2025-07-24T14:14:09.099+0000] {local_task_job_runner.py:234} INFO - Task exited with return code 0
[2025-07-24T14:14:09.211+0000] {taskinstance.py:3280} INFO - 1 downstream tasks scheduled from follow-on schedule check
[2025-07-24T17:23:05.021+0000] {taskinstance.py:1956} INFO - Dependencies all met for dep_context=non-requeueable deps ti=<TaskInstance: tune_stream_dag.Stage_events scheduled__2023-01-03T01:00:00+00:00 [queued]>
[2025-07-24T17:23:05.115+0000] {taskinstance.py:1956} INFO - Dependencies all met for dep_context=requeueable deps ti=<TaskInstance: tune_stream_dag.Stage_events scheduled__2023-01-03T01:00:00+00:00 [queued]>
[2025-07-24T17:23:05.132+0000] {taskinstance.py:2170} INFO - Starting attempt 1 of 4
[2025-07-24T17:23:05.299+0000] {taskinstance.py:2191} INFO - Executing <Task(PythonOperator): Stage_events> on 2023-01-03 01:00:00+00:00
[2025-07-24T17:23:05.434+0000] {standard_task_runner.py:60} INFO - Started process 1970 to run task
[2025-07-24T17:23:05.532+0000] {standard_task_runner.py:87} INFO - Running: ['***', 'tasks', 'run', 'tune_stream_dag', 'Stage_events', 'scheduled__2023-01-03T01:00:00+00:00', '--job-id', '2222', '--raw', '--subdir', 'DAGS_FOLDER/etl_pipeline.py', '--cfg-path', '/tmp/tmpizi2zuzw']
[2025-07-24T17:23:05.559+0000] {standard_task_runner.py:88} INFO - Job 2222: Subtask Stage_events
[2025-07-24T17:23:06.049+0000] {task_command.py:423} INFO - Running <TaskInstance: tune_stream_dag.Stage_events scheduled__2023-01-03T01:00:00+00:00 [running]> on host 5def55d2a1b5
[2025-07-24T17:23:07.097+0000] {taskinstance.py:2480} INFO - Exporting env vars: AIRFLOW_CTX_DAG_OWNER='genz-legend' AIRFLOW_CTX_DAG_ID='tune_stream_dag' AIRFLOW_CTX_TASK_ID='Stage_events' AIRFLOW_CTX_EXECUTION_DATE='2023-01-03T01:00:00+00:00' AIRFLOW_CTX_TRY_NUMBER='1' AIRFLOW_CTX_DAG_RUN_ID='scheduled__2023-01-03T01:00:00+00:00'
[2025-07-24T17:24:36.110+0000] {python.py:201} INFO - Done. Returned value was: None
[2025-07-24T17:24:36.384+0000] {taskinstance.py:1138} INFO - Marking task as SUCCESS. dag_id=tune_stream_dag, task_id=Stage_events, execution_date=20230103T010000, start_date=20250724T172305, end_date=20250724T172436
[2025-07-24T17:24:38.196+0000] {local_task_job_runner.py:234} INFO - Task exited with return code 0
[2025-07-24T17:24:38.454+0000] {taskinstance.py:3280} INFO - 1 downstream tasks scheduled from follow-on schedule check
