[2025-07-24T15:44:02.316+0000] {taskinstance.py:1956} INFO - Dependencies all met for dep_context=non-requeueable deps ti=<TaskInstance: tune_stream_dag.Load_artist_dim_table scheduled__2023-01-01T09:00:00+00:00 [queued]>
[2025-07-24T15:44:02.362+0000] {taskinstance.py:1956} INFO - Dependencies all met for dep_context=requeueable deps ti=<TaskInstance: tune_stream_dag.Load_artist_dim_table scheduled__2023-01-01T09:00:00+00:00 [queued]>
[2025-07-24T15:44:02.382+0000] {taskinstance.py:2170} INFO - Starting attempt 1 of 4
[2025-07-24T15:44:02.452+0000] {taskinstance.py:2191} INFO - Executing <Task(PythonOperator): Load_artist_dim_table> on 2023-01-01 09:00:00+00:00
[2025-07-24T15:44:02.492+0000] {standard_task_runner.py:60} INFO - Started process 689 to run task
[2025-07-24T15:44:02.514+0000] {standard_task_runner.py:87} INFO - Running: ['***', 'tasks', 'run', 'tune_stream_dag', 'Load_artist_dim_table', 'scheduled__2023-01-01T09:00:00+00:00', '--job-id', '1083', '--raw', '--subdir', 'DAGS_FOLDER/etl_pipeline.py', '--cfg-path', '/tmp/tmpagmnxsuf']
[2025-07-24T15:44:02.524+0000] {standard_task_runner.py:88} INFO - Job 1083: Subtask Load_artist_dim_table
[2025-07-24T15:44:02.865+0000] {task_command.py:423} INFO - Running <TaskInstance: tune_stream_dag.Load_artist_dim_table scheduled__2023-01-01T09:00:00+00:00 [running]> on host c53547d84df1
[2025-07-24T15:44:03.182+0000] {taskinstance.py:2480} INFO - Exporting env vars: AIRFLOW_CTX_DAG_OWNER='genz-legend' AIRFLOW_CTX_DAG_ID='tune_stream_dag' AIRFLOW_CTX_TASK_ID='Load_artist_dim_table' AIRFLOW_CTX_EXECUTION_DATE='2023-01-01T09:00:00+00:00' AIRFLOW_CTX_TRY_NUMBER='1' AIRFLOW_CTX_DAG_RUN_ID='scheduled__2023-01-01T09:00:00+00:00'
[2025-07-24T15:44:03.248+0000] {python.py:201} INFO - Done. Returned value was: None
[2025-07-24T15:44:03.289+0000] {taskinstance.py:1138} INFO - Marking task as SUCCESS. dag_id=tune_stream_dag, task_id=Load_artist_dim_table, execution_date=20230101T090000, start_date=20250724T154402, end_date=20250724T154403
[2025-07-24T15:44:03.424+0000] {local_task_job_runner.py:234} INFO - Task exited with return code 0
[2025-07-24T15:44:03.534+0000] {taskinstance.py:3280} INFO - 0 downstream tasks scheduled from follow-on schedule check
[2025-07-24T16:18:06.485+0000] {taskinstance.py:1956} INFO - Dependencies all met for dep_context=non-requeueable deps ti=<TaskInstance: tune_stream_dag.Load_artist_dim_table scheduled__2023-01-01T09:00:00+00:00 [queued]>
[2025-07-24T16:18:06.522+0000] {taskinstance.py:1956} INFO - Dependencies all met for dep_context=requeueable deps ti=<TaskInstance: tune_stream_dag.Load_artist_dim_table scheduled__2023-01-01T09:00:00+00:00 [queued]>
[2025-07-24T16:18:06.523+0000] {taskinstance.py:2170} INFO - Starting attempt 1 of 4
[2025-07-24T16:18:06.613+0000] {taskinstance.py:2191} INFO - Executing <Task(PythonOperator): Load_artist_dim_table> on 2023-01-01 09:00:00+00:00
[2025-07-24T16:18:06.662+0000] {standard_task_runner.py:60} INFO - Started process 484 to run task
[2025-07-24T16:18:06.687+0000] {standard_task_runner.py:87} INFO - Running: ['***', 'tasks', 'run', 'tune_stream_dag', 'Load_artist_dim_table', 'scheduled__2023-01-01T09:00:00+00:00', '--job-id', '1447', '--raw', '--subdir', 'DAGS_FOLDER/etl_pipeline.py', '--cfg-path', '/tmp/tmpmy62kout']
[2025-07-24T16:18:06.726+0000] {standard_task_runner.py:88} INFO - Job 1447: Subtask Load_artist_dim_table
[2025-07-24T16:18:07.374+0000] {task_command.py:423} INFO - Running <TaskInstance: tune_stream_dag.Load_artist_dim_table scheduled__2023-01-01T09:00:00+00:00 [running]> on host c53547d84df1
[2025-07-24T16:18:08.230+0000] {taskinstance.py:2480} INFO - Exporting env vars: AIRFLOW_CTX_DAG_OWNER='genz-legend' AIRFLOW_CTX_DAG_ID='tune_stream_dag' AIRFLOW_CTX_TASK_ID='Load_artist_dim_table' AIRFLOW_CTX_EXECUTION_DATE='2023-01-01T09:00:00+00:00' AIRFLOW_CTX_TRY_NUMBER='1' AIRFLOW_CTX_DAG_RUN_ID='scheduled__2023-01-01T09:00:00+00:00'
[2025-07-24T16:18:08.286+0000] {python.py:201} INFO - Done. Returned value was: None
[2025-07-24T16:18:08.339+0000] {taskinstance.py:1138} INFO - Marking task as SUCCESS. dag_id=tune_stream_dag, task_id=Load_artist_dim_table, execution_date=20230101T090000, start_date=20250724T161806, end_date=20250724T161808
[2025-07-24T16:18:08.942+0000] {local_task_job_runner.py:234} INFO - Task exited with return code 0
[2025-07-24T16:18:09.140+0000] {taskinstance.py:3280} INFO - 0 downstream tasks scheduled from follow-on schedule check
[2025-07-24T16:57:13.943+0000] {taskinstance.py:1956} INFO - Dependencies all met for dep_context=non-requeueable deps ti=<TaskInstance: tune_stream_dag.Load_artist_dim_table scheduled__2023-01-01T09:00:00+00:00 [queued]>
[2025-07-24T16:57:14.010+0000] {taskinstance.py:1956} INFO - Dependencies all met for dep_context=requeueable deps ti=<TaskInstance: tune_stream_dag.Load_artist_dim_table scheduled__2023-01-01T09:00:00+00:00 [queued]>
[2025-07-24T16:57:14.011+0000] {taskinstance.py:2170} INFO - Starting attempt 1 of 4
[2025-07-24T16:57:14.053+0000] {taskinstance.py:2191} INFO - Executing <Task(PythonOperator): Load_artist_dim_table> on 2023-01-01 09:00:00+00:00
[2025-07-24T16:57:14.084+0000] {standard_task_runner.py:60} INFO - Started process 440 to run task
[2025-07-24T16:57:14.095+0000] {standard_task_runner.py:87} INFO - Running: ['***', 'tasks', 'run', 'tune_stream_dag', 'Load_artist_dim_table', 'scheduled__2023-01-01T09:00:00+00:00', '--job-id', '1835', '--raw', '--subdir', 'DAGS_FOLDER/etl_pipeline.py', '--cfg-path', '/tmp/tmpombp4ylq']
[2025-07-24T16:57:14.101+0000] {standard_task_runner.py:88} INFO - Job 1835: Subtask Load_artist_dim_table
[2025-07-24T16:57:14.396+0000] {task_command.py:423} INFO - Running <TaskInstance: tune_stream_dag.Load_artist_dim_table scheduled__2023-01-01T09:00:00+00:00 [running]> on host 5def55d2a1b5
[2025-07-24T16:57:14.770+0000] {taskinstance.py:2480} INFO - Exporting env vars: AIRFLOW_CTX_DAG_OWNER='genz-legend' AIRFLOW_CTX_DAG_ID='tune_stream_dag' AIRFLOW_CTX_TASK_ID='Load_artist_dim_table' AIRFLOW_CTX_EXECUTION_DATE='2023-01-01T09:00:00+00:00' AIRFLOW_CTX_TRY_NUMBER='1' AIRFLOW_CTX_DAG_RUN_ID='scheduled__2023-01-01T09:00:00+00:00'
[2025-07-24T16:57:14.819+0000] {python.py:201} INFO - Done. Returned value was: None
[2025-07-24T16:57:14.840+0000] {taskinstance.py:1138} INFO - Marking task as SUCCESS. dag_id=tune_stream_dag, task_id=Load_artist_dim_table, execution_date=20230101T090000, start_date=20250724T165713, end_date=20250724T165714
[2025-07-24T16:57:14.933+0000] {local_task_job_runner.py:234} INFO - Task exited with return code 0
[2025-07-24T16:57:14.997+0000] {taskinstance.py:3280} INFO - 0 downstream tasks scheduled from follow-on schedule check
