[2025-07-24T15:26:31.651+0000] {taskinstance.py:1956} INFO - Dependencies all met for dep_context=non-requeueable deps ti=<TaskInstance: tune_stream_dag.Load_song_dim_table scheduled__2023-01-05T03:00:00+00:00 [queued]>
[2025-07-24T15:26:31.667+0000] {taskinstance.py:1956} INFO - Dependencies all met for dep_context=requeueable deps ti=<TaskInstance: tune_stream_dag.Load_song_dim_table scheduled__2023-01-05T03:00:00+00:00 [queued]>
[2025-07-24T15:26:31.668+0000] {taskinstance.py:2170} INFO - Starting attempt 1 of 4
[2025-07-24T15:26:31.689+0000] {taskinstance.py:2191} INFO - Executing <Task(PythonOperator): Load_song_dim_table> on 2023-01-05 03:00:00+00:00
[2025-07-24T15:26:31.704+0000] {standard_task_runner.py:60} INFO - Started process 176 to run task
[2025-07-24T15:26:31.710+0000] {standard_task_runner.py:87} INFO - Running: ['***', 'tasks', 'run', 'tune_stream_dag', 'Load_song_dim_table', 'scheduled__2023-01-05T03:00:00+00:00', '--job-id', '907', '--raw', '--subdir', 'DAGS_FOLDER/etl_pipeline.py', '--cfg-path', '/tmp/tmpqd8q753w']
[2025-07-24T15:26:31.715+0000] {standard_task_runner.py:88} INFO - Job 907: Subtask Load_song_dim_table
[2025-07-24T15:26:31.831+0000] {task_command.py:423} INFO - Running <TaskInstance: tune_stream_dag.Load_song_dim_table scheduled__2023-01-05T03:00:00+00:00 [running]> on host c53547d84df1
[2025-07-24T15:26:31.952+0000] {taskinstance.py:2480} INFO - Exporting env vars: AIRFLOW_CTX_DAG_OWNER='genz-legend' AIRFLOW_CTX_DAG_ID='tune_stream_dag' AIRFLOW_CTX_TASK_ID='Load_song_dim_table' AIRFLOW_CTX_EXECUTION_DATE='2023-01-05T03:00:00+00:00' AIRFLOW_CTX_TRY_NUMBER='1' AIRFLOW_CTX_DAG_RUN_ID='scheduled__2023-01-05T03:00:00+00:00'
[2025-07-24T15:26:31.971+0000] {python.py:201} INFO - Done. Returned value was: None
[2025-07-24T15:26:31.990+0000] {taskinstance.py:1138} INFO - Marking task as SUCCESS. dag_id=tune_stream_dag, task_id=Load_song_dim_table, execution_date=20230105T030000, start_date=20250724T152631, end_date=20250724T152631
[2025-07-24T15:26:32.045+0000] {local_task_job_runner.py:234} INFO - Task exited with return code 0
[2025-07-24T15:26:32.089+0000] {taskinstance.py:3280} INFO - 0 downstream tasks scheduled from follow-on schedule check
[2025-07-24T17:33:30.552+0000] {taskinstance.py:1956} INFO - Dependencies all met for dep_context=non-requeueable deps ti=<TaskInstance: tune_stream_dag.Load_song_dim_table scheduled__2023-01-05T03:00:00+00:00 [queued]>
[2025-07-24T17:33:30.589+0000] {taskinstance.py:1956} INFO - Dependencies all met for dep_context=requeueable deps ti=<TaskInstance: tune_stream_dag.Load_song_dim_table scheduled__2023-01-05T03:00:00+00:00 [queued]>
[2025-07-24T17:33:30.591+0000] {taskinstance.py:2170} INFO - Starting attempt 1 of 4
[2025-07-24T17:33:30.689+0000] {taskinstance.py:2191} INFO - Executing <Task(PythonOperator): Load_song_dim_table> on 2023-01-05 03:00:00+00:00
[2025-07-24T17:33:30.718+0000] {standard_task_runner.py:60} INFO - Started process 3459 to run task
[2025-07-24T17:33:30.728+0000] {standard_task_runner.py:87} INFO - Running: ['***', 'tasks', 'run', 'tune_stream_dag', 'Load_song_dim_table', 'scheduled__2023-01-05T03:00:00+00:00', '--job-id', '2679', '--raw', '--subdir', 'DAGS_FOLDER/etl_pipeline.py', '--cfg-path', '/tmp/tmpm5qpgpql']
[2025-07-24T17:33:30.738+0000] {standard_task_runner.py:88} INFO - Job 2679: Subtask Load_song_dim_table
[2025-07-24T17:33:30.995+0000] {task_command.py:423} INFO - Running <TaskInstance: tune_stream_dag.Load_song_dim_table scheduled__2023-01-05T03:00:00+00:00 [running]> on host 5def55d2a1b5
[2025-07-24T17:33:31.158+0000] {taskinstance.py:2480} INFO - Exporting env vars: AIRFLOW_CTX_DAG_OWNER='genz-legend' AIRFLOW_CTX_DAG_ID='tune_stream_dag' AIRFLOW_CTX_TASK_ID='Load_song_dim_table' AIRFLOW_CTX_EXECUTION_DATE='2023-01-05T03:00:00+00:00' AIRFLOW_CTX_TRY_NUMBER='1' AIRFLOW_CTX_DAG_RUN_ID='scheduled__2023-01-05T03:00:00+00:00'
[2025-07-24T17:33:31.234+0000] {python.py:201} INFO - Done. Returned value was: None
[2025-07-24T17:33:31.260+0000] {taskinstance.py:1138} INFO - Marking task as SUCCESS. dag_id=tune_stream_dag, task_id=Load_song_dim_table, execution_date=20230105T030000, start_date=20250724T173330, end_date=20250724T173331
[2025-07-24T17:33:31.414+0000] {local_task_job_runner.py:234} INFO - Task exited with return code 0
[2025-07-24T17:33:31.581+0000] {taskinstance.py:3280} INFO - 1 downstream tasks scheduled from follow-on schedule check
