[2025-07-24T14:45:26.905+0000] {taskinstance.py:1956} INFO - Dependencies all met for dep_context=non-requeueable deps ti=<TaskInstance: tune_stream_dag.Stage_events scheduled__2023-01-04T02:00:00+00:00 [queued]>
[2025-07-24T14:45:26.928+0000] {taskinstance.py:1956} INFO - Dependencies all met for dep_context=requeueable deps ti=<TaskInstance: tune_stream_dag.Stage_events scheduled__2023-01-04T02:00:00+00:00 [queued]>
[2025-07-24T14:45:26.929+0000] {taskinstance.py:2170} INFO - Starting attempt 1 of 4
[2025-07-24T14:45:26.956+0000] {taskinstance.py:2191} INFO - Executing <Task(PythonOperator): Stage_events> on 2023-01-04 02:00:00+00:00
[2025-07-24T14:45:26.977+0000] {standard_task_runner.py:60} INFO - Started process 448 to run task
[2025-07-24T14:45:26.984+0000] {standard_task_runner.py:87} INFO - Running: ['***', 'tasks', 'run', 'tune_stream_dag', 'Stage_events', 'scheduled__2023-01-04T02:00:00+00:00', '--job-id', '652', '--raw', '--subdir', 'DAGS_FOLDER/etl_pipeline.py', '--cfg-path', '/tmp/tmpnmk7sf98']
[2025-07-24T14:45:27.021+0000] {standard_task_runner.py:88} INFO - Job 652: Subtask Stage_events
[2025-07-24T14:45:27.231+0000] {task_command.py:423} INFO - Running <TaskInstance: tune_stream_dag.Stage_events scheduled__2023-01-04T02:00:00+00:00 [running]> on host aea62fae55be
[2025-07-24T14:45:27.385+0000] {taskinstance.py:2480} INFO - Exporting env vars: AIRFLOW_CTX_DAG_OWNER='genz-legend' AIRFLOW_CTX_DAG_ID='tune_stream_dag' AIRFLOW_CTX_TASK_ID='Stage_events' AIRFLOW_CTX_EXECUTION_DATE='2023-01-04T02:00:00+00:00' AIRFLOW_CTX_TRY_NUMBER='1' AIRFLOW_CTX_DAG_RUN_ID='scheduled__2023-01-04T02:00:00+00:00'
[2025-07-24T14:45:36.003+0000] {python.py:201} INFO - Done. Returned value was: None
[2025-07-24T14:45:37.274+0000] {taskinstance.py:1138} INFO - Marking task as SUCCESS. dag_id=tune_stream_dag, task_id=Stage_events, execution_date=20230104T020000, start_date=20250724T144526, end_date=20250724T144537
[2025-07-24T14:45:38.453+0000] {local_task_job_runner.py:234} INFO - Task exited with return code 0
[2025-07-24T14:45:39.319+0000] {taskinstance.py:3280} INFO - 0 downstream tasks scheduled from follow-on schedule check
[2025-07-24T17:27:46.659+0000] {taskinstance.py:1956} INFO - Dependencies all met for dep_context=non-requeueable deps ti=<TaskInstance: tune_stream_dag.Stage_events scheduled__2023-01-04T02:00:00+00:00 [queued]>
[2025-07-24T17:27:46.683+0000] {taskinstance.py:1956} INFO - Dependencies all met for dep_context=requeueable deps ti=<TaskInstance: tune_stream_dag.Stage_events scheduled__2023-01-04T02:00:00+00:00 [queued]>
[2025-07-24T17:27:46.686+0000] {taskinstance.py:2170} INFO - Starting attempt 1 of 4
[2025-07-24T17:27:46.718+0000] {taskinstance.py:2191} INFO - Executing <Task(PythonOperator): Stage_events> on 2023-01-04 02:00:00+00:00
[2025-07-24T17:27:46.739+0000] {standard_task_runner.py:60} INFO - Started process 2451 to run task
[2025-07-24T17:27:46.748+0000] {standard_task_runner.py:87} INFO - Running: ['***', 'tasks', 'run', 'tune_stream_dag', 'Stage_events', 'scheduled__2023-01-04T02:00:00+00:00', '--job-id', '2368', '--raw', '--subdir', 'DAGS_FOLDER/etl_pipeline.py', '--cfg-path', '/tmp/tmp30gxc1zm']
[2025-07-24T17:27:46.758+0000] {standard_task_runner.py:88} INFO - Job 2368: Subtask Stage_events
[2025-07-24T17:27:46.888+0000] {task_command.py:423} INFO - Running <TaskInstance: tune_stream_dag.Stage_events scheduled__2023-01-04T02:00:00+00:00 [running]> on host 5def55d2a1b5
[2025-07-24T17:27:47.180+0000] {taskinstance.py:2480} INFO - Exporting env vars: AIRFLOW_CTX_DAG_OWNER='genz-legend' AIRFLOW_CTX_DAG_ID='tune_stream_dag' AIRFLOW_CTX_TASK_ID='Stage_events' AIRFLOW_CTX_EXECUTION_DATE='2023-01-04T02:00:00+00:00' AIRFLOW_CTX_TRY_NUMBER='1' AIRFLOW_CTX_DAG_RUN_ID='scheduled__2023-01-04T02:00:00+00:00'
[2025-07-24T17:28:17.662+0000] {python.py:201} INFO - Done. Returned value was: None
[2025-07-24T17:28:17.732+0000] {taskinstance.py:1138} INFO - Marking task as SUCCESS. dag_id=tune_stream_dag, task_id=Stage_events, execution_date=20230104T020000, start_date=20250724T172746, end_date=20250724T172817
[2025-07-24T17:28:17.930+0000] {local_task_job_runner.py:234} INFO - Task exited with return code 0
[2025-07-24T17:28:17.990+0000] {taskinstance.py:3280} INFO - 1 downstream tasks scheduled from follow-on schedule check
