[2025-07-24T14:14:00.978+0000] {taskinstance.py:1956} INFO - Dependencies all met for dep_context=non-requeueable deps ti=<TaskInstance: tune_stream_dag.Stage_events scheduled__2023-01-03T03:00:00+00:00 [queued]>
[2025-07-24T14:14:01.006+0000] {taskinstance.py:1956} INFO - Dependencies all met for dep_context=requeueable deps ti=<TaskInstance: tune_stream_dag.Stage_events scheduled__2023-01-03T03:00:00+00:00 [queued]>
[2025-07-24T14:14:01.021+0000] {taskinstance.py:2170} INFO - Starting attempt 1 of 4
[2025-07-24T14:14:01.079+0000] {taskinstance.py:2191} INFO - Executing <Task(PythonOperator): Stage_events> on 2023-01-03 03:00:00+00:00
[2025-07-24T14:14:01.113+0000] {standard_task_runner.py:60} INFO - Started process 338 to run task
[2025-07-24T14:14:01.131+0000] {standard_task_runner.py:87} INFO - Running: ['***', 'tasks', 'run', 'tune_stream_dag', 'Stage_events', 'scheduled__2023-01-03T03:00:00+00:00', '--job-id', '469', '--raw', '--subdir', 'DAGS_FOLDER/etl_pipeline.py', '--cfg-path', '/tmp/tmpo_c02lus']
[2025-07-24T14:14:01.163+0000] {standard_task_runner.py:88} INFO - Job 469: Subtask Stage_events
[2025-07-24T14:14:01.564+0000] {task_command.py:423} INFO - Running <TaskInstance: tune_stream_dag.Stage_events scheduled__2023-01-03T03:00:00+00:00 [running]> on host aea62fae55be
[2025-07-24T14:14:01.980+0000] {taskinstance.py:2480} INFO - Exporting env vars: AIRFLOW_CTX_DAG_OWNER='genz-legend' AIRFLOW_CTX_DAG_ID='tune_stream_dag' AIRFLOW_CTX_TASK_ID='Stage_events' AIRFLOW_CTX_EXECUTION_DATE='2023-01-03T03:00:00+00:00' AIRFLOW_CTX_TRY_NUMBER='1' AIRFLOW_CTX_DAG_RUN_ID='scheduled__2023-01-03T03:00:00+00:00'
[2025-07-24T14:14:08.714+0000] {python.py:201} INFO - Done. Returned value was: None
[2025-07-24T14:14:08.778+0000] {taskinstance.py:1138} INFO - Marking task as SUCCESS. dag_id=tune_stream_dag, task_id=Stage_events, execution_date=20230103T030000, start_date=20250724T141400, end_date=20250724T141408
[2025-07-24T14:14:08.997+0000] {local_task_job_runner.py:234} INFO - Task exited with return code 0
[2025-07-24T14:14:09.103+0000] {taskinstance.py:3280} INFO - 1 downstream tasks scheduled from follow-on schedule check
[2025-07-24T17:23:17.416+0000] {taskinstance.py:1956} INFO - Dependencies all met for dep_context=non-requeueable deps ti=<TaskInstance: tune_stream_dag.Stage_events scheduled__2023-01-03T03:00:00+00:00 [queued]>
[2025-07-24T17:23:17.452+0000] {taskinstance.py:1956} INFO - Dependencies all met for dep_context=requeueable deps ti=<TaskInstance: tune_stream_dag.Stage_events scheduled__2023-01-03T03:00:00+00:00 [queued]>
[2025-07-24T17:23:17.458+0000] {taskinstance.py:2170} INFO - Starting attempt 1 of 4
[2025-07-24T17:23:17.501+0000] {taskinstance.py:2191} INFO - Executing <Task(PythonOperator): Stage_events> on 2023-01-03 03:00:00+00:00
[2025-07-24T17:23:17.526+0000] {standard_task_runner.py:60} INFO - Started process 1990 to run task
[2025-07-24T17:23:17.540+0000] {standard_task_runner.py:87} INFO - Running: ['***', 'tasks', 'run', 'tune_stream_dag', 'Stage_events', 'scheduled__2023-01-03T03:00:00+00:00', '--job-id', '2231', '--raw', '--subdir', 'DAGS_FOLDER/etl_pipeline.py', '--cfg-path', '/tmp/tmposwtzml6']
[2025-07-24T17:23:17.553+0000] {standard_task_runner.py:88} INFO - Job 2231: Subtask Stage_events
[2025-07-24T17:23:17.746+0000] {task_command.py:423} INFO - Running <TaskInstance: tune_stream_dag.Stage_events scheduled__2023-01-03T03:00:00+00:00 [running]> on host 5def55d2a1b5
[2025-07-24T17:23:18.002+0000] {taskinstance.py:2480} INFO - Exporting env vars: AIRFLOW_CTX_DAG_OWNER='genz-legend' AIRFLOW_CTX_DAG_ID='tune_stream_dag' AIRFLOW_CTX_TASK_ID='Stage_events' AIRFLOW_CTX_EXECUTION_DATE='2023-01-03T03:00:00+00:00' AIRFLOW_CTX_TRY_NUMBER='1' AIRFLOW_CTX_DAG_RUN_ID='scheduled__2023-01-03T03:00:00+00:00'
[2025-07-24T17:24:48.158+0000] {python.py:201} INFO - Done. Returned value was: None
[2025-07-24T17:24:48.326+0000] {taskinstance.py:1138} INFO - Marking task as SUCCESS. dag_id=tune_stream_dag, task_id=Stage_events, execution_date=20230103T030000, start_date=20250724T172317, end_date=20250724T172448
[2025-07-24T17:24:50.834+0000] {local_task_job_runner.py:234} INFO - Task exited with return code 0
[2025-07-24T17:24:51.519+0000] {taskinstance.py:3280} INFO - 0 downstream tasks scheduled from follow-on schedule check
