[2025-07-22T10:00:58.695+0000] {taskinstance.py:1956} INFO - Dependencies all met for dep_context=non-requeueable deps ti=<TaskInstance: tune_stream_dag.Stage_events scheduled__2023-01-01T06:00:00+00:00 [queued]>
[2025-07-22T10:00:58.756+0000] {taskinstance.py:1956} INFO - Dependencies all met for dep_context=requeueable deps ti=<TaskInstance: tune_stream_dag.Stage_events scheduled__2023-01-01T06:00:00+00:00 [queued]>
[2025-07-22T10:00:58.757+0000] {taskinstance.py:2170} INFO - Starting attempt 1 of 4
[2025-07-22T10:00:58.919+0000] {taskinstance.py:2191} INFO - Executing <Task(PythonOperator): Stage_events> on 2023-01-01 06:00:00+00:00
[2025-07-22T10:00:59.278+0000] {standard_task_runner.py:60} INFO - Started process 261 to run task
[2025-07-22T10:00:59.809+0000] {standard_task_runner.py:87} INFO - Running: ['***', 'tasks', 'run', 'tune_stream_dag', 'Stage_events', 'scheduled__2023-01-01T06:00:00+00:00', '--job-id', '111', '--raw', '--subdir', 'DAGS_FOLDER/etl_pipeline.py', '--cfg-path', '/tmp/tmp3oc0sful']
[2025-07-22T10:01:02.618+0000] {standard_task_runner.py:88} INFO - Job 111: Subtask Stage_events
[2025-07-22T10:01:37.678+0000] {task_command.py:423} INFO - Running <TaskInstance: tune_stream_dag.Stage_events scheduled__2023-01-01T06:00:00+00:00 [running]> on host a2a13a541787
[2025-07-22T10:02:39.673+0000] {taskinstance.py:2480} INFO - Exporting env vars: AIRFLOW_CTX_DAG_OWNER='genz-legend' AIRFLOW_CTX_DAG_ID='tune_stream_dag' AIRFLOW_CTX_TASK_ID='Stage_events' AIRFLOW_CTX_EXECUTION_DATE='2023-01-01T06:00:00+00:00' AIRFLOW_CTX_TRY_NUMBER='1' AIRFLOW_CTX_DAG_RUN_ID='scheduled__2023-01-01T06:00:00+00:00'
[2025-07-22T10:02:40.091+0000] {taskinstance.py:2698} ERROR - Task failed with exception
Traceback (most recent call last):
  File "/home/airflow/.local/lib/python3.8/site-packages/airflow/models/taskinstance.py", line 433, in _execute_task
    result = execute_callable(context=context, **execute_callable_kwargs)
  File "/home/airflow/.local/lib/python3.8/site-packages/airflow/operators/python.py", line 199, in execute
    return_value = self.execute_callable()
  File "/home/airflow/.local/lib/python3.8/site-packages/airflow/operators/python.py", line 216, in execute_callable
    return self.python_callable(*self.op_args, **self.op_kwargs)
  File "/opt/airflow/dags/etl_pipeline.py", line 77, in stage_events
    data = json.load(f)
  File "/usr/local/lib/python3.8/json/__init__.py", line 293, in load
    return loads(fp.read(),
  File "/usr/local/lib/python3.8/json/__init__.py", line 357, in loads
    return _default_decoder.decode(s)
  File "/usr/local/lib/python3.8/json/decoder.py", line 340, in decode
    raise JSONDecodeError("Extra data", s, end)
json.decoder.JSONDecodeError: Extra data: line 2 column 1 (char 457)
[2025-07-22T10:02:49.302+0000] {taskinstance.py:1138} INFO - Marking task as UP_FOR_RETRY. dag_id=tune_stream_dag, task_id=Stage_events, execution_date=20230101T060000, start_date=20250722T100058, end_date=20250722T100249
[2025-07-22T10:02:51.796+0000] {standard_task_runner.py:107} ERROR - Failed to execute job 111 for task Stage_events (Extra data: line 2 column 1 (char 457); 261)
[2025-07-22T10:02:51.881+0000] {local_task_job_runner.py:234} INFO - Task exited with return code 1
[2025-07-22T10:02:52.136+0000] {taskinstance.py:3280} INFO - 0 downstream tasks scheduled from follow-on schedule check
[2025-07-24T15:30:42.422+0000] {taskinstance.py:1956} INFO - Dependencies all met for dep_context=non-requeueable deps ti=<TaskInstance: tune_stream_dag.Stage_events scheduled__2023-01-01T06:00:00+00:00 [queued]>
[2025-07-24T15:30:42.453+0000] {taskinstance.py:1956} INFO - Dependencies all met for dep_context=requeueable deps ti=<TaskInstance: tune_stream_dag.Stage_events scheduled__2023-01-01T06:00:00+00:00 [queued]>
[2025-07-24T15:30:42.455+0000] {taskinstance.py:2170} INFO - Starting attempt 1 of 4
[2025-07-24T15:30:42.495+0000] {taskinstance.py:2191} INFO - Executing <Task(PythonOperator): Stage_events> on 2023-01-01 06:00:00+00:00
[2025-07-24T15:30:42.530+0000] {standard_task_runner.py:60} INFO - Started process 156 to run task
[2025-07-24T15:30:42.808+0000] {standard_task_runner.py:87} INFO - Running: ['***', 'tasks', 'run', 'tune_stream_dag', 'Stage_events', 'scheduled__2023-01-01T06:00:00+00:00', '--job-id', '971', '--raw', '--subdir', 'DAGS_FOLDER/etl_pipeline.py', '--cfg-path', '/tmp/tmpk723bqs3']
[2025-07-24T15:30:42.828+0000] {standard_task_runner.py:88} INFO - Job 971: Subtask Stage_events
[2025-07-24T15:30:43.283+0000] {task_command.py:423} INFO - Running <TaskInstance: tune_stream_dag.Stage_events scheduled__2023-01-01T06:00:00+00:00 [running]> on host c53547d84df1
[2025-07-24T15:30:43.519+0000] {taskinstance.py:2480} INFO - Exporting env vars: AIRFLOW_CTX_DAG_OWNER='genz-legend' AIRFLOW_CTX_DAG_ID='tune_stream_dag' AIRFLOW_CTX_TASK_ID='Stage_events' AIRFLOW_CTX_EXECUTION_DATE='2023-01-01T06:00:00+00:00' AIRFLOW_CTX_TRY_NUMBER='1' AIRFLOW_CTX_DAG_RUN_ID='scheduled__2023-01-01T06:00:00+00:00'
[2025-07-24T15:31:26.421+0000] {python.py:201} INFO - Done. Returned value was: None
[2025-07-24T15:31:26.440+0000] {taskinstance.py:1138} INFO - Marking task as SUCCESS. dag_id=tune_stream_dag, task_id=Stage_events, execution_date=20230101T060000, start_date=20250724T153042, end_date=20250724T153126
[2025-07-24T15:31:26.682+0000] {local_task_job_runner.py:234} INFO - Task exited with return code 0
[2025-07-24T15:31:26.754+0000] {taskinstance.py:3280} INFO - 1 downstream tasks scheduled from follow-on schedule check
[2025-07-24T16:13:17.851+0000] {taskinstance.py:1956} INFO - Dependencies all met for dep_context=non-requeueable deps ti=<TaskInstance: tune_stream_dag.Stage_events scheduled__2023-01-01T06:00:00+00:00 [queued]>
[2025-07-24T16:13:17.953+0000] {taskinstance.py:1956} INFO - Dependencies all met for dep_context=requeueable deps ti=<TaskInstance: tune_stream_dag.Stage_events scheduled__2023-01-01T06:00:00+00:00 [queued]>
[2025-07-24T16:13:17.953+0000] {taskinstance.py:2170} INFO - Starting attempt 1 of 4
[2025-07-24T16:13:18.958+0000] {taskinstance.py:2191} INFO - Executing <Task(PythonOperator): Stage_events> on 2023-01-01 06:00:00+00:00
[2025-07-24T16:13:18.989+0000] {standard_task_runner.py:60} INFO - Started process 186 to run task
[2025-07-24T16:13:18.996+0000] {standard_task_runner.py:87} INFO - Running: ['***', 'tasks', 'run', 'tune_stream_dag', 'Stage_events', 'scheduled__2023-01-01T06:00:00+00:00', '--job-id', '1371', '--raw', '--subdir', 'DAGS_FOLDER/etl_pipeline.py', '--cfg-path', '/tmp/tmpc1g0l5za']
[2025-07-24T16:13:19.081+0000] {standard_task_runner.py:88} INFO - Job 1371: Subtask Stage_events
[2025-07-24T16:13:22.955+0000] {task_command.py:423} INFO - Running <TaskInstance: tune_stream_dag.Stage_events scheduled__2023-01-01T06:00:00+00:00 [running]> on host c53547d84df1
[2025-07-24T16:13:24.658+0000] {taskinstance.py:2480} INFO - Exporting env vars: AIRFLOW_CTX_DAG_OWNER='genz-legend' AIRFLOW_CTX_DAG_ID='tune_stream_dag' AIRFLOW_CTX_TASK_ID='Stage_events' AIRFLOW_CTX_EXECUTION_DATE='2023-01-01T06:00:00+00:00' AIRFLOW_CTX_TRY_NUMBER='1' AIRFLOW_CTX_DAG_RUN_ID='scheduled__2023-01-01T06:00:00+00:00'
[2025-07-24T16:15:58.153+0000] {python.py:201} INFO - Done. Returned value was: None
[2025-07-24T16:16:00.796+0000] {taskinstance.py:1138} INFO - Marking task as SUCCESS. dag_id=tune_stream_dag, task_id=Stage_events, execution_date=20230101T060000, start_date=20250724T161317, end_date=20250724T161600
[2025-07-24T16:16:01.720+0000] {local_task_job_runner.py:234} INFO - Task exited with return code 0
[2025-07-24T16:16:03.170+0000] {taskinstance.py:3280} INFO - 0 downstream tasks scheduled from follow-on schedule check
[2025-07-24T16:54:37.144+0000] {taskinstance.py:1956} INFO - Dependencies all met for dep_context=non-requeueable deps ti=<TaskInstance: tune_stream_dag.Stage_events scheduled__2023-01-01T06:00:00+00:00 [queued]>
[2025-07-24T16:54:37.213+0000] {taskinstance.py:1956} INFO - Dependencies all met for dep_context=requeueable deps ti=<TaskInstance: tune_stream_dag.Stage_events scheduled__2023-01-01T06:00:00+00:00 [queued]>
[2025-07-24T16:54:37.220+0000] {taskinstance.py:2170} INFO - Starting attempt 1 of 4
[2025-07-24T16:54:37.275+0000] {taskinstance.py:2191} INFO - Executing <Task(PythonOperator): Stage_events> on 2023-01-01 06:00:00+00:00
[2025-07-24T16:54:37.305+0000] {standard_task_runner.py:60} INFO - Started process 181 to run task
[2025-07-24T16:54:37.323+0000] {standard_task_runner.py:87} INFO - Running: ['***', 'tasks', 'run', 'tune_stream_dag', 'Stage_events', 'scheduled__2023-01-01T06:00:00+00:00', '--job-id', '1762', '--raw', '--subdir', 'DAGS_FOLDER/etl_pipeline.py', '--cfg-path', '/tmp/tmp7v1zfhvq']
[2025-07-24T16:54:37.333+0000] {standard_task_runner.py:88} INFO - Job 1762: Subtask Stage_events
[2025-07-24T16:54:37.599+0000] {task_command.py:423} INFO - Running <TaskInstance: tune_stream_dag.Stage_events scheduled__2023-01-01T06:00:00+00:00 [running]> on host 5def55d2a1b5
[2025-07-24T16:54:37.897+0000] {taskinstance.py:2480} INFO - Exporting env vars: AIRFLOW_CTX_DAG_OWNER='genz-legend' AIRFLOW_CTX_DAG_ID='tune_stream_dag' AIRFLOW_CTX_TASK_ID='Stage_events' AIRFLOW_CTX_EXECUTION_DATE='2023-01-01T06:00:00+00:00' AIRFLOW_CTX_TRY_NUMBER='1' AIRFLOW_CTX_DAG_RUN_ID='scheduled__2023-01-01T06:00:00+00:00'
[2025-07-24T16:55:27.611+0000] {python.py:201} INFO - Done. Returned value was: None
[2025-07-24T16:55:27.745+0000] {taskinstance.py:1138} INFO - Marking task as SUCCESS. dag_id=tune_stream_dag, task_id=Stage_events, execution_date=20230101T060000, start_date=20250724T165437, end_date=20250724T165527
[2025-07-24T16:55:29.277+0000] {local_task_job_runner.py:234} INFO - Task exited with return code 0
[2025-07-24T16:55:30.558+0000] {taskinstance.py:3280} INFO - 0 downstream tasks scheduled from follow-on schedule check
