[2025-07-24T15:33:33.542+0000] {taskinstance.py:1956} INFO - Dependencies all met for dep_context=non-requeueable deps ti=<TaskInstance: tune_stream_dag.Load_songplays_fact_table scheduled__2023-01-01T11:00:00+00:00 [queued]>
[2025-07-24T15:33:33.565+0000] {taskinstance.py:1956} INFO - Dependencies all met for dep_context=requeueable deps ti=<TaskInstance: tune_stream_dag.Load_songplays_fact_table scheduled__2023-01-01T11:00:00+00:00 [queued]>
[2025-07-24T15:33:33.568+0000] {taskinstance.py:2170} INFO - Starting attempt 1 of 4
[2025-07-24T15:33:33.692+0000] {taskinstance.py:2191} INFO - Executing <Task(PythonOperator): Load_songplays_fact_table> on 2023-01-01 11:00:00+00:00
[2025-07-24T15:33:33.704+0000] {standard_task_runner.py:60} INFO - Started process 279 to run task
[2025-07-24T15:33:33.708+0000] {standard_task_runner.py:87} INFO - Running: ['***', 'tasks', 'run', 'tune_stream_dag', 'Load_songplays_fact_table', 'scheduled__2023-01-01T11:00:00+00:00', '--job-id', '1001', '--raw', '--subdir', 'DAGS_FOLDER/etl_pipeline.py', '--cfg-path', '/tmp/tmpvdkqka95']
[2025-07-24T15:33:33.710+0000] {standard_task_runner.py:88} INFO - Job 1001: Subtask Load_songplays_fact_table
[2025-07-24T15:33:33.878+0000] {task_command.py:423} INFO - Running <TaskInstance: tune_stream_dag.Load_songplays_fact_table scheduled__2023-01-01T11:00:00+00:00 [running]> on host c53547d84df1
[2025-07-24T15:33:34.061+0000] {taskinstance.py:2480} INFO - Exporting env vars: AIRFLOW_CTX_DAG_OWNER='genz-legend' AIRFLOW_CTX_DAG_ID='tune_stream_dag' AIRFLOW_CTX_TASK_ID='Load_songplays_fact_table' AIRFLOW_CTX_EXECUTION_DATE='2023-01-01T11:00:00+00:00' AIRFLOW_CTX_TRY_NUMBER='1' AIRFLOW_CTX_DAG_RUN_ID='scheduled__2023-01-01T11:00:00+00:00'
[2025-07-24T15:33:34.844+0000] {python.py:201} INFO - Done. Returned value was: None
[2025-07-24T15:33:34.963+0000] {taskinstance.py:1138} INFO - Marking task as SUCCESS. dag_id=tune_stream_dag, task_id=Load_songplays_fact_table, execution_date=20230101T110000, start_date=20250724T153333, end_date=20250724T153334
[2025-07-24T15:33:35.161+0000] {local_task_job_runner.py:234} INFO - Task exited with return code 0
[2025-07-24T15:33:35.264+0000] {taskinstance.py:3280} INFO - 4 downstream tasks scheduled from follow-on schedule check
[2025-07-24T16:17:16.614+0000] {taskinstance.py:1956} INFO - Dependencies all met for dep_context=non-requeueable deps ti=<TaskInstance: tune_stream_dag.Load_songplays_fact_table scheduled__2023-01-01T11:00:00+00:00 [queued]>
[2025-07-24T16:17:16.629+0000] {taskinstance.py:1956} INFO - Dependencies all met for dep_context=requeueable deps ti=<TaskInstance: tune_stream_dag.Load_songplays_fact_table scheduled__2023-01-01T11:00:00+00:00 [queued]>
[2025-07-24T16:17:16.630+0000] {taskinstance.py:2170} INFO - Starting attempt 1 of 4
[2025-07-24T16:17:16.648+0000] {taskinstance.py:2191} INFO - Executing <Task(PythonOperator): Load_songplays_fact_table> on 2023-01-01 11:00:00+00:00
[2025-07-24T16:17:16.659+0000] {standard_task_runner.py:60} INFO - Started process 327 to run task
[2025-07-24T16:17:16.667+0000] {standard_task_runner.py:87} INFO - Running: ['***', 'tasks', 'run', 'tune_stream_dag', 'Load_songplays_fact_table', 'scheduled__2023-01-01T11:00:00+00:00', '--job-id', '1403', '--raw', '--subdir', 'DAGS_FOLDER/etl_pipeline.py', '--cfg-path', '/tmp/tmpee89stow']
[2025-07-24T16:17:16.679+0000] {standard_task_runner.py:88} INFO - Job 1403: Subtask Load_songplays_fact_table
[2025-07-24T16:17:16.846+0000] {task_command.py:423} INFO - Running <TaskInstance: tune_stream_dag.Load_songplays_fact_table scheduled__2023-01-01T11:00:00+00:00 [running]> on host c53547d84df1
[2025-07-24T16:17:17.112+0000] {taskinstance.py:2480} INFO - Exporting env vars: AIRFLOW_CTX_DAG_OWNER='genz-legend' AIRFLOW_CTX_DAG_ID='tune_stream_dag' AIRFLOW_CTX_TASK_ID='Load_songplays_fact_table' AIRFLOW_CTX_EXECUTION_DATE='2023-01-01T11:00:00+00:00' AIRFLOW_CTX_TRY_NUMBER='1' AIRFLOW_CTX_DAG_RUN_ID='scheduled__2023-01-01T11:00:00+00:00'
[2025-07-24T16:17:24.624+0000] {python.py:201} INFO - Done. Returned value was: None
[2025-07-24T16:17:24.691+0000] {taskinstance.py:1138} INFO - Marking task as SUCCESS. dag_id=tune_stream_dag, task_id=Load_songplays_fact_table, execution_date=20230101T110000, start_date=20250724T161716, end_date=20250724T161724
[2025-07-24T16:17:24.876+0000] {local_task_job_runner.py:234} INFO - Task exited with return code 0
[2025-07-24T16:17:24.980+0000] {taskinstance.py:3280} INFO - 4 downstream tasks scheduled from follow-on schedule check
[2025-07-24T16:55:50.216+0000] {taskinstance.py:1956} INFO - Dependencies all met for dep_context=non-requeueable deps ti=<TaskInstance: tune_stream_dag.Load_songplays_fact_table scheduled__2023-01-01T11:00:00+00:00 [queued]>
[2025-07-24T16:55:50.273+0000] {taskinstance.py:1956} INFO - Dependencies all met for dep_context=requeueable deps ti=<TaskInstance: tune_stream_dag.Load_songplays_fact_table scheduled__2023-01-01T11:00:00+00:00 [queued]>
[2025-07-24T16:55:50.282+0000] {taskinstance.py:2170} INFO - Starting attempt 1 of 4
[2025-07-24T16:55:50.323+0000] {taskinstance.py:2191} INFO - Executing <Task(PythonOperator): Load_songplays_fact_table> on 2023-01-01 11:00:00+00:00
[2025-07-24T16:55:50.343+0000] {standard_task_runner.py:60} INFO - Started process 272 to run task
[2025-07-24T16:55:50.350+0000] {standard_task_runner.py:87} INFO - Running: ['***', 'tasks', 'run', 'tune_stream_dag', 'Load_songplays_fact_table', 'scheduled__2023-01-01T11:00:00+00:00', '--job-id', '1785', '--raw', '--subdir', 'DAGS_FOLDER/etl_pipeline.py', '--cfg-path', '/tmp/tmptazet7cd']
[2025-07-24T16:55:50.366+0000] {standard_task_runner.py:88} INFO - Job 1785: Subtask Load_songplays_fact_table
[2025-07-24T16:55:50.587+0000] {task_command.py:423} INFO - Running <TaskInstance: tune_stream_dag.Load_songplays_fact_table scheduled__2023-01-01T11:00:00+00:00 [running]> on host 5def55d2a1b5
[2025-07-24T16:55:50.811+0000] {taskinstance.py:2480} INFO - Exporting env vars: AIRFLOW_CTX_DAG_OWNER='genz-legend' AIRFLOW_CTX_DAG_ID='tune_stream_dag' AIRFLOW_CTX_TASK_ID='Load_songplays_fact_table' AIRFLOW_CTX_EXECUTION_DATE='2023-01-01T11:00:00+00:00' AIRFLOW_CTX_TRY_NUMBER='1' AIRFLOW_CTX_DAG_RUN_ID='scheduled__2023-01-01T11:00:00+00:00'
[2025-07-24T16:56:35.341+0000] {python.py:201} INFO - Done. Returned value was: None
[2025-07-24T16:56:35.440+0000] {taskinstance.py:1138} INFO - Marking task as SUCCESS. dag_id=tune_stream_dag, task_id=Load_songplays_fact_table, execution_date=20230101T110000, start_date=20250724T165550, end_date=20250724T165635
[2025-07-24T16:56:35.710+0000] {local_task_job_runner.py:234} INFO - Task exited with return code 0
[2025-07-24T16:56:35.756+0000] {taskinstance.py:3280} INFO - 4 downstream tasks scheduled from follow-on schedule check
