[2025-07-24T13:53:12.686+0000] {taskinstance.py:1956} INFO - Dependencies all met for dep_context=non-requeueable deps ti=<TaskInstance: tune_stream_dag.Stage_songs scheduled__2023-01-02T10:00:00+00:00 [queued]>
[2025-07-24T13:53:12.706+0000] {taskinstance.py:1956} INFO - Dependencies all met for dep_context=requeueable deps ti=<TaskInstance: tune_stream_dag.Stage_songs scheduled__2023-01-02T10:00:00+00:00 [queued]>
[2025-07-24T13:53:12.707+0000] {taskinstance.py:2170} INFO - Starting attempt 1 of 4
[2025-07-24T13:53:12.735+0000] {taskinstance.py:2191} INFO - Executing <Task(PythonOperator): Stage_songs> on 2023-01-02 10:00:00+00:00
[2025-07-24T13:53:12.747+0000] {standard_task_runner.py:60} INFO - Started process 467 to run task
[2025-07-24T13:53:12.755+0000] {standard_task_runner.py:87} INFO - Running: ['***', 'tasks', 'run', 'tune_stream_dag', 'Stage_songs', 'scheduled__2023-01-02T10:00:00+00:00', '--job-id', '367', '--raw', '--subdir', 'DAGS_FOLDER/etl_pipeline.py', '--cfg-path', '/tmp/tmp5n01more']
[2025-07-24T13:53:12.767+0000] {standard_task_runner.py:88} INFO - Job 367: Subtask Stage_songs
[2025-07-24T13:53:12.939+0000] {task_command.py:423} INFO - Running <TaskInstance: tune_stream_dag.Stage_songs scheduled__2023-01-02T10:00:00+00:00 [running]> on host a4bcda7cb679
[2025-07-24T13:53:13.183+0000] {taskinstance.py:2480} INFO - Exporting env vars: AIRFLOW_CTX_DAG_OWNER='genz-legend' AIRFLOW_CTX_DAG_ID='tune_stream_dag' AIRFLOW_CTX_TASK_ID='Stage_songs' AIRFLOW_CTX_EXECUTION_DATE='2023-01-02T10:00:00+00:00' AIRFLOW_CTX_TRY_NUMBER='1' AIRFLOW_CTX_DAG_RUN_ID='scheduled__2023-01-02T10:00:00+00:00'
[2025-07-24T13:53:15.193+0000] {python.py:201} INFO - Done. Returned value was: None
[2025-07-24T13:53:15.240+0000] {taskinstance.py:1138} INFO - Marking task as SUCCESS. dag_id=tune_stream_dag, task_id=Stage_songs, execution_date=20230102T100000, start_date=20250724T135312, end_date=20250724T135315
[2025-07-24T13:53:15.539+0000] {local_task_job_runner.py:234} INFO - Task exited with return code 0
[2025-07-24T13:53:15.740+0000] {taskinstance.py:3280} INFO - 0 downstream tasks scheduled from follow-on schedule check
[2025-07-24T16:05:18.929+0000] {taskinstance.py:1956} INFO - Dependencies all met for dep_context=non-requeueable deps ti=<TaskInstance: tune_stream_dag.Stage_songs scheduled__2023-01-02T10:00:00+00:00 [queued]>
[2025-07-24T16:05:18.946+0000] {taskinstance.py:1956} INFO - Dependencies all met for dep_context=requeueable deps ti=<TaskInstance: tune_stream_dag.Stage_songs scheduled__2023-01-02T10:00:00+00:00 [queued]>
[2025-07-24T16:05:18.947+0000] {taskinstance.py:2170} INFO - Starting attempt 1 of 4
[2025-07-24T16:05:18.968+0000] {taskinstance.py:2191} INFO - Executing <Task(PythonOperator): Stage_songs> on 2023-01-02 10:00:00+00:00
[2025-07-24T16:05:18.979+0000] {standard_task_runner.py:60} INFO - Started process 1761 to run task
[2025-07-24T16:05:18.986+0000] {standard_task_runner.py:87} INFO - Running: ['***', 'tasks', 'run', 'tune_stream_dag', 'Stage_songs', 'scheduled__2023-01-02T10:00:00+00:00', '--job-id', '1340', '--raw', '--subdir', 'DAGS_FOLDER/etl_pipeline.py', '--cfg-path', '/tmp/tmp2bb5_q8m']
[2025-07-24T16:05:18.992+0000] {standard_task_runner.py:88} INFO - Job 1340: Subtask Stage_songs
[2025-07-24T16:05:19.118+0000] {task_command.py:423} INFO - Running <TaskInstance: tune_stream_dag.Stage_songs scheduled__2023-01-02T10:00:00+00:00 [running]> on host c53547d84df1
[2025-07-24T16:05:19.236+0000] {taskinstance.py:2480} INFO - Exporting env vars: AIRFLOW_CTX_DAG_OWNER='genz-legend' AIRFLOW_CTX_DAG_ID='tune_stream_dag' AIRFLOW_CTX_TASK_ID='Stage_songs' AIRFLOW_CTX_EXECUTION_DATE='2023-01-02T10:00:00+00:00' AIRFLOW_CTX_TRY_NUMBER='1' AIRFLOW_CTX_DAG_RUN_ID='scheduled__2023-01-02T10:00:00+00:00'
[2025-07-24T16:05:20.203+0000] {python.py:201} INFO - Done. Returned value was: None
[2025-07-24T16:05:20.214+0000] {taskinstance.py:1138} INFO - Marking task as SUCCESS. dag_id=tune_stream_dag, task_id=Stage_songs, execution_date=20230102T100000, start_date=20250724T160518, end_date=20250724T160520
[2025-07-24T16:05:20.246+0000] {local_task_job_runner.py:234} INFO - Task exited with return code 0
[2025-07-24T16:05:20.273+0000] {taskinstance.py:3280} INFO - 0 downstream tasks scheduled from follow-on schedule check
[2025-07-24T17:18:02.711+0000] {taskinstance.py:1956} INFO - Dependencies all met for dep_context=non-requeueable deps ti=<TaskInstance: tune_stream_dag.Stage_songs scheduled__2023-01-02T10:00:00+00:00 [queued]>
[2025-07-24T17:18:02.723+0000] {taskinstance.py:1956} INFO - Dependencies all met for dep_context=requeueable deps ti=<TaskInstance: tune_stream_dag.Stage_songs scheduled__2023-01-02T10:00:00+00:00 [queued]>
[2025-07-24T17:18:02.723+0000] {taskinstance.py:2170} INFO - Starting attempt 1 of 4
[2025-07-24T17:18:02.740+0000] {taskinstance.py:2191} INFO - Executing <Task(PythonOperator): Stage_songs> on 2023-01-02 10:00:00+00:00
[2025-07-24T17:18:02.750+0000] {standard_task_runner.py:60} INFO - Started process 1526 to run task
[2025-07-24T17:18:02.768+0000] {standard_task_runner.py:87} INFO - Running: ['***', 'tasks', 'run', 'tune_stream_dag', 'Stage_songs', 'scheduled__2023-01-02T10:00:00+00:00', '--job-id', '2097', '--raw', '--subdir', 'DAGS_FOLDER/etl_pipeline.py', '--cfg-path', '/tmp/tmpvaeig4bn']
[2025-07-24T17:18:02.781+0000] {standard_task_runner.py:88} INFO - Job 2097: Subtask Stage_songs
[2025-07-24T17:18:02.943+0000] {task_command.py:423} INFO - Running <TaskInstance: tune_stream_dag.Stage_songs scheduled__2023-01-02T10:00:00+00:00 [running]> on host 5def55d2a1b5
[2025-07-24T17:18:03.068+0000] {taskinstance.py:2480} INFO - Exporting env vars: AIRFLOW_CTX_DAG_OWNER='genz-legend' AIRFLOW_CTX_DAG_ID='tune_stream_dag' AIRFLOW_CTX_TASK_ID='Stage_songs' AIRFLOW_CTX_EXECUTION_DATE='2023-01-02T10:00:00+00:00' AIRFLOW_CTX_TRY_NUMBER='1' AIRFLOW_CTX_DAG_RUN_ID='scheduled__2023-01-02T10:00:00+00:00'
[2025-07-24T17:18:03.540+0000] {python.py:201} INFO - Done. Returned value was: None
[2025-07-24T17:18:03.550+0000] {taskinstance.py:1138} INFO - Marking task as SUCCESS. dag_id=tune_stream_dag, task_id=Stage_songs, execution_date=20230102T100000, start_date=20250724T171802, end_date=20250724T171803
[2025-07-24T17:18:03.582+0000] {local_task_job_runner.py:234} INFO - Task exited with return code 0
[2025-07-24T17:18:03.698+0000] {taskinstance.py:3280} INFO - 0 downstream tasks scheduled from follow-on schedule check
