[2025-07-24T14:50:04.613+0000] {taskinstance.py:1956} INFO - Dependencies all met for dep_context=non-requeueable deps ti=<TaskInstance: tune_stream_dag.Load_songplays_fact_table manual__2025-07-24T14:34:52.812264+00:00 [queued]>
[2025-07-24T14:50:04.621+0000] {taskinstance.py:1956} INFO - Dependencies all met for dep_context=requeueable deps ti=<TaskInstance: tune_stream_dag.Load_songplays_fact_table manual__2025-07-24T14:34:52.812264+00:00 [queued]>
[2025-07-24T14:50:04.622+0000] {taskinstance.py:2170} INFO - Starting attempt 4 of 4
[2025-07-24T14:50:04.633+0000] {taskinstance.py:2191} INFO - Executing <Task(PythonOperator): Load_songplays_fact_table> on 2025-07-24 14:34:52.812264+00:00
[2025-07-24T14:50:04.639+0000] {standard_task_runner.py:60} INFO - Started process 134 to run task
[2025-07-24T14:50:04.643+0000] {standard_task_runner.py:87} INFO - Running: ['***', 'tasks', 'run', 'tune_stream_dag', 'Load_songplays_fact_table', 'manual__2025-07-24T14:34:52.812264+00:00', '--job-id', '692', '--raw', '--subdir', 'DAGS_FOLDER/etl_pipeline.py', '--cfg-path', '/tmp/tmpbua_31p7']
[2025-07-24T14:50:04.645+0000] {standard_task_runner.py:88} INFO - Job 692: Subtask Load_songplays_fact_table
[2025-07-24T14:50:04.700+0000] {task_command.py:423} INFO - Running <TaskInstance: tune_stream_dag.Load_songplays_fact_table manual__2025-07-24T14:34:52.812264+00:00 [running]> on host c53547d84df1
[2025-07-24T14:50:04.760+0000] {taskinstance.py:2480} INFO - Exporting env vars: AIRFLOW_CTX_DAG_OWNER='genz-legend' AIRFLOW_CTX_DAG_ID='tune_stream_dag' AIRFLOW_CTX_TASK_ID='Load_songplays_fact_table' AIRFLOW_CTX_EXECUTION_DATE='2025-07-24T14:34:52.812264+00:00' AIRFLOW_CTX_TRY_NUMBER='4' AIRFLOW_CTX_DAG_RUN_ID='manual__2025-07-24T14:34:52.812264+00:00'
[2025-07-24T14:50:04.766+0000] {taskinstance.py:2698} ERROR - Task failed with exception
Traceback (most recent call last):
  File "/home/airflow/.local/lib/python3.8/site-packages/airflow/models/taskinstance.py", line 433, in _execute_task
    result = execute_callable(context=context, **execute_callable_kwargs)
  File "/home/airflow/.local/lib/python3.8/site-packages/airflow/operators/python.py", line 199, in execute
    return_value = self.execute_callable()
  File "/home/airflow/.local/lib/python3.8/site-packages/airflow/operators/python.py", line 216, in execute_callable
    return self.python_callable(*self.op_args, **self.op_kwargs)
  File "/opt/airflow/dags/etl_pipeline.py", line 170, in <lambda>
    python_callable=lambda: load_table(SqlQueries.songplay_table_insert, 'songplays'),
  File "/opt/airflow/dags/etl_pipeline.py", line 129, in load_table
    cur.execute(f"INSERT INTO {table} {query}")
psycopg2.errors.UndefinedFunction: operator does not exist: integer || timestamp without time zone
LINE 3:                 md5(events.sessionid || events.start_time) s...
                                             ^
HINT:  No operator matches the given name and argument types. You might need to add explicit type casts.

[2025-07-24T14:50:04.776+0000] {taskinstance.py:1138} INFO - Marking task as FAILED. dag_id=tune_stream_dag, task_id=Load_songplays_fact_table, execution_date=20250724T143452, start_date=20250724T145004, end_date=20250724T145004
[2025-07-24T14:50:04.786+0000] {standard_task_runner.py:107} ERROR - Failed to execute job 692 for task Load_songplays_fact_table (operator does not exist: integer || timestamp without time zone
LINE 3:                 md5(events.sessionid || events.start_time) s...
                                             ^
HINT:  No operator matches the given name and argument types. You might need to add explicit type casts.
; 134)
[2025-07-24T14:50:04.815+0000] {local_task_job_runner.py:234} INFO - Task exited with return code 1
[2025-07-24T14:50:04.838+0000] {taskinstance.py:3280} INFO - 0 downstream tasks scheduled from follow-on schedule check
