[2025-07-24T15:22:08.480+0000] {taskinstance.py:1956} INFO - Dependencies all met for dep_context=non-requeueable deps ti=<TaskInstance: tune_stream_dag.Stage_events scheduled__2023-01-05T06:00:00+00:00 [queued]>
[2025-07-24T15:22:08.571+0000] {taskinstance.py:1956} INFO - Dependencies all met for dep_context=requeueable deps ti=<TaskInstance: tune_stream_dag.Stage_events scheduled__2023-01-05T06:00:00+00:00 [queued]>
[2025-07-24T15:22:08.572+0000] {taskinstance.py:2170} INFO - Starting attempt 1 of 4
[2025-07-24T15:22:08.754+0000] {taskinstance.py:2191} INFO - Executing <Task(PythonOperator): Stage_events> on 2023-01-05 06:00:00+00:00
[2025-07-24T15:22:08.813+0000] {standard_task_runner.py:60} INFO - Started process 763 to run task
[2025-07-24T15:22:08.823+0000] {standard_task_runner.py:87} INFO - Running: ['***', 'tasks', 'run', 'tune_stream_dag', 'Stage_events', 'scheduled__2023-01-05T06:00:00+00:00', '--job-id', '854', '--raw', '--subdir', 'DAGS_FOLDER/etl_pipeline.py', '--cfg-path', '/tmp/tmp8y8rz01j']
[2025-07-24T15:22:08.827+0000] {standard_task_runner.py:88} INFO - Job 854: Subtask Stage_events
[2025-07-24T15:22:09.340+0000] {task_command.py:423} INFO - Running <TaskInstance: tune_stream_dag.Stage_events scheduled__2023-01-05T06:00:00+00:00 [running]> on host c53547d84df1
[2025-07-24T15:22:09.597+0000] {taskinstance.py:2480} INFO - Exporting env vars: AIRFLOW_CTX_DAG_OWNER='genz-legend' AIRFLOW_CTX_DAG_ID='tune_stream_dag' AIRFLOW_CTX_TASK_ID='Stage_events' AIRFLOW_CTX_EXECUTION_DATE='2023-01-05T06:00:00+00:00' AIRFLOW_CTX_TRY_NUMBER='1' AIRFLOW_CTX_DAG_RUN_ID='scheduled__2023-01-05T06:00:00+00:00'
[2025-07-24T15:22:18.034+0000] {python.py:201} INFO - Done. Returned value was: None
[2025-07-24T15:22:18.062+0000] {taskinstance.py:1138} INFO - Marking task as SUCCESS. dag_id=tune_stream_dag, task_id=Stage_events, execution_date=20230105T060000, start_date=20250724T152208, end_date=20250724T152218
[2025-07-24T15:22:18.156+0000] {local_task_job_runner.py:234} INFO - Task exited with return code 0
[2025-07-24T15:22:18.244+0000] {taskinstance.py:3280} INFO - 1 downstream tasks scheduled from follow-on schedule check
[2025-07-24T17:32:07.063+0000] {taskinstance.py:1956} INFO - Dependencies all met for dep_context=non-requeueable deps ti=<TaskInstance: tune_stream_dag.Stage_events scheduled__2023-01-05T06:00:00+00:00 [queued]>
[2025-07-24T17:32:07.087+0000] {taskinstance.py:1956} INFO - Dependencies all met for dep_context=requeueable deps ti=<TaskInstance: tune_stream_dag.Stage_events scheduled__2023-01-05T06:00:00+00:00 [queued]>
[2025-07-24T17:32:07.092+0000] {taskinstance.py:2170} INFO - Starting attempt 1 of 4
[2025-07-24T17:32:07.202+0000] {taskinstance.py:2191} INFO - Executing <Task(PythonOperator): Stage_events> on 2023-01-05 06:00:00+00:00
[2025-07-24T17:32:07.226+0000] {standard_task_runner.py:60} INFO - Started process 3257 to run task
[2025-07-24T17:32:07.232+0000] {standard_task_runner.py:87} INFO - Running: ['***', 'tasks', 'run', 'tune_stream_dag', 'Stage_events', 'scheduled__2023-01-05T06:00:00+00:00', '--job-id', '2617', '--raw', '--subdir', 'DAGS_FOLDER/etl_pipeline.py', '--cfg-path', '/tmp/tmpe61im52s']
[2025-07-24T17:32:07.251+0000] {standard_task_runner.py:88} INFO - Job 2617: Subtask Stage_events
[2025-07-24T17:32:07.414+0000] {task_command.py:423} INFO - Running <TaskInstance: tune_stream_dag.Stage_events scheduled__2023-01-05T06:00:00+00:00 [running]> on host 5def55d2a1b5
[2025-07-24T17:32:07.622+0000] {taskinstance.py:2480} INFO - Exporting env vars: AIRFLOW_CTX_DAG_OWNER='genz-legend' AIRFLOW_CTX_DAG_ID='tune_stream_dag' AIRFLOW_CTX_TASK_ID='Stage_events' AIRFLOW_CTX_EXECUTION_DATE='2023-01-05T06:00:00+00:00' AIRFLOW_CTX_TRY_NUMBER='1' AIRFLOW_CTX_DAG_RUN_ID='scheduled__2023-01-05T06:00:00+00:00'
[2025-07-24T17:32:49.694+0000] {python.py:201} INFO - Done. Returned value was: None
[2025-07-24T17:32:53.252+0000] {taskinstance.py:1138} INFO - Marking task as SUCCESS. dag_id=tune_stream_dag, task_id=Stage_events, execution_date=20230105T060000, start_date=20250724T173207, end_date=20250724T173253
[2025-07-24T17:32:54.061+0000] {local_task_job_runner.py:234} INFO - Task exited with return code 0
[2025-07-24T17:32:54.138+0000] {taskinstance.py:3280} INFO - 1 downstream tasks scheduled from follow-on schedule check
