[2025-07-24T13:53:14.590+0000] {taskinstance.py:1956} INFO - Dependencies all met for dep_context=non-requeueable deps ti=<TaskInstance: tune_stream_dag.Stage_events scheduled__2023-01-02T12:00:00+00:00 [queued]>
[2025-07-24T13:53:14.618+0000] {taskinstance.py:1956} INFO - Dependencies all met for dep_context=requeueable deps ti=<TaskInstance: tune_stream_dag.Stage_events scheduled__2023-01-02T12:00:00+00:00 [queued]>
[2025-07-24T13:53:14.622+0000] {taskinstance.py:2170} INFO - Starting attempt 1 of 4
[2025-07-24T13:53:14.684+0000] {taskinstance.py:2191} INFO - Executing <Task(PythonOperator): Stage_events> on 2023-01-02 12:00:00+00:00
[2025-07-24T13:53:14.713+0000] {standard_task_runner.py:60} INFO - Started process 486 to run task
[2025-07-24T13:53:14.730+0000] {standard_task_runner.py:87} INFO - Running: ['***', 'tasks', 'run', 'tune_stream_dag', 'Stage_events', 'scheduled__2023-01-02T12:00:00+00:00', '--job-id', '371', '--raw', '--subdir', 'DAGS_FOLDER/etl_pipeline.py', '--cfg-path', '/tmp/tmpuyrnbk09']
[2025-07-24T13:53:14.741+0000] {standard_task_runner.py:88} INFO - Job 371: Subtask Stage_events
[2025-07-24T13:53:15.067+0000] {task_command.py:423} INFO - Running <TaskInstance: tune_stream_dag.Stage_events scheduled__2023-01-02T12:00:00+00:00 [running]> on host a4bcda7cb679
[2025-07-24T13:53:15.288+0000] {taskinstance.py:2480} INFO - Exporting env vars: AIRFLOW_CTX_DAG_OWNER='genz-legend' AIRFLOW_CTX_DAG_ID='tune_stream_dag' AIRFLOW_CTX_TASK_ID='Stage_events' AIRFLOW_CTX_EXECUTION_DATE='2023-01-02T12:00:00+00:00' AIRFLOW_CTX_TRY_NUMBER='1' AIRFLOW_CTX_DAG_RUN_ID='scheduled__2023-01-02T12:00:00+00:00'
[2025-07-24T13:53:25.668+0000] {python.py:201} INFO - Done. Returned value was: None
[2025-07-24T13:53:25.893+0000] {taskinstance.py:1138} INFO - Marking task as SUCCESS. dag_id=tune_stream_dag, task_id=Stage_events, execution_date=20230102T120000, start_date=20250724T135314, end_date=20250724T135325
[2025-07-24T13:53:26.197+0000] {local_task_job_runner.py:234} INFO - Task exited with return code 0
[2025-07-24T13:53:26.549+0000] {taskinstance.py:3280} INFO - 1 downstream tasks scheduled from follow-on schedule check
[2025-07-24T17:18:23.299+0000] {taskinstance.py:1956} INFO - Dependencies all met for dep_context=non-requeueable deps ti=<TaskInstance: tune_stream_dag.Stage_events scheduled__2023-01-02T12:00:00+00:00 [queued]>
[2025-07-24T17:18:23.313+0000] {taskinstance.py:1956} INFO - Dependencies all met for dep_context=requeueable deps ti=<TaskInstance: tune_stream_dag.Stage_events scheduled__2023-01-02T12:00:00+00:00 [queued]>
[2025-07-24T17:18:23.314+0000] {taskinstance.py:2170} INFO - Starting attempt 1 of 4
[2025-07-24T17:18:23.336+0000] {taskinstance.py:2191} INFO - Executing <Task(PythonOperator): Stage_events> on 2023-01-02 12:00:00+00:00
[2025-07-24T17:18:23.345+0000] {standard_task_runner.py:60} INFO - Started process 1604 to run task
[2025-07-24T17:18:23.351+0000] {standard_task_runner.py:87} INFO - Running: ['***', 'tasks', 'run', 'tune_stream_dag', 'Stage_events', 'scheduled__2023-01-02T12:00:00+00:00', '--job-id', '2120', '--raw', '--subdir', 'DAGS_FOLDER/etl_pipeline.py', '--cfg-path', '/tmp/tmp4eypqdzw']
[2025-07-24T17:18:23.363+0000] {standard_task_runner.py:88} INFO - Job 2120: Subtask Stage_events
[2025-07-24T17:18:23.454+0000] {task_command.py:423} INFO - Running <TaskInstance: tune_stream_dag.Stage_events scheduled__2023-01-02T12:00:00+00:00 [running]> on host 5def55d2a1b5
[2025-07-24T17:18:23.568+0000] {taskinstance.py:2480} INFO - Exporting env vars: AIRFLOW_CTX_DAG_OWNER='genz-legend' AIRFLOW_CTX_DAG_ID='tune_stream_dag' AIRFLOW_CTX_TASK_ID='Stage_events' AIRFLOW_CTX_EXECUTION_DATE='2023-01-02T12:00:00+00:00' AIRFLOW_CTX_TRY_NUMBER='1' AIRFLOW_CTX_DAG_RUN_ID='scheduled__2023-01-02T12:00:00+00:00'
[2025-07-24T17:18:26.272+0000] {python.py:201} INFO - Done. Returned value was: None
[2025-07-24T17:18:26.284+0000] {taskinstance.py:1138} INFO - Marking task as SUCCESS. dag_id=tune_stream_dag, task_id=Stage_events, execution_date=20230102T120000, start_date=20250724T171823, end_date=20250724T171826
[2025-07-24T17:18:26.336+0000] {local_task_job_runner.py:234} INFO - Task exited with return code 0
[2025-07-24T17:18:26.366+0000] {taskinstance.py:3280} INFO - 1 downstream tasks scheduled from follow-on schedule check
