[2025-07-24T14:29:50.055+0000] {taskinstance.py:1956} INFO - Dependencies all met for dep_context=non-requeueable deps ti=<TaskInstance: tune_stream_dag.Stage_songs scheduled__2023-01-03T19:00:00+00:00 [queued]>
[2025-07-24T14:29:50.141+0000] {taskinstance.py:1956} INFO - Dependencies all met for dep_context=requeueable deps ti=<TaskInstance: tune_stream_dag.Stage_songs scheduled__2023-01-03T19:00:00+00:00 [queued]>
[2025-07-24T14:29:50.143+0000] {taskinstance.py:2170} INFO - Starting attempt 1 of 4
[2025-07-24T14:29:50.229+0000] {taskinstance.py:2191} INFO - Executing <Task(PythonOperator): Stage_songs> on 2023-01-03 19:00:00+00:00
[2025-07-24T14:29:50.332+0000] {standard_task_runner.py:60} INFO - Started process 873 to run task
[2025-07-24T14:29:50.395+0000] {standard_task_runner.py:87} INFO - Running: ['***', 'tasks', 'run', 'tune_stream_dag', 'Stage_songs', 'scheduled__2023-01-03T19:00:00+00:00', '--job-id', '564', '--raw', '--subdir', 'DAGS_FOLDER/etl_pipeline.py', '--cfg-path', '/tmp/tmpcggqab1g']
[2025-07-24T14:29:50.477+0000] {standard_task_runner.py:88} INFO - Job 564: Subtask Stage_songs
[2025-07-24T14:29:50.897+0000] {task_command.py:423} INFO - Running <TaskInstance: tune_stream_dag.Stage_songs scheduled__2023-01-03T19:00:00+00:00 [running]> on host aea62fae55be
[2025-07-24T14:29:51.244+0000] {taskinstance.py:2480} INFO - Exporting env vars: AIRFLOW_CTX_DAG_OWNER='genz-legend' AIRFLOW_CTX_DAG_ID='tune_stream_dag' AIRFLOW_CTX_TASK_ID='Stage_songs' AIRFLOW_CTX_EXECUTION_DATE='2023-01-03T19:00:00+00:00' AIRFLOW_CTX_TRY_NUMBER='1' AIRFLOW_CTX_DAG_RUN_ID='scheduled__2023-01-03T19:00:00+00:00'
[2025-07-24T14:29:55.095+0000] {python.py:201} INFO - Done. Returned value was: None
[2025-07-24T14:29:55.227+0000] {taskinstance.py:1138} INFO - Marking task as SUCCESS. dag_id=tune_stream_dag, task_id=Stage_songs, execution_date=20230103T190000, start_date=20250724T142950, end_date=20250724T142955
[2025-07-24T14:29:55.373+0000] {local_task_job_runner.py:234} INFO - Task exited with return code 0
[2025-07-24T14:29:55.494+0000] {taskinstance.py:3280} INFO - 0 downstream tasks scheduled from follow-on schedule check
[2025-07-24T17:27:14.910+0000] {taskinstance.py:1956} INFO - Dependencies all met for dep_context=non-requeueable deps ti=<TaskInstance: tune_stream_dag.Stage_songs scheduled__2023-01-03T19:00:00+00:00 [queued]>
[2025-07-24T17:27:14.960+0000] {taskinstance.py:1956} INFO - Dependencies all met for dep_context=requeueable deps ti=<TaskInstance: tune_stream_dag.Stage_songs scheduled__2023-01-03T19:00:00+00:00 [queued]>
[2025-07-24T17:27:14.962+0000] {taskinstance.py:2170} INFO - Starting attempt 1 of 4
[2025-07-24T17:27:15.149+0000] {taskinstance.py:2191} INFO - Executing <Task(PythonOperator): Stage_songs> on 2023-01-03 19:00:00+00:00
[2025-07-24T17:27:15.188+0000] {standard_task_runner.py:60} INFO - Started process 2403 to run task
[2025-07-24T17:27:15.192+0000] {standard_task_runner.py:87} INFO - Running: ['***', 'tasks', 'run', 'tune_stream_dag', 'Stage_songs', 'scheduled__2023-01-03T19:00:00+00:00', '--job-id', '2356', '--raw', '--subdir', 'DAGS_FOLDER/etl_pipeline.py', '--cfg-path', '/tmp/tmpie5k8nzg']
[2025-07-24T17:27:15.195+0000] {standard_task_runner.py:88} INFO - Job 2356: Subtask Stage_songs
[2025-07-24T17:27:15.313+0000] {task_command.py:423} INFO - Running <TaskInstance: tune_stream_dag.Stage_songs scheduled__2023-01-03T19:00:00+00:00 [running]> on host 5def55d2a1b5
[2025-07-24T17:27:15.530+0000] {taskinstance.py:2480} INFO - Exporting env vars: AIRFLOW_CTX_DAG_OWNER='genz-legend' AIRFLOW_CTX_DAG_ID='tune_stream_dag' AIRFLOW_CTX_TASK_ID='Stage_songs' AIRFLOW_CTX_EXECUTION_DATE='2023-01-03T19:00:00+00:00' AIRFLOW_CTX_TRY_NUMBER='1' AIRFLOW_CTX_DAG_RUN_ID='scheduled__2023-01-03T19:00:00+00:00'
[2025-07-24T17:27:19.279+0000] {python.py:201} INFO - Done. Returned value was: None
[2025-07-24T17:27:19.301+0000] {taskinstance.py:1138} INFO - Marking task as SUCCESS. dag_id=tune_stream_dag, task_id=Stage_songs, execution_date=20230103T190000, start_date=20250724T172714, end_date=20250724T172719
[2025-07-24T17:27:19.389+0000] {local_task_job_runner.py:234} INFO - Task exited with return code 0
[2025-07-24T17:27:19.473+0000] {taskinstance.py:3280} INFO - 0 downstream tasks scheduled from follow-on schedule check
