[2025-07-24T15:48:56.389+0000] {taskinstance.py:1956} INFO - Dependencies all met for dep_context=non-requeueable deps ti=<TaskInstance: tune_stream_dag.Load_song_dim_table scheduled__2023-01-01T06:00:00+00:00 [queued]>
[2025-07-24T15:48:56.399+0000] {taskinstance.py:1956} INFO - Dependencies all met for dep_context=requeueable deps ti=<TaskInstance: tune_stream_dag.Load_song_dim_table scheduled__2023-01-01T06:00:00+00:00 [queued]>
[2025-07-24T15:48:56.400+0000] {taskinstance.py:2170} INFO - Starting attempt 1 of 4
[2025-07-24T15:48:56.414+0000] {taskinstance.py:2191} INFO - Executing <Task(PythonOperator): Load_song_dim_table> on 2023-01-01 06:00:00+00:00
[2025-07-24T15:48:56.423+0000] {standard_task_runner.py:60} INFO - Started process 838 to run task
[2025-07-24T15:48:56.428+0000] {standard_task_runner.py:87} INFO - Running: ['***', 'tasks', 'run', 'tune_stream_dag', 'Load_song_dim_table', 'scheduled__2023-01-01T06:00:00+00:00', '--job-id', '1114', '--raw', '--subdir', 'DAGS_FOLDER/etl_pipeline.py', '--cfg-path', '/tmp/tmpegoramgf']
[2025-07-24T15:48:56.432+0000] {standard_task_runner.py:88} INFO - Job 1114: Subtask Load_song_dim_table
[2025-07-24T15:48:56.515+0000] {task_command.py:423} INFO - Running <TaskInstance: tune_stream_dag.Load_song_dim_table scheduled__2023-01-01T06:00:00+00:00 [running]> on host c53547d84df1
[2025-07-24T15:48:56.584+0000] {taskinstance.py:2480} INFO - Exporting env vars: AIRFLOW_CTX_DAG_OWNER='genz-legend' AIRFLOW_CTX_DAG_ID='tune_stream_dag' AIRFLOW_CTX_TASK_ID='Load_song_dim_table' AIRFLOW_CTX_EXECUTION_DATE='2023-01-01T06:00:00+00:00' AIRFLOW_CTX_TRY_NUMBER='1' AIRFLOW_CTX_DAG_RUN_ID='scheduled__2023-01-01T06:00:00+00:00'
[2025-07-24T15:48:56.592+0000] {python.py:201} INFO - Done. Returned value was: None
[2025-07-24T15:48:56.601+0000] {taskinstance.py:1138} INFO - Marking task as SUCCESS. dag_id=tune_stream_dag, task_id=Load_song_dim_table, execution_date=20230101T060000, start_date=20250724T154856, end_date=20250724T154856
[2025-07-24T15:48:56.642+0000] {local_task_job_runner.py:234} INFO - Task exited with return code 0
[2025-07-24T15:48:56.692+0000] {taskinstance.py:3280} INFO - 0 downstream tasks scheduled from follow-on schedule check
[2025-07-24T16:17:57.597+0000] {taskinstance.py:1956} INFO - Dependencies all met for dep_context=non-requeueable deps ti=<TaskInstance: tune_stream_dag.Load_song_dim_table scheduled__2023-01-01T06:00:00+00:00 [queued]>
[2025-07-24T16:17:57.706+0000] {taskinstance.py:1956} INFO - Dependencies all met for dep_context=requeueable deps ti=<TaskInstance: tune_stream_dag.Load_song_dim_table scheduled__2023-01-01T06:00:00+00:00 [queued]>
[2025-07-24T16:17:57.709+0000] {taskinstance.py:2170} INFO - Starting attempt 1 of 4
[2025-07-24T16:17:57.815+0000] {taskinstance.py:2191} INFO - Executing <Task(PythonOperator): Load_song_dim_table> on 2023-01-01 06:00:00+00:00
[2025-07-24T16:17:57.845+0000] {standard_task_runner.py:60} INFO - Started process 418 to run task
[2025-07-24T16:17:57.881+0000] {standard_task_runner.py:87} INFO - Running: ['***', 'tasks', 'run', 'tune_stream_dag', 'Load_song_dim_table', 'scheduled__2023-01-01T06:00:00+00:00', '--job-id', '1424', '--raw', '--subdir', 'DAGS_FOLDER/etl_pipeline.py', '--cfg-path', '/tmp/tmp560g91gq']
[2025-07-24T16:17:57.973+0000] {standard_task_runner.py:88} INFO - Job 1424: Subtask Load_song_dim_table
[2025-07-24T16:17:58.708+0000] {task_command.py:423} INFO - Running <TaskInstance: tune_stream_dag.Load_song_dim_table scheduled__2023-01-01T06:00:00+00:00 [running]> on host c53547d84df1
[2025-07-24T16:17:59.104+0000] {taskinstance.py:2480} INFO - Exporting env vars: AIRFLOW_CTX_DAG_OWNER='genz-legend' AIRFLOW_CTX_DAG_ID='tune_stream_dag' AIRFLOW_CTX_TASK_ID='Load_song_dim_table' AIRFLOW_CTX_EXECUTION_DATE='2023-01-01T06:00:00+00:00' AIRFLOW_CTX_TRY_NUMBER='1' AIRFLOW_CTX_DAG_RUN_ID='scheduled__2023-01-01T06:00:00+00:00'
[2025-07-24T16:17:59.220+0000] {python.py:201} INFO - Done. Returned value was: None
[2025-07-24T16:17:59.256+0000] {taskinstance.py:1138} INFO - Marking task as SUCCESS. dag_id=tune_stream_dag, task_id=Load_song_dim_table, execution_date=20230101T060000, start_date=20250724T161757, end_date=20250724T161759
[2025-07-24T16:17:59.702+0000] {local_task_job_runner.py:234} INFO - Task exited with return code 0
[2025-07-24T16:18:00.182+0000] {taskinstance.py:3280} INFO - 0 downstream tasks scheduled from follow-on schedule check
[2025-07-24T16:57:13.207+0000] {taskinstance.py:1956} INFO - Dependencies all met for dep_context=non-requeueable deps ti=<TaskInstance: tune_stream_dag.Load_song_dim_table scheduled__2023-01-01T06:00:00+00:00 [queued]>
[2025-07-24T16:57:13.273+0000] {taskinstance.py:1956} INFO - Dependencies all met for dep_context=requeueable deps ti=<TaskInstance: tune_stream_dag.Load_song_dim_table scheduled__2023-01-01T06:00:00+00:00 [queued]>
[2025-07-24T16:57:13.276+0000] {taskinstance.py:2170} INFO - Starting attempt 1 of 4
[2025-07-24T16:57:13.562+0000] {taskinstance.py:2191} INFO - Executing <Task(PythonOperator): Load_song_dim_table> on 2023-01-01 06:00:00+00:00
[2025-07-24T16:57:13.593+0000] {standard_task_runner.py:60} INFO - Started process 433 to run task
[2025-07-24T16:57:13.600+0000] {standard_task_runner.py:87} INFO - Running: ['***', 'tasks', 'run', 'tune_stream_dag', 'Load_song_dim_table', 'scheduled__2023-01-01T06:00:00+00:00', '--job-id', '1832', '--raw', '--subdir', 'DAGS_FOLDER/etl_pipeline.py', '--cfg-path', '/tmp/tmppvd8ejoz']
[2025-07-24T16:57:13.623+0000] {standard_task_runner.py:88} INFO - Job 1832: Subtask Load_song_dim_table
[2025-07-24T16:57:13.916+0000] {task_command.py:423} INFO - Running <TaskInstance: tune_stream_dag.Load_song_dim_table scheduled__2023-01-01T06:00:00+00:00 [running]> on host 5def55d2a1b5
[2025-07-24T16:57:14.210+0000] {taskinstance.py:2480} INFO - Exporting env vars: AIRFLOW_CTX_DAG_OWNER='genz-legend' AIRFLOW_CTX_DAG_ID='tune_stream_dag' AIRFLOW_CTX_TASK_ID='Load_song_dim_table' AIRFLOW_CTX_EXECUTION_DATE='2023-01-01T06:00:00+00:00' AIRFLOW_CTX_TRY_NUMBER='1' AIRFLOW_CTX_DAG_RUN_ID='scheduled__2023-01-01T06:00:00+00:00'
[2025-07-24T16:57:14.601+0000] {python.py:201} INFO - Done. Returned value was: None
[2025-07-24T16:57:14.649+0000] {taskinstance.py:1138} INFO - Marking task as SUCCESS. dag_id=tune_stream_dag, task_id=Load_song_dim_table, execution_date=20230101T060000, start_date=20250724T165713, end_date=20250724T165714
[2025-07-24T16:57:14.789+0000] {local_task_job_runner.py:234} INFO - Task exited with return code 0
[2025-07-24T16:57:14.845+0000] {taskinstance.py:3280} INFO - 0 downstream tasks scheduled from follow-on schedule check
