[2025-07-24T15:54:52.392+0000] {taskinstance.py:1956} INFO - Dependencies all met for dep_context=non-requeueable deps ti=<TaskInstance: tune_stream_dag.Load_song_dim_table scheduled__2023-01-02T01:00:00+00:00 [queued]>
[2025-07-24T15:54:52.412+0000] {taskinstance.py:1956} INFO - Dependencies all met for dep_context=requeueable deps ti=<TaskInstance: tune_stream_dag.Load_song_dim_table scheduled__2023-01-02T01:00:00+00:00 [queued]>
[2025-07-24T15:54:52.413+0000] {taskinstance.py:2170} INFO - Starting attempt 1 of 4
[2025-07-24T15:54:52.441+0000] {taskinstance.py:2191} INFO - Executing <Task(PythonOperator): Load_song_dim_table> on 2023-01-02 01:00:00+00:00
[2025-07-24T15:54:52.451+0000] {standard_task_runner.py:60} INFO - Started process 1250 to run task
[2025-07-24T15:54:52.458+0000] {standard_task_runner.py:87} INFO - Running: ['***', 'tasks', 'run', 'tune_stream_dag', 'Load_song_dim_table', 'scheduled__2023-01-02T01:00:00+00:00', '--job-id', '1221', '--raw', '--subdir', 'DAGS_FOLDER/etl_pipeline.py', '--cfg-path', '/tmp/tmpuejaq1dm']
[2025-07-24T15:54:52.464+0000] {standard_task_runner.py:88} INFO - Job 1221: Subtask Load_song_dim_table
[2025-07-24T15:54:52.579+0000] {task_command.py:423} INFO - Running <TaskInstance: tune_stream_dag.Load_song_dim_table scheduled__2023-01-02T01:00:00+00:00 [running]> on host c53547d84df1
[2025-07-24T15:54:52.696+0000] {taskinstance.py:2480} INFO - Exporting env vars: AIRFLOW_CTX_DAG_OWNER='genz-legend' AIRFLOW_CTX_DAG_ID='tune_stream_dag' AIRFLOW_CTX_TASK_ID='Load_song_dim_table' AIRFLOW_CTX_EXECUTION_DATE='2023-01-02T01:00:00+00:00' AIRFLOW_CTX_TRY_NUMBER='1' AIRFLOW_CTX_DAG_RUN_ID='scheduled__2023-01-02T01:00:00+00:00'
[2025-07-24T15:54:52.713+0000] {python.py:201} INFO - Done. Returned value was: None
[2025-07-24T15:54:52.729+0000] {taskinstance.py:1138} INFO - Marking task as SUCCESS. dag_id=tune_stream_dag, task_id=Load_song_dim_table, execution_date=20230102T010000, start_date=20250724T155452, end_date=20250724T155452
[2025-07-24T15:54:52.793+0000] {local_task_job_runner.py:234} INFO - Task exited with return code 0
[2025-07-24T15:54:52.835+0000] {taskinstance.py:3280} INFO - 0 downstream tasks scheduled from follow-on schedule check
[2025-07-24T16:35:04.647+0000] {taskinstance.py:1956} INFO - Dependencies all met for dep_context=non-requeueable deps ti=<TaskInstance: tune_stream_dag.Load_song_dim_table scheduled__2023-01-02T01:00:00+00:00 [queued]>
[2025-07-24T16:35:04.726+0000] {taskinstance.py:1956} INFO - Dependencies all met for dep_context=requeueable deps ti=<TaskInstance: tune_stream_dag.Load_song_dim_table scheduled__2023-01-02T01:00:00+00:00 [queued]>
[2025-07-24T16:35:04.728+0000] {taskinstance.py:2170} INFO - Starting attempt 1 of 4
[2025-07-24T16:35:04.825+0000] {taskinstance.py:2191} INFO - Executing <Task(PythonOperator): Load_song_dim_table> on 2023-01-02 01:00:00+00:00
[2025-07-24T16:35:04.919+0000] {standard_task_runner.py:60} INFO - Started process 1346 to run task
[2025-07-24T16:35:04.988+0000] {standard_task_runner.py:87} INFO - Running: ['***', 'tasks', 'run', 'tune_stream_dag', 'Load_song_dim_table', 'scheduled__2023-01-02T01:00:00+00:00', '--job-id', '1651', '--raw', '--subdir', 'DAGS_FOLDER/etl_pipeline.py', '--cfg-path', '/tmp/tmprv4wloy5']
[2025-07-24T16:35:05.023+0000] {standard_task_runner.py:88} INFO - Job 1651: Subtask Load_song_dim_table
[2025-07-24T16:35:07.801+0000] {task_command.py:423} INFO - Running <TaskInstance: tune_stream_dag.Load_song_dim_table scheduled__2023-01-02T01:00:00+00:00 [running]> on host c53547d84df1
[2025-07-24T16:35:08.168+0000] {taskinstance.py:2480} INFO - Exporting env vars: AIRFLOW_CTX_DAG_OWNER='genz-legend' AIRFLOW_CTX_DAG_ID='tune_stream_dag' AIRFLOW_CTX_TASK_ID='Load_song_dim_table' AIRFLOW_CTX_EXECUTION_DATE='2023-01-02T01:00:00+00:00' AIRFLOW_CTX_TRY_NUMBER='1' AIRFLOW_CTX_DAG_RUN_ID='scheduled__2023-01-02T01:00:00+00:00'
[2025-07-24T16:35:08.635+0000] {python.py:201} INFO - Done. Returned value was: None
[2025-07-24T16:35:08.660+0000] {taskinstance.py:1138} INFO - Marking task as SUCCESS. dag_id=tune_stream_dag, task_id=Load_song_dim_table, execution_date=20230102T010000, start_date=20250724T163504, end_date=20250724T163508
[2025-07-24T16:35:08.897+0000] {local_task_job_runner.py:234} INFO - Task exited with return code 0
[2025-07-24T16:35:09.027+0000] {taskinstance.py:3280} INFO - 0 downstream tasks scheduled from follow-on schedule check
[2025-07-24T17:14:04.523+0000] {taskinstance.py:1956} INFO - Dependencies all met for dep_context=non-requeueable deps ti=<TaskInstance: tune_stream_dag.Load_song_dim_table scheduled__2023-01-02T01:00:00+00:00 [queued]>
[2025-07-24T17:14:04.639+0000] {taskinstance.py:1956} INFO - Dependencies all met for dep_context=requeueable deps ti=<TaskInstance: tune_stream_dag.Load_song_dim_table scheduled__2023-01-02T01:00:00+00:00 [queued]>
[2025-07-24T17:14:04.653+0000] {taskinstance.py:2170} INFO - Starting attempt 1 of 4
[2025-07-24T17:14:04.772+0000] {taskinstance.py:2191} INFO - Executing <Task(PythonOperator): Load_song_dim_table> on 2023-01-02 01:00:00+00:00
[2025-07-24T17:14:04.790+0000] {standard_task_runner.py:60} INFO - Started process 1339 to run task
[2025-07-24T17:14:04.809+0000] {standard_task_runner.py:87} INFO - Running: ['***', 'tasks', 'run', 'tune_stream_dag', 'Load_song_dim_table', 'scheduled__2023-01-02T01:00:00+00:00', '--job-id', '2048', '--raw', '--subdir', 'DAGS_FOLDER/etl_pipeline.py', '--cfg-path', '/tmp/tmp1pm3kee_']
[2025-07-24T17:14:04.822+0000] {standard_task_runner.py:88} INFO - Job 2048: Subtask Load_song_dim_table
[2025-07-24T17:14:05.112+0000] {task_command.py:423} INFO - Running <TaskInstance: tune_stream_dag.Load_song_dim_table scheduled__2023-01-02T01:00:00+00:00 [running]> on host 5def55d2a1b5
[2025-07-24T17:14:05.698+0000] {taskinstance.py:2480} INFO - Exporting env vars: AIRFLOW_CTX_DAG_OWNER='genz-legend' AIRFLOW_CTX_DAG_ID='tune_stream_dag' AIRFLOW_CTX_TASK_ID='Load_song_dim_table' AIRFLOW_CTX_EXECUTION_DATE='2023-01-02T01:00:00+00:00' AIRFLOW_CTX_TRY_NUMBER='1' AIRFLOW_CTX_DAG_RUN_ID='scheduled__2023-01-02T01:00:00+00:00'
[2025-07-24T17:14:05.905+0000] {python.py:201} INFO - Done. Returned value was: None
[2025-07-24T17:14:05.948+0000] {taskinstance.py:1138} INFO - Marking task as SUCCESS. dag_id=tune_stream_dag, task_id=Load_song_dim_table, execution_date=20230102T010000, start_date=20250724T171404, end_date=20250724T171405
[2025-07-24T17:14:06.116+0000] {local_task_job_runner.py:234} INFO - Task exited with return code 0
[2025-07-24T17:14:06.210+0000] {taskinstance.py:3280} INFO - 0 downstream tasks scheduled from follow-on schedule check
