[2025-07-24T15:32:09.984+0000] {taskinstance.py:1956} INFO - Dependencies all met for dep_context=non-requeueable deps ti=<TaskInstance: tune_stream_dag.Load_songplays_fact_table scheduled__2023-01-01T03:00:00+00:00 [queued]>
[2025-07-24T15:32:09.992+0000] {taskinstance.py:1956} INFO - Dependencies all met for dep_context=requeueable deps ti=<TaskInstance: tune_stream_dag.Load_songplays_fact_table scheduled__2023-01-01T03:00:00+00:00 [queued]>
[2025-07-24T15:32:09.993+0000] {taskinstance.py:2170} INFO - Starting attempt 1 of 4
[2025-07-24T15:32:10.079+0000] {taskinstance.py:2191} INFO - Executing <Task(PythonOperator): Load_songplays_fact_table> on 2023-01-01 03:00:00+00:00
[2025-07-24T15:32:10.099+0000] {standard_task_runner.py:60} INFO - Started process 243 to run task
[2025-07-24T15:32:10.315+0000] {standard_task_runner.py:87} INFO - Running: ['***', 'tasks', 'run', 'tune_stream_dag', 'Load_songplays_fact_table', 'scheduled__2023-01-01T03:00:00+00:00', '--job-id', '995', '--raw', '--subdir', 'DAGS_FOLDER/etl_pipeline.py', '--cfg-path', '/tmp/tmpbs6it5vj']
[2025-07-24T15:32:10.800+0000] {standard_task_runner.py:88} INFO - Job 995: Subtask Load_songplays_fact_table
[2025-07-24T15:32:11.397+0000] {task_command.py:423} INFO - Running <TaskInstance: tune_stream_dag.Load_songplays_fact_table scheduled__2023-01-01T03:00:00+00:00 [running]> on host c53547d84df1
[2025-07-24T15:32:11.906+0000] {taskinstance.py:2480} INFO - Exporting env vars: AIRFLOW_CTX_DAG_OWNER='genz-legend' AIRFLOW_CTX_DAG_ID='tune_stream_dag' AIRFLOW_CTX_TASK_ID='Load_songplays_fact_table' AIRFLOW_CTX_EXECUTION_DATE='2023-01-01T03:00:00+00:00' AIRFLOW_CTX_TRY_NUMBER='1' AIRFLOW_CTX_DAG_RUN_ID='scheduled__2023-01-01T03:00:00+00:00'
[2025-07-24T15:33:34.862+0000] {taskinstance.py:2698} ERROR - Task failed with exception
Traceback (most recent call last):
  File "/home/airflow/.local/lib/python3.8/site-packages/airflow/models/taskinstance.py", line 433, in _execute_task
    result = execute_callable(context=context, **execute_callable_kwargs)
  File "/home/airflow/.local/lib/python3.8/site-packages/airflow/operators/python.py", line 199, in execute
    return_value = self.execute_callable()
  File "/home/airflow/.local/lib/python3.8/site-packages/airflow/operators/python.py", line 216, in execute_callable
    return self.python_callable(*self.op_args, **self.op_kwargs)
  File "/opt/airflow/dags/etl_pipeline.py", line 173, in <lambda>
    python_callable=lambda: load_table(SqlQueries.songplay_table_insert, 'songplays'),
  File "/opt/airflow/dags/etl_pipeline.py", line 132, in load_table
    cur.execute(f"INSERT INTO {table} {query}")
psycopg2.errors.UniqueViolation: duplicate key value violates unique constraint "songplays_pkey"
DETAIL:  Key (playid)=(e30eb65b5ce5534fed9764a7996916ec) already exists.

[2025-07-24T15:33:35.031+0000] {taskinstance.py:1138} INFO - Marking task as UP_FOR_RETRY. dag_id=tune_stream_dag, task_id=Load_songplays_fact_table, execution_date=20230101T030000, start_date=20250724T153209, end_date=20250724T153335
[2025-07-24T15:33:35.132+0000] {standard_task_runner.py:107} ERROR - Failed to execute job 995 for task Load_songplays_fact_table (duplicate key value violates unique constraint "songplays_pkey"
DETAIL:  Key (playid)=(e30eb65b5ce5534fed9764a7996916ec) already exists.
; 243)
[2025-07-24T15:33:35.178+0000] {local_task_job_runner.py:234} INFO - Task exited with return code 1
[2025-07-24T15:33:35.266+0000] {taskinstance.py:3280} INFO - 0 downstream tasks scheduled from follow-on schedule check
[2025-07-24T16:16:18.119+0000] {taskinstance.py:1956} INFO - Dependencies all met for dep_context=non-requeueable deps ti=<TaskInstance: tune_stream_dag.Load_songplays_fact_table scheduled__2023-01-01T03:00:00+00:00 [queued]>
[2025-07-24T16:16:18.314+0000] {taskinstance.py:1956} INFO - Dependencies all met for dep_context=requeueable deps ti=<TaskInstance: tune_stream_dag.Load_songplays_fact_table scheduled__2023-01-01T03:00:00+00:00 [queued]>
[2025-07-24T16:16:18.316+0000] {taskinstance.py:2170} INFO - Starting attempt 1 of 4
[2025-07-24T16:16:18.442+0000] {taskinstance.py:2191} INFO - Executing <Task(PythonOperator): Load_songplays_fact_table> on 2023-01-01 03:00:00+00:00
[2025-07-24T16:16:18.454+0000] {standard_task_runner.py:60} INFO - Started process 304 to run task
[2025-07-24T16:16:18.458+0000] {standard_task_runner.py:87} INFO - Running: ['***', 'tasks', 'run', 'tune_stream_dag', 'Load_songplays_fact_table', 'scheduled__2023-01-01T03:00:00+00:00', '--job-id', '1396', '--raw', '--subdir', 'DAGS_FOLDER/etl_pipeline.py', '--cfg-path', '/tmp/tmpp9eivb84']
[2025-07-24T16:16:18.546+0000] {standard_task_runner.py:88} INFO - Job 1396: Subtask Load_songplays_fact_table
[2025-07-24T16:16:19.061+0000] {task_command.py:423} INFO - Running <TaskInstance: tune_stream_dag.Load_songplays_fact_table scheduled__2023-01-01T03:00:00+00:00 [running]> on host c53547d84df1
[2025-07-24T16:16:20.258+0000] {taskinstance.py:2480} INFO - Exporting env vars: AIRFLOW_CTX_DAG_OWNER='genz-legend' AIRFLOW_CTX_DAG_ID='tune_stream_dag' AIRFLOW_CTX_TASK_ID='Load_songplays_fact_table' AIRFLOW_CTX_EXECUTION_DATE='2023-01-01T03:00:00+00:00' AIRFLOW_CTX_TRY_NUMBER='1' AIRFLOW_CTX_DAG_RUN_ID='scheduled__2023-01-01T03:00:00+00:00'
[2025-07-24T16:17:23.310+0000] {python.py:201} INFO - Done. Returned value was: None
[2025-07-24T16:17:23.470+0000] {taskinstance.py:1138} INFO - Marking task as SUCCESS. dag_id=tune_stream_dag, task_id=Load_songplays_fact_table, execution_date=20230101T030000, start_date=20250724T161618, end_date=20250724T161723
[2025-07-24T16:17:23.574+0000] {local_task_job_runner.py:234} INFO - Task exited with return code 0
[2025-07-24T16:17:23.798+0000] {taskinstance.py:3280} INFO - 4 downstream tasks scheduled from follow-on schedule check
[2025-07-24T16:56:19.620+0000] {taskinstance.py:1956} INFO - Dependencies all met for dep_context=non-requeueable deps ti=<TaskInstance: tune_stream_dag.Load_songplays_fact_table scheduled__2023-01-01T03:00:00+00:00 [queued]>
[2025-07-24T16:56:19.719+0000] {taskinstance.py:1956} INFO - Dependencies all met for dep_context=requeueable deps ti=<TaskInstance: tune_stream_dag.Load_songplays_fact_table scheduled__2023-01-01T03:00:00+00:00 [queued]>
[2025-07-24T16:56:19.722+0000] {taskinstance.py:2170} INFO - Starting attempt 1 of 4
[2025-07-24T16:56:19.764+0000] {taskinstance.py:2191} INFO - Executing <Task(PythonOperator): Load_songplays_fact_table> on 2023-01-01 03:00:00+00:00
[2025-07-24T16:56:19.790+0000] {standard_task_runner.py:60} INFO - Started process 297 to run task
[2025-07-24T16:56:19.830+0000] {standard_task_runner.py:87} INFO - Running: ['***', 'tasks', 'run', 'tune_stream_dag', 'Load_songplays_fact_table', 'scheduled__2023-01-01T03:00:00+00:00', '--job-id', '1791', '--raw', '--subdir', 'DAGS_FOLDER/etl_pipeline.py', '--cfg-path', '/tmp/tmpn9kb5dpu']
[2025-07-24T16:56:19.845+0000] {standard_task_runner.py:88} INFO - Job 1791: Subtask Load_songplays_fact_table
[2025-07-24T16:56:20.196+0000] {task_command.py:423} INFO - Running <TaskInstance: tune_stream_dag.Load_songplays_fact_table scheduled__2023-01-01T03:00:00+00:00 [running]> on host 5def55d2a1b5
[2025-07-24T16:56:27.787+0000] {taskinstance.py:2480} INFO - Exporting env vars: AIRFLOW_CTX_DAG_OWNER='genz-legend' AIRFLOW_CTX_DAG_ID='tune_stream_dag' AIRFLOW_CTX_TASK_ID='Load_songplays_fact_table' AIRFLOW_CTX_EXECUTION_DATE='2023-01-01T03:00:00+00:00' AIRFLOW_CTX_TRY_NUMBER='1' AIRFLOW_CTX_DAG_RUN_ID='scheduled__2023-01-01T03:00:00+00:00'
[2025-07-24T16:56:39.263+0000] {python.py:201} INFO - Done. Returned value was: None
[2025-07-24T16:56:39.299+0000] {taskinstance.py:1138} INFO - Marking task as SUCCESS. dag_id=tune_stream_dag, task_id=Load_songplays_fact_table, execution_date=20230101T030000, start_date=20250724T165619, end_date=20250724T165639
[2025-07-24T16:56:39.351+0000] {local_task_job_runner.py:234} INFO - Task exited with return code 0
[2025-07-24T16:56:39.401+0000] {taskinstance.py:3280} INFO - 4 downstream tasks scheduled from follow-on schedule check
