[2025-07-24T14:30:02.966+0000] {taskinstance.py:1956} INFO - Dependencies all met for dep_context=non-requeueable deps ti=<TaskInstance: tune_stream_dag.Load_songplays_fact_table scheduled__2023-01-03T16:00:00+00:00 [queued]>
[2025-07-24T14:30:03.009+0000] {taskinstance.py:1956} INFO - Dependencies all met for dep_context=requeueable deps ti=<TaskInstance: tune_stream_dag.Load_songplays_fact_table scheduled__2023-01-03T16:00:00+00:00 [queued]>
[2025-07-24T14:30:03.012+0000] {taskinstance.py:2170} INFO - Starting attempt 1 of 4
[2025-07-24T14:30:03.068+0000] {taskinstance.py:2191} INFO - Executing <Task(PythonOperator): Load_songplays_fact_table> on 2023-01-03 16:00:00+00:00
[2025-07-24T14:30:03.108+0000] {standard_task_runner.py:60} INFO - Started process 904 to run task
[2025-07-24T14:30:03.133+0000] {standard_task_runner.py:87} INFO - Running: ['***', 'tasks', 'run', 'tune_stream_dag', 'Load_songplays_fact_table', 'scheduled__2023-01-03T16:00:00+00:00', '--job-id', '579', '--raw', '--subdir', 'DAGS_FOLDER/etl_pipeline.py', '--cfg-path', '/tmp/tmp952ik5oh']
[2025-07-24T14:30:03.138+0000] {standard_task_runner.py:88} INFO - Job 579: Subtask Load_songplays_fact_table
[2025-07-24T14:30:03.301+0000] {task_command.py:423} INFO - Running <TaskInstance: tune_stream_dag.Load_songplays_fact_table scheduled__2023-01-03T16:00:00+00:00 [running]> on host aea62fae55be
[2025-07-24T14:30:03.450+0000] {taskinstance.py:2480} INFO - Exporting env vars: AIRFLOW_CTX_DAG_OWNER='genz-legend' AIRFLOW_CTX_DAG_ID='tune_stream_dag' AIRFLOW_CTX_TASK_ID='Load_songplays_fact_table' AIRFLOW_CTX_EXECUTION_DATE='2023-01-03T16:00:00+00:00' AIRFLOW_CTX_TRY_NUMBER='1' AIRFLOW_CTX_DAG_RUN_ID='scheduled__2023-01-03T16:00:00+00:00'
[2025-07-24T14:30:03.465+0000] {taskinstance.py:2698} ERROR - Task failed with exception
Traceback (most recent call last):
  File "/home/airflow/.local/lib/python3.8/site-packages/airflow/models/taskinstance.py", line 433, in _execute_task
    result = execute_callable(context=context, **execute_callable_kwargs)
  File "/home/airflow/.local/lib/python3.8/site-packages/airflow/operators/python.py", line 199, in execute
    return_value = self.execute_callable()
  File "/home/airflow/.local/lib/python3.8/site-packages/airflow/operators/python.py", line 216, in execute_callable
    return self.python_callable(*self.op_args, **self.op_kwargs)
  File "/opt/airflow/dags/etl_pipeline.py", line 164, in <lambda>
    python_callable=lambda: load_table(SqlQueries.songplay_table_insert),
  File "/opt/airflow/dags/etl_pipeline.py", line 123, in load_table
    cur.execute(f"DELETE FROM {query.split()[3]}")
psycopg2.errors.SyntaxError: syntax error at or near ")"
LINE 1: DELETE FROM events.start_time)
                                     ^

[2025-07-24T14:30:03.493+0000] {taskinstance.py:1138} INFO - Marking task as UP_FOR_RETRY. dag_id=tune_stream_dag, task_id=Load_songplays_fact_table, execution_date=20230103T160000, start_date=20250724T143002, end_date=20250724T143003
[2025-07-24T14:30:03.513+0000] {standard_task_runner.py:107} ERROR - Failed to execute job 579 for task Load_songplays_fact_table (syntax error at or near ")"
LINE 1: DELETE FROM events.start_time)
                                     ^
; 904)
[2025-07-24T14:30:03.547+0000] {local_task_job_runner.py:234} INFO - Task exited with return code 1
[2025-07-24T14:30:04.620+0000] {taskinstance.py:3280} INFO - 0 downstream tasks scheduled from follow-on schedule check
[2025-07-24T17:27:58.139+0000] {taskinstance.py:1956} INFO - Dependencies all met for dep_context=non-requeueable deps ti=<TaskInstance: tune_stream_dag.Load_songplays_fact_table scheduled__2023-01-03T16:00:00+00:00 [queued]>
[2025-07-24T17:27:58.157+0000] {taskinstance.py:1956} INFO - Dependencies all met for dep_context=requeueable deps ti=<TaskInstance: tune_stream_dag.Load_songplays_fact_table scheduled__2023-01-03T16:00:00+00:00 [queued]>
[2025-07-24T17:27:58.158+0000] {taskinstance.py:2170} INFO - Starting attempt 1 of 4
[2025-07-24T17:27:58.179+0000] {taskinstance.py:2191} INFO - Executing <Task(PythonOperator): Load_songplays_fact_table> on 2023-01-03 16:00:00+00:00
[2025-07-24T17:27:58.193+0000] {standard_task_runner.py:60} INFO - Started process 2478 to run task
[2025-07-24T17:27:58.201+0000] {standard_task_runner.py:87} INFO - Running: ['***', 'tasks', 'run', 'tune_stream_dag', 'Load_songplays_fact_table', 'scheduled__2023-01-03T16:00:00+00:00', '--job-id', '2377', '--raw', '--subdir', 'DAGS_FOLDER/etl_pipeline.py', '--cfg-path', '/tmp/tmp0dx6m7x9']
[2025-07-24T17:27:58.208+0000] {standard_task_runner.py:88} INFO - Job 2377: Subtask Load_songplays_fact_table
[2025-07-24T17:27:58.464+0000] {task_command.py:423} INFO - Running <TaskInstance: tune_stream_dag.Load_songplays_fact_table scheduled__2023-01-03T16:00:00+00:00 [running]> on host 5def55d2a1b5
[2025-07-24T17:27:58.634+0000] {taskinstance.py:2480} INFO - Exporting env vars: AIRFLOW_CTX_DAG_OWNER='genz-legend' AIRFLOW_CTX_DAG_ID='tune_stream_dag' AIRFLOW_CTX_TASK_ID='Load_songplays_fact_table' AIRFLOW_CTX_EXECUTION_DATE='2023-01-03T16:00:00+00:00' AIRFLOW_CTX_TRY_NUMBER='1' AIRFLOW_CTX_DAG_RUN_ID='scheduled__2023-01-03T16:00:00+00:00'
[2025-07-24T17:28:26.908+0000] {python.py:201} INFO - Done. Returned value was: None
[2025-07-24T17:28:26.949+0000] {taskinstance.py:1138} INFO - Marking task as SUCCESS. dag_id=tune_stream_dag, task_id=Load_songplays_fact_table, execution_date=20230103T160000, start_date=20250724T172758, end_date=20250724T172826
[2025-07-24T17:28:28.461+0000] {local_task_job_runner.py:234} INFO - Task exited with return code 0
[2025-07-24T17:28:28.506+0000] {taskinstance.py:3280} INFO - 4 downstream tasks scheduled from follow-on schedule check
