[2025-07-22T10:20:46.853+0000] {taskinstance.py:1956} INFO - Dependencies all met for dep_context=non-requeueable deps ti=<TaskInstance: tune_stream_dag.Stage_events scheduled__2023-01-02T03:00:00+00:00 [queued]>
[2025-07-22T10:20:46.876+0000] {taskinstance.py:1956} INFO - Dependencies all met for dep_context=requeueable deps ti=<TaskInstance: tune_stream_dag.Stage_events scheduled__2023-01-02T03:00:00+00:00 [queued]>
[2025-07-22T10:20:46.878+0000] {taskinstance.py:2170} INFO - Starting attempt 1 of 4
[2025-07-22T10:20:46.906+0000] {taskinstance.py:2191} INFO - Executing <Task(PythonOperator): Stage_events> on 2023-01-02 03:00:00+00:00
[2025-07-22T10:20:46.927+0000] {standard_task_runner.py:60} INFO - Started process 151 to run task
[2025-07-22T10:20:46.946+0000] {standard_task_runner.py:87} INFO - Running: ['***', 'tasks', 'run', 'tune_stream_dag', 'Stage_events', 'scheduled__2023-01-02T03:00:00+00:00', '--job-id', '216', '--raw', '--subdir', 'DAGS_FOLDER/etl_pipeline.py', '--cfg-path', '/tmp/tmp6mx2_nu3']
[2025-07-22T10:20:46.958+0000] {standard_task_runner.py:88} INFO - Job 216: Subtask Stage_events
[2025-07-22T10:20:47.146+0000] {task_command.py:423} INFO - Running <TaskInstance: tune_stream_dag.Stage_events scheduled__2023-01-02T03:00:00+00:00 [running]> on host a2a13a541787
[2025-07-22T10:20:47.335+0000] {taskinstance.py:2480} INFO - Exporting env vars: AIRFLOW_CTX_DAG_OWNER='genz-legend' AIRFLOW_CTX_DAG_ID='tune_stream_dag' AIRFLOW_CTX_TASK_ID='Stage_events' AIRFLOW_CTX_EXECUTION_DATE='2023-01-02T03:00:00+00:00' AIRFLOW_CTX_TRY_NUMBER='1' AIRFLOW_CTX_DAG_RUN_ID='scheduled__2023-01-02T03:00:00+00:00'
[2025-07-22T10:20:47.372+0000] {taskinstance.py:2698} ERROR - Task failed with exception
Traceback (most recent call last):
  File "/home/airflow/.local/lib/python3.8/site-packages/airflow/models/taskinstance.py", line 433, in _execute_task
    result = execute_callable(context=context, **execute_callable_kwargs)
  File "/home/airflow/.local/lib/python3.8/site-packages/airflow/operators/python.py", line 199, in execute
    return_value = self.execute_callable()
  File "/home/airflow/.local/lib/python3.8/site-packages/airflow/operators/python.py", line 216, in execute_callable
    return self.python_callable(*self.op_args, **self.op_kwargs)
  File "/opt/airflow/dags/etl_pipeline.py", line 77, in stage_events
    data = json.load(f)
  File "/usr/local/lib/python3.8/json/__init__.py", line 293, in load
    return loads(fp.read(),
  File "/usr/local/lib/python3.8/json/__init__.py", line 357, in loads
    return _default_decoder.decode(s)
  File "/usr/local/lib/python3.8/json/decoder.py", line 340, in decode
    raise JSONDecodeError("Extra data", s, end)
json.decoder.JSONDecodeError: Extra data: line 2 column 1 (char 457)
[2025-07-22T10:20:47.432+0000] {taskinstance.py:1138} INFO - Marking task as UP_FOR_RETRY. dag_id=tune_stream_dag, task_id=Stage_events, execution_date=20230102T030000, start_date=20250722T102046, end_date=20250722T102047
[2025-07-22T10:20:47.457+0000] {standard_task_runner.py:107} ERROR - Failed to execute job 216 for task Stage_events (Extra data: line 2 column 1 (char 457); 151)
[2025-07-22T10:20:47.522+0000] {local_task_job_runner.py:234} INFO - Task exited with return code 1
[2025-07-22T10:20:47.581+0000] {taskinstance.py:3280} INFO - 0 downstream tasks scheduled from follow-on schedule check
[2025-07-24T15:59:16.879+0000] {taskinstance.py:1956} INFO - Dependencies all met for dep_context=non-requeueable deps ti=<TaskInstance: tune_stream_dag.Stage_events scheduled__2023-01-02T03:00:00+00:00 [queued]>
[2025-07-24T15:59:16.893+0000] {taskinstance.py:1956} INFO - Dependencies all met for dep_context=requeueable deps ti=<TaskInstance: tune_stream_dag.Stage_events scheduled__2023-01-02T03:00:00+00:00 [queued]>
[2025-07-24T15:59:16.895+0000] {taskinstance.py:2170} INFO - Starting attempt 1 of 4
[2025-07-24T15:59:16.929+0000] {taskinstance.py:2191} INFO - Executing <Task(PythonOperator): Stage_events> on 2023-01-02 03:00:00+00:00
[2025-07-24T15:59:16.943+0000] {standard_task_runner.py:60} INFO - Started process 1363 to run task
[2025-07-24T15:59:16.949+0000] {standard_task_runner.py:87} INFO - Running: ['***', 'tasks', 'run', 'tune_stream_dag', 'Stage_events', 'scheduled__2023-01-02T03:00:00+00:00', '--job-id', '1238', '--raw', '--subdir', 'DAGS_FOLDER/etl_pipeline.py', '--cfg-path', '/tmp/tmprvdca07a']
[2025-07-24T15:59:16.955+0000] {standard_task_runner.py:88} INFO - Job 1238: Subtask Stage_events
[2025-07-24T15:59:17.062+0000] {task_command.py:423} INFO - Running <TaskInstance: tune_stream_dag.Stage_events scheduled__2023-01-02T03:00:00+00:00 [running]> on host c53547d84df1
[2025-07-24T15:59:17.164+0000] {taskinstance.py:2480} INFO - Exporting env vars: AIRFLOW_CTX_DAG_OWNER='genz-legend' AIRFLOW_CTX_DAG_ID='tune_stream_dag' AIRFLOW_CTX_TASK_ID='Stage_events' AIRFLOW_CTX_EXECUTION_DATE='2023-01-02T03:00:00+00:00' AIRFLOW_CTX_TRY_NUMBER='1' AIRFLOW_CTX_DAG_RUN_ID='scheduled__2023-01-02T03:00:00+00:00'
[2025-07-24T15:59:21.392+0000] {python.py:201} INFO - Done. Returned value was: None
[2025-07-24T15:59:21.404+0000] {taskinstance.py:1138} INFO - Marking task as SUCCESS. dag_id=tune_stream_dag, task_id=Stage_events, execution_date=20230102T030000, start_date=20250724T155916, end_date=20250724T155921
[2025-07-24T15:59:21.460+0000] {local_task_job_runner.py:234} INFO - Task exited with return code 0
[2025-07-24T15:59:21.491+0000] {taskinstance.py:3280} INFO - 1 downstream tasks scheduled from follow-on schedule check
[2025-07-24T16:34:06.481+0000] {taskinstance.py:1956} INFO - Dependencies all met for dep_context=non-requeueable deps ti=<TaskInstance: tune_stream_dag.Stage_events scheduled__2023-01-02T03:00:00+00:00 [queued]>
[2025-07-24T16:34:06.502+0000] {taskinstance.py:1956} INFO - Dependencies all met for dep_context=requeueable deps ti=<TaskInstance: tune_stream_dag.Stage_events scheduled__2023-01-02T03:00:00+00:00 [queued]>
[2025-07-24T16:34:06.503+0000] {taskinstance.py:2170} INFO - Starting attempt 1 of 4
[2025-07-24T16:34:06.535+0000] {taskinstance.py:2191} INFO - Executing <Task(PythonOperator): Stage_events> on 2023-01-02 03:00:00+00:00
[2025-07-24T16:34:06.564+0000] {standard_task_runner.py:60} INFO - Started process 1178 to run task
[2025-07-24T16:34:06.570+0000] {standard_task_runner.py:87} INFO - Running: ['***', 'tasks', 'run', 'tune_stream_dag', 'Stage_events', 'scheduled__2023-01-02T03:00:00+00:00', '--job-id', '1603', '--raw', '--subdir', 'DAGS_FOLDER/etl_pipeline.py', '--cfg-path', '/tmp/tmpl8qzojkp']
[2025-07-24T16:34:06.581+0000] {standard_task_runner.py:88} INFO - Job 1603: Subtask Stage_events
[2025-07-24T16:34:06.888+0000] {task_command.py:423} INFO - Running <TaskInstance: tune_stream_dag.Stage_events scheduled__2023-01-02T03:00:00+00:00 [running]> on host c53547d84df1
[2025-07-24T16:34:07.201+0000] {taskinstance.py:2480} INFO - Exporting env vars: AIRFLOW_CTX_DAG_OWNER='genz-legend' AIRFLOW_CTX_DAG_ID='tune_stream_dag' AIRFLOW_CTX_TASK_ID='Stage_events' AIRFLOW_CTX_EXECUTION_DATE='2023-01-02T03:00:00+00:00' AIRFLOW_CTX_TRY_NUMBER='1' AIRFLOW_CTX_DAG_RUN_ID='scheduled__2023-01-02T03:00:00+00:00'
[2025-07-24T16:34:26.057+0000] {python.py:201} INFO - Done. Returned value was: None
[2025-07-24T16:34:26.151+0000] {taskinstance.py:1138} INFO - Marking task as SUCCESS. dag_id=tune_stream_dag, task_id=Stage_events, execution_date=20230102T030000, start_date=20250724T163406, end_date=20250724T163426
[2025-07-24T16:34:26.255+0000] {local_task_job_runner.py:234} INFO - Task exited with return code 0
[2025-07-24T16:34:26.367+0000] {taskinstance.py:3280} INFO - 1 downstream tasks scheduled from follow-on schedule check
[2025-07-24T17:13:11.297+0000] {taskinstance.py:1956} INFO - Dependencies all met for dep_context=non-requeueable deps ti=<TaskInstance: tune_stream_dag.Stage_events scheduled__2023-01-02T03:00:00+00:00 [queued]>
[2025-07-24T17:13:11.327+0000] {taskinstance.py:1956} INFO - Dependencies all met for dep_context=requeueable deps ti=<TaskInstance: tune_stream_dag.Stage_events scheduled__2023-01-02T03:00:00+00:00 [queued]>
[2025-07-24T17:13:11.329+0000] {taskinstance.py:2170} INFO - Starting attempt 1 of 4
[2025-07-24T17:13:11.366+0000] {taskinstance.py:2191} INFO - Executing <Task(PythonOperator): Stage_events> on 2023-01-02 03:00:00+00:00
[2025-07-24T17:13:11.398+0000] {standard_task_runner.py:60} INFO - Started process 1179 to run task
[2025-07-24T17:13:11.402+0000] {standard_task_runner.py:87} INFO - Running: ['***', 'tasks', 'run', 'tune_stream_dag', 'Stage_events', 'scheduled__2023-01-02T03:00:00+00:00', '--job-id', '2003', '--raw', '--subdir', 'DAGS_FOLDER/etl_pipeline.py', '--cfg-path', '/tmp/tmpw5z9uo2j']
[2025-07-24T17:13:11.409+0000] {standard_task_runner.py:88} INFO - Job 2003: Subtask Stage_events
[2025-07-24T17:13:11.604+0000] {task_command.py:423} INFO - Running <TaskInstance: tune_stream_dag.Stage_events scheduled__2023-01-02T03:00:00+00:00 [running]> on host 5def55d2a1b5
[2025-07-24T17:13:11.814+0000] {taskinstance.py:2480} INFO - Exporting env vars: AIRFLOW_CTX_DAG_OWNER='genz-legend' AIRFLOW_CTX_DAG_ID='tune_stream_dag' AIRFLOW_CTX_TASK_ID='Stage_events' AIRFLOW_CTX_EXECUTION_DATE='2023-01-02T03:00:00+00:00' AIRFLOW_CTX_TRY_NUMBER='1' AIRFLOW_CTX_DAG_RUN_ID='scheduled__2023-01-02T03:00:00+00:00'
[2025-07-24T17:13:29.062+0000] {python.py:201} INFO - Done. Returned value was: None
[2025-07-24T17:13:29.072+0000] {taskinstance.py:1138} INFO - Marking task as SUCCESS. dag_id=tune_stream_dag, task_id=Stage_events, execution_date=20230102T030000, start_date=20250724T171311, end_date=20250724T171329
[2025-07-24T17:13:29.108+0000] {local_task_job_runner.py:234} INFO - Task exited with return code 0
[2025-07-24T17:13:29.132+0000] {taskinstance.py:3280} INFO - 1 downstream tasks scheduled from follow-on schedule check
