[2025-07-24T16:34:42.309+0000] {taskinstance.py:1956} INFO - Dependencies all met for dep_context=non-requeueable deps ti=<TaskInstance: tune_stream_dag.Load_artist_dim_table scheduled__2023-01-01T18:00:00+00:00 [queued]>
[2025-07-24T16:34:42.328+0000] {taskinstance.py:1956} INFO - Dependencies all met for dep_context=requeueable deps ti=<TaskInstance: tune_stream_dag.Load_artist_dim_table scheduled__2023-01-01T18:00:00+00:00 [queued]>
[2025-07-24T16:34:42.329+0000] {taskinstance.py:2170} INFO - Starting attempt 1 of 4
[2025-07-24T16:34:42.545+0000] {taskinstance.py:2191} INFO - Executing <Task(PythonOperator): Load_artist_dim_table> on 2023-01-01 18:00:00+00:00
[2025-07-24T16:34:42.580+0000] {standard_task_runner.py:60} INFO - Started process 1274 to run task
[2025-07-24T16:34:42.614+0000] {standard_task_runner.py:87} INFO - Running: ['***', 'tasks', 'run', 'tune_stream_dag', 'Load_artist_dim_table', 'scheduled__2023-01-01T18:00:00+00:00', '--job-id', '1628', '--raw', '--subdir', 'DAGS_FOLDER/etl_pipeline.py', '--cfg-path', '/tmp/tmpkta94s8u']
[2025-07-24T16:34:42.669+0000] {standard_task_runner.py:88} INFO - Job 1628: Subtask Load_artist_dim_table
[2025-07-24T16:34:43.220+0000] {task_command.py:423} INFO - Running <TaskInstance: tune_stream_dag.Load_artist_dim_table scheduled__2023-01-01T18:00:00+00:00 [running]> on host c53547d84df1
[2025-07-24T16:34:45.184+0000] {taskinstance.py:2480} INFO - Exporting env vars: AIRFLOW_CTX_DAG_OWNER='genz-legend' AIRFLOW_CTX_DAG_ID='tune_stream_dag' AIRFLOW_CTX_TASK_ID='Load_artist_dim_table' AIRFLOW_CTX_EXECUTION_DATE='2023-01-01T18:00:00+00:00' AIRFLOW_CTX_TRY_NUMBER='1' AIRFLOW_CTX_DAG_RUN_ID='scheduled__2023-01-01T18:00:00+00:00'
[2025-07-24T16:34:46.658+0000] {python.py:201} INFO - Done. Returned value was: None
[2025-07-24T16:34:46.681+0000] {taskinstance.py:1138} INFO - Marking task as SUCCESS. dag_id=tune_stream_dag, task_id=Load_artist_dim_table, execution_date=20230101T180000, start_date=20250724T163442, end_date=20250724T163446
[2025-07-24T16:34:46.765+0000] {local_task_job_runner.py:234} INFO - Task exited with return code 0
[2025-07-24T16:34:46.865+0000] {taskinstance.py:3280} INFO - 0 downstream tasks scheduled from follow-on schedule check
[2025-07-24T17:12:55.479+0000] {taskinstance.py:1956} INFO - Dependencies all met for dep_context=non-requeueable deps ti=<TaskInstance: tune_stream_dag.Load_artist_dim_table scheduled__2023-01-01T18:00:00+00:00 [queued]>
[2025-07-24T17:12:55.543+0000] {taskinstance.py:1956} INFO - Dependencies all met for dep_context=requeueable deps ti=<TaskInstance: tune_stream_dag.Load_artist_dim_table scheduled__2023-01-01T18:00:00+00:00 [queued]>
[2025-07-24T17:12:55.545+0000] {taskinstance.py:2170} INFO - Starting attempt 1 of 4
[2025-07-24T17:12:55.591+0000] {taskinstance.py:2191} INFO - Executing <Task(PythonOperator): Load_artist_dim_table> on 2023-01-01 18:00:00+00:00
[2025-07-24T17:12:55.646+0000] {standard_task_runner.py:60} INFO - Started process 1137 to run task
[2025-07-24T17:12:55.692+0000] {standard_task_runner.py:87} INFO - Running: ['***', 'tasks', 'run', 'tune_stream_dag', 'Load_artist_dim_table', 'scheduled__2023-01-01T18:00:00+00:00', '--job-id', '1988', '--raw', '--subdir', 'DAGS_FOLDER/etl_pipeline.py', '--cfg-path', '/tmp/tmpgg9q0af8']
[2025-07-24T17:12:55.703+0000] {standard_task_runner.py:88} INFO - Job 1988: Subtask Load_artist_dim_table
[2025-07-24T17:12:56.907+0000] {task_command.py:423} INFO - Running <TaskInstance: tune_stream_dag.Load_artist_dim_table scheduled__2023-01-01T18:00:00+00:00 [running]> on host 5def55d2a1b5
[2025-07-24T17:12:57.799+0000] {taskinstance.py:2480} INFO - Exporting env vars: AIRFLOW_CTX_DAG_OWNER='genz-legend' AIRFLOW_CTX_DAG_ID='tune_stream_dag' AIRFLOW_CTX_TASK_ID='Load_artist_dim_table' AIRFLOW_CTX_EXECUTION_DATE='2023-01-01T18:00:00+00:00' AIRFLOW_CTX_TRY_NUMBER='1' AIRFLOW_CTX_DAG_RUN_ID='scheduled__2023-01-01T18:00:00+00:00'
[2025-07-24T17:13:01.673+0000] {python.py:201} INFO - Done. Returned value was: None
[2025-07-24T17:13:01.910+0000] {taskinstance.py:1138} INFO - Marking task as SUCCESS. dag_id=tune_stream_dag, task_id=Load_artist_dim_table, execution_date=20230101T180000, start_date=20250724T171255, end_date=20250724T171301
[2025-07-24T17:13:02.256+0000] {local_task_job_runner.py:234} INFO - Task exited with return code 0
[2025-07-24T17:13:02.384+0000] {taskinstance.py:3280} INFO - 0 downstream tasks scheduled from follow-on schedule check
