[2025-07-24T14:45:46.836+0000] {taskinstance.py:1956} INFO - Dependencies all met for dep_context=non-requeueable deps ti=<TaskInstance: tune_stream_dag.Stage_events scheduled__2023-01-04T09:00:00+00:00 [queued]>
[2025-07-24T14:45:46.866+0000] {taskinstance.py:1956} INFO - Dependencies all met for dep_context=requeueable deps ti=<TaskInstance: tune_stream_dag.Stage_events scheduled__2023-01-04T09:00:00+00:00 [queued]>
[2025-07-24T14:45:46.870+0000] {taskinstance.py:2170} INFO - Starting attempt 1 of 4
[2025-07-24T14:45:46.907+0000] {taskinstance.py:2191} INFO - Executing <Task(PythonOperator): Stage_events> on 2023-01-04 09:00:00+00:00
[2025-07-24T14:45:46.936+0000] {standard_task_runner.py:60} INFO - Started process 504 to run task
[2025-07-24T14:45:46.951+0000] {standard_task_runner.py:87} INFO - Running: ['***', 'tasks', 'run', 'tune_stream_dag', 'Stage_events', 'scheduled__2023-01-04T09:00:00+00:00', '--job-id', '668', '--raw', '--subdir', 'DAGS_FOLDER/etl_pipeline.py', '--cfg-path', '/tmp/tmpwr0317i6']
[2025-07-24T14:45:46.958+0000] {standard_task_runner.py:88} INFO - Job 668: Subtask Stage_events
[2025-07-24T14:45:47.174+0000] {task_command.py:423} INFO - Running <TaskInstance: tune_stream_dag.Stage_events scheduled__2023-01-04T09:00:00+00:00 [running]> on host aea62fae55be
[2025-07-24T14:45:47.420+0000] {taskinstance.py:2480} INFO - Exporting env vars: AIRFLOW_CTX_DAG_OWNER='genz-legend' AIRFLOW_CTX_DAG_ID='tune_stream_dag' AIRFLOW_CTX_TASK_ID='Stage_events' AIRFLOW_CTX_EXECUTION_DATE='2023-01-04T09:00:00+00:00' AIRFLOW_CTX_TRY_NUMBER='1' AIRFLOW_CTX_DAG_RUN_ID='scheduled__2023-01-04T09:00:00+00:00'
[2025-07-24T14:45:55.000+0000] {python.py:201} INFO - Done. Returned value was: None
[2025-07-24T14:45:55.035+0000] {taskinstance.py:1138} INFO - Marking task as SUCCESS. dag_id=tune_stream_dag, task_id=Stage_events, execution_date=20230104T090000, start_date=20250724T144546, end_date=20250724T144555
[2025-07-24T14:45:55.414+0000] {local_task_job_runner.py:234} INFO - Task exited with return code 0
[2025-07-24T14:45:55.490+0000] {taskinstance.py:3280} INFO - 1 downstream tasks scheduled from follow-on schedule check
[2025-07-24T17:29:48.854+0000] {taskinstance.py:1956} INFO - Dependencies all met for dep_context=non-requeueable deps ti=<TaskInstance: tune_stream_dag.Stage_events scheduled__2023-01-04T09:00:00+00:00 [queued]>
[2025-07-24T17:29:48.864+0000] {taskinstance.py:1956} INFO - Dependencies all met for dep_context=requeueable deps ti=<TaskInstance: tune_stream_dag.Stage_events scheduled__2023-01-04T09:00:00+00:00 [queued]>
[2025-07-24T17:29:48.864+0000] {taskinstance.py:2170} INFO - Starting attempt 1 of 4
[2025-07-24T17:29:48.940+0000] {taskinstance.py:2191} INFO - Executing <Task(PythonOperator): Stage_events> on 2023-01-04 09:00:00+00:00
[2025-07-24T17:29:48.964+0000] {standard_task_runner.py:60} INFO - Started process 2804 to run task
[2025-07-24T17:29:48.971+0000] {standard_task_runner.py:87} INFO - Running: ['***', 'tasks', 'run', 'tune_stream_dag', 'Stage_events', 'scheduled__2023-01-04T09:00:00+00:00', '--job-id', '2476', '--raw', '--subdir', 'DAGS_FOLDER/etl_pipeline.py', '--cfg-path', '/tmp/tmpsctkanbf']
[2025-07-24T17:29:48.980+0000] {standard_task_runner.py:88} INFO - Job 2476: Subtask Stage_events
[2025-07-24T17:29:49.162+0000] {task_command.py:423} INFO - Running <TaskInstance: tune_stream_dag.Stage_events scheduled__2023-01-04T09:00:00+00:00 [running]> on host 5def55d2a1b5
[2025-07-24T17:29:49.446+0000] {taskinstance.py:2480} INFO - Exporting env vars: AIRFLOW_CTX_DAG_OWNER='genz-legend' AIRFLOW_CTX_DAG_ID='tune_stream_dag' AIRFLOW_CTX_TASK_ID='Stage_events' AIRFLOW_CTX_EXECUTION_DATE='2023-01-04T09:00:00+00:00' AIRFLOW_CTX_TRY_NUMBER='1' AIRFLOW_CTX_DAG_RUN_ID='scheduled__2023-01-04T09:00:00+00:00'
[2025-07-24T17:30:17.202+0000] {python.py:201} INFO - Done. Returned value was: None
[2025-07-24T17:30:17.249+0000] {taskinstance.py:1138} INFO - Marking task as SUCCESS. dag_id=tune_stream_dag, task_id=Stage_events, execution_date=20230104T090000, start_date=20250724T172948, end_date=20250724T173017
[2025-07-24T17:30:17.357+0000] {local_task_job_runner.py:234} INFO - Task exited with return code 0
[2025-07-24T17:30:17.413+0000] {taskinstance.py:3280} INFO - 1 downstream tasks scheduled from follow-on schedule check
