[2025-07-24T15:59:30.640+0000] {taskinstance.py:1956} INFO - Dependencies all met for dep_context=non-requeueable deps ti=<TaskInstance: tune_stream_dag.Load_artist_dim_table scheduled__2023-01-02T05:00:00+00:00 [queued]>
[2025-07-24T15:59:30.660+0000] {taskinstance.py:1956} INFO - Dependencies all met for dep_context=requeueable deps ti=<TaskInstance: tune_stream_dag.Load_artist_dim_table scheduled__2023-01-02T05:00:00+00:00 [queued]>
[2025-07-24T15:59:30.668+0000] {taskinstance.py:2170} INFO - Starting attempt 1 of 4
[2025-07-24T15:59:30.688+0000] {taskinstance.py:2191} INFO - Executing <Task(PythonOperator): Load_artist_dim_table> on 2023-01-02 05:00:00+00:00
[2025-07-24T15:59:30.697+0000] {standard_task_runner.py:60} INFO - Started process 1418 to run task
[2025-07-24T15:59:30.702+0000] {standard_task_runner.py:87} INFO - Running: ['***', 'tasks', 'run', 'tune_stream_dag', 'Load_artist_dim_table', 'scheduled__2023-01-02T05:00:00+00:00', '--job-id', '1253', '--raw', '--subdir', 'DAGS_FOLDER/etl_pipeline.py', '--cfg-path', '/tmp/tmpgibf8okf']
[2025-07-24T15:59:30.712+0000] {standard_task_runner.py:88} INFO - Job 1253: Subtask Load_artist_dim_table
[2025-07-24T15:59:30.789+0000] {task_command.py:423} INFO - Running <TaskInstance: tune_stream_dag.Load_artist_dim_table scheduled__2023-01-02T05:00:00+00:00 [running]> on host c53547d84df1
[2025-07-24T15:59:30.864+0000] {taskinstance.py:2480} INFO - Exporting env vars: AIRFLOW_CTX_DAG_OWNER='genz-legend' AIRFLOW_CTX_DAG_ID='tune_stream_dag' AIRFLOW_CTX_TASK_ID='Load_artist_dim_table' AIRFLOW_CTX_EXECUTION_DATE='2023-01-02T05:00:00+00:00' AIRFLOW_CTX_TRY_NUMBER='1' AIRFLOW_CTX_DAG_RUN_ID='scheduled__2023-01-02T05:00:00+00:00'
[2025-07-24T15:59:30.875+0000] {python.py:201} INFO - Done. Returned value was: None
[2025-07-24T15:59:30.884+0000] {taskinstance.py:1138} INFO - Marking task as SUCCESS. dag_id=tune_stream_dag, task_id=Load_artist_dim_table, execution_date=20230102T050000, start_date=20250724T155930, end_date=20250724T155930
[2025-07-24T15:59:30.915+0000] {local_task_job_runner.py:234} INFO - Task exited with return code 0
[2025-07-24T15:59:30.952+0000] {taskinstance.py:3280} INFO - 0 downstream tasks scheduled from follow-on schedule check
[2025-07-24T16:35:15.810+0000] {taskinstance.py:1956} INFO - Dependencies all met for dep_context=non-requeueable deps ti=<TaskInstance: tune_stream_dag.Load_artist_dim_table scheduled__2023-01-02T05:00:00+00:00 [queued]>
[2025-07-24T16:35:15.862+0000] {taskinstance.py:1956} INFO - Dependencies all met for dep_context=requeueable deps ti=<TaskInstance: tune_stream_dag.Load_artist_dim_table scheduled__2023-01-02T05:00:00+00:00 [queued]>
[2025-07-24T16:35:15.885+0000] {taskinstance.py:2170} INFO - Starting attempt 1 of 4
[2025-07-24T16:35:15.964+0000] {taskinstance.py:2191} INFO - Executing <Task(PythonOperator): Load_artist_dim_table> on 2023-01-02 05:00:00+00:00
[2025-07-24T16:35:15.972+0000] {standard_task_runner.py:60} INFO - Started process 1388 to run task
[2025-07-24T16:35:15.980+0000] {standard_task_runner.py:87} INFO - Running: ['***', 'tasks', 'run', 'tune_stream_dag', 'Load_artist_dim_table', 'scheduled__2023-01-02T05:00:00+00:00', '--job-id', '1668', '--raw', '--subdir', 'DAGS_FOLDER/etl_pipeline.py', '--cfg-path', '/tmp/tmpa1_ig2_z']
[2025-07-24T16:35:15.984+0000] {standard_task_runner.py:88} INFO - Job 1668: Subtask Load_artist_dim_table
[2025-07-24T16:35:16.156+0000] {task_command.py:423} INFO - Running <TaskInstance: tune_stream_dag.Load_artist_dim_table scheduled__2023-01-02T05:00:00+00:00 [running]> on host c53547d84df1
[2025-07-24T16:35:16.985+0000] {taskinstance.py:2480} INFO - Exporting env vars: AIRFLOW_CTX_DAG_OWNER='genz-legend' AIRFLOW_CTX_DAG_ID='tune_stream_dag' AIRFLOW_CTX_TASK_ID='Load_artist_dim_table' AIRFLOW_CTX_EXECUTION_DATE='2023-01-02T05:00:00+00:00' AIRFLOW_CTX_TRY_NUMBER='1' AIRFLOW_CTX_DAG_RUN_ID='scheduled__2023-01-02T05:00:00+00:00'
[2025-07-24T16:35:17.263+0000] {python.py:201} INFO - Done. Returned value was: None
[2025-07-24T16:35:17.287+0000] {taskinstance.py:1138} INFO - Marking task as SUCCESS. dag_id=tune_stream_dag, task_id=Load_artist_dim_table, execution_date=20230102T050000, start_date=20250724T163515, end_date=20250724T163517
[2025-07-24T16:35:17.436+0000] {local_task_job_runner.py:234} INFO - Task exited with return code 0
[2025-07-24T16:35:17.567+0000] {taskinstance.py:3280} INFO - 0 downstream tasks scheduled from follow-on schedule check
[2025-07-24T17:14:10.459+0000] {taskinstance.py:1956} INFO - Dependencies all met for dep_context=non-requeueable deps ti=<TaskInstance: tune_stream_dag.Load_artist_dim_table scheduled__2023-01-02T05:00:00+00:00 [queued]>
[2025-07-24T17:14:10.480+0000] {taskinstance.py:1956} INFO - Dependencies all met for dep_context=requeueable deps ti=<TaskInstance: tune_stream_dag.Load_artist_dim_table scheduled__2023-01-02T05:00:00+00:00 [queued]>
[2025-07-24T17:14:10.481+0000] {taskinstance.py:2170} INFO - Starting attempt 1 of 4
[2025-07-24T17:14:10.914+0000] {taskinstance.py:2191} INFO - Executing <Task(PythonOperator): Load_artist_dim_table> on 2023-01-02 05:00:00+00:00
[2025-07-24T17:14:10.937+0000] {standard_task_runner.py:60} INFO - Started process 1363 to run task
[2025-07-24T17:14:10.946+0000] {standard_task_runner.py:87} INFO - Running: ['***', 'tasks', 'run', 'tune_stream_dag', 'Load_artist_dim_table', 'scheduled__2023-01-02T05:00:00+00:00', '--job-id', '2059', '--raw', '--subdir', 'DAGS_FOLDER/etl_pipeline.py', '--cfg-path', '/tmp/tmpy2ptqa1v']
[2025-07-24T17:14:10.964+0000] {standard_task_runner.py:88} INFO - Job 2059: Subtask Load_artist_dim_table
[2025-07-24T17:14:11.299+0000] {task_command.py:423} INFO - Running <TaskInstance: tune_stream_dag.Load_artist_dim_table scheduled__2023-01-02T05:00:00+00:00 [running]> on host 5def55d2a1b5
[2025-07-24T17:14:12.392+0000] {taskinstance.py:2480} INFO - Exporting env vars: AIRFLOW_CTX_DAG_OWNER='genz-legend' AIRFLOW_CTX_DAG_ID='tune_stream_dag' AIRFLOW_CTX_TASK_ID='Load_artist_dim_table' AIRFLOW_CTX_EXECUTION_DATE='2023-01-02T05:00:00+00:00' AIRFLOW_CTX_TRY_NUMBER='1' AIRFLOW_CTX_DAG_RUN_ID='scheduled__2023-01-02T05:00:00+00:00'
[2025-07-24T17:14:12.435+0000] {python.py:201} INFO - Done. Returned value was: None
[2025-07-24T17:14:12.469+0000] {taskinstance.py:1138} INFO - Marking task as SUCCESS. dag_id=tune_stream_dag, task_id=Load_artist_dim_table, execution_date=20230102T050000, start_date=20250724T171410, end_date=20250724T171412
[2025-07-24T17:14:12.592+0000] {local_task_job_runner.py:234} INFO - Task exited with return code 0
[2025-07-24T17:14:12.703+0000] {taskinstance.py:3280} INFO - 0 downstream tasks scheduled from follow-on schedule check
