[2025-07-24T14:13:58.412+0000] {taskinstance.py:1956} INFO - Dependencies all met for dep_context=non-requeueable deps ti=<TaskInstance: tune_stream_dag.Stage_songs scheduled__2023-01-03T02:00:00+00:00 [queued]>
[2025-07-24T14:13:58.499+0000] {taskinstance.py:1956} INFO - Dependencies all met for dep_context=requeueable deps ti=<TaskInstance: tune_stream_dag.Stage_songs scheduled__2023-01-03T02:00:00+00:00 [queued]>
[2025-07-24T14:13:58.501+0000] {taskinstance.py:2170} INFO - Starting attempt 1 of 4
[2025-07-24T14:13:58.624+0000] {taskinstance.py:2191} INFO - Executing <Task(PythonOperator): Stage_songs> on 2023-01-03 02:00:00+00:00
[2025-07-24T14:13:58.749+0000] {standard_task_runner.py:60} INFO - Started process 331 to run task
[2025-07-24T14:13:58.774+0000] {standard_task_runner.py:87} INFO - Running: ['***', 'tasks', 'run', 'tune_stream_dag', 'Stage_songs', 'scheduled__2023-01-03T02:00:00+00:00', '--job-id', '466', '--raw', '--subdir', 'DAGS_FOLDER/etl_pipeline.py', '--cfg-path', '/tmp/tmpw_9_bm9n']
[2025-07-24T14:13:58.801+0000] {standard_task_runner.py:88} INFO - Job 466: Subtask Stage_songs
[2025-07-24T14:13:59.734+0000] {task_command.py:423} INFO - Running <TaskInstance: tune_stream_dag.Stage_songs scheduled__2023-01-03T02:00:00+00:00 [running]> on host aea62fae55be
[2025-07-24T14:14:00.253+0000] {taskinstance.py:2480} INFO - Exporting env vars: AIRFLOW_CTX_DAG_OWNER='genz-legend' AIRFLOW_CTX_DAG_ID='tune_stream_dag' AIRFLOW_CTX_TASK_ID='Stage_songs' AIRFLOW_CTX_EXECUTION_DATE='2023-01-03T02:00:00+00:00' AIRFLOW_CTX_TRY_NUMBER='1' AIRFLOW_CTX_DAG_RUN_ID='scheduled__2023-01-03T02:00:00+00:00'
[2025-07-24T14:14:02.810+0000] {python.py:201} INFO - Done. Returned value was: None
[2025-07-24T14:14:02.890+0000] {taskinstance.py:1138} INFO - Marking task as SUCCESS. dag_id=tune_stream_dag, task_id=Stage_songs, execution_date=20230103T020000, start_date=20250724T141358, end_date=20250724T141402
[2025-07-24T14:14:03.004+0000] {local_task_job_runner.py:234} INFO - Task exited with return code 0
[2025-07-24T14:14:03.198+0000] {taskinstance.py:3280} INFO - 0 downstream tasks scheduled from follow-on schedule check
[2025-07-24T17:23:08.635+0000] {taskinstance.py:1956} INFO - Dependencies all met for dep_context=non-requeueable deps ti=<TaskInstance: tune_stream_dag.Stage_songs scheduled__2023-01-03T02:00:00+00:00 [queued]>
[2025-07-24T17:23:08.768+0000] {taskinstance.py:1956} INFO - Dependencies all met for dep_context=requeueable deps ti=<TaskInstance: tune_stream_dag.Stage_songs scheduled__2023-01-03T02:00:00+00:00 [queued]>
[2025-07-24T17:23:08.770+0000] {taskinstance.py:2170} INFO - Starting attempt 1 of 4
[2025-07-24T17:23:08.834+0000] {taskinstance.py:2191} INFO - Executing <Task(PythonOperator): Stage_songs> on 2023-01-03 02:00:00+00:00
[2025-07-24T17:23:08.952+0000] {standard_task_runner.py:60} INFO - Started process 1972 to run task
[2025-07-24T17:23:09.176+0000] {standard_task_runner.py:87} INFO - Running: ['***', 'tasks', 'run', 'tune_stream_dag', 'Stage_songs', 'scheduled__2023-01-03T02:00:00+00:00', '--job-id', '2223', '--raw', '--subdir', 'DAGS_FOLDER/etl_pipeline.py', '--cfg-path', '/tmp/tmp185i3num']
[2025-07-24T17:23:09.472+0000] {standard_task_runner.py:88} INFO - Job 2223: Subtask Stage_songs
[2025-07-24T17:23:10.509+0000] {task_command.py:423} INFO - Running <TaskInstance: tune_stream_dag.Stage_songs scheduled__2023-01-03T02:00:00+00:00 [running]> on host 5def55d2a1b5
[2025-07-24T17:23:11.576+0000] {taskinstance.py:2480} INFO - Exporting env vars: AIRFLOW_CTX_DAG_OWNER='genz-legend' AIRFLOW_CTX_DAG_ID='tune_stream_dag' AIRFLOW_CTX_TASK_ID='Stage_songs' AIRFLOW_CTX_EXECUTION_DATE='2023-01-03T02:00:00+00:00' AIRFLOW_CTX_TRY_NUMBER='1' AIRFLOW_CTX_DAG_RUN_ID='scheduled__2023-01-03T02:00:00+00:00'
[2025-07-24T17:23:21.763+0000] {python.py:201} INFO - Done. Returned value was: None
[2025-07-24T17:23:21.848+0000] {taskinstance.py:1138} INFO - Marking task as SUCCESS. dag_id=tune_stream_dag, task_id=Stage_songs, execution_date=20230103T020000, start_date=20250724T172308, end_date=20250724T172321
[2025-07-24T17:23:21.951+0000] {local_task_job_runner.py:234} INFO - Task exited with return code 0
[2025-07-24T17:23:22.041+0000] {taskinstance.py:3280} INFO - 0 downstream tasks scheduled from follow-on schedule check
