[2025-07-24T15:31:44.991+0000] {taskinstance.py:1956} INFO - Dependencies all met for dep_context=non-requeueable deps ti=<TaskInstance: tune_stream_dag.Load_songplays_fact_table scheduled__2023-01-01T01:00:00+00:00 [queued]>
[2025-07-24T15:31:45.106+0000] {taskinstance.py:1956} INFO - Dependencies all met for dep_context=requeueable deps ti=<TaskInstance: tune_stream_dag.Load_songplays_fact_table scheduled__2023-01-01T01:00:00+00:00 [queued]>
[2025-07-24T15:31:45.107+0000] {taskinstance.py:2170} INFO - Starting attempt 1 of 4
[2025-07-24T15:31:50.670+0000] {taskinstance.py:2191} INFO - Executing <Task(PythonOperator): Load_songplays_fact_table> on 2023-01-01 01:00:00+00:00
[2025-07-24T15:31:50.689+0000] {standard_task_runner.py:60} INFO - Started process 228 to run task
[2025-07-24T15:31:50.740+0000] {standard_task_runner.py:87} INFO - Running: ['***', 'tasks', 'run', 'tune_stream_dag', 'Load_songplays_fact_table', 'scheduled__2023-01-01T01:00:00+00:00', '--job-id', '993', '--raw', '--subdir', 'DAGS_FOLDER/etl_pipeline.py', '--cfg-path', '/tmp/tmpwxrajtos']
[2025-07-24T15:31:51.694+0000] {standard_task_runner.py:88} INFO - Job 993: Subtask Load_songplays_fact_table
[2025-07-24T15:31:52.945+0000] {task_command.py:423} INFO - Running <TaskInstance: tune_stream_dag.Load_songplays_fact_table scheduled__2023-01-01T01:00:00+00:00 [running]> on host c53547d84df1
[2025-07-24T15:32:07.781+0000] {taskinstance.py:2480} INFO - Exporting env vars: AIRFLOW_CTX_DAG_OWNER='genz-legend' AIRFLOW_CTX_DAG_ID='tune_stream_dag' AIRFLOW_CTX_TASK_ID='Load_songplays_fact_table' AIRFLOW_CTX_EXECUTION_DATE='2023-01-01T01:00:00+00:00' AIRFLOW_CTX_TRY_NUMBER='1' AIRFLOW_CTX_DAG_RUN_ID='scheduled__2023-01-01T01:00:00+00:00'
[2025-07-24T15:33:34.871+0000] {taskinstance.py:2698} ERROR - Task failed with exception
Traceback (most recent call last):
  File "/home/airflow/.local/lib/python3.8/site-packages/airflow/models/taskinstance.py", line 433, in _execute_task
    result = execute_callable(context=context, **execute_callable_kwargs)
  File "/home/airflow/.local/lib/python3.8/site-packages/airflow/operators/python.py", line 199, in execute
    return_value = self.execute_callable()
  File "/home/airflow/.local/lib/python3.8/site-packages/airflow/operators/python.py", line 216, in execute_callable
    return self.python_callable(*self.op_args, **self.op_kwargs)
  File "/opt/airflow/dags/etl_pipeline.py", line 173, in <lambda>
    python_callable=lambda: load_table(SqlQueries.songplay_table_insert, 'songplays'),
  File "/opt/airflow/dags/etl_pipeline.py", line 132, in load_table
    cur.execute(f"INSERT INTO {table} {query}")
psycopg2.errors.UniqueViolation: duplicate key value violates unique constraint "songplays_pkey"
DETAIL:  Key (playid)=(e30eb65b5ce5534fed9764a7996916ec) already exists.

[2025-07-24T15:33:35.220+0000] {taskinstance.py:1138} INFO - Marking task as UP_FOR_RETRY. dag_id=tune_stream_dag, task_id=Load_songplays_fact_table, execution_date=20230101T010000, start_date=20250724T153145, end_date=20250724T153335
[2025-07-24T15:33:35.511+0000] {standard_task_runner.py:107} ERROR - Failed to execute job 993 for task Load_songplays_fact_table (duplicate key value violates unique constraint "songplays_pkey"
DETAIL:  Key (playid)=(e30eb65b5ce5534fed9764a7996916ec) already exists.
; 228)
[2025-07-24T15:33:35.782+0000] {local_task_job_runner.py:234} INFO - Task exited with return code 1
[2025-07-24T15:33:35.883+0000] {taskinstance.py:3280} INFO - 0 downstream tasks scheduled from follow-on schedule check
[2025-07-24T16:15:50.289+0000] {taskinstance.py:1956} INFO - Dependencies all met for dep_context=non-requeueable deps ti=<TaskInstance: tune_stream_dag.Load_songplays_fact_table scheduled__2023-01-01T01:00:00+00:00 [queued]>
[2025-07-24T16:15:50.463+0000] {taskinstance.py:1956} INFO - Dependencies all met for dep_context=requeueable deps ti=<TaskInstance: tune_stream_dag.Load_songplays_fact_table scheduled__2023-01-01T01:00:00+00:00 [queued]>
[2025-07-24T16:15:50.464+0000] {taskinstance.py:2170} INFO - Starting attempt 1 of 4
[2025-07-24T16:15:50.672+0000] {taskinstance.py:2191} INFO - Executing <Task(PythonOperator): Load_songplays_fact_table> on 2023-01-01 01:00:00+00:00
[2025-07-24T16:15:50.687+0000] {standard_task_runner.py:60} INFO - Started process 280 to run task
[2025-07-24T16:15:50.941+0000] {standard_task_runner.py:87} INFO - Running: ['***', 'tasks', 'run', 'tune_stream_dag', 'Load_songplays_fact_table', 'scheduled__2023-01-01T01:00:00+00:00', '--job-id', '1393', '--raw', '--subdir', 'DAGS_FOLDER/etl_pipeline.py', '--cfg-path', '/tmp/tmpqwalizha']
[2025-07-24T16:15:50.980+0000] {standard_task_runner.py:88} INFO - Job 1393: Subtask Load_songplays_fact_table
[2025-07-24T16:15:56.496+0000] {task_command.py:423} INFO - Running <TaskInstance: tune_stream_dag.Load_songplays_fact_table scheduled__2023-01-01T01:00:00+00:00 [running]> on host c53547d84df1
[2025-07-24T16:15:58.314+0000] {taskinstance.py:2480} INFO - Exporting env vars: AIRFLOW_CTX_DAG_OWNER='genz-legend' AIRFLOW_CTX_DAG_ID='tune_stream_dag' AIRFLOW_CTX_TASK_ID='Load_songplays_fact_table' AIRFLOW_CTX_EXECUTION_DATE='2023-01-01T01:00:00+00:00' AIRFLOW_CTX_TRY_NUMBER='1' AIRFLOW_CTX_DAG_RUN_ID='scheduled__2023-01-01T01:00:00+00:00'
[2025-07-24T16:17:22.964+0000] {python.py:201} INFO - Done. Returned value was: None
[2025-07-24T16:17:23.020+0000] {taskinstance.py:1138} INFO - Marking task as SUCCESS. dag_id=tune_stream_dag, task_id=Load_songplays_fact_table, execution_date=20230101T010000, start_date=20250724T161550, end_date=20250724T161723
[2025-07-24T16:17:23.184+0000] {local_task_job_runner.py:234} INFO - Task exited with return code 0
[2025-07-24T16:17:23.273+0000] {taskinstance.py:3280} INFO - 4 downstream tasks scheduled from follow-on schedule check
[2025-07-24T16:56:05.174+0000] {taskinstance.py:1956} INFO - Dependencies all met for dep_context=non-requeueable deps ti=<TaskInstance: tune_stream_dag.Load_songplays_fact_table scheduled__2023-01-01T01:00:00+00:00 [queued]>
[2025-07-24T16:56:05.296+0000] {taskinstance.py:1956} INFO - Dependencies all met for dep_context=requeueable deps ti=<TaskInstance: tune_stream_dag.Load_songplays_fact_table scheduled__2023-01-01T01:00:00+00:00 [queued]>
[2025-07-24T16:56:05.297+0000] {taskinstance.py:2170} INFO - Starting attempt 1 of 4
[2025-07-24T16:56:05.418+0000] {taskinstance.py:2191} INFO - Executing <Task(PythonOperator): Load_songplays_fact_table> on 2023-01-01 01:00:00+00:00
[2025-07-24T16:56:05.450+0000] {standard_task_runner.py:60} INFO - Started process 281 to run task
[2025-07-24T16:56:05.464+0000] {standard_task_runner.py:87} INFO - Running: ['***', 'tasks', 'run', 'tune_stream_dag', 'Load_songplays_fact_table', 'scheduled__2023-01-01T01:00:00+00:00', '--job-id', '1787', '--raw', '--subdir', 'DAGS_FOLDER/etl_pipeline.py', '--cfg-path', '/tmp/tmpn65ni6jc']
[2025-07-24T16:56:05.480+0000] {standard_task_runner.py:88} INFO - Job 1787: Subtask Load_songplays_fact_table
[2025-07-24T16:56:05.628+0000] {task_command.py:423} INFO - Running <TaskInstance: tune_stream_dag.Load_songplays_fact_table scheduled__2023-01-01T01:00:00+00:00 [running]> on host 5def55d2a1b5
[2025-07-24T16:56:06.342+0000] {taskinstance.py:2480} INFO - Exporting env vars: AIRFLOW_CTX_DAG_OWNER='genz-legend' AIRFLOW_CTX_DAG_ID='tune_stream_dag' AIRFLOW_CTX_TASK_ID='Load_songplays_fact_table' AIRFLOW_CTX_EXECUTION_DATE='2023-01-01T01:00:00+00:00' AIRFLOW_CTX_TRY_NUMBER='1' AIRFLOW_CTX_DAG_RUN_ID='scheduled__2023-01-01T01:00:00+00:00'
[2025-07-24T16:56:37.324+0000] {python.py:201} INFO - Done. Returned value was: None
[2025-07-24T16:56:37.408+0000] {taskinstance.py:1138} INFO - Marking task as SUCCESS. dag_id=tune_stream_dag, task_id=Load_songplays_fact_table, execution_date=20230101T010000, start_date=20250724T165605, end_date=20250724T165637
[2025-07-24T16:56:37.693+0000] {local_task_job_runner.py:234} INFO - Task exited with return code 0
[2025-07-24T16:56:38.170+0000] {taskinstance.py:3280} INFO - 0 downstream tasks scheduled from follow-on schedule check
