[2025-07-24T14:13:47.383+0000] {taskinstance.py:1956} INFO - Dependencies all met for dep_context=non-requeueable deps ti=<TaskInstance: tune_stream_dag.Stage_songs scheduled__2023-01-02T21:00:00+00:00 [queued]>
[2025-07-24T14:13:47.412+0000] {taskinstance.py:1956} INFO - Dependencies all met for dep_context=requeueable deps ti=<TaskInstance: tune_stream_dag.Stage_songs scheduled__2023-01-02T21:00:00+00:00 [queued]>
[2025-07-24T14:13:47.413+0000] {taskinstance.py:2170} INFO - Starting attempt 1 of 4
[2025-07-24T14:13:47.446+0000] {taskinstance.py:2191} INFO - Executing <Task(PythonOperator): Stage_songs> on 2023-01-02 21:00:00+00:00
[2025-07-24T14:13:47.463+0000] {standard_task_runner.py:60} INFO - Started process 284 to run task
[2025-07-24T14:13:47.474+0000] {standard_task_runner.py:87} INFO - Running: ['***', 'tasks', 'run', 'tune_stream_dag', 'Stage_songs', 'scheduled__2023-01-02T21:00:00+00:00', '--job-id', '454', '--raw', '--subdir', 'DAGS_FOLDER/etl_pipeline.py', '--cfg-path', '/tmp/tmp7687a_bv']
[2025-07-24T14:13:47.482+0000] {standard_task_runner.py:88} INFO - Job 454: Subtask Stage_songs
[2025-07-24T14:13:47.585+0000] {task_command.py:423} INFO - Running <TaskInstance: tune_stream_dag.Stage_songs scheduled__2023-01-02T21:00:00+00:00 [running]> on host aea62fae55be
[2025-07-24T14:13:47.713+0000] {taskinstance.py:2480} INFO - Exporting env vars: AIRFLOW_CTX_DAG_OWNER='genz-legend' AIRFLOW_CTX_DAG_ID='tune_stream_dag' AIRFLOW_CTX_TASK_ID='Stage_songs' AIRFLOW_CTX_EXECUTION_DATE='2023-01-02T21:00:00+00:00' AIRFLOW_CTX_TRY_NUMBER='1' AIRFLOW_CTX_DAG_RUN_ID='scheduled__2023-01-02T21:00:00+00:00'
[2025-07-24T14:13:48.555+0000] {python.py:201} INFO - Done. Returned value was: None
[2025-07-24T14:13:48.573+0000] {taskinstance.py:1138} INFO - Marking task as SUCCESS. dag_id=tune_stream_dag, task_id=Stage_songs, execution_date=20230102T210000, start_date=20250724T141347, end_date=20250724T141348
[2025-07-24T14:13:48.696+0000] {local_task_job_runner.py:234} INFO - Task exited with return code 0
[2025-07-24T14:13:48.745+0000] {taskinstance.py:3280} INFO - 0 downstream tasks scheduled from follow-on schedule check
[2025-07-24T17:21:19.242+0000] {taskinstance.py:1956} INFO - Dependencies all met for dep_context=non-requeueable deps ti=<TaskInstance: tune_stream_dag.Stage_songs scheduled__2023-01-02T21:00:00+00:00 [queued]>
[2025-07-24T17:21:19.255+0000] {taskinstance.py:1956} INFO - Dependencies all met for dep_context=requeueable deps ti=<TaskInstance: tune_stream_dag.Stage_songs scheduled__2023-01-02T21:00:00+00:00 [queued]>
[2025-07-24T17:21:19.256+0000] {taskinstance.py:2170} INFO - Starting attempt 1 of 4
[2025-07-24T17:21:19.299+0000] {taskinstance.py:2191} INFO - Executing <Task(PythonOperator): Stage_songs> on 2023-01-02 21:00:00+00:00
[2025-07-24T17:21:19.342+0000] {standard_task_runner.py:60} INFO - Started process 1892 to run task
[2025-07-24T17:21:19.361+0000] {standard_task_runner.py:87} INFO - Running: ['***', 'tasks', 'run', 'tune_stream_dag', 'Stage_songs', 'scheduled__2023-01-02T21:00:00+00:00', '--job-id', '2202', '--raw', '--subdir', 'DAGS_FOLDER/etl_pipeline.py', '--cfg-path', '/tmp/tmp0ye1aqfg']
[2025-07-24T17:21:19.381+0000] {standard_task_runner.py:88} INFO - Job 2202: Subtask Stage_songs
[2025-07-24T17:21:19.562+0000] {task_command.py:423} INFO - Running <TaskInstance: tune_stream_dag.Stage_songs scheduled__2023-01-02T21:00:00+00:00 [running]> on host 5def55d2a1b5
[2025-07-24T17:21:20.058+0000] {taskinstance.py:2480} INFO - Exporting env vars: AIRFLOW_CTX_DAG_OWNER='genz-legend' AIRFLOW_CTX_DAG_ID='tune_stream_dag' AIRFLOW_CTX_TASK_ID='Stage_songs' AIRFLOW_CTX_EXECUTION_DATE='2023-01-02T21:00:00+00:00' AIRFLOW_CTX_TRY_NUMBER='1' AIRFLOW_CTX_DAG_RUN_ID='scheduled__2023-01-02T21:00:00+00:00'
[2025-07-24T17:21:31.183+0000] {python.py:201} INFO - Done. Returned value was: None
[2025-07-24T17:21:31.198+0000] {taskinstance.py:1138} INFO - Marking task as SUCCESS. dag_id=tune_stream_dag, task_id=Stage_songs, execution_date=20230102T210000, start_date=20250724T172119, end_date=20250724T172131
[2025-07-24T17:22:19.357+0000] {local_task_job_runner.py:234} INFO - Task exited with return code 0
[2025-07-24T17:22:32.779+0000] {taskinstance.py:3280} INFO - 0 downstream tasks scheduled from follow-on schedule check
