[2025-07-24T13:53:26.219+0000] {taskinstance.py:1956} INFO - Dependencies all met for dep_context=non-requeueable deps ti=<TaskInstance: tune_stream_dag.Stage_songs scheduled__2023-01-02T18:00:00+00:00 [queued]>
[2025-07-24T13:53:26.257+0000] {taskinstance.py:1956} INFO - Dependencies all met for dep_context=requeueable deps ti=<TaskInstance: tune_stream_dag.Stage_songs scheduled__2023-01-02T18:00:00+00:00 [queued]>
[2025-07-24T13:53:26.262+0000] {taskinstance.py:2170} INFO - Starting attempt 1 of 4
[2025-07-24T13:53:26.379+0000] {taskinstance.py:2191} INFO - Executing <Task(PythonOperator): Stage_songs> on 2023-01-02 18:00:00+00:00
[2025-07-24T13:53:26.410+0000] {standard_task_runner.py:60} INFO - Started process 516 to run task
[2025-07-24T13:53:26.456+0000] {standard_task_runner.py:87} INFO - Running: ['***', 'tasks', 'run', 'tune_stream_dag', 'Stage_songs', 'scheduled__2023-01-02T18:00:00+00:00', '--job-id', '382', '--raw', '--subdir', 'DAGS_FOLDER/etl_pipeline.py', '--cfg-path', '/tmp/tmpx5o76ru4']
[2025-07-24T13:53:26.479+0000] {standard_task_runner.py:88} INFO - Job 382: Subtask Stage_songs
[2025-07-24T13:53:27.121+0000] {task_command.py:423} INFO - Running <TaskInstance: tune_stream_dag.Stage_songs scheduled__2023-01-02T18:00:00+00:00 [running]> on host a4bcda7cb679
[2025-07-24T13:53:27.441+0000] {taskinstance.py:2480} INFO - Exporting env vars: AIRFLOW_CTX_DAG_OWNER='genz-legend' AIRFLOW_CTX_DAG_ID='tune_stream_dag' AIRFLOW_CTX_TASK_ID='Stage_songs' AIRFLOW_CTX_EXECUTION_DATE='2023-01-02T18:00:00+00:00' AIRFLOW_CTX_TRY_NUMBER='1' AIRFLOW_CTX_DAG_RUN_ID='scheduled__2023-01-02T18:00:00+00:00'
[2025-07-24T13:53:29.897+0000] {python.py:201} INFO - Done. Returned value was: None
[2025-07-24T13:53:29.956+0000] {taskinstance.py:1138} INFO - Marking task as SUCCESS. dag_id=tune_stream_dag, task_id=Stage_songs, execution_date=20230102T180000, start_date=20250724T135326, end_date=20250724T135329
[2025-07-24T13:53:30.090+0000] {local_task_job_runner.py:234} INFO - Task exited with return code 0
[2025-07-24T13:53:30.690+0000] {taskinstance.py:3280} INFO - 0 downstream tasks scheduled from follow-on schedule check
[2025-07-24T17:18:44.383+0000] {taskinstance.py:1956} INFO - Dependencies all met for dep_context=non-requeueable deps ti=<TaskInstance: tune_stream_dag.Stage_songs scheduled__2023-01-02T18:00:00+00:00 [queued]>
[2025-07-24T17:18:44.394+0000] {taskinstance.py:1956} INFO - Dependencies all met for dep_context=requeueable deps ti=<TaskInstance: tune_stream_dag.Stage_songs scheduled__2023-01-02T18:00:00+00:00 [queued]>
[2025-07-24T17:18:44.395+0000] {taskinstance.py:2170} INFO - Starting attempt 1 of 4
[2025-07-24T17:18:44.412+0000] {taskinstance.py:2191} INFO - Executing <Task(PythonOperator): Stage_songs> on 2023-01-02 18:00:00+00:00
[2025-07-24T17:18:44.420+0000] {standard_task_runner.py:60} INFO - Started process 1716 to run task
[2025-07-24T17:18:44.425+0000] {standard_task_runner.py:87} INFO - Running: ['***', 'tasks', 'run', 'tune_stream_dag', 'Stage_songs', 'scheduled__2023-01-02T18:00:00+00:00', '--job-id', '2155', '--raw', '--subdir', 'DAGS_FOLDER/etl_pipeline.py', '--cfg-path', '/tmp/tmpi8e1kaca']
[2025-07-24T17:18:44.428+0000] {standard_task_runner.py:88} INFO - Job 2155: Subtask Stage_songs
[2025-07-24T17:18:44.495+0000] {task_command.py:423} INFO - Running <TaskInstance: tune_stream_dag.Stage_songs scheduled__2023-01-02T18:00:00+00:00 [running]> on host 5def55d2a1b5
[2025-07-24T17:18:44.577+0000] {taskinstance.py:2480} INFO - Exporting env vars: AIRFLOW_CTX_DAG_OWNER='genz-legend' AIRFLOW_CTX_DAG_ID='tune_stream_dag' AIRFLOW_CTX_TASK_ID='Stage_songs' AIRFLOW_CTX_EXECUTION_DATE='2023-01-02T18:00:00+00:00' AIRFLOW_CTX_TRY_NUMBER='1' AIRFLOW_CTX_DAG_RUN_ID='scheduled__2023-01-02T18:00:00+00:00'
[2025-07-24T17:18:45.180+0000] {python.py:201} INFO - Done. Returned value was: None
[2025-07-24T17:18:45.192+0000] {taskinstance.py:1138} INFO - Marking task as SUCCESS. dag_id=tune_stream_dag, task_id=Stage_songs, execution_date=20230102T180000, start_date=20250724T171844, end_date=20250724T171845
[2025-07-24T17:18:45.239+0000] {local_task_job_runner.py:234} INFO - Task exited with return code 0
[2025-07-24T17:18:45.269+0000] {taskinstance.py:3280} INFO - 0 downstream tasks scheduled from follow-on schedule check
