[2025-07-24T15:33:43.410+0000] {taskinstance.py:1956} INFO - Dependencies all met for dep_context=non-requeueable deps ti=<TaskInstance: tune_stream_dag.Load_song_dim_table scheduled__2023-01-01T00:00:00+00:00 [queued]>
[2025-07-24T15:33:43.442+0000] {taskinstance.py:1956} INFO - Dependencies all met for dep_context=requeueable deps ti=<TaskInstance: tune_stream_dag.Load_song_dim_table scheduled__2023-01-01T00:00:00+00:00 [queued]>
[2025-07-24T15:33:43.445+0000] {taskinstance.py:2170} INFO - Starting attempt 1 of 4
[2025-07-24T15:33:43.500+0000] {taskinstance.py:2191} INFO - Executing <Task(PythonOperator): Load_song_dim_table> on 2023-01-01 00:00:00+00:00
[2025-07-24T15:33:43.520+0000] {standard_task_runner.py:60} INFO - Started process 312 to run task
[2025-07-24T15:33:43.530+0000] {standard_task_runner.py:87} INFO - Running: ['***', 'tasks', 'run', 'tune_stream_dag', 'Load_song_dim_table', 'scheduled__2023-01-01T00:00:00+00:00', '--job-id', '1007', '--raw', '--subdir', 'DAGS_FOLDER/etl_pipeline.py', '--cfg-path', '/tmp/tmpjwl3610_']
[2025-07-24T15:33:43.541+0000] {standard_task_runner.py:88} INFO - Job 1007: Subtask Load_song_dim_table
[2025-07-24T15:33:43.764+0000] {task_command.py:423} INFO - Running <TaskInstance: tune_stream_dag.Load_song_dim_table scheduled__2023-01-01T00:00:00+00:00 [running]> on host c53547d84df1
[2025-07-24T15:33:44.322+0000] {taskinstance.py:2480} INFO - Exporting env vars: AIRFLOW_CTX_DAG_OWNER='genz-legend' AIRFLOW_CTX_DAG_ID='tune_stream_dag' AIRFLOW_CTX_TASK_ID='Load_song_dim_table' AIRFLOW_CTX_EXECUTION_DATE='2023-01-01T00:00:00+00:00' AIRFLOW_CTX_TRY_NUMBER='1' AIRFLOW_CTX_DAG_RUN_ID='scheduled__2023-01-01T00:00:00+00:00'
[2025-07-24T15:33:44.390+0000] {python.py:201} INFO - Done. Returned value was: None
[2025-07-24T15:33:44.427+0000] {taskinstance.py:1138} INFO - Marking task as SUCCESS. dag_id=tune_stream_dag, task_id=Load_song_dim_table, execution_date=20230101T000000, start_date=20250724T153343, end_date=20250724T153344
[2025-07-24T15:33:44.525+0000] {local_task_job_runner.py:234} INFO - Task exited with return code 0
[2025-07-24T15:33:44.560+0000] {taskinstance.py:3280} INFO - 0 downstream tasks scheduled from follow-on schedule check
[2025-07-24T16:18:01.259+0000] {taskinstance.py:1956} INFO - Dependencies all met for dep_context=non-requeueable deps ti=<TaskInstance: tune_stream_dag.Load_song_dim_table scheduled__2023-01-01T00:00:00+00:00 [queued]>
[2025-07-24T16:18:01.307+0000] {taskinstance.py:1956} INFO - Dependencies all met for dep_context=requeueable deps ti=<TaskInstance: tune_stream_dag.Load_song_dim_table scheduled__2023-01-01T00:00:00+00:00 [queued]>
[2025-07-24T16:18:01.309+0000] {taskinstance.py:2170} INFO - Starting attempt 1 of 4
[2025-07-24T16:18:01.437+0000] {taskinstance.py:2191} INFO - Executing <Task(PythonOperator): Load_song_dim_table> on 2023-01-01 00:00:00+00:00
[2025-07-24T16:18:01.463+0000] {standard_task_runner.py:60} INFO - Started process 439 to run task
[2025-07-24T16:18:01.472+0000] {standard_task_runner.py:87} INFO - Running: ['***', 'tasks', 'run', 'tune_stream_dag', 'Load_song_dim_table', 'scheduled__2023-01-01T00:00:00+00:00', '--job-id', '1435', '--raw', '--subdir', 'DAGS_FOLDER/etl_pipeline.py', '--cfg-path', '/tmp/tmpcg2z53tb']
[2025-07-24T16:18:01.480+0000] {standard_task_runner.py:88} INFO - Job 1435: Subtask Load_song_dim_table
[2025-07-24T16:18:01.609+0000] {task_command.py:423} INFO - Running <TaskInstance: tune_stream_dag.Load_song_dim_table scheduled__2023-01-01T00:00:00+00:00 [running]> on host c53547d84df1
[2025-07-24T16:18:01.821+0000] {taskinstance.py:2480} INFO - Exporting env vars: AIRFLOW_CTX_DAG_OWNER='genz-legend' AIRFLOW_CTX_DAG_ID='tune_stream_dag' AIRFLOW_CTX_TASK_ID='Load_song_dim_table' AIRFLOW_CTX_EXECUTION_DATE='2023-01-01T00:00:00+00:00' AIRFLOW_CTX_TRY_NUMBER='1' AIRFLOW_CTX_DAG_RUN_ID='scheduled__2023-01-01T00:00:00+00:00'
[2025-07-24T16:18:02.032+0000] {python.py:201} INFO - Done. Returned value was: None
[2025-07-24T16:18:02.056+0000] {taskinstance.py:1138} INFO - Marking task as SUCCESS. dag_id=tune_stream_dag, task_id=Load_song_dim_table, execution_date=20230101T000000, start_date=20250724T161801, end_date=20250724T161802
[2025-07-24T16:18:02.105+0000] {local_task_job_runner.py:234} INFO - Task exited with return code 0
[2025-07-24T16:18:02.318+0000] {taskinstance.py:3280} INFO - 0 downstream tasks scheduled from follow-on schedule check
[2025-07-24T16:56:53.550+0000] {taskinstance.py:1956} INFO - Dependencies all met for dep_context=non-requeueable deps ti=<TaskInstance: tune_stream_dag.Load_song_dim_table scheduled__2023-01-01T00:00:00+00:00 [queued]>
[2025-07-24T16:56:53.597+0000] {taskinstance.py:1956} INFO - Dependencies all met for dep_context=requeueable deps ti=<TaskInstance: tune_stream_dag.Load_song_dim_table scheduled__2023-01-01T00:00:00+00:00 [queued]>
[2025-07-24T16:56:53.603+0000] {taskinstance.py:2170} INFO - Starting attempt 1 of 4
[2025-07-24T16:56:53.667+0000] {taskinstance.py:2191} INFO - Executing <Task(PythonOperator): Load_song_dim_table> on 2023-01-01 00:00:00+00:00
[2025-07-24T16:56:53.686+0000] {standard_task_runner.py:60} INFO - Started process 349 to run task
[2025-07-24T16:56:53.690+0000] {standard_task_runner.py:87} INFO - Running: ['***', 'tasks', 'run', 'tune_stream_dag', 'Load_song_dim_table', 'scheduled__2023-01-01T00:00:00+00:00', '--job-id', '1799', '--raw', '--subdir', 'DAGS_FOLDER/etl_pipeline.py', '--cfg-path', '/tmp/tmpkvt8_6l7']
[2025-07-24T16:56:53.700+0000] {standard_task_runner.py:88} INFO - Job 1799: Subtask Load_song_dim_table
[2025-07-24T16:56:53.899+0000] {task_command.py:423} INFO - Running <TaskInstance: tune_stream_dag.Load_song_dim_table scheduled__2023-01-01T00:00:00+00:00 [running]> on host 5def55d2a1b5
[2025-07-24T16:56:54.249+0000] {taskinstance.py:2480} INFO - Exporting env vars: AIRFLOW_CTX_DAG_OWNER='genz-legend' AIRFLOW_CTX_DAG_ID='tune_stream_dag' AIRFLOW_CTX_TASK_ID='Load_song_dim_table' AIRFLOW_CTX_EXECUTION_DATE='2023-01-01T00:00:00+00:00' AIRFLOW_CTX_TRY_NUMBER='1' AIRFLOW_CTX_DAG_RUN_ID='scheduled__2023-01-01T00:00:00+00:00'
[2025-07-24T16:56:54.350+0000] {python.py:201} INFO - Done. Returned value was: None
[2025-07-24T16:56:54.379+0000] {taskinstance.py:1138} INFO - Marking task as SUCCESS. dag_id=tune_stream_dag, task_id=Load_song_dim_table, execution_date=20230101T000000, start_date=20250724T165653, end_date=20250724T165654
[2025-07-24T16:56:54.435+0000] {local_task_job_runner.py:234} INFO - Task exited with return code 0
[2025-07-24T16:56:54.468+0000] {taskinstance.py:3280} INFO - 0 downstream tasks scheduled from follow-on schedule check
