[2025-07-24T15:49:42.378+0000] {taskinstance.py:1956} INFO - Dependencies all met for dep_context=non-requeueable deps ti=<TaskInstance: tune_stream_dag.Load_song_dim_table scheduled__2023-01-01T21:00:00+00:00 [queued]>
[2025-07-24T15:49:42.389+0000] {taskinstance.py:1956} INFO - Dependencies all met for dep_context=requeueable deps ti=<TaskInstance: tune_stream_dag.Load_song_dim_table scheduled__2023-01-01T21:00:00+00:00 [queued]>
[2025-07-24T15:49:42.390+0000] {taskinstance.py:2170} INFO - Starting attempt 1 of 4
[2025-07-24T15:49:42.407+0000] {taskinstance.py:2191} INFO - Executing <Task(PythonOperator): Load_song_dim_table> on 2023-01-01 21:00:00+00:00
[2025-07-24T15:49:42.414+0000] {standard_task_runner.py:60} INFO - Started process 1029 to run task
[2025-07-24T15:49:42.417+0000] {standard_task_runner.py:87} INFO - Running: ['***', 'tasks', 'run', 'tune_stream_dag', 'Load_song_dim_table', 'scheduled__2023-01-01T21:00:00+00:00', '--job-id', '1176', '--raw', '--subdir', 'DAGS_FOLDER/etl_pipeline.py', '--cfg-path', '/tmp/tmps5jbvzy7']
[2025-07-24T15:49:42.421+0000] {standard_task_runner.py:88} INFO - Job 1176: Subtask Load_song_dim_table
[2025-07-24T15:49:42.491+0000] {task_command.py:423} INFO - Running <TaskInstance: tune_stream_dag.Load_song_dim_table scheduled__2023-01-01T21:00:00+00:00 [running]> on host c53547d84df1
[2025-07-24T15:49:42.582+0000] {taskinstance.py:2480} INFO - Exporting env vars: AIRFLOW_CTX_DAG_OWNER='genz-legend' AIRFLOW_CTX_DAG_ID='tune_stream_dag' AIRFLOW_CTX_TASK_ID='Load_song_dim_table' AIRFLOW_CTX_EXECUTION_DATE='2023-01-01T21:00:00+00:00' AIRFLOW_CTX_TRY_NUMBER='1' AIRFLOW_CTX_DAG_RUN_ID='scheduled__2023-01-01T21:00:00+00:00'
[2025-07-24T15:49:42.592+0000] {python.py:201} INFO - Done. Returned value was: None
[2025-07-24T15:49:42.605+0000] {taskinstance.py:1138} INFO - Marking task as SUCCESS. dag_id=tune_stream_dag, task_id=Load_song_dim_table, execution_date=20230101T210000, start_date=20250724T154942, end_date=20250724T154942
[2025-07-24T15:49:42.632+0000] {local_task_job_runner.py:234} INFO - Task exited with return code 0
[2025-07-24T15:49:42.659+0000] {taskinstance.py:3280} INFO - 0 downstream tasks scheduled from follow-on schedule check
[2025-07-24T16:34:48.958+0000] {taskinstance.py:1956} INFO - Dependencies all met for dep_context=non-requeueable deps ti=<TaskInstance: tune_stream_dag.Load_song_dim_table scheduled__2023-01-01T21:00:00+00:00 [queued]>
[2025-07-24T16:34:49.007+0000] {taskinstance.py:1956} INFO - Dependencies all met for dep_context=requeueable deps ti=<TaskInstance: tune_stream_dag.Load_song_dim_table scheduled__2023-01-01T21:00:00+00:00 [queued]>
[2025-07-24T16:34:49.008+0000] {taskinstance.py:2170} INFO - Starting attempt 1 of 4
[2025-07-24T16:34:49.068+0000] {taskinstance.py:2191} INFO - Executing <Task(PythonOperator): Load_song_dim_table> on 2023-01-01 21:00:00+00:00
[2025-07-24T16:34:49.086+0000] {standard_task_runner.py:60} INFO - Started process 1291 to run task
[2025-07-24T16:34:49.092+0000] {standard_task_runner.py:87} INFO - Running: ['***', 'tasks', 'run', 'tune_stream_dag', 'Load_song_dim_table', 'scheduled__2023-01-01T21:00:00+00:00', '--job-id', '1633', '--raw', '--subdir', 'DAGS_FOLDER/etl_pipeline.py', '--cfg-path', '/tmp/tmpjaogmk9p']
[2025-07-24T16:34:49.097+0000] {standard_task_runner.py:88} INFO - Job 1633: Subtask Load_song_dim_table
[2025-07-24T16:34:49.278+0000] {task_command.py:423} INFO - Running <TaskInstance: tune_stream_dag.Load_song_dim_table scheduled__2023-01-01T21:00:00+00:00 [running]> on host c53547d84df1
[2025-07-24T16:34:49.499+0000] {taskinstance.py:2480} INFO - Exporting env vars: AIRFLOW_CTX_DAG_OWNER='genz-legend' AIRFLOW_CTX_DAG_ID='tune_stream_dag' AIRFLOW_CTX_TASK_ID='Load_song_dim_table' AIRFLOW_CTX_EXECUTION_DATE='2023-01-01T21:00:00+00:00' AIRFLOW_CTX_TRY_NUMBER='1' AIRFLOW_CTX_DAG_RUN_ID='scheduled__2023-01-01T21:00:00+00:00'
[2025-07-24T16:34:49.692+0000] {python.py:201} INFO - Done. Returned value was: None
[2025-07-24T16:34:49.744+0000] {taskinstance.py:1138} INFO - Marking task as SUCCESS. dag_id=tune_stream_dag, task_id=Load_song_dim_table, execution_date=20230101T210000, start_date=20250724T163448, end_date=20250724T163449
[2025-07-24T16:34:49.934+0000] {local_task_job_runner.py:234} INFO - Task exited with return code 0
[2025-07-24T16:34:50.052+0000] {taskinstance.py:3280} INFO - 0 downstream tasks scheduled from follow-on schedule check
[2025-07-24T17:13:42.674+0000] {taskinstance.py:1956} INFO - Dependencies all met for dep_context=non-requeueable deps ti=<TaskInstance: tune_stream_dag.Load_song_dim_table scheduled__2023-01-01T21:00:00+00:00 [queued]>
[2025-07-24T17:13:42.822+0000] {taskinstance.py:1956} INFO - Dependencies all met for dep_context=requeueable deps ti=<TaskInstance: tune_stream_dag.Load_song_dim_table scheduled__2023-01-01T21:00:00+00:00 [queued]>
[2025-07-24T17:13:42.883+0000] {taskinstance.py:2170} INFO - Starting attempt 1 of 4
[2025-07-24T17:13:43.013+0000] {taskinstance.py:2191} INFO - Executing <Task(PythonOperator): Load_song_dim_table> on 2023-01-01 21:00:00+00:00
[2025-07-24T17:13:43.102+0000] {standard_task_runner.py:60} INFO - Started process 1282 to run task
[2025-07-24T17:13:43.201+0000] {standard_task_runner.py:87} INFO - Running: ['***', 'tasks', 'run', 'tune_stream_dag', 'Load_song_dim_table', 'scheduled__2023-01-01T21:00:00+00:00', '--job-id', '2030', '--raw', '--subdir', 'DAGS_FOLDER/etl_pipeline.py', '--cfg-path', '/tmp/tmp46s_7flo']
[2025-07-24T17:13:43.230+0000] {standard_task_runner.py:88} INFO - Job 2030: Subtask Load_song_dim_table
[2025-07-24T17:13:43.683+0000] {task_command.py:423} INFO - Running <TaskInstance: tune_stream_dag.Load_song_dim_table scheduled__2023-01-01T21:00:00+00:00 [running]> on host 5def55d2a1b5
[2025-07-24T17:13:44.014+0000] {taskinstance.py:2480} INFO - Exporting env vars: AIRFLOW_CTX_DAG_OWNER='genz-legend' AIRFLOW_CTX_DAG_ID='tune_stream_dag' AIRFLOW_CTX_TASK_ID='Load_song_dim_table' AIRFLOW_CTX_EXECUTION_DATE='2023-01-01T21:00:00+00:00' AIRFLOW_CTX_TRY_NUMBER='1' AIRFLOW_CTX_DAG_RUN_ID='scheduled__2023-01-01T21:00:00+00:00'
[2025-07-24T17:13:44.098+0000] {python.py:201} INFO - Done. Returned value was: None
[2025-07-24T17:13:44.183+0000] {taskinstance.py:1138} INFO - Marking task as SUCCESS. dag_id=tune_stream_dag, task_id=Load_song_dim_table, execution_date=20230101T210000, start_date=20250724T171342, end_date=20250724T171344
[2025-07-24T17:13:44.338+0000] {local_task_job_runner.py:234} INFO - Task exited with return code 0
[2025-07-24T17:13:44.481+0000] {taskinstance.py:3280} INFO - 0 downstream tasks scheduled from follow-on schedule check
