[2025-07-22T10:03:00.026+0000] {taskinstance.py:1956} INFO - Dependencies all met for dep_context=non-requeueable deps ti=<TaskInstance: tune_stream_dag.Stage_events scheduled__2023-01-01T00:00:00+00:00 [queued]>
[2025-07-22T10:03:00.077+0000] {taskinstance.py:1956} INFO - Dependencies all met for dep_context=requeueable deps ti=<TaskInstance: tune_stream_dag.Stage_events scheduled__2023-01-01T00:00:00+00:00 [queued]>
[2025-07-22T10:03:00.089+0000] {taskinstance.py:2170} INFO - Starting attempt 1 of 4
[2025-07-22T10:03:00.128+0000] {taskinstance.py:2191} INFO - Executing <Task(PythonOperator): Stage_events> on 2023-01-01 00:00:00+00:00
[2025-07-22T10:03:00.156+0000] {standard_task_runner.py:60} INFO - Started process 284 to run task
[2025-07-22T10:03:00.165+0000] {standard_task_runner.py:87} INFO - Running: ['***', 'tasks', 'run', 'tune_stream_dag', 'Stage_events', 'scheduled__2023-01-01T00:00:00+00:00', '--job-id', '118', '--raw', '--subdir', 'DAGS_FOLDER/etl_pipeline.py', '--cfg-path', '/tmp/tmpt3d2oiso']
[2025-07-22T10:03:00.247+0000] {standard_task_runner.py:88} INFO - Job 118: Subtask Stage_events
[2025-07-22T10:03:00.736+0000] {task_command.py:423} INFO - Running <TaskInstance: tune_stream_dag.Stage_events scheduled__2023-01-01T00:00:00+00:00 [running]> on host a2a13a541787
[2025-07-22T10:03:02.544+0000] {taskinstance.py:2480} INFO - Exporting env vars: AIRFLOW_CTX_DAG_OWNER='genz-legend' AIRFLOW_CTX_DAG_ID='tune_stream_dag' AIRFLOW_CTX_TASK_ID='Stage_events' AIRFLOW_CTX_EXECUTION_DATE='2023-01-01T00:00:00+00:00' AIRFLOW_CTX_TRY_NUMBER='1' AIRFLOW_CTX_DAG_RUN_ID='scheduled__2023-01-01T00:00:00+00:00'
[2025-07-22T10:03:03.801+0000] {taskinstance.py:2698} ERROR - Task failed with exception
Traceback (most recent call last):
  File "/home/airflow/.local/lib/python3.8/site-packages/airflow/models/taskinstance.py", line 433, in _execute_task
    result = execute_callable(context=context, **execute_callable_kwargs)
  File "/home/airflow/.local/lib/python3.8/site-packages/airflow/operators/python.py", line 199, in execute
    return_value = self.execute_callable()
  File "/home/airflow/.local/lib/python3.8/site-packages/airflow/operators/python.py", line 216, in execute_callable
    return self.python_callable(*self.op_args, **self.op_kwargs)
  File "/opt/airflow/dags/etl_pipeline.py", line 77, in stage_events
    data = json.load(f)
  File "/usr/local/lib/python3.8/json/__init__.py", line 293, in load
    return loads(fp.read(),
  File "/usr/local/lib/python3.8/json/__init__.py", line 357, in loads
    return _default_decoder.decode(s)
  File "/usr/local/lib/python3.8/json/decoder.py", line 340, in decode
    raise JSONDecodeError("Extra data", s, end)
json.decoder.JSONDecodeError: Extra data: line 2 column 1 (char 457)
[2025-07-22T10:03:12.304+0000] {taskinstance.py:1138} INFO - Marking task as UP_FOR_RETRY. dag_id=tune_stream_dag, task_id=Stage_events, execution_date=20230101T000000, start_date=20250722T100300, end_date=20250722T100312
[2025-07-22T10:03:13.874+0000] {standard_task_runner.py:107} ERROR - Failed to execute job 118 for task Stage_events (Extra data: line 2 column 1 (char 457); 284)
[2025-07-22T10:03:14.912+0000] {local_task_job_runner.py:234} INFO - Task exited with return code 1
[2025-07-22T10:03:16.158+0000] {taskinstance.py:3280} INFO - 0 downstream tasks scheduled from follow-on schedule check
[2025-07-24T15:30:28.676+0000] {taskinstance.py:1956} INFO - Dependencies all met for dep_context=non-requeueable deps ti=<TaskInstance: tune_stream_dag.Stage_events scheduled__2023-01-01T00:00:00+00:00 [queued]>
[2025-07-24T15:30:28.710+0000] {taskinstance.py:1956} INFO - Dependencies all met for dep_context=requeueable deps ti=<TaskInstance: tune_stream_dag.Stage_events scheduled__2023-01-01T00:00:00+00:00 [queued]>
[2025-07-24T15:30:28.712+0000] {taskinstance.py:2170} INFO - Starting attempt 1 of 4
[2025-07-24T15:30:28.766+0000] {taskinstance.py:2191} INFO - Executing <Task(PythonOperator): Stage_events> on 2023-01-01 00:00:00+00:00
[2025-07-24T15:30:29.040+0000] {standard_task_runner.py:60} INFO - Started process 126 to run task
[2025-07-24T15:30:29.051+0000] {standard_task_runner.py:87} INFO - Running: ['***', 'tasks', 'run', 'tune_stream_dag', 'Stage_events', 'scheduled__2023-01-01T00:00:00+00:00', '--job-id', '959', '--raw', '--subdir', 'DAGS_FOLDER/etl_pipeline.py', '--cfg-path', '/tmp/tmp3e2o194b']
[2025-07-24T15:30:29.084+0000] {standard_task_runner.py:88} INFO - Job 959: Subtask Stage_events
[2025-07-24T15:30:29.548+0000] {task_command.py:423} INFO - Running <TaskInstance: tune_stream_dag.Stage_events scheduled__2023-01-01T00:00:00+00:00 [running]> on host c53547d84df1
[2025-07-24T15:30:30.068+0000] {taskinstance.py:2480} INFO - Exporting env vars: AIRFLOW_CTX_DAG_OWNER='genz-legend' AIRFLOW_CTX_DAG_ID='tune_stream_dag' AIRFLOW_CTX_TASK_ID='Stage_events' AIRFLOW_CTX_EXECUTION_DATE='2023-01-01T00:00:00+00:00' AIRFLOW_CTX_TRY_NUMBER='1' AIRFLOW_CTX_DAG_RUN_ID='scheduled__2023-01-01T00:00:00+00:00'
[2025-07-24T15:30:46.997+0000] {python.py:201} INFO - Done. Returned value was: None
[2025-07-24T15:30:47.089+0000] {taskinstance.py:1138} INFO - Marking task as SUCCESS. dag_id=tune_stream_dag, task_id=Stage_events, execution_date=20230101T000000, start_date=20250724T153028, end_date=20250724T153047
[2025-07-24T15:30:47.261+0000] {local_task_job_runner.py:234} INFO - Task exited with return code 0
[2025-07-24T15:30:47.358+0000] {taskinstance.py:3280} INFO - 1 downstream tasks scheduled from follow-on schedule check
[2025-07-24T16:12:16.773+0000] {taskinstance.py:1956} INFO - Dependencies all met for dep_context=non-requeueable deps ti=<TaskInstance: tune_stream_dag.Stage_events scheduled__2023-01-01T00:00:00+00:00 [queued]>
[2025-07-24T16:12:16.827+0000] {taskinstance.py:1956} INFO - Dependencies all met for dep_context=requeueable deps ti=<TaskInstance: tune_stream_dag.Stage_events scheduled__2023-01-01T00:00:00+00:00 [queued]>
[2025-07-24T16:12:16.828+0000] {taskinstance.py:2170} INFO - Starting attempt 1 of 4
[2025-07-24T16:12:16.880+0000] {taskinstance.py:2191} INFO - Executing <Task(PythonOperator): Stage_events> on 2023-01-01 00:00:00+00:00
[2025-07-24T16:12:17.053+0000] {standard_task_runner.py:60} INFO - Started process 158 to run task
[2025-07-24T16:12:17.112+0000] {standard_task_runner.py:87} INFO - Running: ['***', 'tasks', 'run', 'tune_stream_dag', 'Stage_events', 'scheduled__2023-01-01T00:00:00+00:00', '--job-id', '1360', '--raw', '--subdir', 'DAGS_FOLDER/etl_pipeline.py', '--cfg-path', '/tmp/tmp4kk8lf3z']
[2025-07-24T16:12:17.166+0000] {standard_task_runner.py:88} INFO - Job 1360: Subtask Stage_events
[2025-07-24T16:12:17.965+0000] {task_command.py:423} INFO - Running <TaskInstance: tune_stream_dag.Stage_events scheduled__2023-01-01T00:00:00+00:00 [running]> on host c53547d84df1
[2025-07-24T16:12:18.360+0000] {taskinstance.py:2480} INFO - Exporting env vars: AIRFLOW_CTX_DAG_OWNER='genz-legend' AIRFLOW_CTX_DAG_ID='tune_stream_dag' AIRFLOW_CTX_TASK_ID='Stage_events' AIRFLOW_CTX_EXECUTION_DATE='2023-01-01T00:00:00+00:00' AIRFLOW_CTX_TRY_NUMBER='1' AIRFLOW_CTX_DAG_RUN_ID='scheduled__2023-01-01T00:00:00+00:00'
[2025-07-24T16:15:24.219+0000] {python.py:201} INFO - Done. Returned value was: None
[2025-07-24T16:15:24.499+0000] {taskinstance.py:1138} INFO - Marking task as SUCCESS. dag_id=tune_stream_dag, task_id=Stage_events, execution_date=20230101T000000, start_date=20250724T161216, end_date=20250724T161524
[2025-07-24T16:15:24.662+0000] {local_task_job_runner.py:234} INFO - Task exited with return code 0
[2025-07-24T16:15:24.965+0000] {taskinstance.py:3280} INFO - 1 downstream tasks scheduled from follow-on schedule check
[2025-07-24T16:54:24.903+0000] {taskinstance.py:1956} INFO - Dependencies all met for dep_context=non-requeueable deps ti=<TaskInstance: tune_stream_dag.Stage_events scheduled__2023-01-01T00:00:00+00:00 [queued]>
[2025-07-24T16:54:24.952+0000] {taskinstance.py:1956} INFO - Dependencies all met for dep_context=requeueable deps ti=<TaskInstance: tune_stream_dag.Stage_events scheduled__2023-01-01T00:00:00+00:00 [queued]>
[2025-07-24T16:54:24.958+0000] {taskinstance.py:2170} INFO - Starting attempt 1 of 4
[2025-07-24T16:54:25.040+0000] {taskinstance.py:2191} INFO - Executing <Task(PythonOperator): Stage_events> on 2023-01-01 00:00:00+00:00
[2025-07-24T16:54:25.135+0000] {standard_task_runner.py:60} INFO - Started process 155 to run task
[2025-07-24T16:54:25.201+0000] {standard_task_runner.py:87} INFO - Running: ['***', 'tasks', 'run', 'tune_stream_dag', 'Stage_events', 'scheduled__2023-01-01T00:00:00+00:00', '--job-id', '1749', '--raw', '--subdir', 'DAGS_FOLDER/etl_pipeline.py', '--cfg-path', '/tmp/tmpllpw9gi6']
[2025-07-24T16:54:25.215+0000] {standard_task_runner.py:88} INFO - Job 1749: Subtask Stage_events
[2025-07-24T16:54:25.723+0000] {task_command.py:423} INFO - Running <TaskInstance: tune_stream_dag.Stage_events scheduled__2023-01-01T00:00:00+00:00 [running]> on host 5def55d2a1b5
[2025-07-24T16:54:26.093+0000] {taskinstance.py:2480} INFO - Exporting env vars: AIRFLOW_CTX_DAG_OWNER='genz-legend' AIRFLOW_CTX_DAG_ID='tune_stream_dag' AIRFLOW_CTX_TASK_ID='Stage_events' AIRFLOW_CTX_EXECUTION_DATE='2023-01-01T00:00:00+00:00' AIRFLOW_CTX_TRY_NUMBER='1' AIRFLOW_CTX_DAG_RUN_ID='scheduled__2023-01-01T00:00:00+00:00'
[2025-07-24T16:54:48.917+0000] {python.py:201} INFO - Done. Returned value was: None
[2025-07-24T16:54:48.980+0000] {taskinstance.py:1138} INFO - Marking task as SUCCESS. dag_id=tune_stream_dag, task_id=Stage_events, execution_date=20230101T000000, start_date=20250724T165424, end_date=20250724T165448
[2025-07-24T16:54:50.560+0000] {local_task_job_runner.py:234} INFO - Task exited with return code 0
[2025-07-24T16:54:50.696+0000] {taskinstance.py:3280} INFO - 1 downstream tasks scheduled from follow-on schedule check
