[2025-07-24T15:22:41.546+0000] {taskinstance.py:1956} INFO - Dependencies all met for dep_context=non-requeueable deps ti=<TaskInstance: tune_stream_dag.Load_artist_dim_table scheduled__2023-01-05T07:00:00+00:00 [queued]>
[2025-07-24T15:22:41.565+0000] {taskinstance.py:1956} INFO - Dependencies all met for dep_context=requeueable deps ti=<TaskInstance: tune_stream_dag.Load_artist_dim_table scheduled__2023-01-05T07:00:00+00:00 [queued]>
[2025-07-24T15:22:41.567+0000] {taskinstance.py:2170} INFO - Starting attempt 1 of 4
[2025-07-24T15:22:41.895+0000] {taskinstance.py:2191} INFO - Executing <Task(PythonOperator): Load_artist_dim_table> on 2023-01-05 07:00:00+00:00
[2025-07-24T15:22:41.959+0000] {standard_task_runner.py:60} INFO - Started process 845 to run task
[2025-07-24T15:22:41.971+0000] {standard_task_runner.py:87} INFO - Running: ['***', 'tasks', 'run', 'tune_stream_dag', 'Load_artist_dim_table', 'scheduled__2023-01-05T07:00:00+00:00', '--job-id', '881', '--raw', '--subdir', 'DAGS_FOLDER/etl_pipeline.py', '--cfg-path', '/tmp/tmpmyxoxig1']
[2025-07-24T15:22:41.977+0000] {standard_task_runner.py:88} INFO - Job 881: Subtask Load_artist_dim_table
[2025-07-24T15:22:42.162+0000] {task_command.py:423} INFO - Running <TaskInstance: tune_stream_dag.Load_artist_dim_table scheduled__2023-01-05T07:00:00+00:00 [running]> on host c53547d84df1
[2025-07-24T15:22:42.412+0000] {taskinstance.py:2480} INFO - Exporting env vars: AIRFLOW_CTX_DAG_OWNER='genz-legend' AIRFLOW_CTX_DAG_ID='tune_stream_dag' AIRFLOW_CTX_TASK_ID='Load_artist_dim_table' AIRFLOW_CTX_EXECUTION_DATE='2023-01-05T07:00:00+00:00' AIRFLOW_CTX_TRY_NUMBER='1' AIRFLOW_CTX_DAG_RUN_ID='scheduled__2023-01-05T07:00:00+00:00'
[2025-07-24T15:22:42.690+0000] {python.py:201} INFO - Done. Returned value was: None
[2025-07-24T15:22:42.709+0000] {taskinstance.py:1138} INFO - Marking task as SUCCESS. dag_id=tune_stream_dag, task_id=Load_artist_dim_table, execution_date=20230105T070000, start_date=20250724T152241, end_date=20250724T152242
[2025-07-24T15:22:42.855+0000] {local_task_job_runner.py:234} INFO - Task exited with return code 0
[2025-07-24T15:22:42.914+0000] {taskinstance.py:3280} INFO - 0 downstream tasks scheduled from follow-on schedule check
[2025-07-24T17:33:35.509+0000] {taskinstance.py:1956} INFO - Dependencies all met for dep_context=non-requeueable deps ti=<TaskInstance: tune_stream_dag.Load_artist_dim_table scheduled__2023-01-05T07:00:00+00:00 [queued]>
[2025-07-24T17:33:35.536+0000] {taskinstance.py:1956} INFO - Dependencies all met for dep_context=requeueable deps ti=<TaskInstance: tune_stream_dag.Load_artist_dim_table scheduled__2023-01-05T07:00:00+00:00 [queued]>
[2025-07-24T17:33:35.537+0000] {taskinstance.py:2170} INFO - Starting attempt 1 of 4
[2025-07-24T17:33:35.580+0000] {taskinstance.py:2191} INFO - Executing <Task(PythonOperator): Load_artist_dim_table> on 2023-01-05 07:00:00+00:00
[2025-07-24T17:33:35.599+0000] {standard_task_runner.py:60} INFO - Started process 3497 to run task
[2025-07-24T17:33:35.605+0000] {standard_task_runner.py:87} INFO - Running: ['***', 'tasks', 'run', 'tune_stream_dag', 'Load_artist_dim_table', 'scheduled__2023-01-05T07:00:00+00:00', '--job-id', '2693', '--raw', '--subdir', 'DAGS_FOLDER/etl_pipeline.py', '--cfg-path', '/tmp/tmpwqp_ckqw']
[2025-07-24T17:33:35.616+0000] {standard_task_runner.py:88} INFO - Job 2693: Subtask Load_artist_dim_table
[2025-07-24T17:33:35.831+0000] {task_command.py:423} INFO - Running <TaskInstance: tune_stream_dag.Load_artist_dim_table scheduled__2023-01-05T07:00:00+00:00 [running]> on host 5def55d2a1b5
[2025-07-24T17:33:36.305+0000] {taskinstance.py:2480} INFO - Exporting env vars: AIRFLOW_CTX_DAG_OWNER='genz-legend' AIRFLOW_CTX_DAG_ID='tune_stream_dag' AIRFLOW_CTX_TASK_ID='Load_artist_dim_table' AIRFLOW_CTX_EXECUTION_DATE='2023-01-05T07:00:00+00:00' AIRFLOW_CTX_TRY_NUMBER='1' AIRFLOW_CTX_DAG_RUN_ID='scheduled__2023-01-05T07:00:00+00:00'
[2025-07-24T17:33:36.445+0000] {python.py:201} INFO - Done. Returned value was: None
[2025-07-24T17:33:36.486+0000] {taskinstance.py:1138} INFO - Marking task as SUCCESS. dag_id=tune_stream_dag, task_id=Load_artist_dim_table, execution_date=20230105T070000, start_date=20250724T173335, end_date=20250724T173336
[2025-07-24T17:33:36.676+0000] {local_task_job_runner.py:234} INFO - Task exited with return code 0
[2025-07-24T17:33:36.774+0000] {taskinstance.py:3280} INFO - 0 downstream tasks scheduled from follow-on schedule check
