[2025-07-24T14:46:04.237+0000] {taskinstance.py:1956} INFO - Dependencies all met for dep_context=non-requeueable deps ti=<TaskInstance: tune_stream_dag.Stage_events scheduled__2023-01-04T12:00:00+00:00 [queued]>
[2025-07-24T14:46:04.265+0000] {taskinstance.py:1956} INFO - Dependencies all met for dep_context=requeueable deps ti=<TaskInstance: tune_stream_dag.Stage_events scheduled__2023-01-04T12:00:00+00:00 [queued]>
[2025-07-24T14:46:04.266+0000] {taskinstance.py:2170} INFO - Starting attempt 1 of 4
[2025-07-24T14:46:04.354+0000] {taskinstance.py:2191} INFO - Executing <Task(PythonOperator): Stage_events> on 2023-01-04 12:00:00+00:00
[2025-07-24T14:46:04.367+0000] {standard_task_runner.py:60} INFO - Started process 532 to run task
[2025-07-24T14:46:04.379+0000] {standard_task_runner.py:87} INFO - Running: ['***', 'tasks', 'run', 'tune_stream_dag', 'Stage_events', 'scheduled__2023-01-04T12:00:00+00:00', '--job-id', '677', '--raw', '--subdir', 'DAGS_FOLDER/etl_pipeline.py', '--cfg-path', '/tmp/tmpqu1vc9y9']
[2025-07-24T14:46:04.384+0000] {standard_task_runner.py:88} INFO - Job 677: Subtask Stage_events
[2025-07-24T14:46:04.574+0000] {task_command.py:423} INFO - Running <TaskInstance: tune_stream_dag.Stage_events scheduled__2023-01-04T12:00:00+00:00 [running]> on host aea62fae55be
[2025-07-24T14:46:04.819+0000] {taskinstance.py:2480} INFO - Exporting env vars: AIRFLOW_CTX_DAG_OWNER='genz-legend' AIRFLOW_CTX_DAG_ID='tune_stream_dag' AIRFLOW_CTX_TASK_ID='Stage_events' AIRFLOW_CTX_EXECUTION_DATE='2023-01-04T12:00:00+00:00' AIRFLOW_CTX_TRY_NUMBER='1' AIRFLOW_CTX_DAG_RUN_ID='scheduled__2023-01-04T12:00:00+00:00'
[2025-07-24T14:46:08.691+0000] {python.py:201} INFO - Done. Returned value was: None
[2025-07-24T14:46:08.990+0000] {taskinstance.py:1138} INFO - Marking task as SUCCESS. dag_id=tune_stream_dag, task_id=Stage_events, execution_date=20230104T120000, start_date=20250724T144604, end_date=20250724T144608
[2025-07-24T14:46:09.936+0000] {local_task_job_runner.py:234} INFO - Task exited with return code 0
[2025-07-24T14:46:10.069+0000] {taskinstance.py:3280} INFO - 1 downstream tasks scheduled from follow-on schedule check
[2025-07-24T17:29:58.552+0000] {taskinstance.py:1956} INFO - Dependencies all met for dep_context=non-requeueable deps ti=<TaskInstance: tune_stream_dag.Stage_events scheduled__2023-01-04T12:00:00+00:00 [queued]>
[2025-07-24T17:29:58.575+0000] {taskinstance.py:1956} INFO - Dependencies all met for dep_context=requeueable deps ti=<TaskInstance: tune_stream_dag.Stage_events scheduled__2023-01-04T12:00:00+00:00 [queued]>
[2025-07-24T17:29:58.576+0000] {taskinstance.py:2170} INFO - Starting attempt 1 of 4
[2025-07-24T17:29:58.694+0000] {taskinstance.py:2191} INFO - Executing <Task(PythonOperator): Stage_events> on 2023-01-04 12:00:00+00:00
[2025-07-24T17:29:58.744+0000] {standard_task_runner.py:87} INFO - Running: ['***', 'tasks', 'run', 'tune_stream_dag', 'Stage_events', 'scheduled__2023-01-04T12:00:00+00:00', '--job-id', '2487', '--raw', '--subdir', 'DAGS_FOLDER/etl_pipeline.py', '--cfg-path', '/tmp/tmpsw35f8qw']
[2025-07-24T17:29:58.763+0000] {standard_task_runner.py:88} INFO - Job 2487: Subtask Stage_events
[2025-07-24T17:29:58.744+0000] {standard_task_runner.py:60} INFO - Started process 2833 to run task
[2025-07-24T17:29:59.163+0000] {task_command.py:423} INFO - Running <TaskInstance: tune_stream_dag.Stage_events scheduled__2023-01-04T12:00:00+00:00 [running]> on host 5def55d2a1b5
[2025-07-24T17:29:59.415+0000] {taskinstance.py:2480} INFO - Exporting env vars: AIRFLOW_CTX_DAG_OWNER='genz-legend' AIRFLOW_CTX_DAG_ID='tune_stream_dag' AIRFLOW_CTX_TASK_ID='Stage_events' AIRFLOW_CTX_EXECUTION_DATE='2023-01-04T12:00:00+00:00' AIRFLOW_CTX_TRY_NUMBER='1' AIRFLOW_CTX_DAG_RUN_ID='scheduled__2023-01-04T12:00:00+00:00'
[2025-07-24T17:30:28.776+0000] {python.py:201} INFO - Done. Returned value was: None
[2025-07-24T17:30:28.934+0000] {taskinstance.py:1138} INFO - Marking task as SUCCESS. dag_id=tune_stream_dag, task_id=Stage_events, execution_date=20230104T120000, start_date=20250724T172958, end_date=20250724T173028
[2025-07-24T17:30:36.846+0000] {local_task_job_runner.py:234} INFO - Task exited with return code 0
[2025-07-24T17:30:36.933+0000] {taskinstance.py:3280} INFO - 1 downstream tasks scheduled from follow-on schedule check
