[2025-07-22T10:32:04.687+0000] {taskinstance.py:1956} INFO - Dependencies all met for dep_context=non-requeueable deps ti=<TaskInstance: tune_stream_dag.Load_songplays_fact_table scheduled__2023-01-01T20:00:00+00:00 [queued]>
[2025-07-22T10:32:04.752+0000] {taskinstance.py:1956} INFO - Dependencies all met for dep_context=requeueable deps ti=<TaskInstance: tune_stream_dag.Load_songplays_fact_table scheduled__2023-01-01T20:00:00+00:00 [queued]>
[2025-07-22T10:32:04.754+0000] {taskinstance.py:2170} INFO - Starting attempt 1 of 4
[2025-07-22T10:32:04.941+0000] {taskinstance.py:2191} INFO - Executing <Task(PythonOperator): Load_songplays_fact_table> on 2023-01-01 20:00:00+00:00
[2025-07-22T10:32:04.964+0000] {standard_task_runner.py:60} INFO - Started process 189 to run task
[2025-07-22T10:32:04.995+0000] {standard_task_runner.py:87} INFO - Running: ['***', 'tasks', 'run', 'tune_stream_dag', 'Load_songplays_fact_table', 'scheduled__2023-01-01T20:00:00+00:00', '--job-id', '257', '--raw', '--subdir', 'DAGS_FOLDER/etl_pipeline.py', '--cfg-path', '/tmp/tmpmu5qh9vq']
[2025-07-22T10:32:06.844+0000] {standard_task_runner.py:88} INFO - Job 257: Subtask Load_songplays_fact_table
[2025-07-22T10:32:11.059+0000] {task_command.py:423} INFO - Running <TaskInstance: tune_stream_dag.Load_songplays_fact_table scheduled__2023-01-01T20:00:00+00:00 [running]> on host a2a13a541787
[2025-07-22T10:32:11.486+0000] {taskinstance.py:2480} INFO - Exporting env vars: AIRFLOW_CTX_DAG_OWNER='genz-legend' AIRFLOW_CTX_DAG_ID='tune_stream_dag' AIRFLOW_CTX_TASK_ID='Load_songplays_fact_table' AIRFLOW_CTX_EXECUTION_DATE='2023-01-01T20:00:00+00:00' AIRFLOW_CTX_TRY_NUMBER='1' AIRFLOW_CTX_DAG_RUN_ID='scheduled__2023-01-01T20:00:00+00:00'
[2025-07-22T10:32:11.535+0000] {taskinstance.py:2698} ERROR - Task failed with exception
Traceback (most recent call last):
  File "/home/airflow/.local/lib/python3.8/site-packages/airflow/models/taskinstance.py", line 433, in _execute_task
    result = execute_callable(context=context, **execute_callable_kwargs)
  File "/home/airflow/.local/lib/python3.8/site-packages/airflow/operators/python.py", line 199, in execute
    return_value = self.execute_callable()
  File "/home/airflow/.local/lib/python3.8/site-packages/airflow/operators/python.py", line 216, in execute_callable
    return self.python_callable(*self.op_args, **self.op_kwargs)
  File "/opt/airflow/dags/etl_pipeline.py", line 168, in <lambda>
    python_callable=lambda: load_table(SqlQueries.songplay_table_insert),
  File "/opt/airflow/dags/etl_pipeline.py", line 127, in load_table
    cur.execute(f"DELETE FROM {query.split()[3]}")
psycopg2.errors.SyntaxError: syntax error at or near ")"
LINE 1: DELETE FROM events.start_time)
                                     ^

[2025-07-22T10:32:11.686+0000] {taskinstance.py:1138} INFO - Marking task as UP_FOR_RETRY. dag_id=tune_stream_dag, task_id=Load_songplays_fact_table, execution_date=20230101T200000, start_date=20250722T103204, end_date=20250722T103211
[2025-07-22T10:32:11.804+0000] {standard_task_runner.py:107} ERROR - Failed to execute job 257 for task Load_songplays_fact_table (syntax error at or near ")"
LINE 1: DELETE FROM events.start_time)
                                     ^
; 189)
[2025-07-22T10:32:11.860+0000] {local_task_job_runner.py:234} INFO - Task exited with return code 1
[2025-07-22T10:32:11.906+0000] {taskinstance.py:3280} INFO - 0 downstream tasks scheduled from follow-on schedule check
[2025-07-24T15:49:37.258+0000] {taskinstance.py:1956} INFO - Dependencies all met for dep_context=non-requeueable deps ti=<TaskInstance: tune_stream_dag.Load_songplays_fact_table scheduled__2023-01-01T20:00:00+00:00 [queued]>
[2025-07-24T15:49:37.268+0000] {taskinstance.py:1956} INFO - Dependencies all met for dep_context=requeueable deps ti=<TaskInstance: tune_stream_dag.Load_songplays_fact_table scheduled__2023-01-01T20:00:00+00:00 [queued]>
[2025-07-24T15:49:37.269+0000] {taskinstance.py:2170} INFO - Starting attempt 1 of 4
[2025-07-24T15:49:37.282+0000] {taskinstance.py:2191} INFO - Executing <Task(PythonOperator): Load_songplays_fact_table> on 2023-01-01 20:00:00+00:00
[2025-07-24T15:49:37.288+0000] {standard_task_runner.py:60} INFO - Started process 999 to run task
[2025-07-24T15:49:37.292+0000] {standard_task_runner.py:87} INFO - Running: ['***', 'tasks', 'run', 'tune_stream_dag', 'Load_songplays_fact_table', 'scheduled__2023-01-01T20:00:00+00:00', '--job-id', '1166', '--raw', '--subdir', 'DAGS_FOLDER/etl_pipeline.py', '--cfg-path', '/tmp/tmp53hm8pwx']
[2025-07-24T15:49:37.294+0000] {standard_task_runner.py:88} INFO - Job 1166: Subtask Load_songplays_fact_table
[2025-07-24T15:49:37.358+0000] {task_command.py:423} INFO - Running <TaskInstance: tune_stream_dag.Load_songplays_fact_table scheduled__2023-01-01T20:00:00+00:00 [running]> on host c53547d84df1
[2025-07-24T15:49:37.444+0000] {taskinstance.py:2480} INFO - Exporting env vars: AIRFLOW_CTX_DAG_OWNER='genz-legend' AIRFLOW_CTX_DAG_ID='tune_stream_dag' AIRFLOW_CTX_TASK_ID='Load_songplays_fact_table' AIRFLOW_CTX_EXECUTION_DATE='2023-01-01T20:00:00+00:00' AIRFLOW_CTX_TRY_NUMBER='1' AIRFLOW_CTX_DAG_RUN_ID='scheduled__2023-01-01T20:00:00+00:00'
[2025-07-24T15:49:38.702+0000] {taskinstance.py:2698} ERROR - Task failed with exception
Traceback (most recent call last):
  File "/home/airflow/.local/lib/python3.8/site-packages/airflow/models/taskinstance.py", line 433, in _execute_task
    result = execute_callable(context=context, **execute_callable_kwargs)
  File "/home/airflow/.local/lib/python3.8/site-packages/airflow/operators/python.py", line 199, in execute
    return_value = self.execute_callable()
  File "/home/airflow/.local/lib/python3.8/site-packages/airflow/operators/python.py", line 216, in execute_callable
    return self.python_callable(*self.op_args, **self.op_kwargs)
  File "/opt/airflow/dags/etl_pipeline.py", line 173, in <lambda>
    python_callable=lambda: load_table(SqlQueries.songplay_table_insert, 'songplays'),
  File "/opt/airflow/dags/etl_pipeline.py", line 132, in load_table
    cur.execute(f"INSERT INTO {table} {query}")
psycopg2.errors.UniqueViolation: duplicate key value violates unique constraint "songplays_pkey"
DETAIL:  Key (playid)=(e30eb65b5ce5534fed9764a7996916ec) already exists.

[2025-07-24T15:49:38.717+0000] {taskinstance.py:1138} INFO - Marking task as UP_FOR_RETRY. dag_id=tune_stream_dag, task_id=Load_songplays_fact_table, execution_date=20230101T200000, start_date=20250724T154937, end_date=20250724T154938
[2025-07-24T15:49:38.874+0000] {standard_task_runner.py:107} ERROR - Failed to execute job 1166 for task Load_songplays_fact_table (duplicate key value violates unique constraint "songplays_pkey"
DETAIL:  Key (playid)=(e30eb65b5ce5534fed9764a7996916ec) already exists.
; 999)
[2025-07-24T15:49:38.910+0000] {local_task_job_runner.py:234} INFO - Task exited with return code 1
[2025-07-24T15:49:38.958+0000] {taskinstance.py:3280} INFO - 0 downstream tasks scheduled from follow-on schedule check
[2025-07-24T16:33:58.056+0000] {taskinstance.py:1956} INFO - Dependencies all met for dep_context=non-requeueable deps ti=<TaskInstance: tune_stream_dag.Load_songplays_fact_table scheduled__2023-01-01T20:00:00+00:00 [queued]>
[2025-07-24T16:33:58.076+0000] {taskinstance.py:1956} INFO - Dependencies all met for dep_context=requeueable deps ti=<TaskInstance: tune_stream_dag.Load_songplays_fact_table scheduled__2023-01-01T20:00:00+00:00 [queued]>
[2025-07-24T16:33:58.077+0000] {taskinstance.py:2170} INFO - Starting attempt 1 of 4
[2025-07-24T16:33:58.105+0000] {taskinstance.py:2191} INFO - Executing <Task(PythonOperator): Load_songplays_fact_table> on 2023-01-01 20:00:00+00:00
[2025-07-24T16:33:58.115+0000] {standard_task_runner.py:60} INFO - Started process 1144 to run task
[2025-07-24T16:33:58.119+0000] {standard_task_runner.py:87} INFO - Running: ['***', 'tasks', 'run', 'tune_stream_dag', 'Load_songplays_fact_table', 'scheduled__2023-01-01T20:00:00+00:00', '--job-id', '1594', '--raw', '--subdir', 'DAGS_FOLDER/etl_pipeline.py', '--cfg-path', '/tmp/tmp1cnw6s99']
[2025-07-24T16:33:58.143+0000] {standard_task_runner.py:88} INFO - Job 1594: Subtask Load_songplays_fact_table
[2025-07-24T16:33:58.280+0000] {task_command.py:423} INFO - Running <TaskInstance: tune_stream_dag.Load_songplays_fact_table scheduled__2023-01-01T20:00:00+00:00 [running]> on host c53547d84df1
[2025-07-24T16:33:58.415+0000] {taskinstance.py:2480} INFO - Exporting env vars: AIRFLOW_CTX_DAG_OWNER='genz-legend' AIRFLOW_CTX_DAG_ID='tune_stream_dag' AIRFLOW_CTX_TASK_ID='Load_songplays_fact_table' AIRFLOW_CTX_EXECUTION_DATE='2023-01-01T20:00:00+00:00' AIRFLOW_CTX_TRY_NUMBER='1' AIRFLOW_CTX_DAG_RUN_ID='scheduled__2023-01-01T20:00:00+00:00'
[2025-07-24T16:34:37.062+0000] {python.py:201} INFO - Done. Returned value was: None
[2025-07-24T16:34:37.193+0000] {taskinstance.py:1138} INFO - Marking task as SUCCESS. dag_id=tune_stream_dag, task_id=Load_songplays_fact_table, execution_date=20230101T200000, start_date=20250724T163358, end_date=20250724T163437
[2025-07-24T16:34:37.408+0000] {local_task_job_runner.py:234} INFO - Task exited with return code 0
[2025-07-24T16:34:37.520+0000] {taskinstance.py:3280} INFO - 4 downstream tasks scheduled from follow-on schedule check
[2025-07-24T17:13:17.458+0000] {taskinstance.py:1956} INFO - Dependencies all met for dep_context=non-requeueable deps ti=<TaskInstance: tune_stream_dag.Load_songplays_fact_table scheduled__2023-01-01T20:00:00+00:00 [queued]>
[2025-07-24T17:13:17.476+0000] {taskinstance.py:1956} INFO - Dependencies all met for dep_context=requeueable deps ti=<TaskInstance: tune_stream_dag.Load_songplays_fact_table scheduled__2023-01-01T20:00:00+00:00 [queued]>
[2025-07-24T17:13:17.477+0000] {taskinstance.py:2170} INFO - Starting attempt 1 of 4
[2025-07-24T17:13:17.511+0000] {taskinstance.py:2191} INFO - Executing <Task(PythonOperator): Load_songplays_fact_table> on 2023-01-01 20:00:00+00:00
[2025-07-24T17:13:17.528+0000] {standard_task_runner.py:60} INFO - Started process 1195 to run task
[2025-07-24T17:13:17.536+0000] {standard_task_runner.py:87} INFO - Running: ['***', 'tasks', 'run', 'tune_stream_dag', 'Load_songplays_fact_table', 'scheduled__2023-01-01T20:00:00+00:00', '--job-id', '2009', '--raw', '--subdir', 'DAGS_FOLDER/etl_pipeline.py', '--cfg-path', '/tmp/tmpd6nqnsxd']
[2025-07-24T17:13:17.543+0000] {standard_task_runner.py:88} INFO - Job 2009: Subtask Load_songplays_fact_table
[2025-07-24T17:13:17.745+0000] {task_command.py:423} INFO - Running <TaskInstance: tune_stream_dag.Load_songplays_fact_table scheduled__2023-01-01T20:00:00+00:00 [running]> on host 5def55d2a1b5
[2025-07-24T17:13:18.090+0000] {taskinstance.py:2480} INFO - Exporting env vars: AIRFLOW_CTX_DAG_OWNER='genz-legend' AIRFLOW_CTX_DAG_ID='tune_stream_dag' AIRFLOW_CTX_TASK_ID='Load_songplays_fact_table' AIRFLOW_CTX_EXECUTION_DATE='2023-01-01T20:00:00+00:00' AIRFLOW_CTX_TRY_NUMBER='1' AIRFLOW_CTX_DAG_RUN_ID='scheduled__2023-01-01T20:00:00+00:00'
[2025-07-24T17:13:33.811+0000] {python.py:201} INFO - Done. Returned value was: None
[2025-07-24T17:13:33.826+0000] {taskinstance.py:1138} INFO - Marking task as SUCCESS. dag_id=tune_stream_dag, task_id=Load_songplays_fact_table, execution_date=20230101T200000, start_date=20250724T171317, end_date=20250724T171333
[2025-07-24T17:13:33.887+0000] {local_task_job_runner.py:234} INFO - Task exited with return code 0
[2025-07-24T17:13:33.925+0000] {taskinstance.py:3280} INFO - 4 downstream tasks scheduled from follow-on schedule check
