[2025-07-24T14:29:54.988+0000] {taskinstance.py:1956} INFO - Dependencies all met for dep_context=non-requeueable deps ti=<TaskInstance: tune_stream_dag.Stage_songs scheduled__2023-01-03T21:00:00+00:00 [queued]>
[2025-07-24T14:29:55.012+0000] {taskinstance.py:1956} INFO - Dependencies all met for dep_context=requeueable deps ti=<TaskInstance: tune_stream_dag.Stage_songs scheduled__2023-01-03T21:00:00+00:00 [queued]>
[2025-07-24T14:29:55.013+0000] {taskinstance.py:2170} INFO - Starting attempt 1 of 4
[2025-07-24T14:29:55.206+0000] {taskinstance.py:2191} INFO - Executing <Task(PythonOperator): Stage_songs> on 2023-01-03 21:00:00+00:00
[2025-07-24T14:29:55.270+0000] {standard_task_runner.py:60} INFO - Started process 881 to run task
[2025-07-24T14:29:55.287+0000] {standard_task_runner.py:87} INFO - Running: ['***', 'tasks', 'run', 'tune_stream_dag', 'Stage_songs', 'scheduled__2023-01-03T21:00:00+00:00', '--job-id', '567', '--raw', '--subdir', 'DAGS_FOLDER/etl_pipeline.py', '--cfg-path', '/tmp/tmptljpeulu']
[2025-07-24T14:29:55.297+0000] {standard_task_runner.py:88} INFO - Job 567: Subtask Stage_songs
[2025-07-24T14:29:55.572+0000] {task_command.py:423} INFO - Running <TaskInstance: tune_stream_dag.Stage_songs scheduled__2023-01-03T21:00:00+00:00 [running]> on host aea62fae55be
[2025-07-24T14:29:56.118+0000] {taskinstance.py:2480} INFO - Exporting env vars: AIRFLOW_CTX_DAG_OWNER='genz-legend' AIRFLOW_CTX_DAG_ID='tune_stream_dag' AIRFLOW_CTX_TASK_ID='Stage_songs' AIRFLOW_CTX_EXECUTION_DATE='2023-01-03T21:00:00+00:00' AIRFLOW_CTX_TRY_NUMBER='1' AIRFLOW_CTX_DAG_RUN_ID='scheduled__2023-01-03T21:00:00+00:00'
[2025-07-24T14:29:58.423+0000] {python.py:201} INFO - Done. Returned value was: None
[2025-07-24T14:29:58.449+0000] {taskinstance.py:1138} INFO - Marking task as SUCCESS. dag_id=tune_stream_dag, task_id=Stage_songs, execution_date=20230103T210000, start_date=20250724T142954, end_date=20250724T142958
[2025-07-24T14:29:58.572+0000] {local_task_job_runner.py:234} INFO - Task exited with return code 0
[2025-07-24T14:29:58.657+0000] {taskinstance.py:3280} INFO - 0 downstream tasks scheduled from follow-on schedule check
[2025-07-24T17:27:23.090+0000] {taskinstance.py:1956} INFO - Dependencies all met for dep_context=non-requeueable deps ti=<TaskInstance: tune_stream_dag.Stage_songs scheduled__2023-01-03T21:00:00+00:00 [queued]>
[2025-07-24T17:27:23.155+0000] {taskinstance.py:1956} INFO - Dependencies all met for dep_context=requeueable deps ti=<TaskInstance: tune_stream_dag.Stage_songs scheduled__2023-01-03T21:00:00+00:00 [queued]>
[2025-07-24T17:27:23.160+0000] {taskinstance.py:2170} INFO - Starting attempt 1 of 4
[2025-07-24T17:27:23.306+0000] {taskinstance.py:2191} INFO - Executing <Task(PythonOperator): Stage_songs> on 2023-01-03 21:00:00+00:00
[2025-07-24T17:27:23.326+0000] {standard_task_runner.py:60} INFO - Started process 2430 to run task
[2025-07-24T17:27:23.338+0000] {standard_task_runner.py:87} INFO - Running: ['***', 'tasks', 'run', 'tune_stream_dag', 'Stage_songs', 'scheduled__2023-01-03T21:00:00+00:00', '--job-id', '2359', '--raw', '--subdir', 'DAGS_FOLDER/etl_pipeline.py', '--cfg-path', '/tmp/tmpi7dw4ep4']
[2025-07-24T17:27:23.345+0000] {standard_task_runner.py:88} INFO - Job 2359: Subtask Stage_songs
[2025-07-24T17:27:23.688+0000] {task_command.py:423} INFO - Running <TaskInstance: tune_stream_dag.Stage_songs scheduled__2023-01-03T21:00:00+00:00 [running]> on host 5def55d2a1b5
[2025-07-24T17:27:23.934+0000] {taskinstance.py:2480} INFO - Exporting env vars: AIRFLOW_CTX_DAG_OWNER='genz-legend' AIRFLOW_CTX_DAG_ID='tune_stream_dag' AIRFLOW_CTX_TASK_ID='Stage_songs' AIRFLOW_CTX_EXECUTION_DATE='2023-01-03T21:00:00+00:00' AIRFLOW_CTX_TRY_NUMBER='1' AIRFLOW_CTX_DAG_RUN_ID='scheduled__2023-01-03T21:00:00+00:00'
[2025-07-24T17:27:27.134+0000] {python.py:201} INFO - Done. Returned value was: None
[2025-07-24T17:27:27.383+0000] {taskinstance.py:1138} INFO - Marking task as SUCCESS. dag_id=tune_stream_dag, task_id=Stage_songs, execution_date=20230103T210000, start_date=20250724T172723, end_date=20250724T172727
[2025-07-24T17:27:27.579+0000] {local_task_job_runner.py:234} INFO - Task exited with return code 0
[2025-07-24T17:27:27.632+0000] {taskinstance.py:3280} INFO - 0 downstream tasks scheduled from follow-on schedule check
