[2025-07-24T15:33:48.580+0000] {taskinstance.py:1956} INFO - Dependencies all met for dep_context=non-requeueable deps ti=<TaskInstance: tune_stream_dag.Load_song_dim_table scheduled__2023-01-01T13:00:00+00:00 [queued]>
[2025-07-24T15:33:48.597+0000] {taskinstance.py:1956} INFO - Dependencies all met for dep_context=requeueable deps ti=<TaskInstance: tune_stream_dag.Load_song_dim_table scheduled__2023-01-01T13:00:00+00:00 [queued]>
[2025-07-24T15:33:48.615+0000] {taskinstance.py:2170} INFO - Starting attempt 1 of 4
[2025-07-24T15:33:48.640+0000] {taskinstance.py:2191} INFO - Executing <Task(PythonOperator): Load_song_dim_table> on 2023-01-01 13:00:00+00:00
[2025-07-24T15:33:48.678+0000] {standard_task_runner.py:60} INFO - Started process 346 to run task
[2025-07-24T15:33:48.684+0000] {standard_task_runner.py:87} INFO - Running: ['***', 'tasks', 'run', 'tune_stream_dag', 'Load_song_dim_table', 'scheduled__2023-01-01T13:00:00+00:00', '--job-id', '1019', '--raw', '--subdir', 'DAGS_FOLDER/etl_pipeline.py', '--cfg-path', '/tmp/tmpxt8xf36v']
[2025-07-24T15:33:48.705+0000] {standard_task_runner.py:88} INFO - Job 1019: Subtask Load_song_dim_table
[2025-07-24T15:33:49.204+0000] {task_command.py:423} INFO - Running <TaskInstance: tune_stream_dag.Load_song_dim_table scheduled__2023-01-01T13:00:00+00:00 [running]> on host c53547d84df1
[2025-07-24T15:33:49.960+0000] {taskinstance.py:2480} INFO - Exporting env vars: AIRFLOW_CTX_DAG_OWNER='genz-legend' AIRFLOW_CTX_DAG_ID='tune_stream_dag' AIRFLOW_CTX_TASK_ID='Load_song_dim_table' AIRFLOW_CTX_EXECUTION_DATE='2023-01-01T13:00:00+00:00' AIRFLOW_CTX_TRY_NUMBER='1' AIRFLOW_CTX_DAG_RUN_ID='scheduled__2023-01-01T13:00:00+00:00'
[2025-07-24T15:33:50.052+0000] {python.py:201} INFO - Done. Returned value was: None
[2025-07-24T15:33:50.212+0000] {taskinstance.py:1138} INFO - Marking task as SUCCESS. dag_id=tune_stream_dag, task_id=Load_song_dim_table, execution_date=20230101T130000, start_date=20250724T153348, end_date=20250724T153350
[2025-07-24T15:33:50.342+0000] {local_task_job_runner.py:234} INFO - Task exited with return code 0
[2025-07-24T15:33:50.562+0000] {taskinstance.py:3280} INFO - 0 downstream tasks scheduled from follow-on schedule check
[2025-07-24T16:18:14.446+0000] {taskinstance.py:1956} INFO - Dependencies all met for dep_context=non-requeueable deps ti=<TaskInstance: tune_stream_dag.Load_song_dim_table scheduled__2023-01-01T13:00:00+00:00 [queued]>
[2025-07-24T16:18:14.485+0000] {taskinstance.py:1956} INFO - Dependencies all met for dep_context=requeueable deps ti=<TaskInstance: tune_stream_dag.Load_song_dim_table scheduled__2023-01-01T13:00:00+00:00 [queued]>
[2025-07-24T16:18:14.578+0000] {taskinstance.py:2170} INFO - Starting attempt 1 of 4
[2025-07-24T16:18:14.628+0000] {taskinstance.py:2191} INFO - Executing <Task(PythonOperator): Load_song_dim_table> on 2023-01-01 13:00:00+00:00
[2025-07-24T16:18:14.654+0000] {standard_task_runner.py:60} INFO - Started process 524 to run task
[2025-07-24T16:18:14.656+0000] {standard_task_runner.py:87} INFO - Running: ['***', 'tasks', 'run', 'tune_stream_dag', 'Load_song_dim_table', 'scheduled__2023-01-01T13:00:00+00:00', '--job-id', '1462', '--raw', '--subdir', 'DAGS_FOLDER/etl_pipeline.py', '--cfg-path', '/tmp/tmp5epv46pn']
[2025-07-24T16:18:14.662+0000] {standard_task_runner.py:88} INFO - Job 1462: Subtask Load_song_dim_table
[2025-07-24T16:18:14.809+0000] {task_command.py:423} INFO - Running <TaskInstance: tune_stream_dag.Load_song_dim_table scheduled__2023-01-01T13:00:00+00:00 [running]> on host c53547d84df1
[2025-07-24T16:18:14.997+0000] {taskinstance.py:2480} INFO - Exporting env vars: AIRFLOW_CTX_DAG_OWNER='genz-legend' AIRFLOW_CTX_DAG_ID='tune_stream_dag' AIRFLOW_CTX_TASK_ID='Load_song_dim_table' AIRFLOW_CTX_EXECUTION_DATE='2023-01-01T13:00:00+00:00' AIRFLOW_CTX_TRY_NUMBER='1' AIRFLOW_CTX_DAG_RUN_ID='scheduled__2023-01-01T13:00:00+00:00'
[2025-07-24T16:18:15.040+0000] {python.py:201} INFO - Done. Returned value was: None
[2025-07-24T16:18:15.061+0000] {taskinstance.py:1138} INFO - Marking task as SUCCESS. dag_id=tune_stream_dag, task_id=Load_song_dim_table, execution_date=20230101T130000, start_date=20250724T161814, end_date=20250724T161815
[2025-07-24T16:18:15.131+0000] {local_task_job_runner.py:234} INFO - Task exited with return code 0
[2025-07-24T16:18:15.189+0000] {taskinstance.py:3280} INFO - 0 downstream tasks scheduled from follow-on schedule check
[2025-07-24T16:57:19.476+0000] {taskinstance.py:1956} INFO - Dependencies all met for dep_context=non-requeueable deps ti=<TaskInstance: tune_stream_dag.Load_song_dim_table scheduled__2023-01-01T13:00:00+00:00 [queued]>
[2025-07-24T16:57:19.579+0000] {taskinstance.py:1956} INFO - Dependencies all met for dep_context=requeueable deps ti=<TaskInstance: tune_stream_dag.Load_song_dim_table scheduled__2023-01-01T13:00:00+00:00 [queued]>
[2025-07-24T16:57:19.589+0000] {taskinstance.py:2170} INFO - Starting attempt 1 of 4
[2025-07-24T16:57:19.693+0000] {taskinstance.py:2191} INFO - Executing <Task(PythonOperator): Load_song_dim_table> on 2023-01-01 13:00:00+00:00
[2025-07-24T16:57:19.746+0000] {standard_task_runner.py:60} INFO - Started process 482 to run task
[2025-07-24T16:57:19.760+0000] {standard_task_runner.py:87} INFO - Running: ['***', 'tasks', 'run', 'tune_stream_dag', 'Load_song_dim_table', 'scheduled__2023-01-01T13:00:00+00:00', '--job-id', '1849', '--raw', '--subdir', 'DAGS_FOLDER/etl_pipeline.py', '--cfg-path', '/tmp/tmp49b30kob']
[2025-07-24T16:57:19.777+0000] {standard_task_runner.py:88} INFO - Job 1849: Subtask Load_song_dim_table
[2025-07-24T16:57:20.003+0000] {task_command.py:423} INFO - Running <TaskInstance: tune_stream_dag.Load_song_dim_table scheduled__2023-01-01T13:00:00+00:00 [running]> on host 5def55d2a1b5
[2025-07-24T16:57:20.505+0000] {taskinstance.py:2480} INFO - Exporting env vars: AIRFLOW_CTX_DAG_OWNER='genz-legend' AIRFLOW_CTX_DAG_ID='tune_stream_dag' AIRFLOW_CTX_TASK_ID='Load_song_dim_table' AIRFLOW_CTX_EXECUTION_DATE='2023-01-01T13:00:00+00:00' AIRFLOW_CTX_TRY_NUMBER='1' AIRFLOW_CTX_DAG_RUN_ID='scheduled__2023-01-01T13:00:00+00:00'
[2025-07-24T16:57:20.780+0000] {python.py:201} INFO - Done. Returned value was: None
[2025-07-24T16:57:20.844+0000] {taskinstance.py:1138} INFO - Marking task as SUCCESS. dag_id=tune_stream_dag, task_id=Load_song_dim_table, execution_date=20230101T130000, start_date=20250724T165719, end_date=20250724T165720
[2025-07-24T16:57:21.353+0000] {local_task_job_runner.py:234} INFO - Task exited with return code 0
[2025-07-24T16:57:21.410+0000] {taskinstance.py:3280} INFO - 0 downstream tasks scheduled from follow-on schedule check
