[2025-07-24T15:22:09.350+0000] {taskinstance.py:1956} INFO - Dependencies all met for dep_context=non-requeueable deps ti=<TaskInstance: tune_stream_dag.Stage_songs scheduled__2023-01-05T06:00:00+00:00 [queued]>
[2025-07-24T15:22:09.363+0000] {taskinstance.py:1956} INFO - Dependencies all met for dep_context=requeueable deps ti=<TaskInstance: tune_stream_dag.Stage_songs scheduled__2023-01-05T06:00:00+00:00 [queued]>
[2025-07-24T15:22:09.364+0000] {taskinstance.py:2170} INFO - Starting attempt 1 of 4
[2025-07-24T15:22:09.507+0000] {taskinstance.py:2191} INFO - Executing <Task(PythonOperator): Stage_songs> on 2023-01-05 06:00:00+00:00
[2025-07-24T15:22:09.542+0000] {standard_task_runner.py:60} INFO - Started process 764 to run task
[2025-07-24T15:22:09.592+0000] {standard_task_runner.py:87} INFO - Running: ['***', 'tasks', 'run', 'tune_stream_dag', 'Stage_songs', 'scheduled__2023-01-05T06:00:00+00:00', '--job-id', '855', '--raw', '--subdir', 'DAGS_FOLDER/etl_pipeline.py', '--cfg-path', '/tmp/tmp3sfc_mru']
[2025-07-24T15:22:09.617+0000] {standard_task_runner.py:88} INFO - Job 855: Subtask Stage_songs
[2025-07-24T15:22:09.964+0000] {task_command.py:423} INFO - Running <TaskInstance: tune_stream_dag.Stage_songs scheduled__2023-01-05T06:00:00+00:00 [running]> on host c53547d84df1
[2025-07-24T15:22:10.218+0000] {taskinstance.py:2480} INFO - Exporting env vars: AIRFLOW_CTX_DAG_OWNER='genz-legend' AIRFLOW_CTX_DAG_ID='tune_stream_dag' AIRFLOW_CTX_TASK_ID='Stage_songs' AIRFLOW_CTX_EXECUTION_DATE='2023-01-05T06:00:00+00:00' AIRFLOW_CTX_TRY_NUMBER='1' AIRFLOW_CTX_DAG_RUN_ID='scheduled__2023-01-05T06:00:00+00:00'
[2025-07-24T15:22:15.638+0000] {python.py:201} INFO - Done. Returned value was: None
[2025-07-24T15:22:15.669+0000] {taskinstance.py:1138} INFO - Marking task as SUCCESS. dag_id=tune_stream_dag, task_id=Stage_songs, execution_date=20230105T060000, start_date=20250724T152209, end_date=20250724T152215
[2025-07-24T15:22:15.978+0000] {local_task_job_runner.py:234} INFO - Task exited with return code 0
[2025-07-24T15:22:16.054+0000] {taskinstance.py:3280} INFO - 0 downstream tasks scheduled from follow-on schedule check
[2025-07-24T17:32:09.396+0000] {taskinstance.py:1956} INFO - Dependencies all met for dep_context=non-requeueable deps ti=<TaskInstance: tune_stream_dag.Stage_songs scheduled__2023-01-05T06:00:00+00:00 [queued]>
[2025-07-24T17:32:09.411+0000] {taskinstance.py:1956} INFO - Dependencies all met for dep_context=requeueable deps ti=<TaskInstance: tune_stream_dag.Stage_songs scheduled__2023-01-05T06:00:00+00:00 [queued]>
[2025-07-24T17:32:09.412+0000] {taskinstance.py:2170} INFO - Starting attempt 1 of 4
[2025-07-24T17:32:09.432+0000] {taskinstance.py:2191} INFO - Executing <Task(PythonOperator): Stage_songs> on 2023-01-05 06:00:00+00:00
[2025-07-24T17:32:09.443+0000] {standard_task_runner.py:60} INFO - Started process 3265 to run task
[2025-07-24T17:32:09.448+0000] {standard_task_runner.py:87} INFO - Running: ['***', 'tasks', 'run', 'tune_stream_dag', 'Stage_songs', 'scheduled__2023-01-05T06:00:00+00:00', '--job-id', '2621', '--raw', '--subdir', 'DAGS_FOLDER/etl_pipeline.py', '--cfg-path', '/tmp/tmpiaingria']
[2025-07-24T17:32:09.452+0000] {standard_task_runner.py:88} INFO - Job 2621: Subtask Stage_songs
[2025-07-24T17:32:09.671+0000] {task_command.py:423} INFO - Running <TaskInstance: tune_stream_dag.Stage_songs scheduled__2023-01-05T06:00:00+00:00 [running]> on host 5def55d2a1b5
[2025-07-24T17:32:10.393+0000] {taskinstance.py:2480} INFO - Exporting env vars: AIRFLOW_CTX_DAG_OWNER='genz-legend' AIRFLOW_CTX_DAG_ID='tune_stream_dag' AIRFLOW_CTX_TASK_ID='Stage_songs' AIRFLOW_CTX_EXECUTION_DATE='2023-01-05T06:00:00+00:00' AIRFLOW_CTX_TRY_NUMBER='1' AIRFLOW_CTX_DAG_RUN_ID='scheduled__2023-01-05T06:00:00+00:00'
[2025-07-24T17:32:11.670+0000] {python.py:201} INFO - Done. Returned value was: None
[2025-07-24T17:32:11.690+0000] {taskinstance.py:1138} INFO - Marking task as SUCCESS. dag_id=tune_stream_dag, task_id=Stage_songs, execution_date=20230105T060000, start_date=20250724T173209, end_date=20250724T173211
[2025-07-24T17:32:11.751+0000] {local_task_job_runner.py:234} INFO - Task exited with return code 0
[2025-07-24T17:32:11.807+0000] {taskinstance.py:3280} INFO - 0 downstream tasks scheduled from follow-on schedule check
