[2025-07-24T15:59:52.884+0000] {taskinstance.py:1956} INFO - Dependencies all met for dep_context=non-requeueable deps ti=<TaskInstance: tune_stream_dag.Load_song_dim_table scheduled__2023-01-02T00:00:00+00:00 [queued]>
[2025-07-24T15:59:52.899+0000] {taskinstance.py:1956} INFO - Dependencies all met for dep_context=requeueable deps ti=<TaskInstance: tune_stream_dag.Load_song_dim_table scheduled__2023-01-02T00:00:00+00:00 [queued]>
[2025-07-24T15:59:52.900+0000] {taskinstance.py:2170} INFO - Starting attempt 1 of 4
[2025-07-24T15:59:52.916+0000] {taskinstance.py:2191} INFO - Executing <Task(PythonOperator): Load_song_dim_table> on 2023-01-02 00:00:00+00:00
[2025-07-24T15:59:52.925+0000] {standard_task_runner.py:60} INFO - Started process 1475 to run task
[2025-07-24T15:59:52.929+0000] {standard_task_runner.py:87} INFO - Running: ['***', 'tasks', 'run', 'tune_stream_dag', 'Load_song_dim_table', 'scheduled__2023-01-02T00:00:00+00:00', '--job-id', '1274', '--raw', '--subdir', 'DAGS_FOLDER/etl_pipeline.py', '--cfg-path', '/tmp/tmp2xls5pmb']
[2025-07-24T15:59:52.932+0000] {standard_task_runner.py:88} INFO - Job 1274: Subtask Load_song_dim_table
[2025-07-24T15:59:53.020+0000] {task_command.py:423} INFO - Running <TaskInstance: tune_stream_dag.Load_song_dim_table scheduled__2023-01-02T00:00:00+00:00 [running]> on host c53547d84df1
[2025-07-24T15:59:53.097+0000] {taskinstance.py:2480} INFO - Exporting env vars: AIRFLOW_CTX_DAG_OWNER='genz-legend' AIRFLOW_CTX_DAG_ID='tune_stream_dag' AIRFLOW_CTX_TASK_ID='Load_song_dim_table' AIRFLOW_CTX_EXECUTION_DATE='2023-01-02T00:00:00+00:00' AIRFLOW_CTX_TRY_NUMBER='1' AIRFLOW_CTX_DAG_RUN_ID='scheduled__2023-01-02T00:00:00+00:00'
[2025-07-24T15:59:53.109+0000] {python.py:201} INFO - Done. Returned value was: None
[2025-07-24T15:59:53.120+0000] {taskinstance.py:1138} INFO - Marking task as SUCCESS. dag_id=tune_stream_dag, task_id=Load_song_dim_table, execution_date=20230102T000000, start_date=20250724T155952, end_date=20250724T155953
[2025-07-24T15:59:53.183+0000] {local_task_job_runner.py:234} INFO - Task exited with return code 0
[2025-07-24T15:59:53.209+0000] {taskinstance.py:3280} INFO - 0 downstream tasks scheduled from follow-on schedule check
[2025-07-24T16:35:00.830+0000] {taskinstance.py:1956} INFO - Dependencies all met for dep_context=non-requeueable deps ti=<TaskInstance: tune_stream_dag.Load_song_dim_table scheduled__2023-01-02T00:00:00+00:00 [queued]>
[2025-07-24T16:35:00.897+0000] {taskinstance.py:1956} INFO - Dependencies all met for dep_context=requeueable deps ti=<TaskInstance: tune_stream_dag.Load_song_dim_table scheduled__2023-01-02T00:00:00+00:00 [queued]>
[2025-07-24T16:35:00.900+0000] {taskinstance.py:2170} INFO - Starting attempt 1 of 4
[2025-07-24T16:35:00.962+0000] {taskinstance.py:2191} INFO - Executing <Task(PythonOperator): Load_song_dim_table> on 2023-01-02 00:00:00+00:00
[2025-07-24T16:35:01.094+0000] {standard_task_runner.py:60} INFO - Started process 1335 to run task
[2025-07-24T16:35:01.107+0000] {standard_task_runner.py:87} INFO - Running: ['***', 'tasks', 'run', 'tune_stream_dag', 'Load_song_dim_table', 'scheduled__2023-01-02T00:00:00+00:00', '--job-id', '1648', '--raw', '--subdir', 'DAGS_FOLDER/etl_pipeline.py', '--cfg-path', '/tmp/tmp5um6gqep']
[2025-07-24T16:35:01.136+0000] {standard_task_runner.py:88} INFO - Job 1648: Subtask Load_song_dim_table
[2025-07-24T16:35:01.477+0000] {task_command.py:423} INFO - Running <TaskInstance: tune_stream_dag.Load_song_dim_table scheduled__2023-01-02T00:00:00+00:00 [running]> on host c53547d84df1
[2025-07-24T16:35:01.847+0000] {taskinstance.py:2480} INFO - Exporting env vars: AIRFLOW_CTX_DAG_OWNER='genz-legend' AIRFLOW_CTX_DAG_ID='tune_stream_dag' AIRFLOW_CTX_TASK_ID='Load_song_dim_table' AIRFLOW_CTX_EXECUTION_DATE='2023-01-02T00:00:00+00:00' AIRFLOW_CTX_TRY_NUMBER='1' AIRFLOW_CTX_DAG_RUN_ID='scheduled__2023-01-02T00:00:00+00:00'
[2025-07-24T16:35:02.318+0000] {python.py:201} INFO - Done. Returned value was: None
[2025-07-24T16:35:02.361+0000] {taskinstance.py:1138} INFO - Marking task as SUCCESS. dag_id=tune_stream_dag, task_id=Load_song_dim_table, execution_date=20230102T000000, start_date=20250724T163500, end_date=20250724T163502
[2025-07-24T16:35:02.616+0000] {local_task_job_runner.py:234} INFO - Task exited with return code 0
[2025-07-24T16:35:02.782+0000] {taskinstance.py:3280} INFO - 0 downstream tasks scheduled from follow-on schedule check
[2025-07-24T17:13:57.331+0000] {taskinstance.py:1956} INFO - Dependencies all met for dep_context=non-requeueable deps ti=<TaskInstance: tune_stream_dag.Load_song_dim_table scheduled__2023-01-02T00:00:00+00:00 [queued]>
[2025-07-24T17:13:57.467+0000] {taskinstance.py:1956} INFO - Dependencies all met for dep_context=requeueable deps ti=<TaskInstance: tune_stream_dag.Load_song_dim_table scheduled__2023-01-02T00:00:00+00:00 [queued]>
[2025-07-24T17:13:57.470+0000] {taskinstance.py:2170} INFO - Starting attempt 1 of 4
[2025-07-24T17:13:57.526+0000] {taskinstance.py:2191} INFO - Executing <Task(PythonOperator): Load_song_dim_table> on 2023-01-02 00:00:00+00:00
[2025-07-24T17:13:57.549+0000] {standard_task_runner.py:60} INFO - Started process 1323 to run task
[2025-07-24T17:13:57.562+0000] {standard_task_runner.py:87} INFO - Running: ['***', 'tasks', 'run', 'tune_stream_dag', 'Load_song_dim_table', 'scheduled__2023-01-02T00:00:00+00:00', '--job-id', '2043', '--raw', '--subdir', 'DAGS_FOLDER/etl_pipeline.py', '--cfg-path', '/tmp/tmp32_z31iy']
[2025-07-24T17:13:57.570+0000] {standard_task_runner.py:88} INFO - Job 2043: Subtask Load_song_dim_table
[2025-07-24T17:13:57.846+0000] {task_command.py:423} INFO - Running <TaskInstance: tune_stream_dag.Load_song_dim_table scheduled__2023-01-02T00:00:00+00:00 [running]> on host 5def55d2a1b5
[2025-07-24T17:13:58.398+0000] {taskinstance.py:2480} INFO - Exporting env vars: AIRFLOW_CTX_DAG_OWNER='genz-legend' AIRFLOW_CTX_DAG_ID='tune_stream_dag' AIRFLOW_CTX_TASK_ID='Load_song_dim_table' AIRFLOW_CTX_EXECUTION_DATE='2023-01-02T00:00:00+00:00' AIRFLOW_CTX_TRY_NUMBER='1' AIRFLOW_CTX_DAG_RUN_ID='scheduled__2023-01-02T00:00:00+00:00'
[2025-07-24T17:13:58.546+0000] {python.py:201} INFO - Done. Returned value was: None
[2025-07-24T17:13:58.588+0000] {taskinstance.py:1138} INFO - Marking task as SUCCESS. dag_id=tune_stream_dag, task_id=Load_song_dim_table, execution_date=20230102T000000, start_date=20250724T171357, end_date=20250724T171358
[2025-07-24T17:13:59.000+0000] {local_task_job_runner.py:234} INFO - Task exited with return code 0
[2025-07-24T17:13:59.133+0000] {taskinstance.py:3280} INFO - 0 downstream tasks scheduled from follow-on schedule check
