[2025-07-24T15:33:36.319+0000] {taskinstance.py:1956} INFO - Dependencies all met for dep_context=non-requeueable deps ti=<TaskInstance: tune_stream_dag.Load_songplays_fact_table scheduled__2023-01-01T12:00:00+00:00 [queued]>
[2025-07-24T15:33:36.330+0000] {taskinstance.py:1956} INFO - Dependencies all met for dep_context=requeueable deps ti=<TaskInstance: tune_stream_dag.Load_songplays_fact_table scheduled__2023-01-01T12:00:00+00:00 [queued]>
[2025-07-24T15:33:36.331+0000] {taskinstance.py:2170} INFO - Starting attempt 1 of 4
[2025-07-24T15:33:36.742+0000] {taskinstance.py:2191} INFO - Executing <Task(PythonOperator): Load_songplays_fact_table> on 2023-01-01 12:00:00+00:00
[2025-07-24T15:33:36.768+0000] {standard_task_runner.py:60} INFO - Started process 288 to run task
[2025-07-24T15:33:36.779+0000] {standard_task_runner.py:87} INFO - Running: ['***', 'tasks', 'run', 'tune_stream_dag', 'Load_songplays_fact_table', 'scheduled__2023-01-01T12:00:00+00:00', '--job-id', '1002', '--raw', '--subdir', 'DAGS_FOLDER/etl_pipeline.py', '--cfg-path', '/tmp/tmpefg2lup6']
[2025-07-24T15:33:36.871+0000] {standard_task_runner.py:88} INFO - Job 1002: Subtask Load_songplays_fact_table
[2025-07-24T15:33:37.324+0000] {task_command.py:423} INFO - Running <TaskInstance: tune_stream_dag.Load_songplays_fact_table scheduled__2023-01-01T12:00:00+00:00 [running]> on host c53547d84df1
[2025-07-24T15:33:37.753+0000] {taskinstance.py:2480} INFO - Exporting env vars: AIRFLOW_CTX_DAG_OWNER='genz-legend' AIRFLOW_CTX_DAG_ID='tune_stream_dag' AIRFLOW_CTX_TASK_ID='Load_songplays_fact_table' AIRFLOW_CTX_EXECUTION_DATE='2023-01-01T12:00:00+00:00' AIRFLOW_CTX_TRY_NUMBER='1' AIRFLOW_CTX_DAG_RUN_ID='scheduled__2023-01-01T12:00:00+00:00'
[2025-07-24T15:33:38.108+0000] {python.py:201} INFO - Done. Returned value was: None
[2025-07-24T15:33:38.179+0000] {taskinstance.py:1138} INFO - Marking task as SUCCESS. dag_id=tune_stream_dag, task_id=Load_songplays_fact_table, execution_date=20230101T120000, start_date=20250724T153336, end_date=20250724T153338
[2025-07-24T15:33:38.275+0000] {local_task_job_runner.py:234} INFO - Task exited with return code 0
[2025-07-24T15:33:38.548+0000] {taskinstance.py:3280} INFO - 0 downstream tasks scheduled from follow-on schedule check
[2025-07-24T16:17:16.902+0000] {taskinstance.py:1956} INFO - Dependencies all met for dep_context=non-requeueable deps ti=<TaskInstance: tune_stream_dag.Load_songplays_fact_table scheduled__2023-01-01T12:00:00+00:00 [queued]>
[2025-07-24T16:17:16.921+0000] {taskinstance.py:1956} INFO - Dependencies all met for dep_context=requeueable deps ti=<TaskInstance: tune_stream_dag.Load_songplays_fact_table scheduled__2023-01-01T12:00:00+00:00 [queued]>
[2025-07-24T16:17:16.922+0000] {taskinstance.py:2170} INFO - Starting attempt 1 of 4
[2025-07-24T16:17:16.947+0000] {taskinstance.py:2191} INFO - Executing <Task(PythonOperator): Load_songplays_fact_table> on 2023-01-01 12:00:00+00:00
[2025-07-24T16:17:16.962+0000] {standard_task_runner.py:60} INFO - Started process 328 to run task
[2025-07-24T16:17:16.976+0000] {standard_task_runner.py:87} INFO - Running: ['***', 'tasks', 'run', 'tune_stream_dag', 'Load_songplays_fact_table', 'scheduled__2023-01-01T12:00:00+00:00', '--job-id', '1404', '--raw', '--subdir', 'DAGS_FOLDER/etl_pipeline.py', '--cfg-path', '/tmp/tmpz4sg4bmk']
[2025-07-24T16:17:17.083+0000] {standard_task_runner.py:88} INFO - Job 1404: Subtask Load_songplays_fact_table
[2025-07-24T16:17:17.476+0000] {task_command.py:423} INFO - Running <TaskInstance: tune_stream_dag.Load_songplays_fact_table scheduled__2023-01-01T12:00:00+00:00 [running]> on host c53547d84df1
[2025-07-24T16:17:17.643+0000] {taskinstance.py:2480} INFO - Exporting env vars: AIRFLOW_CTX_DAG_OWNER='genz-legend' AIRFLOW_CTX_DAG_ID='tune_stream_dag' AIRFLOW_CTX_TASK_ID='Load_songplays_fact_table' AIRFLOW_CTX_EXECUTION_DATE='2023-01-01T12:00:00+00:00' AIRFLOW_CTX_TRY_NUMBER='1' AIRFLOW_CTX_DAG_RUN_ID='scheduled__2023-01-01T12:00:00+00:00'
[2025-07-24T16:17:24.831+0000] {python.py:201} INFO - Done. Returned value was: None
[2025-07-24T16:17:24.890+0000] {taskinstance.py:1138} INFO - Marking task as SUCCESS. dag_id=tune_stream_dag, task_id=Load_songplays_fact_table, execution_date=20230101T120000, start_date=20250724T161716, end_date=20250724T161724
[2025-07-24T16:17:24.980+0000] {local_task_job_runner.py:234} INFO - Task exited with return code 0
[2025-07-24T16:17:25.072+0000] {taskinstance.py:3280} INFO - 4 downstream tasks scheduled from follow-on schedule check
[2025-07-24T16:56:55.686+0000] {taskinstance.py:1956} INFO - Dependencies all met for dep_context=non-requeueable deps ti=<TaskInstance: tune_stream_dag.Load_songplays_fact_table scheduled__2023-01-01T12:00:00+00:00 [queued]>
[2025-07-24T16:56:55.996+0000] {taskinstance.py:1956} INFO - Dependencies all met for dep_context=requeueable deps ti=<TaskInstance: tune_stream_dag.Load_songplays_fact_table scheduled__2023-01-01T12:00:00+00:00 [queued]>
[2025-07-24T16:56:56.001+0000] {taskinstance.py:2170} INFO - Starting attempt 1 of 4
[2025-07-24T16:56:56.094+0000] {taskinstance.py:2191} INFO - Executing <Task(PythonOperator): Load_songplays_fact_table> on 2023-01-01 12:00:00+00:00
[2025-07-24T16:56:56.123+0000] {standard_task_runner.py:60} INFO - Started process 358 to run task
[2025-07-24T16:56:56.160+0000] {standard_task_runner.py:87} INFO - Running: ['***', 'tasks', 'run', 'tune_stream_dag', 'Load_songplays_fact_table', 'scheduled__2023-01-01T12:00:00+00:00', '--job-id', '1803', '--raw', '--subdir', 'DAGS_FOLDER/etl_pipeline.py', '--cfg-path', '/tmp/tmpgwxvx0nr']
[2025-07-24T16:56:56.178+0000] {standard_task_runner.py:88} INFO - Job 1803: Subtask Load_songplays_fact_table
[2025-07-24T16:56:56.555+0000] {task_command.py:423} INFO - Running <TaskInstance: tune_stream_dag.Load_songplays_fact_table scheduled__2023-01-01T12:00:00+00:00 [running]> on host 5def55d2a1b5
[2025-07-24T16:56:57.409+0000] {taskinstance.py:2480} INFO - Exporting env vars: AIRFLOW_CTX_DAG_OWNER='genz-legend' AIRFLOW_CTX_DAG_ID='tune_stream_dag' AIRFLOW_CTX_TASK_ID='Load_songplays_fact_table' AIRFLOW_CTX_EXECUTION_DATE='2023-01-01T12:00:00+00:00' AIRFLOW_CTX_TRY_NUMBER='1' AIRFLOW_CTX_DAG_RUN_ID='scheduled__2023-01-01T12:00:00+00:00'
[2025-07-24T16:57:01.336+0000] {python.py:201} INFO - Done. Returned value was: None
[2025-07-24T16:57:01.366+0000] {taskinstance.py:1138} INFO - Marking task as SUCCESS. dag_id=tune_stream_dag, task_id=Load_songplays_fact_table, execution_date=20230101T120000, start_date=20250724T165655, end_date=20250724T165701
[2025-07-24T16:57:01.501+0000] {local_task_job_runner.py:234} INFO - Task exited with return code 0
[2025-07-24T16:57:01.548+0000] {taskinstance.py:3280} INFO - 4 downstream tasks scheduled from follow-on schedule check
