[2025-07-24T15:27:00.171+0000] {taskinstance.py:1956} INFO - Dependencies all met for dep_context=non-requeueable deps ti=<TaskInstance: tune_stream_dag.Load_songplays_fact_table scheduled__2023-01-05T12:00:00+00:00 [queued]>
[2025-07-24T15:27:00.179+0000] {taskinstance.py:1956} INFO - Dependencies all met for dep_context=requeueable deps ti=<TaskInstance: tune_stream_dag.Load_songplays_fact_table scheduled__2023-01-05T12:00:00+00:00 [queued]>
[2025-07-24T15:27:00.180+0000] {taskinstance.py:2170} INFO - Starting attempt 1 of 4
[2025-07-24T15:27:00.193+0000] {taskinstance.py:2191} INFO - Executing <Task(PythonOperator): Load_songplays_fact_table> on 2023-01-05 12:00:00+00:00
[2025-07-24T15:27:00.198+0000] {standard_task_runner.py:60} INFO - Started process 239 to run task
[2025-07-24T15:27:00.202+0000] {standard_task_runner.py:87} INFO - Running: ['***', 'tasks', 'run', 'tune_stream_dag', 'Load_songplays_fact_table', 'scheduled__2023-01-05T12:00:00+00:00', '--job-id', '930', '--raw', '--subdir', 'DAGS_FOLDER/etl_pipeline.py', '--cfg-path', '/tmp/tmpntqcpq8v']
[2025-07-24T15:27:00.205+0000] {standard_task_runner.py:88} INFO - Job 930: Subtask Load_songplays_fact_table
[2025-07-24T15:27:00.259+0000] {task_command.py:423} INFO - Running <TaskInstance: tune_stream_dag.Load_songplays_fact_table scheduled__2023-01-05T12:00:00+00:00 [running]> on host c53547d84df1
[2025-07-24T15:27:00.326+0000] {taskinstance.py:2480} INFO - Exporting env vars: AIRFLOW_CTX_DAG_OWNER='genz-legend' AIRFLOW_CTX_DAG_ID='tune_stream_dag' AIRFLOW_CTX_TASK_ID='Load_songplays_fact_table' AIRFLOW_CTX_EXECUTION_DATE='2023-01-05T12:00:00+00:00' AIRFLOW_CTX_TRY_NUMBER='1' AIRFLOW_CTX_DAG_RUN_ID='scheduled__2023-01-05T12:00:00+00:00'
[2025-07-24T15:27:00.383+0000] {python.py:201} INFO - Done. Returned value was: None
[2025-07-24T15:27:00.391+0000] {taskinstance.py:1138} INFO - Marking task as SUCCESS. dag_id=tune_stream_dag, task_id=Load_songplays_fact_table, execution_date=20230105T120000, start_date=20250724T152700, end_date=20250724T152700
[2025-07-24T15:27:00.414+0000] {local_task_job_runner.py:234} INFO - Task exited with return code 0
[2025-07-24T15:27:00.441+0000] {taskinstance.py:3280} INFO - 4 downstream tasks scheduled from follow-on schedule check
[2025-07-24T17:34:46.116+0000] {taskinstance.py:1956} INFO - Dependencies all met for dep_context=non-requeueable deps ti=<TaskInstance: tune_stream_dag.Load_songplays_fact_table scheduled__2023-01-05T12:00:00+00:00 [queued]>
[2025-07-24T17:34:46.134+0000] {taskinstance.py:1956} INFO - Dependencies all met for dep_context=requeueable deps ti=<TaskInstance: tune_stream_dag.Load_songplays_fact_table scheduled__2023-01-05T12:00:00+00:00 [queued]>
[2025-07-24T17:34:46.135+0000] {taskinstance.py:2170} INFO - Starting attempt 1 of 4
[2025-07-24T17:34:46.158+0000] {taskinstance.py:2191} INFO - Executing <Task(PythonOperator): Load_songplays_fact_table> on 2023-01-05 12:00:00+00:00
[2025-07-24T17:34:46.175+0000] {standard_task_runner.py:60} INFO - Started process 3704 to run task
[2025-07-24T17:34:46.181+0000] {standard_task_runner.py:87} INFO - Running: ['***', 'tasks', 'run', 'tune_stream_dag', 'Load_songplays_fact_table', 'scheduled__2023-01-05T12:00:00+00:00', '--job-id', '2756', '--raw', '--subdir', 'DAGS_FOLDER/etl_pipeline.py', '--cfg-path', '/tmp/tmpe6ui8dvd']
[2025-07-24T17:34:46.189+0000] {standard_task_runner.py:88} INFO - Job 2756: Subtask Load_songplays_fact_table
[2025-07-24T17:34:46.465+0000] {task_command.py:423} INFO - Running <TaskInstance: tune_stream_dag.Load_songplays_fact_table scheduled__2023-01-05T12:00:00+00:00 [running]> on host 5def55d2a1b5
[2025-07-24T17:34:46.638+0000] {taskinstance.py:2480} INFO - Exporting env vars: AIRFLOW_CTX_DAG_OWNER='genz-legend' AIRFLOW_CTX_DAG_ID='tune_stream_dag' AIRFLOW_CTX_TASK_ID='Load_songplays_fact_table' AIRFLOW_CTX_EXECUTION_DATE='2023-01-05T12:00:00+00:00' AIRFLOW_CTX_TRY_NUMBER='1' AIRFLOW_CTX_DAG_RUN_ID='scheduled__2023-01-05T12:00:00+00:00'
[2025-07-24T17:35:41.714+0000] {python.py:201} INFO - Done. Returned value was: None
[2025-07-24T17:35:42.028+0000] {taskinstance.py:1138} INFO - Marking task as SUCCESS. dag_id=tune_stream_dag, task_id=Load_songplays_fact_table, execution_date=20230105T120000, start_date=20250724T173446, end_date=20250724T173542
[2025-07-24T17:35:42.250+0000] {local_task_job_runner.py:234} INFO - Task exited with return code 0
[2025-07-24T17:35:42.362+0000] {taskinstance.py:3280} INFO - 4 downstream tasks scheduled from follow-on schedule check
