[2025-07-24T13:52:58.046+0000] {taskinstance.py:1956} INFO - Dependencies all met for dep_context=non-requeueable deps ti=<TaskInstance: tune_stream_dag.Stage_songs scheduled__2023-01-02T09:00:00+00:00 [queued]>
[2025-07-24T13:52:58.058+0000] {taskinstance.py:1956} INFO - Dependencies all met for dep_context=requeueable deps ti=<TaskInstance: tune_stream_dag.Stage_songs scheduled__2023-01-02T09:00:00+00:00 [queued]>
[2025-07-24T13:52:58.058+0000] {taskinstance.py:2170} INFO - Starting attempt 1 of 4
[2025-07-24T13:52:58.074+0000] {taskinstance.py:2191} INFO - Executing <Task(PythonOperator): Stage_songs> on 2023-01-02 09:00:00+00:00
[2025-07-24T13:52:58.082+0000] {standard_task_runner.py:60} INFO - Started process 451 to run task
[2025-07-24T13:52:58.086+0000] {standard_task_runner.py:87} INFO - Running: ['***', 'tasks', 'run', 'tune_stream_dag', 'Stage_songs', 'scheduled__2023-01-02T09:00:00+00:00', '--job-id', '365', '--raw', '--subdir', 'DAGS_FOLDER/etl_pipeline.py', '--cfg-path', '/tmp/tmp7xsdej0g']
[2025-07-24T13:52:58.089+0000] {standard_task_runner.py:88} INFO - Job 365: Subtask Stage_songs
[2025-07-24T13:52:58.153+0000] {task_command.py:423} INFO - Running <TaskInstance: tune_stream_dag.Stage_songs scheduled__2023-01-02T09:00:00+00:00 [running]> on host a4bcda7cb679
[2025-07-24T13:52:58.222+0000] {taskinstance.py:2480} INFO - Exporting env vars: AIRFLOW_CTX_DAG_OWNER='genz-legend' AIRFLOW_CTX_DAG_ID='tune_stream_dag' AIRFLOW_CTX_TASK_ID='Stage_songs' AIRFLOW_CTX_EXECUTION_DATE='2023-01-02T09:00:00+00:00' AIRFLOW_CTX_TRY_NUMBER='1' AIRFLOW_CTX_DAG_RUN_ID='scheduled__2023-01-02T09:00:00+00:00'
[2025-07-24T13:52:58.528+0000] {python.py:201} INFO - Done. Returned value was: None
[2025-07-24T13:52:58.535+0000] {taskinstance.py:1138} INFO - Marking task as SUCCESS. dag_id=tune_stream_dag, task_id=Stage_songs, execution_date=20230102T090000, start_date=20250724T135258, end_date=20250724T135258
[2025-07-24T13:52:58.580+0000] {local_task_job_runner.py:234} INFO - Task exited with return code 0
[2025-07-24T13:52:58.602+0000] {taskinstance.py:3280} INFO - 0 downstream tasks scheduled from follow-on schedule check
[2025-07-24T16:05:18.423+0000] {taskinstance.py:1956} INFO - Dependencies all met for dep_context=non-requeueable deps ti=<TaskInstance: tune_stream_dag.Stage_songs scheduled__2023-01-02T09:00:00+00:00 [queued]>
[2025-07-24T16:05:18.441+0000] {taskinstance.py:1956} INFO - Dependencies all met for dep_context=requeueable deps ti=<TaskInstance: tune_stream_dag.Stage_songs scheduled__2023-01-02T09:00:00+00:00 [queued]>
[2025-07-24T16:05:18.442+0000] {taskinstance.py:2170} INFO - Starting attempt 1 of 4
[2025-07-24T16:05:18.473+0000] {taskinstance.py:2191} INFO - Executing <Task(PythonOperator): Stage_songs> on 2023-01-02 09:00:00+00:00
[2025-07-24T16:05:18.483+0000] {standard_task_runner.py:60} INFO - Started process 1758 to run task
[2025-07-24T16:05:18.492+0000] {standard_task_runner.py:87} INFO - Running: ['***', 'tasks', 'run', 'tune_stream_dag', 'Stage_songs', 'scheduled__2023-01-02T09:00:00+00:00', '--job-id', '1337', '--raw', '--subdir', 'DAGS_FOLDER/etl_pipeline.py', '--cfg-path', '/tmp/tmpl6b_ndjp']
[2025-07-24T16:05:18.497+0000] {standard_task_runner.py:88} INFO - Job 1337: Subtask Stage_songs
[2025-07-24T16:05:18.605+0000] {task_command.py:423} INFO - Running <TaskInstance: tune_stream_dag.Stage_songs scheduled__2023-01-02T09:00:00+00:00 [running]> on host c53547d84df1
[2025-07-24T16:05:18.743+0000] {taskinstance.py:2480} INFO - Exporting env vars: AIRFLOW_CTX_DAG_OWNER='genz-legend' AIRFLOW_CTX_DAG_ID='tune_stream_dag' AIRFLOW_CTX_TASK_ID='Stage_songs' AIRFLOW_CTX_EXECUTION_DATE='2023-01-02T09:00:00+00:00' AIRFLOW_CTX_TRY_NUMBER='1' AIRFLOW_CTX_DAG_RUN_ID='scheduled__2023-01-02T09:00:00+00:00'
[2025-07-24T16:05:19.620+0000] {python.py:201} INFO - Done. Returned value was: None
[2025-07-24T16:05:19.639+0000] {taskinstance.py:1138} INFO - Marking task as SUCCESS. dag_id=tune_stream_dag, task_id=Stage_songs, execution_date=20230102T090000, start_date=20250724T160518, end_date=20250724T160519
[2025-07-24T16:05:19.709+0000] {local_task_job_runner.py:234} INFO - Task exited with return code 0
[2025-07-24T16:05:19.747+0000] {taskinstance.py:3280} INFO - 0 downstream tasks scheduled from follow-on schedule check
[2025-07-24T17:18:02.224+0000] {taskinstance.py:1956} INFO - Dependencies all met for dep_context=non-requeueable deps ti=<TaskInstance: tune_stream_dag.Stage_songs scheduled__2023-01-02T09:00:00+00:00 [queued]>
[2025-07-24T17:18:02.240+0000] {taskinstance.py:1956} INFO - Dependencies all met for dep_context=requeueable deps ti=<TaskInstance: tune_stream_dag.Stage_songs scheduled__2023-01-02T09:00:00+00:00 [queued]>
[2025-07-24T17:18:02.241+0000] {taskinstance.py:2170} INFO - Starting attempt 1 of 4
[2025-07-24T17:18:02.259+0000] {taskinstance.py:2191} INFO - Executing <Task(PythonOperator): Stage_songs> on 2023-01-02 09:00:00+00:00
[2025-07-24T17:18:02.270+0000] {standard_task_runner.py:60} INFO - Started process 1522 to run task
[2025-07-24T17:18:02.278+0000] {standard_task_runner.py:87} INFO - Running: ['***', 'tasks', 'run', 'tune_stream_dag', 'Stage_songs', 'scheduled__2023-01-02T09:00:00+00:00', '--job-id', '2095', '--raw', '--subdir', 'DAGS_FOLDER/etl_pipeline.py', '--cfg-path', '/tmp/tmp0vx5n7n5']
[2025-07-24T17:18:02.283+0000] {standard_task_runner.py:88} INFO - Job 2095: Subtask Stage_songs
[2025-07-24T17:18:02.382+0000] {task_command.py:423} INFO - Running <TaskInstance: tune_stream_dag.Stage_songs scheduled__2023-01-02T09:00:00+00:00 [running]> on host 5def55d2a1b5
[2025-07-24T17:18:02.491+0000] {taskinstance.py:2480} INFO - Exporting env vars: AIRFLOW_CTX_DAG_OWNER='genz-legend' AIRFLOW_CTX_DAG_ID='tune_stream_dag' AIRFLOW_CTX_TASK_ID='Stage_songs' AIRFLOW_CTX_EXECUTION_DATE='2023-01-02T09:00:00+00:00' AIRFLOW_CTX_TRY_NUMBER='1' AIRFLOW_CTX_DAG_RUN_ID='scheduled__2023-01-02T09:00:00+00:00'
[2025-07-24T17:18:03.090+0000] {python.py:201} INFO - Done. Returned value was: None
[2025-07-24T17:18:03.107+0000] {taskinstance.py:1138} INFO - Marking task as SUCCESS. dag_id=tune_stream_dag, task_id=Stage_songs, execution_date=20230102T090000, start_date=20250724T171802, end_date=20250724T171803
[2025-07-24T17:18:03.132+0000] {local_task_job_runner.py:234} INFO - Task exited with return code 0
[2025-07-24T17:18:03.159+0000] {taskinstance.py:3280} INFO - 0 downstream tasks scheduled from follow-on schedule check
