[2025-07-24T14:29:38.962+0000] {taskinstance.py:1956} INFO - Dependencies all met for dep_context=non-requeueable deps ti=<TaskInstance: tune_stream_dag.Stage_songs scheduled__2023-01-03T17:00:00+00:00 [queued]>
[2025-07-24T14:29:38.976+0000] {taskinstance.py:1956} INFO - Dependencies all met for dep_context=requeueable deps ti=<TaskInstance: tune_stream_dag.Stage_songs scheduled__2023-01-03T17:00:00+00:00 [queued]>
[2025-07-24T14:29:38.982+0000] {taskinstance.py:2170} INFO - Starting attempt 1 of 4
[2025-07-24T14:29:39.008+0000] {taskinstance.py:2191} INFO - Executing <Task(PythonOperator): Stage_songs> on 2023-01-03 17:00:00+00:00
[2025-07-24T14:29:39.029+0000] {standard_task_runner.py:60} INFO - Started process 843 to run task
[2025-07-24T14:29:39.038+0000] {standard_task_runner.py:87} INFO - Running: ['***', 'tasks', 'run', 'tune_stream_dag', 'Stage_songs', 'scheduled__2023-01-03T17:00:00+00:00', '--job-id', '561', '--raw', '--subdir', 'DAGS_FOLDER/etl_pipeline.py', '--cfg-path', '/tmp/tmp_8i0b5yu']
[2025-07-24T14:29:39.048+0000] {standard_task_runner.py:88} INFO - Job 561: Subtask Stage_songs
[2025-07-24T14:29:39.191+0000] {task_command.py:423} INFO - Running <TaskInstance: tune_stream_dag.Stage_songs scheduled__2023-01-03T17:00:00+00:00 [running]> on host aea62fae55be
[2025-07-24T14:29:39.402+0000] {taskinstance.py:2480} INFO - Exporting env vars: AIRFLOW_CTX_DAG_OWNER='genz-legend' AIRFLOW_CTX_DAG_ID='tune_stream_dag' AIRFLOW_CTX_TASK_ID='Stage_songs' AIRFLOW_CTX_EXECUTION_DATE='2023-01-03T17:00:00+00:00' AIRFLOW_CTX_TRY_NUMBER='1' AIRFLOW_CTX_DAG_RUN_ID='scheduled__2023-01-03T17:00:00+00:00'
[2025-07-24T14:29:41.678+0000] {python.py:201} INFO - Done. Returned value was: None
[2025-07-24T14:29:41.860+0000] {taskinstance.py:1138} INFO - Marking task as SUCCESS. dag_id=tune_stream_dag, task_id=Stage_songs, execution_date=20230103T170000, start_date=20250724T142938, end_date=20250724T142941
[2025-07-24T14:29:42.152+0000] {local_task_job_runner.py:234} INFO - Task exited with return code 0
[2025-07-24T14:29:42.420+0000] {taskinstance.py:3280} INFO - 0 downstream tasks scheduled from follow-on schedule check
[2025-07-24T17:27:06.517+0000] {taskinstance.py:1956} INFO - Dependencies all met for dep_context=non-requeueable deps ti=<TaskInstance: tune_stream_dag.Stage_songs scheduled__2023-01-03T17:00:00+00:00 [queued]>
[2025-07-24T17:27:06.548+0000] {taskinstance.py:1956} INFO - Dependencies all met for dep_context=requeueable deps ti=<TaskInstance: tune_stream_dag.Stage_songs scheduled__2023-01-03T17:00:00+00:00 [queued]>
[2025-07-24T17:27:06.550+0000] {taskinstance.py:2170} INFO - Starting attempt 1 of 4
[2025-07-24T17:27:06.766+0000] {taskinstance.py:2191} INFO - Executing <Task(PythonOperator): Stage_songs> on 2023-01-03 17:00:00+00:00
[2025-07-24T17:27:06.788+0000] {standard_task_runner.py:60} INFO - Started process 2396 to run task
[2025-07-24T17:27:06.796+0000] {standard_task_runner.py:87} INFO - Running: ['***', 'tasks', 'run', 'tune_stream_dag', 'Stage_songs', 'scheduled__2023-01-03T17:00:00+00:00', '--job-id', '2352', '--raw', '--subdir', 'DAGS_FOLDER/etl_pipeline.py', '--cfg-path', '/tmp/tmp8mklq12j']
[2025-07-24T17:27:06.801+0000] {standard_task_runner.py:88} INFO - Job 2352: Subtask Stage_songs
[2025-07-24T17:27:07.907+0000] {task_command.py:423} INFO - Running <TaskInstance: tune_stream_dag.Stage_songs scheduled__2023-01-03T17:00:00+00:00 [running]> on host 5def55d2a1b5
[2025-07-24T17:27:10.970+0000] {taskinstance.py:2480} INFO - Exporting env vars: AIRFLOW_CTX_DAG_OWNER='genz-legend' AIRFLOW_CTX_DAG_ID='tune_stream_dag' AIRFLOW_CTX_TASK_ID='Stage_songs' AIRFLOW_CTX_EXECUTION_DATE='2023-01-03T17:00:00+00:00' AIRFLOW_CTX_TRY_NUMBER='1' AIRFLOW_CTX_DAG_RUN_ID='scheduled__2023-01-03T17:00:00+00:00'
[2025-07-24T17:27:17.287+0000] {python.py:201} INFO - Done. Returned value was: None
[2025-07-24T17:27:17.352+0000] {taskinstance.py:1138} INFO - Marking task as SUCCESS. dag_id=tune_stream_dag, task_id=Stage_songs, execution_date=20230103T170000, start_date=20250724T172706, end_date=20250724T172717
[2025-07-24T17:27:17.558+0000] {local_task_job_runner.py:234} INFO - Task exited with return code 0
[2025-07-24T17:27:17.868+0000] {taskinstance.py:3280} INFO - 0 downstream tasks scheduled from follow-on schedule check
