[2025-07-24T15:20:40.163+0000] {taskinstance.py:1956} INFO - Dependencies all met for dep_context=non-requeueable deps ti=<TaskInstance: tune_stream_dag.Stage_events scheduled__2023-01-05T03:00:00+00:00 [queued]>
[2025-07-24T15:20:40.205+0000] {taskinstance.py:1956} INFO - Dependencies all met for dep_context=requeueable deps ti=<TaskInstance: tune_stream_dag.Stage_events scheduled__2023-01-05T03:00:00+00:00 [queued]>
[2025-07-24T15:20:40.206+0000] {taskinstance.py:2170} INFO - Starting attempt 1 of 4
[2025-07-24T15:20:40.569+0000] {taskinstance.py:2191} INFO - Executing <Task(PythonOperator): Stage_events> on 2023-01-05 03:00:00+00:00
[2025-07-24T15:20:40.630+0000] {standard_task_runner.py:60} INFO - Started process 710 to run task
[2025-07-24T15:20:40.680+0000] {standard_task_runner.py:87} INFO - Running: ['***', 'tasks', 'run', 'tune_stream_dag', 'Stage_events', 'scheduled__2023-01-05T03:00:00+00:00', '--job-id', '840', '--raw', '--subdir', 'DAGS_FOLDER/etl_pipeline.py', '--cfg-path', '/tmp/tmpc_sffdnr']
[2025-07-24T15:20:40.738+0000] {standard_task_runner.py:88} INFO - Job 840: Subtask Stage_events
[2025-07-24T15:20:41.387+0000] {task_command.py:423} INFO - Running <TaskInstance: tune_stream_dag.Stage_events scheduled__2023-01-05T03:00:00+00:00 [running]> on host c53547d84df1
[2025-07-24T15:20:42.228+0000] {taskinstance.py:2480} INFO - Exporting env vars: AIRFLOW_CTX_DAG_OWNER='genz-legend' AIRFLOW_CTX_DAG_ID='tune_stream_dag' AIRFLOW_CTX_TASK_ID='Stage_events' AIRFLOW_CTX_EXECUTION_DATE='2023-01-05T03:00:00+00:00' AIRFLOW_CTX_TRY_NUMBER='1' AIRFLOW_CTX_DAG_RUN_ID='scheduled__2023-01-05T03:00:00+00:00'
[2025-07-24T15:21:08.677+0000] {python.py:201} INFO - Done. Returned value was: None
[2025-07-24T15:21:08.831+0000] {taskinstance.py:1138} INFO - Marking task as SUCCESS. dag_id=tune_stream_dag, task_id=Stage_events, execution_date=20230105T030000, start_date=20250724T152040, end_date=20250724T152108
[2025-07-24T15:21:10.206+0000] {local_task_job_runner.py:234} INFO - Task exited with return code 0
[2025-07-24T15:21:10.250+0000] {taskinstance.py:3280} INFO - 0 downstream tasks scheduled from follow-on schedule check
[2025-07-24T17:31:59.772+0000] {taskinstance.py:1956} INFO - Dependencies all met for dep_context=non-requeueable deps ti=<TaskInstance: tune_stream_dag.Stage_events scheduled__2023-01-05T03:00:00+00:00 [queued]>
[2025-07-24T17:31:59.792+0000] {taskinstance.py:1956} INFO - Dependencies all met for dep_context=requeueable deps ti=<TaskInstance: tune_stream_dag.Stage_events scheduled__2023-01-05T03:00:00+00:00 [queued]>
[2025-07-24T17:31:59.794+0000] {taskinstance.py:2170} INFO - Starting attempt 1 of 4
[2025-07-24T17:31:59.821+0000] {taskinstance.py:2191} INFO - Executing <Task(PythonOperator): Stage_events> on 2023-01-05 03:00:00+00:00
[2025-07-24T17:31:59.835+0000] {standard_task_runner.py:60} INFO - Started process 3239 to run task
[2025-07-24T17:31:59.843+0000] {standard_task_runner.py:87} INFO - Running: ['***', 'tasks', 'run', 'tune_stream_dag', 'Stage_events', 'scheduled__2023-01-05T03:00:00+00:00', '--job-id', '2613', '--raw', '--subdir', 'DAGS_FOLDER/etl_pipeline.py', '--cfg-path', '/tmp/tmplb48gtdl']
[2025-07-24T17:31:59.849+0000] {standard_task_runner.py:88} INFO - Job 2613: Subtask Stage_events
[2025-07-24T17:32:00.281+0000] {task_command.py:423} INFO - Running <TaskInstance: tune_stream_dag.Stage_events scheduled__2023-01-05T03:00:00+00:00 [running]> on host 5def55d2a1b5
[2025-07-24T17:32:00.658+0000] {taskinstance.py:2480} INFO - Exporting env vars: AIRFLOW_CTX_DAG_OWNER='genz-legend' AIRFLOW_CTX_DAG_ID='tune_stream_dag' AIRFLOW_CTX_TASK_ID='Stage_events' AIRFLOW_CTX_EXECUTION_DATE='2023-01-05T03:00:00+00:00' AIRFLOW_CTX_TRY_NUMBER='1' AIRFLOW_CTX_DAG_RUN_ID='scheduled__2023-01-05T03:00:00+00:00'
[2025-07-24T17:32:27.719+0000] {python.py:201} INFO - Done. Returned value was: None
[2025-07-24T17:32:29.272+0000] {taskinstance.py:1138} INFO - Marking task as SUCCESS. dag_id=tune_stream_dag, task_id=Stage_events, execution_date=20230105T030000, start_date=20250724T173159, end_date=20250724T173229
[2025-07-24T17:32:30.127+0000] {local_task_job_runner.py:234} INFO - Task exited with return code 0
[2025-07-24T17:32:30.301+0000] {taskinstance.py:3280} INFO - 1 downstream tasks scheduled from follow-on schedule check
