[2025-07-22T10:32:37.146+0000] {taskinstance.py:1956} INFO - Dependencies all met for dep_context=non-requeueable deps ti=<TaskInstance: tune_stream_dag.Load_songplays_fact_table scheduled__2023-01-02T01:00:00+00:00 [queued]>
[2025-07-22T10:32:37.155+0000] {taskinstance.py:1956} INFO - Dependencies all met for dep_context=requeueable deps ti=<TaskInstance: tune_stream_dag.Load_songplays_fact_table scheduled__2023-01-02T01:00:00+00:00 [queued]>
[2025-07-22T10:32:37.155+0000] {taskinstance.py:2170} INFO - Starting attempt 1 of 4
[2025-07-22T10:32:37.299+0000] {taskinstance.py:2191} INFO - Executing <Task(PythonOperator): Load_songplays_fact_table> on 2023-01-02 01:00:00+00:00
[2025-07-22T10:32:37.326+0000] {standard_task_runner.py:60} INFO - Started process 224 to run task
[2025-07-22T10:32:37.331+0000] {standard_task_runner.py:87} INFO - Running: ['***', 'tasks', 'run', 'tune_stream_dag', 'Load_songplays_fact_table', 'scheduled__2023-01-02T01:00:00+00:00', '--job-id', '269', '--raw', '--subdir', 'DAGS_FOLDER/etl_pipeline.py', '--cfg-path', '/tmp/tmp8ps5e45m']
[2025-07-22T10:32:37.336+0000] {standard_task_runner.py:88} INFO - Job 269: Subtask Load_songplays_fact_table
[2025-07-22T10:32:37.476+0000] {task_command.py:423} INFO - Running <TaskInstance: tune_stream_dag.Load_songplays_fact_table scheduled__2023-01-02T01:00:00+00:00 [running]> on host a2a13a541787
[2025-07-22T10:32:37.592+0000] {taskinstance.py:2480} INFO - Exporting env vars: AIRFLOW_CTX_DAG_OWNER='genz-legend' AIRFLOW_CTX_DAG_ID='tune_stream_dag' AIRFLOW_CTX_TASK_ID='Load_songplays_fact_table' AIRFLOW_CTX_EXECUTION_DATE='2023-01-02T01:00:00+00:00' AIRFLOW_CTX_TRY_NUMBER='1' AIRFLOW_CTX_DAG_RUN_ID='scheduled__2023-01-02T01:00:00+00:00'
[2025-07-22T10:32:37.603+0000] {taskinstance.py:2698} ERROR - Task failed with exception
Traceback (most recent call last):
  File "/home/airflow/.local/lib/python3.8/site-packages/airflow/models/taskinstance.py", line 433, in _execute_task
    result = execute_callable(context=context, **execute_callable_kwargs)
  File "/home/airflow/.local/lib/python3.8/site-packages/airflow/operators/python.py", line 199, in execute
    return_value = self.execute_callable()
  File "/home/airflow/.local/lib/python3.8/site-packages/airflow/operators/python.py", line 216, in execute_callable
    return self.python_callable(*self.op_args, **self.op_kwargs)
  File "/opt/airflow/dags/etl_pipeline.py", line 168, in <lambda>
    python_callable=lambda: load_table(SqlQueries.songplay_table_insert),
  File "/opt/airflow/dags/etl_pipeline.py", line 127, in load_table
    cur.execute(f"DELETE FROM {query.split()[3]}")
psycopg2.errors.SyntaxError: syntax error at or near ")"
LINE 1: DELETE FROM events.start_time)
                                     ^

[2025-07-22T10:32:37.620+0000] {taskinstance.py:1138} INFO - Marking task as UP_FOR_RETRY. dag_id=tune_stream_dag, task_id=Load_songplays_fact_table, execution_date=20230102T010000, start_date=20250722T103237, end_date=20250722T103237
[2025-07-22T10:32:37.675+0000] {standard_task_runner.py:107} ERROR - Failed to execute job 269 for task Load_songplays_fact_table (syntax error at or near ")"
LINE 1: DELETE FROM events.start_time)
                                     ^
; 224)
[2025-07-22T10:32:37.705+0000] {local_task_job_runner.py:234} INFO - Task exited with return code 1
[2025-07-22T10:32:37.761+0000] {taskinstance.py:3280} INFO - 0 downstream tasks scheduled from follow-on schedule check
[2025-07-24T15:54:48.594+0000] {taskinstance.py:1956} INFO - Dependencies all met for dep_context=non-requeueable deps ti=<TaskInstance: tune_stream_dag.Load_songplays_fact_table scheduled__2023-01-02T01:00:00+00:00 [queued]>
[2025-07-24T15:54:48.604+0000] {taskinstance.py:1956} INFO - Dependencies all met for dep_context=requeueable deps ti=<TaskInstance: tune_stream_dag.Load_songplays_fact_table scheduled__2023-01-02T01:00:00+00:00 [queued]>
[2025-07-24T15:54:48.606+0000] {taskinstance.py:2170} INFO - Starting attempt 1 of 4
[2025-07-24T15:54:48.619+0000] {taskinstance.py:2191} INFO - Executing <Task(PythonOperator): Load_songplays_fact_table> on 2023-01-02 01:00:00+00:00
[2025-07-24T15:54:48.626+0000] {standard_task_runner.py:60} INFO - Started process 1229 to run task
[2025-07-24T15:54:48.629+0000] {standard_task_runner.py:87} INFO - Running: ['***', 'tasks', 'run', 'tune_stream_dag', 'Load_songplays_fact_table', 'scheduled__2023-01-02T01:00:00+00:00', '--job-id', '1216', '--raw', '--subdir', 'DAGS_FOLDER/etl_pipeline.py', '--cfg-path', '/tmp/tmp4t7umrd9']
[2025-07-24T15:54:48.633+0000] {standard_task_runner.py:88} INFO - Job 1216: Subtask Load_songplays_fact_table
[2025-07-24T15:54:48.743+0000] {task_command.py:423} INFO - Running <TaskInstance: tune_stream_dag.Load_songplays_fact_table scheduled__2023-01-02T01:00:00+00:00 [running]> on host c53547d84df1
[2025-07-24T15:54:48.852+0000] {taskinstance.py:2480} INFO - Exporting env vars: AIRFLOW_CTX_DAG_OWNER='genz-legend' AIRFLOW_CTX_DAG_ID='tune_stream_dag' AIRFLOW_CTX_TASK_ID='Load_songplays_fact_table' AIRFLOW_CTX_EXECUTION_DATE='2023-01-02T01:00:00+00:00' AIRFLOW_CTX_TRY_NUMBER='1' AIRFLOW_CTX_DAG_RUN_ID='scheduled__2023-01-02T01:00:00+00:00'
[2025-07-24T15:54:49.039+0000] {python.py:201} INFO - Done. Returned value was: None
[2025-07-24T15:54:49.051+0000] {taskinstance.py:1138} INFO - Marking task as SUCCESS. dag_id=tune_stream_dag, task_id=Load_songplays_fact_table, execution_date=20230102T010000, start_date=20250724T155448, end_date=20250724T155449
[2025-07-24T15:54:49.085+0000] {local_task_job_runner.py:234} INFO - Task exited with return code 0
[2025-07-24T15:54:49.784+0000] {taskinstance.py:3280} INFO - 4 downstream tasks scheduled from follow-on schedule check
[2025-07-24T16:34:28.058+0000] {taskinstance.py:1956} INFO - Dependencies all met for dep_context=non-requeueable deps ti=<TaskInstance: tune_stream_dag.Load_songplays_fact_table scheduled__2023-01-02T01:00:00+00:00 [queued]>
[2025-07-24T16:34:28.068+0000] {taskinstance.py:1956} INFO - Dependencies all met for dep_context=requeueable deps ti=<TaskInstance: tune_stream_dag.Load_songplays_fact_table scheduled__2023-01-02T01:00:00+00:00 [queued]>
[2025-07-24T16:34:28.069+0000] {taskinstance.py:2170} INFO - Starting attempt 1 of 4
[2025-07-24T16:34:28.082+0000] {taskinstance.py:2191} INFO - Executing <Task(PythonOperator): Load_songplays_fact_table> on 2023-01-02 01:00:00+00:00
[2025-07-24T16:34:28.090+0000] {standard_task_runner.py:60} INFO - Started process 1231 to run task
[2025-07-24T16:34:28.094+0000] {standard_task_runner.py:87} INFO - Running: ['***', 'tasks', 'run', 'tune_stream_dag', 'Load_songplays_fact_table', 'scheduled__2023-01-02T01:00:00+00:00', '--job-id', '1621', '--raw', '--subdir', 'DAGS_FOLDER/etl_pipeline.py', '--cfg-path', '/tmp/tmpxqkm3vev']
[2025-07-24T16:34:28.097+0000] {standard_task_runner.py:88} INFO - Job 1621: Subtask Load_songplays_fact_table
[2025-07-24T16:34:28.168+0000] {task_command.py:423} INFO - Running <TaskInstance: tune_stream_dag.Load_songplays_fact_table scheduled__2023-01-02T01:00:00+00:00 [running]> on host c53547d84df1
[2025-07-24T16:34:28.249+0000] {taskinstance.py:2480} INFO - Exporting env vars: AIRFLOW_CTX_DAG_OWNER='genz-legend' AIRFLOW_CTX_DAG_ID='tune_stream_dag' AIRFLOW_CTX_TASK_ID='Load_songplays_fact_table' AIRFLOW_CTX_EXECUTION_DATE='2023-01-02T01:00:00+00:00' AIRFLOW_CTX_TRY_NUMBER='1' AIRFLOW_CTX_DAG_RUN_ID='scheduled__2023-01-02T01:00:00+00:00'
[2025-07-24T16:34:37.547+0000] {python.py:201} INFO - Done. Returned value was: None
[2025-07-24T16:34:37.572+0000] {taskinstance.py:1138} INFO - Marking task as SUCCESS. dag_id=tune_stream_dag, task_id=Load_songplays_fact_table, execution_date=20230102T010000, start_date=20250724T163428, end_date=20250724T163437
[2025-07-24T16:34:37.762+0000] {local_task_job_runner.py:234} INFO - Task exited with return code 0
[2025-07-24T16:34:37.833+0000] {taskinstance.py:3280} INFO - 4 downstream tasks scheduled from follow-on schedule check
[2025-07-24T17:13:26.222+0000] {taskinstance.py:1956} INFO - Dependencies all met for dep_context=non-requeueable deps ti=<TaskInstance: tune_stream_dag.Load_songplays_fact_table scheduled__2023-01-02T01:00:00+00:00 [queued]>
[2025-07-24T17:13:26.233+0000] {taskinstance.py:1956} INFO - Dependencies all met for dep_context=requeueable deps ti=<TaskInstance: tune_stream_dag.Load_songplays_fact_table scheduled__2023-01-02T01:00:00+00:00 [queued]>
[2025-07-24T17:13:26.234+0000] {taskinstance.py:2170} INFO - Starting attempt 1 of 4
[2025-07-24T17:13:26.246+0000] {taskinstance.py:2191} INFO - Executing <Task(PythonOperator): Load_songplays_fact_table> on 2023-01-02 01:00:00+00:00
[2025-07-24T17:13:26.256+0000] {standard_task_runner.py:60} INFO - Started process 1208 to run task
[2025-07-24T17:13:26.259+0000] {standard_task_runner.py:87} INFO - Running: ['***', 'tasks', 'run', 'tune_stream_dag', 'Load_songplays_fact_table', 'scheduled__2023-01-02T01:00:00+00:00', '--job-id', '2014', '--raw', '--subdir', 'DAGS_FOLDER/etl_pipeline.py', '--cfg-path', '/tmp/tmph616ab2s']
[2025-07-24T17:13:26.263+0000] {standard_task_runner.py:88} INFO - Job 2014: Subtask Load_songplays_fact_table
[2025-07-24T17:13:26.335+0000] {task_command.py:423} INFO - Running <TaskInstance: tune_stream_dag.Load_songplays_fact_table scheduled__2023-01-02T01:00:00+00:00 [running]> on host 5def55d2a1b5
[2025-07-24T17:13:26.398+0000] {taskinstance.py:2480} INFO - Exporting env vars: AIRFLOW_CTX_DAG_OWNER='genz-legend' AIRFLOW_CTX_DAG_ID='tune_stream_dag' AIRFLOW_CTX_TASK_ID='Load_songplays_fact_table' AIRFLOW_CTX_EXECUTION_DATE='2023-01-02T01:00:00+00:00' AIRFLOW_CTX_TRY_NUMBER='1' AIRFLOW_CTX_DAG_RUN_ID='scheduled__2023-01-02T01:00:00+00:00'
[2025-07-24T17:13:34.069+0000] {python.py:201} INFO - Done. Returned value was: None
[2025-07-24T17:13:34.086+0000] {taskinstance.py:1138} INFO - Marking task as SUCCESS. dag_id=tune_stream_dag, task_id=Load_songplays_fact_table, execution_date=20230102T010000, start_date=20250724T171326, end_date=20250724T171334
[2025-07-24T17:13:34.335+0000] {local_task_job_runner.py:234} INFO - Task exited with return code 0
[2025-07-24T17:13:34.377+0000] {taskinstance.py:3280} INFO - 4 downstream tasks scheduled from follow-on schedule check
