[2025-07-22T10:19:16.284+0000] {taskinstance.py:1956} INFO - Dependencies all met for dep_context=non-requeueable deps ti=<TaskInstance: tune_stream_dag.Stage_events scheduled__2023-01-01T20:00:00+00:00 [queued]>
[2025-07-22T10:19:16.302+0000] {taskinstance.py:1956} INFO - Dependencies all met for dep_context=requeueable deps ti=<TaskInstance: tune_stream_dag.Stage_events scheduled__2023-01-01T20:00:00+00:00 [queued]>
[2025-07-22T10:19:16.304+0000] {taskinstance.py:2170} INFO - Starting attempt 1 of 4
[2025-07-22T10:19:16.327+0000] {taskinstance.py:2191} INFO - Executing <Task(PythonOperator): Stage_events> on 2023-01-01 20:00:00+00:00
[2025-07-22T10:19:16.338+0000] {standard_task_runner.py:60} INFO - Started process 729 to run task
[2025-07-22T10:19:16.344+0000] {standard_task_runner.py:87} INFO - Running: ['***', 'tasks', 'run', 'tune_stream_dag', 'Stage_events', 'scheduled__2023-01-01T20:00:00+00:00', '--job-id', '191', '--raw', '--subdir', 'DAGS_FOLDER/etl_pipeline.py', '--cfg-path', '/tmp/tmp1mqg827d']
[2025-07-22T10:19:16.349+0000] {standard_task_runner.py:88} INFO - Job 191: Subtask Stage_events
[2025-07-22T10:19:16.548+0000] {task_command.py:423} INFO - Running <TaskInstance: tune_stream_dag.Stage_events scheduled__2023-01-01T20:00:00+00:00 [running]> on host a2a13a541787
[2025-07-22T10:19:16.776+0000] {taskinstance.py:2480} INFO - Exporting env vars: AIRFLOW_CTX_DAG_OWNER='genz-legend' AIRFLOW_CTX_DAG_ID='tune_stream_dag' AIRFLOW_CTX_TASK_ID='Stage_events' AIRFLOW_CTX_EXECUTION_DATE='2023-01-01T20:00:00+00:00' AIRFLOW_CTX_TRY_NUMBER='1' AIRFLOW_CTX_DAG_RUN_ID='scheduled__2023-01-01T20:00:00+00:00'
[2025-07-22T10:19:16.865+0000] {taskinstance.py:2698} ERROR - Task failed with exception
Traceback (most recent call last):
  File "/home/airflow/.local/lib/python3.8/site-packages/airflow/models/taskinstance.py", line 433, in _execute_task
    result = execute_callable(context=context, **execute_callable_kwargs)
  File "/home/airflow/.local/lib/python3.8/site-packages/airflow/operators/python.py", line 199, in execute
    return_value = self.execute_callable()
  File "/home/airflow/.local/lib/python3.8/site-packages/airflow/operators/python.py", line 216, in execute_callable
    return self.python_callable(*self.op_args, **self.op_kwargs)
  File "/opt/airflow/dags/etl_pipeline.py", line 77, in stage_events
    data = json.load(f)
  File "/usr/local/lib/python3.8/json/__init__.py", line 293, in load
    return loads(fp.read(),
  File "/usr/local/lib/python3.8/json/__init__.py", line 357, in loads
    return _default_decoder.decode(s)
  File "/usr/local/lib/python3.8/json/decoder.py", line 340, in decode
    raise JSONDecodeError("Extra data", s, end)
json.decoder.JSONDecodeError: Extra data: line 2 column 1 (char 457)
[2025-07-22T10:19:16.897+0000] {taskinstance.py:1138} INFO - Marking task as UP_FOR_RETRY. dag_id=tune_stream_dag, task_id=Stage_events, execution_date=20230101T200000, start_date=20250722T101916, end_date=20250722T101916
[2025-07-22T10:19:16.923+0000] {standard_task_runner.py:107} ERROR - Failed to execute job 191 for task Stage_events (Extra data: line 2 column 1 (char 457); 729)
[2025-07-22T10:19:16.967+0000] {local_task_job_runner.py:234} INFO - Task exited with return code 1
[2025-07-22T10:19:17.029+0000] {taskinstance.py:3280} INFO - 0 downstream tasks scheduled from follow-on schedule check
[2025-07-24T15:49:28.056+0000] {taskinstance.py:1956} INFO - Dependencies all met for dep_context=non-requeueable deps ti=<TaskInstance: tune_stream_dag.Stage_events scheduled__2023-01-01T20:00:00+00:00 [queued]>
[2025-07-24T15:49:28.071+0000] {taskinstance.py:1956} INFO - Dependencies all met for dep_context=requeueable deps ti=<TaskInstance: tune_stream_dag.Stage_events scheduled__2023-01-01T20:00:00+00:00 [queued]>
[2025-07-24T15:49:28.072+0000] {taskinstance.py:2170} INFO - Starting attempt 1 of 4
[2025-07-24T15:49:28.090+0000] {taskinstance.py:2191} INFO - Executing <Task(PythonOperator): Stage_events> on 2023-01-01 20:00:00+00:00
[2025-07-24T15:49:28.106+0000] {standard_task_runner.py:60} INFO - Started process 983 to run task
[2025-07-24T15:49:28.112+0000] {standard_task_runner.py:87} INFO - Running: ['***', 'tasks', 'run', 'tune_stream_dag', 'Stage_events', 'scheduled__2023-01-01T20:00:00+00:00', '--job-id', '1158', '--raw', '--subdir', 'DAGS_FOLDER/etl_pipeline.py', '--cfg-path', '/tmp/tmp4th6_o1n']
[2025-07-24T15:49:28.121+0000] {standard_task_runner.py:88} INFO - Job 1158: Subtask Stage_events
[2025-07-24T15:49:28.232+0000] {task_command.py:423} INFO - Running <TaskInstance: tune_stream_dag.Stage_events scheduled__2023-01-01T20:00:00+00:00 [running]> on host c53547d84df1
[2025-07-24T15:49:28.350+0000] {taskinstance.py:2480} INFO - Exporting env vars: AIRFLOW_CTX_DAG_OWNER='genz-legend' AIRFLOW_CTX_DAG_ID='tune_stream_dag' AIRFLOW_CTX_TASK_ID='Stage_events' AIRFLOW_CTX_EXECUTION_DATE='2023-01-01T20:00:00+00:00' AIRFLOW_CTX_TRY_NUMBER='1' AIRFLOW_CTX_DAG_RUN_ID='scheduled__2023-01-01T20:00:00+00:00'
[2025-07-24T15:49:34.888+0000] {python.py:201} INFO - Done. Returned value was: None
[2025-07-24T15:49:34.900+0000] {taskinstance.py:1138} INFO - Marking task as SUCCESS. dag_id=tune_stream_dag, task_id=Stage_events, execution_date=20230101T200000, start_date=20250724T154928, end_date=20250724T154934
[2025-07-24T15:49:35.039+0000] {local_task_job_runner.py:234} INFO - Task exited with return code 0
[2025-07-24T15:49:35.060+0000] {taskinstance.py:3280} INFO - 1 downstream tasks scheduled from follow-on schedule check
[2025-07-24T16:33:44.401+0000] {taskinstance.py:1956} INFO - Dependencies all met for dep_context=non-requeueable deps ti=<TaskInstance: tune_stream_dag.Stage_events scheduled__2023-01-01T20:00:00+00:00 [queued]>
[2025-07-24T16:33:44.473+0000] {taskinstance.py:1956} INFO - Dependencies all met for dep_context=requeueable deps ti=<TaskInstance: tune_stream_dag.Stage_events scheduled__2023-01-01T20:00:00+00:00 [queued]>
[2025-07-24T16:33:44.477+0000] {taskinstance.py:2170} INFO - Starting attempt 1 of 4
[2025-07-24T16:33:44.593+0000] {taskinstance.py:2191} INFO - Executing <Task(PythonOperator): Stage_events> on 2023-01-01 20:00:00+00:00
[2025-07-24T16:33:44.667+0000] {standard_task_runner.py:60} INFO - Started process 1098 to run task
[2025-07-24T16:33:44.765+0000] {standard_task_runner.py:87} INFO - Running: ['***', 'tasks', 'run', 'tune_stream_dag', 'Stage_events', 'scheduled__2023-01-01T20:00:00+00:00', '--job-id', '1578', '--raw', '--subdir', 'DAGS_FOLDER/etl_pipeline.py', '--cfg-path', '/tmp/tmpfaytkvoc']
[2025-07-24T16:33:44.809+0000] {standard_task_runner.py:88} INFO - Job 1578: Subtask Stage_events
[2025-07-24T16:33:45.297+0000] {task_command.py:423} INFO - Running <TaskInstance: tune_stream_dag.Stage_events scheduled__2023-01-01T20:00:00+00:00 [running]> on host c53547d84df1
[2025-07-24T16:33:45.530+0000] {taskinstance.py:2480} INFO - Exporting env vars: AIRFLOW_CTX_DAG_OWNER='genz-legend' AIRFLOW_CTX_DAG_ID='tune_stream_dag' AIRFLOW_CTX_TASK_ID='Stage_events' AIRFLOW_CTX_EXECUTION_DATE='2023-01-01T20:00:00+00:00' AIRFLOW_CTX_TRY_NUMBER='1' AIRFLOW_CTX_DAG_RUN_ID='scheduled__2023-01-01T20:00:00+00:00'
[2025-07-24T16:33:52.476+0000] {python.py:201} INFO - Done. Returned value was: None
[2025-07-24T16:33:52.534+0000] {taskinstance.py:1138} INFO - Marking task as SUCCESS. dag_id=tune_stream_dag, task_id=Stage_events, execution_date=20230101T200000, start_date=20250724T163344, end_date=20250724T163352
[2025-07-24T16:33:52.717+0000] {local_task_job_runner.py:234} INFO - Task exited with return code 0
[2025-07-24T16:33:52.754+0000] {taskinstance.py:3280} INFO - 1 downstream tasks scheduled from follow-on schedule check
[2025-07-24T17:12:48.172+0000] {taskinstance.py:1956} INFO - Dependencies all met for dep_context=non-requeueable deps ti=<TaskInstance: tune_stream_dag.Stage_events scheduled__2023-01-01T20:00:00+00:00 [queued]>
[2025-07-24T17:12:48.189+0000] {taskinstance.py:1956} INFO - Dependencies all met for dep_context=requeueable deps ti=<TaskInstance: tune_stream_dag.Stage_events scheduled__2023-01-01T20:00:00+00:00 [queued]>
[2025-07-24T17:12:48.193+0000] {taskinstance.py:2170} INFO - Starting attempt 1 of 4
[2025-07-24T17:12:48.223+0000] {taskinstance.py:2191} INFO - Executing <Task(PythonOperator): Stage_events> on 2023-01-01 20:00:00+00:00
[2025-07-24T17:12:48.248+0000] {standard_task_runner.py:60} INFO - Started process 1119 to run task
[2025-07-24T17:12:48.275+0000] {standard_task_runner.py:87} INFO - Running: ['***', 'tasks', 'run', 'tune_stream_dag', 'Stage_events', 'scheduled__2023-01-01T20:00:00+00:00', '--job-id', '1982', '--raw', '--subdir', 'DAGS_FOLDER/etl_pipeline.py', '--cfg-path', '/tmp/tmp0315349e']
[2025-07-24T17:12:48.290+0000] {standard_task_runner.py:88} INFO - Job 1982: Subtask Stage_events
[2025-07-24T17:12:48.470+0000] {task_command.py:423} INFO - Running <TaskInstance: tune_stream_dag.Stage_events scheduled__2023-01-01T20:00:00+00:00 [running]> on host 5def55d2a1b5
[2025-07-24T17:12:48.656+0000] {taskinstance.py:2480} INFO - Exporting env vars: AIRFLOW_CTX_DAG_OWNER='genz-legend' AIRFLOW_CTX_DAG_ID='tune_stream_dag' AIRFLOW_CTX_TASK_ID='Stage_events' AIRFLOW_CTX_EXECUTION_DATE='2023-01-01T20:00:00+00:00' AIRFLOW_CTX_TRY_NUMBER='1' AIRFLOW_CTX_DAG_RUN_ID='scheduled__2023-01-01T20:00:00+00:00'
[2025-07-24T17:13:02.752+0000] {python.py:201} INFO - Done. Returned value was: None
[2025-07-24T17:13:03.377+0000] {taskinstance.py:1138} INFO - Marking task as SUCCESS. dag_id=tune_stream_dag, task_id=Stage_events, execution_date=20230101T200000, start_date=20250724T171248, end_date=20250724T171303
[2025-07-24T17:13:04.141+0000] {local_task_job_runner.py:234} INFO - Task exited with return code 0
[2025-07-24T17:13:04.387+0000] {taskinstance.py:3280} INFO - 1 downstream tasks scheduled from follow-on schedule check
