[2025-07-24T15:04:39.747+0000] {taskinstance.py:1956} INFO - Dependencies all met for dep_context=non-requeueable deps ti=<TaskInstance: tune_stream_dag.Stage_events scheduled__2023-01-04T18:00:00+00:00 [queued]>
[2025-07-24T15:04:39.754+0000] {taskinstance.py:1956} INFO - Dependencies all met for dep_context=requeueable deps ti=<TaskInstance: tune_stream_dag.Stage_events scheduled__2023-01-04T18:00:00+00:00 [queued]>
[2025-07-24T15:04:39.755+0000] {taskinstance.py:2170} INFO - Starting attempt 1 of 4
[2025-07-24T15:04:53.777+0000] {taskinstance.py:2191} INFO - Executing <Task(PythonOperator): Stage_events> on 2023-01-04 18:00:00+00:00
[2025-07-24T15:04:53.794+0000] {standard_task_runner.py:60} INFO - Started process 244 to run task
[2025-07-24T15:04:53.798+0000] {standard_task_runner.py:87} INFO - Running: ['***', 'tasks', 'run', 'tune_stream_dag', 'Stage_events', 'scheduled__2023-01-04T18:00:00+00:00', '--job-id', '768', '--raw', '--subdir', 'DAGS_FOLDER/etl_pipeline.py', '--cfg-path', '/tmp/tmpm22ws581']
[2025-07-24T15:04:53.974+0000] {standard_task_runner.py:88} INFO - Job 768: Subtask Stage_events
[2025-07-24T15:04:56.030+0000] {task_command.py:423} INFO - Running <TaskInstance: tune_stream_dag.Stage_events scheduled__2023-01-04T18:00:00+00:00 [running]> on host c53547d84df1
[2025-07-24T15:04:58.121+0000] {taskinstance.py:2480} INFO - Exporting env vars: AIRFLOW_CTX_DAG_OWNER='genz-legend' AIRFLOW_CTX_DAG_ID='tune_stream_dag' AIRFLOW_CTX_TASK_ID='Stage_events' AIRFLOW_CTX_EXECUTION_DATE='2023-01-04T18:00:00+00:00' AIRFLOW_CTX_TRY_NUMBER='1' AIRFLOW_CTX_DAG_RUN_ID='scheduled__2023-01-04T18:00:00+00:00'
[2025-07-24T15:05:01.788+0000] {python.py:201} INFO - Done. Returned value was: None
[2025-07-24T15:05:01.819+0000] {taskinstance.py:1138} INFO - Marking task as SUCCESS. dag_id=tune_stream_dag, task_id=Stage_events, execution_date=20230104T180000, start_date=20250724T150439, end_date=20250724T150501
[2025-07-24T15:05:01.989+0000] {local_task_job_runner.py:234} INFO - Task exited with return code 0
[2025-07-24T15:05:02.017+0000] {taskinstance.py:3280} INFO - 1 downstream tasks scheduled from follow-on schedule check
[2025-07-24T17:30:10.043+0000] {taskinstance.py:1956} INFO - Dependencies all met for dep_context=non-requeueable deps ti=<TaskInstance: tune_stream_dag.Stage_events scheduled__2023-01-04T18:00:00+00:00 [queued]>
[2025-07-24T17:30:10.058+0000] {taskinstance.py:1956} INFO - Dependencies all met for dep_context=requeueable deps ti=<TaskInstance: tune_stream_dag.Stage_events scheduled__2023-01-04T18:00:00+00:00 [queued]>
[2025-07-24T17:30:10.058+0000] {taskinstance.py:2170} INFO - Starting attempt 1 of 4
[2025-07-24T17:30:10.085+0000] {taskinstance.py:2191} INFO - Executing <Task(PythonOperator): Stage_events> on 2023-01-04 18:00:00+00:00
[2025-07-24T17:30:10.098+0000] {standard_task_runner.py:60} INFO - Started process 2870 to run task
[2025-07-24T17:30:10.115+0000] {standard_task_runner.py:87} INFO - Running: ['***', 'tasks', 'run', 'tune_stream_dag', 'Stage_events', 'scheduled__2023-01-04T18:00:00+00:00', '--job-id', '2499', '--raw', '--subdir', 'DAGS_FOLDER/etl_pipeline.py', '--cfg-path', '/tmp/tmpmdgtm5by']
[2025-07-24T17:30:10.142+0000] {standard_task_runner.py:88} INFO - Job 2499: Subtask Stage_events
[2025-07-24T17:30:10.446+0000] {task_command.py:423} INFO - Running <TaskInstance: tune_stream_dag.Stage_events scheduled__2023-01-04T18:00:00+00:00 [running]> on host 5def55d2a1b5
[2025-07-24T17:30:10.541+0000] {taskinstance.py:2480} INFO - Exporting env vars: AIRFLOW_CTX_DAG_OWNER='genz-legend' AIRFLOW_CTX_DAG_ID='tune_stream_dag' AIRFLOW_CTX_TASK_ID='Stage_events' AIRFLOW_CTX_EXECUTION_DATE='2023-01-04T18:00:00+00:00' AIRFLOW_CTX_TRY_NUMBER='1' AIRFLOW_CTX_DAG_RUN_ID='scheduled__2023-01-04T18:00:00+00:00'
[2025-07-24T17:30:50.795+0000] {python.py:201} INFO - Done. Returned value was: None
[2025-07-24T17:30:50.859+0000] {taskinstance.py:1138} INFO - Marking task as SUCCESS. dag_id=tune_stream_dag, task_id=Stage_events, execution_date=20230104T180000, start_date=20250724T173010, end_date=20250724T173050
[2025-07-24T17:30:51.539+0000] {local_task_job_runner.py:234} INFO - Task exited with return code 0
[2025-07-24T17:30:51.730+0000] {taskinstance.py:3280} INFO - 0 downstream tasks scheduled from follow-on schedule check
