[2025-07-24T14:45:27.558+0000] {taskinstance.py:1956} INFO - Dependencies all met for dep_context=non-requeueable deps ti=<TaskInstance: tune_stream_dag.Stage_events scheduled__2023-01-04T03:00:00+00:00 [queued]>
[2025-07-24T14:45:27.573+0000] {taskinstance.py:1956} INFO - Dependencies all met for dep_context=requeueable deps ti=<TaskInstance: tune_stream_dag.Stage_events scheduled__2023-01-04T03:00:00+00:00 [queued]>
[2025-07-24T14:45:27.574+0000] {taskinstance.py:2170} INFO - Starting attempt 1 of 4
[2025-07-24T14:45:27.597+0000] {taskinstance.py:2191} INFO - Executing <Task(PythonOperator): Stage_events> on 2023-01-04 03:00:00+00:00
[2025-07-24T14:45:27.607+0000] {standard_task_runner.py:60} INFO - Started process 452 to run task
[2025-07-24T14:45:27.616+0000] {standard_task_runner.py:87} INFO - Running: ['***', 'tasks', 'run', 'tune_stream_dag', 'Stage_events', 'scheduled__2023-01-04T03:00:00+00:00', '--job-id', '654', '--raw', '--subdir', 'DAGS_FOLDER/etl_pipeline.py', '--cfg-path', '/tmp/tmpw2kl45ik']
[2025-07-24T14:45:27.623+0000] {standard_task_runner.py:88} INFO - Job 654: Subtask Stage_events
[2025-07-24T14:45:27.766+0000] {task_command.py:423} INFO - Running <TaskInstance: tune_stream_dag.Stage_events scheduled__2023-01-04T03:00:00+00:00 [running]> on host aea62fae55be
[2025-07-24T14:45:28.000+0000] {taskinstance.py:2480} INFO - Exporting env vars: AIRFLOW_CTX_DAG_OWNER='genz-legend' AIRFLOW_CTX_DAG_ID='tune_stream_dag' AIRFLOW_CTX_TASK_ID='Stage_events' AIRFLOW_CTX_EXECUTION_DATE='2023-01-04T03:00:00+00:00' AIRFLOW_CTX_TRY_NUMBER='1' AIRFLOW_CTX_DAG_RUN_ID='scheduled__2023-01-04T03:00:00+00:00'
[2025-07-24T14:45:37.143+0000] {python.py:201} INFO - Done. Returned value was: None
[2025-07-24T14:45:37.603+0000] {taskinstance.py:1138} INFO - Marking task as SUCCESS. dag_id=tune_stream_dag, task_id=Stage_events, execution_date=20230104T030000, start_date=20250724T144527, end_date=20250724T144537
[2025-07-24T14:45:38.382+0000] {local_task_job_runner.py:234} INFO - Task exited with return code 0
[2025-07-24T14:45:38.805+0000] {taskinstance.py:3280} INFO - 1 downstream tasks scheduled from follow-on schedule check
[2025-07-24T17:29:51.251+0000] {taskinstance.py:1956} INFO - Dependencies all met for dep_context=non-requeueable deps ti=<TaskInstance: tune_stream_dag.Stage_events scheduled__2023-01-04T03:00:00+00:00 [queued]>
[2025-07-24T17:29:51.304+0000] {taskinstance.py:1956} INFO - Dependencies all met for dep_context=requeueable deps ti=<TaskInstance: tune_stream_dag.Stage_events scheduled__2023-01-04T03:00:00+00:00 [queued]>
[2025-07-24T17:29:51.307+0000] {taskinstance.py:2170} INFO - Starting attempt 1 of 4
[2025-07-24T17:29:51.443+0000] {taskinstance.py:2191} INFO - Executing <Task(PythonOperator): Stage_events> on 2023-01-04 03:00:00+00:00
[2025-07-24T17:29:51.470+0000] {standard_task_runner.py:60} INFO - Started process 2810 to run task
[2025-07-24T17:29:51.474+0000] {standard_task_runner.py:87} INFO - Running: ['***', 'tasks', 'run', 'tune_stream_dag', 'Stage_events', 'scheduled__2023-01-04T03:00:00+00:00', '--job-id', '2479', '--raw', '--subdir', 'DAGS_FOLDER/etl_pipeline.py', '--cfg-path', '/tmp/tmpg8wn0_1b']
[2025-07-24T17:29:51.489+0000] {standard_task_runner.py:88} INFO - Job 2479: Subtask Stage_events
[2025-07-24T17:29:51.673+0000] {task_command.py:423} INFO - Running <TaskInstance: tune_stream_dag.Stage_events scheduled__2023-01-04T03:00:00+00:00 [running]> on host 5def55d2a1b5
[2025-07-24T17:29:52.009+0000] {taskinstance.py:2480} INFO - Exporting env vars: AIRFLOW_CTX_DAG_OWNER='genz-legend' AIRFLOW_CTX_DAG_ID='tune_stream_dag' AIRFLOW_CTX_TASK_ID='Stage_events' AIRFLOW_CTX_EXECUTION_DATE='2023-01-04T03:00:00+00:00' AIRFLOW_CTX_TRY_NUMBER='1' AIRFLOW_CTX_DAG_RUN_ID='scheduled__2023-01-04T03:00:00+00:00'
[2025-07-24T17:30:20.021+0000] {python.py:201} INFO - Done. Returned value was: None
[2025-07-24T17:30:20.061+0000] {taskinstance.py:1138} INFO - Marking task as SUCCESS. dag_id=tune_stream_dag, task_id=Stage_events, execution_date=20230104T030000, start_date=20250724T172951, end_date=20250724T173020
[2025-07-24T17:30:20.716+0000] {local_task_job_runner.py:234} INFO - Task exited with return code 0
[2025-07-24T17:30:20.980+0000] {taskinstance.py:3280} INFO - 0 downstream tasks scheduled from follow-on schedule check
