[2025-07-24T15:15:37.642+0000] {taskinstance.py:1956} INFO - Dependencies all met for dep_context=non-requeueable deps ti=<TaskInstance: tune_stream_dag.Stage_events scheduled__2023-01-04T22:00:00+00:00 [queued]>
[2025-07-24T15:15:37.652+0000] {taskinstance.py:1956} INFO - Dependencies all met for dep_context=requeueable deps ti=<TaskInstance: tune_stream_dag.Stage_events scheduled__2023-01-04T22:00:00+00:00 [queued]>
[2025-07-24T15:15:37.653+0000] {taskinstance.py:2170} INFO - Starting attempt 1 of 4
[2025-07-24T15:15:37.672+0000] {taskinstance.py:2191} INFO - Executing <Task(PythonOperator): Stage_events> on 2023-01-04 22:00:00+00:00
[2025-07-24T15:15:37.684+0000] {standard_task_runner.py:60} INFO - Started process 552 to run task
[2025-07-24T15:15:37.688+0000] {standard_task_runner.py:87} INFO - Running: ['***', 'tasks', 'run', 'tune_stream_dag', 'Stage_events', 'scheduled__2023-01-04T22:00:00+00:00', '--job-id', '815', '--raw', '--subdir', 'DAGS_FOLDER/etl_pipeline.py', '--cfg-path', '/tmp/tmp8s6_8sq2']
[2025-07-24T15:15:37.691+0000] {standard_task_runner.py:88} INFO - Job 815: Subtask Stage_events
[2025-07-24T15:15:37.778+0000] {task_command.py:423} INFO - Running <TaskInstance: tune_stream_dag.Stage_events scheduled__2023-01-04T22:00:00+00:00 [running]> on host c53547d84df1
[2025-07-24T15:15:37.874+0000] {taskinstance.py:2480} INFO - Exporting env vars: AIRFLOW_CTX_DAG_OWNER='genz-legend' AIRFLOW_CTX_DAG_ID='tune_stream_dag' AIRFLOW_CTX_TASK_ID='Stage_events' AIRFLOW_CTX_EXECUTION_DATE='2023-01-04T22:00:00+00:00' AIRFLOW_CTX_TRY_NUMBER='1' AIRFLOW_CTX_DAG_RUN_ID='scheduled__2023-01-04T22:00:00+00:00'
[2025-07-24T15:15:40.166+0000] {python.py:201} INFO - Done. Returned value was: None
[2025-07-24T15:15:40.181+0000] {taskinstance.py:1138} INFO - Marking task as SUCCESS. dag_id=tune_stream_dag, task_id=Stage_events, execution_date=20230104T220000, start_date=20250724T151537, end_date=20250724T151540
[2025-07-24T15:15:40.225+0000] {local_task_job_runner.py:234} INFO - Task exited with return code 0
[2025-07-24T15:15:40.253+0000] {taskinstance.py:3280} INFO - 1 downstream tasks scheduled from follow-on schedule check
[2025-07-24T17:31:43.950+0000] {taskinstance.py:1956} INFO - Dependencies all met for dep_context=non-requeueable deps ti=<TaskInstance: tune_stream_dag.Stage_events scheduled__2023-01-04T22:00:00+00:00 [queued]>
[2025-07-24T17:31:43.959+0000] {taskinstance.py:1956} INFO - Dependencies all met for dep_context=requeueable deps ti=<TaskInstance: tune_stream_dag.Stage_events scheduled__2023-01-04T22:00:00+00:00 [queued]>
[2025-07-24T17:31:43.959+0000] {taskinstance.py:2170} INFO - Starting attempt 1 of 4
[2025-07-24T17:31:44.423+0000] {taskinstance.py:2191} INFO - Executing <Task(PythonOperator): Stage_events> on 2023-01-04 22:00:00+00:00
[2025-07-24T17:31:44.442+0000] {standard_task_runner.py:60} INFO - Started process 3203 to run task
[2025-07-24T17:31:44.452+0000] {standard_task_runner.py:87} INFO - Running: ['***', 'tasks', 'run', 'tune_stream_dag', 'Stage_events', 'scheduled__2023-01-04T22:00:00+00:00', '--job-id', '2603', '--raw', '--subdir', 'DAGS_FOLDER/etl_pipeline.py', '--cfg-path', '/tmp/tmph7ok6q8h']
[2025-07-24T17:31:44.455+0000] {standard_task_runner.py:88} INFO - Job 2603: Subtask Stage_events
[2025-07-24T17:31:45.229+0000] {task_command.py:423} INFO - Running <TaskInstance: tune_stream_dag.Stage_events scheduled__2023-01-04T22:00:00+00:00 [running]> on host 5def55d2a1b5
[2025-07-24T17:31:49.450+0000] {taskinstance.py:2480} INFO - Exporting env vars: AIRFLOW_CTX_DAG_OWNER='genz-legend' AIRFLOW_CTX_DAG_ID='tune_stream_dag' AIRFLOW_CTX_TASK_ID='Stage_events' AIRFLOW_CTX_EXECUTION_DATE='2023-01-04T22:00:00+00:00' AIRFLOW_CTX_TRY_NUMBER='1' AIRFLOW_CTX_DAG_RUN_ID='scheduled__2023-01-04T22:00:00+00:00'
[2025-07-24T17:32:14.445+0000] {python.py:201} INFO - Done. Returned value was: None
[2025-07-24T17:32:14.543+0000] {taskinstance.py:1138} INFO - Marking task as SUCCESS. dag_id=tune_stream_dag, task_id=Stage_events, execution_date=20230104T220000, start_date=20250724T173143, end_date=20250724T173214
[2025-07-24T17:32:15.041+0000] {local_task_job_runner.py:234} INFO - Task exited with return code 0
[2025-07-24T17:32:15.124+0000] {taskinstance.py:3280} INFO - 1 downstream tasks scheduled from follow-on schedule check
