[2025-07-24T16:04:02.195+0000] {taskinstance.py:1956} INFO - Dependencies all met for dep_context=non-requeueable deps ti=<TaskInstance: tune_stream_dag.Load_time_dim_table scheduled__2023-01-01T06:00:00+00:00 [queued]>
[2025-07-24T16:04:02.203+0000] {taskinstance.py:1956} INFO - Dependencies all met for dep_context=requeueable deps ti=<TaskInstance: tune_stream_dag.Load_time_dim_table scheduled__2023-01-01T06:00:00+00:00 [queued]>
[2025-07-24T16:04:02.204+0000] {taskinstance.py:2170} INFO - Starting attempt 4 of 4
[2025-07-24T16:04:02.217+0000] {taskinstance.py:2191} INFO - Executing <Task(PythonOperator): Load_time_dim_table> on 2023-01-01 06:00:00+00:00
[2025-07-24T16:04:02.223+0000] {standard_task_runner.py:60} INFO - Started process 1557 to run task
[2025-07-24T16:04:02.226+0000] {standard_task_runner.py:87} INFO - Running: ['***', 'tasks', 'run', 'tune_stream_dag', 'Load_time_dim_table', 'scheduled__2023-01-01T06:00:00+00:00', '--job-id', '1279', '--raw', '--subdir', 'DAGS_FOLDER/etl_pipeline.py', '--cfg-path', '/tmp/tmpn_dimmgv']
[2025-07-24T16:04:02.229+0000] {standard_task_runner.py:88} INFO - Job 1279: Subtask Load_time_dim_table
[2025-07-24T16:04:02.291+0000] {task_command.py:423} INFO - Running <TaskInstance: tune_stream_dag.Load_time_dim_table scheduled__2023-01-01T06:00:00+00:00 [running]> on host c53547d84df1
[2025-07-24T16:04:02.354+0000] {taskinstance.py:2480} INFO - Exporting env vars: AIRFLOW_CTX_DAG_OWNER='genz-legend' AIRFLOW_CTX_DAG_ID='tune_stream_dag' AIRFLOW_CTX_TASK_ID='Load_time_dim_table' AIRFLOW_CTX_EXECUTION_DATE='2023-01-01T06:00:00+00:00' AIRFLOW_CTX_TRY_NUMBER='4' AIRFLOW_CTX_DAG_RUN_ID='scheduled__2023-01-01T06:00:00+00:00'
[2025-07-24T16:04:02.362+0000] {taskinstance.py:2698} ERROR - Task failed with exception
Traceback (most recent call last):
  File "/home/airflow/.local/lib/python3.8/site-packages/airflow/models/taskinstance.py", line 433, in _execute_task
    result = execute_callable(context=context, **execute_callable_kwargs)
  File "/home/airflow/.local/lib/python3.8/site-packages/airflow/operators/python.py", line 199, in execute
    return_value = self.execute_callable()
  File "/home/airflow/.local/lib/python3.8/site-packages/airflow/operators/python.py", line 216, in execute_callable
    return self.python_callable(*self.op_args, **self.op_kwargs)
  File "/opt/airflow/dags/etl_pipeline.py", line 197, in <lambda>
    python_callable=lambda: load_table(SqlQueries.time_table_insert, 'time'),
  File "/opt/airflow/dags/etl_pipeline.py", line 132, in load_table
    cur.execute(f"INSERT INTO {table} {query}")
psycopg2.errors.InvalidParameterValue: timestamp units "dayofweek" not recognized

[2025-07-24T16:04:02.374+0000] {taskinstance.py:1138} INFO - Marking task as FAILED. dag_id=tune_stream_dag, task_id=Load_time_dim_table, execution_date=20230101T060000, start_date=20250724T160402, end_date=20250724T160402
[2025-07-24T16:04:02.385+0000] {standard_task_runner.py:107} ERROR - Failed to execute job 1279 for task Load_time_dim_table (timestamp units "dayofweek" not recognized
; 1557)
[2025-07-24T16:04:02.400+0000] {local_task_job_runner.py:234} INFO - Task exited with return code 1
[2025-07-24T16:04:02.419+0000] {taskinstance.py:3280} INFO - 0 downstream tasks scheduled from follow-on schedule check
[2025-07-24T16:33:20.125+0000] {taskinstance.py:1956} INFO - Dependencies all met for dep_context=non-requeueable deps ti=<TaskInstance: tune_stream_dag.Load_time_dim_table scheduled__2023-01-01T06:00:00+00:00 [queued]>
[2025-07-24T16:33:20.190+0000] {taskinstance.py:1956} INFO - Dependencies all met for dep_context=requeueable deps ti=<TaskInstance: tune_stream_dag.Load_time_dim_table scheduled__2023-01-01T06:00:00+00:00 [queued]>
[2025-07-24T16:33:20.202+0000] {taskinstance.py:2170} INFO - Starting attempt 4 of 4
[2025-07-24T16:33:20.300+0000] {taskinstance.py:2191} INFO - Executing <Task(PythonOperator): Load_time_dim_table> on 2023-01-01 06:00:00+00:00
[2025-07-24T16:33:20.397+0000] {standard_task_runner.py:60} INFO - Started process 1033 to run task
[2025-07-24T16:33:20.427+0000] {standard_task_runner.py:87} INFO - Running: ['***', 'tasks', 'run', 'tune_stream_dag', 'Load_time_dim_table', 'scheduled__2023-01-01T06:00:00+00:00', '--job-id', '1552', '--raw', '--subdir', 'DAGS_FOLDER/etl_pipeline.py', '--cfg-path', '/tmp/tmpph8i98u0']
[2025-07-24T16:33:20.435+0000] {standard_task_runner.py:88} INFO - Job 1552: Subtask Load_time_dim_table
[2025-07-24T16:33:20.914+0000] {task_command.py:423} INFO - Running <TaskInstance: tune_stream_dag.Load_time_dim_table scheduled__2023-01-01T06:00:00+00:00 [running]> on host c53547d84df1
[2025-07-24T16:33:21.200+0000] {taskinstance.py:2480} INFO - Exporting env vars: AIRFLOW_CTX_DAG_OWNER='genz-legend' AIRFLOW_CTX_DAG_ID='tune_stream_dag' AIRFLOW_CTX_TASK_ID='Load_time_dim_table' AIRFLOW_CTX_EXECUTION_DATE='2023-01-01T06:00:00+00:00' AIRFLOW_CTX_TRY_NUMBER='4' AIRFLOW_CTX_DAG_RUN_ID='scheduled__2023-01-01T06:00:00+00:00'
[2025-07-24T16:33:21.368+0000] {taskinstance.py:2698} ERROR - Task failed with exception
Traceback (most recent call last):
  File "/home/airflow/.local/lib/python3.8/site-packages/airflow/models/taskinstance.py", line 433, in _execute_task
    result = execute_callable(context=context, **execute_callable_kwargs)
  File "/home/airflow/.local/lib/python3.8/site-packages/airflow/operators/python.py", line 199, in execute
    return_value = self.execute_callable()
  File "/home/airflow/.local/lib/python3.8/site-packages/airflow/operators/python.py", line 216, in execute_callable
    return self.python_callable(*self.op_args, **self.op_kwargs)
  File "/opt/airflow/dags/etl_pipeline.py", line 197, in <lambda>
    python_callable=lambda: load_table(SqlQueries.time_table_insert, 'time'),
  File "/opt/airflow/dags/etl_pipeline.py", line 132, in load_table
    cur.execute(f"INSERT INTO {table} {query}")
psycopg2.errors.UniqueViolation: duplicate key value violates unique constraint "time_pkey"
DETAIL:  Key (start_time)=(2018-11-14 04:53:36) already exists.

[2025-07-24T16:33:21.416+0000] {taskinstance.py:1138} INFO - Marking task as FAILED. dag_id=tune_stream_dag, task_id=Load_time_dim_table, execution_date=20230101T060000, start_date=20250724T163320, end_date=20250724T163321
[2025-07-24T16:33:21.491+0000] {standard_task_runner.py:107} ERROR - Failed to execute job 1552 for task Load_time_dim_table (duplicate key value violates unique constraint "time_pkey"
DETAIL:  Key (start_time)=(2018-11-14 04:53:36) already exists.
; 1033)
[2025-07-24T16:33:21.526+0000] {local_task_job_runner.py:234} INFO - Task exited with return code 1
[2025-07-24T16:33:21.590+0000] {taskinstance.py:3280} INFO - 0 downstream tasks scheduled from follow-on schedule check
[2025-07-24T17:12:17.474+0000] {taskinstance.py:1956} INFO - Dependencies all met for dep_context=non-requeueable deps ti=<TaskInstance: tune_stream_dag.Load_time_dim_table scheduled__2023-01-01T06:00:00+00:00 [queued]>
[2025-07-24T17:12:17.482+0000] {taskinstance.py:1956} INFO - Dependencies all met for dep_context=requeueable deps ti=<TaskInstance: tune_stream_dag.Load_time_dim_table scheduled__2023-01-01T06:00:00+00:00 [queued]>
[2025-07-24T17:12:17.483+0000] {taskinstance.py:2170} INFO - Starting attempt 4 of 4
[2025-07-24T17:12:17.495+0000] {taskinstance.py:2191} INFO - Executing <Task(PythonOperator): Load_time_dim_table> on 2023-01-01 06:00:00+00:00
[2025-07-24T17:12:17.502+0000] {standard_task_runner.py:60} INFO - Started process 983 to run task
[2025-07-24T17:12:17.504+0000] {standard_task_runner.py:87} INFO - Running: ['***', 'tasks', 'run', 'tune_stream_dag', 'Load_time_dim_table', 'scheduled__2023-01-01T06:00:00+00:00', '--job-id', '1945', '--raw', '--subdir', 'DAGS_FOLDER/etl_pipeline.py', '--cfg-path', '/tmp/tmpzc1k9u8d']
[2025-07-24T17:12:17.508+0000] {standard_task_runner.py:88} INFO - Job 1945: Subtask Load_time_dim_table
[2025-07-24T17:12:17.569+0000] {task_command.py:423} INFO - Running <TaskInstance: tune_stream_dag.Load_time_dim_table scheduled__2023-01-01T06:00:00+00:00 [running]> on host 5def55d2a1b5
[2025-07-24T17:12:17.640+0000] {taskinstance.py:2480} INFO - Exporting env vars: AIRFLOW_CTX_DAG_OWNER='genz-legend' AIRFLOW_CTX_DAG_ID='tune_stream_dag' AIRFLOW_CTX_TASK_ID='Load_time_dim_table' AIRFLOW_CTX_EXECUTION_DATE='2023-01-01T06:00:00+00:00' AIRFLOW_CTX_TRY_NUMBER='4' AIRFLOW_CTX_DAG_RUN_ID='scheduled__2023-01-01T06:00:00+00:00'
[2025-07-24T17:12:17.663+0000] {taskinstance.py:2698} ERROR - Task failed with exception
Traceback (most recent call last):
  File "/home/airflow/.local/lib/python3.8/site-packages/airflow/models/taskinstance.py", line 433, in _execute_task
    result = execute_callable(context=context, **execute_callable_kwargs)
  File "/home/airflow/.local/lib/python3.8/site-packages/airflow/operators/python.py", line 199, in execute
    return_value = self.execute_callable()
  File "/home/airflow/.local/lib/python3.8/site-packages/airflow/operators/python.py", line 216, in execute_callable
    return self.python_callable(*self.op_args, **self.op_kwargs)
  File "/opt/airflow/dags/etl_pipeline.py", line 197, in <lambda>
    python_callable=lambda: load_table(SqlQueries.time_table_insert, 'time'),
  File "/opt/airflow/dags/etl_pipeline.py", line 132, in load_table
    cur.execute(f"INSERT INTO {table} {query}")
psycopg2.errors.UniqueViolation: duplicate key value violates unique constraint "time_pkey"
DETAIL:  Key (start_time)=(2018-11-14 04:53:36) already exists.

[2025-07-24T17:12:17.676+0000] {taskinstance.py:1138} INFO - Marking task as FAILED. dag_id=tune_stream_dag, task_id=Load_time_dim_table, execution_date=20230101T060000, start_date=20250724T171217, end_date=20250724T171217
[2025-07-24T17:12:17.686+0000] {standard_task_runner.py:107} ERROR - Failed to execute job 1945 for task Load_time_dim_table (duplicate key value violates unique constraint "time_pkey"
DETAIL:  Key (start_time)=(2018-11-14 04:53:36) already exists.
; 983)
[2025-07-24T17:12:17.718+0000] {local_task_job_runner.py:234} INFO - Task exited with return code 1
[2025-07-24T17:12:17.823+0000] {taskinstance.py:3280} INFO - 0 downstream tasks scheduled from follow-on schedule check
