[2025-07-24T15:20:39.163+0000] {taskinstance.py:1956} INFO - Dependencies all met for dep_context=non-requeueable deps ti=<TaskInstance: tune_stream_dag.Stage_songs scheduled__2023-01-05T03:00:00+00:00 [queued]>
[2025-07-24T15:20:39.604+0000] {taskinstance.py:1956} INFO - Dependencies all met for dep_context=requeueable deps ti=<TaskInstance: tune_stream_dag.Stage_songs scheduled__2023-01-05T03:00:00+00:00 [queued]>
[2025-07-24T15:20:39.608+0000] {taskinstance.py:2170} INFO - Starting attempt 1 of 4
[2025-07-24T15:20:39.758+0000] {taskinstance.py:2191} INFO - Executing <Task(PythonOperator): Stage_songs> on 2023-01-05 03:00:00+00:00
[2025-07-24T15:20:39.962+0000] {standard_task_runner.py:60} INFO - Started process 708 to run task
[2025-07-24T15:20:40.177+0000] {standard_task_runner.py:87} INFO - Running: ['***', 'tasks', 'run', 'tune_stream_dag', 'Stage_songs', 'scheduled__2023-01-05T03:00:00+00:00', '--job-id', '839', '--raw', '--subdir', 'DAGS_FOLDER/etl_pipeline.py', '--cfg-path', '/tmp/tmpiuup9kwv']
[2025-07-24T15:20:40.209+0000] {standard_task_runner.py:88} INFO - Job 839: Subtask Stage_songs
[2025-07-24T15:20:40.969+0000] {task_command.py:423} INFO - Running <TaskInstance: tune_stream_dag.Stage_songs scheduled__2023-01-05T03:00:00+00:00 [running]> on host c53547d84df1
[2025-07-24T15:20:41.787+0000] {taskinstance.py:2480} INFO - Exporting env vars: AIRFLOW_CTX_DAG_OWNER='genz-legend' AIRFLOW_CTX_DAG_ID='tune_stream_dag' AIRFLOW_CTX_TASK_ID='Stage_songs' AIRFLOW_CTX_EXECUTION_DATE='2023-01-05T03:00:00+00:00' AIRFLOW_CTX_TRY_NUMBER='1' AIRFLOW_CTX_DAG_RUN_ID='scheduled__2023-01-05T03:00:00+00:00'
[2025-07-24T15:21:11.449+0000] {python.py:201} INFO - Done. Returned value was: None
[2025-07-24T15:21:11.515+0000] {taskinstance.py:1138} INFO - Marking task as SUCCESS. dag_id=tune_stream_dag, task_id=Stage_songs, execution_date=20230105T030000, start_date=20250724T152039, end_date=20250724T152111
[2025-07-24T15:21:12.057+0000] {local_task_job_runner.py:234} INFO - Task exited with return code 0
[2025-07-24T15:21:12.100+0000] {taskinstance.py:3280} INFO - 1 downstream tasks scheduled from follow-on schedule check
[2025-07-24T17:31:58.390+0000] {taskinstance.py:1956} INFO - Dependencies all met for dep_context=non-requeueable deps ti=<TaskInstance: tune_stream_dag.Stage_songs scheduled__2023-01-05T03:00:00+00:00 [queued]>
[2025-07-24T17:31:58.401+0000] {taskinstance.py:1956} INFO - Dependencies all met for dep_context=requeueable deps ti=<TaskInstance: tune_stream_dag.Stage_songs scheduled__2023-01-05T03:00:00+00:00 [queued]>
[2025-07-24T17:31:58.401+0000] {taskinstance.py:2170} INFO - Starting attempt 1 of 4
[2025-07-24T17:31:58.415+0000] {taskinstance.py:2191} INFO - Executing <Task(PythonOperator): Stage_songs> on 2023-01-05 03:00:00+00:00
[2025-07-24T17:31:58.425+0000] {standard_task_runner.py:60} INFO - Started process 3235 to run task
[2025-07-24T17:31:58.430+0000] {standard_task_runner.py:87} INFO - Running: ['***', 'tasks', 'run', 'tune_stream_dag', 'Stage_songs', 'scheduled__2023-01-05T03:00:00+00:00', '--job-id', '2612', '--raw', '--subdir', 'DAGS_FOLDER/etl_pipeline.py', '--cfg-path', '/tmp/tmpgrk60gm3']
[2025-07-24T17:31:58.434+0000] {standard_task_runner.py:88} INFO - Job 2612: Subtask Stage_songs
[2025-07-24T17:31:58.524+0000] {task_command.py:423} INFO - Running <TaskInstance: tune_stream_dag.Stage_songs scheduled__2023-01-05T03:00:00+00:00 [running]> on host 5def55d2a1b5
[2025-07-24T17:31:58.674+0000] {taskinstance.py:2480} INFO - Exporting env vars: AIRFLOW_CTX_DAG_OWNER='genz-legend' AIRFLOW_CTX_DAG_ID='tune_stream_dag' AIRFLOW_CTX_TASK_ID='Stage_songs' AIRFLOW_CTX_EXECUTION_DATE='2023-01-05T03:00:00+00:00' AIRFLOW_CTX_TRY_NUMBER='1' AIRFLOW_CTX_DAG_RUN_ID='scheduled__2023-01-05T03:00:00+00:00'
[2025-07-24T17:32:04.276+0000] {python.py:201} INFO - Done. Returned value was: None
[2025-07-24T17:32:04.300+0000] {taskinstance.py:1138} INFO - Marking task as SUCCESS. dag_id=tune_stream_dag, task_id=Stage_songs, execution_date=20230105T030000, start_date=20250724T173158, end_date=20250724T173204
[2025-07-24T17:32:04.646+0000] {local_task_job_runner.py:234} INFO - Task exited with return code 0
[2025-07-24T17:32:04.708+0000] {taskinstance.py:3280} INFO - 0 downstream tasks scheduled from follow-on schedule check
