[2025-07-24T15:38:59.155+0000] {taskinstance.py:1956} INFO - Dependencies all met for dep_context=non-requeueable deps ti=<TaskInstance: tune_stream_dag.Load_song_dim_table scheduled__2023-01-01T07:00:00+00:00 [queued]>
[2025-07-24T15:38:59.172+0000] {taskinstance.py:1956} INFO - Dependencies all met for dep_context=requeueable deps ti=<TaskInstance: tune_stream_dag.Load_song_dim_table scheduled__2023-01-01T07:00:00+00:00 [queued]>
[2025-07-24T15:38:59.174+0000] {taskinstance.py:2170} INFO - Starting attempt 1 of 4
[2025-07-24T15:38:59.427+0000] {taskinstance.py:2191} INFO - Executing <Task(PythonOperator): Load_song_dim_table> on 2023-01-01 07:00:00+00:00
[2025-07-24T15:38:59.450+0000] {standard_task_runner.py:60} INFO - Started process 533 to run task
[2025-07-24T15:38:59.465+0000] {standard_task_runner.py:87} INFO - Running: ['***', 'tasks', 'run', 'tune_stream_dag', 'Load_song_dim_table', 'scheduled__2023-01-01T07:00:00+00:00', '--job-id', '1058', '--raw', '--subdir', 'DAGS_FOLDER/etl_pipeline.py', '--cfg-path', '/tmp/tmptnodq8xx']
[2025-07-24T15:38:59.475+0000] {standard_task_runner.py:88} INFO - Job 1058: Subtask Load_song_dim_table
[2025-07-24T15:38:59.660+0000] {task_command.py:423} INFO - Running <TaskInstance: tune_stream_dag.Load_song_dim_table scheduled__2023-01-01T07:00:00+00:00 [running]> on host c53547d84df1
[2025-07-24T15:38:59.895+0000] {taskinstance.py:2480} INFO - Exporting env vars: AIRFLOW_CTX_DAG_OWNER='genz-legend' AIRFLOW_CTX_DAG_ID='tune_stream_dag' AIRFLOW_CTX_TASK_ID='Load_song_dim_table' AIRFLOW_CTX_EXECUTION_DATE='2023-01-01T07:00:00+00:00' AIRFLOW_CTX_TRY_NUMBER='1' AIRFLOW_CTX_DAG_RUN_ID='scheduled__2023-01-01T07:00:00+00:00'
[2025-07-24T15:38:59.945+0000] {python.py:201} INFO - Done. Returned value was: None
[2025-07-24T15:38:59.973+0000] {taskinstance.py:1138} INFO - Marking task as SUCCESS. dag_id=tune_stream_dag, task_id=Load_song_dim_table, execution_date=20230101T070000, start_date=20250724T153859, end_date=20250724T153859
[2025-07-24T15:39:00.056+0000] {local_task_job_runner.py:234} INFO - Task exited with return code 0
[2025-07-24T15:39:00.122+0000] {taskinstance.py:3280} INFO - 0 downstream tasks scheduled from follow-on schedule check
[2025-07-24T16:18:00.334+0000] {taskinstance.py:1956} INFO - Dependencies all met for dep_context=non-requeueable deps ti=<TaskInstance: tune_stream_dag.Load_song_dim_table scheduled__2023-01-01T07:00:00+00:00 [queued]>
[2025-07-24T16:18:00.410+0000] {taskinstance.py:1956} INFO - Dependencies all met for dep_context=requeueable deps ti=<TaskInstance: tune_stream_dag.Load_song_dim_table scheduled__2023-01-01T07:00:00+00:00 [queued]>
[2025-07-24T16:18:00.420+0000] {taskinstance.py:2170} INFO - Starting attempt 1 of 4
[2025-07-24T16:18:00.474+0000] {taskinstance.py:2191} INFO - Executing <Task(PythonOperator): Load_song_dim_table> on 2023-01-01 07:00:00+00:00
[2025-07-24T16:18:00.519+0000] {standard_task_runner.py:60} INFO - Started process 432 to run task
[2025-07-24T16:18:00.523+0000] {standard_task_runner.py:87} INFO - Running: ['***', 'tasks', 'run', 'tune_stream_dag', 'Load_song_dim_table', 'scheduled__2023-01-01T07:00:00+00:00', '--job-id', '1431', '--raw', '--subdir', 'DAGS_FOLDER/etl_pipeline.py', '--cfg-path', '/tmp/tmp2lh27g12']
[2025-07-24T16:18:00.558+0000] {standard_task_runner.py:88} INFO - Job 1431: Subtask Load_song_dim_table
[2025-07-24T16:18:00.794+0000] {task_command.py:423} INFO - Running <TaskInstance: tune_stream_dag.Load_song_dim_table scheduled__2023-01-01T07:00:00+00:00 [running]> on host c53547d84df1
[2025-07-24T16:18:01.032+0000] {taskinstance.py:2480} INFO - Exporting env vars: AIRFLOW_CTX_DAG_OWNER='genz-legend' AIRFLOW_CTX_DAG_ID='tune_stream_dag' AIRFLOW_CTX_TASK_ID='Load_song_dim_table' AIRFLOW_CTX_EXECUTION_DATE='2023-01-01T07:00:00+00:00' AIRFLOW_CTX_TRY_NUMBER='1' AIRFLOW_CTX_DAG_RUN_ID='scheduled__2023-01-01T07:00:00+00:00'
[2025-07-24T16:18:01.142+0000] {python.py:201} INFO - Done. Returned value was: None
[2025-07-24T16:18:01.232+0000] {taskinstance.py:1138} INFO - Marking task as SUCCESS. dag_id=tune_stream_dag, task_id=Load_song_dim_table, execution_date=20230101T070000, start_date=20250724T161800, end_date=20250724T161801
[2025-07-24T16:18:01.343+0000] {local_task_job_runner.py:234} INFO - Task exited with return code 0
[2025-07-24T16:18:01.411+0000] {taskinstance.py:3280} INFO - 0 downstream tasks scheduled from follow-on schedule check
[2025-07-24T16:57:09.734+0000] {taskinstance.py:1956} INFO - Dependencies all met for dep_context=non-requeueable deps ti=<TaskInstance: tune_stream_dag.Load_song_dim_table scheduled__2023-01-01T07:00:00+00:00 [queued]>
[2025-07-24T16:57:09.803+0000] {taskinstance.py:1956} INFO - Dependencies all met for dep_context=requeueable deps ti=<TaskInstance: tune_stream_dag.Load_song_dim_table scheduled__2023-01-01T07:00:00+00:00 [queued]>
[2025-07-24T16:57:09.810+0000] {taskinstance.py:2170} INFO - Starting attempt 1 of 4
[2025-07-24T16:57:09.861+0000] {taskinstance.py:2191} INFO - Executing <Task(PythonOperator): Load_song_dim_table> on 2023-01-01 07:00:00+00:00
[2025-07-24T16:57:09.908+0000] {standard_task_runner.py:60} INFO - Started process 405 to run task
[2025-07-24T16:57:09.933+0000] {standard_task_runner.py:87} INFO - Running: ['***', 'tasks', 'run', 'tune_stream_dag', 'Load_song_dim_table', 'scheduled__2023-01-01T07:00:00+00:00', '--job-id', '1821', '--raw', '--subdir', 'DAGS_FOLDER/etl_pipeline.py', '--cfg-path', '/tmp/tmprkcmg71s']
[2025-07-24T16:57:09.963+0000] {standard_task_runner.py:88} INFO - Job 1821: Subtask Load_song_dim_table
[2025-07-24T16:57:10.242+0000] {task_command.py:423} INFO - Running <TaskInstance: tune_stream_dag.Load_song_dim_table scheduled__2023-01-01T07:00:00+00:00 [running]> on host 5def55d2a1b5
[2025-07-24T16:57:10.498+0000] {taskinstance.py:2480} INFO - Exporting env vars: AIRFLOW_CTX_DAG_OWNER='genz-legend' AIRFLOW_CTX_DAG_ID='tune_stream_dag' AIRFLOW_CTX_TASK_ID='Load_song_dim_table' AIRFLOW_CTX_EXECUTION_DATE='2023-01-01T07:00:00+00:00' AIRFLOW_CTX_TRY_NUMBER='1' AIRFLOW_CTX_DAG_RUN_ID='scheduled__2023-01-01T07:00:00+00:00'
[2025-07-24T16:57:10.857+0000] {python.py:201} INFO - Done. Returned value was: None
[2025-07-24T16:57:10.894+0000] {taskinstance.py:1138} INFO - Marking task as SUCCESS. dag_id=tune_stream_dag, task_id=Load_song_dim_table, execution_date=20230101T070000, start_date=20250724T165709, end_date=20250724T165710
[2025-07-24T16:57:11.112+0000] {local_task_job_runner.py:234} INFO - Task exited with return code 0
[2025-07-24T16:57:11.355+0000] {taskinstance.py:3280} INFO - 0 downstream tasks scheduled from follow-on schedule check
