[2025-07-24T15:59:51.757+0000] {taskinstance.py:1956} INFO - Dependencies all met for dep_context=non-requeueable deps ti=<TaskInstance: tune_stream_dag.Load_song_dim_table scheduled__2023-01-01T23:00:00+00:00 [queued]>
[2025-07-24T15:59:51.785+0000] {taskinstance.py:1956} INFO - Dependencies all met for dep_context=requeueable deps ti=<TaskInstance: tune_stream_dag.Load_song_dim_table scheduled__2023-01-01T23:00:00+00:00 [queued]>
[2025-07-24T15:59:51.788+0000] {taskinstance.py:2170} INFO - Starting attempt 1 of 4
[2025-07-24T15:59:51.832+0000] {taskinstance.py:2191} INFO - Executing <Task(PythonOperator): Load_song_dim_table> on 2023-01-01 23:00:00+00:00
[2025-07-24T15:59:51.847+0000] {standard_task_runner.py:60} INFO - Started process 1472 to run task
[2025-07-24T15:59:51.853+0000] {standard_task_runner.py:87} INFO - Running: ['***', 'tasks', 'run', 'tune_stream_dag', 'Load_song_dim_table', 'scheduled__2023-01-01T23:00:00+00:00', '--job-id', '1271', '--raw', '--subdir', 'DAGS_FOLDER/etl_pipeline.py', '--cfg-path', '/tmp/tmppe72s0jm']
[2025-07-24T15:59:51.867+0000] {standard_task_runner.py:88} INFO - Job 1271: Subtask Load_song_dim_table
[2025-07-24T15:59:52.086+0000] {task_command.py:423} INFO - Running <TaskInstance: tune_stream_dag.Load_song_dim_table scheduled__2023-01-01T23:00:00+00:00 [running]> on host c53547d84df1
[2025-07-24T15:59:52.268+0000] {taskinstance.py:2480} INFO - Exporting env vars: AIRFLOW_CTX_DAG_OWNER='genz-legend' AIRFLOW_CTX_DAG_ID='tune_stream_dag' AIRFLOW_CTX_TASK_ID='Load_song_dim_table' AIRFLOW_CTX_EXECUTION_DATE='2023-01-01T23:00:00+00:00' AIRFLOW_CTX_TRY_NUMBER='1' AIRFLOW_CTX_DAG_RUN_ID='scheduled__2023-01-01T23:00:00+00:00'
[2025-07-24T15:59:52.292+0000] {python.py:201} INFO - Done. Returned value was: None
[2025-07-24T15:59:52.322+0000] {taskinstance.py:1138} INFO - Marking task as SUCCESS. dag_id=tune_stream_dag, task_id=Load_song_dim_table, execution_date=20230101T230000, start_date=20250724T155951, end_date=20250724T155952
[2025-07-24T15:59:52.369+0000] {local_task_job_runner.py:234} INFO - Task exited with return code 0
[2025-07-24T15:59:52.460+0000] {taskinstance.py:3280} INFO - 0 downstream tasks scheduled from follow-on schedule check
[2025-07-24T16:34:53.065+0000] {taskinstance.py:1956} INFO - Dependencies all met for dep_context=non-requeueable deps ti=<TaskInstance: tune_stream_dag.Load_song_dim_table scheduled__2023-01-01T23:00:00+00:00 [queued]>
[2025-07-24T16:34:53.235+0000] {taskinstance.py:1956} INFO - Dependencies all met for dep_context=requeueable deps ti=<TaskInstance: tune_stream_dag.Load_song_dim_table scheduled__2023-01-01T23:00:00+00:00 [queued]>
[2025-07-24T16:34:53.235+0000] {taskinstance.py:2170} INFO - Starting attempt 1 of 4
[2025-07-24T16:34:53.782+0000] {taskinstance.py:2191} INFO - Executing <Task(PythonOperator): Load_song_dim_table> on 2023-01-01 23:00:00+00:00
[2025-07-24T16:34:53.799+0000] {standard_task_runner.py:60} INFO - Started process 1307 to run task
[2025-07-24T16:34:53.809+0000] {standard_task_runner.py:87} INFO - Running: ['***', 'tasks', 'run', 'tune_stream_dag', 'Load_song_dim_table', 'scheduled__2023-01-01T23:00:00+00:00', '--job-id', '1638', '--raw', '--subdir', 'DAGS_FOLDER/etl_pipeline.py', '--cfg-path', '/tmp/tmpfgn8mlpr']
[2025-07-24T16:34:54.036+0000] {standard_task_runner.py:88} INFO - Job 1638: Subtask Load_song_dim_table
[2025-07-24T16:34:54.787+0000] {task_command.py:423} INFO - Running <TaskInstance: tune_stream_dag.Load_song_dim_table scheduled__2023-01-01T23:00:00+00:00 [running]> on host c53547d84df1
[2025-07-24T16:34:55.208+0000] {taskinstance.py:2480} INFO - Exporting env vars: AIRFLOW_CTX_DAG_OWNER='genz-legend' AIRFLOW_CTX_DAG_ID='tune_stream_dag' AIRFLOW_CTX_TASK_ID='Load_song_dim_table' AIRFLOW_CTX_EXECUTION_DATE='2023-01-01T23:00:00+00:00' AIRFLOW_CTX_TRY_NUMBER='1' AIRFLOW_CTX_DAG_RUN_ID='scheduled__2023-01-01T23:00:00+00:00'
[2025-07-24T16:34:55.346+0000] {python.py:201} INFO - Done. Returned value was: None
[2025-07-24T16:34:55.434+0000] {taskinstance.py:1138} INFO - Marking task as SUCCESS. dag_id=tune_stream_dag, task_id=Load_song_dim_table, execution_date=20230101T230000, start_date=20250724T163453, end_date=20250724T163455
[2025-07-24T16:34:55.630+0000] {local_task_job_runner.py:234} INFO - Task exited with return code 0
[2025-07-24T16:34:55.941+0000] {taskinstance.py:3280} INFO - 0 downstream tasks scheduled from follow-on schedule check
[2025-07-24T17:13:53.041+0000] {taskinstance.py:1956} INFO - Dependencies all met for dep_context=non-requeueable deps ti=<TaskInstance: tune_stream_dag.Load_song_dim_table scheduled__2023-01-01T23:00:00+00:00 [queued]>
[2025-07-24T17:13:53.083+0000] {taskinstance.py:1956} INFO - Dependencies all met for dep_context=requeueable deps ti=<TaskInstance: tune_stream_dag.Load_song_dim_table scheduled__2023-01-01T23:00:00+00:00 [queued]>
[2025-07-24T17:13:53.093+0000] {taskinstance.py:2170} INFO - Starting attempt 1 of 4
[2025-07-24T17:13:53.723+0000] {taskinstance.py:2191} INFO - Executing <Task(PythonOperator): Load_song_dim_table> on 2023-01-01 23:00:00+00:00
[2025-07-24T17:13:53.765+0000] {standard_task_runner.py:60} INFO - Started process 1308 to run task
[2025-07-24T17:13:53.826+0000] {standard_task_runner.py:87} INFO - Running: ['***', 'tasks', 'run', 'tune_stream_dag', 'Load_song_dim_table', 'scheduled__2023-01-01T23:00:00+00:00', '--job-id', '2041', '--raw', '--subdir', 'DAGS_FOLDER/etl_pipeline.py', '--cfg-path', '/tmp/tmpexcnccw_']
[2025-07-24T17:13:53.858+0000] {standard_task_runner.py:88} INFO - Job 2041: Subtask Load_song_dim_table
[2025-07-24T17:13:54.401+0000] {task_command.py:423} INFO - Running <TaskInstance: tune_stream_dag.Load_song_dim_table scheduled__2023-01-01T23:00:00+00:00 [running]> on host 5def55d2a1b5
[2025-07-24T17:13:54.887+0000] {taskinstance.py:2480} INFO - Exporting env vars: AIRFLOW_CTX_DAG_OWNER='genz-legend' AIRFLOW_CTX_DAG_ID='tune_stream_dag' AIRFLOW_CTX_TASK_ID='Load_song_dim_table' AIRFLOW_CTX_EXECUTION_DATE='2023-01-01T23:00:00+00:00' AIRFLOW_CTX_TRY_NUMBER='1' AIRFLOW_CTX_DAG_RUN_ID='scheduled__2023-01-01T23:00:00+00:00'
[2025-07-24T17:13:54.947+0000] {python.py:201} INFO - Done. Returned value was: None
[2025-07-24T17:13:55.001+0000] {taskinstance.py:1138} INFO - Marking task as SUCCESS. dag_id=tune_stream_dag, task_id=Load_song_dim_table, execution_date=20230101T230000, start_date=20250724T171353, end_date=20250724T171355
[2025-07-24T17:13:55.222+0000] {local_task_job_runner.py:234} INFO - Task exited with return code 0
[2025-07-24T17:13:55.328+0000] {taskinstance.py:3280} INFO - 0 downstream tasks scheduled from follow-on schedule check
