[2025-07-24T14:29:09.414+0000] {taskinstance.py:1956} INFO - Dependencies all met for dep_context=non-requeueable deps ti=<TaskInstance: tune_stream_dag.Stage_songs scheduled__2023-01-03T14:00:00+00:00 [queued]>
[2025-07-24T14:29:09.424+0000] {taskinstance.py:1956} INFO - Dependencies all met for dep_context=requeueable deps ti=<TaskInstance: tune_stream_dag.Stage_songs scheduled__2023-01-03T14:00:00+00:00 [queued]>
[2025-07-24T14:29:09.424+0000] {taskinstance.py:2170} INFO - Starting attempt 1 of 4
[2025-07-24T14:29:09.440+0000] {taskinstance.py:2191} INFO - Executing <Task(PythonOperator): Stage_songs> on 2023-01-03 14:00:00+00:00
[2025-07-24T14:29:09.449+0000] {standard_task_runner.py:60} INFO - Started process 768 to run task
[2025-07-24T14:29:09.454+0000] {standard_task_runner.py:87} INFO - Running: ['***', 'tasks', 'run', 'tune_stream_dag', 'Stage_songs', 'scheduled__2023-01-03T14:00:00+00:00', '--job-id', '540', '--raw', '--subdir', 'DAGS_FOLDER/etl_pipeline.py', '--cfg-path', '/tmp/tmpw1bkfe7h']
[2025-07-24T14:29:09.457+0000] {standard_task_runner.py:88} INFO - Job 540: Subtask Stage_songs
[2025-07-24T14:29:09.536+0000] {task_command.py:423} INFO - Running <TaskInstance: tune_stream_dag.Stage_songs scheduled__2023-01-03T14:00:00+00:00 [running]> on host aea62fae55be
[2025-07-24T14:29:09.630+0000] {taskinstance.py:2480} INFO - Exporting env vars: AIRFLOW_CTX_DAG_OWNER='genz-legend' AIRFLOW_CTX_DAG_ID='tune_stream_dag' AIRFLOW_CTX_TASK_ID='Stage_songs' AIRFLOW_CTX_EXECUTION_DATE='2023-01-03T14:00:00+00:00' AIRFLOW_CTX_TRY_NUMBER='1' AIRFLOW_CTX_DAG_RUN_ID='scheduled__2023-01-03T14:00:00+00:00'
[2025-07-24T14:29:10.290+0000] {python.py:201} INFO - Done. Returned value was: None
[2025-07-24T14:29:10.302+0000] {taskinstance.py:1138} INFO - Marking task as SUCCESS. dag_id=tune_stream_dag, task_id=Stage_songs, execution_date=20230103T140000, start_date=20250724T142909, end_date=20250724T142910
[2025-07-24T14:29:10.349+0000] {local_task_job_runner.py:234} INFO - Task exited with return code 0
[2025-07-24T14:29:10.732+0000] {taskinstance.py:3280} INFO - 0 downstream tasks scheduled from follow-on schedule check
[2025-07-24T17:27:04.210+0000] {taskinstance.py:1956} INFO - Dependencies all met for dep_context=non-requeueable deps ti=<TaskInstance: tune_stream_dag.Stage_songs scheduled__2023-01-03T14:00:00+00:00 [queued]>
[2025-07-24T17:27:04.243+0000] {taskinstance.py:1956} INFO - Dependencies all met for dep_context=requeueable deps ti=<TaskInstance: tune_stream_dag.Stage_songs scheduled__2023-01-03T14:00:00+00:00 [queued]>
[2025-07-24T17:27:04.245+0000] {taskinstance.py:2170} INFO - Starting attempt 1 of 4
[2025-07-24T17:27:04.373+0000] {taskinstance.py:2191} INFO - Executing <Task(PythonOperator): Stage_songs> on 2023-01-03 14:00:00+00:00
[2025-07-24T17:27:04.392+0000] {standard_task_runner.py:60} INFO - Started process 2381 to run task
[2025-07-24T17:27:04.395+0000] {standard_task_runner.py:87} INFO - Running: ['***', 'tasks', 'run', 'tune_stream_dag', 'Stage_songs', 'scheduled__2023-01-03T14:00:00+00:00', '--job-id', '2346', '--raw', '--subdir', 'DAGS_FOLDER/etl_pipeline.py', '--cfg-path', '/tmp/tmpnq4wcjx8']
[2025-07-24T17:27:04.400+0000] {standard_task_runner.py:88} INFO - Job 2346: Subtask Stage_songs
[2025-07-24T17:27:04.607+0000] {task_command.py:423} INFO - Running <TaskInstance: tune_stream_dag.Stage_songs scheduled__2023-01-03T14:00:00+00:00 [running]> on host 5def55d2a1b5
[2025-07-24T17:27:04.938+0000] {taskinstance.py:2480} INFO - Exporting env vars: AIRFLOW_CTX_DAG_OWNER='genz-legend' AIRFLOW_CTX_DAG_ID='tune_stream_dag' AIRFLOW_CTX_TASK_ID='Stage_songs' AIRFLOW_CTX_EXECUTION_DATE='2023-01-03T14:00:00+00:00' AIRFLOW_CTX_TRY_NUMBER='1' AIRFLOW_CTX_DAG_RUN_ID='scheduled__2023-01-03T14:00:00+00:00'
[2025-07-24T17:27:14.397+0000] {python.py:201} INFO - Done. Returned value was: None
[2025-07-24T17:27:14.453+0000] {taskinstance.py:1138} INFO - Marking task as SUCCESS. dag_id=tune_stream_dag, task_id=Stage_songs, execution_date=20230103T140000, start_date=20250724T172704, end_date=20250724T172714
[2025-07-24T17:27:14.588+0000] {local_task_job_runner.py:234} INFO - Task exited with return code 0
[2025-07-24T17:27:14.700+0000] {taskinstance.py:3280} INFO - 0 downstream tasks scheduled from follow-on schedule check
