[2025-07-24T15:33:44.540+0000] {taskinstance.py:1956} INFO - Dependencies all met for dep_context=non-requeueable deps ti=<TaskInstance: tune_stream_dag.Load_artist_dim_table scheduled__2023-01-01T11:00:00+00:00 [queued]>
[2025-07-24T15:33:44.613+0000] {taskinstance.py:1956} INFO - Dependencies all met for dep_context=requeueable deps ti=<TaskInstance: tune_stream_dag.Load_artist_dim_table scheduled__2023-01-01T11:00:00+00:00 [queued]>
[2025-07-24T15:33:44.652+0000] {taskinstance.py:2170} INFO - Starting attempt 1 of 4
[2025-07-24T15:33:45.208+0000] {taskinstance.py:2191} INFO - Executing <Task(PythonOperator): Load_artist_dim_table> on 2023-01-01 11:00:00+00:00
[2025-07-24T15:33:45.235+0000] {standard_task_runner.py:60} INFO - Started process 321 to run task
[2025-07-24T15:33:45.263+0000] {standard_task_runner.py:87} INFO - Running: ['***', 'tasks', 'run', 'tune_stream_dag', 'Load_artist_dim_table', 'scheduled__2023-01-01T11:00:00+00:00', '--job-id', '1012', '--raw', '--subdir', 'DAGS_FOLDER/etl_pipeline.py', '--cfg-path', '/tmp/tmpumth_x11']
[2025-07-24T15:33:45.285+0000] {standard_task_runner.py:88} INFO - Job 1012: Subtask Load_artist_dim_table
[2025-07-24T15:33:45.604+0000] {task_command.py:423} INFO - Running <TaskInstance: tune_stream_dag.Load_artist_dim_table scheduled__2023-01-01T11:00:00+00:00 [running]> on host c53547d84df1
[2025-07-24T15:33:46.104+0000] {taskinstance.py:2480} INFO - Exporting env vars: AIRFLOW_CTX_DAG_OWNER='genz-legend' AIRFLOW_CTX_DAG_ID='tune_stream_dag' AIRFLOW_CTX_TASK_ID='Load_artist_dim_table' AIRFLOW_CTX_EXECUTION_DATE='2023-01-01T11:00:00+00:00' AIRFLOW_CTX_TRY_NUMBER='1' AIRFLOW_CTX_DAG_RUN_ID='scheduled__2023-01-01T11:00:00+00:00'
[2025-07-24T15:33:46.228+0000] {python.py:201} INFO - Done. Returned value was: None
[2025-07-24T15:33:46.275+0000] {taskinstance.py:1138} INFO - Marking task as SUCCESS. dag_id=tune_stream_dag, task_id=Load_artist_dim_table, execution_date=20230101T110000, start_date=20250724T153344, end_date=20250724T153346
[2025-07-24T15:33:46.456+0000] {local_task_job_runner.py:234} INFO - Task exited with return code 0
[2025-07-24T15:33:46.567+0000] {taskinstance.py:3280} INFO - 0 downstream tasks scheduled from follow-on schedule check
[2025-07-24T16:18:11.775+0000] {taskinstance.py:1956} INFO - Dependencies all met for dep_context=non-requeueable deps ti=<TaskInstance: tune_stream_dag.Load_artist_dim_table scheduled__2023-01-01T11:00:00+00:00 [queued]>
[2025-07-24T16:18:11.866+0000] {taskinstance.py:1956} INFO - Dependencies all met for dep_context=requeueable deps ti=<TaskInstance: tune_stream_dag.Load_artist_dim_table scheduled__2023-01-01T11:00:00+00:00 [queued]>
[2025-07-24T16:18:11.870+0000] {taskinstance.py:2170} INFO - Starting attempt 1 of 4
[2025-07-24T16:18:12.218+0000] {taskinstance.py:2191} INFO - Executing <Task(PythonOperator): Load_artist_dim_table> on 2023-01-01 11:00:00+00:00
[2025-07-24T16:18:12.236+0000] {standard_task_runner.py:60} INFO - Started process 502 to run task
[2025-07-24T16:18:12.258+0000] {standard_task_runner.py:87} INFO - Running: ['***', 'tasks', 'run', 'tune_stream_dag', 'Load_artist_dim_table', 'scheduled__2023-01-01T11:00:00+00:00', '--job-id', '1455', '--raw', '--subdir', 'DAGS_FOLDER/etl_pipeline.py', '--cfg-path', '/tmp/tmppbdzf614']
[2025-07-24T16:18:12.266+0000] {standard_task_runner.py:88} INFO - Job 1455: Subtask Load_artist_dim_table
[2025-07-24T16:18:12.468+0000] {task_command.py:423} INFO - Running <TaskInstance: tune_stream_dag.Load_artist_dim_table scheduled__2023-01-01T11:00:00+00:00 [running]> on host c53547d84df1
[2025-07-24T16:18:12.772+0000] {taskinstance.py:2480} INFO - Exporting env vars: AIRFLOW_CTX_DAG_OWNER='genz-legend' AIRFLOW_CTX_DAG_ID='tune_stream_dag' AIRFLOW_CTX_TASK_ID='Load_artist_dim_table' AIRFLOW_CTX_EXECUTION_DATE='2023-01-01T11:00:00+00:00' AIRFLOW_CTX_TRY_NUMBER='1' AIRFLOW_CTX_DAG_RUN_ID='scheduled__2023-01-01T11:00:00+00:00'
[2025-07-24T16:18:12.803+0000] {python.py:201} INFO - Done. Returned value was: None
[2025-07-24T16:18:12.836+0000] {taskinstance.py:1138} INFO - Marking task as SUCCESS. dag_id=tune_stream_dag, task_id=Load_artist_dim_table, execution_date=20230101T110000, start_date=20250724T161811, end_date=20250724T161812
[2025-07-24T16:18:12.937+0000] {local_task_job_runner.py:234} INFO - Task exited with return code 0
[2025-07-24T16:18:13.173+0000] {taskinstance.py:3280} INFO - 0 downstream tasks scheduled from follow-on schedule check
[2025-07-24T16:57:17.304+0000] {taskinstance.py:1956} INFO - Dependencies all met for dep_context=non-requeueable deps ti=<TaskInstance: tune_stream_dag.Load_artist_dim_table scheduled__2023-01-01T11:00:00+00:00 [queued]>
[2025-07-24T16:57:17.350+0000] {taskinstance.py:1956} INFO - Dependencies all met for dep_context=requeueable deps ti=<TaskInstance: tune_stream_dag.Load_artist_dim_table scheduled__2023-01-01T11:00:00+00:00 [queued]>
[2025-07-24T16:57:17.398+0000] {taskinstance.py:2170} INFO - Starting attempt 1 of 4
[2025-07-24T16:57:17.571+0000] {taskinstance.py:2191} INFO - Executing <Task(PythonOperator): Load_artist_dim_table> on 2023-01-01 11:00:00+00:00
[2025-07-24T16:57:17.602+0000] {standard_task_runner.py:60} INFO - Started process 465 to run task
[2025-07-24T16:57:17.629+0000] {standard_task_runner.py:87} INFO - Running: ['***', 'tasks', 'run', 'tune_stream_dag', 'Load_artist_dim_table', 'scheduled__2023-01-01T11:00:00+00:00', '--job-id', '1842', '--raw', '--subdir', 'DAGS_FOLDER/etl_pipeline.py', '--cfg-path', '/tmp/tmpi1x3l9oc']
[2025-07-24T16:57:17.644+0000] {standard_task_runner.py:88} INFO - Job 1842: Subtask Load_artist_dim_table
[2025-07-24T16:57:17.941+0000] {task_command.py:423} INFO - Running <TaskInstance: tune_stream_dag.Load_artist_dim_table scheduled__2023-01-01T11:00:00+00:00 [running]> on host 5def55d2a1b5
[2025-07-24T16:57:18.304+0000] {taskinstance.py:2480} INFO - Exporting env vars: AIRFLOW_CTX_DAG_OWNER='genz-legend' AIRFLOW_CTX_DAG_ID='tune_stream_dag' AIRFLOW_CTX_TASK_ID='Load_artist_dim_table' AIRFLOW_CTX_EXECUTION_DATE='2023-01-01T11:00:00+00:00' AIRFLOW_CTX_TRY_NUMBER='1' AIRFLOW_CTX_DAG_RUN_ID='scheduled__2023-01-01T11:00:00+00:00'
[2025-07-24T16:57:18.384+0000] {python.py:201} INFO - Done. Returned value was: None
[2025-07-24T16:57:18.420+0000] {taskinstance.py:1138} INFO - Marking task as SUCCESS. dag_id=tune_stream_dag, task_id=Load_artist_dim_table, execution_date=20230101T110000, start_date=20250724T165717, end_date=20250724T165718
[2025-07-24T16:57:19.446+0000] {local_task_job_runner.py:234} INFO - Task exited with return code 0
[2025-07-24T16:57:19.503+0000] {taskinstance.py:3280} INFO - 0 downstream tasks scheduled from follow-on schedule check
