[2025-07-24T15:44:02.241+0000] {taskinstance.py:1956} INFO - Dependencies all met for dep_context=non-requeueable deps ti=<TaskInstance: tune_stream_dag.Load_artist_dim_table scheduled__2023-01-01T04:00:00+00:00 [queued]>
[2025-07-24T15:44:02.271+0000] {taskinstance.py:1956} INFO - Dependencies all met for dep_context=requeueable deps ti=<TaskInstance: tune_stream_dag.Load_artist_dim_table scheduled__2023-01-01T04:00:00+00:00 [queued]>
[2025-07-24T15:44:02.273+0000] {taskinstance.py:2170} INFO - Starting attempt 1 of 4
[2025-07-24T15:44:02.323+0000] {taskinstance.py:2191} INFO - Executing <Task(PythonOperator): Load_artist_dim_table> on 2023-01-01 04:00:00+00:00
[2025-07-24T15:44:02.361+0000] {standard_task_runner.py:60} INFO - Started process 688 to run task
[2025-07-24T15:44:02.375+0000] {standard_task_runner.py:87} INFO - Running: ['***', 'tasks', 'run', 'tune_stream_dag', 'Load_artist_dim_table', 'scheduled__2023-01-01T04:00:00+00:00', '--job-id', '1082', '--raw', '--subdir', 'DAGS_FOLDER/etl_pipeline.py', '--cfg-path', '/tmp/tmpd08l68x7']
[2025-07-24T15:44:02.408+0000] {standard_task_runner.py:88} INFO - Job 1082: Subtask Load_artist_dim_table
[2025-07-24T15:44:02.725+0000] {task_command.py:423} INFO - Running <TaskInstance: tune_stream_dag.Load_artist_dim_table scheduled__2023-01-01T04:00:00+00:00 [running]> on host c53547d84df1
[2025-07-24T15:44:03.146+0000] {taskinstance.py:2480} INFO - Exporting env vars: AIRFLOW_CTX_DAG_OWNER='genz-legend' AIRFLOW_CTX_DAG_ID='tune_stream_dag' AIRFLOW_CTX_TASK_ID='Load_artist_dim_table' AIRFLOW_CTX_EXECUTION_DATE='2023-01-01T04:00:00+00:00' AIRFLOW_CTX_TRY_NUMBER='1' AIRFLOW_CTX_DAG_RUN_ID='scheduled__2023-01-01T04:00:00+00:00'
[2025-07-24T15:44:03.213+0000] {python.py:201} INFO - Done. Returned value was: None
[2025-07-24T15:44:03.262+0000] {taskinstance.py:1138} INFO - Marking task as SUCCESS. dag_id=tune_stream_dag, task_id=Load_artist_dim_table, execution_date=20230101T040000, start_date=20250724T154402, end_date=20250724T154403
[2025-07-24T15:44:03.399+0000] {local_task_job_runner.py:234} INFO - Task exited with return code 0
[2025-07-24T15:44:03.537+0000] {taskinstance.py:3280} INFO - 0 downstream tasks scheduled from follow-on schedule check
[2025-07-24T16:17:58.731+0000] {taskinstance.py:1956} INFO - Dependencies all met for dep_context=non-requeueable deps ti=<TaskInstance: tune_stream_dag.Load_artist_dim_table scheduled__2023-01-01T04:00:00+00:00 [queued]>
[2025-07-24T16:17:58.838+0000] {taskinstance.py:1956} INFO - Dependencies all met for dep_context=requeueable deps ti=<TaskInstance: tune_stream_dag.Load_artist_dim_table scheduled__2023-01-01T04:00:00+00:00 [queued]>
[2025-07-24T16:17:58.854+0000] {taskinstance.py:2170} INFO - Starting attempt 1 of 4
[2025-07-24T16:17:58.919+0000] {taskinstance.py:2191} INFO - Executing <Task(PythonOperator): Load_artist_dim_table> on 2023-01-01 04:00:00+00:00
[2025-07-24T16:17:58.943+0000] {standard_task_runner.py:60} INFO - Started process 423 to run task
[2025-07-24T16:17:58.955+0000] {standard_task_runner.py:87} INFO - Running: ['***', 'tasks', 'run', 'tune_stream_dag', 'Load_artist_dim_table', 'scheduled__2023-01-01T04:00:00+00:00', '--job-id', '1426', '--raw', '--subdir', 'DAGS_FOLDER/etl_pipeline.py', '--cfg-path', '/tmp/tmp0ts5jt9g']
[2025-07-24T16:17:58.959+0000] {standard_task_runner.py:88} INFO - Job 1426: Subtask Load_artist_dim_table
[2025-07-24T16:17:59.229+0000] {task_command.py:423} INFO - Running <TaskInstance: tune_stream_dag.Load_artist_dim_table scheduled__2023-01-01T04:00:00+00:00 [running]> on host c53547d84df1
[2025-07-24T16:17:59.706+0000] {taskinstance.py:2480} INFO - Exporting env vars: AIRFLOW_CTX_DAG_OWNER='genz-legend' AIRFLOW_CTX_DAG_ID='tune_stream_dag' AIRFLOW_CTX_TASK_ID='Load_artist_dim_table' AIRFLOW_CTX_EXECUTION_DATE='2023-01-01T04:00:00+00:00' AIRFLOW_CTX_TRY_NUMBER='1' AIRFLOW_CTX_DAG_RUN_ID='scheduled__2023-01-01T04:00:00+00:00'
[2025-07-24T16:17:59.786+0000] {python.py:201} INFO - Done. Returned value was: None
[2025-07-24T16:17:59.804+0000] {taskinstance.py:1138} INFO - Marking task as SUCCESS. dag_id=tune_stream_dag, task_id=Load_artist_dim_table, execution_date=20230101T040000, start_date=20250724T161758, end_date=20250724T161759
[2025-07-24T16:18:00.199+0000] {local_task_job_runner.py:234} INFO - Task exited with return code 0
[2025-07-24T16:18:00.321+0000] {taskinstance.py:3280} INFO - 0 downstream tasks scheduled from follow-on schedule check
[2025-07-24T16:57:02.888+0000] {taskinstance.py:1956} INFO - Dependencies all met for dep_context=non-requeueable deps ti=<TaskInstance: tune_stream_dag.Load_artist_dim_table scheduled__2023-01-01T04:00:00+00:00 [queued]>
[2025-07-24T16:57:02.954+0000] {taskinstance.py:1956} INFO - Dependencies all met for dep_context=requeueable deps ti=<TaskInstance: tune_stream_dag.Load_artist_dim_table scheduled__2023-01-01T04:00:00+00:00 [queued]>
[2025-07-24T16:57:02.956+0000] {taskinstance.py:2170} INFO - Starting attempt 1 of 4
[2025-07-24T16:57:03.944+0000] {taskinstance.py:2191} INFO - Executing <Task(PythonOperator): Load_artist_dim_table> on 2023-01-01 04:00:00+00:00
[2025-07-24T16:57:03.956+0000] {standard_task_runner.py:60} INFO - Started process 377 to run task
[2025-07-24T16:57:03.960+0000] {standard_task_runner.py:87} INFO - Running: ['***', 'tasks', 'run', 'tune_stream_dag', 'Load_artist_dim_table', 'scheduled__2023-01-01T04:00:00+00:00', '--job-id', '1813', '--raw', '--subdir', 'DAGS_FOLDER/etl_pipeline.py', '--cfg-path', '/tmp/tmp5x8wblqb']
[2025-07-24T16:57:03.964+0000] {standard_task_runner.py:88} INFO - Job 1813: Subtask Load_artist_dim_table
[2025-07-24T16:57:06.050+0000] {task_command.py:423} INFO - Running <TaskInstance: tune_stream_dag.Load_artist_dim_table scheduled__2023-01-01T04:00:00+00:00 [running]> on host 5def55d2a1b5
[2025-07-24T16:57:06.446+0000] {taskinstance.py:2480} INFO - Exporting env vars: AIRFLOW_CTX_DAG_OWNER='genz-legend' AIRFLOW_CTX_DAG_ID='tune_stream_dag' AIRFLOW_CTX_TASK_ID='Load_artist_dim_table' AIRFLOW_CTX_EXECUTION_DATE='2023-01-01T04:00:00+00:00' AIRFLOW_CTX_TRY_NUMBER='1' AIRFLOW_CTX_DAG_RUN_ID='scheduled__2023-01-01T04:00:00+00:00'
[2025-07-24T16:57:06.558+0000] {python.py:201} INFO - Done. Returned value was: None
[2025-07-24T16:57:06.598+0000] {taskinstance.py:1138} INFO - Marking task as SUCCESS. dag_id=tune_stream_dag, task_id=Load_artist_dim_table, execution_date=20230101T040000, start_date=20250724T165702, end_date=20250724T165706
[2025-07-24T16:57:07.089+0000] {local_task_job_runner.py:234} INFO - Task exited with return code 0
[2025-07-24T16:57:07.205+0000] {taskinstance.py:3280} INFO - 0 downstream tasks scheduled from follow-on schedule check
