[2025-07-24T15:22:16.991+0000] {taskinstance.py:1956} INFO - Dependencies all met for dep_context=non-requeueable deps ti=<TaskInstance: tune_stream_dag.Stage_songs scheduled__2023-01-05T07:00:00+00:00 [queued]>
[2025-07-24T15:22:17.014+0000] {taskinstance.py:1956} INFO - Dependencies all met for dep_context=requeueable deps ti=<TaskInstance: tune_stream_dag.Stage_songs scheduled__2023-01-05T07:00:00+00:00 [queued]>
[2025-07-24T15:22:17.017+0000] {taskinstance.py:2170} INFO - Starting attempt 1 of 4
[2025-07-24T15:22:17.107+0000] {taskinstance.py:2191} INFO - Executing <Task(PythonOperator): Stage_songs> on 2023-01-05 07:00:00+00:00
[2025-07-24T15:22:17.130+0000] {standard_task_runner.py:60} INFO - Started process 772 to run task
[2025-07-24T15:22:17.143+0000] {standard_task_runner.py:87} INFO - Running: ['***', 'tasks', 'run', 'tune_stream_dag', 'Stage_songs', 'scheduled__2023-01-05T07:00:00+00:00', '--job-id', '859', '--raw', '--subdir', 'DAGS_FOLDER/etl_pipeline.py', '--cfg-path', '/tmp/tmpj1_tg71m']
[2025-07-24T15:22:17.149+0000] {standard_task_runner.py:88} INFO - Job 859: Subtask Stage_songs
[2025-07-24T15:22:17.296+0000] {task_command.py:423} INFO - Running <TaskInstance: tune_stream_dag.Stage_songs scheduled__2023-01-05T07:00:00+00:00 [running]> on host c53547d84df1
[2025-07-24T15:22:18.038+0000] {taskinstance.py:2480} INFO - Exporting env vars: AIRFLOW_CTX_DAG_OWNER='genz-legend' AIRFLOW_CTX_DAG_ID='tune_stream_dag' AIRFLOW_CTX_TASK_ID='Stage_songs' AIRFLOW_CTX_EXECUTION_DATE='2023-01-05T07:00:00+00:00' AIRFLOW_CTX_TRY_NUMBER='1' AIRFLOW_CTX_DAG_RUN_ID='scheduled__2023-01-05T07:00:00+00:00'
[2025-07-24T15:22:19.198+0000] {python.py:201} INFO - Done. Returned value was: None
[2025-07-24T15:22:19.217+0000] {taskinstance.py:1138} INFO - Marking task as SUCCESS. dag_id=tune_stream_dag, task_id=Stage_songs, execution_date=20230105T070000, start_date=20250724T152216, end_date=20250724T152219
[2025-07-24T15:22:19.287+0000] {local_task_job_runner.py:234} INFO - Task exited with return code 0
[2025-07-24T15:22:19.317+0000] {taskinstance.py:3280} INFO - 1 downstream tasks scheduled from follow-on schedule check
[2025-07-24T17:32:08.144+0000] {taskinstance.py:1956} INFO - Dependencies all met for dep_context=non-requeueable deps ti=<TaskInstance: tune_stream_dag.Stage_songs scheduled__2023-01-05T07:00:00+00:00 [queued]>
[2025-07-24T17:32:08.168+0000] {taskinstance.py:1956} INFO - Dependencies all met for dep_context=requeueable deps ti=<TaskInstance: tune_stream_dag.Stage_songs scheduled__2023-01-05T07:00:00+00:00 [queued]>
[2025-07-24T17:32:08.169+0000] {taskinstance.py:2170} INFO - Starting attempt 1 of 4
[2025-07-24T17:32:08.205+0000] {taskinstance.py:2191} INFO - Executing <Task(PythonOperator): Stage_songs> on 2023-01-05 07:00:00+00:00
[2025-07-24T17:32:08.224+0000] {standard_task_runner.py:60} INFO - Started process 3260 to run task
[2025-07-24T17:32:08.232+0000] {standard_task_runner.py:87} INFO - Running: ['***', 'tasks', 'run', 'tune_stream_dag', 'Stage_songs', 'scheduled__2023-01-05T07:00:00+00:00', '--job-id', '2618', '--raw', '--subdir', 'DAGS_FOLDER/etl_pipeline.py', '--cfg-path', '/tmp/tmpg8cinuvu']
[2025-07-24T17:32:08.242+0000] {standard_task_runner.py:88} INFO - Job 2618: Subtask Stage_songs
[2025-07-24T17:32:08.365+0000] {task_command.py:423} INFO - Running <TaskInstance: tune_stream_dag.Stage_songs scheduled__2023-01-05T07:00:00+00:00 [running]> on host 5def55d2a1b5
[2025-07-24T17:32:08.516+0000] {taskinstance.py:2480} INFO - Exporting env vars: AIRFLOW_CTX_DAG_OWNER='genz-legend' AIRFLOW_CTX_DAG_ID='tune_stream_dag' AIRFLOW_CTX_TASK_ID='Stage_songs' AIRFLOW_CTX_EXECUTION_DATE='2023-01-05T07:00:00+00:00' AIRFLOW_CTX_TRY_NUMBER='1' AIRFLOW_CTX_DAG_RUN_ID='scheduled__2023-01-05T07:00:00+00:00'
[2025-07-24T17:32:09.579+0000] {python.py:201} INFO - Done. Returned value was: None
[2025-07-24T17:32:09.607+0000] {taskinstance.py:1138} INFO - Marking task as SUCCESS. dag_id=tune_stream_dag, task_id=Stage_songs, execution_date=20230105T070000, start_date=20250724T173208, end_date=20250724T173209
[2025-07-24T17:32:09.821+0000] {local_task_job_runner.py:234} INFO - Task exited with return code 0
[2025-07-24T17:32:09.983+0000] {taskinstance.py:3280} INFO - 0 downstream tasks scheduled from follow-on schedule check
