[2025-07-24T18:17:23.112+0000] {taskinstance.py:1956} INFO - Dependencies all met for dep_context=non-requeueable deps ti=<TaskInstance: tune_stream_dag.data_quality_checks scheduled__2023-01-11T07:00:00+00:00 [queued]>
[2025-07-24T18:17:23.123+0000] {taskinstance.py:1956} INFO - Dependencies all met for dep_context=requeueable deps ti=<TaskInstance: tune_stream_dag.data_quality_checks scheduled__2023-01-11T07:00:00+00:00 [queued]>
[2025-07-24T18:17:23.124+0000] {taskinstance.py:2170} INFO - Starting attempt 1 of 4
[2025-07-24T18:17:23.138+0000] {taskinstance.py:2191} INFO - Executing <Task(PythonOperator): data_quality_checks> on 2023-01-11 07:00:00+00:00
[2025-07-24T18:17:23.145+0000] {standard_task_runner.py:60} INFO - Started process 7728 to run task
[2025-07-24T18:17:23.148+0000] {standard_task_runner.py:87} INFO - Running: ['***', 'tasks', 'run', 'tune_stream_dag', 'data_quality_checks', 'scheduled__2023-01-11T07:00:00+00:00', '--job-id', '3912', '--raw', '--subdir', 'DAGS_FOLDER/etl_pipeline.py', '--cfg-path', '/tmp/tmpp6860yl_']
[2025-07-24T18:17:23.151+0000] {standard_task_runner.py:88} INFO - Job 3912: Subtask data_quality_checks
[2025-07-24T18:17:23.214+0000] {task_command.py:423} INFO - Running <TaskInstance: tune_stream_dag.data_quality_checks scheduled__2023-01-11T07:00:00+00:00 [running]> on host 5def55d2a1b5
[2025-07-24T18:17:23.293+0000] {taskinstance.py:2480} INFO - Exporting env vars: AIRFLOW_CTX_DAG_OWNER='genz-legend' AIRFLOW_CTX_DAG_ID='tune_stream_dag' AIRFLOW_CTX_TASK_ID='data_quality_checks' AIRFLOW_CTX_EXECUTION_DATE='2023-01-11T07:00:00+00:00' AIRFLOW_CTX_TRY_NUMBER='1' AIRFLOW_CTX_DAG_RUN_ID='scheduled__2023-01-11T07:00:00+00:00'
[2025-07-24T18:17:23.301+0000] {logging_mixin.py:188} INFO - songplays passed check: is not empty
[2025-07-24T18:17:23.302+0000] {logging_mixin.py:188} INFO - users passed check: is not empty
[2025-07-24T18:17:23.304+0000] {logging_mixin.py:188} INFO - songs passed check: is not empty
[2025-07-24T18:17:23.305+0000] {logging_mixin.py:188} INFO - artists passed check: is not empty
[2025-07-24T18:17:23.307+0000] {logging_mixin.py:188} INFO - time passed check: is not empty
[2025-07-24T18:17:23.307+0000] {logging_mixin.py:188} INFO - songplays passed check: has no NULL playid
[2025-07-24T18:17:23.308+0000] {logging_mixin.py:188} INFO - users passed check: has no NULL userid
[2025-07-24T18:17:23.309+0000] {logging_mixin.py:188} INFO - songs passed check: has no NULL songid
[2025-07-24T18:17:23.309+0000] {logging_mixin.py:188} INFO - artists passed check: has no NULL artistid
[2025-07-24T18:17:23.310+0000] {logging_mixin.py:188} INFO - time passed check: has no NULL start_time
[2025-07-24T18:17:23.316+0000] {logging_mixin.py:188} INFO - songplays passed check: has unique playid
[2025-07-24T18:17:23.317+0000] {logging_mixin.py:188} INFO - users passed check: has unique userid
[2025-07-24T18:17:23.318+0000] {logging_mixin.py:188} INFO - songs passed check: has unique songid
[2025-07-24T18:17:23.319+0000] {logging_mixin.py:188} INFO - artists passed check: has unique artistid
[2025-07-24T18:17:23.320+0000] {logging_mixin.py:188} INFO - time passed check: has unique start_time
[2025-07-24T18:17:23.321+0000] {python.py:201} INFO - Done. Returned value was: None
[2025-07-24T18:17:23.329+0000] {taskinstance.py:1138} INFO - Marking task as SUCCESS. dag_id=tune_stream_dag, task_id=data_quality_checks, execution_date=20230111T070000, start_date=20250724T181723, end_date=20250724T181723
[2025-07-24T18:17:23.361+0000] {local_task_job_runner.py:234} INFO - Task exited with return code 0
[2025-07-24T18:17:23.381+0000] {taskinstance.py:3280} INFO - 0 downstream tasks scheduled from follow-on schedule check
