[2025-07-24T18:18:41.661+0000] {taskinstance.py:1956} INFO - Dependencies all met for dep_context=non-requeueable deps ti=<TaskInstance: tune_stream_dag.data_quality_checks scheduled__2023-01-11T19:00:00+00:00 [queued]>
[2025-07-24T18:18:41.676+0000] {taskinstance.py:1956} INFO - Dependencies all met for dep_context=requeueable deps ti=<TaskInstance: tune_stream_dag.data_quality_checks scheduled__2023-01-11T19:00:00+00:00 [queued]>
[2025-07-24T18:18:41.677+0000] {taskinstance.py:2170} INFO - Starting attempt 1 of 4
[2025-07-24T18:18:41.692+0000] {taskinstance.py:2191} INFO - Executing <Task(PythonOperator): data_quality_checks> on 2023-01-11 19:00:00+00:00
[2025-07-24T18:18:41.701+0000] {standard_task_runner.py:60} INFO - Started process 8026 to run task
[2025-07-24T18:18:41.705+0000] {standard_task_runner.py:87} INFO - Running: ['***', 'tasks', 'run', 'tune_stream_dag', 'data_quality_checks', 'scheduled__2023-01-11T19:00:00+00:00', '--job-id', '4004', '--raw', '--subdir', 'DAGS_FOLDER/etl_pipeline.py', '--cfg-path', '/tmp/tmp3jo07t32']
[2025-07-24T18:18:41.709+0000] {standard_task_runner.py:88} INFO - Job 4004: Subtask data_quality_checks
[2025-07-24T18:18:41.840+0000] {task_command.py:423} INFO - Running <TaskInstance: tune_stream_dag.data_quality_checks scheduled__2023-01-11T19:00:00+00:00 [running]> on host 5def55d2a1b5
[2025-07-24T18:18:41.931+0000] {taskinstance.py:2480} INFO - Exporting env vars: AIRFLOW_CTX_DAG_OWNER='genz-legend' AIRFLOW_CTX_DAG_ID='tune_stream_dag' AIRFLOW_CTX_TASK_ID='data_quality_checks' AIRFLOW_CTX_EXECUTION_DATE='2023-01-11T19:00:00+00:00' AIRFLOW_CTX_TRY_NUMBER='1' AIRFLOW_CTX_DAG_RUN_ID='scheduled__2023-01-11T19:00:00+00:00'
[2025-07-24T18:18:41.943+0000] {logging_mixin.py:188} INFO - songplays passed check: is not empty
[2025-07-24T18:18:41.945+0000] {logging_mixin.py:188} INFO - users passed check: is not empty
[2025-07-24T18:18:41.947+0000] {logging_mixin.py:188} INFO - songs passed check: is not empty
[2025-07-24T18:18:41.949+0000] {logging_mixin.py:188} INFO - artists passed check: is not empty
[2025-07-24T18:18:41.951+0000] {logging_mixin.py:188} INFO - time passed check: is not empty
[2025-07-24T18:18:41.953+0000] {logging_mixin.py:188} INFO - songplays passed check: has no NULL playid
[2025-07-24T18:18:41.954+0000] {logging_mixin.py:188} INFO - users passed check: has no NULL userid
[2025-07-24T18:18:41.955+0000] {logging_mixin.py:188} INFO - songs passed check: has no NULL songid
[2025-07-24T18:18:41.956+0000] {logging_mixin.py:188} INFO - artists passed check: has no NULL artistid
[2025-07-24T18:18:41.957+0000] {logging_mixin.py:188} INFO - time passed check: has no NULL start_time
[2025-07-24T18:18:41.968+0000] {logging_mixin.py:188} INFO - songplays passed check: has unique playid
[2025-07-24T18:18:41.971+0000] {logging_mixin.py:188} INFO - users passed check: has unique userid
[2025-07-24T18:18:41.973+0000] {logging_mixin.py:188} INFO - songs passed check: has unique songid
[2025-07-24T18:18:41.974+0000] {logging_mixin.py:188} INFO - artists passed check: has unique artistid
[2025-07-24T18:18:41.977+0000] {logging_mixin.py:188} INFO - time passed check: has unique start_time
[2025-07-24T18:18:41.978+0000] {python.py:201} INFO - Done. Returned value was: None
[2025-07-24T18:18:41.993+0000] {taskinstance.py:1138} INFO - Marking task as SUCCESS. dag_id=tune_stream_dag, task_id=data_quality_checks, execution_date=20230111T190000, start_date=20250724T181841, end_date=20250724T181841
[2025-07-24T18:18:42.082+0000] {local_task_job_runner.py:234} INFO - Task exited with return code 0
[2025-07-24T18:18:42.108+0000] {taskinstance.py:3280} INFO - 0 downstream tasks scheduled from follow-on schedule check
