[2025-07-24T13:52:23.799+0000] {taskinstance.py:1956} INFO - Dependencies all met for dep_context=non-requeueable deps ti=<TaskInstance: tune_stream_dag.Stage_events scheduled__2023-01-02T06:00:00+00:00 [queued]>
[2025-07-24T13:52:23.818+0000] {taskinstance.py:1956} INFO - Dependencies all met for dep_context=requeueable deps ti=<TaskInstance: tune_stream_dag.Stage_events scheduled__2023-01-02T06:00:00+00:00 [queued]>
[2025-07-24T13:52:23.820+0000] {taskinstance.py:2170} INFO - Starting attempt 1 of 4
[2025-07-24T13:52:23.850+0000] {taskinstance.py:2191} INFO - Executing <Task(PythonOperator): Stage_events> on 2023-01-02 06:00:00+00:00
[2025-07-24T13:52:23.864+0000] {standard_task_runner.py:60} INFO - Started process 385 to run task
[2025-07-24T13:52:23.868+0000] {standard_task_runner.py:87} INFO - Running: ['***', 'tasks', 'run', 'tune_stream_dag', 'Stage_events', 'scheduled__2023-01-02T06:00:00+00:00', '--job-id', '343', '--raw', '--subdir', 'DAGS_FOLDER/etl_pipeline.py', '--cfg-path', '/tmp/tmp0e_gyq5s']
[2025-07-24T13:52:23.873+0000] {standard_task_runner.py:88} INFO - Job 343: Subtask Stage_events
[2025-07-24T13:52:23.993+0000] {task_command.py:423} INFO - Running <TaskInstance: tune_stream_dag.Stage_events scheduled__2023-01-02T06:00:00+00:00 [running]> on host a4bcda7cb679
[2025-07-24T13:52:24.123+0000] {taskinstance.py:2480} INFO - Exporting env vars: AIRFLOW_CTX_DAG_OWNER='genz-legend' AIRFLOW_CTX_DAG_ID='tune_stream_dag' AIRFLOW_CTX_TASK_ID='Stage_events' AIRFLOW_CTX_EXECUTION_DATE='2023-01-02T06:00:00+00:00' AIRFLOW_CTX_TRY_NUMBER='1' AIRFLOW_CTX_DAG_RUN_ID='scheduled__2023-01-02T06:00:00+00:00'
[2025-07-24T13:52:27.790+0000] {python.py:201} INFO - Done. Returned value was: None
[2025-07-24T13:52:27.826+0000] {taskinstance.py:1138} INFO - Marking task as SUCCESS. dag_id=tune_stream_dag, task_id=Stage_events, execution_date=20230102T060000, start_date=20250724T135223, end_date=20250724T135227
[2025-07-24T13:52:27.917+0000] {local_task_job_runner.py:234} INFO - Task exited with return code 0
[2025-07-24T13:52:28.188+0000] {taskinstance.py:3280} INFO - 0 downstream tasks scheduled from follow-on schedule check
[2025-07-24T16:04:23.294+0000] {taskinstance.py:1956} INFO - Dependencies all met for dep_context=non-requeueable deps ti=<TaskInstance: tune_stream_dag.Stage_events scheduled__2023-01-02T06:00:00+00:00 [queued]>
[2025-07-24T16:04:23.301+0000] {taskinstance.py:1956} INFO - Dependencies all met for dep_context=requeueable deps ti=<TaskInstance: tune_stream_dag.Stage_events scheduled__2023-01-02T06:00:00+00:00 [queued]>
[2025-07-24T16:04:23.302+0000] {taskinstance.py:2170} INFO - Starting attempt 1 of 4
[2025-07-24T16:04:23.313+0000] {taskinstance.py:2191} INFO - Executing <Task(PythonOperator): Stage_events> on 2023-01-02 06:00:00+00:00
[2025-07-24T16:04:23.319+0000] {standard_task_runner.py:60} INFO - Started process 1570 to run task
[2025-07-24T16:04:23.323+0000] {standard_task_runner.py:87} INFO - Running: ['***', 'tasks', 'run', 'tune_stream_dag', 'Stage_events', 'scheduled__2023-01-02T06:00:00+00:00', '--job-id', '1281', '--raw', '--subdir', 'DAGS_FOLDER/etl_pipeline.py', '--cfg-path', '/tmp/tmp0y_p7bu1']
[2025-07-24T16:04:23.327+0000] {standard_task_runner.py:88} INFO - Job 1281: Subtask Stage_events
[2025-07-24T16:04:23.395+0000] {task_command.py:423} INFO - Running <TaskInstance: tune_stream_dag.Stage_events scheduled__2023-01-02T06:00:00+00:00 [running]> on host c53547d84df1
[2025-07-24T16:04:23.471+0000] {taskinstance.py:2480} INFO - Exporting env vars: AIRFLOW_CTX_DAG_OWNER='genz-legend' AIRFLOW_CTX_DAG_ID='tune_stream_dag' AIRFLOW_CTX_TASK_ID='Stage_events' AIRFLOW_CTX_EXECUTION_DATE='2023-01-02T06:00:00+00:00' AIRFLOW_CTX_TRY_NUMBER='1' AIRFLOW_CTX_DAG_RUN_ID='scheduled__2023-01-02T06:00:00+00:00'
[2025-07-24T16:04:25.222+0000] {python.py:201} INFO - Done. Returned value was: None
[2025-07-24T16:04:25.231+0000] {taskinstance.py:1138} INFO - Marking task as SUCCESS. dag_id=tune_stream_dag, task_id=Stage_events, execution_date=20230102T060000, start_date=20250724T160423, end_date=20250724T160425
[2025-07-24T16:04:25.302+0000] {local_task_job_runner.py:234} INFO - Task exited with return code 0
[2025-07-24T16:04:25.329+0000] {taskinstance.py:3280} INFO - 1 downstream tasks scheduled from follow-on schedule check
[2025-07-24T16:34:13.769+0000] {taskinstance.py:1956} INFO - Dependencies all met for dep_context=non-requeueable deps ti=<TaskInstance: tune_stream_dag.Stage_events scheduled__2023-01-02T06:00:00+00:00 [queued]>
[2025-07-24T16:34:13.783+0000] {taskinstance.py:1956} INFO - Dependencies all met for dep_context=requeueable deps ti=<TaskInstance: tune_stream_dag.Stage_events scheduled__2023-01-02T06:00:00+00:00 [queued]>
[2025-07-24T16:34:13.784+0000] {taskinstance.py:2170} INFO - Starting attempt 1 of 4
[2025-07-24T16:34:13.802+0000] {taskinstance.py:2191} INFO - Executing <Task(PythonOperator): Stage_events> on 2023-01-02 06:00:00+00:00
[2025-07-24T16:34:13.812+0000] {standard_task_runner.py:60} INFO - Started process 1199 to run task
[2025-07-24T16:34:13.817+0000] {standard_task_runner.py:87} INFO - Running: ['***', 'tasks', 'run', 'tune_stream_dag', 'Stage_events', 'scheduled__2023-01-02T06:00:00+00:00', '--job-id', '1610', '--raw', '--subdir', 'DAGS_FOLDER/etl_pipeline.py', '--cfg-path', '/tmp/tmpcoakzpbx']
[2025-07-24T16:34:13.821+0000] {standard_task_runner.py:88} INFO - Job 1610: Subtask Stage_events
[2025-07-24T16:34:13.912+0000] {task_command.py:423} INFO - Running <TaskInstance: tune_stream_dag.Stage_events scheduled__2023-01-02T06:00:00+00:00 [running]> on host c53547d84df1
[2025-07-24T16:34:14.002+0000] {taskinstance.py:2480} INFO - Exporting env vars: AIRFLOW_CTX_DAG_OWNER='genz-legend' AIRFLOW_CTX_DAG_ID='tune_stream_dag' AIRFLOW_CTX_TASK_ID='Stage_events' AIRFLOW_CTX_EXECUTION_DATE='2023-01-02T06:00:00+00:00' AIRFLOW_CTX_TRY_NUMBER='1' AIRFLOW_CTX_DAG_RUN_ID='scheduled__2023-01-02T06:00:00+00:00'
[2025-07-24T16:34:37.003+0000] {python.py:201} INFO - Done. Returned value was: None
[2025-07-24T16:34:37.088+0000] {taskinstance.py:1138} INFO - Marking task as SUCCESS. dag_id=tune_stream_dag, task_id=Stage_events, execution_date=20230102T060000, start_date=20250724T163413, end_date=20250724T163437
[2025-07-24T16:34:37.378+0000] {local_task_job_runner.py:234} INFO - Task exited with return code 0
[2025-07-24T16:34:37.474+0000] {taskinstance.py:3280} INFO - 1 downstream tasks scheduled from follow-on schedule check
[2025-07-24T17:13:15.551+0000] {taskinstance.py:1956} INFO - Dependencies all met for dep_context=non-requeueable deps ti=<TaskInstance: tune_stream_dag.Stage_events scheduled__2023-01-02T06:00:00+00:00 [queued]>
[2025-07-24T17:13:15.579+0000] {taskinstance.py:1956} INFO - Dependencies all met for dep_context=requeueable deps ti=<TaskInstance: tune_stream_dag.Stage_events scheduled__2023-01-02T06:00:00+00:00 [queued]>
[2025-07-24T17:13:15.585+0000] {taskinstance.py:2170} INFO - Starting attempt 1 of 4
[2025-07-24T17:13:15.631+0000] {taskinstance.py:2191} INFO - Executing <Task(PythonOperator): Stage_events> on 2023-01-02 06:00:00+00:00
[2025-07-24T17:13:15.653+0000] {standard_task_runner.py:60} INFO - Started process 1192 to run task
[2025-07-24T17:13:15.667+0000] {standard_task_runner.py:87} INFO - Running: ['***', 'tasks', 'run', 'tune_stream_dag', 'Stage_events', 'scheduled__2023-01-02T06:00:00+00:00', '--job-id', '2007', '--raw', '--subdir', 'DAGS_FOLDER/etl_pipeline.py', '--cfg-path', '/tmp/tmpqaf5yc3v']
[2025-07-24T17:13:15.673+0000] {standard_task_runner.py:88} INFO - Job 2007: Subtask Stage_events
[2025-07-24T17:13:15.867+0000] {task_command.py:423} INFO - Running <TaskInstance: tune_stream_dag.Stage_events scheduled__2023-01-02T06:00:00+00:00 [running]> on host 5def55d2a1b5
[2025-07-24T17:13:16.051+0000] {taskinstance.py:2480} INFO - Exporting env vars: AIRFLOW_CTX_DAG_OWNER='genz-legend' AIRFLOW_CTX_DAG_ID='tune_stream_dag' AIRFLOW_CTX_TASK_ID='Stage_events' AIRFLOW_CTX_EXECUTION_DATE='2023-01-02T06:00:00+00:00' AIRFLOW_CTX_TRY_NUMBER='1' AIRFLOW_CTX_DAG_RUN_ID='scheduled__2023-01-02T06:00:00+00:00'
[2025-07-24T17:13:33.731+0000] {python.py:201} INFO - Done. Returned value was: None
[2025-07-24T17:13:33.742+0000] {taskinstance.py:1138} INFO - Marking task as SUCCESS. dag_id=tune_stream_dag, task_id=Stage_events, execution_date=20230102T060000, start_date=20250724T171315, end_date=20250724T171333
[2025-07-24T17:13:33.798+0000] {local_task_job_runner.py:234} INFO - Task exited with return code 0
[2025-07-24T17:13:33.833+0000] {taskinstance.py:3280} INFO - 1 downstream tasks scheduled from follow-on schedule check
