[2025-07-24T15:20:12.799+0000] {taskinstance.py:1956} INFO - Dependencies all met for dep_context=non-requeueable deps ti=<TaskInstance: tune_stream_dag.Stage_events scheduled__2023-01-05T00:00:00+00:00 [queued]>
[2025-07-24T15:20:12.815+0000] {taskinstance.py:1956} INFO - Dependencies all met for dep_context=requeueable deps ti=<TaskInstance: tune_stream_dag.Stage_events scheduled__2023-01-05T00:00:00+00:00 [queued]>
[2025-07-24T15:20:12.817+0000] {taskinstance.py:2170} INFO - Starting attempt 1 of 4
[2025-07-24T15:20:12.841+0000] {taskinstance.py:2191} INFO - Executing <Task(PythonOperator): Stage_events> on 2023-01-05 00:00:00+00:00
[2025-07-24T15:20:12.860+0000] {standard_task_runner.py:60} INFO - Started process 661 to run task
[2025-07-24T15:20:12.868+0000] {standard_task_runner.py:87} INFO - Running: ['***', 'tasks', 'run', 'tune_stream_dag', 'Stage_events', 'scheduled__2023-01-05T00:00:00+00:00', '--job-id', '831', '--raw', '--subdir', 'DAGS_FOLDER/etl_pipeline.py', '--cfg-path', '/tmp/tmpug2g4a97']
[2025-07-24T15:20:12.876+0000] {standard_task_runner.py:88} INFO - Job 831: Subtask Stage_events
[2025-07-24T15:20:13.007+0000] {task_command.py:423} INFO - Running <TaskInstance: tune_stream_dag.Stage_events scheduled__2023-01-05T00:00:00+00:00 [running]> on host c53547d84df1
[2025-07-24T15:20:13.138+0000] {taskinstance.py:2480} INFO - Exporting env vars: AIRFLOW_CTX_DAG_OWNER='genz-legend' AIRFLOW_CTX_DAG_ID='tune_stream_dag' AIRFLOW_CTX_TASK_ID='Stage_events' AIRFLOW_CTX_EXECUTION_DATE='2023-01-05T00:00:00+00:00' AIRFLOW_CTX_TRY_NUMBER='1' AIRFLOW_CTX_DAG_RUN_ID='scheduled__2023-01-05T00:00:00+00:00'
[2025-07-24T15:20:18.771+0000] {python.py:201} INFO - Done. Returned value was: None
[2025-07-24T15:20:18.919+0000] {taskinstance.py:1138} INFO - Marking task as SUCCESS. dag_id=tune_stream_dag, task_id=Stage_events, execution_date=20230105T000000, start_date=20250724T152012, end_date=20250724T152018
[2025-07-24T15:20:19.042+0000] {local_task_job_runner.py:234} INFO - Task exited with return code 0
[2025-07-24T15:20:19.093+0000] {taskinstance.py:3280} INFO - 1 downstream tasks scheduled from follow-on schedule check
[2025-07-24T17:31:55.261+0000] {taskinstance.py:1956} INFO - Dependencies all met for dep_context=non-requeueable deps ti=<TaskInstance: tune_stream_dag.Stage_events scheduled__2023-01-05T00:00:00+00:00 [queued]>
[2025-07-24T17:31:55.273+0000] {taskinstance.py:1956} INFO - Dependencies all met for dep_context=requeueable deps ti=<TaskInstance: tune_stream_dag.Stage_events scheduled__2023-01-05T00:00:00+00:00 [queued]>
[2025-07-24T17:31:55.273+0000] {taskinstance.py:2170} INFO - Starting attempt 1 of 4
[2025-07-24T17:31:55.392+0000] {taskinstance.py:2191} INFO - Executing <Task(PythonOperator): Stage_events> on 2023-01-05 00:00:00+00:00
[2025-07-24T17:31:55.423+0000] {standard_task_runner.py:60} INFO - Started process 3229 to run task
[2025-07-24T17:31:55.437+0000] {standard_task_runner.py:87} INFO - Running: ['***', 'tasks', 'run', 'tune_stream_dag', 'Stage_events', 'scheduled__2023-01-05T00:00:00+00:00', '--job-id', '2609', '--raw', '--subdir', 'DAGS_FOLDER/etl_pipeline.py', '--cfg-path', '/tmp/tmpw1m4dm27']
[2025-07-24T17:31:55.448+0000] {standard_task_runner.py:88} INFO - Job 2609: Subtask Stage_events
[2025-07-24T17:31:55.653+0000] {task_command.py:423} INFO - Running <TaskInstance: tune_stream_dag.Stage_events scheduled__2023-01-05T00:00:00+00:00 [running]> on host 5def55d2a1b5
[2025-07-24T17:31:55.964+0000] {taskinstance.py:2480} INFO - Exporting env vars: AIRFLOW_CTX_DAG_OWNER='genz-legend' AIRFLOW_CTX_DAG_ID='tune_stream_dag' AIRFLOW_CTX_TASK_ID='Stage_events' AIRFLOW_CTX_EXECUTION_DATE='2023-01-05T00:00:00+00:00' AIRFLOW_CTX_TRY_NUMBER='1' AIRFLOW_CTX_DAG_RUN_ID='scheduled__2023-01-05T00:00:00+00:00'
[2025-07-24T17:32:21.887+0000] {python.py:201} INFO - Done. Returned value was: None
[2025-07-24T17:32:21.933+0000] {taskinstance.py:1138} INFO - Marking task as SUCCESS. dag_id=tune_stream_dag, task_id=Stage_events, execution_date=20230105T000000, start_date=20250724T173155, end_date=20250724T173221
[2025-07-24T17:32:21.993+0000] {local_task_job_runner.py:234} INFO - Task exited with return code 0
[2025-07-24T17:32:22.039+0000] {taskinstance.py:3280} INFO - 1 downstream tasks scheduled from follow-on schedule check
