[2025-07-24T13:53:14.873+0000] {taskinstance.py:1956} INFO - Dependencies all met for dep_context=non-requeueable deps ti=<TaskInstance: tune_stream_dag.Stage_songs scheduled__2023-01-02T12:00:00+00:00 [queued]>
[2025-07-24T13:53:14.891+0000] {taskinstance.py:1956} INFO - Dependencies all met for dep_context=requeueable deps ti=<TaskInstance: tune_stream_dag.Stage_songs scheduled__2023-01-02T12:00:00+00:00 [queued]>
[2025-07-24T13:53:14.894+0000] {taskinstance.py:2170} INFO - Starting attempt 1 of 4
[2025-07-24T13:53:14.927+0000] {taskinstance.py:2191} INFO - Executing <Task(PythonOperator): Stage_songs> on 2023-01-02 12:00:00+00:00
[2025-07-24T13:53:14.943+0000] {standard_task_runner.py:60} INFO - Started process 487 to run task
[2025-07-24T13:53:14.973+0000] {standard_task_runner.py:87} INFO - Running: ['***', 'tasks', 'run', 'tune_stream_dag', 'Stage_songs', 'scheduled__2023-01-02T12:00:00+00:00', '--job-id', '372', '--raw', '--subdir', 'DAGS_FOLDER/etl_pipeline.py', '--cfg-path', '/tmp/tmpuzng1kn8']
[2025-07-24T13:53:14.987+0000] {standard_task_runner.py:88} INFO - Job 372: Subtask Stage_songs
[2025-07-24T13:53:15.158+0000] {task_command.py:423} INFO - Running <TaskInstance: tune_stream_dag.Stage_songs scheduled__2023-01-02T12:00:00+00:00 [running]> on host a4bcda7cb679
[2025-07-24T13:53:15.347+0000] {taskinstance.py:2480} INFO - Exporting env vars: AIRFLOW_CTX_DAG_OWNER='genz-legend' AIRFLOW_CTX_DAG_ID='tune_stream_dag' AIRFLOW_CTX_TASK_ID='Stage_songs' AIRFLOW_CTX_EXECUTION_DATE='2023-01-02T12:00:00+00:00' AIRFLOW_CTX_TRY_NUMBER='1' AIRFLOW_CTX_DAG_RUN_ID='scheduled__2023-01-02T12:00:00+00:00'
[2025-07-24T13:53:19.456+0000] {python.py:201} INFO - Done. Returned value was: None
[2025-07-24T13:53:19.505+0000] {taskinstance.py:1138} INFO - Marking task as SUCCESS. dag_id=tune_stream_dag, task_id=Stage_songs, execution_date=20230102T120000, start_date=20250724T135314, end_date=20250724T135319
[2025-07-24T13:53:19.687+0000] {local_task_job_runner.py:234} INFO - Task exited with return code 0
[2025-07-24T13:53:19.966+0000] {taskinstance.py:3280} INFO - 0 downstream tasks scheduled from follow-on schedule check
[2025-07-24T17:18:23.302+0000] {taskinstance.py:1956} INFO - Dependencies all met for dep_context=non-requeueable deps ti=<TaskInstance: tune_stream_dag.Stage_songs scheduled__2023-01-02T12:00:00+00:00 [queued]>
[2025-07-24T17:18:23.316+0000] {taskinstance.py:1956} INFO - Dependencies all met for dep_context=requeueable deps ti=<TaskInstance: tune_stream_dag.Stage_songs scheduled__2023-01-02T12:00:00+00:00 [queued]>
[2025-07-24T17:18:23.317+0000] {taskinstance.py:2170} INFO - Starting attempt 1 of 4
[2025-07-24T17:18:23.346+0000] {taskinstance.py:2191} INFO - Executing <Task(PythonOperator): Stage_songs> on 2023-01-02 12:00:00+00:00
[2025-07-24T17:18:23.354+0000] {standard_task_runner.py:60} INFO - Started process 1605 to run task
[2025-07-24T17:18:23.361+0000] {standard_task_runner.py:87} INFO - Running: ['***', 'tasks', 'run', 'tune_stream_dag', 'Stage_songs', 'scheduled__2023-01-02T12:00:00+00:00', '--job-id', '2119', '--raw', '--subdir', 'DAGS_FOLDER/etl_pipeline.py', '--cfg-path', '/tmp/tmplt0eoksl']
[2025-07-24T17:18:23.366+0000] {standard_task_runner.py:88} INFO - Job 2119: Subtask Stage_songs
[2025-07-24T17:18:23.461+0000] {task_command.py:423} INFO - Running <TaskInstance: tune_stream_dag.Stage_songs scheduled__2023-01-02T12:00:00+00:00 [running]> on host 5def55d2a1b5
[2025-07-24T17:18:23.573+0000] {taskinstance.py:2480} INFO - Exporting env vars: AIRFLOW_CTX_DAG_OWNER='genz-legend' AIRFLOW_CTX_DAG_ID='tune_stream_dag' AIRFLOW_CTX_TASK_ID='Stage_songs' AIRFLOW_CTX_EXECUTION_DATE='2023-01-02T12:00:00+00:00' AIRFLOW_CTX_TRY_NUMBER='1' AIRFLOW_CTX_DAG_RUN_ID='scheduled__2023-01-02T12:00:00+00:00'
[2025-07-24T17:18:24.229+0000] {python.py:201} INFO - Done. Returned value was: None
[2025-07-24T17:18:24.239+0000] {taskinstance.py:1138} INFO - Marking task as SUCCESS. dag_id=tune_stream_dag, task_id=Stage_songs, execution_date=20230102T120000, start_date=20250724T171823, end_date=20250724T171824
[2025-07-24T17:18:24.262+0000] {local_task_job_runner.py:234} INFO - Task exited with return code 0
[2025-07-24T17:18:24.286+0000] {taskinstance.py:3280} INFO - 0 downstream tasks scheduled from follow-on schedule check
