[2025-07-24T14:45:38.582+0000] {taskinstance.py:1956} INFO - Dependencies all met for dep_context=non-requeueable deps ti=<TaskInstance: tune_stream_dag.Stage_songs scheduled__2023-01-04T05:00:00+00:00 [queued]>
[2025-07-24T14:45:38.630+0000] {taskinstance.py:1956} INFO - Dependencies all met for dep_context=requeueable deps ti=<TaskInstance: tune_stream_dag.Stage_songs scheduled__2023-01-04T05:00:00+00:00 [queued]>
[2025-07-24T14:45:38.646+0000] {taskinstance.py:2170} INFO - Starting attempt 1 of 4
[2025-07-24T14:45:38.729+0000] {taskinstance.py:2191} INFO - Executing <Task(PythonOperator): Stage_songs> on 2023-01-04 05:00:00+00:00
[2025-07-24T14:45:38.822+0000] {standard_task_runner.py:60} INFO - Started process 481 to run task
[2025-07-24T14:45:38.853+0000] {standard_task_runner.py:87} INFO - Running: ['***', 'tasks', 'run', 'tune_stream_dag', 'Stage_songs', 'scheduled__2023-01-04T05:00:00+00:00', '--job-id', '658', '--raw', '--subdir', 'DAGS_FOLDER/etl_pipeline.py', '--cfg-path', '/tmp/tmpw8fbt0ym']
[2025-07-24T14:45:38.877+0000] {standard_task_runner.py:88} INFO - Job 658: Subtask Stage_songs
[2025-07-24T14:45:39.431+0000] {task_command.py:423} INFO - Running <TaskInstance: tune_stream_dag.Stage_songs scheduled__2023-01-04T05:00:00+00:00 [running]> on host aea62fae55be
[2025-07-24T14:45:40.115+0000] {taskinstance.py:2480} INFO - Exporting env vars: AIRFLOW_CTX_DAG_OWNER='genz-legend' AIRFLOW_CTX_DAG_ID='tune_stream_dag' AIRFLOW_CTX_TASK_ID='Stage_songs' AIRFLOW_CTX_EXECUTION_DATE='2023-01-04T05:00:00+00:00' AIRFLOW_CTX_TRY_NUMBER='1' AIRFLOW_CTX_DAG_RUN_ID='scheduled__2023-01-04T05:00:00+00:00'
[2025-07-24T14:45:42.301+0000] {python.py:201} INFO - Done. Returned value was: None
[2025-07-24T14:45:42.366+0000] {taskinstance.py:1138} INFO - Marking task as SUCCESS. dag_id=tune_stream_dag, task_id=Stage_songs, execution_date=20230104T050000, start_date=20250724T144538, end_date=20250724T144542
[2025-07-24T14:45:42.488+0000] {local_task_job_runner.py:234} INFO - Task exited with return code 0
[2025-07-24T14:45:42.620+0000] {taskinstance.py:3280} INFO - 0 downstream tasks scheduled from follow-on schedule check
[2025-07-24T17:29:50.501+0000] {taskinstance.py:1956} INFO - Dependencies all met for dep_context=non-requeueable deps ti=<TaskInstance: tune_stream_dag.Stage_songs scheduled__2023-01-04T05:00:00+00:00 [queued]>
[2025-07-24T17:29:50.545+0000] {taskinstance.py:1956} INFO - Dependencies all met for dep_context=requeueable deps ti=<TaskInstance: tune_stream_dag.Stage_songs scheduled__2023-01-04T05:00:00+00:00 [queued]>
[2025-07-24T17:29:50.592+0000] {taskinstance.py:2170} INFO - Starting attempt 1 of 4
[2025-07-24T17:29:50.714+0000] {taskinstance.py:2191} INFO - Executing <Task(PythonOperator): Stage_songs> on 2023-01-04 05:00:00+00:00
[2025-07-24T17:29:50.752+0000] {standard_task_runner.py:60} INFO - Started process 2808 to run task
[2025-07-24T17:29:50.786+0000] {standard_task_runner.py:87} INFO - Running: ['***', 'tasks', 'run', 'tune_stream_dag', 'Stage_songs', 'scheduled__2023-01-04T05:00:00+00:00', '--job-id', '2478', '--raw', '--subdir', 'DAGS_FOLDER/etl_pipeline.py', '--cfg-path', '/tmp/tmp8ow06i73']
[2025-07-24T17:29:50.795+0000] {standard_task_runner.py:88} INFO - Job 2478: Subtask Stage_songs
[2025-07-24T17:29:51.190+0000] {task_command.py:423} INFO - Running <TaskInstance: tune_stream_dag.Stage_songs scheduled__2023-01-04T05:00:00+00:00 [running]> on host 5def55d2a1b5
[2025-07-24T17:29:51.463+0000] {taskinstance.py:2480} INFO - Exporting env vars: AIRFLOW_CTX_DAG_OWNER='genz-legend' AIRFLOW_CTX_DAG_ID='tune_stream_dag' AIRFLOW_CTX_TASK_ID='Stage_songs' AIRFLOW_CTX_EXECUTION_DATE='2023-01-04T05:00:00+00:00' AIRFLOW_CTX_TRY_NUMBER='1' AIRFLOW_CTX_DAG_RUN_ID='scheduled__2023-01-04T05:00:00+00:00'
[2025-07-24T17:29:55.270+0000] {python.py:201} INFO - Done. Returned value was: None
[2025-07-24T17:29:55.290+0000] {taskinstance.py:1138} INFO - Marking task as SUCCESS. dag_id=tune_stream_dag, task_id=Stage_songs, execution_date=20230104T050000, start_date=20250724T172950, end_date=20250724T172955
[2025-07-24T17:29:55.378+0000] {local_task_job_runner.py:234} INFO - Task exited with return code 0
[2025-07-24T17:29:55.468+0000] {taskinstance.py:3280} INFO - 0 downstream tasks scheduled from follow-on schedule check
