[2025-07-22T10:20:46.634+0000] {taskinstance.py:1956} INFO - Dependencies all met for dep_context=non-requeueable deps ti=<TaskInstance: tune_stream_dag.Stage_songs scheduled__2023-01-02T04:00:00+00:00 [queued]>
[2025-07-22T10:20:46.656+0000] {taskinstance.py:1956} INFO - Dependencies all met for dep_context=requeueable deps ti=<TaskInstance: tune_stream_dag.Stage_songs scheduled__2023-01-02T04:00:00+00:00 [queued]>
[2025-07-22T10:20:46.658+0000] {taskinstance.py:2170} INFO - Starting attempt 1 of 4
[2025-07-22T10:20:46.694+0000] {taskinstance.py:2191} INFO - Executing <Task(PythonOperator): Stage_songs> on 2023-01-02 04:00:00+00:00
[2025-07-22T10:20:46.729+0000] {standard_task_runner.py:60} INFO - Started process 149 to run task
[2025-07-22T10:20:46.737+0000] {standard_task_runner.py:87} INFO - Running: ['***', 'tasks', 'run', 'tune_stream_dag', 'Stage_songs', 'scheduled__2023-01-02T04:00:00+00:00', '--job-id', '214', '--raw', '--subdir', 'DAGS_FOLDER/etl_pipeline.py', '--cfg-path', '/tmp/tmpaqp1vq5l']
[2025-07-22T10:20:46.745+0000] {standard_task_runner.py:88} INFO - Job 214: Subtask Stage_songs
[2025-07-22T10:20:46.896+0000] {task_command.py:423} INFO - Running <TaskInstance: tune_stream_dag.Stage_songs scheduled__2023-01-02T04:00:00+00:00 [running]> on host a2a13a541787
[2025-07-22T10:20:47.092+0000] {taskinstance.py:2480} INFO - Exporting env vars: AIRFLOW_CTX_DAG_OWNER='genz-legend' AIRFLOW_CTX_DAG_ID='tune_stream_dag' AIRFLOW_CTX_TASK_ID='Stage_songs' AIRFLOW_CTX_EXECUTION_DATE='2023-01-02T04:00:00+00:00' AIRFLOW_CTX_TRY_NUMBER='1' AIRFLOW_CTX_DAG_RUN_ID='scheduled__2023-01-02T04:00:00+00:00'
[2025-07-22T10:20:47.959+0000] {python.py:201} INFO - Done. Returned value was: None
[2025-07-22T10:20:47.976+0000] {taskinstance.py:1138} INFO - Marking task as SUCCESS. dag_id=tune_stream_dag, task_id=Stage_songs, execution_date=20230102T040000, start_date=20250722T102046, end_date=20250722T102047
[2025-07-22T10:20:48.019+0000] {local_task_job_runner.py:234} INFO - Task exited with return code 0
[2025-07-22T10:20:48.059+0000] {taskinstance.py:3280} INFO - 0 downstream tasks scheduled from follow-on schedule check
[2025-07-24T15:59:18.017+0000] {taskinstance.py:1956} INFO - Dependencies all met for dep_context=non-requeueable deps ti=<TaskInstance: tune_stream_dag.Stage_songs scheduled__2023-01-02T04:00:00+00:00 [queued]>
[2025-07-24T15:59:18.033+0000] {taskinstance.py:1956} INFO - Dependencies all met for dep_context=requeueable deps ti=<TaskInstance: tune_stream_dag.Stage_songs scheduled__2023-01-02T04:00:00+00:00 [queued]>
[2025-07-24T15:59:18.034+0000] {taskinstance.py:2170} INFO - Starting attempt 1 of 4
[2025-07-24T15:59:18.059+0000] {taskinstance.py:2191} INFO - Executing <Task(PythonOperator): Stage_songs> on 2023-01-02 04:00:00+00:00
[2025-07-24T15:59:18.071+0000] {standard_task_runner.py:60} INFO - Started process 1369 to run task
[2025-07-24T15:59:18.079+0000] {standard_task_runner.py:87} INFO - Running: ['***', 'tasks', 'run', 'tune_stream_dag', 'Stage_songs', 'scheduled__2023-01-02T04:00:00+00:00', '--job-id', '1240', '--raw', '--subdir', 'DAGS_FOLDER/etl_pipeline.py', '--cfg-path', '/tmp/tmpg2k1uvvo']
[2025-07-24T15:59:18.083+0000] {standard_task_runner.py:88} INFO - Job 1240: Subtask Stage_songs
[2025-07-24T15:59:18.197+0000] {task_command.py:423} INFO - Running <TaskInstance: tune_stream_dag.Stage_songs scheduled__2023-01-02T04:00:00+00:00 [running]> on host c53547d84df1
[2025-07-24T15:59:18.317+0000] {taskinstance.py:2480} INFO - Exporting env vars: AIRFLOW_CTX_DAG_OWNER='genz-legend' AIRFLOW_CTX_DAG_ID='tune_stream_dag' AIRFLOW_CTX_TASK_ID='Stage_songs' AIRFLOW_CTX_EXECUTION_DATE='2023-01-02T04:00:00+00:00' AIRFLOW_CTX_TRY_NUMBER='1' AIRFLOW_CTX_DAG_RUN_ID='scheduled__2023-01-02T04:00:00+00:00'
[2025-07-24T15:59:18.768+0000] {python.py:201} INFO - Done. Returned value was: None
[2025-07-24T15:59:18.779+0000] {taskinstance.py:1138} INFO - Marking task as SUCCESS. dag_id=tune_stream_dag, task_id=Stage_songs, execution_date=20230102T040000, start_date=20250724T155918, end_date=20250724T155918
[2025-07-24T15:59:18.814+0000] {local_task_job_runner.py:234} INFO - Task exited with return code 0
[2025-07-24T15:59:18.842+0000] {taskinstance.py:3280} INFO - 0 downstream tasks scheduled from follow-on schedule check
[2025-07-24T16:34:09.647+0000] {taskinstance.py:1956} INFO - Dependencies all met for dep_context=non-requeueable deps ti=<TaskInstance: tune_stream_dag.Stage_songs scheduled__2023-01-02T04:00:00+00:00 [queued]>
[2025-07-24T16:34:09.675+0000] {taskinstance.py:1956} INFO - Dependencies all met for dep_context=requeueable deps ti=<TaskInstance: tune_stream_dag.Stage_songs scheduled__2023-01-02T04:00:00+00:00 [queued]>
[2025-07-24T16:34:09.676+0000] {taskinstance.py:2170} INFO - Starting attempt 1 of 4
[2025-07-24T16:34:09.700+0000] {taskinstance.py:2191} INFO - Executing <Task(PythonOperator): Stage_songs> on 2023-01-02 04:00:00+00:00
[2025-07-24T16:34:09.712+0000] {standard_task_runner.py:60} INFO - Started process 1188 to run task
[2025-07-24T16:34:09.717+0000] {standard_task_runner.py:87} INFO - Running: ['***', 'tasks', 'run', 'tune_stream_dag', 'Stage_songs', 'scheduled__2023-01-02T04:00:00+00:00', '--job-id', '1606', '--raw', '--subdir', 'DAGS_FOLDER/etl_pipeline.py', '--cfg-path', '/tmp/tmpw1_jily1']
[2025-07-24T16:34:09.722+0000] {standard_task_runner.py:88} INFO - Job 1606: Subtask Stage_songs
[2025-07-24T16:34:09.845+0000] {task_command.py:423} INFO - Running <TaskInstance: tune_stream_dag.Stage_songs scheduled__2023-01-02T04:00:00+00:00 [running]> on host c53547d84df1
[2025-07-24T16:34:10.001+0000] {taskinstance.py:2480} INFO - Exporting env vars: AIRFLOW_CTX_DAG_OWNER='genz-legend' AIRFLOW_CTX_DAG_ID='tune_stream_dag' AIRFLOW_CTX_TASK_ID='Stage_songs' AIRFLOW_CTX_EXECUTION_DATE='2023-01-02T04:00:00+00:00' AIRFLOW_CTX_TRY_NUMBER='1' AIRFLOW_CTX_DAG_RUN_ID='scheduled__2023-01-02T04:00:00+00:00'
[2025-07-24T16:34:10.926+0000] {python.py:201} INFO - Done. Returned value was: None
[2025-07-24T16:34:10.949+0000] {taskinstance.py:1138} INFO - Marking task as SUCCESS. dag_id=tune_stream_dag, task_id=Stage_songs, execution_date=20230102T040000, start_date=20250724T163409, end_date=20250724T163410
[2025-07-24T16:34:11.025+0000] {local_task_job_runner.py:234} INFO - Task exited with return code 0
[2025-07-24T16:34:11.283+0000] {taskinstance.py:3280} INFO - 0 downstream tasks scheduled from follow-on schedule check
[2025-07-24T17:13:10.782+0000] {taskinstance.py:1956} INFO - Dependencies all met for dep_context=non-requeueable deps ti=<TaskInstance: tune_stream_dag.Stage_songs scheduled__2023-01-02T04:00:00+00:00 [queued]>
[2025-07-24T17:13:10.819+0000] {taskinstance.py:1956} INFO - Dependencies all met for dep_context=requeueable deps ti=<TaskInstance: tune_stream_dag.Stage_songs scheduled__2023-01-02T04:00:00+00:00 [queued]>
[2025-07-24T17:13:10.824+0000] {taskinstance.py:2170} INFO - Starting attempt 1 of 4
[2025-07-24T17:13:10.869+0000] {taskinstance.py:2191} INFO - Executing <Task(PythonOperator): Stage_songs> on 2023-01-02 04:00:00+00:00
[2025-07-24T17:13:10.912+0000] {standard_task_runner.py:60} INFO - Started process 1177 to run task
[2025-07-24T17:13:10.919+0000] {standard_task_runner.py:87} INFO - Running: ['***', 'tasks', 'run', 'tune_stream_dag', 'Stage_songs', 'scheduled__2023-01-02T04:00:00+00:00', '--job-id', '2002', '--raw', '--subdir', 'DAGS_FOLDER/etl_pipeline.py', '--cfg-path', '/tmp/tmp1qbmcy0q']
[2025-07-24T17:13:10.935+0000] {standard_task_runner.py:88} INFO - Job 2002: Subtask Stage_songs
[2025-07-24T17:13:11.169+0000] {task_command.py:423} INFO - Running <TaskInstance: tune_stream_dag.Stage_songs scheduled__2023-01-02T04:00:00+00:00 [running]> on host 5def55d2a1b5
[2025-07-24T17:13:11.426+0000] {taskinstance.py:2480} INFO - Exporting env vars: AIRFLOW_CTX_DAG_OWNER='genz-legend' AIRFLOW_CTX_DAG_ID='tune_stream_dag' AIRFLOW_CTX_TASK_ID='Stage_songs' AIRFLOW_CTX_EXECUTION_DATE='2023-01-02T04:00:00+00:00' AIRFLOW_CTX_TRY_NUMBER='1' AIRFLOW_CTX_DAG_RUN_ID='scheduled__2023-01-02T04:00:00+00:00'
[2025-07-24T17:13:13.592+0000] {python.py:201} INFO - Done. Returned value was: None
[2025-07-24T17:13:13.614+0000] {taskinstance.py:1138} INFO - Marking task as SUCCESS. dag_id=tune_stream_dag, task_id=Stage_songs, execution_date=20230102T040000, start_date=20250724T171310, end_date=20250724T171313
[2025-07-24T17:13:14.033+0000] {local_task_job_runner.py:234} INFO - Task exited with return code 0
[2025-07-24T17:13:14.096+0000] {taskinstance.py:3280} INFO - 0 downstream tasks scheduled from follow-on schedule check
