[2025-07-24T15:33:07.599+0000] {taskinstance.py:1956} INFO - Dependencies all met for dep_context=non-requeueable deps ti=<TaskInstance: tune_stream_dag.Load_songplays_fact_table scheduled__2023-01-01T08:00:00+00:00 [queued]>
[2025-07-24T15:33:07.797+0000] {taskinstance.py:1956} INFO - Dependencies all met for dep_context=requeueable deps ti=<TaskInstance: tune_stream_dag.Load_songplays_fact_table scheduled__2023-01-01T08:00:00+00:00 [queued]>
[2025-07-24T15:33:07.798+0000] {taskinstance.py:2170} INFO - Starting attempt 1 of 4
[2025-07-24T15:33:10.240+0000] {taskinstance.py:2191} INFO - Executing <Task(PythonOperator): Load_songplays_fact_table> on 2023-01-01 08:00:00+00:00
[2025-07-24T15:33:10.430+0000] {standard_task_runner.py:60} INFO - Started process 258 to run task
[2025-07-24T15:33:10.478+0000] {standard_task_runner.py:87} INFO - Running: ['***', 'tasks', 'run', 'tune_stream_dag', 'Load_songplays_fact_table', 'scheduled__2023-01-01T08:00:00+00:00', '--job-id', '998', '--raw', '--subdir', 'DAGS_FOLDER/etl_pipeline.py', '--cfg-path', '/tmp/tmppj0cxngf']
[2025-07-24T15:33:10.551+0000] {standard_task_runner.py:88} INFO - Job 998: Subtask Load_songplays_fact_table
[2025-07-24T15:33:10.846+0000] {task_command.py:423} INFO - Running <TaskInstance: tune_stream_dag.Load_songplays_fact_table scheduled__2023-01-01T08:00:00+00:00 [running]> on host c53547d84df1
[2025-07-24T15:33:11.025+0000] {taskinstance.py:2480} INFO - Exporting env vars: AIRFLOW_CTX_DAG_OWNER='genz-legend' AIRFLOW_CTX_DAG_ID='tune_stream_dag' AIRFLOW_CTX_TASK_ID='Load_songplays_fact_table' AIRFLOW_CTX_EXECUTION_DATE='2023-01-01T08:00:00+00:00' AIRFLOW_CTX_TRY_NUMBER='1' AIRFLOW_CTX_DAG_RUN_ID='scheduled__2023-01-01T08:00:00+00:00'
[2025-07-24T15:33:34.857+0000] {taskinstance.py:2698} ERROR - Task failed with exception
Traceback (most recent call last):
  File "/home/airflow/.local/lib/python3.8/site-packages/airflow/models/taskinstance.py", line 433, in _execute_task
    result = execute_callable(context=context, **execute_callable_kwargs)
  File "/home/airflow/.local/lib/python3.8/site-packages/airflow/operators/python.py", line 199, in execute
    return_value = self.execute_callable()
  File "/home/airflow/.local/lib/python3.8/site-packages/airflow/operators/python.py", line 216, in execute_callable
    return self.python_callable(*self.op_args, **self.op_kwargs)
  File "/opt/airflow/dags/etl_pipeline.py", line 173, in <lambda>
    python_callable=lambda: load_table(SqlQueries.songplay_table_insert, 'songplays'),
  File "/opt/airflow/dags/etl_pipeline.py", line 132, in load_table
    cur.execute(f"INSERT INTO {table} {query}")
psycopg2.errors.UniqueViolation: duplicate key value violates unique constraint "songplays_pkey"
DETAIL:  Key (playid)=(e30eb65b5ce5534fed9764a7996916ec) already exists.

[2025-07-24T15:33:34.958+0000] {taskinstance.py:1138} INFO - Marking task as UP_FOR_RETRY. dag_id=tune_stream_dag, task_id=Load_songplays_fact_table, execution_date=20230101T080000, start_date=20250724T153307, end_date=20250724T153334
[2025-07-24T15:33:35.033+0000] {standard_task_runner.py:107} ERROR - Failed to execute job 998 for task Load_songplays_fact_table (duplicate key value violates unique constraint "songplays_pkey"
DETAIL:  Key (playid)=(e30eb65b5ce5534fed9764a7996916ec) already exists.
; 258)
[2025-07-24T15:33:35.148+0000] {local_task_job_runner.py:234} INFO - Task exited with return code 1
[2025-07-24T15:33:35.253+0000] {taskinstance.py:3280} INFO - 0 downstream tasks scheduled from follow-on schedule check
[2025-07-24T16:17:07.572+0000] {taskinstance.py:1956} INFO - Dependencies all met for dep_context=non-requeueable deps ti=<TaskInstance: tune_stream_dag.Load_songplays_fact_table scheduled__2023-01-01T08:00:00+00:00 [queued]>
[2025-07-24T16:17:07.653+0000] {taskinstance.py:1956} INFO - Dependencies all met for dep_context=requeueable deps ti=<TaskInstance: tune_stream_dag.Load_songplays_fact_table scheduled__2023-01-01T08:00:00+00:00 [queued]>
[2025-07-24T16:17:07.653+0000] {taskinstance.py:2170} INFO - Starting attempt 1 of 4
[2025-07-24T16:17:07.885+0000] {taskinstance.py:2191} INFO - Executing <Task(PythonOperator): Load_songplays_fact_table> on 2023-01-01 08:00:00+00:00
[2025-07-24T16:17:08.020+0000] {standard_task_runner.py:60} INFO - Started process 326 to run task
[2025-07-24T16:17:08.462+0000] {standard_task_runner.py:87} INFO - Running: ['***', 'tasks', 'run', 'tune_stream_dag', 'Load_songplays_fact_table', 'scheduled__2023-01-01T08:00:00+00:00', '--job-id', '1402', '--raw', '--subdir', 'DAGS_FOLDER/etl_pipeline.py', '--cfg-path', '/tmp/tmpqni5r0iw']
[2025-07-24T16:17:08.626+0000] {standard_task_runner.py:88} INFO - Job 1402: Subtask Load_songplays_fact_table
[2025-07-24T16:17:09.190+0000] {task_command.py:423} INFO - Running <TaskInstance: tune_stream_dag.Load_songplays_fact_table scheduled__2023-01-01T08:00:00+00:00 [running]> on host c53547d84df1
[2025-07-24T16:17:16.430+0000] {taskinstance.py:2480} INFO - Exporting env vars: AIRFLOW_CTX_DAG_OWNER='genz-legend' AIRFLOW_CTX_DAG_ID='tune_stream_dag' AIRFLOW_CTX_TASK_ID='Load_songplays_fact_table' AIRFLOW_CTX_EXECUTION_DATE='2023-01-01T08:00:00+00:00' AIRFLOW_CTX_TRY_NUMBER='1' AIRFLOW_CTX_DAG_RUN_ID='scheduled__2023-01-01T08:00:00+00:00'
[2025-07-24T16:17:24.459+0000] {python.py:201} INFO - Done. Returned value was: None
[2025-07-24T16:17:24.512+0000] {taskinstance.py:1138} INFO - Marking task as SUCCESS. dag_id=tune_stream_dag, task_id=Load_songplays_fact_table, execution_date=20230101T080000, start_date=20250724T161707, end_date=20250724T161724
[2025-07-24T16:17:24.596+0000] {local_task_job_runner.py:234} INFO - Task exited with return code 0
[2025-07-24T16:17:24.679+0000] {taskinstance.py:3280} INFO - 4 downstream tasks scheduled from follow-on schedule check
[2025-07-24T16:55:45.050+0000] {taskinstance.py:1956} INFO - Dependencies all met for dep_context=non-requeueable deps ti=<TaskInstance: tune_stream_dag.Load_songplays_fact_table scheduled__2023-01-01T08:00:00+00:00 [queued]>
[2025-07-24T16:55:45.125+0000] {taskinstance.py:1956} INFO - Dependencies all met for dep_context=requeueable deps ti=<TaskInstance: tune_stream_dag.Load_songplays_fact_table scheduled__2023-01-01T08:00:00+00:00 [queued]>
[2025-07-24T16:55:45.126+0000] {taskinstance.py:2170} INFO - Starting attempt 1 of 4
[2025-07-24T16:55:46.005+0000] {taskinstance.py:2191} INFO - Executing <Task(PythonOperator): Load_songplays_fact_table> on 2023-01-01 08:00:00+00:00
[2025-07-24T16:55:46.017+0000] {standard_task_runner.py:60} INFO - Started process 265 to run task
[2025-07-24T16:55:46.024+0000] {standard_task_runner.py:87} INFO - Running: ['***', 'tasks', 'run', 'tune_stream_dag', 'Load_songplays_fact_table', 'scheduled__2023-01-01T08:00:00+00:00', '--job-id', '1783', '--raw', '--subdir', 'DAGS_FOLDER/etl_pipeline.py', '--cfg-path', '/tmp/tmp5asckmzp']
[2025-07-24T16:55:46.028+0000] {standard_task_runner.py:88} INFO - Job 1783: Subtask Load_songplays_fact_table
[2025-07-24T16:55:46.769+0000] {task_command.py:423} INFO - Running <TaskInstance: tune_stream_dag.Load_songplays_fact_table scheduled__2023-01-01T08:00:00+00:00 [running]> on host 5def55d2a1b5
[2025-07-24T16:55:47.408+0000] {taskinstance.py:2480} INFO - Exporting env vars: AIRFLOW_CTX_DAG_OWNER='genz-legend' AIRFLOW_CTX_DAG_ID='tune_stream_dag' AIRFLOW_CTX_TASK_ID='Load_songplays_fact_table' AIRFLOW_CTX_EXECUTION_DATE='2023-01-01T08:00:00+00:00' AIRFLOW_CTX_TRY_NUMBER='1' AIRFLOW_CTX_DAG_RUN_ID='scheduled__2023-01-01T08:00:00+00:00'
[2025-07-24T16:56:30.507+0000] {python.py:201} INFO - Done. Returned value was: None
[2025-07-24T16:56:30.713+0000] {taskinstance.py:1138} INFO - Marking task as SUCCESS. dag_id=tune_stream_dag, task_id=Load_songplays_fact_table, execution_date=20230101T080000, start_date=20250724T165545, end_date=20250724T165630
[2025-07-24T16:56:33.891+0000] {local_task_job_runner.py:234} INFO - Task exited with return code 0
[2025-07-24T16:56:33.994+0000] {taskinstance.py:3280} INFO - 4 downstream tasks scheduled from follow-on schedule check
