[2025-07-22T10:19:07.725+0000] {taskinstance.py:1956} INFO - Dependencies all met for dep_context=non-requeueable deps ti=<TaskInstance: tune_stream_dag.Stage_songs scheduled__2023-01-01T16:00:00+00:00 [queued]>
[2025-07-22T10:19:07.777+0000] {taskinstance.py:1956} INFO - Dependencies all met for dep_context=requeueable deps ti=<TaskInstance: tune_stream_dag.Stage_songs scheduled__2023-01-01T16:00:00+00:00 [queued]>
[2025-07-22T10:19:07.779+0000] {taskinstance.py:2170} INFO - Starting attempt 1 of 4
[2025-07-22T10:19:07.873+0000] {taskinstance.py:2191} INFO - Executing <Task(PythonOperator): Stage_songs> on 2023-01-01 16:00:00+00:00
[2025-07-22T10:19:07.940+0000] {standard_task_runner.py:60} INFO - Started process 712 to run task
[2025-07-22T10:19:07.955+0000] {standard_task_runner.py:87} INFO - Running: ['***', 'tasks', 'run', 'tune_stream_dag', 'Stage_songs', 'scheduled__2023-01-01T16:00:00+00:00', '--job-id', '183', '--raw', '--subdir', 'DAGS_FOLDER/etl_pipeline.py', '--cfg-path', '/tmp/tmp7iloy9v3']
[2025-07-22T10:19:07.991+0000] {standard_task_runner.py:88} INFO - Job 183: Subtask Stage_songs
[2025-07-22T10:19:08.391+0000] {task_command.py:423} INFO - Running <TaskInstance: tune_stream_dag.Stage_songs scheduled__2023-01-01T16:00:00+00:00 [running]> on host a2a13a541787
[2025-07-22T10:19:08.860+0000] {taskinstance.py:2480} INFO - Exporting env vars: AIRFLOW_CTX_DAG_OWNER='genz-legend' AIRFLOW_CTX_DAG_ID='tune_stream_dag' AIRFLOW_CTX_TASK_ID='Stage_songs' AIRFLOW_CTX_EXECUTION_DATE='2023-01-01T16:00:00+00:00' AIRFLOW_CTX_TRY_NUMBER='1' AIRFLOW_CTX_DAG_RUN_ID='scheduled__2023-01-01T16:00:00+00:00'
[2025-07-22T10:19:11.993+0000] {python.py:201} INFO - Done. Returned value was: None
[2025-07-22T10:19:12.085+0000] {taskinstance.py:1138} INFO - Marking task as SUCCESS. dag_id=tune_stream_dag, task_id=Stage_songs, execution_date=20230101T160000, start_date=20250722T101907, end_date=20250722T101912
[2025-07-22T10:19:12.635+0000] {local_task_job_runner.py:234} INFO - Task exited with return code 0
[2025-07-22T10:19:12.785+0000] {taskinstance.py:3280} INFO - 0 downstream tasks scheduled from follow-on schedule check
[2025-07-24T15:49:25.631+0000] {taskinstance.py:1956} INFO - Dependencies all met for dep_context=non-requeueable deps ti=<TaskInstance: tune_stream_dag.Stage_songs scheduled__2023-01-01T16:00:00+00:00 [queued]>
[2025-07-24T15:49:25.649+0000] {taskinstance.py:1956} INFO - Dependencies all met for dep_context=requeueable deps ti=<TaskInstance: tune_stream_dag.Stage_songs scheduled__2023-01-01T16:00:00+00:00 [queued]>
[2025-07-24T15:49:25.650+0000] {taskinstance.py:2170} INFO - Starting attempt 1 of 4
[2025-07-24T15:49:25.683+0000] {taskinstance.py:2191} INFO - Executing <Task(PythonOperator): Stage_songs> on 2023-01-01 16:00:00+00:00
[2025-07-24T15:49:25.695+0000] {standard_task_runner.py:60} INFO - Started process 965 to run task
[2025-07-24T15:49:25.701+0000] {standard_task_runner.py:87} INFO - Running: ['***', 'tasks', 'run', 'tune_stream_dag', 'Stage_songs', 'scheduled__2023-01-01T16:00:00+00:00', '--job-id', '1152', '--raw', '--subdir', 'DAGS_FOLDER/etl_pipeline.py', '--cfg-path', '/tmp/tmppusyxdp_']
[2025-07-24T15:49:25.705+0000] {standard_task_runner.py:88} INFO - Job 1152: Subtask Stage_songs
[2025-07-24T15:49:25.814+0000] {task_command.py:423} INFO - Running <TaskInstance: tune_stream_dag.Stage_songs scheduled__2023-01-01T16:00:00+00:00 [running]> on host c53547d84df1
[2025-07-24T15:49:25.930+0000] {taskinstance.py:2480} INFO - Exporting env vars: AIRFLOW_CTX_DAG_OWNER='genz-legend' AIRFLOW_CTX_DAG_ID='tune_stream_dag' AIRFLOW_CTX_TASK_ID='Stage_songs' AIRFLOW_CTX_EXECUTION_DATE='2023-01-01T16:00:00+00:00' AIRFLOW_CTX_TRY_NUMBER='1' AIRFLOW_CTX_DAG_RUN_ID='scheduled__2023-01-01T16:00:00+00:00'
[2025-07-24T15:49:26.971+0000] {python.py:201} INFO - Done. Returned value was: None
[2025-07-24T15:49:26.985+0000] {taskinstance.py:1138} INFO - Marking task as SUCCESS. dag_id=tune_stream_dag, task_id=Stage_songs, execution_date=20230101T160000, start_date=20250724T154925, end_date=20250724T154926
[2025-07-24T15:49:27.256+0000] {local_task_job_runner.py:234} INFO - Task exited with return code 0
[2025-07-24T15:49:27.312+0000] {taskinstance.py:3280} INFO - 0 downstream tasks scheduled from follow-on schedule check
[2025-07-24T16:33:17.979+0000] {taskinstance.py:1956} INFO - Dependencies all met for dep_context=non-requeueable deps ti=<TaskInstance: tune_stream_dag.Stage_songs scheduled__2023-01-01T16:00:00+00:00 [queued]>
[2025-07-24T16:33:18.022+0000] {taskinstance.py:1956} INFO - Dependencies all met for dep_context=requeueable deps ti=<TaskInstance: tune_stream_dag.Stage_songs scheduled__2023-01-01T16:00:00+00:00 [queued]>
[2025-07-24T16:33:18.034+0000] {taskinstance.py:2170} INFO - Starting attempt 1 of 4
[2025-07-24T16:33:18.212+0000] {taskinstance.py:2191} INFO - Executing <Task(PythonOperator): Stage_songs> on 2023-01-01 16:00:00+00:00
[2025-07-24T16:33:18.441+0000] {standard_task_runner.py:60} INFO - Started process 1030 to run task
[2025-07-24T16:33:18.575+0000] {standard_task_runner.py:87} INFO - Running: ['***', 'tasks', 'run', 'tune_stream_dag', 'Stage_songs', 'scheduled__2023-01-01T16:00:00+00:00', '--job-id', '1551', '--raw', '--subdir', 'DAGS_FOLDER/etl_pipeline.py', '--cfg-path', '/tmp/tmpkd_z16jy']
[2025-07-24T16:33:18.660+0000] {standard_task_runner.py:88} INFO - Job 1551: Subtask Stage_songs
[2025-07-24T16:33:19.038+0000] {task_command.py:423} INFO - Running <TaskInstance: tune_stream_dag.Stage_songs scheduled__2023-01-01T16:00:00+00:00 [running]> on host c53547d84df1
[2025-07-24T16:33:19.650+0000] {taskinstance.py:2480} INFO - Exporting env vars: AIRFLOW_CTX_DAG_OWNER='genz-legend' AIRFLOW_CTX_DAG_ID='tune_stream_dag' AIRFLOW_CTX_TASK_ID='Stage_songs' AIRFLOW_CTX_EXECUTION_DATE='2023-01-01T16:00:00+00:00' AIRFLOW_CTX_TRY_NUMBER='1' AIRFLOW_CTX_DAG_RUN_ID='scheduled__2023-01-01T16:00:00+00:00'
[2025-07-24T16:33:23.631+0000] {python.py:201} INFO - Done. Returned value was: None
[2025-07-24T16:33:23.772+0000] {taskinstance.py:1138} INFO - Marking task as SUCCESS. dag_id=tune_stream_dag, task_id=Stage_songs, execution_date=20230101T160000, start_date=20250724T163317, end_date=20250724T163323
[2025-07-24T16:33:24.060+0000] {local_task_job_runner.py:234} INFO - Task exited with return code 0
[2025-07-24T16:33:24.212+0000] {taskinstance.py:3280} INFO - 0 downstream tasks scheduled from follow-on schedule check
[2025-07-24T17:12:10.088+0000] {taskinstance.py:1956} INFO - Dependencies all met for dep_context=non-requeueable deps ti=<TaskInstance: tune_stream_dag.Stage_songs scheduled__2023-01-01T16:00:00+00:00 [queued]>
[2025-07-24T17:12:10.099+0000] {taskinstance.py:1956} INFO - Dependencies all met for dep_context=requeueable deps ti=<TaskInstance: tune_stream_dag.Stage_songs scheduled__2023-01-01T16:00:00+00:00 [queued]>
[2025-07-24T17:12:10.099+0000] {taskinstance.py:2170} INFO - Starting attempt 1 of 4
[2025-07-24T17:12:10.113+0000] {taskinstance.py:2191} INFO - Executing <Task(PythonOperator): Stage_songs> on 2023-01-01 16:00:00+00:00
[2025-07-24T17:12:10.120+0000] {standard_task_runner.py:60} INFO - Started process 955 to run task
[2025-07-24T17:12:10.124+0000] {standard_task_runner.py:87} INFO - Running: ['***', 'tasks', 'run', 'tune_stream_dag', 'Stage_songs', 'scheduled__2023-01-01T16:00:00+00:00', '--job-id', '1934', '--raw', '--subdir', 'DAGS_FOLDER/etl_pipeline.py', '--cfg-path', '/tmp/tmpnjssownp']
[2025-07-24T17:12:10.126+0000] {standard_task_runner.py:88} INFO - Job 1934: Subtask Stage_songs
[2025-07-24T17:12:10.197+0000] {task_command.py:423} INFO - Running <TaskInstance: tune_stream_dag.Stage_songs scheduled__2023-01-01T16:00:00+00:00 [running]> on host 5def55d2a1b5
[2025-07-24T17:12:10.270+0000] {taskinstance.py:2480} INFO - Exporting env vars: AIRFLOW_CTX_DAG_OWNER='genz-legend' AIRFLOW_CTX_DAG_ID='tune_stream_dag' AIRFLOW_CTX_TASK_ID='Stage_songs' AIRFLOW_CTX_EXECUTION_DATE='2023-01-01T16:00:00+00:00' AIRFLOW_CTX_TRY_NUMBER='1' AIRFLOW_CTX_DAG_RUN_ID='scheduled__2023-01-01T16:00:00+00:00'
[2025-07-24T17:12:10.656+0000] {python.py:201} INFO - Done. Returned value was: None
[2025-07-24T17:12:10.668+0000] {taskinstance.py:1138} INFO - Marking task as SUCCESS. dag_id=tune_stream_dag, task_id=Stage_songs, execution_date=20230101T160000, start_date=20250724T171210, end_date=20250724T171210
[2025-07-24T17:12:10.698+0000] {local_task_job_runner.py:234} INFO - Task exited with return code 0
[2025-07-24T17:12:10.761+0000] {taskinstance.py:3280} INFO - 0 downstream tasks scheduled from follow-on schedule check
