[2025-07-24T15:44:02.965+0000] {taskinstance.py:1956} INFO - Dependencies all met for dep_context=non-requeueable deps ti=<TaskInstance: tune_stream_dag.Load_song_dim_table scheduled__2023-01-01T09:00:00+00:00 [queued]>
[2025-07-24T15:44:03.149+0000] {taskinstance.py:1956} INFO - Dependencies all met for dep_context=requeueable deps ti=<TaskInstance: tune_stream_dag.Load_song_dim_table scheduled__2023-01-01T09:00:00+00:00 [queued]>
[2025-07-24T15:44:03.159+0000] {taskinstance.py:2170} INFO - Starting attempt 1 of 4
[2025-07-24T15:44:03.237+0000] {taskinstance.py:2191} INFO - Executing <Task(PythonOperator): Load_song_dim_table> on 2023-01-01 09:00:00+00:00
[2025-07-24T15:44:03.270+0000] {standard_task_runner.py:60} INFO - Started process 692 to run task
[2025-07-24T15:44:03.305+0000] {standard_task_runner.py:87} INFO - Running: ['***', 'tasks', 'run', 'tune_stream_dag', 'Load_song_dim_table', 'scheduled__2023-01-01T09:00:00+00:00', '--job-id', '1086', '--raw', '--subdir', 'DAGS_FOLDER/etl_pipeline.py', '--cfg-path', '/tmp/tmp5vv4vikc']
[2025-07-24T15:44:03.338+0000] {standard_task_runner.py:88} INFO - Job 1086: Subtask Load_song_dim_table
[2025-07-24T15:44:03.660+0000] {task_command.py:423} INFO - Running <TaskInstance: tune_stream_dag.Load_song_dim_table scheduled__2023-01-01T09:00:00+00:00 [running]> on host c53547d84df1
[2025-07-24T15:44:03.929+0000] {taskinstance.py:2480} INFO - Exporting env vars: AIRFLOW_CTX_DAG_OWNER='genz-legend' AIRFLOW_CTX_DAG_ID='tune_stream_dag' AIRFLOW_CTX_TASK_ID='Load_song_dim_table' AIRFLOW_CTX_EXECUTION_DATE='2023-01-01T09:00:00+00:00' AIRFLOW_CTX_TRY_NUMBER='1' AIRFLOW_CTX_DAG_RUN_ID='scheduled__2023-01-01T09:00:00+00:00'
[2025-07-24T15:44:03.968+0000] {python.py:201} INFO - Done. Returned value was: None
[2025-07-24T15:44:04.000+0000] {taskinstance.py:1138} INFO - Marking task as SUCCESS. dag_id=tune_stream_dag, task_id=Load_song_dim_table, execution_date=20230101T090000, start_date=20250724T154403, end_date=20250724T154404
[2025-07-24T15:44:04.091+0000] {local_task_job_runner.py:234} INFO - Task exited with return code 0
[2025-07-24T15:44:04.173+0000] {taskinstance.py:3280} INFO - 0 downstream tasks scheduled from follow-on schedule check
[2025-07-24T16:18:08.297+0000] {taskinstance.py:1956} INFO - Dependencies all met for dep_context=non-requeueable deps ti=<TaskInstance: tune_stream_dag.Load_song_dim_table scheduled__2023-01-01T09:00:00+00:00 [queued]>
[2025-07-24T16:18:08.333+0000] {taskinstance.py:1956} INFO - Dependencies all met for dep_context=requeueable deps ti=<TaskInstance: tune_stream_dag.Load_song_dim_table scheduled__2023-01-01T09:00:00+00:00 [queued]>
[2025-07-24T16:18:08.339+0000] {taskinstance.py:2170} INFO - Starting attempt 1 of 4
[2025-07-24T16:18:08.981+0000] {taskinstance.py:2191} INFO - Executing <Task(PythonOperator): Load_song_dim_table> on 2023-01-01 09:00:00+00:00
[2025-07-24T16:18:09.021+0000] {standard_task_runner.py:60} INFO - Started process 492 to run task
[2025-07-24T16:18:09.030+0000] {standard_task_runner.py:87} INFO - Running: ['***', 'tasks', 'run', 'tune_stream_dag', 'Load_song_dim_table', 'scheduled__2023-01-01T09:00:00+00:00', '--job-id', '1449', '--raw', '--subdir', 'DAGS_FOLDER/etl_pipeline.py', '--cfg-path', '/tmp/tmp7r7dlcw8']
[2025-07-24T16:18:09.037+0000] {standard_task_runner.py:88} INFO - Job 1449: Subtask Load_song_dim_table
[2025-07-24T16:18:09.439+0000] {task_command.py:423} INFO - Running <TaskInstance: tune_stream_dag.Load_song_dim_table scheduled__2023-01-01T09:00:00+00:00 [running]> on host c53547d84df1
[2025-07-24T16:18:09.776+0000] {taskinstance.py:2480} INFO - Exporting env vars: AIRFLOW_CTX_DAG_OWNER='genz-legend' AIRFLOW_CTX_DAG_ID='tune_stream_dag' AIRFLOW_CTX_TASK_ID='Load_song_dim_table' AIRFLOW_CTX_EXECUTION_DATE='2023-01-01T09:00:00+00:00' AIRFLOW_CTX_TRY_NUMBER='1' AIRFLOW_CTX_DAG_RUN_ID='scheduled__2023-01-01T09:00:00+00:00'
[2025-07-24T16:18:11.649+0000] {python.py:201} INFO - Done. Returned value was: None
[2025-07-24T16:18:11.700+0000] {taskinstance.py:1138} INFO - Marking task as SUCCESS. dag_id=tune_stream_dag, task_id=Load_song_dim_table, execution_date=20230101T090000, start_date=20250724T161808, end_date=20250724T161811
[2025-07-24T16:18:11.862+0000] {local_task_job_runner.py:234} INFO - Task exited with return code 0
[2025-07-24T16:18:12.237+0000] {taskinstance.py:3280} INFO - 0 downstream tasks scheduled from follow-on schedule check
[2025-07-24T16:57:13.096+0000] {taskinstance.py:1956} INFO - Dependencies all met for dep_context=non-requeueable deps ti=<TaskInstance: tune_stream_dag.Load_song_dim_table scheduled__2023-01-01T09:00:00+00:00 [queued]>
[2025-07-24T16:57:13.151+0000] {taskinstance.py:1956} INFO - Dependencies all met for dep_context=requeueable deps ti=<TaskInstance: tune_stream_dag.Load_song_dim_table scheduled__2023-01-01T09:00:00+00:00 [queued]>
[2025-07-24T16:57:13.158+0000] {taskinstance.py:2170} INFO - Starting attempt 1 of 4
[2025-07-24T16:57:13.473+0000] {taskinstance.py:2191} INFO - Executing <Task(PythonOperator): Load_song_dim_table> on 2023-01-01 09:00:00+00:00
[2025-07-24T16:57:13.488+0000] {standard_task_runner.py:60} INFO - Started process 431 to run task
[2025-07-24T16:57:13.493+0000] {standard_task_runner.py:87} INFO - Running: ['***', 'tasks', 'run', 'tune_stream_dag', 'Load_song_dim_table', 'scheduled__2023-01-01T09:00:00+00:00', '--job-id', '1831', '--raw', '--subdir', 'DAGS_FOLDER/etl_pipeline.py', '--cfg-path', '/tmp/tmp0p4erfq9']
[2025-07-24T16:57:13.497+0000] {standard_task_runner.py:88} INFO - Job 1831: Subtask Load_song_dim_table
[2025-07-24T16:57:13.762+0000] {task_command.py:423} INFO - Running <TaskInstance: tune_stream_dag.Load_song_dim_table scheduled__2023-01-01T09:00:00+00:00 [running]> on host 5def55d2a1b5
[2025-07-24T16:57:14.071+0000] {taskinstance.py:2480} INFO - Exporting env vars: AIRFLOW_CTX_DAG_OWNER='genz-legend' AIRFLOW_CTX_DAG_ID='tune_stream_dag' AIRFLOW_CTX_TASK_ID='Load_song_dim_table' AIRFLOW_CTX_EXECUTION_DATE='2023-01-01T09:00:00+00:00' AIRFLOW_CTX_TRY_NUMBER='1' AIRFLOW_CTX_DAG_RUN_ID='scheduled__2023-01-01T09:00:00+00:00'
[2025-07-24T16:57:14.278+0000] {python.py:201} INFO - Done. Returned value was: None
[2025-07-24T16:57:14.294+0000] {taskinstance.py:1138} INFO - Marking task as SUCCESS. dag_id=tune_stream_dag, task_id=Load_song_dim_table, execution_date=20230101T090000, start_date=20250724T165713, end_date=20250724T165714
[2025-07-24T16:57:14.431+0000] {local_task_job_runner.py:234} INFO - Task exited with return code 0
[2025-07-24T16:57:14.549+0000] {taskinstance.py:3280} INFO - 0 downstream tasks scheduled from follow-on schedule check
