[2025-07-24T15:21:36.758+0000] {taskinstance.py:1956} INFO - Dependencies all met for dep_context=non-requeueable deps ti=<TaskInstance: tune_stream_dag.Load_songplays_fact_table scheduled__2023-01-05T01:00:00+00:00 [queued]>
[2025-07-24T15:21:36.767+0000] {taskinstance.py:1956} INFO - Dependencies all met for dep_context=requeueable deps ti=<TaskInstance: tune_stream_dag.Load_songplays_fact_table scheduled__2023-01-05T01:00:00+00:00 [queued]>
[2025-07-24T15:21:36.767+0000] {taskinstance.py:2170} INFO - Starting attempt 1 of 4
[2025-07-24T15:21:36.859+0000] {taskinstance.py:2191} INFO - Executing <Task(PythonOperator): Load_songplays_fact_table> on 2023-01-05 01:00:00+00:00
[2025-07-24T15:21:36.878+0000] {standard_task_runner.py:60} INFO - Started process 749 to run task
[2025-07-24T15:21:36.882+0000] {standard_task_runner.py:87} INFO - Running: ['***', 'tasks', 'run', 'tune_stream_dag', 'Load_songplays_fact_table', 'scheduled__2023-01-05T01:00:00+00:00', '--job-id', '850', '--raw', '--subdir', 'DAGS_FOLDER/etl_pipeline.py', '--cfg-path', '/tmp/tmp5hzv5mx6']
[2025-07-24T15:21:36.885+0000] {standard_task_runner.py:88} INFO - Job 850: Subtask Load_songplays_fact_table
[2025-07-24T15:21:37.780+0000] {task_command.py:423} INFO - Running <TaskInstance: tune_stream_dag.Load_songplays_fact_table scheduled__2023-01-05T01:00:00+00:00 [running]> on host c53547d84df1
[2025-07-24T15:21:38.278+0000] {taskinstance.py:2480} INFO - Exporting env vars: AIRFLOW_CTX_DAG_OWNER='genz-legend' AIRFLOW_CTX_DAG_ID='tune_stream_dag' AIRFLOW_CTX_TASK_ID='Load_songplays_fact_table' AIRFLOW_CTX_EXECUTION_DATE='2023-01-05T01:00:00+00:00' AIRFLOW_CTX_TRY_NUMBER='1' AIRFLOW_CTX_DAG_RUN_ID='scheduled__2023-01-05T01:00:00+00:00'
[2025-07-24T15:21:38.365+0000] {taskinstance.py:2698} ERROR - Task failed with exception
Traceback (most recent call last):
  File "/home/airflow/.local/lib/python3.8/site-packages/airflow/models/taskinstance.py", line 433, in _execute_task
    result = execute_callable(context=context, **execute_callable_kwargs)
  File "/home/airflow/.local/lib/python3.8/site-packages/airflow/operators/python.py", line 199, in execute
    return_value = self.execute_callable()
  File "/home/airflow/.local/lib/python3.8/site-packages/airflow/operators/python.py", line 216, in execute_callable
    return self.python_callable(*self.op_args, **self.op_kwargs)
  File "/opt/airflow/dags/etl_pipeline.py", line 173, in <lambda>
    python_callable=lambda: load_table(SqlQueries.songplay_table_insert, 'songplays'),
  File "/opt/airflow/dags/etl_pipeline.py", line 132, in load_table
    cur.execute(f"INSERT INTO {table} {query}")
psycopg2.errors.UniqueViolation: duplicate key value violates unique constraint "songplays_pkey"
DETAIL:  Key (playid)=(22aa3e60ffb4a416dbceb01971eaa96d) already exists.

[2025-07-24T15:21:38.379+0000] {taskinstance.py:1138} INFO - Marking task as UP_FOR_RETRY. dag_id=tune_stream_dag, task_id=Load_songplays_fact_table, execution_date=20230105T010000, start_date=20250724T152136, end_date=20250724T152138
[2025-07-24T15:21:38.628+0000] {standard_task_runner.py:107} ERROR - Failed to execute job 850 for task Load_songplays_fact_table (duplicate key value violates unique constraint "songplays_pkey"
DETAIL:  Key (playid)=(22aa3e60ffb4a416dbceb01971eaa96d) already exists.
; 749)
[2025-07-24T15:21:38.662+0000] {local_task_job_runner.py:234} INFO - Task exited with return code 1
[2025-07-24T15:22:00.882+0000] {taskinstance.py:3280} INFO - 0 downstream tasks scheduled from follow-on schedule check
[2025-07-24T17:32:22.959+0000] {taskinstance.py:1956} INFO - Dependencies all met for dep_context=non-requeueable deps ti=<TaskInstance: tune_stream_dag.Load_songplays_fact_table scheduled__2023-01-05T01:00:00+00:00 [queued]>
[2025-07-24T17:32:22.971+0000] {taskinstance.py:1956} INFO - Dependencies all met for dep_context=requeueable deps ti=<TaskInstance: tune_stream_dag.Load_songplays_fact_table scheduled__2023-01-05T01:00:00+00:00 [queued]>
[2025-07-24T17:32:22.971+0000] {taskinstance.py:2170} INFO - Starting attempt 1 of 4
[2025-07-24T17:32:22.984+0000] {taskinstance.py:2191} INFO - Executing <Task(PythonOperator): Load_songplays_fact_table> on 2023-01-05 01:00:00+00:00
[2025-07-24T17:32:22.994+0000] {standard_task_runner.py:60} INFO - Started process 3298 to run task
[2025-07-24T17:32:23.002+0000] {standard_task_runner.py:87} INFO - Running: ['***', 'tasks', 'run', 'tune_stream_dag', 'Load_songplays_fact_table', 'scheduled__2023-01-05T01:00:00+00:00', '--job-id', '2633', '--raw', '--subdir', 'DAGS_FOLDER/etl_pipeline.py', '--cfg-path', '/tmp/tmpw31u_n1l']
[2025-07-24T17:32:23.009+0000] {standard_task_runner.py:88} INFO - Job 2633: Subtask Load_songplays_fact_table
[2025-07-24T17:32:23.113+0000] {task_command.py:423} INFO - Running <TaskInstance: tune_stream_dag.Load_songplays_fact_table scheduled__2023-01-05T01:00:00+00:00 [running]> on host 5def55d2a1b5
[2025-07-24T17:32:23.198+0000] {taskinstance.py:2480} INFO - Exporting env vars: AIRFLOW_CTX_DAG_OWNER='genz-legend' AIRFLOW_CTX_DAG_ID='tune_stream_dag' AIRFLOW_CTX_TASK_ID='Load_songplays_fact_table' AIRFLOW_CTX_EXECUTION_DATE='2023-01-05T01:00:00+00:00' AIRFLOW_CTX_TRY_NUMBER='1' AIRFLOW_CTX_DAG_RUN_ID='scheduled__2023-01-05T01:00:00+00:00'
[2025-07-24T17:33:11.956+0000] {python.py:201} INFO - Done. Returned value was: None
[2025-07-24T17:33:12.067+0000] {taskinstance.py:1138} INFO - Marking task as SUCCESS. dag_id=tune_stream_dag, task_id=Load_songplays_fact_table, execution_date=20230105T010000, start_date=20250724T173222, end_date=20250724T173312
[2025-07-24T17:33:12.259+0000] {local_task_job_runner.py:234} INFO - Task exited with return code 0
[2025-07-24T17:33:12.363+0000] {taskinstance.py:3280} INFO - 4 downstream tasks scheduled from follow-on schedule check
