[2025-07-24T14:30:09.650+0000] {taskinstance.py:1956} INFO - Dependencies all met for dep_context=non-requeueable deps ti=<TaskInstance: tune_stream_dag.Load_songplays_fact_table scheduled__2023-01-03T22:00:00+00:00 [queued]>
[2025-07-24T14:30:09.663+0000] {taskinstance.py:1956} INFO - Dependencies all met for dep_context=requeueable deps ti=<TaskInstance: tune_stream_dag.Load_songplays_fact_table scheduled__2023-01-03T22:00:00+00:00 [queued]>
[2025-07-24T14:30:09.664+0000] {taskinstance.py:2170} INFO - Starting attempt 1 of 4
[2025-07-24T14:30:09.681+0000] {taskinstance.py:2191} INFO - Executing <Task(PythonOperator): Load_songplays_fact_table> on 2023-01-03 22:00:00+00:00
[2025-07-24T14:30:09.690+0000] {standard_task_runner.py:60} INFO - Started process 924 to run task
[2025-07-24T14:30:09.694+0000] {standard_task_runner.py:87} INFO - Running: ['***', 'tasks', 'run', 'tune_stream_dag', 'Load_songplays_fact_table', 'scheduled__2023-01-03T22:00:00+00:00', '--job-id', '586', '--raw', '--subdir', 'DAGS_FOLDER/etl_pipeline.py', '--cfg-path', '/tmp/tmpejlbyvty']
[2025-07-24T14:30:09.698+0000] {standard_task_runner.py:88} INFO - Job 586: Subtask Load_songplays_fact_table
[2025-07-24T14:30:09.784+0000] {task_command.py:423} INFO - Running <TaskInstance: tune_stream_dag.Load_songplays_fact_table scheduled__2023-01-03T22:00:00+00:00 [running]> on host aea62fae55be
[2025-07-24T14:30:09.872+0000] {taskinstance.py:2480} INFO - Exporting env vars: AIRFLOW_CTX_DAG_OWNER='genz-legend' AIRFLOW_CTX_DAG_ID='tune_stream_dag' AIRFLOW_CTX_TASK_ID='Load_songplays_fact_table' AIRFLOW_CTX_EXECUTION_DATE='2023-01-03T22:00:00+00:00' AIRFLOW_CTX_TRY_NUMBER='1' AIRFLOW_CTX_DAG_RUN_ID='scheduled__2023-01-03T22:00:00+00:00'
[2025-07-24T14:30:09.880+0000] {taskinstance.py:2698} ERROR - Task failed with exception
Traceback (most recent call last):
  File "/home/airflow/.local/lib/python3.8/site-packages/airflow/models/taskinstance.py", line 433, in _execute_task
    result = execute_callable(context=context, **execute_callable_kwargs)
  File "/home/airflow/.local/lib/python3.8/site-packages/airflow/operators/python.py", line 199, in execute
    return_value = self.execute_callable()
  File "/home/airflow/.local/lib/python3.8/site-packages/airflow/operators/python.py", line 216, in execute_callable
    return self.python_callable(*self.op_args, **self.op_kwargs)
  File "/opt/airflow/dags/etl_pipeline.py", line 164, in <lambda>
    python_callable=lambda: load_table(SqlQueries.songplay_table_insert),
  File "/opt/airflow/dags/etl_pipeline.py", line 123, in load_table
    cur.execute(f"DELETE FROM {query.split()[3]}")
psycopg2.errors.SyntaxError: syntax error at or near ")"
LINE 1: DELETE FROM events.start_time)
                                     ^

[2025-07-24T14:30:09.895+0000] {taskinstance.py:1138} INFO - Marking task as UP_FOR_RETRY. dag_id=tune_stream_dag, task_id=Load_songplays_fact_table, execution_date=20230103T220000, start_date=20250724T143009, end_date=20250724T143009
[2025-07-24T14:30:09.912+0000] {standard_task_runner.py:107} ERROR - Failed to execute job 586 for task Load_songplays_fact_table (syntax error at or near ")"
LINE 1: DELETE FROM events.start_time)
                                     ^
; 924)
[2025-07-24T14:30:09.948+0000] {local_task_job_runner.py:234} INFO - Task exited with return code 1
[2025-07-24T14:30:09.976+0000] {taskinstance.py:3280} INFO - 0 downstream tasks scheduled from follow-on schedule check
[2025-07-24T17:28:39.626+0000] {taskinstance.py:1956} INFO - Dependencies all met for dep_context=non-requeueable deps ti=<TaskInstance: tune_stream_dag.Load_songplays_fact_table scheduled__2023-01-03T22:00:00+00:00 [queued]>
[2025-07-24T17:28:39.710+0000] {taskinstance.py:1956} INFO - Dependencies all met for dep_context=requeueable deps ti=<TaskInstance: tune_stream_dag.Load_songplays_fact_table scheduled__2023-01-03T22:00:00+00:00 [queued]>
[2025-07-24T17:28:39.714+0000] {taskinstance.py:2170} INFO - Starting attempt 1 of 4
[2025-07-24T17:28:39.805+0000] {taskinstance.py:2191} INFO - Executing <Task(PythonOperator): Load_songplays_fact_table> on 2023-01-03 22:00:00+00:00
[2025-07-24T17:28:39.827+0000] {standard_task_runner.py:60} INFO - Started process 2537 to run task
[2025-07-24T17:28:39.833+0000] {standard_task_runner.py:87} INFO - Running: ['***', 'tasks', 'run', 'tune_stream_dag', 'Load_songplays_fact_table', 'scheduled__2023-01-03T22:00:00+00:00', '--job-id', '2387', '--raw', '--subdir', 'DAGS_FOLDER/etl_pipeline.py', '--cfg-path', '/tmp/tmpqlbak2m5']
[2025-07-24T17:28:39.841+0000] {standard_task_runner.py:88} INFO - Job 2387: Subtask Load_songplays_fact_table
[2025-07-24T17:28:40.204+0000] {task_command.py:423} INFO - Running <TaskInstance: tune_stream_dag.Load_songplays_fact_table scheduled__2023-01-03T22:00:00+00:00 [running]> on host 5def55d2a1b5
[2025-07-24T17:28:40.668+0000] {taskinstance.py:2480} INFO - Exporting env vars: AIRFLOW_CTX_DAG_OWNER='genz-legend' AIRFLOW_CTX_DAG_ID='tune_stream_dag' AIRFLOW_CTX_TASK_ID='Load_songplays_fact_table' AIRFLOW_CTX_EXECUTION_DATE='2023-01-03T22:00:00+00:00' AIRFLOW_CTX_TRY_NUMBER='1' AIRFLOW_CTX_DAG_RUN_ID='scheduled__2023-01-03T22:00:00+00:00'
[2025-07-24T17:28:41.824+0000] {python.py:201} INFO - Done. Returned value was: None
[2025-07-24T17:28:41.942+0000] {taskinstance.py:1138} INFO - Marking task as SUCCESS. dag_id=tune_stream_dag, task_id=Load_songplays_fact_table, execution_date=20230103T220000, start_date=20250724T172839, end_date=20250724T172841
[2025-07-24T17:28:42.103+0000] {local_task_job_runner.py:234} INFO - Task exited with return code 0
[2025-07-24T17:28:42.136+0000] {taskinstance.py:3280} INFO - 4 downstream tasks scheduled from follow-on schedule check
