[2025-07-22T10:04:31.183+0000] {taskinstance.py:1956} INFO - Dependencies all met for dep_context=non-requeueable deps ti=<TaskInstance: tune_stream_dag.Stage_songs scheduled__2023-01-01T11:00:00+00:00 [queued]>
[2025-07-22T10:04:31.301+0000] {taskinstance.py:1956} INFO - Dependencies all met for dep_context=requeueable deps ti=<TaskInstance: tune_stream_dag.Stage_songs scheduled__2023-01-01T11:00:00+00:00 [queued]>
[2025-07-22T10:04:31.353+0000] {taskinstance.py:2170} INFO - Starting attempt 1 of 4
[2025-07-22T10:04:31.506+0000] {taskinstance.py:2191} INFO - Executing <Task(PythonOperator): Stage_songs> on 2023-01-01 11:00:00+00:00
[2025-07-22T10:04:31.726+0000] {standard_task_runner.py:60} INFO - Started process 341 to run task
[2025-07-22T10:04:32.651+0000] {standard_task_runner.py:87} INFO - Running: ['***', 'tasks', 'run', 'tune_stream_dag', 'Stage_songs', 'scheduled__2023-01-01T11:00:00+00:00', '--job-id', '129', '--raw', '--subdir', 'DAGS_FOLDER/etl_pipeline.py', '--cfg-path', '/tmp/tmp_ganmtk6']
[2025-07-22T10:04:32.879+0000] {standard_task_runner.py:88} INFO - Job 129: Subtask Stage_songs
[2025-07-22T10:04:59.564+0000] {task_command.py:423} INFO - Running <TaskInstance: tune_stream_dag.Stage_songs scheduled__2023-01-01T11:00:00+00:00 [running]> on host a2a13a541787
[2025-07-22T10:05:00.993+0000] {taskinstance.py:2480} INFO - Exporting env vars: AIRFLOW_CTX_DAG_OWNER='genz-legend' AIRFLOW_CTX_DAG_ID='tune_stream_dag' AIRFLOW_CTX_TASK_ID='Stage_songs' AIRFLOW_CTX_EXECUTION_DATE='2023-01-01T11:00:00+00:00' AIRFLOW_CTX_TRY_NUMBER='1' AIRFLOW_CTX_DAG_RUN_ID='scheduled__2023-01-01T11:00:00+00:00'
[2025-07-22T10:05:02.901+0000] {python.py:201} INFO - Done. Returned value was: None
[2025-07-22T10:05:02.925+0000] {taskinstance.py:1138} INFO - Marking task as SUCCESS. dag_id=tune_stream_dag, task_id=Stage_songs, execution_date=20230101T110000, start_date=20250722T100431, end_date=20250722T100502
[2025-07-22T10:05:03.701+0000] {local_task_job_runner.py:234} INFO - Task exited with return code 0
[2025-07-22T10:05:03.727+0000] {taskinstance.py:3280} INFO - 0 downstream tasks scheduled from follow-on schedule check
[2025-07-24T15:30:55.457+0000] {taskinstance.py:1956} INFO - Dependencies all met for dep_context=non-requeueable deps ti=<TaskInstance: tune_stream_dag.Stage_songs scheduled__2023-01-01T11:00:00+00:00 [queued]>
[2025-07-24T15:30:55.466+0000] {taskinstance.py:1956} INFO - Dependencies all met for dep_context=requeueable deps ti=<TaskInstance: tune_stream_dag.Stage_songs scheduled__2023-01-01T11:00:00+00:00 [queued]>
[2025-07-24T15:30:55.466+0000] {taskinstance.py:2170} INFO - Starting attempt 1 of 4
[2025-07-24T15:30:55.557+0000] {taskinstance.py:2191} INFO - Executing <Task(PythonOperator): Stage_songs> on 2023-01-01 11:00:00+00:00
[2025-07-24T15:30:55.569+0000] {standard_task_runner.py:60} INFO - Started process 184 to run task
[2025-07-24T15:30:55.579+0000] {standard_task_runner.py:87} INFO - Running: ['***', 'tasks', 'run', 'tune_stream_dag', 'Stage_songs', 'scheduled__2023-01-01T11:00:00+00:00', '--job-id', '979', '--raw', '--subdir', 'DAGS_FOLDER/etl_pipeline.py', '--cfg-path', '/tmp/tmplygeeqpm']
[2025-07-24T15:30:55.585+0000] {standard_task_runner.py:88} INFO - Job 979: Subtask Stage_songs
[2025-07-24T15:30:55.800+0000] {task_command.py:423} INFO - Running <TaskInstance: tune_stream_dag.Stage_songs scheduled__2023-01-01T11:00:00+00:00 [running]> on host c53547d84df1
[2025-07-24T15:30:55.995+0000] {taskinstance.py:2480} INFO - Exporting env vars: AIRFLOW_CTX_DAG_OWNER='genz-legend' AIRFLOW_CTX_DAG_ID='tune_stream_dag' AIRFLOW_CTX_TASK_ID='Stage_songs' AIRFLOW_CTX_EXECUTION_DATE='2023-01-01T11:00:00+00:00' AIRFLOW_CTX_TRY_NUMBER='1' AIRFLOW_CTX_DAG_RUN_ID='scheduled__2023-01-01T11:00:00+00:00'
[2025-07-24T15:30:57.274+0000] {python.py:201} INFO - Done. Returned value was: None
[2025-07-24T15:30:57.381+0000] {taskinstance.py:1138} INFO - Marking task as SUCCESS. dag_id=tune_stream_dag, task_id=Stage_songs, execution_date=20230101T110000, start_date=20250724T153055, end_date=20250724T153057
[2025-07-24T15:30:57.453+0000] {local_task_job_runner.py:234} INFO - Task exited with return code 0
[2025-07-24T15:31:00.869+0000] {taskinstance.py:3280} INFO - 0 downstream tasks scheduled from follow-on schedule check
[2025-07-24T16:15:16.690+0000] {taskinstance.py:1956} INFO - Dependencies all met for dep_context=non-requeueable deps ti=<TaskInstance: tune_stream_dag.Stage_songs scheduled__2023-01-01T11:00:00+00:00 [queued]>
[2025-07-24T16:15:16.734+0000] {taskinstance.py:1956} INFO - Dependencies all met for dep_context=requeueable deps ti=<TaskInstance: tune_stream_dag.Stage_songs scheduled__2023-01-01T11:00:00+00:00 [queued]>
[2025-07-24T16:15:16.735+0000] {taskinstance.py:2170} INFO - Starting attempt 1 of 4
[2025-07-24T16:15:16.864+0000] {taskinstance.py:2191} INFO - Executing <Task(PythonOperator): Stage_songs> on 2023-01-01 11:00:00+00:00
[2025-07-24T16:15:16.881+0000] {taskinstance.py:1946} INFO - Dependencies not met for <TaskInstance: tune_stream_dag.Stage_songs scheduled__2023-01-01T11:00:00+00:00 [running]>, dependency 'Task Instance Not Running' FAILED: Task is in the running state
[2025-07-24T16:15:16.892+0000] {standard_task_runner.py:60} INFO - Started process 239 to run task
[2025-07-24T16:15:16.898+0000] {taskinstance.py:1946} INFO - Dependencies not met for <TaskInstance: tune_stream_dag.Stage_songs scheduled__2023-01-01T11:00:00+00:00 [running]>, dependency 'Task Instance State' FAILED: Task is in the 'running' state.
[2025-07-24T16:15:16.940+0000] {local_task_job_runner.py:160} INFO - Task is not able to be run
[2025-07-24T16:15:16.903+0000] {standard_task_runner.py:87} INFO - Running: ['***', 'tasks', 'run', 'tune_stream_dag', 'Stage_songs', 'scheduled__2023-01-01T11:00:00+00:00', '--job-id', '1381', '--raw', '--subdir', 'DAGS_FOLDER/etl_pipeline.py', '--cfg-path', '/tmp/tmpvtypo5f1']
[2025-07-24T16:15:16.942+0000] {standard_task_runner.py:88} INFO - Job 1381: Subtask Stage_songs
[2025-07-24T16:15:17.281+0000] {task_command.py:423} INFO - Running <TaskInstance: tune_stream_dag.Stage_songs scheduled__2023-01-01T11:00:00+00:00 [running]> on host c53547d84df1
[2025-07-24T16:15:17.493+0000] {taskinstance.py:2480} INFO - Exporting env vars: AIRFLOW_CTX_DAG_OWNER='genz-legend' AIRFLOW_CTX_DAG_ID='tune_stream_dag' AIRFLOW_CTX_TASK_ID='Stage_songs' AIRFLOW_CTX_EXECUTION_DATE='2023-01-01T11:00:00+00:00' AIRFLOW_CTX_TRY_NUMBER='1' AIRFLOW_CTX_DAG_RUN_ID='scheduled__2023-01-01T11:00:00+00:00'
[2025-07-24T16:15:24.107+0000] {python.py:201} INFO - Done. Returned value was: None
[2025-07-24T16:15:24.281+0000] {taskinstance.py:1138} INFO - Marking task as SUCCESS. dag_id=tune_stream_dag, task_id=Stage_songs, execution_date=20230101T110000, start_date=20250724T161516, end_date=20250724T161524
[2025-07-24T16:15:24.380+0000] {local_task_job_runner.py:234} INFO - Task exited with return code 0
[2025-07-24T16:15:24.539+0000] {taskinstance.py:3280} INFO - 0 downstream tasks scheduled from follow-on schedule check
[2025-07-24T16:54:50.739+0000] {taskinstance.py:1956} INFO - Dependencies all met for dep_context=non-requeueable deps ti=<TaskInstance: tune_stream_dag.Stage_songs scheduled__2023-01-01T11:00:00+00:00 [queued]>
[2025-07-24T16:54:50.861+0000] {taskinstance.py:1956} INFO - Dependencies all met for dep_context=requeueable deps ti=<TaskInstance: tune_stream_dag.Stage_songs scheduled__2023-01-01T11:00:00+00:00 [queued]>
[2025-07-24T16:54:50.862+0000] {taskinstance.py:2170} INFO - Starting attempt 1 of 4
[2025-07-24T16:54:51.576+0000] {taskinstance.py:2191} INFO - Executing <Task(PythonOperator): Stage_songs> on 2023-01-01 11:00:00+00:00
[2025-07-24T16:54:51.587+0000] {standard_task_runner.py:60} INFO - Started process 212 to run task
[2025-07-24T16:54:51.599+0000] {standard_task_runner.py:87} INFO - Running: ['***', 'tasks', 'run', 'tune_stream_dag', 'Stage_songs', 'scheduled__2023-01-01T11:00:00+00:00', '--job-id', '1768', '--raw', '--subdir', 'DAGS_FOLDER/etl_pipeline.py', '--cfg-path', '/tmp/tmp8w_lw8ud']
[2025-07-24T16:54:51.606+0000] {standard_task_runner.py:88} INFO - Job 1768: Subtask Stage_songs
[2025-07-24T16:54:52.805+0000] {task_command.py:423} INFO - Running <TaskInstance: tune_stream_dag.Stage_songs scheduled__2023-01-01T11:00:00+00:00 [running]> on host 5def55d2a1b5
[2025-07-24T16:54:53.226+0000] {taskinstance.py:2480} INFO - Exporting env vars: AIRFLOW_CTX_DAG_OWNER='genz-legend' AIRFLOW_CTX_DAG_ID='tune_stream_dag' AIRFLOW_CTX_TASK_ID='Stage_songs' AIRFLOW_CTX_EXECUTION_DATE='2023-01-01T11:00:00+00:00' AIRFLOW_CTX_TRY_NUMBER='1' AIRFLOW_CTX_DAG_RUN_ID='scheduled__2023-01-01T11:00:00+00:00'
[2025-07-24T16:54:56.007+0000] {python.py:201} INFO - Done. Returned value was: None
[2025-07-24T16:55:06.404+0000] {taskinstance.py:1138} INFO - Marking task as SUCCESS. dag_id=tune_stream_dag, task_id=Stage_songs, execution_date=20230101T110000, start_date=20250724T165450, end_date=20250724T165506
[2025-07-24T16:55:08.371+0000] {local_task_job_runner.py:234} INFO - Task exited with return code 0
[2025-07-24T16:55:08.811+0000] {taskinstance.py:3280} INFO - 0 downstream tasks scheduled from follow-on schedule check
