[2025-07-24T15:28:18.477+0000] {taskinstance.py:1956} INFO - Dependencies all met for dep_context=non-requeueable deps ti=<TaskInstance: tune_stream_dag.Load_song_dim_table scheduled__2023-01-05T09:00:00+00:00 [queued]>
[2025-07-24T15:28:18.487+0000] {taskinstance.py:1956} INFO - Dependencies all met for dep_context=requeueable deps ti=<TaskInstance: tune_stream_dag.Load_song_dim_table scheduled__2023-01-05T09:00:00+00:00 [queued]>
[2025-07-24T15:28:18.488+0000] {taskinstance.py:2170} INFO - Starting attempt 1 of 4
[2025-07-24T15:28:18.505+0000] {taskinstance.py:2191} INFO - Executing <Task(PythonOperator): Load_song_dim_table> on 2023-01-05 09:00:00+00:00
[2025-07-24T15:28:18.514+0000] {standard_task_runner.py:60} INFO - Started process 337 to run task
[2025-07-24T15:28:18.520+0000] {standard_task_runner.py:87} INFO - Running: ['***', 'tasks', 'run', 'tune_stream_dag', 'Load_song_dim_table', 'scheduled__2023-01-05T09:00:00+00:00', '--job-id', '954', '--raw', '--subdir', 'DAGS_FOLDER/etl_pipeline.py', '--cfg-path', '/tmp/tmp9d5huvpv']
[2025-07-24T15:28:18.529+0000] {standard_task_runner.py:88} INFO - Job 954: Subtask Load_song_dim_table
[2025-07-24T15:28:18.629+0000] {task_command.py:423} INFO - Running <TaskInstance: tune_stream_dag.Load_song_dim_table scheduled__2023-01-05T09:00:00+00:00 [running]> on host c53547d84df1
[2025-07-24T15:28:18.726+0000] {taskinstance.py:2480} INFO - Exporting env vars: AIRFLOW_CTX_DAG_OWNER='genz-legend' AIRFLOW_CTX_DAG_ID='tune_stream_dag' AIRFLOW_CTX_TASK_ID='Load_song_dim_table' AIRFLOW_CTX_EXECUTION_DATE='2023-01-05T09:00:00+00:00' AIRFLOW_CTX_TRY_NUMBER='1' AIRFLOW_CTX_DAG_RUN_ID='scheduled__2023-01-05T09:00:00+00:00'
[2025-07-24T15:28:18.742+0000] {python.py:201} INFO - Done. Returned value was: None
[2025-07-24T15:28:18.756+0000] {taskinstance.py:1138} INFO - Marking task as SUCCESS. dag_id=tune_stream_dag, task_id=Load_song_dim_table, execution_date=20230105T090000, start_date=20250724T152818, end_date=20250724T152818
[2025-07-24T15:28:18.812+0000] {local_task_job_runner.py:234} INFO - Task exited with return code 0
[2025-07-24T15:28:18.859+0000] {taskinstance.py:3280} INFO - 0 downstream tasks scheduled from follow-on schedule check
[2025-07-24T17:33:39.881+0000] {taskinstance.py:1956} INFO - Dependencies all met for dep_context=non-requeueable deps ti=<TaskInstance: tune_stream_dag.Load_song_dim_table scheduled__2023-01-05T09:00:00+00:00 [queued]>
[2025-07-24T17:33:40.018+0000] {taskinstance.py:1956} INFO - Dependencies all met for dep_context=requeueable deps ti=<TaskInstance: tune_stream_dag.Load_song_dim_table scheduled__2023-01-05T09:00:00+00:00 [queued]>
[2025-07-24T17:33:40.022+0000] {taskinstance.py:2170} INFO - Starting attempt 1 of 4
[2025-07-24T17:33:40.229+0000] {taskinstance.py:2191} INFO - Executing <Task(PythonOperator): Load_song_dim_table> on 2023-01-05 09:00:00+00:00
[2025-07-24T17:33:40.270+0000] {standard_task_runner.py:60} INFO - Started process 3535 to run task
[2025-07-24T17:33:40.280+0000] {standard_task_runner.py:87} INFO - Running: ['***', 'tasks', 'run', 'tune_stream_dag', 'Load_song_dim_table', 'scheduled__2023-01-05T09:00:00+00:00', '--job-id', '2701', '--raw', '--subdir', 'DAGS_FOLDER/etl_pipeline.py', '--cfg-path', '/tmp/tmpeq_0_was']
[2025-07-24T17:33:40.291+0000] {standard_task_runner.py:88} INFO - Job 2701: Subtask Load_song_dim_table
[2025-07-24T17:33:40.698+0000] {task_command.py:423} INFO - Running <TaskInstance: tune_stream_dag.Load_song_dim_table scheduled__2023-01-05T09:00:00+00:00 [running]> on host 5def55d2a1b5
[2025-07-24T17:33:41.223+0000] {taskinstance.py:2480} INFO - Exporting env vars: AIRFLOW_CTX_DAG_OWNER='genz-legend' AIRFLOW_CTX_DAG_ID='tune_stream_dag' AIRFLOW_CTX_TASK_ID='Load_song_dim_table' AIRFLOW_CTX_EXECUTION_DATE='2023-01-05T09:00:00+00:00' AIRFLOW_CTX_TRY_NUMBER='1' AIRFLOW_CTX_DAG_RUN_ID='scheduled__2023-01-05T09:00:00+00:00'
[2025-07-24T17:33:41.490+0000] {python.py:201} INFO - Done. Returned value was: None
[2025-07-24T17:33:41.532+0000] {taskinstance.py:1138} INFO - Marking task as SUCCESS. dag_id=tune_stream_dag, task_id=Load_song_dim_table, execution_date=20230105T090000, start_date=20250724T173339, end_date=20250724T173341
[2025-07-24T17:33:41.748+0000] {local_task_job_runner.py:234} INFO - Task exited with return code 0
[2025-07-24T17:33:42.564+0000] {taskinstance.py:3280} INFO - 0 downstream tasks scheduled from follow-on schedule check
