[2025-07-24T14:18:58.255+0000] {taskinstance.py:1956} INFO - Dependencies all met for dep_context=non-requeueable deps ti=<TaskInstance: tune_stream_dag.Stage_events scheduled__2023-01-03T11:00:00+00:00 [queued]>
[2025-07-24T14:18:58.263+0000] {taskinstance.py:1956} INFO - Dependencies all met for dep_context=requeueable deps ti=<TaskInstance: tune_stream_dag.Stage_events scheduled__2023-01-03T11:00:00+00:00 [queued]>
[2025-07-24T14:18:58.264+0000] {taskinstance.py:2170} INFO - Starting attempt 1 of 4
[2025-07-24T14:18:58.279+0000] {taskinstance.py:2191} INFO - Executing <Task(PythonOperator): Stage_events> on 2023-01-03 11:00:00+00:00
[2025-07-24T14:18:58.286+0000] {standard_task_runner.py:60} INFO - Started process 496 to run task
[2025-07-24T14:18:58.290+0000] {standard_task_runner.py:87} INFO - Running: ['***', 'tasks', 'run', 'tune_stream_dag', 'Stage_events', 'scheduled__2023-01-03T11:00:00+00:00', '--job-id', '500', '--raw', '--subdir', 'DAGS_FOLDER/etl_pipeline.py', '--cfg-path', '/tmp/tmpzvwfgvw9']
[2025-07-24T14:18:58.293+0000] {standard_task_runner.py:88} INFO - Job 500: Subtask Stage_events
[2025-07-24T14:18:58.362+0000] {task_command.py:423} INFO - Running <TaskInstance: tune_stream_dag.Stage_events scheduled__2023-01-03T11:00:00+00:00 [running]> on host aea62fae55be
[2025-07-24T14:18:58.492+0000] {taskinstance.py:2480} INFO - Exporting env vars: AIRFLOW_CTX_DAG_OWNER='genz-legend' AIRFLOW_CTX_DAG_ID='tune_stream_dag' AIRFLOW_CTX_TASK_ID='Stage_events' AIRFLOW_CTX_EXECUTION_DATE='2023-01-03T11:00:00+00:00' AIRFLOW_CTX_TRY_NUMBER='1' AIRFLOW_CTX_DAG_RUN_ID='scheduled__2023-01-03T11:00:00+00:00'
[2025-07-24T14:19:00.921+0000] {python.py:201} INFO - Done. Returned value was: None
[2025-07-24T14:19:00.930+0000] {taskinstance.py:1138} INFO - Marking task as SUCCESS. dag_id=tune_stream_dag, task_id=Stage_events, execution_date=20230103T110000, start_date=20250724T141858, end_date=20250724T141900
[2025-07-24T14:19:00.961+0000] {local_task_job_runner.py:234} INFO - Task exited with return code 0
[2025-07-24T14:19:00.986+0000] {taskinstance.py:3280} INFO - 1 downstream tasks scheduled from follow-on schedule check
[2025-07-24T17:27:02.706+0000] {taskinstance.py:1956} INFO - Dependencies all met for dep_context=non-requeueable deps ti=<TaskInstance: tune_stream_dag.Stage_events scheduled__2023-01-03T11:00:00+00:00 [queued]>
[2025-07-24T17:27:02.724+0000] {taskinstance.py:1956} INFO - Dependencies all met for dep_context=requeueable deps ti=<TaskInstance: tune_stream_dag.Stage_events scheduled__2023-01-03T11:00:00+00:00 [queued]>
[2025-07-24T17:27:02.725+0000] {taskinstance.py:2170} INFO - Starting attempt 1 of 4
[2025-07-24T17:27:02.757+0000] {taskinstance.py:2191} INFO - Executing <Task(PythonOperator): Stage_events> on 2023-01-03 11:00:00+00:00
[2025-07-24T17:27:02.770+0000] {standard_task_runner.py:60} INFO - Started process 2368 to run task
[2025-07-24T17:27:02.780+0000] {standard_task_runner.py:87} INFO - Running: ['***', 'tasks', 'run', 'tune_stream_dag', 'Stage_events', 'scheduled__2023-01-03T11:00:00+00:00', '--job-id', '2340', '--raw', '--subdir', 'DAGS_FOLDER/etl_pipeline.py', '--cfg-path', '/tmp/tmp53fmig5p']
[2025-07-24T17:27:02.787+0000] {standard_task_runner.py:88} INFO - Job 2340: Subtask Stage_events
[2025-07-24T17:27:02.938+0000] {task_command.py:423} INFO - Running <TaskInstance: tune_stream_dag.Stage_events scheduled__2023-01-03T11:00:00+00:00 [running]> on host 5def55d2a1b5
[2025-07-24T17:27:03.183+0000] {taskinstance.py:2480} INFO - Exporting env vars: AIRFLOW_CTX_DAG_OWNER='genz-legend' AIRFLOW_CTX_DAG_ID='tune_stream_dag' AIRFLOW_CTX_TASK_ID='Stage_events' AIRFLOW_CTX_EXECUTION_DATE='2023-01-03T11:00:00+00:00' AIRFLOW_CTX_TRY_NUMBER='1' AIRFLOW_CTX_DAG_RUN_ID='scheduled__2023-01-03T11:00:00+00:00'
[2025-07-24T17:27:16.395+0000] {python.py:201} INFO - Done. Returned value was: None
[2025-07-24T17:27:16.479+0000] {taskinstance.py:1138} INFO - Marking task as SUCCESS. dag_id=tune_stream_dag, task_id=Stage_events, execution_date=20230103T110000, start_date=20250724T172702, end_date=20250724T172716
[2025-07-24T17:27:16.583+0000] {local_task_job_runner.py:234} INFO - Task exited with return code 0
[2025-07-24T17:27:16.702+0000] {taskinstance.py:3280} INFO - 1 downstream tasks scheduled from follow-on schedule check
