[2025-07-22T10:04:32.457+0000] {taskinstance.py:1956} INFO - Dependencies all met for dep_context=non-requeueable deps ti=<TaskInstance: tune_stream_dag.Stage_songs scheduled__2023-01-01T09:00:00+00:00 [queued]>
[2025-07-22T10:04:32.657+0000] {taskinstance.py:1956} INFO - Dependencies all met for dep_context=requeueable deps ti=<TaskInstance: tune_stream_dag.Stage_songs scheduled__2023-01-01T09:00:00+00:00 [queued]>
[2025-07-22T10:04:32.738+0000] {taskinstance.py:2170} INFO - Starting attempt 1 of 4
[2025-07-22T10:04:33.377+0000] {taskinstance.py:2191} INFO - Executing <Task(PythonOperator): Stage_songs> on 2023-01-01 09:00:00+00:00
[2025-07-22T10:04:33.617+0000] {standard_task_runner.py:60} INFO - Started process 343 to run task
[2025-07-22T10:04:41.717+0000] {standard_task_runner.py:87} INFO - Running: ['***', 'tasks', 'run', 'tune_stream_dag', 'Stage_songs', 'scheduled__2023-01-01T09:00:00+00:00', '--job-id', '128', '--raw', '--subdir', 'DAGS_FOLDER/etl_pipeline.py', '--cfg-path', '/tmp/tmppzqhdk8g']
[2025-07-22T10:04:45.958+0000] {standard_task_runner.py:88} INFO - Job 128: Subtask Stage_songs
[2025-07-22T10:04:59.565+0000] {task_command.py:423} INFO - Running <TaskInstance: tune_stream_dag.Stage_songs scheduled__2023-01-01T09:00:00+00:00 [running]> on host a2a13a541787
[2025-07-22T10:05:01.045+0000] {taskinstance.py:2480} INFO - Exporting env vars: AIRFLOW_CTX_DAG_OWNER='genz-legend' AIRFLOW_CTX_DAG_ID='tune_stream_dag' AIRFLOW_CTX_TASK_ID='Stage_songs' AIRFLOW_CTX_EXECUTION_DATE='2023-01-01T09:00:00+00:00' AIRFLOW_CTX_TRY_NUMBER='1' AIRFLOW_CTX_DAG_RUN_ID='scheduled__2023-01-01T09:00:00+00:00'
[2025-07-22T10:05:02.903+0000] {python.py:201} INFO - Done. Returned value was: None
[2025-07-22T10:05:02.923+0000] {taskinstance.py:1138} INFO - Marking task as SUCCESS. dag_id=tune_stream_dag, task_id=Stage_songs, execution_date=20230101T090000, start_date=20250722T100432, end_date=20250722T100502
[2025-07-22T10:05:03.390+0000] {local_task_job_runner.py:234} INFO - Task exited with return code 0
[2025-07-22T10:05:03.412+0000] {taskinstance.py:3280} INFO - 0 downstream tasks scheduled from follow-on schedule check
[2025-07-24T15:30:56.475+0000] {taskinstance.py:1956} INFO - Dependencies all met for dep_context=non-requeueable deps ti=<TaskInstance: tune_stream_dag.Stage_songs scheduled__2023-01-01T09:00:00+00:00 [queued]>
[2025-07-24T15:30:56.493+0000] {taskinstance.py:1956} INFO - Dependencies all met for dep_context=requeueable deps ti=<TaskInstance: tune_stream_dag.Stage_songs scheduled__2023-01-01T09:00:00+00:00 [queued]>
[2025-07-24T15:30:56.494+0000] {taskinstance.py:2170} INFO - Starting attempt 1 of 4
[2025-07-24T15:30:56.623+0000] {taskinstance.py:2191} INFO - Executing <Task(PythonOperator): Stage_songs> on 2023-01-01 09:00:00+00:00
[2025-07-24T15:30:56.640+0000] {standard_task_runner.py:60} INFO - Started process 187 to run task
[2025-07-24T15:30:56.653+0000] {standard_task_runner.py:87} INFO - Running: ['***', 'tasks', 'run', 'tune_stream_dag', 'Stage_songs', 'scheduled__2023-01-01T09:00:00+00:00', '--job-id', '981', '--raw', '--subdir', 'DAGS_FOLDER/etl_pipeline.py', '--cfg-path', '/tmp/tmpyze7j7ha']
[2025-07-24T15:30:56.659+0000] {standard_task_runner.py:88} INFO - Job 981: Subtask Stage_songs
[2025-07-24T15:30:56.818+0000] {task_command.py:423} INFO - Running <TaskInstance: tune_stream_dag.Stage_songs scheduled__2023-01-01T09:00:00+00:00 [running]> on host c53547d84df1
[2025-07-24T15:30:57.022+0000] {taskinstance.py:2480} INFO - Exporting env vars: AIRFLOW_CTX_DAG_OWNER='genz-legend' AIRFLOW_CTX_DAG_ID='tune_stream_dag' AIRFLOW_CTX_TASK_ID='Stage_songs' AIRFLOW_CTX_EXECUTION_DATE='2023-01-01T09:00:00+00:00' AIRFLOW_CTX_TRY_NUMBER='1' AIRFLOW_CTX_DAG_RUN_ID='scheduled__2023-01-01T09:00:00+00:00'
[2025-07-24T15:31:01.895+0000] {python.py:201} INFO - Done. Returned value was: None
[2025-07-24T15:31:02.000+0000] {taskinstance.py:1138} INFO - Marking task as SUCCESS. dag_id=tune_stream_dag, task_id=Stage_songs, execution_date=20230101T090000, start_date=20250724T153056, end_date=20250724T153102
[2025-07-24T15:31:02.348+0000] {local_task_job_runner.py:234} INFO - Task exited with return code 0
[2025-07-24T15:31:02.413+0000] {taskinstance.py:3280} INFO - 0 downstream tasks scheduled from follow-on schedule check
[2025-07-24T16:15:31.329+0000] {taskinstance.py:1956} INFO - Dependencies all met for dep_context=non-requeueable deps ti=<TaskInstance: tune_stream_dag.Stage_songs scheduled__2023-01-01T09:00:00+00:00 [queued]>
[2025-07-24T16:15:31.424+0000] {taskinstance.py:1956} INFO - Dependencies all met for dep_context=requeueable deps ti=<TaskInstance: tune_stream_dag.Stage_songs scheduled__2023-01-01T09:00:00+00:00 [queued]>
[2025-07-24T16:15:31.427+0000] {taskinstance.py:2170} INFO - Starting attempt 1 of 4
[2025-07-24T16:15:31.452+0000] {taskinstance.py:2191} INFO - Executing <Task(PythonOperator): Stage_songs> on 2023-01-01 09:00:00+00:00
[2025-07-24T16:15:31.467+0000] {standard_task_runner.py:60} INFO - Started process 251 to run task
[2025-07-24T16:15:31.472+0000] {standard_task_runner.py:87} INFO - Running: ['***', 'tasks', 'run', 'tune_stream_dag', 'Stage_songs', 'scheduled__2023-01-01T09:00:00+00:00', '--job-id', '1384', '--raw', '--subdir', 'DAGS_FOLDER/etl_pipeline.py', '--cfg-path', '/tmp/tmp3v17ag6r']
[2025-07-24T16:15:31.479+0000] {standard_task_runner.py:88} INFO - Job 1384: Subtask Stage_songs
[2025-07-24T16:15:31.589+0000] {task_command.py:423} INFO - Running <TaskInstance: tune_stream_dag.Stage_songs scheduled__2023-01-01T09:00:00+00:00 [running]> on host c53547d84df1
[2025-07-24T16:15:31.774+0000] {taskinstance.py:2480} INFO - Exporting env vars: AIRFLOW_CTX_DAG_OWNER='genz-legend' AIRFLOW_CTX_DAG_ID='tune_stream_dag' AIRFLOW_CTX_TASK_ID='Stage_songs' AIRFLOW_CTX_EXECUTION_DATE='2023-01-01T09:00:00+00:00' AIRFLOW_CTX_TRY_NUMBER='1' AIRFLOW_CTX_DAG_RUN_ID='scheduled__2023-01-01T09:00:00+00:00'
[2025-07-24T16:15:32.752+0000] {python.py:201} INFO - Done. Returned value was: None
[2025-07-24T16:15:32.765+0000] {taskinstance.py:1138} INFO - Marking task as SUCCESS. dag_id=tune_stream_dag, task_id=Stage_songs, execution_date=20230101T090000, start_date=20250724T161531, end_date=20250724T161532
[2025-07-24T16:15:32.894+0000] {local_task_job_runner.py:234} INFO - Task exited with return code 0
[2025-07-24T16:15:32.927+0000] {taskinstance.py:3280} INFO - 0 downstream tasks scheduled from follow-on schedule check
[2025-07-24T16:54:41.357+0000] {taskinstance.py:1956} INFO - Dependencies all met for dep_context=non-requeueable deps ti=<TaskInstance: tune_stream_dag.Stage_songs scheduled__2023-01-01T09:00:00+00:00 [queued]>
[2025-07-24T16:54:41.649+0000] {taskinstance.py:1956} INFO - Dependencies all met for dep_context=requeueable deps ti=<TaskInstance: tune_stream_dag.Stage_songs scheduled__2023-01-01T09:00:00+00:00 [queued]>
[2025-07-24T16:54:41.650+0000] {taskinstance.py:2170} INFO - Starting attempt 1 of 4
[2025-07-24T16:54:43.090+0000] {taskinstance.py:2191} INFO - Executing <Task(PythonOperator): Stage_songs> on 2023-01-01 09:00:00+00:00
[2025-07-24T16:54:43.105+0000] {standard_task_runner.py:60} INFO - Started process 191 to run task
[2025-07-24T16:54:43.112+0000] {standard_task_runner.py:87} INFO - Running: ['***', 'tasks', 'run', 'tune_stream_dag', 'Stage_songs', 'scheduled__2023-01-01T09:00:00+00:00', '--job-id', '1764', '--raw', '--subdir', 'DAGS_FOLDER/etl_pipeline.py', '--cfg-path', '/tmp/tmpgw44ogux']
[2025-07-24T16:54:43.117+0000] {standard_task_runner.py:88} INFO - Job 1764: Subtask Stage_songs
[2025-07-24T16:54:45.440+0000] {task_command.py:423} INFO - Running <TaskInstance: tune_stream_dag.Stage_songs scheduled__2023-01-01T09:00:00+00:00 [running]> on host 5def55d2a1b5
[2025-07-24T16:54:46.475+0000] {taskinstance.py:2480} INFO - Exporting env vars: AIRFLOW_CTX_DAG_OWNER='genz-legend' AIRFLOW_CTX_DAG_ID='tune_stream_dag' AIRFLOW_CTX_TASK_ID='Stage_songs' AIRFLOW_CTX_EXECUTION_DATE='2023-01-01T09:00:00+00:00' AIRFLOW_CTX_TRY_NUMBER='1' AIRFLOW_CTX_DAG_RUN_ID='scheduled__2023-01-01T09:00:00+00:00'
[2025-07-24T16:54:48.019+0000] {python.py:201} INFO - Done. Returned value was: None
[2025-07-24T16:54:48.042+0000] {taskinstance.py:1138} INFO - Marking task as SUCCESS. dag_id=tune_stream_dag, task_id=Stage_songs, execution_date=20230101T090000, start_date=20250724T165441, end_date=20250724T165448
[2025-07-24T16:54:48.221+0000] {local_task_job_runner.py:234} INFO - Task exited with return code 0
[2025-07-24T16:54:48.278+0000] {taskinstance.py:3280} INFO - 0 downstream tasks scheduled from follow-on schedule check
