[2025-07-24T15:26:47.404+0000] {taskinstance.py:1956} INFO - Dependencies all met for dep_context=non-requeueable deps ti=<TaskInstance: tune_stream_dag.Load_song_dim_table scheduled__2023-01-04T22:00:00+00:00 [queued]>
[2025-07-24T15:26:47.415+0000] {taskinstance.py:1956} INFO - Dependencies all met for dep_context=requeueable deps ti=<TaskInstance: tune_stream_dag.Load_song_dim_table scheduled__2023-01-04T22:00:00+00:00 [queued]>
[2025-07-24T15:26:47.416+0000] {taskinstance.py:2170} INFO - Starting attempt 1 of 4
[2025-07-24T15:26:47.433+0000] {taskinstance.py:2191} INFO - Executing <Task(PythonOperator): Load_song_dim_table> on 2023-01-04 22:00:00+00:00
[2025-07-24T15:26:47.440+0000] {standard_task_runner.py:60} INFO - Started process 230 to run task
[2025-07-24T15:26:47.445+0000] {standard_task_runner.py:87} INFO - Running: ['***', 'tasks', 'run', 'tune_stream_dag', 'Load_song_dim_table', 'scheduled__2023-01-04T22:00:00+00:00', '--job-id', '926', '--raw', '--subdir', 'DAGS_FOLDER/etl_pipeline.py', '--cfg-path', '/tmp/tmpgskx40q6']
[2025-07-24T15:26:47.449+0000] {standard_task_runner.py:88} INFO - Job 926: Subtask Load_song_dim_table
[2025-07-24T15:26:47.532+0000] {task_command.py:423} INFO - Running <TaskInstance: tune_stream_dag.Load_song_dim_table scheduled__2023-01-04T22:00:00+00:00 [running]> on host c53547d84df1
[2025-07-24T15:26:47.621+0000] {taskinstance.py:2480} INFO - Exporting env vars: AIRFLOW_CTX_DAG_OWNER='genz-legend' AIRFLOW_CTX_DAG_ID='tune_stream_dag' AIRFLOW_CTX_TASK_ID='Load_song_dim_table' AIRFLOW_CTX_EXECUTION_DATE='2023-01-04T22:00:00+00:00' AIRFLOW_CTX_TRY_NUMBER='1' AIRFLOW_CTX_DAG_RUN_ID='scheduled__2023-01-04T22:00:00+00:00'
[2025-07-24T15:26:47.634+0000] {python.py:201} INFO - Done. Returned value was: None
[2025-07-24T15:26:47.648+0000] {taskinstance.py:1138} INFO - Marking task as SUCCESS. dag_id=tune_stream_dag, task_id=Load_song_dim_table, execution_date=20230104T220000, start_date=20250724T152647, end_date=20250724T152647
[2025-07-24T15:26:47.699+0000] {local_task_job_runner.py:234} INFO - Task exited with return code 0
[2025-07-24T15:26:47.764+0000] {taskinstance.py:3280} INFO - 0 downstream tasks scheduled from follow-on schedule check
[2025-07-24T17:33:21.259+0000] {taskinstance.py:1956} INFO - Dependencies all met for dep_context=non-requeueable deps ti=<TaskInstance: tune_stream_dag.Load_song_dim_table scheduled__2023-01-04T22:00:00+00:00 [queued]>
[2025-07-24T17:33:21.350+0000] {taskinstance.py:1956} INFO - Dependencies all met for dep_context=requeueable deps ti=<TaskInstance: tune_stream_dag.Load_song_dim_table scheduled__2023-01-04T22:00:00+00:00 [queued]>
[2025-07-24T17:33:21.357+0000] {taskinstance.py:2170} INFO - Starting attempt 1 of 4
[2025-07-24T17:33:21.434+0000] {taskinstance.py:2191} INFO - Executing <Task(PythonOperator): Load_song_dim_table> on 2023-01-04 22:00:00+00:00
[2025-07-24T17:33:21.460+0000] {standard_task_runner.py:60} INFO - Started process 3393 to run task
[2025-07-24T17:33:21.465+0000] {standard_task_runner.py:87} INFO - Running: ['***', 'tasks', 'run', 'tune_stream_dag', 'Load_song_dim_table', 'scheduled__2023-01-04T22:00:00+00:00', '--job-id', '2657', '--raw', '--subdir', 'DAGS_FOLDER/etl_pipeline.py', '--cfg-path', '/tmp/tmp75qq09si']
[2025-07-24T17:33:21.481+0000] {standard_task_runner.py:88} INFO - Job 2657: Subtask Load_song_dim_table
[2025-07-24T17:33:21.716+0000] {task_command.py:423} INFO - Running <TaskInstance: tune_stream_dag.Load_song_dim_table scheduled__2023-01-04T22:00:00+00:00 [running]> on host 5def55d2a1b5
[2025-07-24T17:33:22.097+0000] {taskinstance.py:2480} INFO - Exporting env vars: AIRFLOW_CTX_DAG_OWNER='genz-legend' AIRFLOW_CTX_DAG_ID='tune_stream_dag' AIRFLOW_CTX_TASK_ID='Load_song_dim_table' AIRFLOW_CTX_EXECUTION_DATE='2023-01-04T22:00:00+00:00' AIRFLOW_CTX_TRY_NUMBER='1' AIRFLOW_CTX_DAG_RUN_ID='scheduled__2023-01-04T22:00:00+00:00'
[2025-07-24T17:33:22.184+0000] {python.py:201} INFO - Done. Returned value was: None
[2025-07-24T17:33:22.208+0000] {taskinstance.py:1138} INFO - Marking task as SUCCESS. dag_id=tune_stream_dag, task_id=Load_song_dim_table, execution_date=20230104T220000, start_date=20250724T173321, end_date=20250724T173322
[2025-07-24T17:33:22.300+0000] {local_task_job_runner.py:234} INFO - Task exited with return code 0
[2025-07-24T17:33:22.477+0000] {taskinstance.py:3280} INFO - 0 downstream tasks scheduled from follow-on schedule check
