[2025-07-24T14:29:55.375+0000] {taskinstance.py:1956} INFO - Dependencies all met for dep_context=non-requeueable deps ti=<TaskInstance: tune_stream_dag.Stage_events scheduled__2023-01-03T23:00:00+00:00 [queued]>
[2025-07-24T14:29:55.414+0000] {taskinstance.py:1956} INFO - Dependencies all met for dep_context=requeueable deps ti=<TaskInstance: tune_stream_dag.Stage_events scheduled__2023-01-03T23:00:00+00:00 [queued]>
[2025-07-24T14:29:55.416+0000] {taskinstance.py:2170} INFO - Starting attempt 1 of 4
[2025-07-24T14:29:55.484+0000] {taskinstance.py:2191} INFO - Executing <Task(PythonOperator): Stage_events> on 2023-01-03 23:00:00+00:00
[2025-07-24T14:29:55.500+0000] {standard_task_runner.py:60} INFO - Started process 882 to run task
[2025-07-24T14:29:55.518+0000] {standard_task_runner.py:87} INFO - Running: ['***', 'tasks', 'run', 'tune_stream_dag', 'Stage_events', 'scheduled__2023-01-03T23:00:00+00:00', '--job-id', '569', '--raw', '--subdir', 'DAGS_FOLDER/etl_pipeline.py', '--cfg-path', '/tmp/tmpd7zjrm4t']
[2025-07-24T14:29:55.527+0000] {standard_task_runner.py:88} INFO - Job 569: Subtask Stage_events
[2025-07-24T14:29:55.985+0000] {task_command.py:423} INFO - Running <TaskInstance: tune_stream_dag.Stage_events scheduled__2023-01-03T23:00:00+00:00 [running]> on host aea62fae55be
[2025-07-24T14:29:56.280+0000] {taskinstance.py:2480} INFO - Exporting env vars: AIRFLOW_CTX_DAG_OWNER='genz-legend' AIRFLOW_CTX_DAG_ID='tune_stream_dag' AIRFLOW_CTX_TASK_ID='Stage_events' AIRFLOW_CTX_EXECUTION_DATE='2023-01-03T23:00:00+00:00' AIRFLOW_CTX_TRY_NUMBER='1' AIRFLOW_CTX_DAG_RUN_ID='scheduled__2023-01-03T23:00:00+00:00'
[2025-07-24T14:30:03.210+0000] {python.py:201} INFO - Done. Returned value was: None
[2025-07-24T14:30:03.251+0000] {taskinstance.py:1138} INFO - Marking task as SUCCESS. dag_id=tune_stream_dag, task_id=Stage_events, execution_date=20230103T230000, start_date=20250724T142955, end_date=20250724T143003
[2025-07-24T14:30:04.648+0000] {local_task_job_runner.py:234} INFO - Task exited with return code 0
[2025-07-24T14:30:04.755+0000] {taskinstance.py:3280} INFO - 1 downstream tasks scheduled from follow-on schedule check
[2025-07-24T17:27:24.725+0000] {taskinstance.py:1956} INFO - Dependencies all met for dep_context=non-requeueable deps ti=<TaskInstance: tune_stream_dag.Stage_events scheduled__2023-01-03T23:00:00+00:00 [queued]>
[2025-07-24T17:27:24.757+0000] {taskinstance.py:1956} INFO - Dependencies all met for dep_context=requeueable deps ti=<TaskInstance: tune_stream_dag.Stage_events scheduled__2023-01-03T23:00:00+00:00 [queued]>
[2025-07-24T17:27:24.757+0000] {taskinstance.py:2170} INFO - Starting attempt 1 of 4
[2025-07-24T17:27:24.815+0000] {taskinstance.py:2191} INFO - Executing <Task(PythonOperator): Stage_events> on 2023-01-03 23:00:00+00:00
[2025-07-24T17:27:24.838+0000] {standard_task_runner.py:60} INFO - Started process 2432 to run task
[2025-07-24T17:27:24.847+0000] {standard_task_runner.py:87} INFO - Running: ['***', 'tasks', 'run', 'tune_stream_dag', 'Stage_events', 'scheduled__2023-01-03T23:00:00+00:00', '--job-id', '2361', '--raw', '--subdir', 'DAGS_FOLDER/etl_pipeline.py', '--cfg-path', '/tmp/tmp426xylsv']
[2025-07-24T17:27:24.857+0000] {standard_task_runner.py:88} INFO - Job 2361: Subtask Stage_events
[2025-07-24T17:27:25.065+0000] {task_command.py:423} INFO - Running <TaskInstance: tune_stream_dag.Stage_events scheduled__2023-01-03T23:00:00+00:00 [running]> on host 5def55d2a1b5
[2025-07-24T17:27:25.571+0000] {taskinstance.py:2480} INFO - Exporting env vars: AIRFLOW_CTX_DAG_OWNER='genz-legend' AIRFLOW_CTX_DAG_ID='tune_stream_dag' AIRFLOW_CTX_TASK_ID='Stage_events' AIRFLOW_CTX_EXECUTION_DATE='2023-01-03T23:00:00+00:00' AIRFLOW_CTX_TRY_NUMBER='1' AIRFLOW_CTX_DAG_RUN_ID='scheduled__2023-01-03T23:00:00+00:00'
[2025-07-24T17:28:02.383+0000] {python.py:201} INFO - Done. Returned value was: None
[2025-07-24T17:28:02.709+0000] {taskinstance.py:1138} INFO - Marking task as SUCCESS. dag_id=tune_stream_dag, task_id=Stage_events, execution_date=20230103T230000, start_date=20250724T172724, end_date=20250724T172802
[2025-07-24T17:28:02.898+0000] {local_task_job_runner.py:234} INFO - Task exited with return code 0
[2025-07-24T17:28:03.386+0000] {taskinstance.py:3280} INFO - 0 downstream tasks scheduled from follow-on schedule check
