[2025-07-24T15:22:35.154+0000] {taskinstance.py:1956} INFO - Dependencies all met for dep_context=non-requeueable deps ti=<TaskInstance: tune_stream_dag.Load_artist_dim_table scheduled__2023-01-05T05:00:00+00:00 [queued]>
[2025-07-24T15:22:35.168+0000] {taskinstance.py:1956} INFO - Dependencies all met for dep_context=requeueable deps ti=<TaskInstance: tune_stream_dag.Load_artist_dim_table scheduled__2023-01-05T05:00:00+00:00 [queued]>
[2025-07-24T15:22:35.169+0000] {taskinstance.py:2170} INFO - Starting attempt 1 of 4
[2025-07-24T15:22:35.418+0000] {taskinstance.py:2191} INFO - Executing <Task(PythonOperator): Load_artist_dim_table> on 2023-01-05 05:00:00+00:00
[2025-07-24T15:22:35.451+0000] {standard_task_runner.py:60} INFO - Started process 828 to run task
[2025-07-24T15:22:35.469+0000] {standard_task_runner.py:87} INFO - Running: ['***', 'tasks', 'run', 'tune_stream_dag', 'Load_artist_dim_table', 'scheduled__2023-01-05T05:00:00+00:00', '--job-id', '872', '--raw', '--subdir', 'DAGS_FOLDER/etl_pipeline.py', '--cfg-path', '/tmp/tmp4mqkl4bk']
[2025-07-24T15:22:35.475+0000] {standard_task_runner.py:88} INFO - Job 872: Subtask Load_artist_dim_table
[2025-07-24T15:22:36.320+0000] {task_command.py:423} INFO - Running <TaskInstance: tune_stream_dag.Load_artist_dim_table scheduled__2023-01-05T05:00:00+00:00 [running]> on host c53547d84df1
[2025-07-24T15:22:38.145+0000] {taskinstance.py:2480} INFO - Exporting env vars: AIRFLOW_CTX_DAG_OWNER='genz-legend' AIRFLOW_CTX_DAG_ID='tune_stream_dag' AIRFLOW_CTX_TASK_ID='Load_artist_dim_table' AIRFLOW_CTX_EXECUTION_DATE='2023-01-05T05:00:00+00:00' AIRFLOW_CTX_TRY_NUMBER='1' AIRFLOW_CTX_DAG_RUN_ID='scheduled__2023-01-05T05:00:00+00:00'
[2025-07-24T15:22:38.381+0000] {python.py:201} INFO - Done. Returned value was: None
[2025-07-24T15:22:38.439+0000] {taskinstance.py:1138} INFO - Marking task as SUCCESS. dag_id=tune_stream_dag, task_id=Load_artist_dim_table, execution_date=20230105T050000, start_date=20250724T152235, end_date=20250724T152238
[2025-07-24T15:22:38.617+0000] {local_task_job_runner.py:234} INFO - Task exited with return code 0
[2025-07-24T15:22:38.847+0000] {taskinstance.py:3280} INFO - 0 downstream tasks scheduled from follow-on schedule check
[2025-07-24T17:33:33.529+0000] {taskinstance.py:1956} INFO - Dependencies all met for dep_context=non-requeueable deps ti=<TaskInstance: tune_stream_dag.Load_artist_dim_table scheduled__2023-01-05T05:00:00+00:00 [queued]>
[2025-07-24T17:33:33.569+0000] {taskinstance.py:1956} INFO - Dependencies all met for dep_context=requeueable deps ti=<TaskInstance: tune_stream_dag.Load_artist_dim_table scheduled__2023-01-05T05:00:00+00:00 [queued]>
[2025-07-24T17:33:33.577+0000] {taskinstance.py:2170} INFO - Starting attempt 1 of 4
[2025-07-24T17:33:33.617+0000] {taskinstance.py:2191} INFO - Executing <Task(PythonOperator): Load_artist_dim_table> on 2023-01-05 05:00:00+00:00
[2025-07-24T17:33:33.638+0000] {standard_task_runner.py:60} INFO - Started process 3481 to run task
[2025-07-24T17:33:33.644+0000] {standard_task_runner.py:87} INFO - Running: ['***', 'tasks', 'run', 'tune_stream_dag', 'Load_artist_dim_table', 'scheduled__2023-01-05T05:00:00+00:00', '--job-id', '2681', '--raw', '--subdir', 'DAGS_FOLDER/etl_pipeline.py', '--cfg-path', '/tmp/tmpk365wa9s']
[2025-07-24T17:33:33.657+0000] {standard_task_runner.py:88} INFO - Job 2681: Subtask Load_artist_dim_table
[2025-07-24T17:33:33.979+0000] {task_command.py:423} INFO - Running <TaskInstance: tune_stream_dag.Load_artist_dim_table scheduled__2023-01-05T05:00:00+00:00 [running]> on host 5def55d2a1b5
[2025-07-24T17:33:34.360+0000] {taskinstance.py:2480} INFO - Exporting env vars: AIRFLOW_CTX_DAG_OWNER='genz-legend' AIRFLOW_CTX_DAG_ID='tune_stream_dag' AIRFLOW_CTX_TASK_ID='Load_artist_dim_table' AIRFLOW_CTX_EXECUTION_DATE='2023-01-05T05:00:00+00:00' AIRFLOW_CTX_TRY_NUMBER='1' AIRFLOW_CTX_DAG_RUN_ID='scheduled__2023-01-05T05:00:00+00:00'
[2025-07-24T17:33:34.448+0000] {python.py:201} INFO - Done. Returned value was: None
[2025-07-24T17:33:34.475+0000] {taskinstance.py:1138} INFO - Marking task as SUCCESS. dag_id=tune_stream_dag, task_id=Load_artist_dim_table, execution_date=20230105T050000, start_date=20250724T173333, end_date=20250724T173334
[2025-07-24T17:33:34.567+0000] {local_task_job_runner.py:234} INFO - Task exited with return code 0
[2025-07-24T17:33:34.738+0000] {taskinstance.py:3280} INFO - 0 downstream tasks scheduled from follow-on schedule check
