[2025-07-22T10:00:58.931+0000] {taskinstance.py:1956} INFO - Dependencies all met for dep_context=non-requeueable deps ti=<TaskInstance: tune_stream_dag.Stage_events scheduled__2023-01-01T01:00:00+00:00 [queued]>
[2025-07-22T10:00:59.438+0000] {taskinstance.py:1956} INFO - Dependencies all met for dep_context=requeueable deps ti=<TaskInstance: tune_stream_dag.Stage_events scheduled__2023-01-01T01:00:00+00:00 [queued]>
[2025-07-22T10:00:59.445+0000] {taskinstance.py:2170} INFO - Starting attempt 1 of 4
[2025-07-22T10:01:07.260+0000] {taskinstance.py:2191} INFO - Executing <Task(PythonOperator): Stage_events> on 2023-01-01 01:00:00+00:00
[2025-07-22T10:01:07.436+0000] {standard_task_runner.py:60} INFO - Started process 268 to run task
[2025-07-22T10:01:07.845+0000] {standard_task_runner.py:87} INFO - Running: ['***', 'tasks', 'run', 'tune_stream_dag', 'Stage_events', 'scheduled__2023-01-01T01:00:00+00:00', '--job-id', '117', '--raw', '--subdir', 'DAGS_FOLDER/etl_pipeline.py', '--cfg-path', '/tmp/tmpb6e3abj_']
[2025-07-22T10:01:08.049+0000] {standard_task_runner.py:88} INFO - Job 117: Subtask Stage_events
[2025-07-22T10:02:39.337+0000] {task_command.py:423} INFO - Running <TaskInstance: tune_stream_dag.Stage_events scheduled__2023-01-01T01:00:00+00:00 [running]> on host a2a13a541787
[2025-07-22T10:02:49.288+0000] {taskinstance.py:2480} INFO - Exporting env vars: AIRFLOW_CTX_DAG_OWNER='genz-legend' AIRFLOW_CTX_DAG_ID='tune_stream_dag' AIRFLOW_CTX_TASK_ID='Stage_events' AIRFLOW_CTX_EXECUTION_DATE='2023-01-01T01:00:00+00:00' AIRFLOW_CTX_TRY_NUMBER='1' AIRFLOW_CTX_DAG_RUN_ID='scheduled__2023-01-01T01:00:00+00:00'
[2025-07-22T10:02:50.490+0000] {taskinstance.py:2698} ERROR - Task failed with exception
Traceback (most recent call last):
  File "/home/airflow/.local/lib/python3.8/site-packages/airflow/models/taskinstance.py", line 433, in _execute_task
    result = execute_callable(context=context, **execute_callable_kwargs)
  File "/home/airflow/.local/lib/python3.8/site-packages/airflow/operators/python.py", line 199, in execute
    return_value = self.execute_callable()
  File "/home/airflow/.local/lib/python3.8/site-packages/airflow/operators/python.py", line 216, in execute_callable
    return self.python_callable(*self.op_args, **self.op_kwargs)
  File "/opt/airflow/dags/etl_pipeline.py", line 77, in stage_events
    data = json.load(f)
  File "/usr/local/lib/python3.8/json/__init__.py", line 293, in load
    return loads(fp.read(),
  File "/usr/local/lib/python3.8/json/__init__.py", line 357, in loads
    return _default_decoder.decode(s)
  File "/usr/local/lib/python3.8/json/decoder.py", line 340, in decode
    raise JSONDecodeError("Extra data", s, end)
json.decoder.JSONDecodeError: Extra data: line 2 column 1 (char 457)
[2025-07-22T10:02:50.916+0000] {taskinstance.py:1138} INFO - Marking task as UP_FOR_RETRY. dag_id=tune_stream_dag, task_id=Stage_events, execution_date=20230101T010000, start_date=20250722T100058, end_date=20250722T100250
[2025-07-22T10:02:51.785+0000] {standard_task_runner.py:107} ERROR - Failed to execute job 117 for task Stage_events (Extra data: line 2 column 1 (char 457); 268)
[2025-07-22T10:02:51.862+0000] {local_task_job_runner.py:234} INFO - Task exited with return code 1
[2025-07-22T10:02:52.002+0000] {taskinstance.py:3280} INFO - 0 downstream tasks scheduled from follow-on schedule check
[2025-07-24T15:30:30.471+0000] {taskinstance.py:1956} INFO - Dependencies all met for dep_context=non-requeueable deps ti=<TaskInstance: tune_stream_dag.Stage_events scheduled__2023-01-01T01:00:00+00:00 [queued]>
[2025-07-24T15:30:30.510+0000] {taskinstance.py:1956} INFO - Dependencies all met for dep_context=requeueable deps ti=<TaskInstance: tune_stream_dag.Stage_events scheduled__2023-01-01T01:00:00+00:00 [queued]>
[2025-07-24T15:30:30.511+0000] {taskinstance.py:2170} INFO - Starting attempt 1 of 4
[2025-07-24T15:30:30.570+0000] {taskinstance.py:2191} INFO - Executing <Task(PythonOperator): Stage_events> on 2023-01-01 01:00:00+00:00
[2025-07-24T15:30:30.695+0000] {standard_task_runner.py:60} INFO - Started process 140 to run task
[2025-07-24T15:30:30.787+0000] {standard_task_runner.py:87} INFO - Running: ['***', 'tasks', 'run', 'tune_stream_dag', 'Stage_events', 'scheduled__2023-01-01T01:00:00+00:00', '--job-id', '962', '--raw', '--subdir', 'DAGS_FOLDER/etl_pipeline.py', '--cfg-path', '/tmp/tmpycmfjuu7']
[2025-07-24T15:30:30.805+0000] {standard_task_runner.py:88} INFO - Job 962: Subtask Stage_events
[2025-07-24T15:30:31.545+0000] {task_command.py:423} INFO - Running <TaskInstance: tune_stream_dag.Stage_events scheduled__2023-01-01T01:00:00+00:00 [running]> on host c53547d84df1
[2025-07-24T15:30:32.897+0000] {taskinstance.py:2480} INFO - Exporting env vars: AIRFLOW_CTX_DAG_OWNER='genz-legend' AIRFLOW_CTX_DAG_ID='tune_stream_dag' AIRFLOW_CTX_TASK_ID='Stage_events' AIRFLOW_CTX_EXECUTION_DATE='2023-01-01T01:00:00+00:00' AIRFLOW_CTX_TRY_NUMBER='1' AIRFLOW_CTX_DAG_RUN_ID='scheduled__2023-01-01T01:00:00+00:00'
[2025-07-24T15:30:55.393+0000] {python.py:201} INFO - Done. Returned value was: None
[2025-07-24T15:30:55.460+0000] {taskinstance.py:1138} INFO - Marking task as SUCCESS. dag_id=tune_stream_dag, task_id=Stage_events, execution_date=20230101T010000, start_date=20250724T153030, end_date=20250724T153055
[2025-07-24T15:30:55.603+0000] {local_task_job_runner.py:234} INFO - Task exited with return code 0
[2025-07-24T15:30:55.802+0000] {taskinstance.py:3280} INFO - 0 downstream tasks scheduled from follow-on schedule check
[2025-07-24T16:12:18.894+0000] {taskinstance.py:1956} INFO - Dependencies all met for dep_context=non-requeueable deps ti=<TaskInstance: tune_stream_dag.Stage_events scheduled__2023-01-01T01:00:00+00:00 [queued]>
[2025-07-24T16:12:18.948+0000] {taskinstance.py:1956} INFO - Dependencies all met for dep_context=requeueable deps ti=<TaskInstance: tune_stream_dag.Stage_events scheduled__2023-01-01T01:00:00+00:00 [queued]>
[2025-07-24T16:12:18.951+0000] {taskinstance.py:2170} INFO - Starting attempt 1 of 4
[2025-07-24T16:12:19.054+0000] {taskinstance.py:2191} INFO - Executing <Task(PythonOperator): Stage_events> on 2023-01-01 01:00:00+00:00
[2025-07-24T16:12:19.117+0000] {standard_task_runner.py:60} INFO - Started process 166 to run task
[2025-07-24T16:12:19.221+0000] {standard_task_runner.py:87} INFO - Running: ['***', 'tasks', 'run', 'tune_stream_dag', 'Stage_events', 'scheduled__2023-01-01T01:00:00+00:00', '--job-id', '1363', '--raw', '--subdir', 'DAGS_FOLDER/etl_pipeline.py', '--cfg-path', '/tmp/tmpv9o4cc0x']
[2025-07-24T16:12:19.276+0000] {standard_task_runner.py:88} INFO - Job 1363: Subtask Stage_events
[2025-07-24T16:12:24.981+0000] {task_command.py:423} INFO - Running <TaskInstance: tune_stream_dag.Stage_events scheduled__2023-01-01T01:00:00+00:00 [running]> on host c53547d84df1
[2025-07-24T16:12:32.895+0000] {taskinstance.py:2480} INFO - Exporting env vars: AIRFLOW_CTX_DAG_OWNER='genz-legend' AIRFLOW_CTX_DAG_ID='tune_stream_dag' AIRFLOW_CTX_TASK_ID='Stage_events' AIRFLOW_CTX_EXECUTION_DATE='2023-01-01T01:00:00+00:00' AIRFLOW_CTX_TRY_NUMBER='1' AIRFLOW_CTX_DAG_RUN_ID='scheduled__2023-01-01T01:00:00+00:00'
[2025-07-24T16:15:33.731+0000] {python.py:201} INFO - Done. Returned value was: None
[2025-07-24T16:15:34.123+0000] {taskinstance.py:1138} INFO - Marking task as SUCCESS. dag_id=tune_stream_dag, task_id=Stage_events, execution_date=20230101T010000, start_date=20250724T161218, end_date=20250724T161534
[2025-07-24T16:15:34.432+0000] {local_task_job_runner.py:234} INFO - Task exited with return code 0
[2025-07-24T16:15:35.375+0000] {taskinstance.py:3280} INFO - 1 downstream tasks scheduled from follow-on schedule check
[2025-07-24T16:54:27.668+0000] {taskinstance.py:1956} INFO - Dependencies all met for dep_context=non-requeueable deps ti=<TaskInstance: tune_stream_dag.Stage_events scheduled__2023-01-01T01:00:00+00:00 [queued]>
[2025-07-24T16:54:27.707+0000] {taskinstance.py:1956} INFO - Dependencies all met for dep_context=requeueable deps ti=<TaskInstance: tune_stream_dag.Stage_events scheduled__2023-01-01T01:00:00+00:00 [queued]>
[2025-07-24T16:54:27.709+0000] {taskinstance.py:2170} INFO - Starting attempt 1 of 4
[2025-07-24T16:54:27.753+0000] {taskinstance.py:2191} INFO - Executing <Task(PythonOperator): Stage_events> on 2023-01-01 01:00:00+00:00
[2025-07-24T16:54:27.809+0000] {standard_task_runner.py:60} INFO - Started process 165 to run task
[2025-07-24T16:54:27.843+0000] {standard_task_runner.py:87} INFO - Running: ['***', 'tasks', 'run', 'tune_stream_dag', 'Stage_events', 'scheduled__2023-01-01T01:00:00+00:00', '--job-id', '1752', '--raw', '--subdir', 'DAGS_FOLDER/etl_pipeline.py', '--cfg-path', '/tmp/tmpdhl033r0']
[2025-07-24T16:54:27.880+0000] {standard_task_runner.py:88} INFO - Job 1752: Subtask Stage_events
[2025-07-24T16:54:28.728+0000] {task_command.py:423} INFO - Running <TaskInstance: tune_stream_dag.Stage_events scheduled__2023-01-01T01:00:00+00:00 [running]> on host 5def55d2a1b5
[2025-07-24T16:54:30.698+0000] {taskinstance.py:2480} INFO - Exporting env vars: AIRFLOW_CTX_DAG_OWNER='genz-legend' AIRFLOW_CTX_DAG_ID='tune_stream_dag' AIRFLOW_CTX_TASK_ID='Stage_events' AIRFLOW_CTX_EXECUTION_DATE='2023-01-01T01:00:00+00:00' AIRFLOW_CTX_TRY_NUMBER='1' AIRFLOW_CTX_DAG_RUN_ID='scheduled__2023-01-01T01:00:00+00:00'
[2025-07-24T16:54:52.290+0000] {python.py:201} INFO - Done. Returned value was: None
[2025-07-24T16:54:52.338+0000] {taskinstance.py:1138} INFO - Marking task as SUCCESS. dag_id=tune_stream_dag, task_id=Stage_events, execution_date=20230101T010000, start_date=20250724T165427, end_date=20250724T165452
[2025-07-24T16:54:53.109+0000] {local_task_job_runner.py:234} INFO - Task exited with return code 0
[2025-07-24T16:54:53.189+0000] {taskinstance.py:3280} INFO - 1 downstream tasks scheduled from follow-on schedule check
