[2025-07-22T10:18:15.837+0000] {taskinstance.py:1956} INFO - Dependencies all met for dep_context=non-requeueable deps ti=<TaskInstance: tune_stream_dag.Stage_events scheduled__2023-01-01T01:00:00+00:00 [queued]>
[2025-07-22T10:18:15.869+0000] {taskinstance.py:1956} INFO - Dependencies all met for dep_context=requeueable deps ti=<TaskInstance: tune_stream_dag.Stage_events scheduled__2023-01-01T01:00:00+00:00 [queued]>
[2025-07-22T10:18:15.872+0000] {taskinstance.py:2170} INFO - Starting attempt 4 of 4
[2025-07-22T10:18:15.893+0000] {taskinstance.py:2191} INFO - Executing <Task(PythonOperator): Stage_events> on 2023-01-01 01:00:00+00:00
[2025-07-22T10:18:15.917+0000] {standard_task_runner.py:60} INFO - Started process 661 to run task
[2025-07-22T10:18:15.922+0000] {standard_task_runner.py:87} INFO - Running: ['***', 'tasks', 'run', 'tune_stream_dag', 'Stage_events', 'scheduled__2023-01-01T01:00:00+00:00', '--job-id', '172', '--raw', '--subdir', 'DAGS_FOLDER/etl_pipeline.py', '--cfg-path', '/tmp/tmpviv8b_r8']
[2025-07-22T10:18:15.930+0000] {standard_task_runner.py:88} INFO - Job 172: Subtask Stage_events
[2025-07-22T10:18:16.079+0000] {task_command.py:423} INFO - Running <TaskInstance: tune_stream_dag.Stage_events scheduled__2023-01-01T01:00:00+00:00 [running]> on host a2a13a541787
[2025-07-22T10:18:16.189+0000] {taskinstance.py:2480} INFO - Exporting env vars: AIRFLOW_CTX_DAG_OWNER='genz-legend' AIRFLOW_CTX_DAG_ID='tune_stream_dag' AIRFLOW_CTX_TASK_ID='Stage_events' AIRFLOW_CTX_EXECUTION_DATE='2023-01-01T01:00:00+00:00' AIRFLOW_CTX_TRY_NUMBER='4' AIRFLOW_CTX_DAG_RUN_ID='scheduled__2023-01-01T01:00:00+00:00'
[2025-07-22T10:18:16.206+0000] {taskinstance.py:2698} ERROR - Task failed with exception
Traceback (most recent call last):
  File "/home/airflow/.local/lib/python3.8/site-packages/airflow/models/taskinstance.py", line 433, in _execute_task
    result = execute_callable(context=context, **execute_callable_kwargs)
  File "/home/airflow/.local/lib/python3.8/site-packages/airflow/operators/python.py", line 199, in execute
    return_value = self.execute_callable()
  File "/home/airflow/.local/lib/python3.8/site-packages/airflow/operators/python.py", line 216, in execute_callable
    return self.python_callable(*self.op_args, **self.op_kwargs)
  File "/opt/airflow/dags/etl_pipeline.py", line 77, in stage_events
    data = json.load(f)
  File "/usr/local/lib/python3.8/json/__init__.py", line 293, in load
    return loads(fp.read(),
  File "/usr/local/lib/python3.8/json/__init__.py", line 357, in loads
    return _default_decoder.decode(s)
  File "/usr/local/lib/python3.8/json/decoder.py", line 340, in decode
    raise JSONDecodeError("Extra data", s, end)
json.decoder.JSONDecodeError: Extra data: line 2 column 1 (char 457)
[2025-07-22T10:18:16.223+0000] {taskinstance.py:1138} INFO - Marking task as FAILED. dag_id=tune_stream_dag, task_id=Stage_events, execution_date=20230101T010000, start_date=20250722T101815, end_date=20250722T101816
[2025-07-22T10:18:16.238+0000] {standard_task_runner.py:107} ERROR - Failed to execute job 172 for task Stage_events (Extra data: line 2 column 1 (char 457); 661)
[2025-07-22T10:18:16.262+0000] {local_task_job_runner.py:234} INFO - Task exited with return code 1
[2025-07-22T10:18:16.297+0000] {taskinstance.py:3280} INFO - 0 downstream tasks scheduled from follow-on schedule check
