[2025-07-24T15:59:27.995+0000] {taskinstance.py:1956} INFO - Dependencies all met for dep_context=non-requeueable deps ti=<TaskInstance: tune_stream_dag.Load_song_dim_table scheduled__2023-01-02T02:00:00+00:00 [queued]>
[2025-07-24T15:59:28.011+0000] {taskinstance.py:1956} INFO - Dependencies all met for dep_context=requeueable deps ti=<TaskInstance: tune_stream_dag.Load_song_dim_table scheduled__2023-01-02T02:00:00+00:00 [queued]>
[2025-07-24T15:59:28.012+0000] {taskinstance.py:2170} INFO - Starting attempt 1 of 4
[2025-07-24T15:59:28.032+0000] {taskinstance.py:2191} INFO - Executing <Task(PythonOperator): Load_song_dim_table> on 2023-01-02 02:00:00+00:00
[2025-07-24T15:59:28.040+0000] {standard_task_runner.py:60} INFO - Started process 1409 to run task
[2025-07-24T15:59:28.046+0000] {standard_task_runner.py:87} INFO - Running: ['***', 'tasks', 'run', 'tune_stream_dag', 'Load_song_dim_table', 'scheduled__2023-01-02T02:00:00+00:00', '--job-id', '1251', '--raw', '--subdir', 'DAGS_FOLDER/etl_pipeline.py', '--cfg-path', '/tmp/tmprojyxiru']
[2025-07-24T15:59:28.053+0000] {standard_task_runner.py:88} INFO - Job 1251: Subtask Load_song_dim_table
[2025-07-24T15:59:28.132+0000] {task_command.py:423} INFO - Running <TaskInstance: tune_stream_dag.Load_song_dim_table scheduled__2023-01-02T02:00:00+00:00 [running]> on host c53547d84df1
[2025-07-24T15:59:28.221+0000] {taskinstance.py:2480} INFO - Exporting env vars: AIRFLOW_CTX_DAG_OWNER='genz-legend' AIRFLOW_CTX_DAG_ID='tune_stream_dag' AIRFLOW_CTX_TASK_ID='Load_song_dim_table' AIRFLOW_CTX_EXECUTION_DATE='2023-01-02T02:00:00+00:00' AIRFLOW_CTX_TRY_NUMBER='1' AIRFLOW_CTX_DAG_RUN_ID='scheduled__2023-01-02T02:00:00+00:00'
[2025-07-24T15:59:28.245+0000] {python.py:201} INFO - Done. Returned value was: None
[2025-07-24T15:59:28.258+0000] {taskinstance.py:1138} INFO - Marking task as SUCCESS. dag_id=tune_stream_dag, task_id=Load_song_dim_table, execution_date=20230102T020000, start_date=20250724T155927, end_date=20250724T155928
[2025-07-24T15:59:28.299+0000] {local_task_job_runner.py:234} INFO - Task exited with return code 0
[2025-07-24T15:59:28.562+0000] {taskinstance.py:3280} INFO - 0 downstream tasks scheduled from follow-on schedule check
[2025-07-24T16:35:08.148+0000] {taskinstance.py:1956} INFO - Dependencies all met for dep_context=non-requeueable deps ti=<TaskInstance: tune_stream_dag.Load_song_dim_table scheduled__2023-01-02T02:00:00+00:00 [queued]>
[2025-07-24T16:35:08.199+0000] {taskinstance.py:1956} INFO - Dependencies all met for dep_context=requeueable deps ti=<TaskInstance: tune_stream_dag.Load_song_dim_table scheduled__2023-01-02T02:00:00+00:00 [queued]>
[2025-07-24T16:35:08.281+0000] {taskinstance.py:2170} INFO - Starting attempt 1 of 4
[2025-07-24T16:35:08.795+0000] {taskinstance.py:2191} INFO - Executing <Task(PythonOperator): Load_song_dim_table> on 2023-01-02 02:00:00+00:00
[2025-07-24T16:35:08.819+0000] {standard_task_runner.py:60} INFO - Started process 1355 to run task
[2025-07-24T16:35:08.826+0000] {standard_task_runner.py:87} INFO - Running: ['***', 'tasks', 'run', 'tune_stream_dag', 'Load_song_dim_table', 'scheduled__2023-01-02T02:00:00+00:00', '--job-id', '1655', '--raw', '--subdir', 'DAGS_FOLDER/etl_pipeline.py', '--cfg-path', '/tmp/tmpn082nevj']
[2025-07-24T16:35:08.833+0000] {standard_task_runner.py:88} INFO - Job 1655: Subtask Load_song_dim_table
[2025-07-24T16:35:09.099+0000] {task_command.py:423} INFO - Running <TaskInstance: tune_stream_dag.Load_song_dim_table scheduled__2023-01-02T02:00:00+00:00 [running]> on host c53547d84df1
[2025-07-24T16:35:09.641+0000] {taskinstance.py:2480} INFO - Exporting env vars: AIRFLOW_CTX_DAG_OWNER='genz-legend' AIRFLOW_CTX_DAG_ID='tune_stream_dag' AIRFLOW_CTX_TASK_ID='Load_song_dim_table' AIRFLOW_CTX_EXECUTION_DATE='2023-01-02T02:00:00+00:00' AIRFLOW_CTX_TRY_NUMBER='1' AIRFLOW_CTX_DAG_RUN_ID='scheduled__2023-01-02T02:00:00+00:00'
[2025-07-24T16:35:09.760+0000] {python.py:201} INFO - Done. Returned value was: None
[2025-07-24T16:35:09.808+0000] {taskinstance.py:1138} INFO - Marking task as SUCCESS. dag_id=tune_stream_dag, task_id=Load_song_dim_table, execution_date=20230102T020000, start_date=20250724T163508, end_date=20250724T163509
[2025-07-24T16:35:09.944+0000] {local_task_job_runner.py:234} INFO - Task exited with return code 0
[2025-07-24T16:35:10.132+0000] {taskinstance.py:3280} INFO - 0 downstream tasks scheduled from follow-on schedule check
[2025-07-24T17:14:06.139+0000] {taskinstance.py:1956} INFO - Dependencies all met for dep_context=non-requeueable deps ti=<TaskInstance: tune_stream_dag.Load_song_dim_table scheduled__2023-01-02T02:00:00+00:00 [queued]>
[2025-07-24T17:14:06.209+0000] {taskinstance.py:1956} INFO - Dependencies all met for dep_context=requeueable deps ti=<TaskInstance: tune_stream_dag.Load_song_dim_table scheduled__2023-01-02T02:00:00+00:00 [queued]>
[2025-07-24T17:14:06.210+0000] {taskinstance.py:2170} INFO - Starting attempt 1 of 4
[2025-07-24T17:14:06.803+0000] {taskinstance.py:2191} INFO - Executing <Task(PythonOperator): Load_song_dim_table> on 2023-01-02 02:00:00+00:00
[2025-07-24T17:14:06.940+0000] {standard_task_runner.py:60} INFO - Started process 1345 to run task
[2025-07-24T17:14:06.958+0000] {standard_task_runner.py:87} INFO - Running: ['***', 'tasks', 'run', 'tune_stream_dag', 'Load_song_dim_table', 'scheduled__2023-01-02T02:00:00+00:00', '--job-id', '2052', '--raw', '--subdir', 'DAGS_FOLDER/etl_pipeline.py', '--cfg-path', '/tmp/tmp7k2fa34z']
[2025-07-24T17:14:07.052+0000] {standard_task_runner.py:88} INFO - Job 2052: Subtask Load_song_dim_table
[2025-07-24T17:14:07.558+0000] {task_command.py:423} INFO - Running <TaskInstance: tune_stream_dag.Load_song_dim_table scheduled__2023-01-02T02:00:00+00:00 [running]> on host 5def55d2a1b5
[2025-07-24T17:14:07.689+0000] {taskinstance.py:2480} INFO - Exporting env vars: AIRFLOW_CTX_DAG_OWNER='genz-legend' AIRFLOW_CTX_DAG_ID='tune_stream_dag' AIRFLOW_CTX_TASK_ID='Load_song_dim_table' AIRFLOW_CTX_EXECUTION_DATE='2023-01-02T02:00:00+00:00' AIRFLOW_CTX_TRY_NUMBER='1' AIRFLOW_CTX_DAG_RUN_ID='scheduled__2023-01-02T02:00:00+00:00'
[2025-07-24T17:14:07.823+0000] {python.py:201} INFO - Done. Returned value was: None
[2025-07-24T17:14:07.862+0000] {taskinstance.py:1138} INFO - Marking task as SUCCESS. dag_id=tune_stream_dag, task_id=Load_song_dim_table, execution_date=20230102T020000, start_date=20250724T171406, end_date=20250724T171407
[2025-07-24T17:14:07.965+0000] {local_task_job_runner.py:234} INFO - Task exited with return code 0
[2025-07-24T17:14:08.076+0000] {taskinstance.py:3280} INFO - 0 downstream tasks scheduled from follow-on schedule check
