[2025-07-24T15:21:29.898+0000] {taskinstance.py:1956} INFO - Dependencies all met for dep_context=non-requeueable deps ti=<TaskInstance: tune_stream_dag.Load_songplays_fact_table scheduled__2023-01-05T02:00:00+00:00 [queued]>
[2025-07-24T15:21:29.906+0000] {taskinstance.py:1956} INFO - Dependencies all met for dep_context=requeueable deps ti=<TaskInstance: tune_stream_dag.Load_songplays_fact_table scheduled__2023-01-05T02:00:00+00:00 [queued]>
[2025-07-24T15:21:29.907+0000] {taskinstance.py:2170} INFO - Starting attempt 1 of 4
[2025-07-24T15:21:30.967+0000] {taskinstance.py:2191} INFO - Executing <Task(PythonOperator): Load_songplays_fact_table> on 2023-01-05 02:00:00+00:00
[2025-07-24T15:21:30.982+0000] {standard_task_runner.py:60} INFO - Started process 747 to run task
[2025-07-24T15:21:30.989+0000] {standard_task_runner.py:87} INFO - Running: ['***', 'tasks', 'run', 'tune_stream_dag', 'Load_songplays_fact_table', 'scheduled__2023-01-05T02:00:00+00:00', '--job-id', '849', '--raw', '--subdir', 'DAGS_FOLDER/etl_pipeline.py', '--cfg-path', '/tmp/tmprwsmb72k']
[2025-07-24T15:21:30.993+0000] {standard_task_runner.py:88} INFO - Job 849: Subtask Load_songplays_fact_table
[2025-07-24T15:21:32.497+0000] {task_command.py:423} INFO - Running <TaskInstance: tune_stream_dag.Load_songplays_fact_table scheduled__2023-01-05T02:00:00+00:00 [running]> on host c53547d84df1
[2025-07-24T15:21:33.705+0000] {taskinstance.py:2480} INFO - Exporting env vars: AIRFLOW_CTX_DAG_OWNER='genz-legend' AIRFLOW_CTX_DAG_ID='tune_stream_dag' AIRFLOW_CTX_TASK_ID='Load_songplays_fact_table' AIRFLOW_CTX_EXECUTION_DATE='2023-01-05T02:00:00+00:00' AIRFLOW_CTX_TRY_NUMBER='1' AIRFLOW_CTX_DAG_RUN_ID='scheduled__2023-01-05T02:00:00+00:00'
[2025-07-24T15:21:33.810+0000] {taskinstance.py:2698} ERROR - Task failed with exception
Traceback (most recent call last):
  File "/home/airflow/.local/lib/python3.8/site-packages/airflow/models/taskinstance.py", line 433, in _execute_task
    result = execute_callable(context=context, **execute_callable_kwargs)
  File "/home/airflow/.local/lib/python3.8/site-packages/airflow/operators/python.py", line 199, in execute
    return_value = self.execute_callable()
  File "/home/airflow/.local/lib/python3.8/site-packages/airflow/operators/python.py", line 216, in execute_callable
    return self.python_callable(*self.op_args, **self.op_kwargs)
  File "/opt/airflow/dags/etl_pipeline.py", line 173, in <lambda>
    python_callable=lambda: load_table(SqlQueries.songplay_table_insert, 'songplays'),
  File "/opt/airflow/dags/etl_pipeline.py", line 132, in load_table
    cur.execute(f"INSERT INTO {table} {query}")
psycopg2.errors.UniqueViolation: duplicate key value violates unique constraint "songplays_pkey"
DETAIL:  Key (playid)=(616d8be02d725bda0147ffd6c35050d8) already exists.

[2025-07-24T15:21:33.823+0000] {taskinstance.py:1138} INFO - Marking task as UP_FOR_RETRY. dag_id=tune_stream_dag, task_id=Load_songplays_fact_table, execution_date=20230105T020000, start_date=20250724T152129, end_date=20250724T152133
[2025-07-24T15:21:34.068+0000] {standard_task_runner.py:107} ERROR - Failed to execute job 849 for task Load_songplays_fact_table (duplicate key value violates unique constraint "songplays_pkey"
DETAIL:  Key (playid)=(616d8be02d725bda0147ffd6c35050d8) already exists.
; 747)
[2025-07-24T15:21:34.094+0000] {local_task_job_runner.py:234} INFO - Task exited with return code 1
[2025-07-24T15:22:00.904+0000] {taskinstance.py:3280} INFO - 0 downstream tasks scheduled from follow-on schedule check
[2025-07-24T17:32:35.447+0000] {taskinstance.py:1956} INFO - Dependencies all met for dep_context=non-requeueable deps ti=<TaskInstance: tune_stream_dag.Load_songplays_fact_table scheduled__2023-01-05T02:00:00+00:00 [queued]>
[2025-07-24T17:32:35.462+0000] {taskinstance.py:1956} INFO - Dependencies all met for dep_context=requeueable deps ti=<TaskInstance: tune_stream_dag.Load_songplays_fact_table scheduled__2023-01-05T02:00:00+00:00 [queued]>
[2025-07-24T17:32:35.463+0000] {taskinstance.py:2170} INFO - Starting attempt 1 of 4
[2025-07-24T17:32:36.124+0000] {taskinstance.py:2191} INFO - Executing <Task(PythonOperator): Load_songplays_fact_table> on 2023-01-05 02:00:00+00:00
[2025-07-24T17:32:36.144+0000] {standard_task_runner.py:60} INFO - Started process 3312 to run task
[2025-07-24T17:32:36.151+0000] {standard_task_runner.py:87} INFO - Running: ['***', 'tasks', 'run', 'tune_stream_dag', 'Load_songplays_fact_table', 'scheduled__2023-01-05T02:00:00+00:00', '--job-id', '2635', '--raw', '--subdir', 'DAGS_FOLDER/etl_pipeline.py', '--cfg-path', '/tmp/tmp2va31odk']
[2025-07-24T17:32:36.156+0000] {standard_task_runner.py:88} INFO - Job 2635: Subtask Load_songplays_fact_table
[2025-07-24T17:32:37.212+0000] {task_command.py:423} INFO - Running <TaskInstance: tune_stream_dag.Load_songplays_fact_table scheduled__2023-01-05T02:00:00+00:00 [running]> on host 5def55d2a1b5
[2025-07-24T17:32:37.450+0000] {taskinstance.py:2480} INFO - Exporting env vars: AIRFLOW_CTX_DAG_OWNER='genz-legend' AIRFLOW_CTX_DAG_ID='tune_stream_dag' AIRFLOW_CTX_TASK_ID='Load_songplays_fact_table' AIRFLOW_CTX_EXECUTION_DATE='2023-01-05T02:00:00+00:00' AIRFLOW_CTX_TRY_NUMBER='1' AIRFLOW_CTX_DAG_RUN_ID='scheduled__2023-01-05T02:00:00+00:00'
[2025-07-24T17:33:12.506+0000] {python.py:201} INFO - Done. Returned value was: None
[2025-07-24T17:33:12.538+0000] {taskinstance.py:1138} INFO - Marking task as SUCCESS. dag_id=tune_stream_dag, task_id=Load_songplays_fact_table, execution_date=20230105T020000, start_date=20250724T173235, end_date=20250724T173312
[2025-07-24T17:33:13.051+0000] {local_task_job_runner.py:234} INFO - Task exited with return code 0
[2025-07-24T17:33:13.094+0000] {taskinstance.py:3280} INFO - 4 downstream tasks scheduled from follow-on schedule check
