[2025-07-24T15:22:34.339+0000] {taskinstance.py:1956} INFO - Dependencies all met for dep_context=non-requeueable deps ti=<TaskInstance: tune_stream_dag.Load_songplays_fact_table scheduled__2023-01-05T08:00:00+00:00 [queued]>
[2025-07-24T15:22:34.357+0000] {taskinstance.py:1956} INFO - Dependencies all met for dep_context=requeueable deps ti=<TaskInstance: tune_stream_dag.Load_songplays_fact_table scheduled__2023-01-05T08:00:00+00:00 [queued]>
[2025-07-24T15:22:34.359+0000] {taskinstance.py:2170} INFO - Starting attempt 1 of 4
[2025-07-24T15:22:34.429+0000] {taskinstance.py:2191} INFO - Executing <Task(PythonOperator): Load_songplays_fact_table> on 2023-01-05 08:00:00+00:00
[2025-07-24T15:22:34.443+0000] {standard_task_runner.py:60} INFO - Started process 823 to run task
[2025-07-24T15:22:34.452+0000] {standard_task_runner.py:87} INFO - Running: ['***', 'tasks', 'run', 'tune_stream_dag', 'Load_songplays_fact_table', 'scheduled__2023-01-05T08:00:00+00:00', '--job-id', '871', '--raw', '--subdir', 'DAGS_FOLDER/etl_pipeline.py', '--cfg-path', '/tmp/tmpnqei35n3']
[2025-07-24T15:22:34.460+0000] {standard_task_runner.py:88} INFO - Job 871: Subtask Load_songplays_fact_table
[2025-07-24T15:22:34.584+0000] {task_command.py:423} INFO - Running <TaskInstance: tune_stream_dag.Load_songplays_fact_table scheduled__2023-01-05T08:00:00+00:00 [running]> on host c53547d84df1
[2025-07-24T15:22:35.047+0000] {taskinstance.py:2480} INFO - Exporting env vars: AIRFLOW_CTX_DAG_OWNER='genz-legend' AIRFLOW_CTX_DAG_ID='tune_stream_dag' AIRFLOW_CTX_TASK_ID='Load_songplays_fact_table' AIRFLOW_CTX_EXECUTION_DATE='2023-01-05T08:00:00+00:00' AIRFLOW_CTX_TRY_NUMBER='1' AIRFLOW_CTX_DAG_RUN_ID='scheduled__2023-01-05T08:00:00+00:00'
[2025-07-24T15:22:35.353+0000] {python.py:201} INFO - Done. Returned value was: None
[2025-07-24T15:22:35.384+0000] {taskinstance.py:1138} INFO - Marking task as SUCCESS. dag_id=tune_stream_dag, task_id=Load_songplays_fact_table, execution_date=20230105T080000, start_date=20250724T152234, end_date=20250724T152235
[2025-07-24T15:22:35.941+0000] {local_task_job_runner.py:234} INFO - Task exited with return code 0
[2025-07-24T15:22:36.012+0000] {taskinstance.py:3280} INFO - 4 downstream tasks scheduled from follow-on schedule check
[2025-07-24T17:33:06.855+0000] {taskinstance.py:1956} INFO - Dependencies all met for dep_context=non-requeueable deps ti=<TaskInstance: tune_stream_dag.Load_songplays_fact_table scheduled__2023-01-05T08:00:00+00:00 [queued]>
[2025-07-24T17:33:06.876+0000] {taskinstance.py:1956} INFO - Dependencies all met for dep_context=requeueable deps ti=<TaskInstance: tune_stream_dag.Load_songplays_fact_table scheduled__2023-01-05T08:00:00+00:00 [queued]>
[2025-07-24T17:33:06.879+0000] {taskinstance.py:2170} INFO - Starting attempt 1 of 4
[2025-07-24T17:33:06.909+0000] {taskinstance.py:2191} INFO - Executing <Task(PythonOperator): Load_songplays_fact_table> on 2023-01-05 08:00:00+00:00
[2025-07-24T17:33:06.921+0000] {standard_task_runner.py:60} INFO - Started process 3328 to run task
[2025-07-24T17:33:06.930+0000] {standard_task_runner.py:87} INFO - Running: ['***', 'tasks', 'run', 'tune_stream_dag', 'Load_songplays_fact_table', 'scheduled__2023-01-05T08:00:00+00:00', '--job-id', '2640', '--raw', '--subdir', 'DAGS_FOLDER/etl_pipeline.py', '--cfg-path', '/tmp/tmp8jpvwsri']
[2025-07-24T17:33:06.940+0000] {standard_task_runner.py:88} INFO - Job 2640: Subtask Load_songplays_fact_table
[2025-07-24T17:33:07.161+0000] {task_command.py:423} INFO - Running <TaskInstance: tune_stream_dag.Load_songplays_fact_table scheduled__2023-01-05T08:00:00+00:00 [running]> on host 5def55d2a1b5
[2025-07-24T17:33:07.297+0000] {taskinstance.py:2480} INFO - Exporting env vars: AIRFLOW_CTX_DAG_OWNER='genz-legend' AIRFLOW_CTX_DAG_ID='tune_stream_dag' AIRFLOW_CTX_TASK_ID='Load_songplays_fact_table' AIRFLOW_CTX_EXECUTION_DATE='2023-01-05T08:00:00+00:00' AIRFLOW_CTX_TRY_NUMBER='1' AIRFLOW_CTX_DAG_RUN_ID='scheduled__2023-01-05T08:00:00+00:00'
[2025-07-24T17:33:13.791+0000] {python.py:201} INFO - Done. Returned value was: None
[2025-07-24T17:33:13.833+0000] {taskinstance.py:1138} INFO - Marking task as SUCCESS. dag_id=tune_stream_dag, task_id=Load_songplays_fact_table, execution_date=20230105T080000, start_date=20250724T173306, end_date=20250724T173313
[2025-07-24T17:33:14.152+0000] {local_task_job_runner.py:234} INFO - Task exited with return code 0
[2025-07-24T17:33:14.260+0000] {taskinstance.py:3280} INFO - 4 downstream tasks scheduled from follow-on schedule check
