[2025-07-24T15:26:37.542+0000] {taskinstance.py:1956} INFO - Dependencies all met for dep_context=non-requeueable deps ti=<TaskInstance: tune_stream_dag.Load_artist_dim_table scheduled__2023-01-04T23:00:00+00:00 [queued]>
[2025-07-24T15:26:37.553+0000] {taskinstance.py:1956} INFO - Dependencies all met for dep_context=requeueable deps ti=<TaskInstance: tune_stream_dag.Load_artist_dim_table scheduled__2023-01-04T23:00:00+00:00 [queued]>
[2025-07-24T15:26:37.554+0000] {taskinstance.py:2170} INFO - Starting attempt 1 of 4
[2025-07-24T15:26:37.570+0000] {taskinstance.py:2191} INFO - Executing <Task(PythonOperator): Load_artist_dim_table> on 2023-01-04 23:00:00+00:00
[2025-07-24T15:26:37.579+0000] {standard_task_runner.py:60} INFO - Started process 195 to run task
[2025-07-24T15:26:37.584+0000] {standard_task_runner.py:87} INFO - Running: ['***', 'tasks', 'run', 'tune_stream_dag', 'Load_artist_dim_table', 'scheduled__2023-01-04T23:00:00+00:00', '--job-id', '913', '--raw', '--subdir', 'DAGS_FOLDER/etl_pipeline.py', '--cfg-path', '/tmp/tmpectjrydw']
[2025-07-24T15:26:37.588+0000] {standard_task_runner.py:88} INFO - Job 913: Subtask Load_artist_dim_table
[2025-07-24T15:26:37.690+0000] {task_command.py:423} INFO - Running <TaskInstance: tune_stream_dag.Load_artist_dim_table scheduled__2023-01-04T23:00:00+00:00 [running]> on host c53547d84df1
[2025-07-24T15:26:37.806+0000] {taskinstance.py:2480} INFO - Exporting env vars: AIRFLOW_CTX_DAG_OWNER='genz-legend' AIRFLOW_CTX_DAG_ID='tune_stream_dag' AIRFLOW_CTX_TASK_ID='Load_artist_dim_table' AIRFLOW_CTX_EXECUTION_DATE='2023-01-04T23:00:00+00:00' AIRFLOW_CTX_TRY_NUMBER='1' AIRFLOW_CTX_DAG_RUN_ID='scheduled__2023-01-04T23:00:00+00:00'
[2025-07-24T15:26:37.818+0000] {python.py:201} INFO - Done. Returned value was: None
[2025-07-24T15:26:37.830+0000] {taskinstance.py:1138} INFO - Marking task as SUCCESS. dag_id=tune_stream_dag, task_id=Load_artist_dim_table, execution_date=20230104T230000, start_date=20250724T152637, end_date=20250724T152637
[2025-07-24T15:26:37.878+0000] {local_task_job_runner.py:234} INFO - Task exited with return code 0
[2025-07-24T15:26:37.947+0000] {taskinstance.py:3280} INFO - 0 downstream tasks scheduled from follow-on schedule check
[2025-07-24T17:33:24.956+0000] {taskinstance.py:1956} INFO - Dependencies all met for dep_context=non-requeueable deps ti=<TaskInstance: tune_stream_dag.Load_artist_dim_table scheduled__2023-01-04T23:00:00+00:00 [queued]>
[2025-07-24T17:33:24.985+0000] {taskinstance.py:1956} INFO - Dependencies all met for dep_context=requeueable deps ti=<TaskInstance: tune_stream_dag.Load_artist_dim_table scheduled__2023-01-04T23:00:00+00:00 [queued]>
[2025-07-24T17:33:24.986+0000] {taskinstance.py:2170} INFO - Starting attempt 1 of 4
[2025-07-24T17:33:25.079+0000] {taskinstance.py:2191} INFO - Executing <Task(PythonOperator): Load_artist_dim_table> on 2023-01-04 23:00:00+00:00
[2025-07-24T17:33:25.098+0000] {standard_task_runner.py:60} INFO - Started process 3417 to run task
[2025-07-24T17:33:25.105+0000] {standard_task_runner.py:87} INFO - Running: ['***', 'tasks', 'run', 'tune_stream_dag', 'Load_artist_dim_table', 'scheduled__2023-01-04T23:00:00+00:00', '--job-id', '2662', '--raw', '--subdir', 'DAGS_FOLDER/etl_pipeline.py', '--cfg-path', '/tmp/tmp45mwacsi']
[2025-07-24T17:33:25.119+0000] {standard_task_runner.py:88} INFO - Job 2662: Subtask Load_artist_dim_table
[2025-07-24T17:33:25.431+0000] {task_command.py:423} INFO - Running <TaskInstance: tune_stream_dag.Load_artist_dim_table scheduled__2023-01-04T23:00:00+00:00 [running]> on host 5def55d2a1b5
[2025-07-24T17:33:25.974+0000] {taskinstance.py:2480} INFO - Exporting env vars: AIRFLOW_CTX_DAG_OWNER='genz-legend' AIRFLOW_CTX_DAG_ID='tune_stream_dag' AIRFLOW_CTX_TASK_ID='Load_artist_dim_table' AIRFLOW_CTX_EXECUTION_DATE='2023-01-04T23:00:00+00:00' AIRFLOW_CTX_TRY_NUMBER='1' AIRFLOW_CTX_DAG_RUN_ID='scheduled__2023-01-04T23:00:00+00:00'
[2025-07-24T17:33:26.133+0000] {python.py:201} INFO - Done. Returned value was: None
[2025-07-24T17:33:26.163+0000] {taskinstance.py:1138} INFO - Marking task as SUCCESS. dag_id=tune_stream_dag, task_id=Load_artist_dim_table, execution_date=20230104T230000, start_date=20250724T173324, end_date=20250724T173326
[2025-07-24T17:33:26.314+0000] {local_task_job_runner.py:234} INFO - Task exited with return code 0
[2025-07-24T17:33:26.384+0000] {taskinstance.py:3280} INFO - 0 downstream tasks scheduled from follow-on schedule check
