[2025-07-22T10:20:46.764+0000] {taskinstance.py:1956} INFO - Dependencies all met for dep_context=non-requeueable deps ti=<TaskInstance: tune_stream_dag.Stage_events scheduled__2023-01-02T02:00:00+00:00 [queued]>
[2025-07-22T10:20:46.786+0000] {taskinstance.py:1956} INFO - Dependencies all met for dep_context=requeueable deps ti=<TaskInstance: tune_stream_dag.Stage_events scheduled__2023-01-02T02:00:00+00:00 [queued]>
[2025-07-22T10:20:46.788+0000] {taskinstance.py:2170} INFO - Starting attempt 1 of 4
[2025-07-22T10:20:46.821+0000] {taskinstance.py:2191} INFO - Executing <Task(PythonOperator): Stage_events> on 2023-01-02 02:00:00+00:00
[2025-07-22T10:20:46.859+0000] {standard_task_runner.py:60} INFO - Started process 150 to run task
[2025-07-22T10:20:46.875+0000] {standard_task_runner.py:87} INFO - Running: ['***', 'tasks', 'run', 'tune_stream_dag', 'Stage_events', 'scheduled__2023-01-02T02:00:00+00:00', '--job-id', '215', '--raw', '--subdir', 'DAGS_FOLDER/etl_pipeline.py', '--cfg-path', '/tmp/tmpi3g031ke']
[2025-07-22T10:20:46.885+0000] {standard_task_runner.py:88} INFO - Job 215: Subtask Stage_events
[2025-07-22T10:20:47.077+0000] {task_command.py:423} INFO - Running <TaskInstance: tune_stream_dag.Stage_events scheduled__2023-01-02T02:00:00+00:00 [running]> on host a2a13a541787
[2025-07-22T10:20:47.268+0000] {taskinstance.py:2480} INFO - Exporting env vars: AIRFLOW_CTX_DAG_OWNER='genz-legend' AIRFLOW_CTX_DAG_ID='tune_stream_dag' AIRFLOW_CTX_TASK_ID='Stage_events' AIRFLOW_CTX_EXECUTION_DATE='2023-01-02T02:00:00+00:00' AIRFLOW_CTX_TRY_NUMBER='1' AIRFLOW_CTX_DAG_RUN_ID='scheduled__2023-01-02T02:00:00+00:00'
[2025-07-22T10:20:47.331+0000] {taskinstance.py:2698} ERROR - Task failed with exception
Traceback (most recent call last):
  File "/home/airflow/.local/lib/python3.8/site-packages/airflow/models/taskinstance.py", line 433, in _execute_task
    result = execute_callable(context=context, **execute_callable_kwargs)
  File "/home/airflow/.local/lib/python3.8/site-packages/airflow/operators/python.py", line 199, in execute
    return_value = self.execute_callable()
  File "/home/airflow/.local/lib/python3.8/site-packages/airflow/operators/python.py", line 216, in execute_callable
    return self.python_callable(*self.op_args, **self.op_kwargs)
  File "/opt/airflow/dags/etl_pipeline.py", line 77, in stage_events
    data = json.load(f)
  File "/usr/local/lib/python3.8/json/__init__.py", line 293, in load
    return loads(fp.read(),
  File "/usr/local/lib/python3.8/json/__init__.py", line 357, in loads
    return _default_decoder.decode(s)
  File "/usr/local/lib/python3.8/json/decoder.py", line 340, in decode
    raise JSONDecodeError("Extra data", s, end)
json.decoder.JSONDecodeError: Extra data: line 2 column 1 (char 457)
[2025-07-22T10:20:47.374+0000] {taskinstance.py:1138} INFO - Marking task as UP_FOR_RETRY. dag_id=tune_stream_dag, task_id=Stage_events, execution_date=20230102T020000, start_date=20250722T102046, end_date=20250722T102047
[2025-07-22T10:20:47.397+0000] {standard_task_runner.py:107} ERROR - Failed to execute job 215 for task Stage_events (Extra data: line 2 column 1 (char 457); 150)
[2025-07-22T10:20:47.449+0000] {local_task_job_runner.py:234} INFO - Task exited with return code 1
[2025-07-22T10:20:47.507+0000] {taskinstance.py:3280} INFO - 0 downstream tasks scheduled from follow-on schedule check
[2025-07-24T15:59:16.292+0000] {taskinstance.py:1956} INFO - Dependencies all met for dep_context=non-requeueable deps ti=<TaskInstance: tune_stream_dag.Stage_events scheduled__2023-01-02T02:00:00+00:00 [queued]>
[2025-07-24T15:59:16.307+0000] {taskinstance.py:1956} INFO - Dependencies all met for dep_context=requeueable deps ti=<TaskInstance: tune_stream_dag.Stage_events scheduled__2023-01-02T02:00:00+00:00 [queued]>
[2025-07-24T15:59:16.310+0000] {taskinstance.py:2170} INFO - Starting attempt 1 of 4
[2025-07-24T15:59:16.329+0000] {taskinstance.py:2191} INFO - Executing <Task(PythonOperator): Stage_events> on 2023-01-02 02:00:00+00:00
[2025-07-24T15:59:16.343+0000] {standard_task_runner.py:60} INFO - Started process 1358 to run task
[2025-07-24T15:59:16.349+0000] {standard_task_runner.py:87} INFO - Running: ['***', 'tasks', 'run', 'tune_stream_dag', 'Stage_events', 'scheduled__2023-01-02T02:00:00+00:00', '--job-id', '1235', '--raw', '--subdir', 'DAGS_FOLDER/etl_pipeline.py', '--cfg-path', '/tmp/tmpy8s5_vsp']
[2025-07-24T15:59:16.355+0000] {standard_task_runner.py:88} INFO - Job 1235: Subtask Stage_events
[2025-07-24T15:59:16.469+0000] {task_command.py:423} INFO - Running <TaskInstance: tune_stream_dag.Stage_events scheduled__2023-01-02T02:00:00+00:00 [running]> on host c53547d84df1
[2025-07-24T15:59:16.589+0000] {taskinstance.py:2480} INFO - Exporting env vars: AIRFLOW_CTX_DAG_OWNER='genz-legend' AIRFLOW_CTX_DAG_ID='tune_stream_dag' AIRFLOW_CTX_TASK_ID='Stage_events' AIRFLOW_CTX_EXECUTION_DATE='2023-01-02T02:00:00+00:00' AIRFLOW_CTX_TRY_NUMBER='1' AIRFLOW_CTX_DAG_RUN_ID='scheduled__2023-01-02T02:00:00+00:00'
[2025-07-24T15:59:19.501+0000] {python.py:201} INFO - Done. Returned value was: None
[2025-07-24T15:59:19.512+0000] {taskinstance.py:1138} INFO - Marking task as SUCCESS. dag_id=tune_stream_dag, task_id=Stage_events, execution_date=20230102T020000, start_date=20250724T155916, end_date=20250724T155919
[2025-07-24T15:59:19.534+0000] {local_task_job_runner.py:234} INFO - Task exited with return code 0
[2025-07-24T15:59:19.564+0000] {taskinstance.py:3280} INFO - 1 downstream tasks scheduled from follow-on schedule check
[2025-07-24T16:34:07.393+0000] {taskinstance.py:1956} INFO - Dependencies all met for dep_context=non-requeueable deps ti=<TaskInstance: tune_stream_dag.Stage_events scheduled__2023-01-02T02:00:00+00:00 [queued]>
[2025-07-24T16:34:07.415+0000] {taskinstance.py:1956} INFO - Dependencies all met for dep_context=requeueable deps ti=<TaskInstance: tune_stream_dag.Stage_events scheduled__2023-01-02T02:00:00+00:00 [queued]>
[2025-07-24T16:34:07.417+0000] {taskinstance.py:2170} INFO - Starting attempt 1 of 4
[2025-07-24T16:34:07.451+0000] {taskinstance.py:2191} INFO - Executing <Task(PythonOperator): Stage_events> on 2023-01-02 02:00:00+00:00
[2025-07-24T16:34:07.493+0000] {standard_task_runner.py:60} INFO - Started process 1182 to run task
[2025-07-24T16:34:07.500+0000] {standard_task_runner.py:87} INFO - Running: ['***', 'tasks', 'run', 'tune_stream_dag', 'Stage_events', 'scheduled__2023-01-02T02:00:00+00:00', '--job-id', '1604', '--raw', '--subdir', 'DAGS_FOLDER/etl_pipeline.py', '--cfg-path', '/tmp/tmpkhr1di5j']
[2025-07-24T16:34:07.509+0000] {standard_task_runner.py:88} INFO - Job 1604: Subtask Stage_events
[2025-07-24T16:34:07.674+0000] {task_command.py:423} INFO - Running <TaskInstance: tune_stream_dag.Stage_events scheduled__2023-01-02T02:00:00+00:00 [running]> on host c53547d84df1
[2025-07-24T16:34:07.842+0000] {taskinstance.py:2480} INFO - Exporting env vars: AIRFLOW_CTX_DAG_OWNER='genz-legend' AIRFLOW_CTX_DAG_ID='tune_stream_dag' AIRFLOW_CTX_TASK_ID='Stage_events' AIRFLOW_CTX_EXECUTION_DATE='2023-01-02T02:00:00+00:00' AIRFLOW_CTX_TRY_NUMBER='1' AIRFLOW_CTX_DAG_RUN_ID='scheduled__2023-01-02T02:00:00+00:00'
[2025-07-24T16:34:28.742+0000] {python.py:201} INFO - Done. Returned value was: None
[2025-07-24T16:34:28.797+0000] {taskinstance.py:1138} INFO - Marking task as SUCCESS. dag_id=tune_stream_dag, task_id=Stage_events, execution_date=20230102T020000, start_date=20250724T163407, end_date=20250724T163428
[2025-07-24T16:34:28.858+0000] {local_task_job_runner.py:234} INFO - Task exited with return code 0
[2025-07-24T16:34:28.909+0000] {taskinstance.py:3280} INFO - 1 downstream tasks scheduled from follow-on schedule check
[2025-07-24T17:13:10.097+0000] {taskinstance.py:1956} INFO - Dependencies all met for dep_context=non-requeueable deps ti=<TaskInstance: tune_stream_dag.Stage_events scheduled__2023-01-02T02:00:00+00:00 [queued]>
[2025-07-24T17:13:10.185+0000] {taskinstance.py:1956} INFO - Dependencies all met for dep_context=requeueable deps ti=<TaskInstance: tune_stream_dag.Stage_events scheduled__2023-01-02T02:00:00+00:00 [queued]>
[2025-07-24T17:13:10.188+0000] {taskinstance.py:2170} INFO - Starting attempt 1 of 4
[2025-07-24T17:13:10.260+0000] {taskinstance.py:2191} INFO - Executing <Task(PythonOperator): Stage_events> on 2023-01-02 02:00:00+00:00
[2025-07-24T17:13:10.312+0000] {standard_task_runner.py:60} INFO - Started process 1175 to run task
[2025-07-24T17:13:10.349+0000] {standard_task_runner.py:87} INFO - Running: ['***', 'tasks', 'run', 'tune_stream_dag', 'Stage_events', 'scheduled__2023-01-02T02:00:00+00:00', '--job-id', '1999', '--raw', '--subdir', 'DAGS_FOLDER/etl_pipeline.py', '--cfg-path', '/tmp/tmp2o06ilqf']
[2025-07-24T17:13:10.375+0000] {standard_task_runner.py:88} INFO - Job 1999: Subtask Stage_events
[2025-07-24T17:13:10.667+0000] {task_command.py:423} INFO - Running <TaskInstance: tune_stream_dag.Stage_events scheduled__2023-01-02T02:00:00+00:00 [running]> on host 5def55d2a1b5
[2025-07-24T17:13:10.938+0000] {taskinstance.py:2480} INFO - Exporting env vars: AIRFLOW_CTX_DAG_OWNER='genz-legend' AIRFLOW_CTX_DAG_ID='tune_stream_dag' AIRFLOW_CTX_TASK_ID='Stage_events' AIRFLOW_CTX_EXECUTION_DATE='2023-01-02T02:00:00+00:00' AIRFLOW_CTX_TRY_NUMBER='1' AIRFLOW_CTX_DAG_RUN_ID='scheduled__2023-01-02T02:00:00+00:00'
[2025-07-24T17:13:25.344+0000] {python.py:201} INFO - Done. Returned value was: None
[2025-07-24T17:13:25.357+0000] {taskinstance.py:1138} INFO - Marking task as SUCCESS. dag_id=tune_stream_dag, task_id=Stage_events, execution_date=20230102T020000, start_date=20250724T171310, end_date=20250724T171325
[2025-07-24T17:13:25.396+0000] {local_task_job_runner.py:234} INFO - Task exited with return code 0
[2025-07-24T17:13:25.428+0000] {taskinstance.py:3280} INFO - 1 downstream tasks scheduled from follow-on schedule check
