[2025-07-24T14:46:13.366+0000] {taskinstance.py:1956} INFO - Dependencies all met for dep_context=non-requeueable deps ti=<TaskInstance: tune_stream_dag.Load_songplays_fact_table scheduled__2023-01-04T11:00:00+00:00 [queued]>
[2025-07-24T14:46:13.374+0000] {taskinstance.py:1956} INFO - Dependencies all met for dep_context=requeueable deps ti=<TaskInstance: tune_stream_dag.Load_songplays_fact_table scheduled__2023-01-04T11:00:00+00:00 [queued]>
[2025-07-24T14:46:13.375+0000] {taskinstance.py:2170} INFO - Starting attempt 1 of 4
[2025-07-24T14:46:14.455+0000] {taskinstance.py:2191} INFO - Executing <Task(PythonOperator): Load_songplays_fact_table> on 2023-01-04 11:00:00+00:00
[2025-07-24T14:46:14.464+0000] {standard_task_runner.py:60} INFO - Started process 550 to run task
[2025-07-24T14:46:14.468+0000] {standard_task_runner.py:87} INFO - Running: ['***', 'tasks', 'run', 'tune_stream_dag', 'Load_songplays_fact_table', 'scheduled__2023-01-04T11:00:00+00:00', '--job-id', '684', '--raw', '--subdir', 'DAGS_FOLDER/etl_pipeline.py', '--cfg-path', '/tmp/tmp84dngjab']
[2025-07-24T14:46:14.472+0000] {standard_task_runner.py:88} INFO - Job 684: Subtask Load_songplays_fact_table
[2025-07-24T14:46:15.366+0000] {task_command.py:423} INFO - Running <TaskInstance: tune_stream_dag.Load_songplays_fact_table scheduled__2023-01-04T11:00:00+00:00 [running]> on host aea62fae55be
[2025-07-24T14:46:17.779+0000] {taskinstance.py:2480} INFO - Exporting env vars: AIRFLOW_CTX_DAG_OWNER='genz-legend' AIRFLOW_CTX_DAG_ID='tune_stream_dag' AIRFLOW_CTX_TASK_ID='Load_songplays_fact_table' AIRFLOW_CTX_EXECUTION_DATE='2023-01-04T11:00:00+00:00' AIRFLOW_CTX_TRY_NUMBER='1' AIRFLOW_CTX_DAG_RUN_ID='scheduled__2023-01-04T11:00:00+00:00'
[2025-07-24T14:46:17.791+0000] {taskinstance.py:2698} ERROR - Task failed with exception
Traceback (most recent call last):
  File "/home/airflow/.local/lib/python3.8/site-packages/airflow/models/taskinstance.py", line 433, in _execute_task
    result = execute_callable(context=context, **execute_callable_kwargs)
  File "/home/airflow/.local/lib/python3.8/site-packages/airflow/operators/python.py", line 199, in execute
    return_value = self.execute_callable()
  File "/home/airflow/.local/lib/python3.8/site-packages/airflow/operators/python.py", line 216, in execute_callable
    return self.python_callable(*self.op_args, **self.op_kwargs)
  File "/opt/airflow/dags/etl_pipeline.py", line 170, in <lambda>
    python_callable=lambda: load_table(SqlQueries.songplay_table_insert),
TypeError: load_table() missing 1 required positional argument: 'table'
[2025-07-24T14:46:17.811+0000] {taskinstance.py:1138} INFO - Marking task as UP_FOR_RETRY. dag_id=tune_stream_dag, task_id=Load_songplays_fact_table, execution_date=20230104T110000, start_date=20250724T144613, end_date=20250724T144617
[2025-07-24T14:46:18.888+0000] {standard_task_runner.py:107} ERROR - Failed to execute job 684 for task Load_songplays_fact_table (load_table() missing 1 required positional argument: 'table'; 550)
[2025-07-24T14:46:18.924+0000] {local_task_job_runner.py:234} INFO - Task exited with return code 1
[2025-07-24T14:46:18.947+0000] {taskinstance.py:3280} INFO - 0 downstream tasks scheduled from follow-on schedule check
[2025-07-24T17:30:44.570+0000] {taskinstance.py:1956} INFO - Dependencies all met for dep_context=non-requeueable deps ti=<TaskInstance: tune_stream_dag.Load_songplays_fact_table scheduled__2023-01-04T11:00:00+00:00 [queued]>
[2025-07-24T17:30:44.608+0000] {taskinstance.py:1956} INFO - Dependencies all met for dep_context=requeueable deps ti=<TaskInstance: tune_stream_dag.Load_songplays_fact_table scheduled__2023-01-04T11:00:00+00:00 [queued]>
[2025-07-24T17:30:44.613+0000] {taskinstance.py:2170} INFO - Starting attempt 1 of 4
[2025-07-24T17:30:44.657+0000] {taskinstance.py:2191} INFO - Executing <Task(PythonOperator): Load_songplays_fact_table> on 2023-01-04 11:00:00+00:00
[2025-07-24T17:30:44.684+0000] {standard_task_runner.py:60} INFO - Started process 2913 to run task
[2025-07-24T17:30:44.711+0000] {standard_task_runner.py:87} INFO - Running: ['***', 'tasks', 'run', 'tune_stream_dag', 'Load_songplays_fact_table', 'scheduled__2023-01-04T11:00:00+00:00', '--job-id', '2508', '--raw', '--subdir', 'DAGS_FOLDER/etl_pipeline.py', '--cfg-path', '/tmp/tmpku013ljf']
[2025-07-24T17:30:44.736+0000] {standard_task_runner.py:88} INFO - Job 2508: Subtask Load_songplays_fact_table
[2025-07-24T17:30:45.127+0000] {task_command.py:423} INFO - Running <TaskInstance: tune_stream_dag.Load_songplays_fact_table scheduled__2023-01-04T11:00:00+00:00 [running]> on host 5def55d2a1b5
[2025-07-24T17:30:46.424+0000] {taskinstance.py:2480} INFO - Exporting env vars: AIRFLOW_CTX_DAG_OWNER='genz-legend' AIRFLOW_CTX_DAG_ID='tune_stream_dag' AIRFLOW_CTX_TASK_ID='Load_songplays_fact_table' AIRFLOW_CTX_EXECUTION_DATE='2023-01-04T11:00:00+00:00' AIRFLOW_CTX_TRY_NUMBER='1' AIRFLOW_CTX_DAG_RUN_ID='scheduled__2023-01-04T11:00:00+00:00'
[2025-07-24T17:30:57.813+0000] {python.py:201} INFO - Done. Returned value was: None
[2025-07-24T17:30:57.851+0000] {taskinstance.py:1138} INFO - Marking task as SUCCESS. dag_id=tune_stream_dag, task_id=Load_songplays_fact_table, execution_date=20230104T110000, start_date=20250724T173044, end_date=20250724T173057
[2025-07-24T17:30:59.160+0000] {local_task_job_runner.py:234} INFO - Task exited with return code 0
[2025-07-24T17:30:59.215+0000] {taskinstance.py:3280} INFO - 4 downstream tasks scheduled from follow-on schedule check
