[2025-07-24T14:18:57.675+0000] {taskinstance.py:1956} INFO - Dependencies all met for dep_context=non-requeueable deps ti=<TaskInstance: tune_stream_dag.Stage_songs scheduled__2023-01-03T10:00:00+00:00 [queued]>
[2025-07-24T14:18:57.696+0000] {taskinstance.py:1956} INFO - Dependencies all met for dep_context=requeueable deps ti=<TaskInstance: tune_stream_dag.Stage_songs scheduled__2023-01-03T10:00:00+00:00 [queued]>
[2025-07-24T14:18:57.697+0000] {taskinstance.py:2170} INFO - Starting attempt 1 of 4
[2025-07-24T14:18:57.717+0000] {taskinstance.py:2191} INFO - Executing <Task(PythonOperator): Stage_songs> on 2023-01-03 10:00:00+00:00
[2025-07-24T14:18:57.728+0000] {standard_task_runner.py:60} INFO - Started process 493 to run task
[2025-07-24T14:18:57.733+0000] {standard_task_runner.py:87} INFO - Running: ['***', 'tasks', 'run', 'tune_stream_dag', 'Stage_songs', 'scheduled__2023-01-03T10:00:00+00:00', '--job-id', '498', '--raw', '--subdir', 'DAGS_FOLDER/etl_pipeline.py', '--cfg-path', '/tmp/tmpl1hzp017']
[2025-07-24T14:18:57.737+0000] {standard_task_runner.py:88} INFO - Job 498: Subtask Stage_songs
[2025-07-24T14:18:57.884+0000] {task_command.py:423} INFO - Running <TaskInstance: tune_stream_dag.Stage_songs scheduled__2023-01-03T10:00:00+00:00 [running]> on host aea62fae55be
[2025-07-24T14:18:57.973+0000] {taskinstance.py:2480} INFO - Exporting env vars: AIRFLOW_CTX_DAG_OWNER='genz-legend' AIRFLOW_CTX_DAG_ID='tune_stream_dag' AIRFLOW_CTX_TASK_ID='Stage_songs' AIRFLOW_CTX_EXECUTION_DATE='2023-01-03T10:00:00+00:00' AIRFLOW_CTX_TRY_NUMBER='1' AIRFLOW_CTX_DAG_RUN_ID='scheduled__2023-01-03T10:00:00+00:00'
[2025-07-24T14:18:58.447+0000] {python.py:201} INFO - Done. Returned value was: None
[2025-07-24T14:18:58.457+0000] {taskinstance.py:1138} INFO - Marking task as SUCCESS. dag_id=tune_stream_dag, task_id=Stage_songs, execution_date=20230103T100000, start_date=20250724T141857, end_date=20250724T141858
[2025-07-24T14:18:58.507+0000] {local_task_job_runner.py:234} INFO - Task exited with return code 0
[2025-07-24T14:18:58.531+0000] {taskinstance.py:3280} INFO - 0 downstream tasks scheduled from follow-on schedule check
[2025-07-24T17:26:00.873+0000] {taskinstance.py:1956} INFO - Dependencies all met for dep_context=non-requeueable deps ti=<TaskInstance: tune_stream_dag.Stage_songs scheduled__2023-01-03T10:00:00+00:00 [queued]>
[2025-07-24T17:26:00.907+0000] {taskinstance.py:1956} INFO - Dependencies all met for dep_context=requeueable deps ti=<TaskInstance: tune_stream_dag.Stage_songs scheduled__2023-01-03T10:00:00+00:00 [queued]>
[2025-07-24T17:26:00.912+0000] {taskinstance.py:2170} INFO - Starting attempt 1 of 4
[2025-07-24T17:26:00.959+0000] {taskinstance.py:2191} INFO - Executing <Task(PythonOperator): Stage_songs> on 2023-01-03 10:00:00+00:00
[2025-07-24T17:26:00.982+0000] {standard_task_runner.py:60} INFO - Started process 2153 to run task
[2025-07-24T17:26:00.995+0000] {standard_task_runner.py:87} INFO - Running: ['***', 'tasks', 'run', 'tune_stream_dag', 'Stage_songs', 'scheduled__2023-01-03T10:00:00+00:00', '--job-id', '2273', '--raw', '--subdir', 'DAGS_FOLDER/etl_pipeline.py', '--cfg-path', '/tmp/tmpeyyxmn3s']
[2025-07-24T17:26:01.010+0000] {standard_task_runner.py:88} INFO - Job 2273: Subtask Stage_songs
[2025-07-24T17:26:01.306+0000] {task_command.py:423} INFO - Running <TaskInstance: tune_stream_dag.Stage_songs scheduled__2023-01-03T10:00:00+00:00 [running]> on host 5def55d2a1b5
[2025-07-24T17:26:02.294+0000] {taskinstance.py:2480} INFO - Exporting env vars: AIRFLOW_CTX_DAG_OWNER='genz-legend' AIRFLOW_CTX_DAG_ID='tune_stream_dag' AIRFLOW_CTX_TASK_ID='Stage_songs' AIRFLOW_CTX_EXECUTION_DATE='2023-01-03T10:00:00+00:00' AIRFLOW_CTX_TRY_NUMBER='1' AIRFLOW_CTX_DAG_RUN_ID='scheduled__2023-01-03T10:00:00+00:00'
[2025-07-24T17:26:06.234+0000] {python.py:201} INFO - Done. Returned value was: None
[2025-07-24T17:26:06.402+0000] {taskinstance.py:1138} INFO - Marking task as SUCCESS. dag_id=tune_stream_dag, task_id=Stage_songs, execution_date=20230103T100000, start_date=20250724T172600, end_date=20250724T172606
[2025-07-24T17:26:06.626+0000] {local_task_job_runner.py:234} INFO - Task exited with return code 0
[2025-07-24T17:26:06.727+0000] {taskinstance.py:3280} INFO - 0 downstream tasks scheduled from follow-on schedule check
