[2025-07-22T10:04:59.264+0000] {taskinstance.py:1956} INFO - Dependencies all met for dep_context=non-requeueable deps ti=<TaskInstance: tune_stream_dag.Stage_events scheduled__2023-01-01T07:00:00+00:00 [queued]>
[2025-07-22T10:04:59.276+0000] {taskinstance.py:1956} INFO - Dependencies all met for dep_context=requeueable deps ti=<TaskInstance: tune_stream_dag.Stage_events scheduled__2023-01-01T07:00:00+00:00 [queued]>
[2025-07-22T10:04:59.278+0000] {taskinstance.py:2170} INFO - Starting attempt 1 of 4
[2025-07-22T10:05:00.566+0000] {taskinstance.py:2191} INFO - Executing <Task(PythonOperator): Stage_events> on 2023-01-01 07:00:00+00:00
[2025-07-22T10:05:00.724+0000] {standard_task_runner.py:60} INFO - Started process 353 to run task
[2025-07-22T10:05:00.733+0000] {standard_task_runner.py:87} INFO - Running: ['***', 'tasks', 'run', 'tune_stream_dag', 'Stage_events', 'scheduled__2023-01-01T07:00:00+00:00', '--job-id', '133', '--raw', '--subdir', 'DAGS_FOLDER/etl_pipeline.py', '--cfg-path', '/tmp/tmp11wg0799']
[2025-07-22T10:05:00.788+0000] {standard_task_runner.py:88} INFO - Job 133: Subtask Stage_events
[2025-07-22T10:05:01.287+0000] {task_command.py:423} INFO - Running <TaskInstance: tune_stream_dag.Stage_events scheduled__2023-01-01T07:00:00+00:00 [running]> on host a2a13a541787
[2025-07-22T10:05:01.701+0000] {taskinstance.py:2480} INFO - Exporting env vars: AIRFLOW_CTX_DAG_OWNER='genz-legend' AIRFLOW_CTX_DAG_ID='tune_stream_dag' AIRFLOW_CTX_TASK_ID='Stage_events' AIRFLOW_CTX_EXECUTION_DATE='2023-01-01T07:00:00+00:00' AIRFLOW_CTX_TRY_NUMBER='1' AIRFLOW_CTX_DAG_RUN_ID='scheduled__2023-01-01T07:00:00+00:00'
[2025-07-22T10:05:01.917+0000] {taskinstance.py:2698} ERROR - Task failed with exception
Traceback (most recent call last):
  File "/home/airflow/.local/lib/python3.8/site-packages/airflow/models/taskinstance.py", line 433, in _execute_task
    result = execute_callable(context=context, **execute_callable_kwargs)
  File "/home/airflow/.local/lib/python3.8/site-packages/airflow/operators/python.py", line 199, in execute
    return_value = self.execute_callable()
  File "/home/airflow/.local/lib/python3.8/site-packages/airflow/operators/python.py", line 216, in execute_callable
    return self.python_callable(*self.op_args, **self.op_kwargs)
  File "/opt/airflow/dags/etl_pipeline.py", line 77, in stage_events
    data = json.load(f)
  File "/usr/local/lib/python3.8/json/__init__.py", line 293, in load
    return loads(fp.read(),
  File "/usr/local/lib/python3.8/json/__init__.py", line 357, in loads
    return _default_decoder.decode(s)
  File "/usr/local/lib/python3.8/json/decoder.py", line 340, in decode
    raise JSONDecodeError("Extra data", s, end)
json.decoder.JSONDecodeError: Extra data: line 2 column 1 (char 457)
[2025-07-22T10:05:01.985+0000] {taskinstance.py:1138} INFO - Marking task as UP_FOR_RETRY. dag_id=tune_stream_dag, task_id=Stage_events, execution_date=20230101T070000, start_date=20250722T100459, end_date=20250722T100501
[2025-07-22T10:05:02.044+0000] {standard_task_runner.py:107} ERROR - Failed to execute job 133 for task Stage_events (Extra data: line 2 column 1 (char 457); 353)
[2025-07-22T10:05:02.168+0000] {local_task_job_runner.py:234} INFO - Task exited with return code 1
[2025-07-22T10:05:02.240+0000] {taskinstance.py:3280} INFO - 0 downstream tasks scheduled from follow-on schedule check
[2025-07-24T15:30:47.693+0000] {taskinstance.py:1956} INFO - Dependencies all met for dep_context=non-requeueable deps ti=<TaskInstance: tune_stream_dag.Stage_events scheduled__2023-01-01T07:00:00+00:00 [queued]>
[2025-07-24T15:30:47.716+0000] {taskinstance.py:1956} INFO - Dependencies all met for dep_context=requeueable deps ti=<TaskInstance: tune_stream_dag.Stage_events scheduled__2023-01-01T07:00:00+00:00 [queued]>
[2025-07-24T15:30:47.718+0000] {taskinstance.py:2170} INFO - Starting attempt 1 of 4
[2025-07-24T15:30:47.743+0000] {taskinstance.py:2191} INFO - Executing <Task(PythonOperator): Stage_events> on 2023-01-01 07:00:00+00:00
[2025-07-24T15:30:47.760+0000] {standard_task_runner.py:60} INFO - Started process 170 to run task
[2025-07-24T15:30:47.783+0000] {standard_task_runner.py:87} INFO - Running: ['***', 'tasks', 'run', 'tune_stream_dag', 'Stage_events', 'scheduled__2023-01-01T07:00:00+00:00', '--job-id', '974', '--raw', '--subdir', 'DAGS_FOLDER/etl_pipeline.py', '--cfg-path', '/tmp/tmpqi1ykugv']
[2025-07-24T15:30:47.808+0000] {standard_task_runner.py:88} INFO - Job 974: Subtask Stage_events
[2025-07-24T15:30:48.077+0000] {task_command.py:423} INFO - Running <TaskInstance: tune_stream_dag.Stage_events scheduled__2023-01-01T07:00:00+00:00 [running]> on host c53547d84df1
[2025-07-24T15:30:48.371+0000] {taskinstance.py:2480} INFO - Exporting env vars: AIRFLOW_CTX_DAG_OWNER='genz-legend' AIRFLOW_CTX_DAG_ID='tune_stream_dag' AIRFLOW_CTX_TASK_ID='Stage_events' AIRFLOW_CTX_EXECUTION_DATE='2023-01-01T07:00:00+00:00' AIRFLOW_CTX_TRY_NUMBER='1' AIRFLOW_CTX_DAG_RUN_ID='scheduled__2023-01-01T07:00:00+00:00'
[2025-07-24T15:31:29.401+0000] {python.py:201} INFO - Done. Returned value was: None
[2025-07-24T15:31:29.422+0000] {taskinstance.py:1138} INFO - Marking task as SUCCESS. dag_id=tune_stream_dag, task_id=Stage_events, execution_date=20230101T070000, start_date=20250724T153047, end_date=20250724T153129
[2025-07-24T15:31:30.653+0000] {local_task_job_runner.py:234} INFO - Task exited with return code 0
[2025-07-24T15:31:30.701+0000] {taskinstance.py:3280} INFO - 1 downstream tasks scheduled from follow-on schedule check
[2025-07-24T16:14:31.420+0000] {taskinstance.py:1956} INFO - Dependencies all met for dep_context=non-requeueable deps ti=<TaskInstance: tune_stream_dag.Stage_events scheduled__2023-01-01T07:00:00+00:00 [queued]>
[2025-07-24T16:14:31.503+0000] {taskinstance.py:1956} INFO - Dependencies all met for dep_context=requeueable deps ti=<TaskInstance: tune_stream_dag.Stage_events scheduled__2023-01-01T07:00:00+00:00 [queued]>
[2025-07-24T16:14:31.555+0000] {taskinstance.py:2170} INFO - Starting attempt 1 of 4
[2025-07-24T16:14:32.314+0000] {taskinstance.py:2191} INFO - Executing <Task(PythonOperator): Stage_events> on 2023-01-01 07:00:00+00:00
[2025-07-24T16:14:32.388+0000] {standard_task_runner.py:60} INFO - Started process 219 to run task
[2025-07-24T16:14:32.678+0000] {standard_task_runner.py:87} INFO - Running: ['***', 'tasks', 'run', 'tune_stream_dag', 'Stage_events', 'scheduled__2023-01-01T07:00:00+00:00', '--job-id', '1374', '--raw', '--subdir', 'DAGS_FOLDER/etl_pipeline.py', '--cfg-path', '/tmp/tmpuwn2tc9y']
[2025-07-24T16:14:32.927+0000] {standard_task_runner.py:88} INFO - Job 1374: Subtask Stage_events
[2025-07-24T16:14:34.586+0000] {task_command.py:423} INFO - Running <TaskInstance: tune_stream_dag.Stage_events scheduled__2023-01-01T07:00:00+00:00 [running]> on host c53547d84df1
[2025-07-24T16:14:35.848+0000] {taskinstance.py:2480} INFO - Exporting env vars: AIRFLOW_CTX_DAG_OWNER='genz-legend' AIRFLOW_CTX_DAG_ID='tune_stream_dag' AIRFLOW_CTX_TASK_ID='Stage_events' AIRFLOW_CTX_EXECUTION_DATE='2023-01-01T07:00:00+00:00' AIRFLOW_CTX_TRY_NUMBER='1' AIRFLOW_CTX_DAG_RUN_ID='scheduled__2023-01-01T07:00:00+00:00'
[2025-07-24T16:16:03.293+0000] {python.py:201} INFO - Done. Returned value was: None
[2025-07-24T16:16:03.338+0000] {taskinstance.py:1138} INFO - Marking task as SUCCESS. dag_id=tune_stream_dag, task_id=Stage_events, execution_date=20230101T070000, start_date=20250724T161431, end_date=20250724T161603
[2025-07-24T16:16:03.513+0000] {local_task_job_runner.py:234} INFO - Task exited with return code 0
[2025-07-24T16:16:03.622+0000] {taskinstance.py:3280} INFO - 1 downstream tasks scheduled from follow-on schedule check
[2025-07-24T16:54:54.395+0000] {taskinstance.py:1956} INFO - Dependencies all met for dep_context=non-requeueable deps ti=<TaskInstance: tune_stream_dag.Stage_events scheduled__2023-01-01T07:00:00+00:00 [queued]>
[2025-07-24T16:54:54.430+0000] {taskinstance.py:1956} INFO - Dependencies all met for dep_context=requeueable deps ti=<TaskInstance: tune_stream_dag.Stage_events scheduled__2023-01-01T07:00:00+00:00 [queued]>
[2025-07-24T16:54:54.431+0000] {taskinstance.py:2170} INFO - Starting attempt 1 of 4
[2025-07-24T16:54:54.468+0000] {taskinstance.py:2191} INFO - Executing <Task(PythonOperator): Stage_events> on 2023-01-01 07:00:00+00:00
[2025-07-24T16:54:54.479+0000] {standard_task_runner.py:60} INFO - Started process 219 to run task
[2025-07-24T16:54:54.483+0000] {standard_task_runner.py:87} INFO - Running: ['***', 'tasks', 'run', 'tune_stream_dag', 'Stage_events', 'scheduled__2023-01-01T07:00:00+00:00', '--job-id', '1770', '--raw', '--subdir', 'DAGS_FOLDER/etl_pipeline.py', '--cfg-path', '/tmp/tmpa93si8hq']
[2025-07-24T16:54:54.486+0000] {standard_task_runner.py:88} INFO - Job 1770: Subtask Stage_events
[2025-07-24T16:55:08.481+0000] {task_command.py:423} INFO - Running <TaskInstance: tune_stream_dag.Stage_events scheduled__2023-01-01T07:00:00+00:00 [running]> on host 5def55d2a1b5
[2025-07-24T16:55:09.430+0000] {taskinstance.py:2480} INFO - Exporting env vars: AIRFLOW_CTX_DAG_OWNER='genz-legend' AIRFLOW_CTX_DAG_ID='tune_stream_dag' AIRFLOW_CTX_TASK_ID='Stage_events' AIRFLOW_CTX_EXECUTION_DATE='2023-01-01T07:00:00+00:00' AIRFLOW_CTX_TRY_NUMBER='1' AIRFLOW_CTX_DAG_RUN_ID='scheduled__2023-01-01T07:00:00+00:00'
[2025-07-24T16:55:40.983+0000] {python.py:201} INFO - Done. Returned value was: None
[2025-07-24T16:55:41.044+0000] {taskinstance.py:1138} INFO - Marking task as SUCCESS. dag_id=tune_stream_dag, task_id=Stage_events, execution_date=20230101T070000, start_date=20250724T165454, end_date=20250724T165541
[2025-07-24T16:55:41.210+0000] {local_task_job_runner.py:234} INFO - Task exited with return code 0
[2025-07-24T16:55:41.318+0000] {taskinstance.py:3280} INFO - 1 downstream tasks scheduled from follow-on schedule check
