[2025-07-24T14:13:56.450+0000] {taskinstance.py:1956} INFO - Dependencies all met for dep_context=non-requeueable deps ti=<TaskInstance: tune_stream_dag.Stage_events scheduled__2023-01-03T00:00:00+00:00 [queued]>
[2025-07-24T14:13:56.475+0000] {taskinstance.py:1956} INFO - Dependencies all met for dep_context=requeueable deps ti=<TaskInstance: tune_stream_dag.Stage_events scheduled__2023-01-03T00:00:00+00:00 [queued]>
[2025-07-24T14:13:56.481+0000] {taskinstance.py:2170} INFO - Starting attempt 1 of 4
[2025-07-24T14:13:56.534+0000] {taskinstance.py:2191} INFO - Executing <Task(PythonOperator): Stage_events> on 2023-01-03 00:00:00+00:00
[2025-07-24T14:13:56.555+0000] {standard_task_runner.py:60} INFO - Started process 321 to run task
[2025-07-24T14:13:56.566+0000] {standard_task_runner.py:87} INFO - Running: ['***', 'tasks', 'run', 'tune_stream_dag', 'Stage_events', 'scheduled__2023-01-03T00:00:00+00:00', '--job-id', '463', '--raw', '--subdir', 'DAGS_FOLDER/etl_pipeline.py', '--cfg-path', '/tmp/tmp9l9qpw3b']
[2025-07-24T14:13:56.575+0000] {standard_task_runner.py:88} INFO - Job 463: Subtask Stage_events
[2025-07-24T14:13:56.751+0000] {task_command.py:423} INFO - Running <TaskInstance: tune_stream_dag.Stage_events scheduled__2023-01-03T00:00:00+00:00 [running]> on host aea62fae55be
[2025-07-24T14:13:56.916+0000] {taskinstance.py:2480} INFO - Exporting env vars: AIRFLOW_CTX_DAG_OWNER='genz-legend' AIRFLOW_CTX_DAG_ID='tune_stream_dag' AIRFLOW_CTX_TASK_ID='Stage_events' AIRFLOW_CTX_EXECUTION_DATE='2023-01-03T00:00:00+00:00' AIRFLOW_CTX_TRY_NUMBER='1' AIRFLOW_CTX_DAG_RUN_ID='scheduled__2023-01-03T00:00:00+00:00'
[2025-07-24T14:14:04.397+0000] {python.py:201} INFO - Done. Returned value was: None
[2025-07-24T14:14:04.578+0000] {taskinstance.py:1138} INFO - Marking task as SUCCESS. dag_id=tune_stream_dag, task_id=Stage_events, execution_date=20230103T000000, start_date=20250724T141356, end_date=20250724T141404
[2025-07-24T14:14:05.014+0000] {local_task_job_runner.py:234} INFO - Task exited with return code 0
[2025-07-24T14:14:05.189+0000] {taskinstance.py:3280} INFO - 1 downstream tasks scheduled from follow-on schedule check
[2025-07-24T17:23:11.846+0000] {taskinstance.py:1956} INFO - Dependencies all met for dep_context=non-requeueable deps ti=<TaskInstance: tune_stream_dag.Stage_events scheduled__2023-01-03T00:00:00+00:00 [queued]>
[2025-07-24T17:23:11.928+0000] {taskinstance.py:1956} INFO - Dependencies all met for dep_context=requeueable deps ti=<TaskInstance: tune_stream_dag.Stage_events scheduled__2023-01-03T00:00:00+00:00 [queued]>
[2025-07-24T17:23:11.931+0000] {taskinstance.py:2170} INFO - Starting attempt 1 of 4
[2025-07-24T17:23:12.090+0000] {taskinstance.py:2191} INFO - Executing <Task(PythonOperator): Stage_events> on 2023-01-03 00:00:00+00:00
[2025-07-24T17:23:12.313+0000] {standard_task_runner.py:60} INFO - Started process 1985 to run task
[2025-07-24T17:23:12.445+0000] {standard_task_runner.py:87} INFO - Running: ['***', 'tasks', 'run', 'tune_stream_dag', 'Stage_events', 'scheduled__2023-01-03T00:00:00+00:00', '--job-id', '2227', '--raw', '--subdir', 'DAGS_FOLDER/etl_pipeline.py', '--cfg-path', '/tmp/tmpp2in5i_f']
[2025-07-24T17:23:12.552+0000] {standard_task_runner.py:88} INFO - Job 2227: Subtask Stage_events
[2025-07-24T17:23:13.704+0000] {task_command.py:423} INFO - Running <TaskInstance: tune_stream_dag.Stage_events scheduled__2023-01-03T00:00:00+00:00 [running]> on host 5def55d2a1b5
[2025-07-24T17:23:14.780+0000] {taskinstance.py:2480} INFO - Exporting env vars: AIRFLOW_CTX_DAG_OWNER='genz-legend' AIRFLOW_CTX_DAG_ID='tune_stream_dag' AIRFLOW_CTX_TASK_ID='Stage_events' AIRFLOW_CTX_EXECUTION_DATE='2023-01-03T00:00:00+00:00' AIRFLOW_CTX_TRY_NUMBER='1' AIRFLOW_CTX_DAG_RUN_ID='scheduled__2023-01-03T00:00:00+00:00'
[2025-07-24T17:24:40.495+0000] {python.py:201} INFO - Done. Returned value was: None
[2025-07-24T17:24:41.586+0000] {taskinstance.py:1138} INFO - Marking task as SUCCESS. dag_id=tune_stream_dag, task_id=Stage_events, execution_date=20230103T000000, start_date=20250724T172311, end_date=20250724T172441
[2025-07-24T17:24:50.883+0000] {local_task_job_runner.py:234} INFO - Task exited with return code 0
[2025-07-24T17:24:51.335+0000] {taskinstance.py:3280} INFO - 0 downstream tasks scheduled from follow-on schedule check
