[2025-07-24T15:11:02.981+0000] {taskinstance.py:1956} INFO - Dependencies all met for dep_context=non-requeueable deps ti=<TaskInstance: tune_stream_dag.Stage_events scheduled__2023-01-04T20:00:00+00:00 [queued]>
[2025-07-24T15:11:02.989+0000] {taskinstance.py:1956} INFO - Dependencies all met for dep_context=requeueable deps ti=<TaskInstance: tune_stream_dag.Stage_events scheduled__2023-01-04T20:00:00+00:00 [queued]>
[2025-07-24T15:11:02.990+0000] {taskinstance.py:2170} INFO - Starting attempt 1 of 4
[2025-07-24T15:11:03.003+0000] {taskinstance.py:2191} INFO - Executing <Task(PythonOperator): Stage_events> on 2023-01-04 20:00:00+00:00
[2025-07-24T15:11:03.010+0000] {standard_task_runner.py:60} INFO - Started process 414 to run task
[2025-07-24T15:11:03.014+0000] {standard_task_runner.py:87} INFO - Running: ['***', 'tasks', 'run', 'tune_stream_dag', 'Stage_events', 'scheduled__2023-01-04T20:00:00+00:00', '--job-id', '794', '--raw', '--subdir', 'DAGS_FOLDER/etl_pipeline.py', '--cfg-path', '/tmp/tmpeglnv8p_']
[2025-07-24T15:11:03.017+0000] {standard_task_runner.py:88} INFO - Job 794: Subtask Stage_events
[2025-07-24T15:11:03.086+0000] {task_command.py:423} INFO - Running <TaskInstance: tune_stream_dag.Stage_events scheduled__2023-01-04T20:00:00+00:00 [running]> on host c53547d84df1
[2025-07-24T15:11:03.164+0000] {taskinstance.py:2480} INFO - Exporting env vars: AIRFLOW_CTX_DAG_OWNER='genz-legend' AIRFLOW_CTX_DAG_ID='tune_stream_dag' AIRFLOW_CTX_TASK_ID='Stage_events' AIRFLOW_CTX_EXECUTION_DATE='2023-01-04T20:00:00+00:00' AIRFLOW_CTX_TRY_NUMBER='1' AIRFLOW_CTX_DAG_RUN_ID='scheduled__2023-01-04T20:00:00+00:00'
[2025-07-24T15:11:04.915+0000] {python.py:201} INFO - Done. Returned value was: None
[2025-07-24T15:11:04.925+0000] {taskinstance.py:1138} INFO - Marking task as SUCCESS. dag_id=tune_stream_dag, task_id=Stage_events, execution_date=20230104T200000, start_date=20250724T151102, end_date=20250724T151104
[2025-07-24T15:11:05.033+0000] {local_task_job_runner.py:234} INFO - Task exited with return code 0
[2025-07-24T15:11:05.060+0000] {taskinstance.py:3280} INFO - 1 downstream tasks scheduled from follow-on schedule check
[2025-07-24T17:31:40.625+0000] {taskinstance.py:1956} INFO - Dependencies all met for dep_context=non-requeueable deps ti=<TaskInstance: tune_stream_dag.Stage_events scheduled__2023-01-04T20:00:00+00:00 [queued]>
[2025-07-24T17:31:40.639+0000] {taskinstance.py:1956} INFO - Dependencies all met for dep_context=requeueable deps ti=<TaskInstance: tune_stream_dag.Stage_events scheduled__2023-01-04T20:00:00+00:00 [queued]>
[2025-07-24T17:31:40.640+0000] {taskinstance.py:2170} INFO - Starting attempt 1 of 4
[2025-07-24T17:31:41.374+0000] {taskinstance.py:2191} INFO - Executing <Task(PythonOperator): Stage_events> on 2023-01-04 20:00:00+00:00
[2025-07-24T17:31:41.406+0000] {standard_task_runner.py:60} INFO - Started process 3196 to run task
[2025-07-24T17:31:41.413+0000] {standard_task_runner.py:87} INFO - Running: ['***', 'tasks', 'run', 'tune_stream_dag', 'Stage_events', 'scheduled__2023-01-04T20:00:00+00:00', '--job-id', '2599', '--raw', '--subdir', 'DAGS_FOLDER/etl_pipeline.py', '--cfg-path', '/tmp/tmp3nnkevz1']
[2025-07-24T17:31:41.495+0000] {standard_task_runner.py:88} INFO - Job 2599: Subtask Stage_events
[2025-07-24T17:31:42.356+0000] {task_command.py:423} INFO - Running <TaskInstance: tune_stream_dag.Stage_events scheduled__2023-01-04T20:00:00+00:00 [running]> on host 5def55d2a1b5
[2025-07-24T17:31:42.709+0000] {taskinstance.py:2480} INFO - Exporting env vars: AIRFLOW_CTX_DAG_OWNER='genz-legend' AIRFLOW_CTX_DAG_ID='tune_stream_dag' AIRFLOW_CTX_TASK_ID='Stage_events' AIRFLOW_CTX_EXECUTION_DATE='2023-01-04T20:00:00+00:00' AIRFLOW_CTX_TRY_NUMBER='1' AIRFLOW_CTX_DAG_RUN_ID='scheduled__2023-01-04T20:00:00+00:00'
[2025-07-24T17:32:06.130+0000] {python.py:201} INFO - Done. Returned value was: None
[2025-07-24T17:32:06.168+0000] {taskinstance.py:1138} INFO - Marking task as SUCCESS. dag_id=tune_stream_dag, task_id=Stage_events, execution_date=20230104T200000, start_date=20250724T173140, end_date=20250724T173206
[2025-07-24T17:32:06.250+0000] {local_task_job_runner.py:234} INFO - Task exited with return code 0
[2025-07-24T17:32:06.296+0000] {taskinstance.py:3280} INFO - 1 downstream tasks scheduled from follow-on schedule check
