[2025-07-24T13:52:27.376+0000] {taskinstance.py:1956} INFO - Dependencies all met for dep_context=non-requeueable deps ti=<TaskInstance: tune_stream_dag.Stage_events scheduled__2023-01-02T08:00:00+00:00 [queued]>
[2025-07-24T13:52:27.389+0000] {taskinstance.py:1956} INFO - Dependencies all met for dep_context=requeueable deps ti=<TaskInstance: tune_stream_dag.Stage_events scheduled__2023-01-02T08:00:00+00:00 [queued]>
[2025-07-24T13:52:27.390+0000] {taskinstance.py:2170} INFO - Starting attempt 1 of 4
[2025-07-24T13:52:27.409+0000] {taskinstance.py:2191} INFO - Executing <Task(PythonOperator): Stage_events> on 2023-01-02 08:00:00+00:00
[2025-07-24T13:52:27.424+0000] {standard_task_runner.py:60} INFO - Started process 392 to run task
[2025-07-24T13:52:27.430+0000] {standard_task_runner.py:87} INFO - Running: ['***', 'tasks', 'run', 'tune_stream_dag', 'Stage_events', 'scheduled__2023-01-02T08:00:00+00:00', '--job-id', '347', '--raw', '--subdir', 'DAGS_FOLDER/etl_pipeline.py', '--cfg-path', '/tmp/tmp8ippw1tn']
[2025-07-24T13:52:27.436+0000] {standard_task_runner.py:88} INFO - Job 347: Subtask Stage_events
[2025-07-24T13:52:27.579+0000] {task_command.py:423} INFO - Running <TaskInstance: tune_stream_dag.Stage_events scheduled__2023-01-02T08:00:00+00:00 [running]> on host a4bcda7cb679
[2025-07-24T13:52:27.686+0000] {taskinstance.py:2480} INFO - Exporting env vars: AIRFLOW_CTX_DAG_OWNER='genz-legend' AIRFLOW_CTX_DAG_ID='tune_stream_dag' AIRFLOW_CTX_TASK_ID='Stage_events' AIRFLOW_CTX_EXECUTION_DATE='2023-01-02T08:00:00+00:00' AIRFLOW_CTX_TRY_NUMBER='1' AIRFLOW_CTX_DAG_RUN_ID='scheduled__2023-01-02T08:00:00+00:00'
[2025-07-24T13:52:31.095+0000] {python.py:201} INFO - Done. Returned value was: None
[2025-07-24T13:52:31.109+0000] {taskinstance.py:1138} INFO - Marking task as SUCCESS. dag_id=tune_stream_dag, task_id=Stage_events, execution_date=20230102T080000, start_date=20250724T135227, end_date=20250724T135231
[2025-07-24T13:52:31.141+0000] {local_task_job_runner.py:234} INFO - Task exited with return code 0
[2025-07-24T13:52:31.175+0000] {taskinstance.py:3280} INFO - 1 downstream tasks scheduled from follow-on schedule check
[2025-07-24T16:05:17.701+0000] {taskinstance.py:1956} INFO - Dependencies all met for dep_context=non-requeueable deps ti=<TaskInstance: tune_stream_dag.Stage_events scheduled__2023-01-02T08:00:00+00:00 [queued]>
[2025-07-24T16:05:17.716+0000] {taskinstance.py:1956} INFO - Dependencies all met for dep_context=requeueable deps ti=<TaskInstance: tune_stream_dag.Stage_events scheduled__2023-01-02T08:00:00+00:00 [queued]>
[2025-07-24T16:05:17.717+0000] {taskinstance.py:2170} INFO - Starting attempt 1 of 4
[2025-07-24T16:05:17.744+0000] {taskinstance.py:2191} INFO - Executing <Task(PythonOperator): Stage_events> on 2023-01-02 08:00:00+00:00
[2025-07-24T16:05:17.756+0000] {standard_task_runner.py:60} INFO - Started process 1755 to run task
[2025-07-24T16:05:17.764+0000] {standard_task_runner.py:87} INFO - Running: ['***', 'tasks', 'run', 'tune_stream_dag', 'Stage_events', 'scheduled__2023-01-02T08:00:00+00:00', '--job-id', '1336', '--raw', '--subdir', 'DAGS_FOLDER/etl_pipeline.py', '--cfg-path', '/tmp/tmp9ul5gqao']
[2025-07-24T16:05:17.773+0000] {standard_task_runner.py:88} INFO - Job 1336: Subtask Stage_events
[2025-07-24T16:05:17.912+0000] {task_command.py:423} INFO - Running <TaskInstance: tune_stream_dag.Stage_events scheduled__2023-01-02T08:00:00+00:00 [running]> on host c53547d84df1
[2025-07-24T16:05:18.039+0000] {taskinstance.py:2480} INFO - Exporting env vars: AIRFLOW_CTX_DAG_OWNER='genz-legend' AIRFLOW_CTX_DAG_ID='tune_stream_dag' AIRFLOW_CTX_TASK_ID='Stage_events' AIRFLOW_CTX_EXECUTION_DATE='2023-01-02T08:00:00+00:00' AIRFLOW_CTX_TRY_NUMBER='1' AIRFLOW_CTX_DAG_RUN_ID='scheduled__2023-01-02T08:00:00+00:00'
[2025-07-24T16:05:21.151+0000] {python.py:201} INFO - Done. Returned value was: None
[2025-07-24T16:05:21.162+0000] {taskinstance.py:1138} INFO - Marking task as SUCCESS. dag_id=tune_stream_dag, task_id=Stage_events, execution_date=20230102T080000, start_date=20250724T160517, end_date=20250724T160521
[2025-07-24T16:05:21.195+0000] {local_task_job_runner.py:234} INFO - Task exited with return code 0
[2025-07-24T16:05:21.227+0000] {taskinstance.py:3280} INFO - 1 downstream tasks scheduled from follow-on schedule check
[2025-07-24T17:17:43.984+0000] {taskinstance.py:1956} INFO - Dependencies all met for dep_context=non-requeueable deps ti=<TaskInstance: tune_stream_dag.Stage_events scheduled__2023-01-02T08:00:00+00:00 [queued]>
[2025-07-24T17:17:43.997+0000] {taskinstance.py:1956} INFO - Dependencies all met for dep_context=requeueable deps ti=<TaskInstance: tune_stream_dag.Stage_events scheduled__2023-01-02T08:00:00+00:00 [queued]>
[2025-07-24T17:17:43.998+0000] {taskinstance.py:2170} INFO - Starting attempt 1 of 4
[2025-07-24T17:17:44.013+0000] {taskinstance.py:2191} INFO - Executing <Task(PythonOperator): Stage_events> on 2023-01-02 08:00:00+00:00
[2025-07-24T17:17:44.021+0000] {standard_task_runner.py:60} INFO - Started process 1462 to run task
[2025-07-24T17:17:44.025+0000] {standard_task_runner.py:87} INFO - Running: ['***', 'tasks', 'run', 'tune_stream_dag', 'Stage_events', 'scheduled__2023-01-02T08:00:00+00:00', '--job-id', '2077', '--raw', '--subdir', 'DAGS_FOLDER/etl_pipeline.py', '--cfg-path', '/tmp/tmpgadraoag']
[2025-07-24T17:17:44.027+0000] {standard_task_runner.py:88} INFO - Job 2077: Subtask Stage_events
[2025-07-24T17:17:44.100+0000] {task_command.py:423} INFO - Running <TaskInstance: tune_stream_dag.Stage_events scheduled__2023-01-02T08:00:00+00:00 [running]> on host 5def55d2a1b5
[2025-07-24T17:17:44.187+0000] {taskinstance.py:2480} INFO - Exporting env vars: AIRFLOW_CTX_DAG_OWNER='genz-legend' AIRFLOW_CTX_DAG_ID='tune_stream_dag' AIRFLOW_CTX_TASK_ID='Stage_events' AIRFLOW_CTX_EXECUTION_DATE='2023-01-02T08:00:00+00:00' AIRFLOW_CTX_TRY_NUMBER='1' AIRFLOW_CTX_DAG_RUN_ID='scheduled__2023-01-02T08:00:00+00:00'
[2025-07-24T17:17:48.870+0000] {python.py:201} INFO - Done. Returned value was: None
[2025-07-24T17:17:48.886+0000] {taskinstance.py:1138} INFO - Marking task as SUCCESS. dag_id=tune_stream_dag, task_id=Stage_events, execution_date=20230102T080000, start_date=20250724T171743, end_date=20250724T171748
[2025-07-24T17:17:48.942+0000] {local_task_job_runner.py:234} INFO - Task exited with return code 0
[2025-07-24T17:17:48.990+0000] {taskinstance.py:3280} INFO - 1 downstream tasks scheduled from follow-on schedule check
