[2025-07-24T15:25:54.215+0000] {taskinstance.py:1956} INFO - Dependencies all met for dep_context=non-requeueable deps ti=<TaskInstance: tune_stream_dag.Load_song_dim_table scheduled__2023-01-05T00:00:00+00:00 [queued]>
[2025-07-24T15:25:54.224+0000] {taskinstance.py:1956} INFO - Dependencies all met for dep_context=requeueable deps ti=<TaskInstance: tune_stream_dag.Load_song_dim_table scheduled__2023-01-05T00:00:00+00:00 [queued]>
[2025-07-24T15:25:54.225+0000] {taskinstance.py:2170} INFO - Starting attempt 1 of 4
[2025-07-24T15:25:54.237+0000] {taskinstance.py:2191} INFO - Executing <Task(PythonOperator): Load_song_dim_table> on 2023-01-05 00:00:00+00:00
[2025-07-24T15:25:54.246+0000] {standard_task_runner.py:60} INFO - Started process 146 to run task
[2025-07-24T15:25:54.254+0000] {standard_task_runner.py:87} INFO - Running: ['***', 'tasks', 'run', 'tune_stream_dag', 'Load_song_dim_table', 'scheduled__2023-01-05T00:00:00+00:00', '--job-id', '903', '--raw', '--subdir', 'DAGS_FOLDER/etl_pipeline.py', '--cfg-path', '/tmp/tmpuyx_14lj']
[2025-07-24T15:25:54.261+0000] {standard_task_runner.py:88} INFO - Job 903: Subtask Load_song_dim_table
[2025-07-24T15:25:54.362+0000] {task_command.py:423} INFO - Running <TaskInstance: tune_stream_dag.Load_song_dim_table scheduled__2023-01-05T00:00:00+00:00 [running]> on host c53547d84df1
[2025-07-24T15:25:54.469+0000] {taskinstance.py:2480} INFO - Exporting env vars: AIRFLOW_CTX_DAG_OWNER='genz-legend' AIRFLOW_CTX_DAG_ID='tune_stream_dag' AIRFLOW_CTX_TASK_ID='Load_song_dim_table' AIRFLOW_CTX_EXECUTION_DATE='2023-01-05T00:00:00+00:00' AIRFLOW_CTX_TRY_NUMBER='1' AIRFLOW_CTX_DAG_RUN_ID='scheduled__2023-01-05T00:00:00+00:00'
[2025-07-24T15:25:54.491+0000] {python.py:201} INFO - Done. Returned value was: None
[2025-07-24T15:25:54.508+0000] {taskinstance.py:1138} INFO - Marking task as SUCCESS. dag_id=tune_stream_dag, task_id=Load_song_dim_table, execution_date=20230105T000000, start_date=20250724T152554, end_date=20250724T152554
[2025-07-24T15:25:54.549+0000] {local_task_job_runner.py:234} INFO - Task exited with return code 0
[2025-07-24T15:25:54.759+0000] {taskinstance.py:3280} INFO - 0 downstream tasks scheduled from follow-on schedule check
[2025-07-24T17:33:26.870+0000] {taskinstance.py:1956} INFO - Dependencies all met for dep_context=non-requeueable deps ti=<TaskInstance: tune_stream_dag.Load_song_dim_table scheduled__2023-01-05T00:00:00+00:00 [queued]>
[2025-07-24T17:33:26.946+0000] {taskinstance.py:1956} INFO - Dependencies all met for dep_context=requeueable deps ti=<TaskInstance: tune_stream_dag.Load_song_dim_table scheduled__2023-01-05T00:00:00+00:00 [queued]>
[2025-07-24T17:33:26.970+0000] {taskinstance.py:2170} INFO - Starting attempt 1 of 4
[2025-07-24T17:33:27.082+0000] {taskinstance.py:2191} INFO - Executing <Task(PythonOperator): Load_song_dim_table> on 2023-01-05 00:00:00+00:00
[2025-07-24T17:33:27.112+0000] {standard_task_runner.py:60} INFO - Started process 3431 to run task
[2025-07-24T17:33:27.118+0000] {standard_task_runner.py:87} INFO - Running: ['***', 'tasks', 'run', 'tune_stream_dag', 'Load_song_dim_table', 'scheduled__2023-01-05T00:00:00+00:00', '--job-id', '2666', '--raw', '--subdir', 'DAGS_FOLDER/etl_pipeline.py', '--cfg-path', '/tmp/tmp6j6lo2zb']
[2025-07-24T17:33:27.126+0000] {standard_task_runner.py:88} INFO - Job 2666: Subtask Load_song_dim_table
[2025-07-24T17:33:27.514+0000] {task_command.py:423} INFO - Running <TaskInstance: tune_stream_dag.Load_song_dim_table scheduled__2023-01-05T00:00:00+00:00 [running]> on host 5def55d2a1b5
[2025-07-24T17:33:28.670+0000] {taskinstance.py:2480} INFO - Exporting env vars: AIRFLOW_CTX_DAG_OWNER='genz-legend' AIRFLOW_CTX_DAG_ID='tune_stream_dag' AIRFLOW_CTX_TASK_ID='Load_song_dim_table' AIRFLOW_CTX_EXECUTION_DATE='2023-01-05T00:00:00+00:00' AIRFLOW_CTX_TRY_NUMBER='1' AIRFLOW_CTX_DAG_RUN_ID='scheduled__2023-01-05T00:00:00+00:00'
[2025-07-24T17:33:28.949+0000] {python.py:201} INFO - Done. Returned value was: None
[2025-07-24T17:33:28.975+0000] {taskinstance.py:1138} INFO - Marking task as SUCCESS. dag_id=tune_stream_dag, task_id=Load_song_dim_table, execution_date=20230105T000000, start_date=20250724T173326, end_date=20250724T173328
[2025-07-24T17:33:29.203+0000] {local_task_job_runner.py:234} INFO - Task exited with return code 0
[2025-07-24T17:33:29.272+0000] {taskinstance.py:3280} INFO - 0 downstream tasks scheduled from follow-on schedule check
