[2025-07-24T14:18:57.745+0000] {taskinstance.py:1956} INFO - Dependencies all met for dep_context=non-requeueable deps ti=<TaskInstance: tune_stream_dag.Stage_events scheduled__2023-01-03T10:00:00+00:00 [queued]>
[2025-07-24T14:18:57.757+0000] {taskinstance.py:1956} INFO - Dependencies all met for dep_context=requeueable deps ti=<TaskInstance: tune_stream_dag.Stage_events scheduled__2023-01-03T10:00:00+00:00 [queued]>
[2025-07-24T14:18:57.758+0000] {taskinstance.py:2170} INFO - Starting attempt 1 of 4
[2025-07-24T14:18:57.829+0000] {taskinstance.py:2191} INFO - Executing <Task(PythonOperator): Stage_events> on 2023-01-03 10:00:00+00:00
[2025-07-24T14:18:57.839+0000] {standard_task_runner.py:60} INFO - Started process 494 to run task
[2025-07-24T14:18:57.844+0000] {standard_task_runner.py:87} INFO - Running: ['***', 'tasks', 'run', 'tune_stream_dag', 'Stage_events', 'scheduled__2023-01-03T10:00:00+00:00', '--job-id', '499', '--raw', '--subdir', 'DAGS_FOLDER/etl_pipeline.py', '--cfg-path', '/tmp/tmpeo1vvgun']
[2025-07-24T14:18:57.849+0000] {standard_task_runner.py:88} INFO - Job 499: Subtask Stage_events
[2025-07-24T14:18:57.940+0000] {task_command.py:423} INFO - Running <TaskInstance: tune_stream_dag.Stage_events scheduled__2023-01-03T10:00:00+00:00 [running]> on host aea62fae55be
[2025-07-24T14:18:58.033+0000] {taskinstance.py:2480} INFO - Exporting env vars: AIRFLOW_CTX_DAG_OWNER='genz-legend' AIRFLOW_CTX_DAG_ID='tune_stream_dag' AIRFLOW_CTX_TASK_ID='Stage_events' AIRFLOW_CTX_EXECUTION_DATE='2023-01-03T10:00:00+00:00' AIRFLOW_CTX_TRY_NUMBER='1' AIRFLOW_CTX_DAG_RUN_ID='scheduled__2023-01-03T10:00:00+00:00'
[2025-07-24T14:19:00.919+0000] {python.py:201} INFO - Done. Returned value was: None
[2025-07-24T14:19:00.929+0000] {taskinstance.py:1138} INFO - Marking task as SUCCESS. dag_id=tune_stream_dag, task_id=Stage_events, execution_date=20230103T100000, start_date=20250724T141857, end_date=20250724T141900
[2025-07-24T14:19:00.988+0000] {local_task_job_runner.py:234} INFO - Task exited with return code 0
[2025-07-24T14:19:01.014+0000] {taskinstance.py:3280} INFO - 1 downstream tasks scheduled from follow-on schedule check
[2025-07-24T17:25:57.967+0000] {taskinstance.py:1956} INFO - Dependencies all met for dep_context=non-requeueable deps ti=<TaskInstance: tune_stream_dag.Stage_events scheduled__2023-01-03T10:00:00+00:00 [queued]>
[2025-07-24T17:25:58.009+0000] {taskinstance.py:1956} INFO - Dependencies all met for dep_context=requeueable deps ti=<TaskInstance: tune_stream_dag.Stage_events scheduled__2023-01-03T10:00:00+00:00 [queued]>
[2025-07-24T17:25:58.017+0000] {taskinstance.py:2170} INFO - Starting attempt 1 of 4
[2025-07-24T17:25:58.096+0000] {taskinstance.py:2191} INFO - Executing <Task(PythonOperator): Stage_events> on 2023-01-03 10:00:00+00:00
[2025-07-24T17:25:58.182+0000] {standard_task_runner.py:60} INFO - Started process 2140 to run task
[2025-07-24T17:25:58.190+0000] {standard_task_runner.py:87} INFO - Running: ['***', 'tasks', 'run', 'tune_stream_dag', 'Stage_events', 'scheduled__2023-01-03T10:00:00+00:00', '--job-id', '2267', '--raw', '--subdir', 'DAGS_FOLDER/etl_pipeline.py', '--cfg-path', '/tmp/tmp5gp32x76']
[2025-07-24T17:25:58.249+0000] {standard_task_runner.py:88} INFO - Job 2267: Subtask Stage_events
[2025-07-24T17:25:58.594+0000] {task_command.py:423} INFO - Running <TaskInstance: tune_stream_dag.Stage_events scheduled__2023-01-03T10:00:00+00:00 [running]> on host 5def55d2a1b5
[2025-07-24T17:25:59.119+0000] {taskinstance.py:2480} INFO - Exporting env vars: AIRFLOW_CTX_DAG_OWNER='genz-legend' AIRFLOW_CTX_DAG_ID='tune_stream_dag' AIRFLOW_CTX_TASK_ID='Stage_events' AIRFLOW_CTX_EXECUTION_DATE='2023-01-03T10:00:00+00:00' AIRFLOW_CTX_TRY_NUMBER='1' AIRFLOW_CTX_DAG_RUN_ID='scheduled__2023-01-03T10:00:00+00:00'
[2025-07-24T17:26:15.249+0000] {python.py:201} INFO - Done. Returned value was: None
[2025-07-24T17:26:15.343+0000] {taskinstance.py:1138} INFO - Marking task as SUCCESS. dag_id=tune_stream_dag, task_id=Stage_events, execution_date=20230103T100000, start_date=20250724T172557, end_date=20250724T172615
[2025-07-24T17:26:15.861+0000] {local_task_job_runner.py:234} INFO - Task exited with return code 0
[2025-07-24T17:26:23.533+0000] {taskinstance.py:3280} INFO - 0 downstream tasks scheduled from follow-on schedule check
