[2025-07-22T10:19:16.315+0000] {taskinstance.py:1956} INFO - Dependencies all met for dep_context=non-requeueable deps ti=<TaskInstance: tune_stream_dag.Stage_events scheduled__2023-01-01T18:00:00+00:00 [queued]>
[2025-07-22T10:19:16.333+0000] {taskinstance.py:1956} INFO - Dependencies all met for dep_context=requeueable deps ti=<TaskInstance: tune_stream_dag.Stage_events scheduled__2023-01-01T18:00:00+00:00 [queued]>
[2025-07-22T10:19:16.336+0000] {taskinstance.py:2170} INFO - Starting attempt 1 of 4
[2025-07-22T10:19:16.364+0000] {taskinstance.py:2191} INFO - Executing <Task(PythonOperator): Stage_events> on 2023-01-01 18:00:00+00:00
[2025-07-22T10:19:16.386+0000] {standard_task_runner.py:60} INFO - Started process 734 to run task
[2025-07-22T10:19:16.393+0000] {standard_task_runner.py:87} INFO - Running: ['***', 'tasks', 'run', 'tune_stream_dag', 'Stage_events', 'scheduled__2023-01-01T18:00:00+00:00', '--job-id', '193', '--raw', '--subdir', 'DAGS_FOLDER/etl_pipeline.py', '--cfg-path', '/tmp/tmp6rgsodfd']
[2025-07-22T10:19:16.400+0000] {standard_task_runner.py:88} INFO - Job 193: Subtask Stage_events
[2025-07-22T10:19:16.598+0000] {task_command.py:423} INFO - Running <TaskInstance: tune_stream_dag.Stage_events scheduled__2023-01-01T18:00:00+00:00 [running]> on host a2a13a541787
[2025-07-22T10:19:16.850+0000] {taskinstance.py:2480} INFO - Exporting env vars: AIRFLOW_CTX_DAG_OWNER='genz-legend' AIRFLOW_CTX_DAG_ID='tune_stream_dag' AIRFLOW_CTX_TASK_ID='Stage_events' AIRFLOW_CTX_EXECUTION_DATE='2023-01-01T18:00:00+00:00' AIRFLOW_CTX_TRY_NUMBER='1' AIRFLOW_CTX_DAG_RUN_ID='scheduled__2023-01-01T18:00:00+00:00'
[2025-07-22T10:19:16.880+0000] {taskinstance.py:2698} ERROR - Task failed with exception
Traceback (most recent call last):
  File "/home/airflow/.local/lib/python3.8/site-packages/airflow/models/taskinstance.py", line 433, in _execute_task
    result = execute_callable(context=context, **execute_callable_kwargs)
  File "/home/airflow/.local/lib/python3.8/site-packages/airflow/operators/python.py", line 199, in execute
    return_value = self.execute_callable()
  File "/home/airflow/.local/lib/python3.8/site-packages/airflow/operators/python.py", line 216, in execute_callable
    return self.python_callable(*self.op_args, **self.op_kwargs)
  File "/opt/airflow/dags/etl_pipeline.py", line 77, in stage_events
    data = json.load(f)
  File "/usr/local/lib/python3.8/json/__init__.py", line 293, in load
    return loads(fp.read(),
  File "/usr/local/lib/python3.8/json/__init__.py", line 357, in loads
    return _default_decoder.decode(s)
  File "/usr/local/lib/python3.8/json/decoder.py", line 340, in decode
    raise JSONDecodeError("Extra data", s, end)
json.decoder.JSONDecodeError: Extra data: line 2 column 1 (char 457)
[2025-07-22T10:19:16.927+0000] {taskinstance.py:1138} INFO - Marking task as UP_FOR_RETRY. dag_id=tune_stream_dag, task_id=Stage_events, execution_date=20230101T180000, start_date=20250722T101916, end_date=20250722T101916
[2025-07-22T10:19:16.956+0000] {standard_task_runner.py:107} ERROR - Failed to execute job 193 for task Stage_events (Extra data: line 2 column 1 (char 457); 734)
[2025-07-22T10:19:16.981+0000] {local_task_job_runner.py:234} INFO - Task exited with return code 1
[2025-07-22T10:19:17.042+0000] {taskinstance.py:3280} INFO - 0 downstream tasks scheduled from follow-on schedule check
[2025-07-24T15:49:27.040+0000] {taskinstance.py:1956} INFO - Dependencies all met for dep_context=non-requeueable deps ti=<TaskInstance: tune_stream_dag.Stage_events scheduled__2023-01-01T18:00:00+00:00 [queued]>
[2025-07-24T15:49:27.055+0000] {taskinstance.py:1956} INFO - Dependencies all met for dep_context=requeueable deps ti=<TaskInstance: tune_stream_dag.Stage_events scheduled__2023-01-01T18:00:00+00:00 [queued]>
[2025-07-24T15:49:27.057+0000] {taskinstance.py:2170} INFO - Starting attempt 1 of 4
[2025-07-24T15:49:27.077+0000] {taskinstance.py:2191} INFO - Executing <Task(PythonOperator): Stage_events> on 2023-01-01 18:00:00+00:00
[2025-07-24T15:49:27.090+0000] {standard_task_runner.py:60} INFO - Started process 976 to run task
[2025-07-24T15:49:27.095+0000] {standard_task_runner.py:87} INFO - Running: ['***', 'tasks', 'run', 'tune_stream_dag', 'Stage_events', 'scheduled__2023-01-01T18:00:00+00:00', '--job-id', '1155', '--raw', '--subdir', 'DAGS_FOLDER/etl_pipeline.py', '--cfg-path', '/tmp/tmpm03ekjcd']
[2025-07-24T15:49:27.098+0000] {standard_task_runner.py:88} INFO - Job 1155: Subtask Stage_events
[2025-07-24T15:49:27.220+0000] {task_command.py:423} INFO - Running <TaskInstance: tune_stream_dag.Stage_events scheduled__2023-01-01T18:00:00+00:00 [running]> on host c53547d84df1
[2025-07-24T15:49:27.357+0000] {taskinstance.py:2480} INFO - Exporting env vars: AIRFLOW_CTX_DAG_OWNER='genz-legend' AIRFLOW_CTX_DAG_ID='tune_stream_dag' AIRFLOW_CTX_TASK_ID='Stage_events' AIRFLOW_CTX_EXECUTION_DATE='2023-01-01T18:00:00+00:00' AIRFLOW_CTX_TRY_NUMBER='1' AIRFLOW_CTX_DAG_RUN_ID='scheduled__2023-01-01T18:00:00+00:00'
[2025-07-24T15:49:33.166+0000] {python.py:201} INFO - Done. Returned value was: None
[2025-07-24T15:49:33.177+0000] {taskinstance.py:1138} INFO - Marking task as SUCCESS. dag_id=tune_stream_dag, task_id=Stage_events, execution_date=20230101T180000, start_date=20250724T154927, end_date=20250724T154933
[2025-07-24T15:49:33.223+0000] {local_task_job_runner.py:234} INFO - Task exited with return code 0
[2025-07-24T15:49:33.247+0000] {taskinstance.py:3280} INFO - 1 downstream tasks scheduled from follow-on schedule check
[2025-07-24T16:33:24.260+0000] {taskinstance.py:1956} INFO - Dependencies all met for dep_context=non-requeueable deps ti=<TaskInstance: tune_stream_dag.Stage_events scheduled__2023-01-01T18:00:00+00:00 [queued]>
[2025-07-24T16:33:24.305+0000] {taskinstance.py:1956} INFO - Dependencies all met for dep_context=requeueable deps ti=<TaskInstance: tune_stream_dag.Stage_events scheduled__2023-01-01T18:00:00+00:00 [queued]>
[2025-07-24T16:33:24.324+0000] {taskinstance.py:2170} INFO - Starting attempt 1 of 4
[2025-07-24T16:33:24.371+0000] {taskinstance.py:2191} INFO - Executing <Task(PythonOperator): Stage_events> on 2023-01-01 18:00:00+00:00
[2025-07-24T16:33:24.402+0000] {standard_task_runner.py:60} INFO - Started process 1048 to run task
[2025-07-24T16:33:24.413+0000] {standard_task_runner.py:87} INFO - Running: ['***', 'tasks', 'run', 'tune_stream_dag', 'Stage_events', 'scheduled__2023-01-01T18:00:00+00:00', '--job-id', '1560', '--raw', '--subdir', 'DAGS_FOLDER/etl_pipeline.py', '--cfg-path', '/tmp/tmp83tde6j8']
[2025-07-24T16:33:24.433+0000] {standard_task_runner.py:88} INFO - Job 1560: Subtask Stage_events
[2025-07-24T16:33:25.049+0000] {task_command.py:423} INFO - Running <TaskInstance: tune_stream_dag.Stage_events scheduled__2023-01-01T18:00:00+00:00 [running]> on host c53547d84df1
[2025-07-24T16:33:25.871+0000] {taskinstance.py:2480} INFO - Exporting env vars: AIRFLOW_CTX_DAG_OWNER='genz-legend' AIRFLOW_CTX_DAG_ID='tune_stream_dag' AIRFLOW_CTX_TASK_ID='Stage_events' AIRFLOW_CTX_EXECUTION_DATE='2023-01-01T18:00:00+00:00' AIRFLOW_CTX_TRY_NUMBER='1' AIRFLOW_CTX_DAG_RUN_ID='scheduled__2023-01-01T18:00:00+00:00'
[2025-07-24T16:33:42.896+0000] {python.py:201} INFO - Done. Returned value was: None
[2025-07-24T16:33:43.096+0000] {taskinstance.py:1138} INFO - Marking task as SUCCESS. dag_id=tune_stream_dag, task_id=Stage_events, execution_date=20230101T180000, start_date=20250724T163324, end_date=20250724T163343
[2025-07-24T16:33:43.316+0000] {local_task_job_runner.py:234} INFO - Task exited with return code 0
[2025-07-24T16:33:43.751+0000] {taskinstance.py:3280} INFO - 1 downstream tasks scheduled from follow-on schedule check
[2025-07-24T17:12:40.770+0000] {taskinstance.py:1956} INFO - Dependencies all met for dep_context=non-requeueable deps ti=<TaskInstance: tune_stream_dag.Stage_events scheduled__2023-01-01T18:00:00+00:00 [queued]>
[2025-07-24T17:12:40.785+0000] {taskinstance.py:1956} INFO - Dependencies all met for dep_context=requeueable deps ti=<TaskInstance: tune_stream_dag.Stage_events scheduled__2023-01-01T18:00:00+00:00 [queued]>
[2025-07-24T17:12:40.787+0000] {taskinstance.py:2170} INFO - Starting attempt 1 of 4
[2025-07-24T17:12:40.800+0000] {taskinstance.py:2191} INFO - Executing <Task(PythonOperator): Stage_events> on 2023-01-01 18:00:00+00:00
[2025-07-24T17:12:40.809+0000] {standard_task_runner.py:60} INFO - Started process 1075 to run task
[2025-07-24T17:12:40.813+0000] {standard_task_runner.py:87} INFO - Running: ['***', 'tasks', 'run', 'tune_stream_dag', 'Stage_events', 'scheduled__2023-01-01T18:00:00+00:00', '--job-id', '1972', '--raw', '--subdir', 'DAGS_FOLDER/etl_pipeline.py', '--cfg-path', '/tmp/tmpgl_iyzp4']
[2025-07-24T17:12:40.816+0000] {standard_task_runner.py:88} INFO - Job 1972: Subtask Stage_events
[2025-07-24T17:12:40.900+0000] {task_command.py:423} INFO - Running <TaskInstance: tune_stream_dag.Stage_events scheduled__2023-01-01T18:00:00+00:00 [running]> on host 5def55d2a1b5
[2025-07-24T17:12:40.987+0000] {taskinstance.py:2480} INFO - Exporting env vars: AIRFLOW_CTX_DAG_OWNER='genz-legend' AIRFLOW_CTX_DAG_ID='tune_stream_dag' AIRFLOW_CTX_TASK_ID='Stage_events' AIRFLOW_CTX_EXECUTION_DATE='2023-01-01T18:00:00+00:00' AIRFLOW_CTX_TRY_NUMBER='1' AIRFLOW_CTX_DAG_RUN_ID='scheduled__2023-01-01T18:00:00+00:00'
[2025-07-24T17:12:44.250+0000] {python.py:201} INFO - Done. Returned value was: None
[2025-07-24T17:12:44.258+0000] {taskinstance.py:1138} INFO - Marking task as SUCCESS. dag_id=tune_stream_dag, task_id=Stage_events, execution_date=20230101T180000, start_date=20250724T171240, end_date=20250724T171244
[2025-07-24T17:12:44.281+0000] {local_task_job_runner.py:234} INFO - Task exited with return code 0
[2025-07-24T17:12:44.307+0000] {taskinstance.py:3280} INFO - 1 downstream tasks scheduled from follow-on schedule check
