[2025-07-24T13:53:32.740+0000] {taskinstance.py:1956} INFO - Dependencies all met for dep_context=non-requeueable deps ti=<TaskInstance: tune_stream_dag.Load_songplays_fact_table scheduled__2023-01-02T11:00:00+00:00 [queued]>
[2025-07-24T13:53:32.771+0000] {taskinstance.py:1956} INFO - Dependencies all met for dep_context=requeueable deps ti=<TaskInstance: tune_stream_dag.Load_songplays_fact_table scheduled__2023-01-02T11:00:00+00:00 [queued]>
[2025-07-24T13:53:32.775+0000] {taskinstance.py:2170} INFO - Starting attempt 1 of 4
[2025-07-24T13:53:32.815+0000] {taskinstance.py:2191} INFO - Executing <Task(PythonOperator): Load_songplays_fact_table> on 2023-01-02 11:00:00+00:00
[2025-07-24T13:53:32.842+0000] {standard_task_runner.py:60} INFO - Started process 530 to run task
[2025-07-24T13:53:32.861+0000] {standard_task_runner.py:87} INFO - Running: ['***', 'tasks', 'run', 'tune_stream_dag', 'Load_songplays_fact_table', 'scheduled__2023-01-02T11:00:00+00:00', '--job-id', '387', '--raw', '--subdir', 'DAGS_FOLDER/etl_pipeline.py', '--cfg-path', '/tmp/tmp1efwn2pq']
[2025-07-24T13:53:32.879+0000] {standard_task_runner.py:88} INFO - Job 387: Subtask Load_songplays_fact_table
[2025-07-24T13:53:33.119+0000] {task_command.py:423} INFO - Running <TaskInstance: tune_stream_dag.Load_songplays_fact_table scheduled__2023-01-02T11:00:00+00:00 [running]> on host a4bcda7cb679
[2025-07-24T13:53:33.771+0000] {taskinstance.py:2480} INFO - Exporting env vars: AIRFLOW_CTX_DAG_OWNER='genz-legend' AIRFLOW_CTX_DAG_ID='tune_stream_dag' AIRFLOW_CTX_TASK_ID='Load_songplays_fact_table' AIRFLOW_CTX_EXECUTION_DATE='2023-01-02T11:00:00+00:00' AIRFLOW_CTX_TRY_NUMBER='1' AIRFLOW_CTX_DAG_RUN_ID='scheduled__2023-01-02T11:00:00+00:00'
[2025-07-24T13:53:33.791+0000] {taskinstance.py:2698} ERROR - Task failed with exception
Traceback (most recent call last):
  File "/home/airflow/.local/lib/python3.8/site-packages/airflow/models/taskinstance.py", line 433, in _execute_task
    result = execute_callable(context=context, **execute_callable_kwargs)
  File "/home/airflow/.local/lib/python3.8/site-packages/airflow/operators/python.py", line 199, in execute
    return_value = self.execute_callable()
  File "/home/airflow/.local/lib/python3.8/site-packages/airflow/operators/python.py", line 216, in execute_callable
    return self.python_callable(*self.op_args, **self.op_kwargs)
  File "/opt/airflow/dags/etl_pipeline.py", line 168, in <lambda>
    python_callable=lambda: load_table(SqlQueries.songplay_table_insert),
  File "/opt/airflow/dags/etl_pipeline.py", line 127, in load_table
    cur.execute(f"DELETE FROM {query.split()[3]}")
psycopg2.errors.SyntaxError: syntax error at or near ")"
LINE 1: DELETE FROM events.start_time)
                                     ^

[2025-07-24T13:53:33.852+0000] {taskinstance.py:1138} INFO - Marking task as UP_FOR_RETRY. dag_id=tune_stream_dag, task_id=Load_songplays_fact_table, execution_date=20230102T110000, start_date=20250724T135332, end_date=20250724T135333
[2025-07-24T13:53:33.940+0000] {standard_task_runner.py:107} ERROR - Failed to execute job 387 for task Load_songplays_fact_table (syntax error at or near ")"
LINE 1: DELETE FROM events.start_time)
                                     ^
; 530)
[2025-07-24T13:53:33.988+0000] {local_task_job_runner.py:234} INFO - Task exited with return code 1
[2025-07-24T13:53:34.076+0000] {taskinstance.py:3280} INFO - 0 downstream tasks scheduled from follow-on schedule check
[2025-07-24T17:18:12.380+0000] {taskinstance.py:1956} INFO - Dependencies all met for dep_context=non-requeueable deps ti=<TaskInstance: tune_stream_dag.Load_songplays_fact_table scheduled__2023-01-02T11:00:00+00:00 [queued]>
[2025-07-24T17:18:12.429+0000] {taskinstance.py:1956} INFO - Dependencies all met for dep_context=requeueable deps ti=<TaskInstance: tune_stream_dag.Load_songplays_fact_table scheduled__2023-01-02T11:00:00+00:00 [queued]>
[2025-07-24T17:18:12.434+0000] {taskinstance.py:2170} INFO - Starting attempt 1 of 4
[2025-07-24T17:18:12.479+0000] {taskinstance.py:2191} INFO - Executing <Task(PythonOperator): Load_songplays_fact_table> on 2023-01-02 11:00:00+00:00
[2025-07-24T17:18:12.499+0000] {standard_task_runner.py:60} INFO - Started process 1566 to run task
[2025-07-24T17:18:12.513+0000] {standard_task_runner.py:87} INFO - Running: ['***', 'tasks', 'run', 'tune_stream_dag', 'Load_songplays_fact_table', 'scheduled__2023-01-02T11:00:00+00:00', '--job-id', '2107', '--raw', '--subdir', 'DAGS_FOLDER/etl_pipeline.py', '--cfg-path', '/tmp/tmpvaih98bb']
[2025-07-24T17:18:12.524+0000] {standard_task_runner.py:88} INFO - Job 2107: Subtask Load_songplays_fact_table
[2025-07-24T17:18:12.677+0000] {task_command.py:423} INFO - Running <TaskInstance: tune_stream_dag.Load_songplays_fact_table scheduled__2023-01-02T11:00:00+00:00 [running]> on host 5def55d2a1b5
[2025-07-24T17:18:12.943+0000] {taskinstance.py:2480} INFO - Exporting env vars: AIRFLOW_CTX_DAG_OWNER='genz-legend' AIRFLOW_CTX_DAG_ID='tune_stream_dag' AIRFLOW_CTX_TASK_ID='Load_songplays_fact_table' AIRFLOW_CTX_EXECUTION_DATE='2023-01-02T11:00:00+00:00' AIRFLOW_CTX_TRY_NUMBER='1' AIRFLOW_CTX_DAG_RUN_ID='scheduled__2023-01-02T11:00:00+00:00'
[2025-07-24T17:18:13.296+0000] {python.py:201} INFO - Done. Returned value was: None
[2025-07-24T17:18:13.352+0000] {taskinstance.py:1138} INFO - Marking task as SUCCESS. dag_id=tune_stream_dag, task_id=Load_songplays_fact_table, execution_date=20230102T110000, start_date=20250724T171812, end_date=20250724T171813
[2025-07-24T17:18:13.446+0000] {local_task_job_runner.py:234} INFO - Task exited with return code 0
[2025-07-24T17:18:13.537+0000] {taskinstance.py:3280} INFO - 4 downstream tasks scheduled from follow-on schedule check
