[2025-07-24T13:53:15.456+0000] {taskinstance.py:1956} INFO - Dependencies all met for dep_context=non-requeueable deps ti=<TaskInstance: tune_stream_dag.Stage_events scheduled__2023-01-02T13:00:00+00:00 [queued]>
[2025-07-24T13:53:15.485+0000] {taskinstance.py:1956} INFO - Dependencies all met for dep_context=requeueable deps ti=<TaskInstance: tune_stream_dag.Stage_events scheduled__2023-01-02T13:00:00+00:00 [queued]>
[2025-07-24T13:53:15.488+0000] {taskinstance.py:2170} INFO - Starting attempt 1 of 4
[2025-07-24T13:53:15.526+0000] {taskinstance.py:2191} INFO - Executing <Task(PythonOperator): Stage_events> on 2023-01-02 13:00:00+00:00
[2025-07-24T13:53:15.554+0000] {standard_task_runner.py:60} INFO - Started process 490 to run task
[2025-07-24T13:53:15.564+0000] {standard_task_runner.py:87} INFO - Running: ['***', 'tasks', 'run', 'tune_stream_dag', 'Stage_events', 'scheduled__2023-01-02T13:00:00+00:00', '--job-id', '373', '--raw', '--subdir', 'DAGS_FOLDER/etl_pipeline.py', '--cfg-path', '/tmp/tmp3eb4z0g9']
[2025-07-24T13:53:15.576+0000] {standard_task_runner.py:88} INFO - Job 373: Subtask Stage_events
[2025-07-24T13:53:15.937+0000] {task_command.py:423} INFO - Running <TaskInstance: tune_stream_dag.Stage_events scheduled__2023-01-02T13:00:00+00:00 [running]> on host a4bcda7cb679
[2025-07-24T13:53:16.255+0000] {taskinstance.py:2480} INFO - Exporting env vars: AIRFLOW_CTX_DAG_OWNER='genz-legend' AIRFLOW_CTX_DAG_ID='tune_stream_dag' AIRFLOW_CTX_TASK_ID='Stage_events' AIRFLOW_CTX_EXECUTION_DATE='2023-01-02T13:00:00+00:00' AIRFLOW_CTX_TRY_NUMBER='1' AIRFLOW_CTX_DAG_RUN_ID='scheduled__2023-01-02T13:00:00+00:00'
[2025-07-24T13:53:27.259+0000] {python.py:201} INFO - Done. Returned value was: None
[2025-07-24T13:53:27.386+0000] {taskinstance.py:1138} INFO - Marking task as SUCCESS. dag_id=tune_stream_dag, task_id=Stage_events, execution_date=20230102T130000, start_date=20250724T135315, end_date=20250724T135327
[2025-07-24T13:53:29.348+0000] {local_task_job_runner.py:234} INFO - Task exited with return code 0
[2025-07-24T13:53:29.593+0000] {taskinstance.py:3280} INFO - 1 downstream tasks scheduled from follow-on schedule check
[2025-07-24T17:18:23.890+0000] {taskinstance.py:1956} INFO - Dependencies all met for dep_context=non-requeueable deps ti=<TaskInstance: tune_stream_dag.Stage_events scheduled__2023-01-02T13:00:00+00:00 [queued]>
[2025-07-24T17:18:23.904+0000] {taskinstance.py:1956} INFO - Dependencies all met for dep_context=requeueable deps ti=<TaskInstance: tune_stream_dag.Stage_events scheduled__2023-01-02T13:00:00+00:00 [queued]>
[2025-07-24T17:18:23.905+0000] {taskinstance.py:2170} INFO - Starting attempt 1 of 4
[2025-07-24T17:18:23.922+0000] {taskinstance.py:2191} INFO - Executing <Task(PythonOperator): Stage_events> on 2023-01-02 13:00:00+00:00
[2025-07-24T17:18:23.935+0000] {standard_task_runner.py:60} INFO - Started process 1609 to run task
[2025-07-24T17:18:23.941+0000] {standard_task_runner.py:87} INFO - Running: ['***', 'tasks', 'run', 'tune_stream_dag', 'Stage_events', 'scheduled__2023-01-02T13:00:00+00:00', '--job-id', '2122', '--raw', '--subdir', 'DAGS_FOLDER/etl_pipeline.py', '--cfg-path', '/tmp/tmp6z9_26an']
[2025-07-24T17:18:23.948+0000] {standard_task_runner.py:88} INFO - Job 2122: Subtask Stage_events
[2025-07-24T17:18:24.056+0000] {task_command.py:423} INFO - Running <TaskInstance: tune_stream_dag.Stage_events scheduled__2023-01-02T13:00:00+00:00 [running]> on host 5def55d2a1b5
[2025-07-24T17:18:24.160+0000] {taskinstance.py:2480} INFO - Exporting env vars: AIRFLOW_CTX_DAG_OWNER='genz-legend' AIRFLOW_CTX_DAG_ID='tune_stream_dag' AIRFLOW_CTX_TASK_ID='Stage_events' AIRFLOW_CTX_EXECUTION_DATE='2023-01-02T13:00:00+00:00' AIRFLOW_CTX_TRY_NUMBER='1' AIRFLOW_CTX_DAG_RUN_ID='scheduled__2023-01-02T13:00:00+00:00'
[2025-07-24T17:18:28.391+0000] {python.py:201} INFO - Done. Returned value was: None
[2025-07-24T17:18:28.401+0000] {taskinstance.py:1138} INFO - Marking task as SUCCESS. dag_id=tune_stream_dag, task_id=Stage_events, execution_date=20230102T130000, start_date=20250724T171823, end_date=20250724T171828
[2025-07-24T17:18:28.456+0000] {local_task_job_runner.py:234} INFO - Task exited with return code 0
[2025-07-24T17:18:28.482+0000] {taskinstance.py:3280} INFO - 1 downstream tasks scheduled from follow-on schedule check
