[2025-07-24T18:13:08.693+0000] {taskinstance.py:1956} INFO - Dependencies all met for dep_context=non-requeueable deps ti=<TaskInstance: tune_stream_dag.data_quality_checks scheduled__2023-01-10T16:00:00+00:00 [queued]>
[2025-07-24T18:13:08.703+0000] {taskinstance.py:1956} INFO - Dependencies all met for dep_context=requeueable deps ti=<TaskInstance: tune_stream_dag.data_quality_checks scheduled__2023-01-10T16:00:00+00:00 [queued]>
[2025-07-24T18:13:08.704+0000] {taskinstance.py:2170} INFO - Starting attempt 1 of 4
[2025-07-24T18:13:08.720+0000] {taskinstance.py:2191} INFO - Executing <Task(PythonOperator): data_quality_checks> on 2023-01-10 16:00:00+00:00
[2025-07-24T18:13:08.727+0000] {standard_task_runner.py:60} INFO - Started process 7298 to run task
[2025-07-24T18:13:08.731+0000] {standard_task_runner.py:87} INFO - Running: ['***', 'tasks', 'run', 'tune_stream_dag', 'data_quality_checks', 'scheduled__2023-01-10T16:00:00+00:00', '--job-id', '3788', '--raw', '--subdir', 'DAGS_FOLDER/etl_pipeline.py', '--cfg-path', '/tmp/tmpuj9y76rx']
[2025-07-24T18:13:08.735+0000] {standard_task_runner.py:88} INFO - Job 3788: Subtask data_quality_checks
[2025-07-24T18:13:08.834+0000] {task_command.py:423} INFO - Running <TaskInstance: tune_stream_dag.data_quality_checks scheduled__2023-01-10T16:00:00+00:00 [running]> on host 5def55d2a1b5
[2025-07-24T18:13:08.938+0000] {taskinstance.py:2480} INFO - Exporting env vars: AIRFLOW_CTX_DAG_OWNER='genz-legend' AIRFLOW_CTX_DAG_ID='tune_stream_dag' AIRFLOW_CTX_TASK_ID='data_quality_checks' AIRFLOW_CTX_EXECUTION_DATE='2023-01-10T16:00:00+00:00' AIRFLOW_CTX_TRY_NUMBER='1' AIRFLOW_CTX_DAG_RUN_ID='scheduled__2023-01-10T16:00:00+00:00'
[2025-07-24T18:13:08.948+0000] {logging_mixin.py:188} INFO - songplays passed check: is not empty
[2025-07-24T18:13:08.950+0000] {logging_mixin.py:188} INFO - users passed check: is not empty
[2025-07-24T18:13:08.954+0000] {logging_mixin.py:188} INFO - songs passed check: is not empty
[2025-07-24T18:13:08.956+0000] {logging_mixin.py:188} INFO - artists passed check: is not empty
[2025-07-24T18:13:08.957+0000] {logging_mixin.py:188} INFO - time passed check: is not empty
[2025-07-24T18:13:08.959+0000] {logging_mixin.py:188} INFO - songplays passed check: has no NULL playid
[2025-07-24T18:13:08.960+0000] {logging_mixin.py:188} INFO - users passed check: has no NULL userid
[2025-07-24T18:13:08.961+0000] {logging_mixin.py:188} INFO - songs passed check: has no NULL songid
[2025-07-24T18:13:08.962+0000] {taskinstance.py:2698} ERROR - Task failed with exception
Traceback (most recent call last):
  File "/home/airflow/.local/lib/python3.8/site-packages/airflow/models/taskinstance.py", line 433, in _execute_task
    result = execute_callable(context=context, **execute_callable_kwargs)
  File "/home/airflow/.local/lib/python3.8/site-packages/airflow/operators/python.py", line 199, in execute
    return_value = self.execute_callable()
  File "/home/airflow/.local/lib/python3.8/site-packages/airflow/operators/python.py", line 216, in execute_callable
    return self.python_callable(*self.op_args, **self.op_kwargs)
  File "/opt/airflow/dags/etl_pipeline.py", line 168, in check_quality
    cur.execute(query)
psycopg2.errors.UndefinedColumn: column "artist_id" does not exist
LINE 1: SELECT COUNT(*) FROM artists WHERE artist_id IS NULL
                                           ^
HINT:  Perhaps you meant to reference the column "artists.artistid".

[2025-07-24T18:13:08.981+0000] {taskinstance.py:1138} INFO - Marking task as UP_FOR_RETRY. dag_id=tune_stream_dag, task_id=data_quality_checks, execution_date=20230110T160000, start_date=20250724T181308, end_date=20250724T181308
[2025-07-24T18:13:08.998+0000] {standard_task_runner.py:107} ERROR - Failed to execute job 3788 for task data_quality_checks (column "artist_id" does not exist
LINE 1: SELECT COUNT(*) FROM artists WHERE artist_id IS NULL
                                           ^
HINT:  Perhaps you meant to reference the column "artists.artistid".
; 7298)
[2025-07-24T18:13:09.024+0000] {local_task_job_runner.py:234} INFO - Task exited with return code 1
[2025-07-24T18:13:09.137+0000] {taskinstance.py:3280} INFO - 0 downstream tasks scheduled from follow-on schedule check
