[2025-07-24T18:18:20.469+0000] {taskinstance.py:1956} INFO - Dependencies all met for dep_context=non-requeueable deps ti=<TaskInstance: tune_stream_dag.data_quality_checks scheduled__2023-01-10T16:00:00+00:00 [queued]>
[2025-07-24T18:18:20.481+0000] {taskinstance.py:1956} INFO - Dependencies all met for dep_context=requeueable deps ti=<TaskInstance: tune_stream_dag.data_quality_checks scheduled__2023-01-10T16:00:00+00:00 [queued]>
[2025-07-24T18:18:20.482+0000] {taskinstance.py:2170} INFO - Starting attempt 2 of 4
[2025-07-24T18:18:20.588+0000] {taskinstance.py:2191} INFO - Executing <Task(PythonOperator): data_quality_checks> on 2023-01-10 16:00:00+00:00
[2025-07-24T18:18:20.610+0000] {standard_task_runner.py:60} INFO - Started process 7944 to run task
[2025-07-24T18:18:20.655+0000] {standard_task_runner.py:87} INFO - Running: ['***', 'tasks', 'run', 'tune_stream_dag', 'data_quality_checks', 'scheduled__2023-01-10T16:00:00+00:00', '--job-id', '3976', '--raw', '--subdir', 'DAGS_FOLDER/etl_pipeline.py', '--cfg-path', '/tmp/tmpiv64fqzn']
[2025-07-24T18:18:20.669+0000] {standard_task_runner.py:88} INFO - Job 3976: Subtask data_quality_checks
[2025-07-24T18:18:21.540+0000] {task_command.py:423} INFO - Running <TaskInstance: tune_stream_dag.data_quality_checks scheduled__2023-01-10T16:00:00+00:00 [running]> on host 5def55d2a1b5
[2025-07-24T18:18:22.019+0000] {taskinstance.py:2480} INFO - Exporting env vars: AIRFLOW_CTX_DAG_OWNER='genz-legend' AIRFLOW_CTX_DAG_ID='tune_stream_dag' AIRFLOW_CTX_TASK_ID='data_quality_checks' AIRFLOW_CTX_EXECUTION_DATE='2023-01-10T16:00:00+00:00' AIRFLOW_CTX_TRY_NUMBER='2' AIRFLOW_CTX_DAG_RUN_ID='scheduled__2023-01-10T16:00:00+00:00'
[2025-07-24T18:18:25.714+0000] {logging_mixin.py:188} INFO - songplays passed check: is not empty
[2025-07-24T18:18:25.720+0000] {logging_mixin.py:188} INFO - users passed check: is not empty
[2025-07-24T18:18:25.723+0000] {logging_mixin.py:188} INFO - songs passed check: is not empty
[2025-07-24T18:18:25.728+0000] {logging_mixin.py:188} INFO - artists passed check: is not empty
[2025-07-24T18:18:25.733+0000] {logging_mixin.py:188} INFO - time passed check: is not empty
[2025-07-24T18:18:25.741+0000] {logging_mixin.py:188} INFO - songplays passed check: has no NULL playid
[2025-07-24T18:18:25.745+0000] {logging_mixin.py:188} INFO - users passed check: has no NULL userid
[2025-07-24T18:18:25.749+0000] {logging_mixin.py:188} INFO - songs passed check: has no NULL songid
[2025-07-24T18:18:25.756+0000] {logging_mixin.py:188} INFO - artists passed check: has no NULL artistid
[2025-07-24T18:18:25.761+0000] {logging_mixin.py:188} INFO - time passed check: has no NULL start_time
[2025-07-24T18:18:25.801+0000] {logging_mixin.py:188} INFO - songplays passed check: has unique playid
[2025-07-24T18:18:25.809+0000] {logging_mixin.py:188} INFO - users passed check: has unique userid
[2025-07-24T18:18:25.814+0000] {logging_mixin.py:188} INFO - songs passed check: has unique songid
[2025-07-24T18:18:25.830+0000] {logging_mixin.py:188} INFO - artists passed check: has unique artistid
[2025-07-24T18:18:25.867+0000] {logging_mixin.py:188} INFO - time passed check: has unique start_time
[2025-07-24T18:18:25.870+0000] {python.py:201} INFO - Done. Returned value was: None
[2025-07-24T18:18:25.948+0000] {taskinstance.py:1138} INFO - Marking task as SUCCESS. dag_id=tune_stream_dag, task_id=data_quality_checks, execution_date=20230110T160000, start_date=20250724T181820, end_date=20250724T181825
[2025-07-24T18:18:26.226+0000] {local_task_job_runner.py:234} INFO - Task exited with return code 0
[2025-07-24T18:18:26.247+0000] {taskinstance.py:3280} INFO - 0 downstream tasks scheduled from follow-on schedule check
