[2025-07-24T14:46:02.606+0000] {taskinstance.py:1956} INFO - Dependencies all met for dep_context=non-requeueable deps ti=<TaskInstance: tune_stream_dag.Load_songplays_fact_table scheduled__2023-01-04T09:00:00+00:00 [queued]>
[2025-07-24T14:46:02.635+0000] {taskinstance.py:1956} INFO - Dependencies all met for dep_context=requeueable deps ti=<TaskInstance: tune_stream_dag.Load_songplays_fact_table scheduled__2023-01-04T09:00:00+00:00 [queued]>
[2025-07-24T14:46:02.636+0000] {taskinstance.py:2170} INFO - Starting attempt 1 of 4
[2025-07-24T14:46:02.728+0000] {taskinstance.py:2191} INFO - Executing <Task(PythonOperator): Load_songplays_fact_table> on 2023-01-04 09:00:00+00:00
[2025-07-24T14:46:02.741+0000] {standard_task_runner.py:60} INFO - Started process 526 to run task
[2025-07-24T14:46:02.748+0000] {standard_task_runner.py:87} INFO - Running: ['***', 'tasks', 'run', 'tune_stream_dag', 'Load_songplays_fact_table', 'scheduled__2023-01-04T09:00:00+00:00', '--job-id', '675', '--raw', '--subdir', 'DAGS_FOLDER/etl_pipeline.py', '--cfg-path', '/tmp/tmp4ot5zy6m']
[2025-07-24T14:46:02.757+0000] {standard_task_runner.py:88} INFO - Job 675: Subtask Load_songplays_fact_table
[2025-07-24T14:46:02.877+0000] {task_command.py:423} INFO - Running <TaskInstance: tune_stream_dag.Load_songplays_fact_table scheduled__2023-01-04T09:00:00+00:00 [running]> on host aea62fae55be
[2025-07-24T14:46:03.005+0000] {taskinstance.py:2480} INFO - Exporting env vars: AIRFLOW_CTX_DAG_OWNER='genz-legend' AIRFLOW_CTX_DAG_ID='tune_stream_dag' AIRFLOW_CTX_TASK_ID='Load_songplays_fact_table' AIRFLOW_CTX_EXECUTION_DATE='2023-01-04T09:00:00+00:00' AIRFLOW_CTX_TRY_NUMBER='1' AIRFLOW_CTX_DAG_RUN_ID='scheduled__2023-01-04T09:00:00+00:00'
[2025-07-24T14:46:03.010+0000] {taskinstance.py:2698} ERROR - Task failed with exception
Traceback (most recent call last):
  File "/home/airflow/.local/lib/python3.8/site-packages/airflow/models/taskinstance.py", line 433, in _execute_task
    result = execute_callable(context=context, **execute_callable_kwargs)
  File "/home/airflow/.local/lib/python3.8/site-packages/airflow/operators/python.py", line 199, in execute
    return_value = self.execute_callable()
  File "/home/airflow/.local/lib/python3.8/site-packages/airflow/operators/python.py", line 216, in execute_callable
    return self.python_callable(*self.op_args, **self.op_kwargs)
  File "/opt/airflow/dags/etl_pipeline.py", line 170, in <lambda>
    python_callable=lambda: load_table(SqlQueries.songplay_table_insert),
TypeError: load_table() missing 1 required positional argument: 'table'
[2025-07-24T14:46:03.038+0000] {taskinstance.py:1138} INFO - Marking task as UP_FOR_RETRY. dag_id=tune_stream_dag, task_id=Load_songplays_fact_table, execution_date=20230104T090000, start_date=20250724T144602, end_date=20250724T144603
[2025-07-24T14:46:03.058+0000] {standard_task_runner.py:107} ERROR - Failed to execute job 675 for task Load_songplays_fact_table (load_table() missing 1 required positional argument: 'table'; 526)
[2025-07-24T14:46:03.087+0000] {local_task_job_runner.py:234} INFO - Task exited with return code 1
[2025-07-24T14:46:03.373+0000] {taskinstance.py:3280} INFO - 0 downstream tasks scheduled from follow-on schedule check
[2025-07-24T17:30:25.704+0000] {taskinstance.py:1956} INFO - Dependencies all met for dep_context=non-requeueable deps ti=<TaskInstance: tune_stream_dag.Load_songplays_fact_table scheduled__2023-01-04T09:00:00+00:00 [queued]>
[2025-07-24T17:30:25.714+0000] {taskinstance.py:1956} INFO - Dependencies all met for dep_context=requeueable deps ti=<TaskInstance: tune_stream_dag.Load_songplays_fact_table scheduled__2023-01-04T09:00:00+00:00 [queued]>
[2025-07-24T17:30:25.715+0000] {taskinstance.py:2170} INFO - Starting attempt 1 of 4
[2025-07-24T17:30:25.845+0000] {taskinstance.py:2191} INFO - Executing <Task(PythonOperator): Load_songplays_fact_table> on 2023-01-04 09:00:00+00:00
[2025-07-24T17:30:25.896+0000] {standard_task_runner.py:60} INFO - Started process 2890 to run task
[2025-07-24T17:30:25.901+0000] {standard_task_runner.py:87} INFO - Running: ['***', 'tasks', 'run', 'tune_stream_dag', 'Load_songplays_fact_table', 'scheduled__2023-01-04T09:00:00+00:00', '--job-id', '2505', '--raw', '--subdir', 'DAGS_FOLDER/etl_pipeline.py', '--cfg-path', '/tmp/tmppcf9t_u8']
[2025-07-24T17:30:25.934+0000] {standard_task_runner.py:88} INFO - Job 2505: Subtask Load_songplays_fact_table
[2025-07-24T17:30:26.206+0000] {task_command.py:423} INFO - Running <TaskInstance: tune_stream_dag.Load_songplays_fact_table scheduled__2023-01-04T09:00:00+00:00 [running]> on host 5def55d2a1b5
[2025-07-24T17:30:26.422+0000] {taskinstance.py:2480} INFO - Exporting env vars: AIRFLOW_CTX_DAG_OWNER='genz-legend' AIRFLOW_CTX_DAG_ID='tune_stream_dag' AIRFLOW_CTX_TASK_ID='Load_songplays_fact_table' AIRFLOW_CTX_EXECUTION_DATE='2023-01-04T09:00:00+00:00' AIRFLOW_CTX_TRY_NUMBER='1' AIRFLOW_CTX_DAG_RUN_ID='scheduled__2023-01-04T09:00:00+00:00'
[2025-07-24T17:30:56.189+0000] {python.py:201} INFO - Done. Returned value was: None
[2025-07-24T17:30:56.221+0000] {taskinstance.py:1138} INFO - Marking task as SUCCESS. dag_id=tune_stream_dag, task_id=Load_songplays_fact_table, execution_date=20230104T090000, start_date=20250724T173025, end_date=20250724T173056
[2025-07-24T17:30:56.308+0000] {local_task_job_runner.py:234} INFO - Task exited with return code 0
[2025-07-24T17:30:56.358+0000] {taskinstance.py:3280} INFO - 4 downstream tasks scheduled from follow-on schedule check
