[2025-07-24T15:22:51.476+0000] {taskinstance.py:1956} INFO - Dependencies all met for dep_context=non-requeueable deps ti=<TaskInstance: tune_stream_dag.Stage_songs scheduled__2023-01-05T09:00:00+00:00 [queued]>
[2025-07-24T15:22:51.484+0000] {taskinstance.py:1956} INFO - Dependencies all met for dep_context=requeueable deps ti=<TaskInstance: tune_stream_dag.Stage_songs scheduled__2023-01-05T09:00:00+00:00 [queued]>
[2025-07-24T15:22:51.485+0000] {taskinstance.py:2170} INFO - Starting attempt 1 of 4
[2025-07-24T15:22:51.792+0000] {taskinstance.py:2191} INFO - Executing <Task(PythonOperator): Stage_songs> on 2023-01-05 09:00:00+00:00
[2025-07-24T15:22:51.807+0000] {standard_task_runner.py:60} INFO - Started process 862 to run task
[2025-07-24T15:22:51.816+0000] {standard_task_runner.py:87} INFO - Running: ['***', 'tasks', 'run', 'tune_stream_dag', 'Stage_songs', 'scheduled__2023-01-05T09:00:00+00:00', '--job-id', '885', '--raw', '--subdir', 'DAGS_FOLDER/etl_pipeline.py', '--cfg-path', '/tmp/tmp2r07sal0']
[2025-07-24T15:22:51.824+0000] {standard_task_runner.py:88} INFO - Job 885: Subtask Stage_songs
[2025-07-24T15:22:52.026+0000] {task_command.py:423} INFO - Running <TaskInstance: tune_stream_dag.Stage_songs scheduled__2023-01-05T09:00:00+00:00 [running]> on host c53547d84df1
[2025-07-24T15:22:52.223+0000] {taskinstance.py:2480} INFO - Exporting env vars: AIRFLOW_CTX_DAG_OWNER='genz-legend' AIRFLOW_CTX_DAG_ID='tune_stream_dag' AIRFLOW_CTX_TASK_ID='Stage_songs' AIRFLOW_CTX_EXECUTION_DATE='2023-01-05T09:00:00+00:00' AIRFLOW_CTX_TRY_NUMBER='1' AIRFLOW_CTX_DAG_RUN_ID='scheduled__2023-01-05T09:00:00+00:00'
[2025-07-24T15:22:55.326+0000] {python.py:201} INFO - Done. Returned value was: None
[2025-07-24T15:22:55.352+0000] {taskinstance.py:1138} INFO - Marking task as SUCCESS. dag_id=tune_stream_dag, task_id=Stage_songs, execution_date=20230105T090000, start_date=20250724T152251, end_date=20250724T152255
[2025-07-24T15:22:56.630+0000] {local_task_job_runner.py:234} INFO - Task exited with return code 0
[2025-07-24T15:22:56.651+0000] {taskinstance.py:3280} INFO - 0 downstream tasks scheduled from follow-on schedule check
[2025-07-24T17:32:13.120+0000] {taskinstance.py:1956} INFO - Dependencies all met for dep_context=non-requeueable deps ti=<TaskInstance: tune_stream_dag.Stage_songs scheduled__2023-01-05T09:00:00+00:00 [queued]>
[2025-07-24T17:32:13.141+0000] {taskinstance.py:1956} INFO - Dependencies all met for dep_context=requeueable deps ti=<TaskInstance: tune_stream_dag.Stage_songs scheduled__2023-01-05T09:00:00+00:00 [queued]>
[2025-07-24T17:32:13.143+0000] {taskinstance.py:2170} INFO - Starting attempt 1 of 4
[2025-07-24T17:32:13.168+0000] {taskinstance.py:2191} INFO - Executing <Task(PythonOperator): Stage_songs> on 2023-01-05 09:00:00+00:00
[2025-07-24T17:32:13.180+0000] {standard_task_runner.py:60} INFO - Started process 3276 to run task
[2025-07-24T17:32:13.187+0000] {standard_task_runner.py:87} INFO - Running: ['***', 'tasks', 'run', 'tune_stream_dag', 'Stage_songs', 'scheduled__2023-01-05T09:00:00+00:00', '--job-id', '2624', '--raw', '--subdir', 'DAGS_FOLDER/etl_pipeline.py', '--cfg-path', '/tmp/tmpx5lz2hma']
[2025-07-24T17:32:13.192+0000] {standard_task_runner.py:88} INFO - Job 2624: Subtask Stage_songs
[2025-07-24T17:32:13.323+0000] {task_command.py:423} INFO - Running <TaskInstance: tune_stream_dag.Stage_songs scheduled__2023-01-05T09:00:00+00:00 [running]> on host 5def55d2a1b5
[2025-07-24T17:32:13.430+0000] {taskinstance.py:2480} INFO - Exporting env vars: AIRFLOW_CTX_DAG_OWNER='genz-legend' AIRFLOW_CTX_DAG_ID='tune_stream_dag' AIRFLOW_CTX_TASK_ID='Stage_songs' AIRFLOW_CTX_EXECUTION_DATE='2023-01-05T09:00:00+00:00' AIRFLOW_CTX_TRY_NUMBER='1' AIRFLOW_CTX_DAG_RUN_ID='scheduled__2023-01-05T09:00:00+00:00'
[2025-07-24T17:32:14.327+0000] {python.py:201} INFO - Done. Returned value was: None
[2025-07-24T17:32:14.346+0000] {taskinstance.py:1138} INFO - Marking task as SUCCESS. dag_id=tune_stream_dag, task_id=Stage_songs, execution_date=20230105T090000, start_date=20250724T173213, end_date=20250724T173214
[2025-07-24T17:32:14.405+0000] {local_task_job_runner.py:234} INFO - Task exited with return code 0
[2025-07-24T17:32:14.469+0000] {taskinstance.py:3280} INFO - 0 downstream tasks scheduled from follow-on schedule check
