[2025-07-24T13:52:29.972+0000] {taskinstance.py:1956} INFO - Dependencies all met for dep_context=non-requeueable deps ti=<TaskInstance: tune_stream_dag.Load_songplays_fact_table scheduled__2023-01-02T06:00:00+00:00 [queued]>
[2025-07-24T13:52:29.990+0000] {taskinstance.py:1956} INFO - Dependencies all met for dep_context=requeueable deps ti=<TaskInstance: tune_stream_dag.Load_songplays_fact_table scheduled__2023-01-02T06:00:00+00:00 [queued]>
[2025-07-24T13:52:29.992+0000] {taskinstance.py:2170} INFO - Starting attempt 1 of 4
[2025-07-24T13:52:30.030+0000] {taskinstance.py:2191} INFO - Executing <Task(PythonOperator): Load_songplays_fact_table> on 2023-01-02 06:00:00+00:00
[2025-07-24T13:52:30.047+0000] {standard_task_runner.py:60} INFO - Started process 398 to run task
[2025-07-24T13:52:30.061+0000] {standard_task_runner.py:87} INFO - Running: ['***', 'tasks', 'run', 'tune_stream_dag', 'Load_songplays_fact_table', 'scheduled__2023-01-02T06:00:00+00:00', '--job-id', '349', '--raw', '--subdir', 'DAGS_FOLDER/etl_pipeline.py', '--cfg-path', '/tmp/tmpbv2od4it']
[2025-07-24T13:52:30.067+0000] {standard_task_runner.py:88} INFO - Job 349: Subtask Load_songplays_fact_table
[2025-07-24T13:52:30.190+0000] {task_command.py:423} INFO - Running <TaskInstance: tune_stream_dag.Load_songplays_fact_table scheduled__2023-01-02T06:00:00+00:00 [running]> on host a4bcda7cb679
[2025-07-24T13:52:30.325+0000] {taskinstance.py:2480} INFO - Exporting env vars: AIRFLOW_CTX_DAG_OWNER='genz-legend' AIRFLOW_CTX_DAG_ID='tune_stream_dag' AIRFLOW_CTX_TASK_ID='Load_songplays_fact_table' AIRFLOW_CTX_EXECUTION_DATE='2023-01-02T06:00:00+00:00' AIRFLOW_CTX_TRY_NUMBER='1' AIRFLOW_CTX_DAG_RUN_ID='scheduled__2023-01-02T06:00:00+00:00'
[2025-07-24T13:52:30.336+0000] {taskinstance.py:2698} ERROR - Task failed with exception
Traceback (most recent call last):
  File "/home/airflow/.local/lib/python3.8/site-packages/airflow/models/taskinstance.py", line 433, in _execute_task
    result = execute_callable(context=context, **execute_callable_kwargs)
  File "/home/airflow/.local/lib/python3.8/site-packages/airflow/operators/python.py", line 199, in execute
    return_value = self.execute_callable()
  File "/home/airflow/.local/lib/python3.8/site-packages/airflow/operators/python.py", line 216, in execute_callable
    return self.python_callable(*self.op_args, **self.op_kwargs)
  File "/opt/airflow/dags/etl_pipeline.py", line 168, in <lambda>
    python_callable=lambda: load_table(SqlQueries.songplay_table_insert),
  File "/opt/airflow/dags/etl_pipeline.py", line 127, in load_table
    cur.execute(f"DELETE FROM {query.split()[3]}")
psycopg2.errors.SyntaxError: syntax error at or near ")"
LINE 1: DELETE FROM events.start_time)
                                     ^

[2025-07-24T13:52:30.356+0000] {taskinstance.py:1138} INFO - Marking task as UP_FOR_RETRY. dag_id=tune_stream_dag, task_id=Load_songplays_fact_table, execution_date=20230102T060000, start_date=20250724T135229, end_date=20250724T135230
[2025-07-24T13:52:30.377+0000] {standard_task_runner.py:107} ERROR - Failed to execute job 349 for task Load_songplays_fact_table (syntax error at or near ")"
LINE 1: DELETE FROM events.start_time)
                                     ^
; 398)
[2025-07-24T13:52:30.433+0000] {local_task_job_runner.py:234} INFO - Task exited with return code 1
[2025-07-24T13:52:30.461+0000] {taskinstance.py:3280} INFO - 0 downstream tasks scheduled from follow-on schedule check
[2025-07-24T16:04:26.843+0000] {taskinstance.py:1956} INFO - Dependencies all met for dep_context=non-requeueable deps ti=<TaskInstance: tune_stream_dag.Load_songplays_fact_table scheduled__2023-01-02T06:00:00+00:00 [queued]>
[2025-07-24T16:04:26.856+0000] {taskinstance.py:1956} INFO - Dependencies all met for dep_context=requeueable deps ti=<TaskInstance: tune_stream_dag.Load_songplays_fact_table scheduled__2023-01-02T06:00:00+00:00 [queued]>
[2025-07-24T16:04:26.857+0000] {taskinstance.py:2170} INFO - Starting attempt 1 of 4
[2025-07-24T16:04:26.877+0000] {taskinstance.py:2191} INFO - Executing <Task(PythonOperator): Load_songplays_fact_table> on 2023-01-02 06:00:00+00:00
[2025-07-24T16:04:26.884+0000] {standard_task_runner.py:60} INFO - Started process 1585 to run task
[2025-07-24T16:04:26.890+0000] {standard_task_runner.py:87} INFO - Running: ['***', 'tasks', 'run', 'tune_stream_dag', 'Load_songplays_fact_table', 'scheduled__2023-01-02T06:00:00+00:00', '--job-id', '1286', '--raw', '--subdir', 'DAGS_FOLDER/etl_pipeline.py', '--cfg-path', '/tmp/tmp15rlejz3']
[2025-07-24T16:04:26.894+0000] {standard_task_runner.py:88} INFO - Job 1286: Subtask Load_songplays_fact_table
[2025-07-24T16:04:26.968+0000] {task_command.py:423} INFO - Running <TaskInstance: tune_stream_dag.Load_songplays_fact_table scheduled__2023-01-02T06:00:00+00:00 [running]> on host c53547d84df1
[2025-07-24T16:04:27.078+0000] {taskinstance.py:2480} INFO - Exporting env vars: AIRFLOW_CTX_DAG_OWNER='genz-legend' AIRFLOW_CTX_DAG_ID='tune_stream_dag' AIRFLOW_CTX_TASK_ID='Load_songplays_fact_table' AIRFLOW_CTX_EXECUTION_DATE='2023-01-02T06:00:00+00:00' AIRFLOW_CTX_TRY_NUMBER='1' AIRFLOW_CTX_DAG_RUN_ID='scheduled__2023-01-02T06:00:00+00:00'
[2025-07-24T16:04:27.128+0000] {python.py:201} INFO - Done. Returned value was: None
[2025-07-24T16:04:27.139+0000] {taskinstance.py:1138} INFO - Marking task as SUCCESS. dag_id=tune_stream_dag, task_id=Load_songplays_fact_table, execution_date=20230102T060000, start_date=20250724T160426, end_date=20250724T160427
[2025-07-24T16:04:27.183+0000] {local_task_job_runner.py:234} INFO - Task exited with return code 0
[2025-07-24T16:04:27.215+0000] {taskinstance.py:3280} INFO - 4 downstream tasks scheduled from follow-on schedule check
[2025-07-24T16:35:15.635+0000] {taskinstance.py:1956} INFO - Dependencies all met for dep_context=non-requeueable deps ti=<TaskInstance: tune_stream_dag.Load_songplays_fact_table scheduled__2023-01-02T06:00:00+00:00 [queued]>
[2025-07-24T16:35:15.716+0000] {taskinstance.py:1956} INFO - Dependencies all met for dep_context=requeueable deps ti=<TaskInstance: tune_stream_dag.Load_songplays_fact_table scheduled__2023-01-02T06:00:00+00:00 [queued]>
[2025-07-24T16:35:15.718+0000] {taskinstance.py:2170} INFO - Starting attempt 1 of 4
[2025-07-24T16:35:15.797+0000] {taskinstance.py:2191} INFO - Executing <Task(PythonOperator): Load_songplays_fact_table> on 2023-01-02 06:00:00+00:00
[2025-07-24T16:35:15.831+0000] {standard_task_runner.py:60} INFO - Started process 1386 to run task
[2025-07-24T16:35:15.837+0000] {standard_task_runner.py:87} INFO - Running: ['***', 'tasks', 'run', 'tune_stream_dag', 'Load_songplays_fact_table', 'scheduled__2023-01-02T06:00:00+00:00', '--job-id', '1667', '--raw', '--subdir', 'DAGS_FOLDER/etl_pipeline.py', '--cfg-path', '/tmp/tmp_alghkgc']
[2025-07-24T16:35:15.885+0000] {standard_task_runner.py:88} INFO - Job 1667: Subtask Load_songplays_fact_table
[2025-07-24T16:35:16.034+0000] {task_command.py:423} INFO - Running <TaskInstance: tune_stream_dag.Load_songplays_fact_table scheduled__2023-01-02T06:00:00+00:00 [running]> on host c53547d84df1
[2025-07-24T16:35:16.970+0000] {taskinstance.py:2480} INFO - Exporting env vars: AIRFLOW_CTX_DAG_OWNER='genz-legend' AIRFLOW_CTX_DAG_ID='tune_stream_dag' AIRFLOW_CTX_TASK_ID='Load_songplays_fact_table' AIRFLOW_CTX_EXECUTION_DATE='2023-01-02T06:00:00+00:00' AIRFLOW_CTX_TRY_NUMBER='1' AIRFLOW_CTX_DAG_RUN_ID='scheduled__2023-01-02T06:00:00+00:00'
[2025-07-24T16:35:17.663+0000] {python.py:201} INFO - Done. Returned value was: None
[2025-07-24T16:35:17.688+0000] {taskinstance.py:1138} INFO - Marking task as SUCCESS. dag_id=tune_stream_dag, task_id=Load_songplays_fact_table, execution_date=20230102T060000, start_date=20250724T163515, end_date=20250724T163517
[2025-07-24T16:35:17.975+0000] {local_task_job_runner.py:234} INFO - Task exited with return code 0
[2025-07-24T16:35:18.004+0000] {taskinstance.py:3280} INFO - 4 downstream tasks scheduled from follow-on schedule check
[2025-07-24T17:13:43.535+0000] {taskinstance.py:1956} INFO - Dependencies all met for dep_context=non-requeueable deps ti=<TaskInstance: tune_stream_dag.Load_songplays_fact_table scheduled__2023-01-02T06:00:00+00:00 [queued]>
[2025-07-24T17:13:43.592+0000] {taskinstance.py:1956} INFO - Dependencies all met for dep_context=requeueable deps ti=<TaskInstance: tune_stream_dag.Load_songplays_fact_table scheduled__2023-01-02T06:00:00+00:00 [queued]>
[2025-07-24T17:13:43.610+0000] {taskinstance.py:2170} INFO - Starting attempt 1 of 4
[2025-07-24T17:13:43.724+0000] {taskinstance.py:2191} INFO - Executing <Task(PythonOperator): Load_songplays_fact_table> on 2023-01-02 06:00:00+00:00
[2025-07-24T17:13:43.776+0000] {standard_task_runner.py:60} INFO - Started process 1286 to run task
[2025-07-24T17:13:43.831+0000] {standard_task_runner.py:87} INFO - Running: ['***', 'tasks', 'run', 'tune_stream_dag', 'Load_songplays_fact_table', 'scheduled__2023-01-02T06:00:00+00:00', '--job-id', '2031', '--raw', '--subdir', 'DAGS_FOLDER/etl_pipeline.py', '--cfg-path', '/tmp/tmpxa2k02vi']
[2025-07-24T17:13:43.839+0000] {standard_task_runner.py:88} INFO - Job 2031: Subtask Load_songplays_fact_table
[2025-07-24T17:13:44.191+0000] {task_command.py:423} INFO - Running <TaskInstance: tune_stream_dag.Load_songplays_fact_table scheduled__2023-01-02T06:00:00+00:00 [running]> on host 5def55d2a1b5
[2025-07-24T17:13:44.683+0000] {taskinstance.py:2480} INFO - Exporting env vars: AIRFLOW_CTX_DAG_OWNER='genz-legend' AIRFLOW_CTX_DAG_ID='tune_stream_dag' AIRFLOW_CTX_TASK_ID='Load_songplays_fact_table' AIRFLOW_CTX_EXECUTION_DATE='2023-01-02T06:00:00+00:00' AIRFLOW_CTX_TRY_NUMBER='1' AIRFLOW_CTX_DAG_RUN_ID='scheduled__2023-01-02T06:00:00+00:00'
[2025-07-24T17:13:44.964+0000] {python.py:201} INFO - Done. Returned value was: None
[2025-07-24T17:13:45.008+0000] {taskinstance.py:1138} INFO - Marking task as SUCCESS. dag_id=tune_stream_dag, task_id=Load_songplays_fact_table, execution_date=20230102T060000, start_date=20250724T171343, end_date=20250724T171345
[2025-07-24T17:13:45.148+0000] {local_task_job_runner.py:234} INFO - Task exited with return code 0
[2025-07-24T17:13:45.226+0000] {taskinstance.py:3280} INFO - 4 downstream tasks scheduled from follow-on schedule check
