[2025-07-24T15:11:02.981+0000] {taskinstance.py:1956} INFO - Dependencies all met for dep_context=non-requeueable deps ti=<TaskInstance: tune_stream_dag.Stage_songs scheduled__2023-01-04T20:00:00+00:00 [queued]>
[2025-07-24T15:11:02.989+0000] {taskinstance.py:1956} INFO - Dependencies all met for dep_context=requeueable deps ti=<TaskInstance: tune_stream_dag.Stage_songs scheduled__2023-01-04T20:00:00+00:00 [queued]>
[2025-07-24T15:11:02.990+0000] {taskinstance.py:2170} INFO - Starting attempt 1 of 4
[2025-07-24T15:11:03.004+0000] {taskinstance.py:2191} INFO - Executing <Task(PythonOperator): Stage_songs> on 2023-01-04 20:00:00+00:00
[2025-07-24T15:11:03.011+0000] {standard_task_runner.py:60} INFO - Started process 415 to run task
[2025-07-24T15:11:03.015+0000] {standard_task_runner.py:87} INFO - Running: ['***', 'tasks', 'run', 'tune_stream_dag', 'Stage_songs', 'scheduled__2023-01-04T20:00:00+00:00', '--job-id', '795', '--raw', '--subdir', 'DAGS_FOLDER/etl_pipeline.py', '--cfg-path', '/tmp/tmpumy0t8ne']
[2025-07-24T15:11:03.018+0000] {standard_task_runner.py:88} INFO - Job 795: Subtask Stage_songs
[2025-07-24T15:11:03.089+0000] {task_command.py:423} INFO - Running <TaskInstance: tune_stream_dag.Stage_songs scheduled__2023-01-04T20:00:00+00:00 [running]> on host c53547d84df1
[2025-07-24T15:11:03.167+0000] {taskinstance.py:2480} INFO - Exporting env vars: AIRFLOW_CTX_DAG_OWNER='genz-legend' AIRFLOW_CTX_DAG_ID='tune_stream_dag' AIRFLOW_CTX_TASK_ID='Stage_songs' AIRFLOW_CTX_EXECUTION_DATE='2023-01-04T20:00:00+00:00' AIRFLOW_CTX_TRY_NUMBER='1' AIRFLOW_CTX_DAG_RUN_ID='scheduled__2023-01-04T20:00:00+00:00'
[2025-07-24T15:11:03.495+0000] {python.py:201} INFO - Done. Returned value was: None
[2025-07-24T15:11:03.505+0000] {taskinstance.py:1138} INFO - Marking task as SUCCESS. dag_id=tune_stream_dag, task_id=Stage_songs, execution_date=20230104T200000, start_date=20250724T151102, end_date=20250724T151103
[2025-07-24T15:11:03.548+0000] {local_task_job_runner.py:234} INFO - Task exited with return code 0
[2025-07-24T15:11:03.568+0000] {taskinstance.py:3280} INFO - 0 downstream tasks scheduled from follow-on schedule check
[2025-07-24T17:31:40.627+0000] {taskinstance.py:1956} INFO - Dependencies all met for dep_context=non-requeueable deps ti=<TaskInstance: tune_stream_dag.Stage_songs scheduled__2023-01-04T20:00:00+00:00 [queued]>
[2025-07-24T17:31:40.642+0000] {taskinstance.py:1956} INFO - Dependencies all met for dep_context=requeueable deps ti=<TaskInstance: tune_stream_dag.Stage_songs scheduled__2023-01-04T20:00:00+00:00 [queued]>
[2025-07-24T17:31:40.643+0000] {taskinstance.py:2170} INFO - Starting attempt 1 of 4
[2025-07-24T17:31:41.374+0000] {taskinstance.py:2191} INFO - Executing <Task(PythonOperator): Stage_songs> on 2023-01-04 20:00:00+00:00
[2025-07-24T17:31:41.407+0000] {standard_task_runner.py:60} INFO - Started process 3195 to run task
[2025-07-24T17:31:41.416+0000] {standard_task_runner.py:87} INFO - Running: ['***', 'tasks', 'run', 'tune_stream_dag', 'Stage_songs', 'scheduled__2023-01-04T20:00:00+00:00', '--job-id', '2598', '--raw', '--subdir', 'DAGS_FOLDER/etl_pipeline.py', '--cfg-path', '/tmp/tmpc5ap9uur']
[2025-07-24T17:31:41.495+0000] {standard_task_runner.py:88} INFO - Job 2598: Subtask Stage_songs
[2025-07-24T17:31:42.323+0000] {task_command.py:423} INFO - Running <TaskInstance: tune_stream_dag.Stage_songs scheduled__2023-01-04T20:00:00+00:00 [running]> on host 5def55d2a1b5
[2025-07-24T17:31:42.627+0000] {taskinstance.py:2480} INFO - Exporting env vars: AIRFLOW_CTX_DAG_OWNER='genz-legend' AIRFLOW_CTX_DAG_ID='tune_stream_dag' AIRFLOW_CTX_TASK_ID='Stage_songs' AIRFLOW_CTX_EXECUTION_DATE='2023-01-04T20:00:00+00:00' AIRFLOW_CTX_TRY_NUMBER='1' AIRFLOW_CTX_DAG_RUN_ID='scheduled__2023-01-04T20:00:00+00:00'
[2025-07-24T17:31:56.365+0000] {python.py:201} INFO - Done. Returned value was: None
[2025-07-24T17:31:56.436+0000] {taskinstance.py:1138} INFO - Marking task as SUCCESS. dag_id=tune_stream_dag, task_id=Stage_songs, execution_date=20230104T200000, start_date=20250724T173140, end_date=20250724T173156
[2025-07-24T17:31:56.579+0000] {local_task_job_runner.py:234} INFO - Task exited with return code 0
[2025-07-24T17:31:56.641+0000] {taskinstance.py:3280} INFO - 0 downstream tasks scheduled from follow-on schedule check
