[2025-07-24T15:22:20.423+0000] {taskinstance.py:1956} INFO - Dependencies all met for dep_context=non-requeueable deps ti=<TaskInstance: tune_stream_dag.Load_songplays_fact_table scheduled__2023-01-05T06:00:00+00:00 [queued]>
[2025-07-24T15:22:20.433+0000] {taskinstance.py:1956} INFO - Dependencies all met for dep_context=requeueable deps ti=<TaskInstance: tune_stream_dag.Load_songplays_fact_table scheduled__2023-01-05T06:00:00+00:00 [queued]>
[2025-07-24T15:22:20.433+0000] {taskinstance.py:2170} INFO - Starting attempt 1 of 4
[2025-07-24T15:22:20.517+0000] {taskinstance.py:2191} INFO - Executing <Task(PythonOperator): Load_songplays_fact_table> on 2023-01-05 06:00:00+00:00
[2025-07-24T15:22:20.531+0000] {standard_task_runner.py:60} INFO - Started process 778 to run task
[2025-07-24T15:22:20.536+0000] {standard_task_runner.py:87} INFO - Running: ['***', 'tasks', 'run', 'tune_stream_dag', 'Load_songplays_fact_table', 'scheduled__2023-01-05T06:00:00+00:00', '--job-id', '861', '--raw', '--subdir', 'DAGS_FOLDER/etl_pipeline.py', '--cfg-path', '/tmp/tmpqawp1z4_']
[2025-07-24T15:22:20.540+0000] {standard_task_runner.py:88} INFO - Job 861: Subtask Load_songplays_fact_table
[2025-07-24T15:22:20.658+0000] {task_command.py:423} INFO - Running <TaskInstance: tune_stream_dag.Load_songplays_fact_table scheduled__2023-01-05T06:00:00+00:00 [running]> on host c53547d84df1
[2025-07-24T15:22:26.172+0000] {taskinstance.py:2480} INFO - Exporting env vars: AIRFLOW_CTX_DAG_OWNER='genz-legend' AIRFLOW_CTX_DAG_ID='tune_stream_dag' AIRFLOW_CTX_TASK_ID='Load_songplays_fact_table' AIRFLOW_CTX_EXECUTION_DATE='2023-01-05T06:00:00+00:00' AIRFLOW_CTX_TRY_NUMBER='1' AIRFLOW_CTX_DAG_RUN_ID='scheduled__2023-01-05T06:00:00+00:00'
[2025-07-24T15:22:26.437+0000] {python.py:201} INFO - Done. Returned value was: None
[2025-07-24T15:22:26.464+0000] {taskinstance.py:1138} INFO - Marking task as SUCCESS. dag_id=tune_stream_dag, task_id=Load_songplays_fact_table, execution_date=20230105T060000, start_date=20250724T152220, end_date=20250724T152226
[2025-07-24T15:22:26.577+0000] {local_task_job_runner.py:234} INFO - Task exited with return code 0
[2025-07-24T15:22:26.645+0000] {taskinstance.py:3280} INFO - 4 downstream tasks scheduled from follow-on schedule check
[2025-07-24T17:33:06.862+0000] {taskinstance.py:1956} INFO - Dependencies all met for dep_context=non-requeueable deps ti=<TaskInstance: tune_stream_dag.Load_songplays_fact_table scheduled__2023-01-05T06:00:00+00:00 [queued]>
[2025-07-24T17:33:06.884+0000] {taskinstance.py:1956} INFO - Dependencies all met for dep_context=requeueable deps ti=<TaskInstance: tune_stream_dag.Load_songplays_fact_table scheduled__2023-01-05T06:00:00+00:00 [queued]>
[2025-07-24T17:33:06.885+0000] {taskinstance.py:2170} INFO - Starting attempt 1 of 4
[2025-07-24T17:33:06.911+0000] {taskinstance.py:2191} INFO - Executing <Task(PythonOperator): Load_songplays_fact_table> on 2023-01-05 06:00:00+00:00
[2025-07-24T17:33:06.926+0000] {standard_task_runner.py:60} INFO - Started process 3329 to run task
[2025-07-24T17:33:06.937+0000] {standard_task_runner.py:87} INFO - Running: ['***', 'tasks', 'run', 'tune_stream_dag', 'Load_songplays_fact_table', 'scheduled__2023-01-05T06:00:00+00:00', '--job-id', '2641', '--raw', '--subdir', 'DAGS_FOLDER/etl_pipeline.py', '--cfg-path', '/tmp/tmp037stpqj']
[2025-07-24T17:33:06.941+0000] {standard_task_runner.py:88} INFO - Job 2641: Subtask Load_songplays_fact_table
[2025-07-24T17:33:07.161+0000] {task_command.py:423} INFO - Running <TaskInstance: tune_stream_dag.Load_songplays_fact_table scheduled__2023-01-05T06:00:00+00:00 [running]> on host 5def55d2a1b5
[2025-07-24T17:33:07.294+0000] {taskinstance.py:2480} INFO - Exporting env vars: AIRFLOW_CTX_DAG_OWNER='genz-legend' AIRFLOW_CTX_DAG_ID='tune_stream_dag' AIRFLOW_CTX_TASK_ID='Load_songplays_fact_table' AIRFLOW_CTX_EXECUTION_DATE='2023-01-05T06:00:00+00:00' AIRFLOW_CTX_TRY_NUMBER='1' AIRFLOW_CTX_DAG_RUN_ID='scheduled__2023-01-05T06:00:00+00:00'
[2025-07-24T17:33:13.533+0000] {python.py:201} INFO - Done. Returned value was: None
[2025-07-24T17:33:13.568+0000] {taskinstance.py:1138} INFO - Marking task as SUCCESS. dag_id=tune_stream_dag, task_id=Load_songplays_fact_table, execution_date=20230105T060000, start_date=20250724T173306, end_date=20250724T173313
[2025-07-24T17:33:13.745+0000] {local_task_job_runner.py:234} INFO - Task exited with return code 0
[2025-07-24T17:33:14.103+0000] {taskinstance.py:3280} INFO - 0 downstream tasks scheduled from follow-on schedule check
