[2025-07-22T10:20:41.651+0000] {taskinstance.py:1956} INFO - Dependencies all met for dep_context=non-requeueable deps ti=<TaskInstance: tune_stream_dag.Stage_events scheduled__2023-01-02T00:00:00+00:00 [queued]>
[2025-07-22T10:20:41.671+0000] {taskinstance.py:1956} INFO - Dependencies all met for dep_context=requeueable deps ti=<TaskInstance: tune_stream_dag.Stage_events scheduled__2023-01-02T00:00:00+00:00 [queued]>
[2025-07-22T10:20:41.672+0000] {taskinstance.py:2170} INFO - Starting attempt 1 of 4
[2025-07-22T10:20:41.698+0000] {taskinstance.py:2191} INFO - Executing <Task(PythonOperator): Stage_events> on 2023-01-02 00:00:00+00:00
[2025-07-22T10:20:41.716+0000] {standard_task_runner.py:60} INFO - Started process 135 to run task
[2025-07-22T10:20:41.731+0000] {standard_task_runner.py:87} INFO - Running: ['***', 'tasks', 'run', 'tune_stream_dag', 'Stage_events', 'scheduled__2023-01-02T00:00:00+00:00', '--job-id', '210', '--raw', '--subdir', 'DAGS_FOLDER/etl_pipeline.py', '--cfg-path', '/tmp/tmpxocp_fit']
[2025-07-22T10:20:41.744+0000] {standard_task_runner.py:88} INFO - Job 210: Subtask Stage_events
[2025-07-22T10:20:41.900+0000] {task_command.py:423} INFO - Running <TaskInstance: tune_stream_dag.Stage_events scheduled__2023-01-02T00:00:00+00:00 [running]> on host a2a13a541787
[2025-07-22T10:20:42.101+0000] {taskinstance.py:2480} INFO - Exporting env vars: AIRFLOW_CTX_DAG_OWNER='genz-legend' AIRFLOW_CTX_DAG_ID='tune_stream_dag' AIRFLOW_CTX_TASK_ID='Stage_events' AIRFLOW_CTX_EXECUTION_DATE='2023-01-02T00:00:00+00:00' AIRFLOW_CTX_TRY_NUMBER='1' AIRFLOW_CTX_DAG_RUN_ID='scheduled__2023-01-02T00:00:00+00:00'
[2025-07-22T10:20:42.156+0000] {taskinstance.py:2698} ERROR - Task failed with exception
Traceback (most recent call last):
  File "/home/airflow/.local/lib/python3.8/site-packages/airflow/models/taskinstance.py", line 433, in _execute_task
    result = execute_callable(context=context, **execute_callable_kwargs)
  File "/home/airflow/.local/lib/python3.8/site-packages/airflow/operators/python.py", line 199, in execute
    return_value = self.execute_callable()
  File "/home/airflow/.local/lib/python3.8/site-packages/airflow/operators/python.py", line 216, in execute_callable
    return self.python_callable(*self.op_args, **self.op_kwargs)
  File "/opt/airflow/dags/etl_pipeline.py", line 77, in stage_events
    data = json.load(f)
  File "/usr/local/lib/python3.8/json/__init__.py", line 293, in load
    return loads(fp.read(),
  File "/usr/local/lib/python3.8/json/__init__.py", line 357, in loads
    return _default_decoder.decode(s)
  File "/usr/local/lib/python3.8/json/decoder.py", line 340, in decode
    raise JSONDecodeError("Extra data", s, end)
json.decoder.JSONDecodeError: Extra data: line 2 column 1 (char 457)
[2025-07-22T10:20:42.214+0000] {taskinstance.py:1138} INFO - Marking task as UP_FOR_RETRY. dag_id=tune_stream_dag, task_id=Stage_events, execution_date=20230102T000000, start_date=20250722T102041, end_date=20250722T102042
[2025-07-22T10:20:42.249+0000] {standard_task_runner.py:107} ERROR - Failed to execute job 210 for task Stage_events (Extra data: line 2 column 1 (char 457); 135)
[2025-07-22T10:20:42.318+0000] {local_task_job_runner.py:234} INFO - Task exited with return code 1
[2025-07-22T10:20:42.381+0000] {taskinstance.py:3280} INFO - 0 downstream tasks scheduled from follow-on schedule check
[2025-07-24T15:54:35.171+0000] {taskinstance.py:1956} INFO - Dependencies all met for dep_context=non-requeueable deps ti=<TaskInstance: tune_stream_dag.Stage_events scheduled__2023-01-02T00:00:00+00:00 [queued]>
[2025-07-24T15:54:35.188+0000] {taskinstance.py:1956} INFO - Dependencies all met for dep_context=requeueable deps ti=<TaskInstance: tune_stream_dag.Stage_events scheduled__2023-01-02T00:00:00+00:00 [queued]>
[2025-07-24T15:54:35.190+0000] {taskinstance.py:2170} INFO - Starting attempt 1 of 4
[2025-07-24T15:54:35.212+0000] {taskinstance.py:2191} INFO - Executing <Task(PythonOperator): Stage_events> on 2023-01-02 00:00:00+00:00
[2025-07-24T15:54:35.225+0000] {standard_task_runner.py:60} INFO - Started process 1183 to run task
[2025-07-24T15:54:35.231+0000] {standard_task_runner.py:87} INFO - Running: ['***', 'tasks', 'run', 'tune_stream_dag', 'Stage_events', 'scheduled__2023-01-02T00:00:00+00:00', '--job-id', '1202', '--raw', '--subdir', 'DAGS_FOLDER/etl_pipeline.py', '--cfg-path', '/tmp/tmpjtr6fszv']
[2025-07-24T15:54:35.235+0000] {standard_task_runner.py:88} INFO - Job 1202: Subtask Stage_events
[2025-07-24T15:54:35.349+0000] {task_command.py:423} INFO - Running <TaskInstance: tune_stream_dag.Stage_events scheduled__2023-01-02T00:00:00+00:00 [running]> on host c53547d84df1
[2025-07-24T15:54:35.460+0000] {taskinstance.py:2480} INFO - Exporting env vars: AIRFLOW_CTX_DAG_OWNER='genz-legend' AIRFLOW_CTX_DAG_ID='tune_stream_dag' AIRFLOW_CTX_TASK_ID='Stage_events' AIRFLOW_CTX_EXECUTION_DATE='2023-01-02T00:00:00+00:00' AIRFLOW_CTX_TRY_NUMBER='1' AIRFLOW_CTX_DAG_RUN_ID='scheduled__2023-01-02T00:00:00+00:00'
[2025-07-24T15:54:41.771+0000] {python.py:201} INFO - Done. Returned value was: None
[2025-07-24T15:54:41.787+0000] {taskinstance.py:1138} INFO - Marking task as SUCCESS. dag_id=tune_stream_dag, task_id=Stage_events, execution_date=20230102T000000, start_date=20250724T155435, end_date=20250724T155441
[2025-07-24T15:54:41.859+0000] {local_task_job_runner.py:234} INFO - Task exited with return code 0
[2025-07-24T15:54:41.894+0000] {taskinstance.py:3280} INFO - 1 downstream tasks scheduled from follow-on schedule check
[2025-07-24T16:34:01.802+0000] {taskinstance.py:1956} INFO - Dependencies all met for dep_context=non-requeueable deps ti=<TaskInstance: tune_stream_dag.Stage_events scheduled__2023-01-02T00:00:00+00:00 [queued]>
[2025-07-24T16:34:01.831+0000] {taskinstance.py:1956} INFO - Dependencies all met for dep_context=requeueable deps ti=<TaskInstance: tune_stream_dag.Stage_events scheduled__2023-01-02T00:00:00+00:00 [queued]>
[2025-07-24T16:34:01.840+0000] {taskinstance.py:2170} INFO - Starting attempt 1 of 4
[2025-07-24T16:34:01.891+0000] {taskinstance.py:2191} INFO - Executing <Task(PythonOperator): Stage_events> on 2023-01-02 00:00:00+00:00
[2025-07-24T16:34:01.911+0000] {standard_task_runner.py:60} INFO - Started process 1171 to run task
[2025-07-24T16:34:01.924+0000] {standard_task_runner.py:87} INFO - Running: ['***', 'tasks', 'run', 'tune_stream_dag', 'Stage_events', 'scheduled__2023-01-02T00:00:00+00:00', '--job-id', '1599', '--raw', '--subdir', 'DAGS_FOLDER/etl_pipeline.py', '--cfg-path', '/tmp/tmpdo1vwrkr']
[2025-07-24T16:34:01.931+0000] {standard_task_runner.py:88} INFO - Job 1599: Subtask Stage_events
[2025-07-24T16:34:02.132+0000] {task_command.py:423} INFO - Running <TaskInstance: tune_stream_dag.Stage_events scheduled__2023-01-02T00:00:00+00:00 [running]> on host c53547d84df1
[2025-07-24T16:34:02.307+0000] {taskinstance.py:2480} INFO - Exporting env vars: AIRFLOW_CTX_DAG_OWNER='genz-legend' AIRFLOW_CTX_DAG_ID='tune_stream_dag' AIRFLOW_CTX_TASK_ID='Stage_events' AIRFLOW_CTX_EXECUTION_DATE='2023-01-02T00:00:00+00:00' AIRFLOW_CTX_TRY_NUMBER='1' AIRFLOW_CTX_DAG_RUN_ID='scheduled__2023-01-02T00:00:00+00:00'
[2025-07-24T16:34:18.957+0000] {python.py:201} INFO - Done. Returned value was: None
[2025-07-24T16:34:19.069+0000] {taskinstance.py:1138} INFO - Marking task as SUCCESS. dag_id=tune_stream_dag, task_id=Stage_events, execution_date=20230102T000000, start_date=20250724T163401, end_date=20250724T163419
[2025-07-24T16:34:19.193+0000] {local_task_job_runner.py:234} INFO - Task exited with return code 0
[2025-07-24T16:34:19.268+0000] {taskinstance.py:3280} INFO - 1 downstream tasks scheduled from follow-on schedule check
[2025-07-24T17:12:55.576+0000] {taskinstance.py:1956} INFO - Dependencies all met for dep_context=non-requeueable deps ti=<TaskInstance: tune_stream_dag.Stage_events scheduled__2023-01-02T00:00:00+00:00 [queued]>
[2025-07-24T17:12:55.611+0000] {taskinstance.py:1956} INFO - Dependencies all met for dep_context=requeueable deps ti=<TaskInstance: tune_stream_dag.Stage_events scheduled__2023-01-02T00:00:00+00:00 [queued]>
[2025-07-24T17:12:55.619+0000] {taskinstance.py:2170} INFO - Starting attempt 1 of 4
[2025-07-24T17:12:55.730+0000] {taskinstance.py:2191} INFO - Executing <Task(PythonOperator): Stage_events> on 2023-01-02 00:00:00+00:00
[2025-07-24T17:12:55.850+0000] {standard_task_runner.py:60} INFO - Started process 1141 to run task
[2025-07-24T17:12:55.983+0000] {standard_task_runner.py:87} INFO - Running: ['***', 'tasks', 'run', 'tune_stream_dag', 'Stage_events', 'scheduled__2023-01-02T00:00:00+00:00', '--job-id', '1990', '--raw', '--subdir', 'DAGS_FOLDER/etl_pipeline.py', '--cfg-path', '/tmp/tmpj6dhet4s']
[2025-07-24T17:12:56.050+0000] {standard_task_runner.py:88} INFO - Job 1990: Subtask Stage_events
[2025-07-24T17:12:57.515+0000] {task_command.py:423} INFO - Running <TaskInstance: tune_stream_dag.Stage_events scheduled__2023-01-02T00:00:00+00:00 [running]> on host 5def55d2a1b5
[2025-07-24T17:12:58.114+0000] {taskinstance.py:2480} INFO - Exporting env vars: AIRFLOW_CTX_DAG_OWNER='genz-legend' AIRFLOW_CTX_DAG_ID='tune_stream_dag' AIRFLOW_CTX_TASK_ID='Stage_events' AIRFLOW_CTX_EXECUTION_DATE='2023-01-02T00:00:00+00:00' AIRFLOW_CTX_TRY_NUMBER='1' AIRFLOW_CTX_DAG_RUN_ID='scheduled__2023-01-02T00:00:00+00:00'
[2025-07-24T17:13:19.534+0000] {python.py:201} INFO - Done. Returned value was: None
[2025-07-24T17:13:19.566+0000] {taskinstance.py:1138} INFO - Marking task as SUCCESS. dag_id=tune_stream_dag, task_id=Stage_events, execution_date=20230102T000000, start_date=20250724T171255, end_date=20250724T171319
[2025-07-24T17:13:19.634+0000] {local_task_job_runner.py:234} INFO - Task exited with return code 0
[2025-07-24T17:13:19.680+0000] {taskinstance.py:3280} INFO - 1 downstream tasks scheduled from follow-on schedule check
