[2025-07-24T16:04:58.284+0000] {taskinstance.py:1956} INFO - Dependencies all met for dep_context=non-requeueable deps ti=<TaskInstance: tune_stream_dag.Load_artist_dim_table scheduled__2023-01-02T07:00:00+00:00 [queued]>
[2025-07-24T16:04:58.352+0000] {taskinstance.py:1956} INFO - Dependencies all met for dep_context=requeueable deps ti=<TaskInstance: tune_stream_dag.Load_artist_dim_table scheduled__2023-01-02T07:00:00+00:00 [queued]>
[2025-07-24T16:04:58.366+0000] {taskinstance.py:2170} INFO - Starting attempt 1 of 4
[2025-07-24T16:04:58.464+0000] {taskinstance.py:2191} INFO - Executing <Task(PythonOperator): Load_artist_dim_table> on 2023-01-02 07:00:00+00:00
[2025-07-24T16:04:58.563+0000] {standard_task_runner.py:60} INFO - Started process 1707 to run task
[2025-07-24T16:04:58.573+0000] {standard_task_runner.py:87} INFO - Running: ['***', 'tasks', 'run', 'tune_stream_dag', 'Load_artist_dim_table', 'scheduled__2023-01-02T07:00:00+00:00', '--job-id', '1322', '--raw', '--subdir', 'DAGS_FOLDER/etl_pipeline.py', '--cfg-path', '/tmp/tmp_6pdvu0a']
[2025-07-24T16:04:58.598+0000] {standard_task_runner.py:88} INFO - Job 1322: Subtask Load_artist_dim_table
[2025-07-24T16:04:59.313+0000] {task_command.py:423} INFO - Running <TaskInstance: tune_stream_dag.Load_artist_dim_table scheduled__2023-01-02T07:00:00+00:00 [running]> on host c53547d84df1
[2025-07-24T16:04:59.895+0000] {taskinstance.py:2480} INFO - Exporting env vars: AIRFLOW_CTX_DAG_OWNER='genz-legend' AIRFLOW_CTX_DAG_ID='tune_stream_dag' AIRFLOW_CTX_TASK_ID='Load_artist_dim_table' AIRFLOW_CTX_EXECUTION_DATE='2023-01-02T07:00:00+00:00' AIRFLOW_CTX_TRY_NUMBER='1' AIRFLOW_CTX_DAG_RUN_ID='scheduled__2023-01-02T07:00:00+00:00'
[2025-07-24T16:04:59.948+0000] {python.py:201} INFO - Done. Returned value was: None
[2025-07-24T16:04:59.999+0000] {taskinstance.py:1138} INFO - Marking task as SUCCESS. dag_id=tune_stream_dag, task_id=Load_artist_dim_table, execution_date=20230102T070000, start_date=20250724T160458, end_date=20250724T160459
[2025-07-24T16:05:00.073+0000] {local_task_job_runner.py:234} INFO - Task exited with return code 0
[2025-07-24T16:05:00.135+0000] {taskinstance.py:3280} INFO - 0 downstream tasks scheduled from follow-on schedule check
[2025-07-24T17:17:53.023+0000] {taskinstance.py:1956} INFO - Dependencies all met for dep_context=non-requeueable deps ti=<TaskInstance: tune_stream_dag.Load_artist_dim_table scheduled__2023-01-02T07:00:00+00:00 [queued]>
[2025-07-24T17:17:53.034+0000] {taskinstance.py:1956} INFO - Dependencies all met for dep_context=requeueable deps ti=<TaskInstance: tune_stream_dag.Load_artist_dim_table scheduled__2023-01-02T07:00:00+00:00 [queued]>
[2025-07-24T17:17:53.035+0000] {taskinstance.py:2170} INFO - Starting attempt 1 of 4
[2025-07-24T17:17:53.050+0000] {taskinstance.py:2191} INFO - Executing <Task(PythonOperator): Load_artist_dim_table> on 2023-01-02 07:00:00+00:00
[2025-07-24T17:17:53.060+0000] {standard_task_runner.py:60} INFO - Started process 1488 to run task
[2025-07-24T17:17:53.065+0000] {standard_task_runner.py:87} INFO - Running: ['***', 'tasks', 'run', 'tune_stream_dag', 'Load_artist_dim_table', 'scheduled__2023-01-02T07:00:00+00:00', '--job-id', '2085', '--raw', '--subdir', 'DAGS_FOLDER/etl_pipeline.py', '--cfg-path', '/tmp/tmpd6y4g37_']
[2025-07-24T17:17:53.069+0000] {standard_task_runner.py:88} INFO - Job 2085: Subtask Load_artist_dim_table
[2025-07-24T17:17:53.162+0000] {task_command.py:423} INFO - Running <TaskInstance: tune_stream_dag.Load_artist_dim_table scheduled__2023-01-02T07:00:00+00:00 [running]> on host 5def55d2a1b5
[2025-07-24T17:17:53.275+0000] {taskinstance.py:2480} INFO - Exporting env vars: AIRFLOW_CTX_DAG_OWNER='genz-legend' AIRFLOW_CTX_DAG_ID='tune_stream_dag' AIRFLOW_CTX_TASK_ID='Load_artist_dim_table' AIRFLOW_CTX_EXECUTION_DATE='2023-01-02T07:00:00+00:00' AIRFLOW_CTX_TRY_NUMBER='1' AIRFLOW_CTX_DAG_RUN_ID='scheduled__2023-01-02T07:00:00+00:00'
[2025-07-24T17:17:53.295+0000] {python.py:201} INFO - Done. Returned value was: None
[2025-07-24T17:17:53.308+0000] {taskinstance.py:1138} INFO - Marking task as SUCCESS. dag_id=tune_stream_dag, task_id=Load_artist_dim_table, execution_date=20230102T070000, start_date=20250724T171753, end_date=20250724T171753
[2025-07-24T17:17:53.360+0000] {local_task_job_runner.py:234} INFO - Task exited with return code 0
[2025-07-24T17:17:53.408+0000] {taskinstance.py:3280} INFO - 0 downstream tasks scheduled from follow-on schedule check
