[2025-07-24T15:20:40.958+0000] {taskinstance.py:1956} INFO - Dependencies all met for dep_context=non-requeueable deps ti=<TaskInstance: tune_stream_dag.Stage_events scheduled__2023-01-05T04:00:00+00:00 [queued]>
[2025-07-24T15:20:41.019+0000] {taskinstance.py:1956} INFO - Dependencies all met for dep_context=requeueable deps ti=<TaskInstance: tune_stream_dag.Stage_events scheduled__2023-01-05T04:00:00+00:00 [queued]>
[2025-07-24T15:20:41.024+0000] {taskinstance.py:2170} INFO - Starting attempt 1 of 4
[2025-07-24T15:20:41.362+0000] {taskinstance.py:2191} INFO - Executing <Task(PythonOperator): Stage_events> on 2023-01-05 04:00:00+00:00
[2025-07-24T15:20:41.548+0000] {standard_task_runner.py:60} INFO - Started process 712 to run task
[2025-07-24T15:20:41.661+0000] {standard_task_runner.py:87} INFO - Running: ['***', 'tasks', 'run', 'tune_stream_dag', 'Stage_events', 'scheduled__2023-01-05T04:00:00+00:00', '--job-id', '841', '--raw', '--subdir', 'DAGS_FOLDER/etl_pipeline.py', '--cfg-path', '/tmp/tmp9zjcd7d5']
[2025-07-24T15:20:41.698+0000] {standard_task_runner.py:88} INFO - Job 841: Subtask Stage_events
[2025-07-24T15:20:42.620+0000] {task_command.py:423} INFO - Running <TaskInstance: tune_stream_dag.Stage_events scheduled__2023-01-05T04:00:00+00:00 [running]> on host c53547d84df1
[2025-07-24T15:20:46.114+0000] {taskinstance.py:2480} INFO - Exporting env vars: AIRFLOW_CTX_DAG_OWNER='genz-legend' AIRFLOW_CTX_DAG_ID='tune_stream_dag' AIRFLOW_CTX_TASK_ID='Stage_events' AIRFLOW_CTX_EXECUTION_DATE='2023-01-05T04:00:00+00:00' AIRFLOW_CTX_TRY_NUMBER='1' AIRFLOW_CTX_DAG_RUN_ID='scheduled__2023-01-05T04:00:00+00:00'
[2025-07-24T15:21:08.676+0000] {python.py:201} INFO - Done. Returned value was: None
[2025-07-24T15:21:08.829+0000] {taskinstance.py:1138} INFO - Marking task as SUCCESS. dag_id=tune_stream_dag, task_id=Stage_events, execution_date=20230105T040000, start_date=20250724T152040, end_date=20250724T152108
[2025-07-24T15:21:09.932+0000] {local_task_job_runner.py:234} INFO - Task exited with return code 0
[2025-07-24T15:21:10.124+0000] {taskinstance.py:3280} INFO - 0 downstream tasks scheduled from follow-on schedule check
[2025-07-24T17:32:03.134+0000] {taskinstance.py:1956} INFO - Dependencies all met for dep_context=non-requeueable deps ti=<TaskInstance: tune_stream_dag.Stage_events scheduled__2023-01-05T04:00:00+00:00 [queued]>
[2025-07-24T17:32:03.154+0000] {taskinstance.py:1956} INFO - Dependencies all met for dep_context=requeueable deps ti=<TaskInstance: tune_stream_dag.Stage_events scheduled__2023-01-05T04:00:00+00:00 [queued]>
[2025-07-24T17:32:03.155+0000] {taskinstance.py:2170} INFO - Starting attempt 1 of 4
[2025-07-24T17:32:03.181+0000] {taskinstance.py:2191} INFO - Executing <Task(PythonOperator): Stage_events> on 2023-01-05 04:00:00+00:00
[2025-07-24T17:32:03.195+0000] {standard_task_runner.py:60} INFO - Started process 3246 to run task
[2025-07-24T17:32:03.202+0000] {standard_task_runner.py:87} INFO - Running: ['***', 'tasks', 'run', 'tune_stream_dag', 'Stage_events', 'scheduled__2023-01-05T04:00:00+00:00', '--job-id', '2616', '--raw', '--subdir', 'DAGS_FOLDER/etl_pipeline.py', '--cfg-path', '/tmp/tmp8yuvx7qu']
[2025-07-24T17:32:03.208+0000] {standard_task_runner.py:88} INFO - Job 2616: Subtask Stage_events
[2025-07-24T17:32:03.369+0000] {task_command.py:423} INFO - Running <TaskInstance: tune_stream_dag.Stage_events scheduled__2023-01-05T04:00:00+00:00 [running]> on host 5def55d2a1b5
[2025-07-24T17:32:03.505+0000] {taskinstance.py:2480} INFO - Exporting env vars: AIRFLOW_CTX_DAG_OWNER='genz-legend' AIRFLOW_CTX_DAG_ID='tune_stream_dag' AIRFLOW_CTX_TASK_ID='Stage_events' AIRFLOW_CTX_EXECUTION_DATE='2023-01-05T04:00:00+00:00' AIRFLOW_CTX_TRY_NUMBER='1' AIRFLOW_CTX_DAG_RUN_ID='scheduled__2023-01-05T04:00:00+00:00'
[2025-07-24T17:32:34.544+0000] {python.py:201} INFO - Done. Returned value was: None
[2025-07-24T17:32:34.748+0000] {taskinstance.py:1138} INFO - Marking task as SUCCESS. dag_id=tune_stream_dag, task_id=Stage_events, execution_date=20230105T040000, start_date=20250724T173203, end_date=20250724T173234
[2025-07-24T17:32:34.890+0000] {local_task_job_runner.py:234} INFO - Task exited with return code 0
[2025-07-24T17:32:34.941+0000] {taskinstance.py:3280} INFO - 1 downstream tasks scheduled from follow-on schedule check
