[2025-07-24T15:38:56.622+0000] {taskinstance.py:1956} INFO - Dependencies all met for dep_context=non-requeueable deps ti=<TaskInstance: tune_stream_dag.Load_artist_dim_table scheduled__2023-01-01T02:00:00+00:00 [queued]>
[2025-07-24T15:38:56.643+0000] {taskinstance.py:1956} INFO - Dependencies all met for dep_context=requeueable deps ti=<TaskInstance: tune_stream_dag.Load_artist_dim_table scheduled__2023-01-01T02:00:00+00:00 [queued]>
[2025-07-24T15:38:56.645+0000] {taskinstance.py:2170} INFO - Starting attempt 1 of 4
[2025-07-24T15:38:56.691+0000] {taskinstance.py:2191} INFO - Executing <Task(PythonOperator): Load_artist_dim_table> on 2023-01-01 02:00:00+00:00
[2025-07-24T15:38:56.725+0000] {standard_task_runner.py:60} INFO - Started process 517 to run task
[2025-07-24T15:38:56.740+0000] {standard_task_runner.py:87} INFO - Running: ['***', 'tasks', 'run', 'tune_stream_dag', 'Load_artist_dim_table', 'scheduled__2023-01-01T02:00:00+00:00', '--job-id', '1054', '--raw', '--subdir', 'DAGS_FOLDER/etl_pipeline.py', '--cfg-path', '/tmp/tmpe8f9ljw0']
[2025-07-24T15:38:56.749+0000] {standard_task_runner.py:88} INFO - Job 1054: Subtask Load_artist_dim_table
[2025-07-24T15:38:56.908+0000] {task_command.py:423} INFO - Running <TaskInstance: tune_stream_dag.Load_artist_dim_table scheduled__2023-01-01T02:00:00+00:00 [running]> on host c53547d84df1
[2025-07-24T15:38:57.081+0000] {taskinstance.py:2480} INFO - Exporting env vars: AIRFLOW_CTX_DAG_OWNER='genz-legend' AIRFLOW_CTX_DAG_ID='tune_stream_dag' AIRFLOW_CTX_TASK_ID='Load_artist_dim_table' AIRFLOW_CTX_EXECUTION_DATE='2023-01-01T02:00:00+00:00' AIRFLOW_CTX_TRY_NUMBER='1' AIRFLOW_CTX_DAG_RUN_ID='scheduled__2023-01-01T02:00:00+00:00'
[2025-07-24T15:38:57.108+0000] {python.py:201} INFO - Done. Returned value was: None
[2025-07-24T15:38:57.142+0000] {taskinstance.py:1138} INFO - Marking task as SUCCESS. dag_id=tune_stream_dag, task_id=Load_artist_dim_table, execution_date=20230101T020000, start_date=20250724T153856, end_date=20250724T153857
[2025-07-24T15:38:57.222+0000] {local_task_job_runner.py:234} INFO - Task exited with return code 0
[2025-07-24T15:38:57.372+0000] {taskinstance.py:3280} INFO - 0 downstream tasks scheduled from follow-on schedule check
[2025-07-24T16:17:34.574+0000] {taskinstance.py:1956} INFO - Dependencies all met for dep_context=non-requeueable deps ti=<TaskInstance: tune_stream_dag.Load_artist_dim_table scheduled__2023-01-01T02:00:00+00:00 [queued]>
[2025-07-24T16:17:34.588+0000] {taskinstance.py:1956} INFO - Dependencies all met for dep_context=requeueable deps ti=<TaskInstance: tune_stream_dag.Load_artist_dim_table scheduled__2023-01-01T02:00:00+00:00 [queued]>
[2025-07-24T16:17:34.589+0000] {taskinstance.py:2170} INFO - Starting attempt 1 of 4
[2025-07-24T16:17:34.647+0000] {taskinstance.py:2191} INFO - Executing <Task(PythonOperator): Load_artist_dim_table> on 2023-01-01 02:00:00+00:00
[2025-07-24T16:17:34.666+0000] {standard_task_runner.py:60} INFO - Started process 350 to run task
[2025-07-24T16:17:34.698+0000] {standard_task_runner.py:87} INFO - Running: ['***', 'tasks', 'run', 'tune_stream_dag', 'Load_artist_dim_table', 'scheduled__2023-01-01T02:00:00+00:00', '--job-id', '1406', '--raw', '--subdir', 'DAGS_FOLDER/etl_pipeline.py', '--cfg-path', '/tmp/tmpw644x_15']
[2025-07-24T16:17:34.714+0000] {standard_task_runner.py:88} INFO - Job 1406: Subtask Load_artist_dim_table
[2025-07-24T16:17:35.095+0000] {task_command.py:423} INFO - Running <TaskInstance: tune_stream_dag.Load_artist_dim_table scheduled__2023-01-01T02:00:00+00:00 [running]> on host c53547d84df1
[2025-07-24T16:17:35.364+0000] {taskinstance.py:2480} INFO - Exporting env vars: AIRFLOW_CTX_DAG_OWNER='genz-legend' AIRFLOW_CTX_DAG_ID='tune_stream_dag' AIRFLOW_CTX_TASK_ID='Load_artist_dim_table' AIRFLOW_CTX_EXECUTION_DATE='2023-01-01T02:00:00+00:00' AIRFLOW_CTX_TRY_NUMBER='1' AIRFLOW_CTX_DAG_RUN_ID='scheduled__2023-01-01T02:00:00+00:00'
[2025-07-24T16:17:35.468+0000] {python.py:201} INFO - Done. Returned value was: None
[2025-07-24T16:17:35.499+0000] {taskinstance.py:1138} INFO - Marking task as SUCCESS. dag_id=tune_stream_dag, task_id=Load_artist_dim_table, execution_date=20230101T020000, start_date=20250724T161734, end_date=20250724T161735
[2025-07-24T16:17:35.558+0000] {local_task_job_runner.py:234} INFO - Task exited with return code 0
[2025-07-24T16:17:35.585+0000] {taskinstance.py:3280} INFO - 0 downstream tasks scheduled from follow-on schedule check
[2025-07-24T16:56:47.076+0000] {taskinstance.py:1956} INFO - Dependencies all met for dep_context=non-requeueable deps ti=<TaskInstance: tune_stream_dag.Load_artist_dim_table scheduled__2023-01-01T02:00:00+00:00 [queued]>
[2025-07-24T16:56:47.105+0000] {taskinstance.py:1956} INFO - Dependencies all met for dep_context=requeueable deps ti=<TaskInstance: tune_stream_dag.Load_artist_dim_table scheduled__2023-01-01T02:00:00+00:00 [queued]>
[2025-07-24T16:56:47.107+0000] {taskinstance.py:2170} INFO - Starting attempt 1 of 4
[2025-07-24T16:56:47.337+0000] {taskinstance.py:2191} INFO - Executing <Task(PythonOperator): Load_artist_dim_table> on 2023-01-01 02:00:00+00:00
[2025-07-24T16:56:47.350+0000] {standard_task_runner.py:60} INFO - Started process 321 to run task
[2025-07-24T16:56:47.355+0000] {standard_task_runner.py:87} INFO - Running: ['***', 'tasks', 'run', 'tune_stream_dag', 'Load_artist_dim_table', 'scheduled__2023-01-01T02:00:00+00:00', '--job-id', '1796', '--raw', '--subdir', 'DAGS_FOLDER/etl_pipeline.py', '--cfg-path', '/tmp/tmpax809t_4']
[2025-07-24T16:56:47.359+0000] {standard_task_runner.py:88} INFO - Job 1796: Subtask Load_artist_dim_table
[2025-07-24T16:56:47.494+0000] {task_command.py:423} INFO - Running <TaskInstance: tune_stream_dag.Load_artist_dim_table scheduled__2023-01-01T02:00:00+00:00 [running]> on host 5def55d2a1b5
[2025-07-24T16:56:47.682+0000] {taskinstance.py:2480} INFO - Exporting env vars: AIRFLOW_CTX_DAG_OWNER='genz-legend' AIRFLOW_CTX_DAG_ID='tune_stream_dag' AIRFLOW_CTX_TASK_ID='Load_artist_dim_table' AIRFLOW_CTX_EXECUTION_DATE='2023-01-01T02:00:00+00:00' AIRFLOW_CTX_TRY_NUMBER='1' AIRFLOW_CTX_DAG_RUN_ID='scheduled__2023-01-01T02:00:00+00:00'
[2025-07-24T16:56:47.872+0000] {python.py:201} INFO - Done. Returned value was: None
[2025-07-24T16:56:47.909+0000] {taskinstance.py:1138} INFO - Marking task as SUCCESS. dag_id=tune_stream_dag, task_id=Load_artist_dim_table, execution_date=20230101T020000, start_date=20250724T165647, end_date=20250724T165647
[2025-07-24T16:56:48.225+0000] {local_task_job_runner.py:234} INFO - Task exited with return code 0
[2025-07-24T16:56:48.258+0000] {taskinstance.py:3280} INFO - 0 downstream tasks scheduled from follow-on schedule check
