[2025-07-24T14:46:05.464+0000] {taskinstance.py:1956} INFO - Dependencies all met for dep_context=non-requeueable deps ti=<TaskInstance: tune_stream_dag.Load_songplays_fact_table scheduled__2023-01-04T04:00:00+00:00 [queued]>
[2025-07-24T14:46:05.472+0000] {taskinstance.py:1956} INFO - Dependencies all met for dep_context=requeueable deps ti=<TaskInstance: tune_stream_dag.Load_songplays_fact_table scheduled__2023-01-04T04:00:00+00:00 [queued]>
[2025-07-24T14:46:05.473+0000] {taskinstance.py:2170} INFO - Starting attempt 1 of 4
[2025-07-24T14:46:05.513+0000] {taskinstance.py:2191} INFO - Executing <Task(PythonOperator): Load_songplays_fact_table> on 2023-01-04 04:00:00+00:00
[2025-07-24T14:46:05.533+0000] {standard_task_runner.py:60} INFO - Started process 537 to run task
[2025-07-24T14:46:05.536+0000] {standard_task_runner.py:87} INFO - Running: ['***', 'tasks', 'run', 'tune_stream_dag', 'Load_songplays_fact_table', 'scheduled__2023-01-04T04:00:00+00:00', '--job-id', '681', '--raw', '--subdir', 'DAGS_FOLDER/etl_pipeline.py', '--cfg-path', '/tmp/tmpmlmcyw5i']
[2025-07-24T14:46:05.543+0000] {standard_task_runner.py:88} INFO - Job 681: Subtask Load_songplays_fact_table
[2025-07-24T14:46:05.799+0000] {task_command.py:423} INFO - Running <TaskInstance: tune_stream_dag.Load_songplays_fact_table scheduled__2023-01-04T04:00:00+00:00 [running]> on host aea62fae55be
[2025-07-24T14:46:05.943+0000] {taskinstance.py:2480} INFO - Exporting env vars: AIRFLOW_CTX_DAG_OWNER='genz-legend' AIRFLOW_CTX_DAG_ID='tune_stream_dag' AIRFLOW_CTX_TASK_ID='Load_songplays_fact_table' AIRFLOW_CTX_EXECUTION_DATE='2023-01-04T04:00:00+00:00' AIRFLOW_CTX_TRY_NUMBER='1' AIRFLOW_CTX_DAG_RUN_ID='scheduled__2023-01-04T04:00:00+00:00'
[2025-07-24T14:46:05.947+0000] {taskinstance.py:2698} ERROR - Task failed with exception
Traceback (most recent call last):
  File "/home/airflow/.local/lib/python3.8/site-packages/airflow/models/taskinstance.py", line 433, in _execute_task
    result = execute_callable(context=context, **execute_callable_kwargs)
  File "/home/airflow/.local/lib/python3.8/site-packages/airflow/operators/python.py", line 199, in execute
    return_value = self.execute_callable()
  File "/home/airflow/.local/lib/python3.8/site-packages/airflow/operators/python.py", line 216, in execute_callable
    return self.python_callable(*self.op_args, **self.op_kwargs)
  File "/opt/airflow/dags/etl_pipeline.py", line 170, in <lambda>
    python_callable=lambda: load_table(SqlQueries.songplay_table_insert),
TypeError: load_table() missing 1 required positional argument: 'table'
[2025-07-24T14:46:05.977+0000] {taskinstance.py:1138} INFO - Marking task as UP_FOR_RETRY. dag_id=tune_stream_dag, task_id=Load_songplays_fact_table, execution_date=20230104T040000, start_date=20250724T144605, end_date=20250724T144605
[2025-07-24T14:46:06.053+0000] {standard_task_runner.py:107} ERROR - Failed to execute job 681 for task Load_songplays_fact_table (load_table() missing 1 required positional argument: 'table'; 537)
[2025-07-24T14:46:06.067+0000] {local_task_job_runner.py:234} INFO - Task exited with return code 1
[2025-07-24T14:46:06.142+0000] {taskinstance.py:3280} INFO - 0 downstream tasks scheduled from follow-on schedule check
[2025-07-24T17:30:12.018+0000] {taskinstance.py:1956} INFO - Dependencies all met for dep_context=non-requeueable deps ti=<TaskInstance: tune_stream_dag.Load_songplays_fact_table scheduled__2023-01-04T04:00:00+00:00 [queued]>
[2025-07-24T17:30:12.031+0000] {taskinstance.py:1956} INFO - Dependencies all met for dep_context=requeueable deps ti=<TaskInstance: tune_stream_dag.Load_songplays_fact_table scheduled__2023-01-04T04:00:00+00:00 [queued]>
[2025-07-24T17:30:12.031+0000] {taskinstance.py:2170} INFO - Starting attempt 1 of 4
[2025-07-24T17:30:12.145+0000] {taskinstance.py:2191} INFO - Executing <Task(PythonOperator): Load_songplays_fact_table> on 2023-01-04 04:00:00+00:00
[2025-07-24T17:30:12.152+0000] {standard_task_runner.py:60} INFO - Started process 2875 to run task
[2025-07-24T17:30:12.156+0000] {standard_task_runner.py:87} INFO - Running: ['***', 'tasks', 'run', 'tune_stream_dag', 'Load_songplays_fact_table', 'scheduled__2023-01-04T04:00:00+00:00', '--job-id', '2500', '--raw', '--subdir', 'DAGS_FOLDER/etl_pipeline.py', '--cfg-path', '/tmp/tmpomvndzyq']
[2025-07-24T17:30:12.160+0000] {standard_task_runner.py:88} INFO - Job 2500: Subtask Load_songplays_fact_table
[2025-07-24T17:30:12.228+0000] {task_command.py:423} INFO - Running <TaskInstance: tune_stream_dag.Load_songplays_fact_table scheduled__2023-01-04T04:00:00+00:00 [running]> on host 5def55d2a1b5
[2025-07-24T17:30:12.317+0000] {taskinstance.py:2480} INFO - Exporting env vars: AIRFLOW_CTX_DAG_OWNER='genz-legend' AIRFLOW_CTX_DAG_ID='tune_stream_dag' AIRFLOW_CTX_TASK_ID='Load_songplays_fact_table' AIRFLOW_CTX_EXECUTION_DATE='2023-01-04T04:00:00+00:00' AIRFLOW_CTX_TRY_NUMBER='1' AIRFLOW_CTX_DAG_RUN_ID='scheduled__2023-01-04T04:00:00+00:00'
[2025-07-24T17:30:51.569+0000] {python.py:201} INFO - Done. Returned value was: None
[2025-07-24T17:30:51.608+0000] {taskinstance.py:1138} INFO - Marking task as SUCCESS. dag_id=tune_stream_dag, task_id=Load_songplays_fact_table, execution_date=20230104T040000, start_date=20250724T173012, end_date=20250724T173051
[2025-07-24T17:30:51.841+0000] {local_task_job_runner.py:234} INFO - Task exited with return code 0
[2025-07-24T17:30:51.985+0000] {taskinstance.py:3280} INFO - 4 downstream tasks scheduled from follow-on schedule check
