[2025-07-24T13:52:22.767+0000] {taskinstance.py:1956} INFO - Dependencies all met for dep_context=non-requeueable deps ti=<TaskInstance: tune_stream_dag.Stage_songs scheduled__2023-01-02T05:00:00+00:00 [queued]>
[2025-07-24T13:52:22.784+0000] {taskinstance.py:1956} INFO - Dependencies all met for dep_context=requeueable deps ti=<TaskInstance: tune_stream_dag.Stage_songs scheduled__2023-01-02T05:00:00+00:00 [queued]>
[2025-07-24T13:52:22.785+0000] {taskinstance.py:2170} INFO - Starting attempt 1 of 4
[2025-07-24T13:52:22.810+0000] {taskinstance.py:2191} INFO - Executing <Task(PythonOperator): Stage_songs> on 2023-01-02 05:00:00+00:00
[2025-07-24T13:52:22.826+0000] {standard_task_runner.py:60} INFO - Started process 380 to run task
[2025-07-24T13:52:22.836+0000] {standard_task_runner.py:87} INFO - Running: ['***', 'tasks', 'run', 'tune_stream_dag', 'Stage_songs', 'scheduled__2023-01-02T05:00:00+00:00', '--job-id', '342', '--raw', '--subdir', 'DAGS_FOLDER/etl_pipeline.py', '--cfg-path', '/tmp/tmp5uw2c5co']
[2025-07-24T13:52:22.850+0000] {standard_task_runner.py:88} INFO - Job 342: Subtask Stage_songs
[2025-07-24T13:52:23.122+0000] {task_command.py:423} INFO - Running <TaskInstance: tune_stream_dag.Stage_songs scheduled__2023-01-02T05:00:00+00:00 [running]> on host a4bcda7cb679
[2025-07-24T13:52:23.361+0000] {taskinstance.py:2480} INFO - Exporting env vars: AIRFLOW_CTX_DAG_OWNER='genz-legend' AIRFLOW_CTX_DAG_ID='tune_stream_dag' AIRFLOW_CTX_TASK_ID='Stage_songs' AIRFLOW_CTX_EXECUTION_DATE='2023-01-02T05:00:00+00:00' AIRFLOW_CTX_TRY_NUMBER='1' AIRFLOW_CTX_DAG_RUN_ID='scheduled__2023-01-02T05:00:00+00:00'
[2025-07-24T13:52:24.815+0000] {python.py:201} INFO - Done. Returned value was: None
[2025-07-24T13:52:24.872+0000] {taskinstance.py:1138} INFO - Marking task as SUCCESS. dag_id=tune_stream_dag, task_id=Stage_songs, execution_date=20230102T050000, start_date=20250724T135222, end_date=20250724T135224
[2025-07-24T13:52:25.073+0000] {local_task_job_runner.py:234} INFO - Task exited with return code 0
[2025-07-24T13:52:25.173+0000] {taskinstance.py:3280} INFO - 0 downstream tasks scheduled from follow-on schedule check
[2025-07-24T15:59:18.481+0000] {taskinstance.py:1956} INFO - Dependencies all met for dep_context=non-requeueable deps ti=<TaskInstance: tune_stream_dag.Stage_songs scheduled__2023-01-02T05:00:00+00:00 [queued]>
[2025-07-24T15:59:18.491+0000] {taskinstance.py:1956} INFO - Dependencies all met for dep_context=requeueable deps ti=<TaskInstance: tune_stream_dag.Stage_songs scheduled__2023-01-02T05:00:00+00:00 [queued]>
[2025-07-24T15:59:18.491+0000] {taskinstance.py:2170} INFO - Starting attempt 1 of 4
[2025-07-24T15:59:18.503+0000] {taskinstance.py:2191} INFO - Executing <Task(PythonOperator): Stage_songs> on 2023-01-02 05:00:00+00:00
[2025-07-24T15:59:18.509+0000] {standard_task_runner.py:60} INFO - Started process 1370 to run task
[2025-07-24T15:59:18.513+0000] {standard_task_runner.py:87} INFO - Running: ['***', 'tasks', 'run', 'tune_stream_dag', 'Stage_songs', 'scheduled__2023-01-02T05:00:00+00:00', '--job-id', '1241', '--raw', '--subdir', 'DAGS_FOLDER/etl_pipeline.py', '--cfg-path', '/tmp/tmp8g5brzwt']
[2025-07-24T15:59:18.516+0000] {standard_task_runner.py:88} INFO - Job 1241: Subtask Stage_songs
[2025-07-24T15:59:18.576+0000] {task_command.py:423} INFO - Running <TaskInstance: tune_stream_dag.Stage_songs scheduled__2023-01-02T05:00:00+00:00 [running]> on host c53547d84df1
[2025-07-24T15:59:18.646+0000] {taskinstance.py:2480} INFO - Exporting env vars: AIRFLOW_CTX_DAG_OWNER='genz-legend' AIRFLOW_CTX_DAG_ID='tune_stream_dag' AIRFLOW_CTX_TASK_ID='Stage_songs' AIRFLOW_CTX_EXECUTION_DATE='2023-01-02T05:00:00+00:00' AIRFLOW_CTX_TRY_NUMBER='1' AIRFLOW_CTX_DAG_RUN_ID='scheduled__2023-01-02T05:00:00+00:00'
[2025-07-24T15:59:19.146+0000] {python.py:201} INFO - Done. Returned value was: None
[2025-07-24T15:59:19.155+0000] {taskinstance.py:1138} INFO - Marking task as SUCCESS. dag_id=tune_stream_dag, task_id=Stage_songs, execution_date=20230102T050000, start_date=20250724T155918, end_date=20250724T155919
[2025-07-24T15:59:19.207+0000] {local_task_job_runner.py:234} INFO - Task exited with return code 0
[2025-07-24T15:59:19.231+0000] {taskinstance.py:3280} INFO - 0 downstream tasks scheduled from follow-on schedule check
[2025-07-24T16:34:12.264+0000] {taskinstance.py:1956} INFO - Dependencies all met for dep_context=non-requeueable deps ti=<TaskInstance: tune_stream_dag.Stage_songs scheduled__2023-01-02T05:00:00+00:00 [queued]>
[2025-07-24T16:34:12.280+0000] {taskinstance.py:1956} INFO - Dependencies all met for dep_context=requeueable deps ti=<TaskInstance: tune_stream_dag.Stage_songs scheduled__2023-01-02T05:00:00+00:00 [queued]>
[2025-07-24T16:34:12.281+0000] {taskinstance.py:2170} INFO - Starting attempt 1 of 4
[2025-07-24T16:34:12.304+0000] {taskinstance.py:2191} INFO - Executing <Task(PythonOperator): Stage_songs> on 2023-01-02 05:00:00+00:00
[2025-07-24T16:34:12.317+0000] {standard_task_runner.py:60} INFO - Started process 1195 to run task
[2025-07-24T16:34:12.321+0000] {standard_task_runner.py:87} INFO - Running: ['***', 'tasks', 'run', 'tune_stream_dag', 'Stage_songs', 'scheduled__2023-01-02T05:00:00+00:00', '--job-id', '1609', '--raw', '--subdir', 'DAGS_FOLDER/etl_pipeline.py', '--cfg-path', '/tmp/tmp7brirmo2']
[2025-07-24T16:34:12.327+0000] {standard_task_runner.py:88} INFO - Job 1609: Subtask Stage_songs
[2025-07-24T16:34:12.486+0000] {task_command.py:423} INFO - Running <TaskInstance: tune_stream_dag.Stage_songs scheduled__2023-01-02T05:00:00+00:00 [running]> on host c53547d84df1
[2025-07-24T16:34:12.640+0000] {taskinstance.py:2480} INFO - Exporting env vars: AIRFLOW_CTX_DAG_OWNER='genz-legend' AIRFLOW_CTX_DAG_ID='tune_stream_dag' AIRFLOW_CTX_TASK_ID='Stage_songs' AIRFLOW_CTX_EXECUTION_DATE='2023-01-02T05:00:00+00:00' AIRFLOW_CTX_TRY_NUMBER='1' AIRFLOW_CTX_DAG_RUN_ID='scheduled__2023-01-02T05:00:00+00:00'
[2025-07-24T16:34:13.372+0000] {python.py:201} INFO - Done. Returned value was: None
[2025-07-24T16:34:13.387+0000] {taskinstance.py:1138} INFO - Marking task as SUCCESS. dag_id=tune_stream_dag, task_id=Stage_songs, execution_date=20230102T050000, start_date=20250724T163412, end_date=20250724T163413
[2025-07-24T16:34:13.460+0000] {local_task_job_runner.py:234} INFO - Task exited with return code 0
[2025-07-24T16:34:13.503+0000] {taskinstance.py:3280} INFO - 0 downstream tasks scheduled from follow-on schedule check
[2025-07-24T17:13:12.676+0000] {taskinstance.py:1956} INFO - Dependencies all met for dep_context=non-requeueable deps ti=<TaskInstance: tune_stream_dag.Stage_songs scheduled__2023-01-02T05:00:00+00:00 [queued]>
[2025-07-24T17:13:12.693+0000] {taskinstance.py:1956} INFO - Dependencies all met for dep_context=requeueable deps ti=<TaskInstance: tune_stream_dag.Stage_songs scheduled__2023-01-02T05:00:00+00:00 [queued]>
[2025-07-24T17:13:12.695+0000] {taskinstance.py:2170} INFO - Starting attempt 1 of 4
[2025-07-24T17:13:12.715+0000] {taskinstance.py:2191} INFO - Executing <Task(PythonOperator): Stage_songs> on 2023-01-02 05:00:00+00:00
[2025-07-24T17:13:12.727+0000] {standard_task_runner.py:60} INFO - Started process 1183 to run task
[2025-07-24T17:13:12.733+0000] {standard_task_runner.py:87} INFO - Running: ['***', 'tasks', 'run', 'tune_stream_dag', 'Stage_songs', 'scheduled__2023-01-02T05:00:00+00:00', '--job-id', '2004', '--raw', '--subdir', 'DAGS_FOLDER/etl_pipeline.py', '--cfg-path', '/tmp/tmp20eki_6q']
[2025-07-24T17:13:12.738+0000] {standard_task_runner.py:88} INFO - Job 2004: Subtask Stage_songs
[2025-07-24T17:13:12.866+0000] {task_command.py:423} INFO - Running <TaskInstance: tune_stream_dag.Stage_songs scheduled__2023-01-02T05:00:00+00:00 [running]> on host 5def55d2a1b5
[2025-07-24T17:13:13.017+0000] {taskinstance.py:2480} INFO - Exporting env vars: AIRFLOW_CTX_DAG_OWNER='genz-legend' AIRFLOW_CTX_DAG_ID='tune_stream_dag' AIRFLOW_CTX_TASK_ID='Stage_songs' AIRFLOW_CTX_EXECUTION_DATE='2023-01-02T05:00:00+00:00' AIRFLOW_CTX_TRY_NUMBER='1' AIRFLOW_CTX_DAG_RUN_ID='scheduled__2023-01-02T05:00:00+00:00'
[2025-07-24T17:13:15.859+0000] {python.py:201} INFO - Done. Returned value was: None
[2025-07-24T17:13:15.891+0000] {taskinstance.py:1138} INFO - Marking task as SUCCESS. dag_id=tune_stream_dag, task_id=Stage_songs, execution_date=20230102T050000, start_date=20250724T171312, end_date=20250724T171315
[2025-07-24T17:13:16.102+0000] {local_task_job_runner.py:234} INFO - Task exited with return code 0
[2025-07-24T17:13:16.171+0000] {taskinstance.py:3280} INFO - 0 downstream tasks scheduled from follow-on schedule check
