[2025-07-24T14:14:13.295+0000] {taskinstance.py:1956} INFO - Dependencies all met for dep_context=non-requeueable deps ti=<TaskInstance: tune_stream_dag.Stage_events scheduled__2023-01-03T08:00:00+00:00 [queued]>
[2025-07-24T14:14:13.314+0000] {taskinstance.py:1956} INFO - Dependencies all met for dep_context=requeueable deps ti=<TaskInstance: tune_stream_dag.Stage_events scheduled__2023-01-03T08:00:00+00:00 [queued]>
[2025-07-24T14:14:13.315+0000] {taskinstance.py:2170} INFO - Starting attempt 1 of 4
[2025-07-24T14:14:13.345+0000] {taskinstance.py:2191} INFO - Executing <Task(PythonOperator): Stage_events> on 2023-01-03 08:00:00+00:00
[2025-07-24T14:14:13.363+0000] {standard_task_runner.py:60} INFO - Started process 375 to run task
[2025-07-24T14:14:13.374+0000] {standard_task_runner.py:87} INFO - Running: ['***', 'tasks', 'run', 'tune_stream_dag', 'Stage_events', 'scheduled__2023-01-03T08:00:00+00:00', '--job-id', '481', '--raw', '--subdir', 'DAGS_FOLDER/etl_pipeline.py', '--cfg-path', '/tmp/tmpxyrcowbc']
[2025-07-24T14:14:13.383+0000] {standard_task_runner.py:88} INFO - Job 481: Subtask Stage_events
[2025-07-24T14:14:13.662+0000] {task_command.py:423} INFO - Running <TaskInstance: tune_stream_dag.Stage_events scheduled__2023-01-03T08:00:00+00:00 [running]> on host aea62fae55be
[2025-07-24T14:14:13.957+0000] {taskinstance.py:2480} INFO - Exporting env vars: AIRFLOW_CTX_DAG_OWNER='genz-legend' AIRFLOW_CTX_DAG_ID='tune_stream_dag' AIRFLOW_CTX_TASK_ID='Stage_events' AIRFLOW_CTX_EXECUTION_DATE='2023-01-03T08:00:00+00:00' AIRFLOW_CTX_TRY_NUMBER='1' AIRFLOW_CTX_DAG_RUN_ID='scheduled__2023-01-03T08:00:00+00:00'
[2025-07-24T14:14:19.554+0000] {python.py:201} INFO - Done. Returned value was: None
[2025-07-24T14:14:19.566+0000] {taskinstance.py:1138} INFO - Marking task as SUCCESS. dag_id=tune_stream_dag, task_id=Stage_events, execution_date=20230103T080000, start_date=20250724T141413, end_date=20250724T141419
[2025-07-24T14:14:19.698+0000] {local_task_job_runner.py:234} INFO - Task exited with return code 0
[2025-07-24T14:14:19.729+0000] {taskinstance.py:3280} INFO - 1 downstream tasks scheduled from follow-on schedule check
[2025-07-24T17:23:37.539+0000] {taskinstance.py:1956} INFO - Dependencies all met for dep_context=non-requeueable deps ti=<TaskInstance: tune_stream_dag.Stage_events scheduled__2023-01-03T08:00:00+00:00 [queued]>
[2025-07-24T17:23:37.550+0000] {taskinstance.py:1956} INFO - Dependencies all met for dep_context=requeueable deps ti=<TaskInstance: tune_stream_dag.Stage_events scheduled__2023-01-03T08:00:00+00:00 [queued]>
[2025-07-24T17:23:37.550+0000] {taskinstance.py:2170} INFO - Starting attempt 1 of 4
[2025-07-24T17:23:38.215+0000] {taskinstance.py:2191} INFO - Executing <Task(PythonOperator): Stage_events> on 2023-01-03 08:00:00+00:00
[2025-07-24T17:23:38.232+0000] {standard_task_runner.py:60} INFO - Started process 2024 to run task
[2025-07-24T17:23:38.239+0000] {standard_task_runner.py:87} INFO - Running: ['***', 'tasks', 'run', 'tune_stream_dag', 'Stage_events', 'scheduled__2023-01-03T08:00:00+00:00', '--job-id', '2240', '--raw', '--subdir', 'DAGS_FOLDER/etl_pipeline.py', '--cfg-path', '/tmp/tmpq4yf575t']
[2025-07-24T17:23:38.249+0000] {standard_task_runner.py:88} INFO - Job 2240: Subtask Stage_events
[2025-07-24T17:23:39.557+0000] {task_command.py:423} INFO - Running <TaskInstance: tune_stream_dag.Stage_events scheduled__2023-01-03T08:00:00+00:00 [running]> on host 5def55d2a1b5
[2025-07-24T17:24:10.454+0000] {taskinstance.py:2480} INFO - Exporting env vars: AIRFLOW_CTX_DAG_OWNER='genz-legend' AIRFLOW_CTX_DAG_ID='tune_stream_dag' AIRFLOW_CTX_TASK_ID='Stage_events' AIRFLOW_CTX_EXECUTION_DATE='2023-01-03T08:00:00+00:00' AIRFLOW_CTX_TRY_NUMBER='1' AIRFLOW_CTX_DAG_RUN_ID='scheduled__2023-01-03T08:00:00+00:00'
[2025-07-24T17:25:08.007+0000] {python.py:201} INFO - Done. Returned value was: None
[2025-07-24T17:25:08.218+0000] {taskinstance.py:1138} INFO - Marking task as SUCCESS. dag_id=tune_stream_dag, task_id=Stage_events, execution_date=20230103T080000, start_date=20250724T172337, end_date=20250724T172508
[2025-07-24T17:25:08.343+0000] {local_task_job_runner.py:234} INFO - Task exited with return code 0
[2025-07-24T17:25:08.519+0000] {taskinstance.py:3280} INFO - 1 downstream tasks scheduled from follow-on schedule check
