[2025-07-24T15:04:12.798+0000] {taskinstance.py:1956} INFO - Dependencies all met for dep_context=non-requeueable deps ti=<TaskInstance: tune_stream_dag.Stage_events scheduled__2023-01-04T13:00:00+00:00 [queued]>
[2025-07-24T15:04:12.831+0000] {taskinstance.py:1956} INFO - Dependencies all met for dep_context=requeueable deps ti=<TaskInstance: tune_stream_dag.Stage_events scheduled__2023-01-04T13:00:00+00:00 [queued]>
[2025-07-24T15:04:12.835+0000] {taskinstance.py:2170} INFO - Starting attempt 1 of 4
[2025-07-24T15:04:12.982+0000] {taskinstance.py:2191} INFO - Executing <Task(PythonOperator): Stage_events> on 2023-01-04 13:00:00+00:00
[2025-07-24T15:04:13.038+0000] {standard_task_runner.py:60} INFO - Started process 201 to run task
[2025-07-24T15:04:13.265+0000] {standard_task_runner.py:87} INFO - Running: ['***', 'tasks', 'run', 'tune_stream_dag', 'Stage_events', 'scheduled__2023-01-04T13:00:00+00:00', '--job-id', '755', '--raw', '--subdir', 'DAGS_FOLDER/etl_pipeline.py', '--cfg-path', '/tmp/tmpz80_0vtn']
[2025-07-24T15:04:13.288+0000] {standard_task_runner.py:88} INFO - Job 755: Subtask Stage_events
[2025-07-24T15:04:14.825+0000] {task_command.py:423} INFO - Running <TaskInstance: tune_stream_dag.Stage_events scheduled__2023-01-04T13:00:00+00:00 [running]> on host c53547d84df1
[2025-07-24T15:04:15.592+0000] {taskinstance.py:2480} INFO - Exporting env vars: AIRFLOW_CTX_DAG_OWNER='genz-legend' AIRFLOW_CTX_DAG_ID='tune_stream_dag' AIRFLOW_CTX_TASK_ID='Stage_events' AIRFLOW_CTX_EXECUTION_DATE='2023-01-04T13:00:00+00:00' AIRFLOW_CTX_TRY_NUMBER='1' AIRFLOW_CTX_DAG_RUN_ID='scheduled__2023-01-04T13:00:00+00:00'
[2025-07-24T15:04:25.791+0000] {python.py:201} INFO - Done. Returned value was: None
[2025-07-24T15:04:25.821+0000] {taskinstance.py:1138} INFO - Marking task as SUCCESS. dag_id=tune_stream_dag, task_id=Stage_events, execution_date=20230104T130000, start_date=20250724T150412, end_date=20250724T150425
[2025-07-24T15:04:25.939+0000] {local_task_job_runner.py:234} INFO - Task exited with return code 0
[2025-07-24T15:04:26.024+0000] {taskinstance.py:3280} INFO - 1 downstream tasks scheduled from follow-on schedule check
[2025-07-24T17:30:01.347+0000] {taskinstance.py:1956} INFO - Dependencies all met for dep_context=non-requeueable deps ti=<TaskInstance: tune_stream_dag.Stage_events scheduled__2023-01-04T13:00:00+00:00 [queued]>
[2025-07-24T17:30:01.364+0000] {taskinstance.py:1956} INFO - Dependencies all met for dep_context=requeueable deps ti=<TaskInstance: tune_stream_dag.Stage_events scheduled__2023-01-04T13:00:00+00:00 [queued]>
[2025-07-24T17:30:01.365+0000] {taskinstance.py:2170} INFO - Starting attempt 1 of 4
[2025-07-24T17:30:01.392+0000] {taskinstance.py:2191} INFO - Executing <Task(PythonOperator): Stage_events> on 2023-01-04 13:00:00+00:00
[2025-07-24T17:30:01.408+0000] {standard_task_runner.py:60} INFO - Started process 2841 to run task
[2025-07-24T17:30:01.417+0000] {standard_task_runner.py:87} INFO - Running: ['***', 'tasks', 'run', 'tune_stream_dag', 'Stage_events', 'scheduled__2023-01-04T13:00:00+00:00', '--job-id', '2489', '--raw', '--subdir', 'DAGS_FOLDER/etl_pipeline.py', '--cfg-path', '/tmp/tmpmx7j0ooj']
[2025-07-24T17:30:01.427+0000] {standard_task_runner.py:88} INFO - Job 2489: Subtask Stage_events
[2025-07-24T17:30:01.554+0000] {task_command.py:423} INFO - Running <TaskInstance: tune_stream_dag.Stage_events scheduled__2023-01-04T13:00:00+00:00 [running]> on host 5def55d2a1b5
[2025-07-24T17:30:01.715+0000] {taskinstance.py:2480} INFO - Exporting env vars: AIRFLOW_CTX_DAG_OWNER='genz-legend' AIRFLOW_CTX_DAG_ID='tune_stream_dag' AIRFLOW_CTX_TASK_ID='Stage_events' AIRFLOW_CTX_EXECUTION_DATE='2023-01-04T13:00:00+00:00' AIRFLOW_CTX_TRY_NUMBER='1' AIRFLOW_CTX_DAG_RUN_ID='scheduled__2023-01-04T13:00:00+00:00'
[2025-07-24T17:30:34.414+0000] {python.py:201} INFO - Done. Returned value was: None
[2025-07-24T17:30:34.566+0000] {taskinstance.py:1138} INFO - Marking task as SUCCESS. dag_id=tune_stream_dag, task_id=Stage_events, execution_date=20230104T130000, start_date=20250724T173001, end_date=20250724T173034
[2025-07-24T17:30:36.518+0000] {local_task_job_runner.py:234} INFO - Task exited with return code 0
[2025-07-24T17:30:36.563+0000] {taskinstance.py:3280} INFO - 1 downstream tasks scheduled from follow-on schedule check
