[2025-07-24T13:53:29.468+0000] {taskinstance.py:1956} INFO - Dependencies all met for dep_context=non-requeueable deps ti=<TaskInstance: tune_stream_dag.Stage_songs scheduled__2023-01-02T19:00:00+00:00 [queued]>
[2025-07-24T13:53:29.501+0000] {taskinstance.py:1956} INFO - Dependencies all met for dep_context=requeueable deps ti=<TaskInstance: tune_stream_dag.Stage_songs scheduled__2023-01-02T19:00:00+00:00 [queued]>
[2025-07-24T13:53:29.503+0000] {taskinstance.py:2170} INFO - Starting attempt 1 of 4
[2025-07-24T13:53:29.549+0000] {taskinstance.py:2191} INFO - Executing <Task(PythonOperator): Stage_songs> on 2023-01-02 19:00:00+00:00
[2025-07-24T13:53:29.581+0000] {standard_task_runner.py:60} INFO - Started process 525 to run task
[2025-07-24T13:53:29.611+0000] {standard_task_runner.py:87} INFO - Running: ['***', 'tasks', 'run', 'tune_stream_dag', 'Stage_songs', 'scheduled__2023-01-02T19:00:00+00:00', '--job-id', '385', '--raw', '--subdir', 'DAGS_FOLDER/etl_pipeline.py', '--cfg-path', '/tmp/tmp7jkci9uz']
[2025-07-24T13:53:29.622+0000] {standard_task_runner.py:88} INFO - Job 385: Subtask Stage_songs
[2025-07-24T13:53:29.921+0000] {task_command.py:423} INFO - Running <TaskInstance: tune_stream_dag.Stage_songs scheduled__2023-01-02T19:00:00+00:00 [running]> on host a4bcda7cb679
[2025-07-24T13:53:30.329+0000] {taskinstance.py:2480} INFO - Exporting env vars: AIRFLOW_CTX_DAG_OWNER='genz-legend' AIRFLOW_CTX_DAG_ID='tune_stream_dag' AIRFLOW_CTX_TASK_ID='Stage_songs' AIRFLOW_CTX_EXECUTION_DATE='2023-01-02T19:00:00+00:00' AIRFLOW_CTX_TRY_NUMBER='1' AIRFLOW_CTX_DAG_RUN_ID='scheduled__2023-01-02T19:00:00+00:00'
[2025-07-24T13:53:32.606+0000] {python.py:201} INFO - Done. Returned value was: None
[2025-07-24T13:53:32.631+0000] {taskinstance.py:1138} INFO - Marking task as SUCCESS. dag_id=tune_stream_dag, task_id=Stage_songs, execution_date=20230102T190000, start_date=20250724T135329, end_date=20250724T135332
[2025-07-24T13:53:32.731+0000] {local_task_job_runner.py:234} INFO - Task exited with return code 0
[2025-07-24T13:53:32.806+0000] {taskinstance.py:3280} INFO - 0 downstream tasks scheduled from follow-on schedule check
[2025-07-24T17:21:18.203+0000] {taskinstance.py:1956} INFO - Dependencies all met for dep_context=non-requeueable deps ti=<TaskInstance: tune_stream_dag.Stage_songs scheduled__2023-01-02T19:00:00+00:00 [queued]>
[2025-07-24T17:21:18.222+0000] {taskinstance.py:1956} INFO - Dependencies all met for dep_context=requeueable deps ti=<TaskInstance: tune_stream_dag.Stage_songs scheduled__2023-01-02T19:00:00+00:00 [queued]>
[2025-07-24T17:21:18.225+0000] {taskinstance.py:2170} INFO - Starting attempt 1 of 4
[2025-07-24T17:21:18.411+0000] {taskinstance.py:2191} INFO - Executing <Task(PythonOperator): Stage_songs> on 2023-01-02 19:00:00+00:00
[2025-07-24T17:21:18.468+0000] {standard_task_runner.py:60} INFO - Started process 1886 to run task
[2025-07-24T17:21:18.476+0000] {standard_task_runner.py:87} INFO - Running: ['***', 'tasks', 'run', 'tune_stream_dag', 'Stage_songs', 'scheduled__2023-01-02T19:00:00+00:00', '--job-id', '2198', '--raw', '--subdir', 'DAGS_FOLDER/etl_pipeline.py', '--cfg-path', '/tmp/tmp8t4npv_w']
[2025-07-24T17:21:18.485+0000] {standard_task_runner.py:88} INFO - Job 2198: Subtask Stage_songs
[2025-07-24T17:21:18.931+0000] {task_command.py:423} INFO - Running <TaskInstance: tune_stream_dag.Stage_songs scheduled__2023-01-02T19:00:00+00:00 [running]> on host 5def55d2a1b5
[2025-07-24T17:21:19.419+0000] {taskinstance.py:2480} INFO - Exporting env vars: AIRFLOW_CTX_DAG_OWNER='genz-legend' AIRFLOW_CTX_DAG_ID='tune_stream_dag' AIRFLOW_CTX_TASK_ID='Stage_songs' AIRFLOW_CTX_EXECUTION_DATE='2023-01-02T19:00:00+00:00' AIRFLOW_CTX_TRY_NUMBER='1' AIRFLOW_CTX_DAG_RUN_ID='scheduled__2023-01-02T19:00:00+00:00'
[2025-07-24T17:21:27.539+0000] {python.py:201} INFO - Done. Returned value was: None
[2025-07-24T17:21:28.652+0000] {taskinstance.py:1138} INFO - Marking task as SUCCESS. dag_id=tune_stream_dag, task_id=Stage_songs, execution_date=20230102T190000, start_date=20250724T172118, end_date=20250724T172128
[2025-07-24T17:22:19.364+0000] {local_task_job_runner.py:234} INFO - Task exited with return code 0
[2025-07-24T17:22:20.025+0000] {taskinstance.py:3280} INFO - 0 downstream tasks scheduled from follow-on schedule check
