[2025-07-24T15:20:27.678+0000] {taskinstance.py:1956} INFO - Dependencies all met for dep_context=non-requeueable deps ti=<TaskInstance: tune_stream_dag.Stage_songs scheduled__2023-01-05T02:00:00+00:00 [queued]>
[2025-07-24T15:20:27.732+0000] {taskinstance.py:1956} INFO - Dependencies all met for dep_context=requeueable deps ti=<TaskInstance: tune_stream_dag.Stage_songs scheduled__2023-01-05T02:00:00+00:00 [queued]>
[2025-07-24T15:20:27.742+0000] {taskinstance.py:2170} INFO - Starting attempt 1 of 4
[2025-07-24T15:20:27.854+0000] {taskinstance.py:2191} INFO - Executing <Task(PythonOperator): Stage_songs> on 2023-01-05 02:00:00+00:00
[2025-07-24T15:20:28.027+0000] {standard_task_runner.py:87} INFO - Running: ['***', 'tasks', 'run', 'tune_stream_dag', 'Stage_songs', 'scheduled__2023-01-05T02:00:00+00:00', '--job-id', '837', '--raw', '--subdir', 'DAGS_FOLDER/etl_pipeline.py', '--cfg-path', '/tmp/tmpfgelghr4']
[2025-07-24T15:20:28.056+0000] {standard_task_runner.py:88} INFO - Job 837: Subtask Stage_songs
[2025-07-24T15:20:28.003+0000] {standard_task_runner.py:60} INFO - Started process 700 to run task
[2025-07-24T15:20:28.565+0000] {task_command.py:423} INFO - Running <TaskInstance: tune_stream_dag.Stage_songs scheduled__2023-01-05T02:00:00+00:00 [running]> on host c53547d84df1
[2025-07-24T15:20:29.057+0000] {taskinstance.py:2480} INFO - Exporting env vars: AIRFLOW_CTX_DAG_OWNER='genz-legend' AIRFLOW_CTX_DAG_ID='tune_stream_dag' AIRFLOW_CTX_TASK_ID='Stage_songs' AIRFLOW_CTX_EXECUTION_DATE='2023-01-05T02:00:00+00:00' AIRFLOW_CTX_TRY_NUMBER='1' AIRFLOW_CTX_DAG_RUN_ID='scheduled__2023-01-05T02:00:00+00:00'
[2025-07-24T15:21:09.481+0000] {python.py:201} INFO - Done. Returned value was: None
[2025-07-24T15:21:09.628+0000] {taskinstance.py:1138} INFO - Marking task as SUCCESS. dag_id=tune_stream_dag, task_id=Stage_songs, execution_date=20230105T020000, start_date=20250724T152027, end_date=20250724T152109
[2025-07-24T15:21:10.846+0000] {local_task_job_runner.py:234} INFO - Task exited with return code 0
[2025-07-24T15:21:11.378+0000] {taskinstance.py:3280} INFO - 0 downstream tasks scheduled from follow-on schedule check
[2025-07-24T17:31:55.710+0000] {taskinstance.py:1956} INFO - Dependencies all met for dep_context=non-requeueable deps ti=<TaskInstance: tune_stream_dag.Stage_songs scheduled__2023-01-05T02:00:00+00:00 [queued]>
[2025-07-24T17:31:55.742+0000] {taskinstance.py:1956} INFO - Dependencies all met for dep_context=requeueable deps ti=<TaskInstance: tune_stream_dag.Stage_songs scheduled__2023-01-05T02:00:00+00:00 [queued]>
[2025-07-24T17:31:55.744+0000] {taskinstance.py:2170} INFO - Starting attempt 1 of 4
[2025-07-24T17:31:56.073+0000] {taskinstance.py:2191} INFO - Executing <Task(PythonOperator): Stage_songs> on 2023-01-05 02:00:00+00:00
[2025-07-24T17:31:56.090+0000] {standard_task_runner.py:60} INFO - Started process 3231 to run task
[2025-07-24T17:31:56.098+0000] {standard_task_runner.py:87} INFO - Running: ['***', 'tasks', 'run', 'tune_stream_dag', 'Stage_songs', 'scheduled__2023-01-05T02:00:00+00:00', '--job-id', '2610', '--raw', '--subdir', 'DAGS_FOLDER/etl_pipeline.py', '--cfg-path', '/tmp/tmp2ylve5hr']
[2025-07-24T17:31:56.118+0000] {standard_task_runner.py:88} INFO - Job 2610: Subtask Stage_songs
[2025-07-24T17:31:56.529+0000] {task_command.py:423} INFO - Running <TaskInstance: tune_stream_dag.Stage_songs scheduled__2023-01-05T02:00:00+00:00 [running]> on host 5def55d2a1b5
[2025-07-24T17:31:56.821+0000] {taskinstance.py:2480} INFO - Exporting env vars: AIRFLOW_CTX_DAG_OWNER='genz-legend' AIRFLOW_CTX_DAG_ID='tune_stream_dag' AIRFLOW_CTX_TASK_ID='Stage_songs' AIRFLOW_CTX_EXECUTION_DATE='2023-01-05T02:00:00+00:00' AIRFLOW_CTX_TRY_NUMBER='1' AIRFLOW_CTX_DAG_RUN_ID='scheduled__2023-01-05T02:00:00+00:00'
[2025-07-24T17:32:03.430+0000] {python.py:201} INFO - Done. Returned value was: None
[2025-07-24T17:32:03.446+0000] {taskinstance.py:1138} INFO - Marking task as SUCCESS. dag_id=tune_stream_dag, task_id=Stage_songs, execution_date=20230105T020000, start_date=20250724T173155, end_date=20250724T173203
[2025-07-24T17:32:03.915+0000] {local_task_job_runner.py:234} INFO - Task exited with return code 0
[2025-07-24T17:32:03.976+0000] {taskinstance.py:3280} INFO - 0 downstream tasks scheduled from follow-on schedule check
