[2025-07-24T16:04:30.050+0000] {taskinstance.py:1956} INFO - Dependencies all met for dep_context=non-requeueable deps ti=<TaskInstance: tune_stream_dag.Load_artist_dim_table scheduled__2023-01-02T06:00:00+00:00 [queued]>
[2025-07-24T16:04:30.069+0000] {taskinstance.py:1956} INFO - Dependencies all met for dep_context=requeueable deps ti=<TaskInstance: tune_stream_dag.Load_artist_dim_table scheduled__2023-01-02T06:00:00+00:00 [queued]>
[2025-07-24T16:04:30.071+0000] {taskinstance.py:2170} INFO - Starting attempt 1 of 4
[2025-07-24T16:04:30.105+0000] {taskinstance.py:2191} INFO - Executing <Task(PythonOperator): Load_artist_dim_table> on 2023-01-02 06:00:00+00:00
[2025-07-24T16:04:30.124+0000] {standard_task_runner.py:60} INFO - Started process 1608 to run task
[2025-07-24T16:04:30.139+0000] {standard_task_runner.py:87} INFO - Running: ['***', 'tasks', 'run', 'tune_stream_dag', 'Load_artist_dim_table', 'scheduled__2023-01-02T06:00:00+00:00', '--job-id', '1291', '--raw', '--subdir', 'DAGS_FOLDER/etl_pipeline.py', '--cfg-path', '/tmp/tmp387sq0m5']
[2025-07-24T16:04:30.157+0000] {standard_task_runner.py:88} INFO - Job 1291: Subtask Load_artist_dim_table
[2025-07-24T16:04:30.447+0000] {task_command.py:423} INFO - Running <TaskInstance: tune_stream_dag.Load_artist_dim_table scheduled__2023-01-02T06:00:00+00:00 [running]> on host c53547d84df1
[2025-07-24T16:04:30.650+0000] {taskinstance.py:2480} INFO - Exporting env vars: AIRFLOW_CTX_DAG_OWNER='genz-legend' AIRFLOW_CTX_DAG_ID='tune_stream_dag' AIRFLOW_CTX_TASK_ID='Load_artist_dim_table' AIRFLOW_CTX_EXECUTION_DATE='2023-01-02T06:00:00+00:00' AIRFLOW_CTX_TRY_NUMBER='1' AIRFLOW_CTX_DAG_RUN_ID='scheduled__2023-01-02T06:00:00+00:00'
[2025-07-24T16:04:30.680+0000] {python.py:201} INFO - Done. Returned value was: None
[2025-07-24T16:04:30.707+0000] {taskinstance.py:1138} INFO - Marking task as SUCCESS. dag_id=tune_stream_dag, task_id=Load_artist_dim_table, execution_date=20230102T060000, start_date=20250724T160430, end_date=20250724T160430
[2025-07-24T16:04:30.803+0000] {local_task_job_runner.py:234} INFO - Task exited with return code 0
[2025-07-24T16:04:33.526+0000] {taskinstance.py:3280} INFO - 0 downstream tasks scheduled from follow-on schedule check
[2025-07-24T16:35:22.109+0000] {taskinstance.py:1956} INFO - Dependencies all met for dep_context=non-requeueable deps ti=<TaskInstance: tune_stream_dag.Load_artist_dim_table scheduled__2023-01-02T06:00:00+00:00 [queued]>
[2025-07-24T16:35:22.310+0000] {taskinstance.py:1956} INFO - Dependencies all met for dep_context=requeueable deps ti=<TaskInstance: tune_stream_dag.Load_artist_dim_table scheduled__2023-01-02T06:00:00+00:00 [queued]>
[2025-07-24T16:35:22.345+0000] {taskinstance.py:2170} INFO - Starting attempt 1 of 4
[2025-07-24T16:35:22.612+0000] {taskinstance.py:2191} INFO - Executing <Task(PythonOperator): Load_artist_dim_table> on 2023-01-02 06:00:00+00:00
[2025-07-24T16:35:22.626+0000] {standard_task_runner.py:60} INFO - Started process 1410 to run task
[2025-07-24T16:35:22.633+0000] {standard_task_runner.py:87} INFO - Running: ['***', 'tasks', 'run', 'tune_stream_dag', 'Load_artist_dim_table', 'scheduled__2023-01-02T06:00:00+00:00', '--job-id', '1673', '--raw', '--subdir', 'DAGS_FOLDER/etl_pipeline.py', '--cfg-path', '/tmp/tmps9gqdfik']
[2025-07-24T16:35:22.637+0000] {standard_task_runner.py:88} INFO - Job 1673: Subtask Load_artist_dim_table
[2025-07-24T16:35:23.087+0000] {task_command.py:423} INFO - Running <TaskInstance: tune_stream_dag.Load_artist_dim_table scheduled__2023-01-02T06:00:00+00:00 [running]> on host c53547d84df1
[2025-07-24T16:35:24.614+0000] {taskinstance.py:2480} INFO - Exporting env vars: AIRFLOW_CTX_DAG_OWNER='genz-legend' AIRFLOW_CTX_DAG_ID='tune_stream_dag' AIRFLOW_CTX_TASK_ID='Load_artist_dim_table' AIRFLOW_CTX_EXECUTION_DATE='2023-01-02T06:00:00+00:00' AIRFLOW_CTX_TRY_NUMBER='1' AIRFLOW_CTX_DAG_RUN_ID='scheduled__2023-01-02T06:00:00+00:00'
[2025-07-24T16:35:26.091+0000] {python.py:201} INFO - Done. Returned value was: None
[2025-07-24T16:35:26.106+0000] {taskinstance.py:1138} INFO - Marking task as SUCCESS. dag_id=tune_stream_dag, task_id=Load_artist_dim_table, execution_date=20230102T060000, start_date=20250724T163522, end_date=20250724T163526
[2025-07-24T16:35:26.289+0000] {local_task_job_runner.py:234} INFO - Task exited with return code 0
[2025-07-24T16:35:26.313+0000] {taskinstance.py:3280} INFO - 0 downstream tasks scheduled from follow-on schedule check
[2025-07-24T17:14:10.935+0000] {taskinstance.py:1956} INFO - Dependencies all met for dep_context=non-requeueable deps ti=<TaskInstance: tune_stream_dag.Load_artist_dim_table scheduled__2023-01-02T06:00:00+00:00 [queued]>
[2025-07-24T17:14:10.961+0000] {taskinstance.py:1956} INFO - Dependencies all met for dep_context=requeueable deps ti=<TaskInstance: tune_stream_dag.Load_artist_dim_table scheduled__2023-01-02T06:00:00+00:00 [queued]>
[2025-07-24T17:14:10.963+0000] {taskinstance.py:2170} INFO - Starting attempt 1 of 4
[2025-07-24T17:14:11.003+0000] {taskinstance.py:2191} INFO - Executing <Task(PythonOperator): Load_artist_dim_table> on 2023-01-02 06:00:00+00:00
[2025-07-24T17:14:11.034+0000] {standard_task_runner.py:60} INFO - Started process 1364 to run task
[2025-07-24T17:14:11.052+0000] {standard_task_runner.py:87} INFO - Running: ['***', 'tasks', 'run', 'tune_stream_dag', 'Load_artist_dim_table', 'scheduled__2023-01-02T06:00:00+00:00', '--job-id', '2060', '--raw', '--subdir', 'DAGS_FOLDER/etl_pipeline.py', '--cfg-path', '/tmp/tmpwt5u2er5']
[2025-07-24T17:14:11.097+0000] {standard_task_runner.py:88} INFO - Job 2060: Subtask Load_artist_dim_table
[2025-07-24T17:14:11.412+0000] {task_command.py:423} INFO - Running <TaskInstance: tune_stream_dag.Load_artist_dim_table scheduled__2023-01-02T06:00:00+00:00 [running]> on host 5def55d2a1b5
[2025-07-24T17:14:12.236+0000] {taskinstance.py:2480} INFO - Exporting env vars: AIRFLOW_CTX_DAG_OWNER='genz-legend' AIRFLOW_CTX_DAG_ID='tune_stream_dag' AIRFLOW_CTX_TASK_ID='Load_artist_dim_table' AIRFLOW_CTX_EXECUTION_DATE='2023-01-02T06:00:00+00:00' AIRFLOW_CTX_TRY_NUMBER='1' AIRFLOW_CTX_DAG_RUN_ID='scheduled__2023-01-02T06:00:00+00:00'
[2025-07-24T17:14:12.291+0000] {python.py:201} INFO - Done. Returned value was: None
[2025-07-24T17:14:12.326+0000] {taskinstance.py:1138} INFO - Marking task as SUCCESS. dag_id=tune_stream_dag, task_id=Load_artist_dim_table, execution_date=20230102T060000, start_date=20250724T171410, end_date=20250724T171412
[2025-07-24T17:14:12.431+0000] {local_task_job_runner.py:234} INFO - Task exited with return code 0
[2025-07-24T17:14:12.486+0000] {taskinstance.py:3280} INFO - 0 downstream tasks scheduled from follow-on schedule check
