[2025-07-24T15:33:49.218+0000] {taskinstance.py:1956} INFO - Dependencies all met for dep_context=non-requeueable deps ti=<TaskInstance: tune_stream_dag.Load_artist_dim_table scheduled__2023-01-01T13:00:00+00:00 [queued]>
[2025-07-24T15:33:49.269+0000] {taskinstance.py:1956} INFO - Dependencies all met for dep_context=requeueable deps ti=<TaskInstance: tune_stream_dag.Load_artist_dim_table scheduled__2023-01-01T13:00:00+00:00 [queued]>
[2025-07-24T15:33:49.276+0000] {taskinstance.py:2170} INFO - Starting attempt 1 of 4
[2025-07-24T15:33:49.320+0000] {taskinstance.py:2191} INFO - Executing <Task(PythonOperator): Load_artist_dim_table> on 2023-01-01 13:00:00+00:00
[2025-07-24T15:33:49.339+0000] {standard_task_runner.py:60} INFO - Started process 347 to run task
[2025-07-24T15:33:49.640+0000] {standard_task_runner.py:87} INFO - Running: ['***', 'tasks', 'run', 'tune_stream_dag', 'Load_artist_dim_table', 'scheduled__2023-01-01T13:00:00+00:00', '--job-id', '1020', '--raw', '--subdir', 'DAGS_FOLDER/etl_pipeline.py', '--cfg-path', '/tmp/tmpuzf0n06a']
[2025-07-24T15:33:49.739+0000] {standard_task_runner.py:88} INFO - Job 1020: Subtask Load_artist_dim_table
[2025-07-24T15:33:50.423+0000] {task_command.py:423} INFO - Running <TaskInstance: tune_stream_dag.Load_artist_dim_table scheduled__2023-01-01T13:00:00+00:00 [running]> on host c53547d84df1
[2025-07-24T15:33:50.683+0000] {taskinstance.py:2480} INFO - Exporting env vars: AIRFLOW_CTX_DAG_OWNER='genz-legend' AIRFLOW_CTX_DAG_ID='tune_stream_dag' AIRFLOW_CTX_TASK_ID='Load_artist_dim_table' AIRFLOW_CTX_EXECUTION_DATE='2023-01-01T13:00:00+00:00' AIRFLOW_CTX_TRY_NUMBER='1' AIRFLOW_CTX_DAG_RUN_ID='scheduled__2023-01-01T13:00:00+00:00'
[2025-07-24T15:33:50.780+0000] {python.py:201} INFO - Done. Returned value was: None
[2025-07-24T15:33:50.809+0000] {taskinstance.py:1138} INFO - Marking task as SUCCESS. dag_id=tune_stream_dag, task_id=Load_artist_dim_table, execution_date=20230101T130000, start_date=20250724T153349, end_date=20250724T153350
[2025-07-24T15:33:51.012+0000] {local_task_job_runner.py:234} INFO - Task exited with return code 0
[2025-07-24T15:33:51.245+0000] {taskinstance.py:3280} INFO - 0 downstream tasks scheduled from follow-on schedule check
[2025-07-24T16:18:14.685+0000] {taskinstance.py:1956} INFO - Dependencies all met for dep_context=non-requeueable deps ti=<TaskInstance: tune_stream_dag.Load_artist_dim_table scheduled__2023-01-01T13:00:00+00:00 [queued]>
[2025-07-24T16:18:14.708+0000] {taskinstance.py:1956} INFO - Dependencies all met for dep_context=requeueable deps ti=<TaskInstance: tune_stream_dag.Load_artist_dim_table scheduled__2023-01-01T13:00:00+00:00 [queued]>
[2025-07-24T16:18:14.710+0000] {taskinstance.py:2170} INFO - Starting attempt 1 of 4
[2025-07-24T16:18:14.752+0000] {taskinstance.py:2191} INFO - Executing <Task(PythonOperator): Load_artist_dim_table> on 2023-01-01 13:00:00+00:00
[2025-07-24T16:18:14.768+0000] {standard_task_runner.py:60} INFO - Started process 525 to run task
[2025-07-24T16:18:14.778+0000] {standard_task_runner.py:87} INFO - Running: ['***', 'tasks', 'run', 'tune_stream_dag', 'Load_artist_dim_table', 'scheduled__2023-01-01T13:00:00+00:00', '--job-id', '1463', '--raw', '--subdir', 'DAGS_FOLDER/etl_pipeline.py', '--cfg-path', '/tmp/tmpan985nbh']
[2025-07-24T16:18:14.789+0000] {standard_task_runner.py:88} INFO - Job 1463: Subtask Load_artist_dim_table
[2025-07-24T16:18:14.965+0000] {task_command.py:423} INFO - Running <TaskInstance: tune_stream_dag.Load_artist_dim_table scheduled__2023-01-01T13:00:00+00:00 [running]> on host c53547d84df1
[2025-07-24T16:18:15.107+0000] {taskinstance.py:2480} INFO - Exporting env vars: AIRFLOW_CTX_DAG_OWNER='genz-legend' AIRFLOW_CTX_DAG_ID='tune_stream_dag' AIRFLOW_CTX_TASK_ID='Load_artist_dim_table' AIRFLOW_CTX_EXECUTION_DATE='2023-01-01T13:00:00+00:00' AIRFLOW_CTX_TRY_NUMBER='1' AIRFLOW_CTX_DAG_RUN_ID='scheduled__2023-01-01T13:00:00+00:00'
[2025-07-24T16:18:15.135+0000] {python.py:201} INFO - Done. Returned value was: None
[2025-07-24T16:18:15.161+0000] {taskinstance.py:1138} INFO - Marking task as SUCCESS. dag_id=tune_stream_dag, task_id=Load_artist_dim_table, execution_date=20230101T130000, start_date=20250724T161814, end_date=20250724T161815
[2025-07-24T16:18:15.202+0000] {local_task_job_runner.py:234} INFO - Task exited with return code 0
[2025-07-24T16:18:15.312+0000] {taskinstance.py:3280} INFO - 0 downstream tasks scheduled from follow-on schedule check
[2025-07-24T16:57:19.665+0000] {taskinstance.py:1956} INFO - Dependencies all met for dep_context=non-requeueable deps ti=<TaskInstance: tune_stream_dag.Load_artist_dim_table scheduled__2023-01-01T13:00:00+00:00 [queued]>
[2025-07-24T16:57:19.749+0000] {taskinstance.py:1956} INFO - Dependencies all met for dep_context=requeueable deps ti=<TaskInstance: tune_stream_dag.Load_artist_dim_table scheduled__2023-01-01T13:00:00+00:00 [queued]>
[2025-07-24T16:57:19.754+0000] {taskinstance.py:2170} INFO - Starting attempt 1 of 4
[2025-07-24T16:57:19.821+0000] {taskinstance.py:2191} INFO - Executing <Task(PythonOperator): Load_artist_dim_table> on 2023-01-01 13:00:00+00:00
[2025-07-24T16:57:19.848+0000] {standard_task_runner.py:60} INFO - Started process 485 to run task
[2025-07-24T16:57:19.863+0000] {standard_task_runner.py:87} INFO - Running: ['***', 'tasks', 'run', 'tune_stream_dag', 'Load_artist_dim_table', 'scheduled__2023-01-01T13:00:00+00:00', '--job-id', '1850', '--raw', '--subdir', 'DAGS_FOLDER/etl_pipeline.py', '--cfg-path', '/tmp/tmp9_zhattd']
[2025-07-24T16:57:19.880+0000] {standard_task_runner.py:88} INFO - Job 1850: Subtask Load_artist_dim_table
[2025-07-24T16:57:20.060+0000] {task_command.py:423} INFO - Running <TaskInstance: tune_stream_dag.Load_artist_dim_table scheduled__2023-01-01T13:00:00+00:00 [running]> on host 5def55d2a1b5
[2025-07-24T16:57:20.433+0000] {taskinstance.py:2480} INFO - Exporting env vars: AIRFLOW_CTX_DAG_OWNER='genz-legend' AIRFLOW_CTX_DAG_ID='tune_stream_dag' AIRFLOW_CTX_TASK_ID='Load_artist_dim_table' AIRFLOW_CTX_EXECUTION_DATE='2023-01-01T13:00:00+00:00' AIRFLOW_CTX_TRY_NUMBER='1' AIRFLOW_CTX_DAG_RUN_ID='scheduled__2023-01-01T13:00:00+00:00'
[2025-07-24T16:57:20.539+0000] {python.py:201} INFO - Done. Returned value was: None
[2025-07-24T16:57:20.581+0000] {taskinstance.py:1138} INFO - Marking task as SUCCESS. dag_id=tune_stream_dag, task_id=Load_artist_dim_table, execution_date=20230101T130000, start_date=20250724T165719, end_date=20250724T165720
[2025-07-24T16:57:20.634+0000] {local_task_job_runner.py:234} INFO - Task exited with return code 0
[2025-07-24T16:57:20.741+0000] {taskinstance.py:3280} INFO - 0 downstream tasks scheduled from follow-on schedule check
