[2025-07-24T15:26:31.714+0000] {taskinstance.py:1956} INFO - Dependencies all met for dep_context=non-requeueable deps ti=<TaskInstance: tune_stream_dag.Load_artist_dim_table scheduled__2023-01-05T03:00:00+00:00 [queued]>
[2025-07-24T15:26:31.730+0000] {taskinstance.py:1956} INFO - Dependencies all met for dep_context=requeueable deps ti=<TaskInstance: tune_stream_dag.Load_artist_dim_table scheduled__2023-01-05T03:00:00+00:00 [queued]>
[2025-07-24T15:26:31.731+0000] {taskinstance.py:2170} INFO - Starting attempt 1 of 4
[2025-07-24T15:26:31.752+0000] {taskinstance.py:2191} INFO - Executing <Task(PythonOperator): Load_artist_dim_table> on 2023-01-05 03:00:00+00:00
[2025-07-24T15:26:31.765+0000] {standard_task_runner.py:60} INFO - Started process 178 to run task
[2025-07-24T15:26:31.771+0000] {standard_task_runner.py:87} INFO - Running: ['***', 'tasks', 'run', 'tune_stream_dag', 'Load_artist_dim_table', 'scheduled__2023-01-05T03:00:00+00:00', '--job-id', '909', '--raw', '--subdir', 'DAGS_FOLDER/etl_pipeline.py', '--cfg-path', '/tmp/tmp6xs05cqa']
[2025-07-24T15:26:31.776+0000] {standard_task_runner.py:88} INFO - Job 909: Subtask Load_artist_dim_table
[2025-07-24T15:26:31.893+0000] {task_command.py:423} INFO - Running <TaskInstance: tune_stream_dag.Load_artist_dim_table scheduled__2023-01-05T03:00:00+00:00 [running]> on host c53547d84df1
[2025-07-24T15:26:32.027+0000] {taskinstance.py:2480} INFO - Exporting env vars: AIRFLOW_CTX_DAG_OWNER='genz-legend' AIRFLOW_CTX_DAG_ID='tune_stream_dag' AIRFLOW_CTX_TASK_ID='Load_artist_dim_table' AIRFLOW_CTX_EXECUTION_DATE='2023-01-05T03:00:00+00:00' AIRFLOW_CTX_TRY_NUMBER='1' AIRFLOW_CTX_DAG_RUN_ID='scheduled__2023-01-05T03:00:00+00:00'
[2025-07-24T15:26:32.050+0000] {python.py:201} INFO - Done. Returned value was: None
[2025-07-24T15:26:32.066+0000] {taskinstance.py:1138} INFO - Marking task as SUCCESS. dag_id=tune_stream_dag, task_id=Load_artist_dim_table, execution_date=20230105T030000, start_date=20250724T152631, end_date=20250724T152632
[2025-07-24T15:26:32.106+0000] {local_task_job_runner.py:234} INFO - Task exited with return code 0
[2025-07-24T15:26:32.156+0000] {taskinstance.py:3280} INFO - 0 downstream tasks scheduled from follow-on schedule check
[2025-07-24T17:33:29.312+0000] {taskinstance.py:1956} INFO - Dependencies all met for dep_context=non-requeueable deps ti=<TaskInstance: tune_stream_dag.Load_artist_dim_table scheduled__2023-01-05T03:00:00+00:00 [queued]>
[2025-07-24T17:33:29.366+0000] {taskinstance.py:1956} INFO - Dependencies all met for dep_context=requeueable deps ti=<TaskInstance: tune_stream_dag.Load_artist_dim_table scheduled__2023-01-05T03:00:00+00:00 [queued]>
[2025-07-24T17:33:29.367+0000] {taskinstance.py:2170} INFO - Starting attempt 1 of 4
[2025-07-24T17:33:29.498+0000] {taskinstance.py:2191} INFO - Executing <Task(PythonOperator): Load_artist_dim_table> on 2023-01-05 03:00:00+00:00
[2025-07-24T17:33:29.531+0000] {standard_task_runner.py:60} INFO - Started process 3447 to run task
[2025-07-24T17:33:29.539+0000] {standard_task_runner.py:87} INFO - Running: ['***', 'tasks', 'run', 'tune_stream_dag', 'Load_artist_dim_table', 'scheduled__2023-01-05T03:00:00+00:00', '--job-id', '2674', '--raw', '--subdir', 'DAGS_FOLDER/etl_pipeline.py', '--cfg-path', '/tmp/tmpiybqzpyu']
[2025-07-24T17:33:29.544+0000] {standard_task_runner.py:88} INFO - Job 2674: Subtask Load_artist_dim_table
[2025-07-24T17:33:29.836+0000] {task_command.py:423} INFO - Running <TaskInstance: tune_stream_dag.Load_artist_dim_table scheduled__2023-01-05T03:00:00+00:00 [running]> on host 5def55d2a1b5
[2025-07-24T17:33:30.245+0000] {taskinstance.py:2480} INFO - Exporting env vars: AIRFLOW_CTX_DAG_OWNER='genz-legend' AIRFLOW_CTX_DAG_ID='tune_stream_dag' AIRFLOW_CTX_TASK_ID='Load_artist_dim_table' AIRFLOW_CTX_EXECUTION_DATE='2023-01-05T03:00:00+00:00' AIRFLOW_CTX_TRY_NUMBER='1' AIRFLOW_CTX_DAG_RUN_ID='scheduled__2023-01-05T03:00:00+00:00'
[2025-07-24T17:33:30.415+0000] {python.py:201} INFO - Done. Returned value was: None
[2025-07-24T17:33:30.447+0000] {taskinstance.py:1138} INFO - Marking task as SUCCESS. dag_id=tune_stream_dag, task_id=Load_artist_dim_table, execution_date=20230105T030000, start_date=20250724T173329, end_date=20250724T173330
[2025-07-24T17:33:30.574+0000] {local_task_job_runner.py:234} INFO - Task exited with return code 0
[2025-07-24T17:33:30.632+0000] {taskinstance.py:3280} INFO - 0 downstream tasks scheduled from follow-on schedule check
