[2025-07-24T15:33:25.116+0000] {taskinstance.py:1956} INFO - Dependencies all met for dep_context=non-requeueable deps ti=<TaskInstance: tune_stream_dag.Load_songplays_fact_table scheduled__2023-01-01T09:00:00+00:00 [queued]>
[2025-07-24T15:33:25.124+0000] {taskinstance.py:1956} INFO - Dependencies all met for dep_context=requeueable deps ti=<TaskInstance: tune_stream_dag.Load_songplays_fact_table scheduled__2023-01-01T09:00:00+00:00 [queued]>
[2025-07-24T15:33:25.124+0000] {taskinstance.py:2170} INFO - Starting attempt 1 of 4
[2025-07-24T15:33:25.223+0000] {taskinstance.py:2191} INFO - Executing <Task(PythonOperator): Load_songplays_fact_table> on 2023-01-01 09:00:00+00:00
[2025-07-24T15:33:25.232+0000] {standard_task_runner.py:60} INFO - Started process 264 to run task
[2025-07-24T15:33:25.235+0000] {standard_task_runner.py:87} INFO - Running: ['***', 'tasks', 'run', 'tune_stream_dag', 'Load_songplays_fact_table', 'scheduled__2023-01-01T09:00:00+00:00', '--job-id', '1000', '--raw', '--subdir', 'DAGS_FOLDER/etl_pipeline.py', '--cfg-path', '/tmp/tmplgw0ckkf']
[2025-07-24T15:33:25.238+0000] {standard_task_runner.py:88} INFO - Job 1000: Subtask Load_songplays_fact_table
[2025-07-24T15:33:25.431+0000] {task_command.py:423} INFO - Running <TaskInstance: tune_stream_dag.Load_songplays_fact_table scheduled__2023-01-01T09:00:00+00:00 [running]> on host c53547d84df1
[2025-07-24T15:33:26.441+0000] {taskinstance.py:2480} INFO - Exporting env vars: AIRFLOW_CTX_DAG_OWNER='genz-legend' AIRFLOW_CTX_DAG_ID='tune_stream_dag' AIRFLOW_CTX_TASK_ID='Load_songplays_fact_table' AIRFLOW_CTX_EXECUTION_DATE='2023-01-01T09:00:00+00:00' AIRFLOW_CTX_TRY_NUMBER='1' AIRFLOW_CTX_DAG_RUN_ID='scheduled__2023-01-01T09:00:00+00:00'
[2025-07-24T15:33:34.861+0000] {taskinstance.py:2698} ERROR - Task failed with exception
Traceback (most recent call last):
  File "/home/airflow/.local/lib/python3.8/site-packages/airflow/models/taskinstance.py", line 433, in _execute_task
    result = execute_callable(context=context, **execute_callable_kwargs)
  File "/home/airflow/.local/lib/python3.8/site-packages/airflow/operators/python.py", line 199, in execute
    return_value = self.execute_callable()
  File "/home/airflow/.local/lib/python3.8/site-packages/airflow/operators/python.py", line 216, in execute_callable
    return self.python_callable(*self.op_args, **self.op_kwargs)
  File "/opt/airflow/dags/etl_pipeline.py", line 173, in <lambda>
    python_callable=lambda: load_table(SqlQueries.songplay_table_insert, 'songplays'),
  File "/opt/airflow/dags/etl_pipeline.py", line 132, in load_table
    cur.execute(f"INSERT INTO {table} {query}")
psycopg2.errors.UniqueViolation: duplicate key value violates unique constraint "songplays_pkey"
DETAIL:  Key (playid)=(e30eb65b5ce5534fed9764a7996916ec) already exists.

[2025-07-24T15:33:34.949+0000] {taskinstance.py:1138} INFO - Marking task as UP_FOR_RETRY. dag_id=tune_stream_dag, task_id=Load_songplays_fact_table, execution_date=20230101T090000, start_date=20250724T153325, end_date=20250724T153334
[2025-07-24T15:33:35.053+0000] {standard_task_runner.py:107} ERROR - Failed to execute job 1000 for task Load_songplays_fact_table (duplicate key value violates unique constraint "songplays_pkey"
DETAIL:  Key (playid)=(e30eb65b5ce5534fed9764a7996916ec) already exists.
; 264)
[2025-07-24T15:33:35.160+0000] {local_task_job_runner.py:234} INFO - Task exited with return code 1
[2025-07-24T15:33:35.309+0000] {taskinstance.py:3280} INFO - 0 downstream tasks scheduled from follow-on schedule check
[2025-07-24T16:17:07.484+0000] {taskinstance.py:1956} INFO - Dependencies all met for dep_context=non-requeueable deps ti=<TaskInstance: tune_stream_dag.Load_songplays_fact_table scheduled__2023-01-01T09:00:00+00:00 [queued]>
[2025-07-24T16:17:07.555+0000] {taskinstance.py:1956} INFO - Dependencies all met for dep_context=requeueable deps ti=<TaskInstance: tune_stream_dag.Load_songplays_fact_table scheduled__2023-01-01T09:00:00+00:00 [queued]>
[2025-07-24T16:17:07.557+0000] {taskinstance.py:2170} INFO - Starting attempt 1 of 4
[2025-07-24T16:17:07.627+0000] {taskinstance.py:2191} INFO - Executing <Task(PythonOperator): Load_songplays_fact_table> on 2023-01-01 09:00:00+00:00
[2025-07-24T16:17:07.708+0000] {standard_task_runner.py:60} INFO - Started process 325 to run task
[2025-07-24T16:17:07.730+0000] {standard_task_runner.py:87} INFO - Running: ['***', 'tasks', 'run', 'tune_stream_dag', 'Load_songplays_fact_table', 'scheduled__2023-01-01T09:00:00+00:00', '--job-id', '1401', '--raw', '--subdir', 'DAGS_FOLDER/etl_pipeline.py', '--cfg-path', '/tmp/tmpebm2tl5d']
[2025-07-24T16:17:07.741+0000] {standard_task_runner.py:88} INFO - Job 1401: Subtask Load_songplays_fact_table
[2025-07-24T16:17:09.189+0000] {task_command.py:423} INFO - Running <TaskInstance: tune_stream_dag.Load_songplays_fact_table scheduled__2023-01-01T09:00:00+00:00 [running]> on host c53547d84df1
[2025-07-24T16:17:16.394+0000] {taskinstance.py:2480} INFO - Exporting env vars: AIRFLOW_CTX_DAG_OWNER='genz-legend' AIRFLOW_CTX_DAG_ID='tune_stream_dag' AIRFLOW_CTX_TASK_ID='Load_songplays_fact_table' AIRFLOW_CTX_EXECUTION_DATE='2023-01-01T09:00:00+00:00' AIRFLOW_CTX_TRY_NUMBER='1' AIRFLOW_CTX_DAG_RUN_ID='scheduled__2023-01-01T09:00:00+00:00'
[2025-07-24T16:17:24.264+0000] {python.py:201} INFO - Done. Returned value was: None
[2025-07-24T16:17:24.307+0000] {taskinstance.py:1138} INFO - Marking task as SUCCESS. dag_id=tune_stream_dag, task_id=Load_songplays_fact_table, execution_date=20230101T090000, start_date=20250724T161707, end_date=20250724T161724
[2025-07-24T16:17:24.449+0000] {local_task_job_runner.py:234} INFO - Task exited with return code 0
[2025-07-24T16:17:24.595+0000] {taskinstance.py:3280} INFO - 4 downstream tasks scheduled from follow-on schedule check
[2025-07-24T16:56:39.743+0000] {taskinstance.py:1956} INFO - Dependencies all met for dep_context=non-requeueable deps ti=<TaskInstance: tune_stream_dag.Load_songplays_fact_table scheduled__2023-01-01T09:00:00+00:00 [queued]>
[2025-07-24T16:56:39.840+0000] {taskinstance.py:1956} INFO - Dependencies all met for dep_context=requeueable deps ti=<TaskInstance: tune_stream_dag.Load_songplays_fact_table scheduled__2023-01-01T09:00:00+00:00 [queued]>
[2025-07-24T16:56:39.848+0000] {taskinstance.py:2170} INFO - Starting attempt 1 of 4
[2025-07-24T16:56:39.932+0000] {taskinstance.py:2191} INFO - Executing <Task(PythonOperator): Load_songplays_fact_table> on 2023-01-01 09:00:00+00:00
[2025-07-24T16:56:39.950+0000] {standard_task_runner.py:60} INFO - Started process 311 to run task
[2025-07-24T16:56:39.962+0000] {standard_task_runner.py:87} INFO - Running: ['***', 'tasks', 'run', 'tune_stream_dag', 'Load_songplays_fact_table', 'scheduled__2023-01-01T09:00:00+00:00', '--job-id', '1793', '--raw', '--subdir', 'DAGS_FOLDER/etl_pipeline.py', '--cfg-path', '/tmp/tmppxu6wdw8']
[2025-07-24T16:56:39.975+0000] {standard_task_runner.py:88} INFO - Job 1793: Subtask Load_songplays_fact_table
[2025-07-24T16:56:40.287+0000] {task_command.py:423} INFO - Running <TaskInstance: tune_stream_dag.Load_songplays_fact_table scheduled__2023-01-01T09:00:00+00:00 [running]> on host 5def55d2a1b5
[2025-07-24T16:56:40.653+0000] {taskinstance.py:2480} INFO - Exporting env vars: AIRFLOW_CTX_DAG_OWNER='genz-legend' AIRFLOW_CTX_DAG_ID='tune_stream_dag' AIRFLOW_CTX_TASK_ID='Load_songplays_fact_table' AIRFLOW_CTX_EXECUTION_DATE='2023-01-01T09:00:00+00:00' AIRFLOW_CTX_TRY_NUMBER='1' AIRFLOW_CTX_DAG_RUN_ID='scheduled__2023-01-01T09:00:00+00:00'
[2025-07-24T16:56:41.286+0000] {python.py:201} INFO - Done. Returned value was: None
[2025-07-24T16:56:41.315+0000] {taskinstance.py:1138} INFO - Marking task as SUCCESS. dag_id=tune_stream_dag, task_id=Load_songplays_fact_table, execution_date=20230101T090000, start_date=20250724T165639, end_date=20250724T165641
[2025-07-24T16:56:41.483+0000] {local_task_job_runner.py:234} INFO - Task exited with return code 0
[2025-07-24T16:56:41.511+0000] {taskinstance.py:3280} INFO - 4 downstream tasks scheduled from follow-on schedule check
