[2025-07-24T15:59:30.641+0000] {taskinstance.py:1956} INFO - Dependencies all met for dep_context=non-requeueable deps ti=<TaskInstance: tune_stream_dag.Load_song_dim_table scheduled__2023-01-02T05:00:00+00:00 [queued]>
[2025-07-24T15:59:30.660+0000] {taskinstance.py:1956} INFO - Dependencies all met for dep_context=requeueable deps ti=<TaskInstance: tune_stream_dag.Load_song_dim_table scheduled__2023-01-02T05:00:00+00:00 [queued]>
[2025-07-24T15:59:30.668+0000] {taskinstance.py:2170} INFO - Starting attempt 1 of 4
[2025-07-24T15:59:30.689+0000] {taskinstance.py:2191} INFO - Executing <Task(PythonOperator): Load_song_dim_table> on 2023-01-02 05:00:00+00:00
[2025-07-24T15:59:30.697+0000] {standard_task_runner.py:60} INFO - Started process 1419 to run task
[2025-07-24T15:59:30.702+0000] {standard_task_runner.py:87} INFO - Running: ['***', 'tasks', 'run', 'tune_stream_dag', 'Load_song_dim_table', 'scheduled__2023-01-02T05:00:00+00:00', '--job-id', '1254', '--raw', '--subdir', 'DAGS_FOLDER/etl_pipeline.py', '--cfg-path', '/tmp/tmpev0i6br8']
[2025-07-24T15:59:30.712+0000] {standard_task_runner.py:88} INFO - Job 1254: Subtask Load_song_dim_table
[2025-07-24T15:59:30.789+0000] {task_command.py:423} INFO - Running <TaskInstance: tune_stream_dag.Load_song_dim_table scheduled__2023-01-02T05:00:00+00:00 [running]> on host c53547d84df1
[2025-07-24T15:59:30.865+0000] {taskinstance.py:2480} INFO - Exporting env vars: AIRFLOW_CTX_DAG_OWNER='genz-legend' AIRFLOW_CTX_DAG_ID='tune_stream_dag' AIRFLOW_CTX_TASK_ID='Load_song_dim_table' AIRFLOW_CTX_EXECUTION_DATE='2023-01-02T05:00:00+00:00' AIRFLOW_CTX_TRY_NUMBER='1' AIRFLOW_CTX_DAG_RUN_ID='scheduled__2023-01-02T05:00:00+00:00'
[2025-07-24T15:59:30.876+0000] {python.py:201} INFO - Done. Returned value was: None
[2025-07-24T15:59:30.885+0000] {taskinstance.py:1138} INFO - Marking task as SUCCESS. dag_id=tune_stream_dag, task_id=Load_song_dim_table, execution_date=20230102T050000, start_date=20250724T155930, end_date=20250724T155930
[2025-07-24T15:59:30.915+0000] {local_task_job_runner.py:234} INFO - Task exited with return code 0
[2025-07-24T15:59:30.937+0000] {taskinstance.py:3280} INFO - 0 downstream tasks scheduled from follow-on schedule check
[2025-07-24T16:35:17.160+0000] {taskinstance.py:1956} INFO - Dependencies all met for dep_context=non-requeueable deps ti=<TaskInstance: tune_stream_dag.Load_song_dim_table scheduled__2023-01-02T05:00:00+00:00 [queued]>
[2025-07-24T16:35:17.200+0000] {taskinstance.py:1956} INFO - Dependencies all met for dep_context=requeueable deps ti=<TaskInstance: tune_stream_dag.Load_song_dim_table scheduled__2023-01-02T05:00:00+00:00 [queued]>
[2025-07-24T16:35:17.201+0000] {taskinstance.py:2170} INFO - Starting attempt 1 of 4
[2025-07-24T16:35:17.261+0000] {taskinstance.py:2191} INFO - Executing <Task(PythonOperator): Load_song_dim_table> on 2023-01-02 05:00:00+00:00
[2025-07-24T16:35:17.278+0000] {standard_task_runner.py:60} INFO - Started process 1391 to run task
[2025-07-24T16:35:17.283+0000] {standard_task_runner.py:87} INFO - Running: ['***', 'tasks', 'run', 'tune_stream_dag', 'Load_song_dim_table', 'scheduled__2023-01-02T05:00:00+00:00', '--job-id', '1670', '--raw', '--subdir', 'DAGS_FOLDER/etl_pipeline.py', '--cfg-path', '/tmp/tmp40f5719w']
[2025-07-24T16:35:17.286+0000] {standard_task_runner.py:88} INFO - Job 1670: Subtask Load_song_dim_table
[2025-07-24T16:35:17.702+0000] {task_command.py:423} INFO - Running <TaskInstance: tune_stream_dag.Load_song_dim_table scheduled__2023-01-02T05:00:00+00:00 [running]> on host c53547d84df1
[2025-07-24T16:35:18.027+0000] {taskinstance.py:2480} INFO - Exporting env vars: AIRFLOW_CTX_DAG_OWNER='genz-legend' AIRFLOW_CTX_DAG_ID='tune_stream_dag' AIRFLOW_CTX_TASK_ID='Load_song_dim_table' AIRFLOW_CTX_EXECUTION_DATE='2023-01-02T05:00:00+00:00' AIRFLOW_CTX_TRY_NUMBER='1' AIRFLOW_CTX_DAG_RUN_ID='scheduled__2023-01-02T05:00:00+00:00'
[2025-07-24T16:35:18.713+0000] {python.py:201} INFO - Done. Returned value was: None
[2025-07-24T16:35:18.731+0000] {taskinstance.py:1138} INFO - Marking task as SUCCESS. dag_id=tune_stream_dag, task_id=Load_song_dim_table, execution_date=20230102T050000, start_date=20250724T163517, end_date=20250724T163518
[2025-07-24T16:35:18.847+0000] {local_task_job_runner.py:234} INFO - Task exited with return code 0
[2025-07-24T16:35:18.913+0000] {taskinstance.py:3280} INFO - 0 downstream tasks scheduled from follow-on schedule check
[2025-07-24T17:14:13.124+0000] {taskinstance.py:1956} INFO - Dependencies all met for dep_context=non-requeueable deps ti=<TaskInstance: tune_stream_dag.Load_song_dim_table scheduled__2023-01-02T05:00:00+00:00 [queued]>
[2025-07-24T17:14:13.212+0000] {taskinstance.py:1956} INFO - Dependencies all met for dep_context=requeueable deps ti=<TaskInstance: tune_stream_dag.Load_song_dim_table scheduled__2023-01-02T05:00:00+00:00 [queued]>
[2025-07-24T17:14:13.212+0000] {taskinstance.py:2170} INFO - Starting attempt 1 of 4
[2025-07-24T17:14:13.862+0000] {taskinstance.py:2191} INFO - Executing <Task(PythonOperator): Load_song_dim_table> on 2023-01-02 05:00:00+00:00
[2025-07-24T17:14:13.877+0000] {standard_task_runner.py:60} INFO - Started process 1371 to run task
[2025-07-24T17:14:13.882+0000] {standard_task_runner.py:87} INFO - Running: ['***', 'tasks', 'run', 'tune_stream_dag', 'Load_song_dim_table', 'scheduled__2023-01-02T05:00:00+00:00', '--job-id', '2064', '--raw', '--subdir', 'DAGS_FOLDER/etl_pipeline.py', '--cfg-path', '/tmp/tmp063nbkat']
[2025-07-24T17:14:13.886+0000] {standard_task_runner.py:88} INFO - Job 2064: Subtask Load_song_dim_table
[2025-07-24T17:14:14.081+0000] {task_command.py:423} INFO - Running <TaskInstance: tune_stream_dag.Load_song_dim_table scheduled__2023-01-02T05:00:00+00:00 [running]> on host 5def55d2a1b5
[2025-07-24T17:14:14.439+0000] {taskinstance.py:2480} INFO - Exporting env vars: AIRFLOW_CTX_DAG_OWNER='genz-legend' AIRFLOW_CTX_DAG_ID='tune_stream_dag' AIRFLOW_CTX_TASK_ID='Load_song_dim_table' AIRFLOW_CTX_EXECUTION_DATE='2023-01-02T05:00:00+00:00' AIRFLOW_CTX_TRY_NUMBER='1' AIRFLOW_CTX_DAG_RUN_ID='scheduled__2023-01-02T05:00:00+00:00'
[2025-07-24T17:14:14.601+0000] {python.py:201} INFO - Done. Returned value was: None
[2025-07-24T17:14:14.616+0000] {taskinstance.py:1138} INFO - Marking task as SUCCESS. dag_id=tune_stream_dag, task_id=Load_song_dim_table, execution_date=20230102T050000, start_date=20250724T171413, end_date=20250724T171414
[2025-07-24T17:14:14.703+0000] {local_task_job_runner.py:234} INFO - Task exited with return code 0
[2025-07-24T17:14:14.743+0000] {taskinstance.py:3280} INFO - 0 downstream tasks scheduled from follow-on schedule check
