[2025-07-24T14:40:13.693+0000] {taskinstance.py:1956} INFO - Dependencies all met for dep_context=non-requeueable deps ti=<TaskInstance: tune_stream_dag.Load_songplays_fact_table scheduled__2023-01-03T21:00:00+00:00 [queued]>
[2025-07-24T14:40:13.701+0000] {taskinstance.py:1956} INFO - Dependencies all met for dep_context=requeueable deps ti=<TaskInstance: tune_stream_dag.Load_songplays_fact_table scheduled__2023-01-03T21:00:00+00:00 [queued]>
[2025-07-24T14:40:13.702+0000] {taskinstance.py:2170} INFO - Starting attempt 3 of 4
[2025-07-24T14:40:13.713+0000] {taskinstance.py:2191} INFO - Executing <Task(PythonOperator): Load_songplays_fact_table> on 2023-01-03 21:00:00+00:00
[2025-07-24T14:40:13.719+0000] {standard_task_runner.py:60} INFO - Started process 280 to run task
[2025-07-24T14:40:13.722+0000] {standard_task_runner.py:87} INFO - Running: ['***', 'tasks', 'run', 'tune_stream_dag', 'Load_songplays_fact_table', 'scheduled__2023-01-03T21:00:00+00:00', '--job-id', '625', '--raw', '--subdir', 'DAGS_FOLDER/etl_pipeline.py', '--cfg-path', '/tmp/tmpbum6lmln']
[2025-07-24T14:40:13.726+0000] {standard_task_runner.py:88} INFO - Job 625: Subtask Load_songplays_fact_table
[2025-07-24T14:40:13.793+0000] {task_command.py:423} INFO - Running <TaskInstance: tune_stream_dag.Load_songplays_fact_table scheduled__2023-01-03T21:00:00+00:00 [running]> on host aea62fae55be
[2025-07-24T14:40:13.860+0000] {taskinstance.py:2480} INFO - Exporting env vars: AIRFLOW_CTX_DAG_OWNER='genz-legend' AIRFLOW_CTX_DAG_ID='tune_stream_dag' AIRFLOW_CTX_TASK_ID='Load_songplays_fact_table' AIRFLOW_CTX_EXECUTION_DATE='2023-01-03T21:00:00+00:00' AIRFLOW_CTX_TRY_NUMBER='3' AIRFLOW_CTX_DAG_RUN_ID='scheduled__2023-01-03T21:00:00+00:00'
[2025-07-24T14:40:13.863+0000] {taskinstance.py:2698} ERROR - Task failed with exception
Traceback (most recent call last):
  File "/home/airflow/.local/lib/python3.8/site-packages/airflow/models/taskinstance.py", line 433, in _execute_task
    result = execute_callable(context=context, **execute_callable_kwargs)
  File "/home/airflow/.local/lib/python3.8/site-packages/airflow/operators/python.py", line 199, in execute
    return_value = self.execute_callable()
  File "/home/airflow/.local/lib/python3.8/site-packages/airflow/operators/python.py", line 216, in execute_callable
    return self.python_callable(*self.op_args, **self.op_kwargs)
  File "/opt/airflow/dags/etl_pipeline.py", line 173, in <lambda>
    python_callable=lambda: load_table(SqlQueries.songplay_table_insert),
  File "/opt/airflow/dags/etl_pipeline.py", line 128, in load_table
    raise ValueError("Could not extract table name from query")
ValueError: Could not extract table name from query
[2025-07-24T14:40:13.874+0000] {taskinstance.py:1138} INFO - Marking task as UP_FOR_RETRY. dag_id=tune_stream_dag, task_id=Load_songplays_fact_table, execution_date=20230103T210000, start_date=20250724T144013, end_date=20250724T144013
[2025-07-24T14:40:13.885+0000] {standard_task_runner.py:107} ERROR - Failed to execute job 625 for task Load_songplays_fact_table (Could not extract table name from query; 280)
[2025-07-24T14:40:13.901+0000] {local_task_job_runner.py:234} INFO - Task exited with return code 1
[2025-07-24T14:40:13.924+0000] {taskinstance.py:3280} INFO - 0 downstream tasks scheduled from follow-on schedule check
