[2025-07-24T14:14:01.053+0000] {taskinstance.py:1956} INFO - Dependencies all met for dep_context=non-requeueable deps ti=<TaskInstance: tune_stream_dag.Stage_songs scheduled__2023-01-03T03:00:00+00:00 [queued]>
[2025-07-24T14:14:01.111+0000] {taskinstance.py:1956} INFO - Dependencies all met for dep_context=requeueable deps ti=<TaskInstance: tune_stream_dag.Stage_songs scheduled__2023-01-03T03:00:00+00:00 [queued]>
[2025-07-24T14:14:01.119+0000] {taskinstance.py:2170} INFO - Starting attempt 1 of 4
[2025-07-24T14:14:01.177+0000] {taskinstance.py:2191} INFO - Executing <Task(PythonOperator): Stage_songs> on 2023-01-03 03:00:00+00:00
[2025-07-24T14:14:01.211+0000] {standard_task_runner.py:60} INFO - Started process 339 to run task
[2025-07-24T14:14:01.264+0000] {standard_task_runner.py:87} INFO - Running: ['***', 'tasks', 'run', 'tune_stream_dag', 'Stage_songs', 'scheduled__2023-01-03T03:00:00+00:00', '--job-id', '468', '--raw', '--subdir', 'DAGS_FOLDER/etl_pipeline.py', '--cfg-path', '/tmp/tmpjtpr0oa9']
[2025-07-24T14:14:01.297+0000] {standard_task_runner.py:88} INFO - Job 468: Subtask Stage_songs
[2025-07-24T14:14:01.656+0000] {task_command.py:423} INFO - Running <TaskInstance: tune_stream_dag.Stage_songs scheduled__2023-01-03T03:00:00+00:00 [running]> on host aea62fae55be
[2025-07-24T14:14:02.072+0000] {taskinstance.py:2480} INFO - Exporting env vars: AIRFLOW_CTX_DAG_OWNER='genz-legend' AIRFLOW_CTX_DAG_ID='tune_stream_dag' AIRFLOW_CTX_TASK_ID='Stage_songs' AIRFLOW_CTX_EXECUTION_DATE='2023-01-03T03:00:00+00:00' AIRFLOW_CTX_TRY_NUMBER='1' AIRFLOW_CTX_DAG_RUN_ID='scheduled__2023-01-03T03:00:00+00:00'
[2025-07-24T14:14:03.901+0000] {python.py:201} INFO - Done. Returned value was: None
[2025-07-24T14:14:03.953+0000] {taskinstance.py:1138} INFO - Marking task as SUCCESS. dag_id=tune_stream_dag, task_id=Stage_songs, execution_date=20230103T030000, start_date=20250724T141401, end_date=20250724T141403
[2025-07-24T14:14:04.357+0000] {local_task_job_runner.py:234} INFO - Task exited with return code 0
[2025-07-24T14:14:04.435+0000] {taskinstance.py:3280} INFO - 0 downstream tasks scheduled from follow-on schedule check
[2025-07-24T17:23:15.566+0000] {taskinstance.py:1956} INFO - Dependencies all met for dep_context=non-requeueable deps ti=<TaskInstance: tune_stream_dag.Stage_songs scheduled__2023-01-03T03:00:00+00:00 [queued]>
[2025-07-24T17:23:15.622+0000] {taskinstance.py:1956} INFO - Dependencies all met for dep_context=requeueable deps ti=<TaskInstance: tune_stream_dag.Stage_songs scheduled__2023-01-03T03:00:00+00:00 [queued]>
[2025-07-24T17:23:15.625+0000] {taskinstance.py:2170} INFO - Starting attempt 1 of 4
[2025-07-24T17:23:15.691+0000] {taskinstance.py:2191} INFO - Executing <Task(PythonOperator): Stage_songs> on 2023-01-03 03:00:00+00:00
[2025-07-24T17:23:15.833+0000] {standard_task_runner.py:60} INFO - Started process 1989 to run task
[2025-07-24T17:23:15.858+0000] {standard_task_runner.py:87} INFO - Running: ['***', 'tasks', 'run', 'tune_stream_dag', 'Stage_songs', 'scheduled__2023-01-03T03:00:00+00:00', '--job-id', '2230', '--raw', '--subdir', 'DAGS_FOLDER/etl_pipeline.py', '--cfg-path', '/tmp/tmpg3r70p16']
[2025-07-24T17:23:15.875+0000] {standard_task_runner.py:88} INFO - Job 2230: Subtask Stage_songs
[2025-07-24T17:23:16.290+0000] {task_command.py:423} INFO - Running <TaskInstance: tune_stream_dag.Stage_songs scheduled__2023-01-03T03:00:00+00:00 [running]> on host 5def55d2a1b5
[2025-07-24T17:23:17.201+0000] {taskinstance.py:2480} INFO - Exporting env vars: AIRFLOW_CTX_DAG_OWNER='genz-legend' AIRFLOW_CTX_DAG_ID='tune_stream_dag' AIRFLOW_CTX_TASK_ID='Stage_songs' AIRFLOW_CTX_EXECUTION_DATE='2023-01-03T03:00:00+00:00' AIRFLOW_CTX_TRY_NUMBER='1' AIRFLOW_CTX_DAG_RUN_ID='scheduled__2023-01-03T03:00:00+00:00'
[2025-07-24T17:23:26.125+0000] {python.py:201} INFO - Done. Returned value was: None
[2025-07-24T17:23:26.191+0000] {taskinstance.py:1138} INFO - Marking task as SUCCESS. dag_id=tune_stream_dag, task_id=Stage_songs, execution_date=20230103T030000, start_date=20250724T172315, end_date=20250724T172326
[2025-07-24T17:23:26.267+0000] {local_task_job_runner.py:234} INFO - Task exited with return code 0
[2025-07-24T17:23:26.366+0000] {taskinstance.py:3280} INFO - 0 downstream tasks scheduled from follow-on schedule check
