[2025-07-24T15:21:26.443+0000] {taskinstance.py:1956} INFO - Dependencies all met for dep_context=non-requeueable deps ti=<TaskInstance: tune_stream_dag.Load_songplays_fact_table scheduled__2023-01-04T19:00:00+00:00 [queued]>
[2025-07-24T15:21:26.451+0000] {taskinstance.py:1956} INFO - Dependencies all met for dep_context=requeueable deps ti=<TaskInstance: tune_stream_dag.Load_songplays_fact_table scheduled__2023-01-04T19:00:00+00:00 [queued]>
[2025-07-24T15:21:26.452+0000] {taskinstance.py:2170} INFO - Starting attempt 4 of 4
[2025-07-24T15:21:27.342+0000] {taskinstance.py:2191} INFO - Executing <Task(PythonOperator): Load_songplays_fact_table> on 2023-01-04 19:00:00+00:00
[2025-07-24T15:21:27.355+0000] {standard_task_runner.py:60} INFO - Started process 745 to run task
[2025-07-24T15:21:27.362+0000] {standard_task_runner.py:87} INFO - Running: ['***', 'tasks', 'run', 'tune_stream_dag', 'Load_songplays_fact_table', 'scheduled__2023-01-04T19:00:00+00:00', '--job-id', '847', '--raw', '--subdir', 'DAGS_FOLDER/etl_pipeline.py', '--cfg-path', '/tmp/tmpgqi7ujxv']
[2025-07-24T15:21:27.372+0000] {standard_task_runner.py:88} INFO - Job 847: Subtask Load_songplays_fact_table
[2025-07-24T15:21:28.669+0000] {task_command.py:423} INFO - Running <TaskInstance: tune_stream_dag.Load_songplays_fact_table scheduled__2023-01-04T19:00:00+00:00 [running]> on host c53547d84df1
[2025-07-24T15:21:31.301+0000] {taskinstance.py:2480} INFO - Exporting env vars: AIRFLOW_CTX_DAG_OWNER='genz-legend' AIRFLOW_CTX_DAG_ID='tune_stream_dag' AIRFLOW_CTX_TASK_ID='Load_songplays_fact_table' AIRFLOW_CTX_EXECUTION_DATE='2023-01-04T19:00:00+00:00' AIRFLOW_CTX_TRY_NUMBER='4' AIRFLOW_CTX_DAG_RUN_ID='scheduled__2023-01-04T19:00:00+00:00'
[2025-07-24T15:21:31.948+0000] {taskinstance.py:2698} ERROR - Task failed with exception
Traceback (most recent call last):
  File "/home/airflow/.local/lib/python3.8/site-packages/airflow/models/taskinstance.py", line 433, in _execute_task
    result = execute_callable(context=context, **execute_callable_kwargs)
  File "/home/airflow/.local/lib/python3.8/site-packages/airflow/operators/python.py", line 199, in execute
    return_value = self.execute_callable()
  File "/home/airflow/.local/lib/python3.8/site-packages/airflow/operators/python.py", line 216, in execute_callable
    return self.python_callable(*self.op_args, **self.op_kwargs)
  File "/opt/airflow/dags/etl_pipeline.py", line 173, in <lambda>
    python_callable=lambda: load_table(SqlQueries.songplay_table_insert, 'songplays'),
  File "/opt/airflow/dags/etl_pipeline.py", line 132, in load_table
    cur.execute(f"INSERT INTO {table} {query}")
psycopg2.errors.UniqueViolation: duplicate key value violates unique constraint "songplays_pkey"
DETAIL:  Key (playid)=(a79559914c20973bde60ff33e4b80054) already exists.

[2025-07-24T15:21:32.315+0000] {taskinstance.py:1138} INFO - Marking task as FAILED. dag_id=tune_stream_dag, task_id=Load_songplays_fact_table, execution_date=20230104T190000, start_date=20250724T152126, end_date=20250724T152132
[2025-07-24T15:21:33.356+0000] {standard_task_runner.py:107} ERROR - Failed to execute job 847 for task Load_songplays_fact_table (duplicate key value violates unique constraint "songplays_pkey"
DETAIL:  Key (playid)=(a79559914c20973bde60ff33e4b80054) already exists.
; 745)
[2025-07-24T15:21:33.377+0000] {local_task_job_runner.py:234} INFO - Task exited with return code 1
[2025-07-24T15:22:03.802+0000] {taskinstance.py:3280} INFO - 0 downstream tasks scheduled from follow-on schedule check
