[2025-07-24T16:05:02.746+0000] {taskinstance.py:1956} INFO - Dependencies all met for dep_context=non-requeueable deps ti=<TaskInstance: tune_stream_dag.Load_time_dim_table scheduled__2023-01-01T22:00:00+00:00 [queued]>
[2025-07-24T16:05:02.801+0000] {taskinstance.py:1956} INFO - Dependencies all met for dep_context=requeueable deps ti=<TaskInstance: tune_stream_dag.Load_time_dim_table scheduled__2023-01-01T22:00:00+00:00 [queued]>
[2025-07-24T16:05:02.807+0000] {taskinstance.py:2170} INFO - Starting attempt 3 of 4
[2025-07-24T16:05:02.879+0000] {taskinstance.py:2191} INFO - Executing <Task(PythonOperator): Load_time_dim_table> on 2023-01-01 22:00:00+00:00
[2025-07-24T16:05:02.906+0000] {standard_task_runner.py:60} INFO - Started process 1728 to run task
[2025-07-24T16:05:02.921+0000] {standard_task_runner.py:87} INFO - Running: ['***', 'tasks', 'run', 'tune_stream_dag', 'Load_time_dim_table', 'scheduled__2023-01-01T22:00:00+00:00', '--job-id', '1328', '--raw', '--subdir', 'DAGS_FOLDER/etl_pipeline.py', '--cfg-path', '/tmp/tmpgvbc7zsw']
[2025-07-24T16:05:02.939+0000] {standard_task_runner.py:88} INFO - Job 1328: Subtask Load_time_dim_table
[2025-07-24T16:05:03.125+0000] {task_command.py:423} INFO - Running <TaskInstance: tune_stream_dag.Load_time_dim_table scheduled__2023-01-01T22:00:00+00:00 [running]> on host c53547d84df1
[2025-07-24T16:05:03.323+0000] {taskinstance.py:2480} INFO - Exporting env vars: AIRFLOW_CTX_DAG_OWNER='genz-legend' AIRFLOW_CTX_DAG_ID='tune_stream_dag' AIRFLOW_CTX_TASK_ID='Load_time_dim_table' AIRFLOW_CTX_EXECUTION_DATE='2023-01-01T22:00:00+00:00' AIRFLOW_CTX_TRY_NUMBER='3' AIRFLOW_CTX_DAG_RUN_ID='scheduled__2023-01-01T22:00:00+00:00'
[2025-07-24T16:05:03.358+0000] {taskinstance.py:2698} ERROR - Task failed with exception
Traceback (most recent call last):
  File "/home/airflow/.local/lib/python3.8/site-packages/airflow/models/taskinstance.py", line 433, in _execute_task
    result = execute_callable(context=context, **execute_callable_kwargs)
  File "/home/airflow/.local/lib/python3.8/site-packages/airflow/operators/python.py", line 199, in execute
    return_value = self.execute_callable()
  File "/home/airflow/.local/lib/python3.8/site-packages/airflow/operators/python.py", line 216, in execute_callable
    return self.python_callable(*self.op_args, **self.op_kwargs)
  File "/opt/airflow/dags/etl_pipeline.py", line 197, in <lambda>
    python_callable=lambda: load_table(SqlQueries.time_table_insert, 'time'),
  File "/opt/airflow/dags/etl_pipeline.py", line 132, in load_table
    cur.execute(f"INSERT INTO {table} {query}")
psycopg2.errors.InvalidParameterValue: timestamp units "dayofweek" not recognized

[2025-07-24T16:05:03.447+0000] {taskinstance.py:1138} INFO - Marking task as UP_FOR_RETRY. dag_id=tune_stream_dag, task_id=Load_time_dim_table, execution_date=20230101T220000, start_date=20250724T160502, end_date=20250724T160503
[2025-07-24T16:05:03.480+0000] {standard_task_runner.py:107} ERROR - Failed to execute job 1328 for task Load_time_dim_table (timestamp units "dayofweek" not recognized
; 1728)
[2025-07-24T16:05:03.542+0000] {local_task_job_runner.py:234} INFO - Task exited with return code 1
[2025-07-24T16:05:03.592+0000] {taskinstance.py:3280} INFO - 0 downstream tasks scheduled from follow-on schedule check
[2025-07-24T16:47:15.026+0000] {taskinstance.py:1956} INFO - Dependencies all met for dep_context=non-requeueable deps ti=<TaskInstance: tune_stream_dag.Load_time_dim_table scheduled__2023-01-01T22:00:00+00:00 [queued]>
[2025-07-24T16:47:15.151+0000] {taskinstance.py:1956} INFO - Dependencies all met for dep_context=requeueable deps ti=<TaskInstance: tune_stream_dag.Load_time_dim_table scheduled__2023-01-01T22:00:00+00:00 [queued]>
[2025-07-24T16:47:15.160+0000] {taskinstance.py:2170} INFO - Starting attempt 3 of 4
[2025-07-24T16:47:15.349+0000] {taskinstance.py:2191} INFO - Executing <Task(PythonOperator): Load_time_dim_table> on 2023-01-01 22:00:00+00:00
[2025-07-24T16:47:15.547+0000] {standard_task_runner.py:60} INFO - Started process 301 to run task
[2025-07-24T16:47:15.620+0000] {standard_task_runner.py:87} INFO - Running: ['***', 'tasks', 'run', 'tune_stream_dag', 'Load_time_dim_table', 'scheduled__2023-01-01T22:00:00+00:00', '--job-id', '1719', '--raw', '--subdir', 'DAGS_FOLDER/etl_pipeline.py', '--cfg-path', '/tmp/tmpe5pg27qy']
[2025-07-24T16:47:15.648+0000] {standard_task_runner.py:88} INFO - Job 1719: Subtask Load_time_dim_table
[2025-07-24T16:47:15.970+0000] {task_command.py:423} INFO - Running <TaskInstance: tune_stream_dag.Load_time_dim_table scheduled__2023-01-01T22:00:00+00:00 [running]> on host 5def55d2a1b5
[2025-07-24T16:47:16.353+0000] {taskinstance.py:2480} INFO - Exporting env vars: AIRFLOW_CTX_DAG_OWNER='genz-legend' AIRFLOW_CTX_DAG_ID='tune_stream_dag' AIRFLOW_CTX_TASK_ID='Load_time_dim_table' AIRFLOW_CTX_EXECUTION_DATE='2023-01-01T22:00:00+00:00' AIRFLOW_CTX_TRY_NUMBER='3' AIRFLOW_CTX_DAG_RUN_ID='scheduled__2023-01-01T22:00:00+00:00'
[2025-07-24T16:47:16.385+0000] {taskinstance.py:2698} ERROR - Task failed with exception
Traceback (most recent call last):
  File "/home/airflow/.local/lib/python3.8/site-packages/airflow/models/taskinstance.py", line 433, in _execute_task
    result = execute_callable(context=context, **execute_callable_kwargs)
  File "/home/airflow/.local/lib/python3.8/site-packages/airflow/operators/python.py", line 199, in execute
    return_value = self.execute_callable()
  File "/home/airflow/.local/lib/python3.8/site-packages/airflow/operators/python.py", line 216, in execute_callable
    return self.python_callable(*self.op_args, **self.op_kwargs)
  File "/opt/airflow/dags/etl_pipeline.py", line 197, in <lambda>
    python_callable=lambda: load_table(SqlQueries.time_table_insert, 'time'),
  File "/opt/airflow/dags/etl_pipeline.py", line 131, in load_table
    cur.execute(f"TRUNCATE TABLE {table}")
psycopg2.errors.UndefinedTable: relation "time" does not exist

[2025-07-24T16:47:16.440+0000] {taskinstance.py:1138} INFO - Marking task as UP_FOR_RETRY. dag_id=tune_stream_dag, task_id=Load_time_dim_table, execution_date=20230101T220000, start_date=20250724T164715, end_date=20250724T164716
[2025-07-24T16:47:16.476+0000] {standard_task_runner.py:107} ERROR - Failed to execute job 1719 for task Load_time_dim_table (relation "time" does not exist
; 301)
[2025-07-24T16:47:16.527+0000] {local_task_job_runner.py:234} INFO - Task exited with return code 1
[2025-07-24T16:47:16.640+0000] {taskinstance.py:3280} INFO - 0 downstream tasks scheduled from follow-on schedule check
