[2025-07-24T15:22:38.448+0000] {taskinstance.py:1956} INFO - Dependencies all met for dep_context=non-requeueable deps ti=<TaskInstance: tune_stream_dag.Load_time_dim_table scheduled__2023-01-05T05:00:00+00:00 [queued]>
[2025-07-24T15:22:38.561+0000] {taskinstance.py:1956} INFO - Dependencies all met for dep_context=requeueable deps ti=<TaskInstance: tune_stream_dag.Load_time_dim_table scheduled__2023-01-05T05:00:00+00:00 [queued]>
[2025-07-24T15:22:38.561+0000] {taskinstance.py:2170} INFO - Starting attempt 1 of 4
[2025-07-24T15:22:38.875+0000] {taskinstance.py:2191} INFO - Executing <Task(PythonOperator): Load_time_dim_table> on 2023-01-05 05:00:00+00:00
[2025-07-24T15:22:38.905+0000] {standard_task_runner.py:60} INFO - Started process 840 to run task
[2025-07-24T15:22:38.920+0000] {standard_task_runner.py:87} INFO - Running: ['***', 'tasks', 'run', 'tune_stream_dag', 'Load_time_dim_table', 'scheduled__2023-01-05T05:00:00+00:00', '--job-id', '878', '--raw', '--subdir', 'DAGS_FOLDER/etl_pipeline.py', '--cfg-path', '/tmp/tmpwyjldtrr']
[2025-07-24T15:22:38.939+0000] {standard_task_runner.py:88} INFO - Job 878: Subtask Load_time_dim_table
[2025-07-24T15:22:39.373+0000] {task_command.py:423} INFO - Running <TaskInstance: tune_stream_dag.Load_time_dim_table scheduled__2023-01-05T05:00:00+00:00 [running]> on host c53547d84df1
[2025-07-24T15:22:41.973+0000] {taskinstance.py:2480} INFO - Exporting env vars: AIRFLOW_CTX_DAG_OWNER='genz-legend' AIRFLOW_CTX_DAG_ID='tune_stream_dag' AIRFLOW_CTX_TASK_ID='Load_time_dim_table' AIRFLOW_CTX_EXECUTION_DATE='2023-01-05T05:00:00+00:00' AIRFLOW_CTX_TRY_NUMBER='1' AIRFLOW_CTX_DAG_RUN_ID='scheduled__2023-01-05T05:00:00+00:00'
[2025-07-24T15:22:41.979+0000] {taskinstance.py:2698} ERROR - Task failed with exception
Traceback (most recent call last):
  File "/home/airflow/.local/lib/python3.8/site-packages/airflow/models/taskinstance.py", line 433, in _execute_task
    result = execute_callable(context=context, **execute_callable_kwargs)
  File "/home/airflow/.local/lib/python3.8/site-packages/airflow/operators/python.py", line 199, in execute
    return_value = self.execute_callable()
  File "/home/airflow/.local/lib/python3.8/site-packages/airflow/operators/python.py", line 216, in execute_callable
    return self.python_callable(*self.op_args, **self.op_kwargs)
  File "/opt/airflow/dags/etl_pipeline.py", line 197, in <lambda>
    python_callable=lambda: load_table(SqlQueries.time_table_insert, 'time'),
  File "/opt/airflow/dags/etl_pipeline.py", line 132, in load_table
    cur.execute(f"INSERT INTO {table} {query}")
psycopg2.errors.InvalidParameterValue: timestamp units "dayofweek" not recognized

[2025-07-24T15:22:42.007+0000] {taskinstance.py:1138} INFO - Marking task as UP_FOR_RETRY. dag_id=tune_stream_dag, task_id=Load_time_dim_table, execution_date=20230105T050000, start_date=20250724T152238, end_date=20250724T152242
[2025-07-24T15:22:42.222+0000] {standard_task_runner.py:107} ERROR - Failed to execute job 878 for task Load_time_dim_table (timestamp units "dayofweek" not recognized
; 840)
[2025-07-24T15:22:42.298+0000] {local_task_job_runner.py:234} INFO - Task exited with return code 1
[2025-07-24T15:22:42.378+0000] {taskinstance.py:3280} INFO - 0 downstream tasks scheduled from follow-on schedule check
[2025-07-24T17:33:34.091+0000] {taskinstance.py:1956} INFO - Dependencies all met for dep_context=non-requeueable deps ti=<TaskInstance: tune_stream_dag.Load_time_dim_table scheduled__2023-01-05T05:00:00+00:00 [queued]>
[2025-07-24T17:33:34.112+0000] {taskinstance.py:1956} INFO - Dependencies all met for dep_context=requeueable deps ti=<TaskInstance: tune_stream_dag.Load_time_dim_table scheduled__2023-01-05T05:00:00+00:00 [queued]>
[2025-07-24T17:33:34.116+0000] {taskinstance.py:2170} INFO - Starting attempt 1 of 4
[2025-07-24T17:33:34.153+0000] {taskinstance.py:2191} INFO - Executing <Task(PythonOperator): Load_time_dim_table> on 2023-01-05 05:00:00+00:00
[2025-07-24T17:33:34.181+0000] {standard_task_runner.py:60} INFO - Started process 3488 to run task
[2025-07-24T17:33:34.217+0000] {standard_task_runner.py:87} INFO - Running: ['***', 'tasks', 'run', 'tune_stream_dag', 'Load_time_dim_table', 'scheduled__2023-01-05T05:00:00+00:00', '--job-id', '2686', '--raw', '--subdir', 'DAGS_FOLDER/etl_pipeline.py', '--cfg-path', '/tmp/tmp6k_yatp9']
[2025-07-24T17:33:34.257+0000] {standard_task_runner.py:88} INFO - Job 2686: Subtask Load_time_dim_table
[2025-07-24T17:33:34.582+0000] {task_command.py:423} INFO - Running <TaskInstance: tune_stream_dag.Load_time_dim_table scheduled__2023-01-05T05:00:00+00:00 [running]> on host 5def55d2a1b5
[2025-07-24T17:33:34.818+0000] {taskinstance.py:2480} INFO - Exporting env vars: AIRFLOW_CTX_DAG_OWNER='genz-legend' AIRFLOW_CTX_DAG_ID='tune_stream_dag' AIRFLOW_CTX_TASK_ID='Load_time_dim_table' AIRFLOW_CTX_EXECUTION_DATE='2023-01-05T05:00:00+00:00' AIRFLOW_CTX_TRY_NUMBER='1' AIRFLOW_CTX_DAG_RUN_ID='scheduled__2023-01-05T05:00:00+00:00'
[2025-07-24T17:33:34.922+0000] {python.py:201} INFO - Done. Returned value was: None
[2025-07-24T17:33:34.939+0000] {taskinstance.py:1138} INFO - Marking task as SUCCESS. dag_id=tune_stream_dag, task_id=Load_time_dim_table, execution_date=20230105T050000, start_date=20250724T173334, end_date=20250724T173334
[2025-07-24T17:33:35.047+0000] {local_task_job_runner.py:234} INFO - Task exited with return code 0
[2025-07-24T17:33:35.109+0000] {taskinstance.py:3280} INFO - 0 downstream tasks scheduled from follow-on schedule check
