[2025-07-24T13:53:24.939+0000] {taskinstance.py:1956} INFO - Dependencies all met for dep_context=non-requeueable deps ti=<TaskInstance: tune_stream_dag.Stage_events scheduled__2023-01-02T15:00:00+00:00 [queued]>
[2025-07-24T13:53:25.003+0000] {taskinstance.py:1956} INFO - Dependencies all met for dep_context=requeueable deps ti=<TaskInstance: tune_stream_dag.Stage_events scheduled__2023-01-02T15:00:00+00:00 [queued]>
[2025-07-24T13:53:25.005+0000] {taskinstance.py:2170} INFO - Starting attempt 1 of 4
[2025-07-24T13:53:25.659+0000] {taskinstance.py:2191} INFO - Executing <Task(PythonOperator): Stage_events> on 2023-01-02 15:00:00+00:00
[2025-07-24T13:53:25.733+0000] {standard_task_runner.py:60} INFO - Started process 513 to run task
[2025-07-24T13:53:25.877+0000] {standard_task_runner.py:87} INFO - Running: ['***', 'tasks', 'run', 'tune_stream_dag', 'Stage_events', 'scheduled__2023-01-02T15:00:00+00:00', '--job-id', '379', '--raw', '--subdir', 'DAGS_FOLDER/etl_pipeline.py', '--cfg-path', '/tmp/tmpaeh3qle7']
[2025-07-24T13:53:26.042+0000] {standard_task_runner.py:88} INFO - Job 379: Subtask Stage_events
[2025-07-24T13:53:26.441+0000] {task_command.py:423} INFO - Running <TaskInstance: tune_stream_dag.Stage_events scheduled__2023-01-02T15:00:00+00:00 [running]> on host a4bcda7cb679
[2025-07-24T13:53:26.835+0000] {taskinstance.py:2480} INFO - Exporting env vars: AIRFLOW_CTX_DAG_OWNER='genz-legend' AIRFLOW_CTX_DAG_ID='tune_stream_dag' AIRFLOW_CTX_TASK_ID='Stage_events' AIRFLOW_CTX_EXECUTION_DATE='2023-01-02T15:00:00+00:00' AIRFLOW_CTX_TRY_NUMBER='1' AIRFLOW_CTX_DAG_RUN_ID='scheduled__2023-01-02T15:00:00+00:00'
[2025-07-24T13:53:32.859+0000] {python.py:201} INFO - Done. Returned value was: None
[2025-07-24T13:53:32.921+0000] {taskinstance.py:1138} INFO - Marking task as SUCCESS. dag_id=tune_stream_dag, task_id=Stage_events, execution_date=20230102T150000, start_date=20250724T135324, end_date=20250724T135332
[2025-07-24T13:53:33.062+0000] {local_task_job_runner.py:234} INFO - Task exited with return code 0
[2025-07-24T13:53:33.148+0000] {taskinstance.py:3280} INFO - 1 downstream tasks scheduled from follow-on schedule check
[2025-07-24T17:18:40.313+0000] {taskinstance.py:1956} INFO - Dependencies all met for dep_context=non-requeueable deps ti=<TaskInstance: tune_stream_dag.Stage_events scheduled__2023-01-02T15:00:00+00:00 [queued]>
[2025-07-24T17:18:40.330+0000] {taskinstance.py:1956} INFO - Dependencies all met for dep_context=requeueable deps ti=<TaskInstance: tune_stream_dag.Stage_events scheduled__2023-01-02T15:00:00+00:00 [queued]>
[2025-07-24T17:18:40.331+0000] {taskinstance.py:2170} INFO - Starting attempt 1 of 4
[2025-07-24T17:18:40.359+0000] {taskinstance.py:2191} INFO - Executing <Task(PythonOperator): Stage_events> on 2023-01-02 15:00:00+00:00
[2025-07-24T17:18:40.371+0000] {standard_task_runner.py:60} INFO - Started process 1687 to run task
[2025-07-24T17:18:40.377+0000] {standard_task_runner.py:87} INFO - Running: ['***', 'tasks', 'run', 'tune_stream_dag', 'Stage_events', 'scheduled__2023-01-02T15:00:00+00:00', '--job-id', '2146', '--raw', '--subdir', 'DAGS_FOLDER/etl_pipeline.py', '--cfg-path', '/tmp/tmp2tk8eax6']
[2025-07-24T17:18:40.382+0000] {standard_task_runner.py:88} INFO - Job 2146: Subtask Stage_events
[2025-07-24T17:18:40.486+0000] {task_command.py:423} INFO - Running <TaskInstance: tune_stream_dag.Stage_events scheduled__2023-01-02T15:00:00+00:00 [running]> on host 5def55d2a1b5
[2025-07-24T17:18:40.604+0000] {taskinstance.py:2480} INFO - Exporting env vars: AIRFLOW_CTX_DAG_OWNER='genz-legend' AIRFLOW_CTX_DAG_ID='tune_stream_dag' AIRFLOW_CTX_TASK_ID='Stage_events' AIRFLOW_CTX_EXECUTION_DATE='2023-01-02T15:00:00+00:00' AIRFLOW_CTX_TRY_NUMBER='1' AIRFLOW_CTX_DAG_RUN_ID='scheduled__2023-01-02T15:00:00+00:00'
[2025-07-24T17:18:44.645+0000] {python.py:201} INFO - Done. Returned value was: None
[2025-07-24T17:18:44.663+0000] {taskinstance.py:1138} INFO - Marking task as SUCCESS. dag_id=tune_stream_dag, task_id=Stage_events, execution_date=20230102T150000, start_date=20250724T171840, end_date=20250724T171844
[2025-07-24T17:18:44.738+0000] {local_task_job_runner.py:234} INFO - Task exited with return code 0
[2025-07-24T17:18:44.802+0000] {taskinstance.py:3280} INFO - 1 downstream tasks scheduled from follow-on schedule check
