[2025-07-24T15:04:02.024+0000] {taskinstance.py:1956} INFO - Dependencies all met for dep_context=non-requeueable deps ti=<TaskInstance: tune_stream_dag.Stage_events scheduled__2023-01-04T15:00:00+00:00 [queued]>
[2025-07-24T15:04:02.441+0000] {taskinstance.py:1956} INFO - Dependencies all met for dep_context=requeueable deps ti=<TaskInstance: tune_stream_dag.Stage_events scheduled__2023-01-04T15:00:00+00:00 [queued]>
[2025-07-24T15:04:02.673+0000] {taskinstance.py:2170} INFO - Starting attempt 1 of 4
[2025-07-24T15:04:03.897+0000] {taskinstance.py:2191} INFO - Executing <Task(PythonOperator): Stage_events> on 2023-01-04 15:00:00+00:00
[2025-07-24T15:04:05.091+0000] {standard_task_runner.py:60} INFO - Started process 196 to run task
[2025-07-24T15:04:06.677+0000] {standard_task_runner.py:87} INFO - Running: ['***', 'tasks', 'run', 'tune_stream_dag', 'Stage_events', 'scheduled__2023-01-04T15:00:00+00:00', '--job-id', '750', '--raw', '--subdir', 'DAGS_FOLDER/etl_pipeline.py', '--cfg-path', '/tmp/tmpt08mipoe']
[2025-07-24T15:04:08.085+0000] {standard_task_runner.py:88} INFO - Job 750: Subtask Stage_events
[2025-07-24T15:04:12.092+0000] {task_command.py:423} INFO - Running <TaskInstance: tune_stream_dag.Stage_events scheduled__2023-01-04T15:00:00+00:00 [running]> on host c53547d84df1
[2025-07-24T15:04:13.033+0000] {taskinstance.py:2480} INFO - Exporting env vars: AIRFLOW_CTX_DAG_OWNER='genz-legend' AIRFLOW_CTX_DAG_ID='tune_stream_dag' AIRFLOW_CTX_TASK_ID='Stage_events' AIRFLOW_CTX_EXECUTION_DATE='2023-01-04T15:00:00+00:00' AIRFLOW_CTX_TRY_NUMBER='1' AIRFLOW_CTX_DAG_RUN_ID='scheduled__2023-01-04T15:00:00+00:00'
[2025-07-24T15:04:25.807+0000] {python.py:201} INFO - Done. Returned value was: None
[2025-07-24T15:04:25.845+0000] {taskinstance.py:1138} INFO - Marking task as SUCCESS. dag_id=tune_stream_dag, task_id=Stage_events, execution_date=20230104T150000, start_date=20250724T150402, end_date=20250724T150425
[2025-07-24T15:04:25.950+0000] {local_task_job_runner.py:234} INFO - Task exited with return code 0
[2025-07-24T15:04:26.034+0000] {taskinstance.py:3280} INFO - 1 downstream tasks scheduled from follow-on schedule check
[2025-07-24T17:30:05.462+0000] {taskinstance.py:1956} INFO - Dependencies all met for dep_context=non-requeueable deps ti=<TaskInstance: tune_stream_dag.Stage_events scheduled__2023-01-04T15:00:00+00:00 [queued]>
[2025-07-24T17:30:05.480+0000] {taskinstance.py:1956} INFO - Dependencies all met for dep_context=requeueable deps ti=<TaskInstance: tune_stream_dag.Stage_events scheduled__2023-01-04T15:00:00+00:00 [queued]>
[2025-07-24T17:30:05.484+0000] {taskinstance.py:2170} INFO - Starting attempt 1 of 4
[2025-07-24T17:30:05.512+0000] {taskinstance.py:2191} INFO - Executing <Task(PythonOperator): Stage_events> on 2023-01-04 15:00:00+00:00
[2025-07-24T17:30:05.525+0000] {standard_task_runner.py:60} INFO - Started process 2857 to run task
[2025-07-24T17:30:05.532+0000] {standard_task_runner.py:87} INFO - Running: ['***', 'tasks', 'run', 'tune_stream_dag', 'Stage_events', 'scheduled__2023-01-04T15:00:00+00:00', '--job-id', '2492', '--raw', '--subdir', 'DAGS_FOLDER/etl_pipeline.py', '--cfg-path', '/tmp/tmp110c58l0']
[2025-07-24T17:30:05.538+0000] {standard_task_runner.py:88} INFO - Job 2492: Subtask Stage_events
[2025-07-24T17:30:05.763+0000] {task_command.py:423} INFO - Running <TaskInstance: tune_stream_dag.Stage_events scheduled__2023-01-04T15:00:00+00:00 [running]> on host 5def55d2a1b5
[2025-07-24T17:30:05.939+0000] {taskinstance.py:2480} INFO - Exporting env vars: AIRFLOW_CTX_DAG_OWNER='genz-legend' AIRFLOW_CTX_DAG_ID='tune_stream_dag' AIRFLOW_CTX_TASK_ID='Stage_events' AIRFLOW_CTX_EXECUTION_DATE='2023-01-04T15:00:00+00:00' AIRFLOW_CTX_TRY_NUMBER='1' AIRFLOW_CTX_DAG_RUN_ID='scheduled__2023-01-04T15:00:00+00:00'
[2025-07-24T17:30:38.443+0000] {python.py:201} INFO - Done. Returned value was: None
[2025-07-24T17:30:38.561+0000] {taskinstance.py:1138} INFO - Marking task as SUCCESS. dag_id=tune_stream_dag, task_id=Stage_events, execution_date=20230104T150000, start_date=20250724T173005, end_date=20250724T173038
[2025-07-24T17:30:38.797+0000] {local_task_job_runner.py:234} INFO - Task exited with return code 0
[2025-07-24T17:30:38.854+0000] {taskinstance.py:3280} INFO - 1 downstream tasks scheduled from follow-on schedule check
