[2025-07-24T14:14:04.438+0000] {taskinstance.py:1956} INFO - Dependencies all met for dep_context=non-requeueable deps ti=<TaskInstance: tune_stream_dag.Stage_events scheduled__2023-01-03T05:00:00+00:00 [queued]>
[2025-07-24T14:14:04.460+0000] {taskinstance.py:1956} INFO - Dependencies all met for dep_context=requeueable deps ti=<TaskInstance: tune_stream_dag.Stage_events scheduled__2023-01-03T05:00:00+00:00 [queued]>
[2025-07-24T14:14:04.461+0000] {taskinstance.py:2170} INFO - Starting attempt 1 of 4
[2025-07-24T14:14:04.507+0000] {taskinstance.py:2191} INFO - Executing <Task(PythonOperator): Stage_events> on 2023-01-03 05:00:00+00:00
[2025-07-24T14:14:04.563+0000] {standard_task_runner.py:60} INFO - Started process 351 to run task
[2025-07-24T14:14:04.576+0000] {standard_task_runner.py:87} INFO - Running: ['***', 'tasks', 'run', 'tune_stream_dag', 'Stage_events', 'scheduled__2023-01-03T05:00:00+00:00', '--job-id', '473', '--raw', '--subdir', 'DAGS_FOLDER/etl_pipeline.py', '--cfg-path', '/tmp/tmpga2zttpn']
[2025-07-24T14:14:04.590+0000] {standard_task_runner.py:88} INFO - Job 473: Subtask Stage_events
[2025-07-24T14:14:04.807+0000] {task_command.py:423} INFO - Running <TaskInstance: tune_stream_dag.Stage_events scheduled__2023-01-03T05:00:00+00:00 [running]> on host aea62fae55be
[2025-07-24T14:14:05.164+0000] {taskinstance.py:2480} INFO - Exporting env vars: AIRFLOW_CTX_DAG_OWNER='genz-legend' AIRFLOW_CTX_DAG_ID='tune_stream_dag' AIRFLOW_CTX_TASK_ID='Stage_events' AIRFLOW_CTX_EXECUTION_DATE='2023-01-03T05:00:00+00:00' AIRFLOW_CTX_TRY_NUMBER='1' AIRFLOW_CTX_DAG_RUN_ID='scheduled__2023-01-03T05:00:00+00:00'
[2025-07-24T14:14:11.849+0000] {python.py:201} INFO - Done. Returned value was: None
[2025-07-24T14:14:11.890+0000] {taskinstance.py:1138} INFO - Marking task as SUCCESS. dag_id=tune_stream_dag, task_id=Stage_events, execution_date=20230103T050000, start_date=20250724T141404, end_date=20250724T141411
[2025-07-24T14:14:11.997+0000] {local_task_job_runner.py:234} INFO - Task exited with return code 0
[2025-07-24T14:14:12.051+0000] {taskinstance.py:3280} INFO - 1 downstream tasks scheduled from follow-on schedule check
[2025-07-24T17:23:31.177+0000] {taskinstance.py:1956} INFO - Dependencies all met for dep_context=non-requeueable deps ti=<TaskInstance: tune_stream_dag.Stage_events scheduled__2023-01-03T05:00:00+00:00 [queued]>
[2025-07-24T17:23:31.216+0000] {taskinstance.py:1956} INFO - Dependencies all met for dep_context=requeueable deps ti=<TaskInstance: tune_stream_dag.Stage_events scheduled__2023-01-03T05:00:00+00:00 [queued]>
[2025-07-24T17:23:31.217+0000] {taskinstance.py:2170} INFO - Starting attempt 1 of 4
[2025-07-24T17:23:31.356+0000] {taskinstance.py:2191} INFO - Executing <Task(PythonOperator): Stage_events> on 2023-01-03 05:00:00+00:00
[2025-07-24T17:23:31.374+0000] {standard_task_runner.py:60} INFO - Started process 2013 to run task
[2025-07-24T17:23:31.381+0000] {standard_task_runner.py:87} INFO - Running: ['***', 'tasks', 'run', 'tune_stream_dag', 'Stage_events', 'scheduled__2023-01-03T05:00:00+00:00', '--job-id', '2236', '--raw', '--subdir', 'DAGS_FOLDER/etl_pipeline.py', '--cfg-path', '/tmp/tmpeywbss2l']
[2025-07-24T17:23:31.388+0000] {standard_task_runner.py:88} INFO - Job 2236: Subtask Stage_events
[2025-07-24T17:23:31.524+0000] {task_command.py:423} INFO - Running <TaskInstance: tune_stream_dag.Stage_events scheduled__2023-01-03T05:00:00+00:00 [running]> on host 5def55d2a1b5
[2025-07-24T17:23:31.743+0000] {taskinstance.py:2480} INFO - Exporting env vars: AIRFLOW_CTX_DAG_OWNER='genz-legend' AIRFLOW_CTX_DAG_ID='tune_stream_dag' AIRFLOW_CTX_TASK_ID='Stage_events' AIRFLOW_CTX_EXECUTION_DATE='2023-01-03T05:00:00+00:00' AIRFLOW_CTX_TRY_NUMBER='1' AIRFLOW_CTX_DAG_RUN_ID='scheduled__2023-01-03T05:00:00+00:00'
[2025-07-24T17:25:01.447+0000] {python.py:201} INFO - Done. Returned value was: None
[2025-07-24T17:25:01.633+0000] {taskinstance.py:1138} INFO - Marking task as SUCCESS. dag_id=tune_stream_dag, task_id=Stage_events, execution_date=20230103T050000, start_date=20250724T172331, end_date=20250724T172501
[2025-07-24T17:25:01.965+0000] {local_task_job_runner.py:234} INFO - Task exited with return code 0
[2025-07-24T17:25:02.133+0000] {taskinstance.py:3280} INFO - 1 downstream tasks scheduled from follow-on schedule check
