[2025-07-24T14:13:56.396+0000] {taskinstance.py:1956} INFO - Dependencies all met for dep_context=non-requeueable deps ti=<TaskInstance: tune_stream_dag.Stage_songs scheduled__2023-01-03T00:00:00+00:00 [queued]>
[2025-07-24T14:13:56.412+0000] {taskinstance.py:1956} INFO - Dependencies all met for dep_context=requeueable deps ti=<TaskInstance: tune_stream_dag.Stage_songs scheduled__2023-01-03T00:00:00+00:00 [queued]>
[2025-07-24T14:13:56.413+0000] {taskinstance.py:2170} INFO - Starting attempt 1 of 4
[2025-07-24T14:13:56.438+0000] {taskinstance.py:2191} INFO - Executing <Task(PythonOperator): Stage_songs> on 2023-01-03 00:00:00+00:00
[2025-07-24T14:13:56.455+0000] {standard_task_runner.py:60} INFO - Started process 318 to run task
[2025-07-24T14:13:56.468+0000] {standard_task_runner.py:87} INFO - Running: ['***', 'tasks', 'run', 'tune_stream_dag', 'Stage_songs', 'scheduled__2023-01-03T00:00:00+00:00', '--job-id', '462', '--raw', '--subdir', 'DAGS_FOLDER/etl_pipeline.py', '--cfg-path', '/tmp/tmpvoytdefi']
[2025-07-24T14:13:56.474+0000] {standard_task_runner.py:88} INFO - Job 462: Subtask Stage_songs
[2025-07-24T14:13:56.630+0000] {task_command.py:423} INFO - Running <TaskInstance: tune_stream_dag.Stage_songs scheduled__2023-01-03T00:00:00+00:00 [running]> on host aea62fae55be
[2025-07-24T14:13:56.863+0000] {taskinstance.py:2480} INFO - Exporting env vars: AIRFLOW_CTX_DAG_OWNER='genz-legend' AIRFLOW_CTX_DAG_ID='tune_stream_dag' AIRFLOW_CTX_TASK_ID='Stage_songs' AIRFLOW_CTX_EXECUTION_DATE='2023-01-03T00:00:00+00:00' AIRFLOW_CTX_TRY_NUMBER='1' AIRFLOW_CTX_DAG_RUN_ID='scheduled__2023-01-03T00:00:00+00:00'
[2025-07-24T14:13:59.418+0000] {python.py:201} INFO - Done. Returned value was: None
[2025-07-24T14:13:59.545+0000] {taskinstance.py:1138} INFO - Marking task as SUCCESS. dag_id=tune_stream_dag, task_id=Stage_songs, execution_date=20230103T000000, start_date=20250724T141356, end_date=20250724T141359
[2025-07-24T14:14:00.053+0000] {local_task_job_runner.py:234} INFO - Task exited with return code 0
[2025-07-24T14:14:00.358+0000] {taskinstance.py:3280} INFO - 0 downstream tasks scheduled from follow-on schedule check
[2025-07-24T17:23:09.047+0000] {taskinstance.py:1956} INFO - Dependencies all met for dep_context=non-requeueable deps ti=<TaskInstance: tune_stream_dag.Stage_songs scheduled__2023-01-03T00:00:00+00:00 [queued]>
[2025-07-24T17:23:09.197+0000] {taskinstance.py:1956} INFO - Dependencies all met for dep_context=requeueable deps ti=<TaskInstance: tune_stream_dag.Stage_songs scheduled__2023-01-03T00:00:00+00:00 [queued]>
[2025-07-24T17:23:09.220+0000] {taskinstance.py:2170} INFO - Starting attempt 1 of 4
[2025-07-24T17:23:09.346+0000] {taskinstance.py:2191} INFO - Executing <Task(PythonOperator): Stage_songs> on 2023-01-03 00:00:00+00:00
[2025-07-24T17:23:09.425+0000] {standard_task_runner.py:60} INFO - Started process 1973 to run task
[2025-07-24T17:23:09.567+0000] {standard_task_runner.py:87} INFO - Running: ['***', 'tasks', 'run', 'tune_stream_dag', 'Stage_songs', 'scheduled__2023-01-03T00:00:00+00:00', '--job-id', '2224', '--raw', '--subdir', 'DAGS_FOLDER/etl_pipeline.py', '--cfg-path', '/tmp/tmpawxwjy_v']
[2025-07-24T17:23:09.645+0000] {standard_task_runner.py:88} INFO - Job 2224: Subtask Stage_songs
[2025-07-24T17:23:10.109+0000] {task_command.py:423} INFO - Running <TaskInstance: tune_stream_dag.Stage_songs scheduled__2023-01-03T00:00:00+00:00 [running]> on host 5def55d2a1b5
[2025-07-24T17:23:11.219+0000] {taskinstance.py:2480} INFO - Exporting env vars: AIRFLOW_CTX_DAG_OWNER='genz-legend' AIRFLOW_CTX_DAG_ID='tune_stream_dag' AIRFLOW_CTX_TASK_ID='Stage_songs' AIRFLOW_CTX_EXECUTION_DATE='2023-01-03T00:00:00+00:00' AIRFLOW_CTX_TRY_NUMBER='1' AIRFLOW_CTX_DAG_RUN_ID='scheduled__2023-01-03T00:00:00+00:00'
[2025-07-24T17:23:19.445+0000] {python.py:201} INFO - Done. Returned value was: None
[2025-07-24T17:23:19.549+0000] {taskinstance.py:1138} INFO - Marking task as SUCCESS. dag_id=tune_stream_dag, task_id=Stage_songs, execution_date=20230103T000000, start_date=20250724T172309, end_date=20250724T172319
[2025-07-24T17:23:19.701+0000] {local_task_job_runner.py:234} INFO - Task exited with return code 0
[2025-07-24T17:23:20.101+0000] {taskinstance.py:3280} INFO - 0 downstream tasks scheduled from follow-on schedule check
