[2025-07-24T15:49:40.363+0000] {taskinstance.py:1956} INFO - Dependencies all met for dep_context=non-requeueable deps ti=<TaskInstance: tune_stream_dag.Load_artist_dim_table scheduled__2023-01-01T16:00:00+00:00 [queued]>
[2025-07-24T15:49:40.373+0000] {taskinstance.py:1956} INFO - Dependencies all met for dep_context=requeueable deps ti=<TaskInstance: tune_stream_dag.Load_artist_dim_table scheduled__2023-01-01T16:00:00+00:00 [queued]>
[2025-07-24T15:49:40.375+0000] {taskinstance.py:2170} INFO - Starting attempt 1 of 4
[2025-07-24T15:49:40.391+0000] {taskinstance.py:2191} INFO - Executing <Task(PythonOperator): Load_artist_dim_table> on 2023-01-01 16:00:00+00:00
[2025-07-24T15:49:40.400+0000] {standard_task_runner.py:60} INFO - Started process 1016 to run task
[2025-07-24T15:49:40.404+0000] {standard_task_runner.py:87} INFO - Running: ['***', 'tasks', 'run', 'tune_stream_dag', 'Load_artist_dim_table', 'scheduled__2023-01-01T16:00:00+00:00', '--job-id', '1171', '--raw', '--subdir', 'DAGS_FOLDER/etl_pipeline.py', '--cfg-path', '/tmp/tmpcf8f02yo']
[2025-07-24T15:49:40.408+0000] {standard_task_runner.py:88} INFO - Job 1171: Subtask Load_artist_dim_table
[2025-07-24T15:49:40.484+0000] {task_command.py:423} INFO - Running <TaskInstance: tune_stream_dag.Load_artist_dim_table scheduled__2023-01-01T16:00:00+00:00 [running]> on host c53547d84df1
[2025-07-24T15:49:40.561+0000] {taskinstance.py:2480} INFO - Exporting env vars: AIRFLOW_CTX_DAG_OWNER='genz-legend' AIRFLOW_CTX_DAG_ID='tune_stream_dag' AIRFLOW_CTX_TASK_ID='Load_artist_dim_table' AIRFLOW_CTX_EXECUTION_DATE='2023-01-01T16:00:00+00:00' AIRFLOW_CTX_TRY_NUMBER='1' AIRFLOW_CTX_DAG_RUN_ID='scheduled__2023-01-01T16:00:00+00:00'
[2025-07-24T15:49:40.570+0000] {python.py:201} INFO - Done. Returned value was: None
[2025-07-24T15:49:40.580+0000] {taskinstance.py:1138} INFO - Marking task as SUCCESS. dag_id=tune_stream_dag, task_id=Load_artist_dim_table, execution_date=20230101T160000, start_date=20250724T154940, end_date=20250724T154940
[2025-07-24T15:49:40.618+0000] {local_task_job_runner.py:234} INFO - Task exited with return code 0
[2025-07-24T15:49:40.662+0000] {taskinstance.py:3280} INFO - 0 downstream tasks scheduled from follow-on schedule check
[2025-07-24T16:33:58.709+0000] {taskinstance.py:1956} INFO - Dependencies all met for dep_context=non-requeueable deps ti=<TaskInstance: tune_stream_dag.Load_artist_dim_table scheduled__2023-01-01T16:00:00+00:00 [queued]>
[2025-07-24T16:33:58.724+0000] {taskinstance.py:1956} INFO - Dependencies all met for dep_context=requeueable deps ti=<TaskInstance: tune_stream_dag.Load_artist_dim_table scheduled__2023-01-01T16:00:00+00:00 [queued]>
[2025-07-24T16:33:58.725+0000] {taskinstance.py:2170} INFO - Starting attempt 1 of 4
[2025-07-24T16:33:58.746+0000] {taskinstance.py:2191} INFO - Executing <Task(PythonOperator): Load_artist_dim_table> on 2023-01-01 16:00:00+00:00
[2025-07-24T16:33:58.760+0000] {standard_task_runner.py:60} INFO - Started process 1146 to run task
[2025-07-24T16:33:58.764+0000] {standard_task_runner.py:87} INFO - Running: ['***', 'tasks', 'run', 'tune_stream_dag', 'Load_artist_dim_table', 'scheduled__2023-01-01T16:00:00+00:00', '--job-id', '1595', '--raw', '--subdir', 'DAGS_FOLDER/etl_pipeline.py', '--cfg-path', '/tmp/tmpfmkki0qx']
[2025-07-24T16:33:58.773+0000] {standard_task_runner.py:88} INFO - Job 1595: Subtask Load_artist_dim_table
[2025-07-24T16:33:59.013+0000] {task_command.py:423} INFO - Running <TaskInstance: tune_stream_dag.Load_artist_dim_table scheduled__2023-01-01T16:00:00+00:00 [running]> on host c53547d84df1
[2025-07-24T16:33:59.144+0000] {taskinstance.py:2480} INFO - Exporting env vars: AIRFLOW_CTX_DAG_OWNER='genz-legend' AIRFLOW_CTX_DAG_ID='tune_stream_dag' AIRFLOW_CTX_TASK_ID='Load_artist_dim_table' AIRFLOW_CTX_EXECUTION_DATE='2023-01-01T16:00:00+00:00' AIRFLOW_CTX_TRY_NUMBER='1' AIRFLOW_CTX_DAG_RUN_ID='scheduled__2023-01-01T16:00:00+00:00'
[2025-07-24T16:33:59.166+0000] {python.py:201} INFO - Done. Returned value was: None
[2025-07-24T16:33:59.181+0000] {taskinstance.py:1138} INFO - Marking task as SUCCESS. dag_id=tune_stream_dag, task_id=Load_artist_dim_table, execution_date=20230101T160000, start_date=20250724T163358, end_date=20250724T163359
[2025-07-24T16:33:59.222+0000] {local_task_job_runner.py:234} INFO - Task exited with return code 0
[2025-07-24T16:33:59.258+0000] {taskinstance.py:3280} INFO - 0 downstream tasks scheduled from follow-on schedule check
[2025-07-24T17:12:19.914+0000] {taskinstance.py:1956} INFO - Dependencies all met for dep_context=non-requeueable deps ti=<TaskInstance: tune_stream_dag.Load_artist_dim_table scheduled__2023-01-01T16:00:00+00:00 [queued]>
[2025-07-24T17:12:19.926+0000] {taskinstance.py:1956} INFO - Dependencies all met for dep_context=requeueable deps ti=<TaskInstance: tune_stream_dag.Load_artist_dim_table scheduled__2023-01-01T16:00:00+00:00 [queued]>
[2025-07-24T17:12:19.927+0000] {taskinstance.py:2170} INFO - Starting attempt 1 of 4
[2025-07-24T17:12:19.948+0000] {taskinstance.py:2191} INFO - Executing <Task(PythonOperator): Load_artist_dim_table> on 2023-01-01 16:00:00+00:00
[2025-07-24T17:12:19.986+0000] {standard_task_runner.py:60} INFO - Started process 998 to run task
[2025-07-24T17:12:19.991+0000] {standard_task_runner.py:87} INFO - Running: ['***', 'tasks', 'run', 'tune_stream_dag', 'Load_artist_dim_table', 'scheduled__2023-01-01T16:00:00+00:00', '--job-id', '1949', '--raw', '--subdir', 'DAGS_FOLDER/etl_pipeline.py', '--cfg-path', '/tmp/tmp6rkazgz5']
[2025-07-24T17:12:20.010+0000] {standard_task_runner.py:88} INFO - Job 1949: Subtask Load_artist_dim_table
[2025-07-24T17:12:20.143+0000] {task_command.py:423} INFO - Running <TaskInstance: tune_stream_dag.Load_artist_dim_table scheduled__2023-01-01T16:00:00+00:00 [running]> on host 5def55d2a1b5
[2025-07-24T17:12:20.223+0000] {taskinstance.py:2480} INFO - Exporting env vars: AIRFLOW_CTX_DAG_OWNER='genz-legend' AIRFLOW_CTX_DAG_ID='tune_stream_dag' AIRFLOW_CTX_TASK_ID='Load_artist_dim_table' AIRFLOW_CTX_EXECUTION_DATE='2023-01-01T16:00:00+00:00' AIRFLOW_CTX_TRY_NUMBER='1' AIRFLOW_CTX_DAG_RUN_ID='scheduled__2023-01-01T16:00:00+00:00'
[2025-07-24T17:12:20.239+0000] {python.py:201} INFO - Done. Returned value was: None
[2025-07-24T17:12:20.248+0000] {taskinstance.py:1138} INFO - Marking task as SUCCESS. dag_id=tune_stream_dag, task_id=Load_artist_dim_table, execution_date=20230101T160000, start_date=20250724T171219, end_date=20250724T171220
[2025-07-24T17:12:20.306+0000] {local_task_job_runner.py:234} INFO - Task exited with return code 0
[2025-07-24T17:12:20.332+0000] {taskinstance.py:3280} INFO - 0 downstream tasks scheduled from follow-on schedule check
