[2025-07-24T16:04:58.907+0000] {taskinstance.py:1956} INFO - Dependencies all met for dep_context=non-requeueable deps ti=<TaskInstance: tune_stream_dag.Load_artist_dim_table scheduled__2023-01-01T19:00:00+00:00 [queued]>
[2025-07-24T16:04:58.979+0000] {taskinstance.py:1956} INFO - Dependencies all met for dep_context=requeueable deps ti=<TaskInstance: tune_stream_dag.Load_artist_dim_table scheduled__2023-01-01T19:00:00+00:00 [queued]>
[2025-07-24T16:04:58.986+0000] {taskinstance.py:2170} INFO - Starting attempt 1 of 4
[2025-07-24T16:04:59.160+0000] {taskinstance.py:2191} INFO - Executing <Task(PythonOperator): Load_artist_dim_table> on 2023-01-01 19:00:00+00:00
[2025-07-24T16:04:59.228+0000] {standard_task_runner.py:60} INFO - Started process 1712 to run task
[2025-07-24T16:04:59.330+0000] {standard_task_runner.py:87} INFO - Running: ['***', 'tasks', 'run', 'tune_stream_dag', 'Load_artist_dim_table', 'scheduled__2023-01-01T19:00:00+00:00', '--job-id', '1324', '--raw', '--subdir', 'DAGS_FOLDER/etl_pipeline.py', '--cfg-path', '/tmp/tmpzf5gd25u']
[2025-07-24T16:04:59.374+0000] {standard_task_runner.py:88} INFO - Job 1324: Subtask Load_artist_dim_table
[2025-07-24T16:04:59.780+0000] {task_command.py:423} INFO - Running <TaskInstance: tune_stream_dag.Load_artist_dim_table scheduled__2023-01-01T19:00:00+00:00 [running]> on host c53547d84df1
[2025-07-24T16:05:00.160+0000] {taskinstance.py:2480} INFO - Exporting env vars: AIRFLOW_CTX_DAG_OWNER='genz-legend' AIRFLOW_CTX_DAG_ID='tune_stream_dag' AIRFLOW_CTX_TASK_ID='Load_artist_dim_table' AIRFLOW_CTX_EXECUTION_DATE='2023-01-01T19:00:00+00:00' AIRFLOW_CTX_TRY_NUMBER='1' AIRFLOW_CTX_DAG_RUN_ID='scheduled__2023-01-01T19:00:00+00:00'
[2025-07-24T16:05:00.202+0000] {python.py:201} INFO - Done. Returned value was: None
[2025-07-24T16:05:00.247+0000] {taskinstance.py:1138} INFO - Marking task as SUCCESS. dag_id=tune_stream_dag, task_id=Load_artist_dim_table, execution_date=20230101T190000, start_date=20250724T160458, end_date=20250724T160500
[2025-07-24T16:05:00.336+0000] {local_task_job_runner.py:234} INFO - Task exited with return code 0
[2025-07-24T16:05:00.492+0000] {taskinstance.py:3280} INFO - 0 downstream tasks scheduled from follow-on schedule check
[2025-07-24T16:35:29.050+0000] {taskinstance.py:1956} INFO - Dependencies all met for dep_context=non-requeueable deps ti=<TaskInstance: tune_stream_dag.Load_artist_dim_table scheduled__2023-01-01T19:00:00+00:00 [queued]>
[2025-07-24T16:35:29.068+0000] {taskinstance.py:1956} INFO - Dependencies all met for dep_context=requeueable deps ti=<TaskInstance: tune_stream_dag.Load_artist_dim_table scheduled__2023-01-01T19:00:00+00:00 [queued]>
[2025-07-24T16:35:29.069+0000] {taskinstance.py:2170} INFO - Starting attempt 1 of 4
[2025-07-24T16:35:29.092+0000] {taskinstance.py:2191} INFO - Executing <Task(PythonOperator): Load_artist_dim_table> on 2023-01-01 19:00:00+00:00
[2025-07-24T16:35:29.108+0000] {standard_task_runner.py:60} INFO - Started process 1413 to run task
[2025-07-24T16:35:29.114+0000] {standard_task_runner.py:87} INFO - Running: ['***', 'tasks', 'run', 'tune_stream_dag', 'Load_artist_dim_table', 'scheduled__2023-01-01T19:00:00+00:00', '--job-id', '1676', '--raw', '--subdir', 'DAGS_FOLDER/etl_pipeline.py', '--cfg-path', '/tmp/tmp9qyi38mq']
[2025-07-24T16:35:29.118+0000] {standard_task_runner.py:88} INFO - Job 1676: Subtask Load_artist_dim_table
[2025-07-24T16:35:29.299+0000] {task_command.py:423} INFO - Running <TaskInstance: tune_stream_dag.Load_artist_dim_table scheduled__2023-01-01T19:00:00+00:00 [running]> on host c53547d84df1
[2025-07-24T16:35:29.417+0000] {taskinstance.py:2480} INFO - Exporting env vars: AIRFLOW_CTX_DAG_OWNER='genz-legend' AIRFLOW_CTX_DAG_ID='tune_stream_dag' AIRFLOW_CTX_TASK_ID='Load_artist_dim_table' AIRFLOW_CTX_EXECUTION_DATE='2023-01-01T19:00:00+00:00' AIRFLOW_CTX_TRY_NUMBER='1' AIRFLOW_CTX_DAG_RUN_ID='scheduled__2023-01-01T19:00:00+00:00'
[2025-07-24T16:35:29.497+0000] {python.py:201} INFO - Done. Returned value was: None
[2025-07-24T16:35:29.522+0000] {taskinstance.py:1138} INFO - Marking task as SUCCESS. dag_id=tune_stream_dag, task_id=Load_artist_dim_table, execution_date=20230101T190000, start_date=20250724T163529, end_date=20250724T163529
[2025-07-24T16:35:29.573+0000] {local_task_job_runner.py:234} INFO - Task exited with return code 0
[2025-07-24T16:35:29.613+0000] {taskinstance.py:3280} INFO - 0 downstream tasks scheduled from follow-on schedule check
[2025-07-24T17:13:38.390+0000] {taskinstance.py:1956} INFO - Dependencies all met for dep_context=non-requeueable deps ti=<TaskInstance: tune_stream_dag.Load_artist_dim_table scheduled__2023-01-01T19:00:00+00:00 [queued]>
[2025-07-24T17:13:38.422+0000] {taskinstance.py:1956} INFO - Dependencies all met for dep_context=requeueable deps ti=<TaskInstance: tune_stream_dag.Load_artist_dim_table scheduled__2023-01-01T19:00:00+00:00 [queued]>
[2025-07-24T17:13:38.425+0000] {taskinstance.py:2170} INFO - Starting attempt 1 of 4
[2025-07-24T17:13:38.467+0000] {taskinstance.py:2191} INFO - Executing <Task(PythonOperator): Load_artist_dim_table> on 2023-01-01 19:00:00+00:00
[2025-07-24T17:13:38.481+0000] {standard_task_runner.py:60} INFO - Started process 1259 to run task
[2025-07-24T17:13:38.494+0000] {standard_task_runner.py:87} INFO - Running: ['***', 'tasks', 'run', 'tune_stream_dag', 'Load_artist_dim_table', 'scheduled__2023-01-01T19:00:00+00:00', '--job-id', '2023', '--raw', '--subdir', 'DAGS_FOLDER/etl_pipeline.py', '--cfg-path', '/tmp/tmpp4s7lapc']
[2025-07-24T17:13:38.501+0000] {standard_task_runner.py:88} INFO - Job 2023: Subtask Load_artist_dim_table
[2025-07-24T17:13:38.835+0000] {task_command.py:423} INFO - Running <TaskInstance: tune_stream_dag.Load_artist_dim_table scheduled__2023-01-01T19:00:00+00:00 [running]> on host 5def55d2a1b5
[2025-07-24T17:13:39.132+0000] {taskinstance.py:2480} INFO - Exporting env vars: AIRFLOW_CTX_DAG_OWNER='genz-legend' AIRFLOW_CTX_DAG_ID='tune_stream_dag' AIRFLOW_CTX_TASK_ID='Load_artist_dim_table' AIRFLOW_CTX_EXECUTION_DATE='2023-01-01T19:00:00+00:00' AIRFLOW_CTX_TRY_NUMBER='1' AIRFLOW_CTX_DAG_RUN_ID='scheduled__2023-01-01T19:00:00+00:00'
[2025-07-24T17:13:39.196+0000] {python.py:201} INFO - Done. Returned value was: None
[2025-07-24T17:13:39.231+0000] {taskinstance.py:1138} INFO - Marking task as SUCCESS. dag_id=tune_stream_dag, task_id=Load_artist_dim_table, execution_date=20230101T190000, start_date=20250724T171338, end_date=20250724T171339
[2025-07-24T17:13:39.314+0000] {local_task_job_runner.py:234} INFO - Task exited with return code 0
[2025-07-24T17:13:39.423+0000] {taskinstance.py:3280} INFO - 0 downstream tasks scheduled from follow-on schedule check
