[2025-07-24T16:05:28.223+0000] {taskinstance.py:1956} INFO - Dependencies all met for dep_context=non-requeueable deps ti=<TaskInstance: tune_stream_dag.Load_song_dim_table scheduled__2023-01-02T09:00:00+00:00 [queued]>
[2025-07-24T16:05:28.252+0000] {taskinstance.py:1956} INFO - Dependencies all met for dep_context=requeueable deps ti=<TaskInstance: tune_stream_dag.Load_song_dim_table scheduled__2023-01-02T09:00:00+00:00 [queued]>
[2025-07-24T16:05:28.255+0000] {taskinstance.py:2170} INFO - Starting attempt 1 of 4
[2025-07-24T16:05:28.283+0000] {taskinstance.py:2191} INFO - Executing <Task(PythonOperator): Load_song_dim_table> on 2023-01-02 09:00:00+00:00
[2025-07-24T16:05:28.296+0000] {standard_task_runner.py:60} INFO - Started process 1794 to run task
[2025-07-24T16:05:28.300+0000] {standard_task_runner.py:87} INFO - Running: ['***', 'tasks', 'run', 'tune_stream_dag', 'Load_song_dim_table', 'scheduled__2023-01-02T09:00:00+00:00', '--job-id', '1351', '--raw', '--subdir', 'DAGS_FOLDER/etl_pipeline.py', '--cfg-path', '/tmp/tmprf1wybdu']
[2025-07-24T16:05:28.305+0000] {standard_task_runner.py:88} INFO - Job 1351: Subtask Load_song_dim_table
[2025-07-24T16:05:28.425+0000] {task_command.py:423} INFO - Running <TaskInstance: tune_stream_dag.Load_song_dim_table scheduled__2023-01-02T09:00:00+00:00 [running]> on host c53547d84df1
[2025-07-24T16:05:28.523+0000] {taskinstance.py:2480} INFO - Exporting env vars: AIRFLOW_CTX_DAG_OWNER='genz-legend' AIRFLOW_CTX_DAG_ID='tune_stream_dag' AIRFLOW_CTX_TASK_ID='Load_song_dim_table' AIRFLOW_CTX_EXECUTION_DATE='2023-01-02T09:00:00+00:00' AIRFLOW_CTX_TRY_NUMBER='1' AIRFLOW_CTX_DAG_RUN_ID='scheduled__2023-01-02T09:00:00+00:00'
[2025-07-24T16:05:28.535+0000] {python.py:201} INFO - Done. Returned value was: None
[2025-07-24T16:05:28.545+0000] {taskinstance.py:1138} INFO - Marking task as SUCCESS. dag_id=tune_stream_dag, task_id=Load_song_dim_table, execution_date=20230102T090000, start_date=20250724T160528, end_date=20250724T160528
[2025-07-24T16:05:28.598+0000] {local_task_job_runner.py:234} INFO - Task exited with return code 0
[2025-07-24T16:05:28.627+0000] {taskinstance.py:3280} INFO - 0 downstream tasks scheduled from follow-on schedule check
[2025-07-24T17:18:11.468+0000] {taskinstance.py:1956} INFO - Dependencies all met for dep_context=non-requeueable deps ti=<TaskInstance: tune_stream_dag.Load_song_dim_table scheduled__2023-01-02T09:00:00+00:00 [queued]>
[2025-07-24T17:18:11.503+0000] {taskinstance.py:1956} INFO - Dependencies all met for dep_context=requeueable deps ti=<TaskInstance: tune_stream_dag.Load_song_dim_table scheduled__2023-01-02T09:00:00+00:00 [queued]>
[2025-07-24T17:18:11.504+0000] {taskinstance.py:2170} INFO - Starting attempt 1 of 4
[2025-07-24T17:18:11.562+0000] {taskinstance.py:2191} INFO - Executing <Task(PythonOperator): Load_song_dim_table> on 2023-01-02 09:00:00+00:00
[2025-07-24T17:18:11.590+0000] {standard_task_runner.py:60} INFO - Started process 1563 to run task
[2025-07-24T17:18:11.647+0000] {standard_task_runner.py:87} INFO - Running: ['***', 'tasks', 'run', 'tune_stream_dag', 'Load_song_dim_table', 'scheduled__2023-01-02T09:00:00+00:00', '--job-id', '2103', '--raw', '--subdir', 'DAGS_FOLDER/etl_pipeline.py', '--cfg-path', '/tmp/tmp8qikjmi2']
[2025-07-24T17:18:11.658+0000] {standard_task_runner.py:88} INFO - Job 2103: Subtask Load_song_dim_table
[2025-07-24T17:18:11.856+0000] {task_command.py:423} INFO - Running <TaskInstance: tune_stream_dag.Load_song_dim_table scheduled__2023-01-02T09:00:00+00:00 [running]> on host 5def55d2a1b5
[2025-07-24T17:18:12.268+0000] {taskinstance.py:2480} INFO - Exporting env vars: AIRFLOW_CTX_DAG_OWNER='genz-legend' AIRFLOW_CTX_DAG_ID='tune_stream_dag' AIRFLOW_CTX_TASK_ID='Load_song_dim_table' AIRFLOW_CTX_EXECUTION_DATE='2023-01-02T09:00:00+00:00' AIRFLOW_CTX_TRY_NUMBER='1' AIRFLOW_CTX_DAG_RUN_ID='scheduled__2023-01-02T09:00:00+00:00'
[2025-07-24T17:18:12.416+0000] {python.py:201} INFO - Done. Returned value was: None
[2025-07-24T17:18:12.472+0000] {taskinstance.py:1138} INFO - Marking task as SUCCESS. dag_id=tune_stream_dag, task_id=Load_song_dim_table, execution_date=20230102T090000, start_date=20250724T171811, end_date=20250724T171812
[2025-07-24T17:18:12.538+0000] {local_task_job_runner.py:234} INFO - Task exited with return code 0
[2025-07-24T17:18:12.947+0000] {taskinstance.py:3280} INFO - 0 downstream tasks scheduled from follow-on schedule check
