[2025-07-24T13:52:57.894+0000] {taskinstance.py:1956} INFO - Dependencies all met for dep_context=non-requeueable deps ti=<TaskInstance: tune_stream_dag.Load_songplays_fact_table scheduled__2023-01-01T19:00:00+00:00 [queued]>
[2025-07-24T13:52:57.903+0000] {taskinstance.py:1956} INFO - Dependencies all met for dep_context=requeueable deps ti=<TaskInstance: tune_stream_dag.Load_songplays_fact_table scheduled__2023-01-01T19:00:00+00:00 [queued]>
[2025-07-24T13:52:57.904+0000] {taskinstance.py:2170} INFO - Starting attempt 4 of 4
[2025-07-24T13:52:57.916+0000] {taskinstance.py:2191} INFO - Executing <Task(PythonOperator): Load_songplays_fact_table> on 2023-01-01 19:00:00+00:00
[2025-07-24T13:52:57.922+0000] {standard_task_runner.py:60} INFO - Started process 449 to run task
[2025-07-24T13:52:57.925+0000] {standard_task_runner.py:87} INFO - Running: ['***', 'tasks', 'run', 'tune_stream_dag', 'Load_songplays_fact_table', 'scheduled__2023-01-01T19:00:00+00:00', '--job-id', '363', '--raw', '--subdir', 'DAGS_FOLDER/etl_pipeline.py', '--cfg-path', '/tmp/tmpeu4wes5y']
[2025-07-24T13:52:57.928+0000] {standard_task_runner.py:88} INFO - Job 363: Subtask Load_songplays_fact_table
[2025-07-24T13:52:57.986+0000] {task_command.py:423} INFO - Running <TaskInstance: tune_stream_dag.Load_songplays_fact_table scheduled__2023-01-01T19:00:00+00:00 [running]> on host a4bcda7cb679
[2025-07-24T13:52:58.052+0000] {taskinstance.py:2480} INFO - Exporting env vars: AIRFLOW_CTX_DAG_OWNER='genz-legend' AIRFLOW_CTX_DAG_ID='tune_stream_dag' AIRFLOW_CTX_TASK_ID='Load_songplays_fact_table' AIRFLOW_CTX_EXECUTION_DATE='2023-01-01T19:00:00+00:00' AIRFLOW_CTX_TRY_NUMBER='4' AIRFLOW_CTX_DAG_RUN_ID='scheduled__2023-01-01T19:00:00+00:00'
[2025-07-24T13:52:58.059+0000] {taskinstance.py:2698} ERROR - Task failed with exception
Traceback (most recent call last):
  File "/home/airflow/.local/lib/python3.8/site-packages/airflow/models/taskinstance.py", line 433, in _execute_task
    result = execute_callable(context=context, **execute_callable_kwargs)
  File "/home/airflow/.local/lib/python3.8/site-packages/airflow/operators/python.py", line 199, in execute
    return_value = self.execute_callable()
  File "/home/airflow/.local/lib/python3.8/site-packages/airflow/operators/python.py", line 216, in execute_callable
    return self.python_callable(*self.op_args, **self.op_kwargs)
  File "/opt/airflow/dags/etl_pipeline.py", line 168, in <lambda>
    python_callable=lambda: load_table(SqlQueries.songplay_table_insert),
  File "/opt/airflow/dags/etl_pipeline.py", line 127, in load_table
    cur.execute(f"DELETE FROM {query.split()[3]}")
psycopg2.errors.SyntaxError: syntax error at or near ")"
LINE 1: DELETE FROM events.start_time)
                                     ^

[2025-07-24T13:52:58.075+0000] {taskinstance.py:1138} INFO - Marking task as FAILED. dag_id=tune_stream_dag, task_id=Load_songplays_fact_table, execution_date=20230101T190000, start_date=20250724T135257, end_date=20250724T135258
[2025-07-24T13:52:58.090+0000] {standard_task_runner.py:107} ERROR - Failed to execute job 363 for task Load_songplays_fact_table (syntax error at or near ")"
LINE 1: DELETE FROM events.start_time)
                                     ^
; 449)
[2025-07-24T13:52:58.137+0000] {local_task_job_runner.py:234} INFO - Task exited with return code 1
[2025-07-24T13:52:58.161+0000] {taskinstance.py:3280} INFO - 0 downstream tasks scheduled from follow-on schedule check
[2025-07-24T16:04:51.286+0000] {taskinstance.py:1956} INFO - Dependencies all met for dep_context=non-requeueable deps ti=<TaskInstance: tune_stream_dag.Load_songplays_fact_table scheduled__2023-01-01T19:00:00+00:00 [queued]>
[2025-07-24T16:04:51.297+0000] {taskinstance.py:1956} INFO - Dependencies all met for dep_context=requeueable deps ti=<TaskInstance: tune_stream_dag.Load_songplays_fact_table scheduled__2023-01-01T19:00:00+00:00 [queued]>
[2025-07-24T16:04:51.298+0000] {taskinstance.py:2170} INFO - Starting attempt 4 of 4
[2025-07-24T16:04:51.325+0000] {taskinstance.py:2191} INFO - Executing <Task(PythonOperator): Load_songplays_fact_table> on 2023-01-01 19:00:00+00:00
[2025-07-24T16:04:51.334+0000] {standard_task_runner.py:60} INFO - Started process 1654 to run task
[2025-07-24T16:04:51.339+0000] {standard_task_runner.py:87} INFO - Running: ['***', 'tasks', 'run', 'tune_stream_dag', 'Load_songplays_fact_table', 'scheduled__2023-01-01T19:00:00+00:00', '--job-id', '1305', '--raw', '--subdir', 'DAGS_FOLDER/etl_pipeline.py', '--cfg-path', '/tmp/tmpodaqap7a']
[2025-07-24T16:04:51.343+0000] {standard_task_runner.py:88} INFO - Job 1305: Subtask Load_songplays_fact_table
[2025-07-24T16:04:51.435+0000] {task_command.py:423} INFO - Running <TaskInstance: tune_stream_dag.Load_songplays_fact_table scheduled__2023-01-01T19:00:00+00:00 [running]> on host c53547d84df1
[2025-07-24T16:04:51.533+0000] {taskinstance.py:2480} INFO - Exporting env vars: AIRFLOW_CTX_DAG_OWNER='genz-legend' AIRFLOW_CTX_DAG_ID='tune_stream_dag' AIRFLOW_CTX_TASK_ID='Load_songplays_fact_table' AIRFLOW_CTX_EXECUTION_DATE='2023-01-01T19:00:00+00:00' AIRFLOW_CTX_TRY_NUMBER='4' AIRFLOW_CTX_DAG_RUN_ID='scheduled__2023-01-01T19:00:00+00:00'
[2025-07-24T16:04:51.611+0000] {python.py:201} INFO - Done. Returned value was: None
[2025-07-24T16:04:51.626+0000] {taskinstance.py:1138} INFO - Marking task as SUCCESS. dag_id=tune_stream_dag, task_id=Load_songplays_fact_table, execution_date=20230101T190000, start_date=20250724T160451, end_date=20250724T160451
[2025-07-24T16:04:51.673+0000] {local_task_job_runner.py:234} INFO - Task exited with return code 0
[2025-07-24T16:04:51.757+0000] {taskinstance.py:3280} INFO - 4 downstream tasks scheduled from follow-on schedule check
