[2025-07-24T13:53:28.068+0000] {taskinstance.py:1956} INFO - Dependencies all met for dep_context=non-requeueable deps ti=<TaskInstance: tune_stream_dag.Stage_songs scheduled__2023-01-02T17:00:00+00:00 [queued]>
[2025-07-24T13:53:28.085+0000] {taskinstance.py:1956} INFO - Dependencies all met for dep_context=requeueable deps ti=<TaskInstance: tune_stream_dag.Stage_songs scheduled__2023-01-02T17:00:00+00:00 [queued]>
[2025-07-24T13:53:28.087+0000] {taskinstance.py:2170} INFO - Starting attempt 1 of 4
[2025-07-24T13:53:28.116+0000] {taskinstance.py:2191} INFO - Executing <Task(PythonOperator): Stage_songs> on 2023-01-02 17:00:00+00:00
[2025-07-24T13:53:28.133+0000] {standard_task_runner.py:60} INFO - Started process 522 to run task
[2025-07-24T13:53:28.144+0000] {standard_task_runner.py:87} INFO - Running: ['***', 'tasks', 'run', 'tune_stream_dag', 'Stage_songs', 'scheduled__2023-01-02T17:00:00+00:00', '--job-id', '383', '--raw', '--subdir', 'DAGS_FOLDER/etl_pipeline.py', '--cfg-path', '/tmp/tmpla659dmm']
[2025-07-24T13:53:28.155+0000] {standard_task_runner.py:88} INFO - Job 383: Subtask Stage_songs
[2025-07-24T13:53:28.382+0000] {task_command.py:423} INFO - Running <TaskInstance: tune_stream_dag.Stage_songs scheduled__2023-01-02T17:00:00+00:00 [running]> on host a4bcda7cb679
[2025-07-24T13:53:28.635+0000] {taskinstance.py:2480} INFO - Exporting env vars: AIRFLOW_CTX_DAG_OWNER='genz-legend' AIRFLOW_CTX_DAG_ID='tune_stream_dag' AIRFLOW_CTX_TASK_ID='Stage_songs' AIRFLOW_CTX_EXECUTION_DATE='2023-01-02T17:00:00+00:00' AIRFLOW_CTX_TRY_NUMBER='1' AIRFLOW_CTX_DAG_RUN_ID='scheduled__2023-01-02T17:00:00+00:00'
[2025-07-24T13:53:31.683+0000] {python.py:201} INFO - Done. Returned value was: None
[2025-07-24T13:53:31.728+0000] {taskinstance.py:1138} INFO - Marking task as SUCCESS. dag_id=tune_stream_dag, task_id=Stage_songs, execution_date=20230102T170000, start_date=20250724T135328, end_date=20250724T135331
[2025-07-24T13:53:32.158+0000] {local_task_job_runner.py:234} INFO - Task exited with return code 0
[2025-07-24T13:53:32.242+0000] {taskinstance.py:3280} INFO - 0 downstream tasks scheduled from follow-on schedule check
[2025-07-24T17:18:44.535+0000] {taskinstance.py:1956} INFO - Dependencies all met for dep_context=non-requeueable deps ti=<TaskInstance: tune_stream_dag.Stage_songs scheduled__2023-01-02T17:00:00+00:00 [queued]>
[2025-07-24T17:18:44.543+0000] {taskinstance.py:1956} INFO - Dependencies all met for dep_context=requeueable deps ti=<TaskInstance: tune_stream_dag.Stage_songs scheduled__2023-01-02T17:00:00+00:00 [queued]>
[2025-07-24T17:18:44.544+0000] {taskinstance.py:2170} INFO - Starting attempt 1 of 4
[2025-07-24T17:18:44.558+0000] {taskinstance.py:2191} INFO - Executing <Task(PythonOperator): Stage_songs> on 2023-01-02 17:00:00+00:00
[2025-07-24T17:18:44.566+0000] {standard_task_runner.py:60} INFO - Started process 1717 to run task
[2025-07-24T17:18:44.569+0000] {standard_task_runner.py:87} INFO - Running: ['***', 'tasks', 'run', 'tune_stream_dag', 'Stage_songs', 'scheduled__2023-01-02T17:00:00+00:00', '--job-id', '2156', '--raw', '--subdir', 'DAGS_FOLDER/etl_pipeline.py', '--cfg-path', '/tmp/tmpola5zaso']
[2025-07-24T17:18:44.572+0000] {standard_task_runner.py:88} INFO - Job 2156: Subtask Stage_songs
[2025-07-24T17:18:44.653+0000] {task_command.py:423} INFO - Running <TaskInstance: tune_stream_dag.Stage_songs scheduled__2023-01-02T17:00:00+00:00 [running]> on host 5def55d2a1b5
[2025-07-24T17:18:44.814+0000] {taskinstance.py:2480} INFO - Exporting env vars: AIRFLOW_CTX_DAG_OWNER='genz-legend' AIRFLOW_CTX_DAG_ID='tune_stream_dag' AIRFLOW_CTX_TASK_ID='Stage_songs' AIRFLOW_CTX_EXECUTION_DATE='2023-01-02T17:00:00+00:00' AIRFLOW_CTX_TRY_NUMBER='1' AIRFLOW_CTX_DAG_RUN_ID='scheduled__2023-01-02T17:00:00+00:00'
[2025-07-24T17:18:45.811+0000] {python.py:201} INFO - Done. Returned value was: None
[2025-07-24T17:18:45.824+0000] {taskinstance.py:1138} INFO - Marking task as SUCCESS. dag_id=tune_stream_dag, task_id=Stage_songs, execution_date=20230102T170000, start_date=20250724T171844, end_date=20250724T171845
[2025-07-24T17:18:46.068+0000] {local_task_job_runner.py:234} INFO - Task exited with return code 0
[2025-07-24T17:18:46.100+0000] {taskinstance.py:3280} INFO - 0 downstream tasks scheduled from follow-on schedule check
