[2025-07-24T15:33:50.870+0000] {taskinstance.py:1956} INFO - Dependencies all met for dep_context=non-requeueable deps ti=<TaskInstance: tune_stream_dag.Load_artist_dim_table scheduled__2023-01-01T10:00:00+00:00 [queued]>
[2025-07-24T15:33:50.887+0000] {taskinstance.py:1956} INFO - Dependencies all met for dep_context=requeueable deps ti=<TaskInstance: tune_stream_dag.Load_artist_dim_table scheduled__2023-01-01T10:00:00+00:00 [queued]>
[2025-07-24T15:33:50.889+0000] {taskinstance.py:2170} INFO - Starting attempt 1 of 4
[2025-07-24T15:33:51.202+0000] {taskinstance.py:2191} INFO - Executing <Task(PythonOperator): Load_artist_dim_table> on 2023-01-01 10:00:00+00:00
[2025-07-24T15:33:51.225+0000] {standard_task_runner.py:60} INFO - Started process 352 to run task
[2025-07-24T15:33:51.231+0000] {standard_task_runner.py:87} INFO - Running: ['***', 'tasks', 'run', 'tune_stream_dag', 'Load_artist_dim_table', 'scheduled__2023-01-01T10:00:00+00:00', '--job-id', '1025', '--raw', '--subdir', 'DAGS_FOLDER/etl_pipeline.py', '--cfg-path', '/tmp/tmpdjxwq12m']
[2025-07-24T15:33:51.237+0000] {standard_task_runner.py:88} INFO - Job 1025: Subtask Load_artist_dim_table
[2025-07-24T15:33:51.575+0000] {task_command.py:423} INFO - Running <TaskInstance: tune_stream_dag.Load_artist_dim_table scheduled__2023-01-01T10:00:00+00:00 [running]> on host c53547d84df1
[2025-07-24T15:33:52.014+0000] {taskinstance.py:2480} INFO - Exporting env vars: AIRFLOW_CTX_DAG_OWNER='genz-legend' AIRFLOW_CTX_DAG_ID='tune_stream_dag' AIRFLOW_CTX_TASK_ID='Load_artist_dim_table' AIRFLOW_CTX_EXECUTION_DATE='2023-01-01T10:00:00+00:00' AIRFLOW_CTX_TRY_NUMBER='1' AIRFLOW_CTX_DAG_RUN_ID='scheduled__2023-01-01T10:00:00+00:00'
[2025-07-24T15:33:52.207+0000] {python.py:201} INFO - Done. Returned value was: None
[2025-07-24T15:33:52.235+0000] {taskinstance.py:1138} INFO - Marking task as SUCCESS. dag_id=tune_stream_dag, task_id=Load_artist_dim_table, execution_date=20230101T100000, start_date=20250724T153350, end_date=20250724T153352
[2025-07-24T15:33:52.413+0000] {local_task_job_runner.py:234} INFO - Task exited with return code 0
[2025-07-24T15:33:52.435+0000] {taskinstance.py:3280} INFO - 0 downstream tasks scheduled from follow-on schedule check
[2025-07-24T16:18:06.385+0000] {taskinstance.py:1956} INFO - Dependencies all met for dep_context=non-requeueable deps ti=<TaskInstance: tune_stream_dag.Load_artist_dim_table scheduled__2023-01-01T10:00:00+00:00 [queued]>
[2025-07-24T16:18:06.440+0000] {taskinstance.py:1956} INFO - Dependencies all met for dep_context=requeueable deps ti=<TaskInstance: tune_stream_dag.Load_artist_dim_table scheduled__2023-01-01T10:00:00+00:00 [queued]>
[2025-07-24T16:18:06.441+0000] {taskinstance.py:2170} INFO - Starting attempt 1 of 4
[2025-07-24T16:18:06.572+0000] {taskinstance.py:2191} INFO - Executing <Task(PythonOperator): Load_artist_dim_table> on 2023-01-01 10:00:00+00:00
[2025-07-24T16:18:06.662+0000] {standard_task_runner.py:60} INFO - Started process 483 to run task
[2025-07-24T16:18:06.721+0000] {standard_task_runner.py:87} INFO - Running: ['***', 'tasks', 'run', 'tune_stream_dag', 'Load_artist_dim_table', 'scheduled__2023-01-01T10:00:00+00:00', '--job-id', '1443', '--raw', '--subdir', 'DAGS_FOLDER/etl_pipeline.py', '--cfg-path', '/tmp/tmp4oxoeac6']
[2025-07-24T16:18:06.728+0000] {standard_task_runner.py:88} INFO - Job 1443: Subtask Load_artist_dim_table
[2025-07-24T16:18:07.375+0000] {task_command.py:423} INFO - Running <TaskInstance: tune_stream_dag.Load_artist_dim_table scheduled__2023-01-01T10:00:00+00:00 [running]> on host c53547d84df1
[2025-07-24T16:18:08.341+0000] {taskinstance.py:2480} INFO - Exporting env vars: AIRFLOW_CTX_DAG_OWNER='genz-legend' AIRFLOW_CTX_DAG_ID='tune_stream_dag' AIRFLOW_CTX_TASK_ID='Load_artist_dim_table' AIRFLOW_CTX_EXECUTION_DATE='2023-01-01T10:00:00+00:00' AIRFLOW_CTX_TRY_NUMBER='1' AIRFLOW_CTX_DAG_RUN_ID='scheduled__2023-01-01T10:00:00+00:00'
[2025-07-24T16:18:08.842+0000] {python.py:201} INFO - Done. Returned value was: None
[2025-07-24T16:18:08.930+0000] {taskinstance.py:1138} INFO - Marking task as SUCCESS. dag_id=tune_stream_dag, task_id=Load_artist_dim_table, execution_date=20230101T100000, start_date=20250724T161806, end_date=20250724T161808
[2025-07-24T16:18:09.169+0000] {local_task_job_runner.py:234} INFO - Task exited with return code 0
[2025-07-24T16:18:09.453+0000] {taskinstance.py:3280} INFO - 0 downstream tasks scheduled from follow-on schedule check
[2025-07-24T16:57:14.818+0000] {taskinstance.py:1956} INFO - Dependencies all met for dep_context=non-requeueable deps ti=<TaskInstance: tune_stream_dag.Load_artist_dim_table scheduled__2023-01-01T10:00:00+00:00 [queued]>
[2025-07-24T16:57:14.909+0000] {taskinstance.py:1956} INFO - Dependencies all met for dep_context=requeueable deps ti=<TaskInstance: tune_stream_dag.Load_artist_dim_table scheduled__2023-01-01T10:00:00+00:00 [queued]>
[2025-07-24T16:57:14.917+0000] {taskinstance.py:2170} INFO - Starting attempt 1 of 4
[2025-07-24T16:57:14.995+0000] {taskinstance.py:2191} INFO - Executing <Task(PythonOperator): Load_artist_dim_table> on 2023-01-01 10:00:00+00:00
[2025-07-24T16:57:15.036+0000] {standard_task_runner.py:60} INFO - Started process 449 to run task
[2025-07-24T16:57:15.084+0000] {standard_task_runner.py:87} INFO - Running: ['***', 'tasks', 'run', 'tune_stream_dag', 'Load_artist_dim_table', 'scheduled__2023-01-01T10:00:00+00:00', '--job-id', '1837', '--raw', '--subdir', 'DAGS_FOLDER/etl_pipeline.py', '--cfg-path', '/tmp/tmpzz6cykek']
[2025-07-24T16:57:15.126+0000] {standard_task_runner.py:88} INFO - Job 1837: Subtask Load_artist_dim_table
[2025-07-24T16:57:15.357+0000] {task_command.py:423} INFO - Running <TaskInstance: tune_stream_dag.Load_artist_dim_table scheduled__2023-01-01T10:00:00+00:00 [running]> on host 5def55d2a1b5
[2025-07-24T16:57:15.577+0000] {taskinstance.py:2480} INFO - Exporting env vars: AIRFLOW_CTX_DAG_OWNER='genz-legend' AIRFLOW_CTX_DAG_ID='tune_stream_dag' AIRFLOW_CTX_TASK_ID='Load_artist_dim_table' AIRFLOW_CTX_EXECUTION_DATE='2023-01-01T10:00:00+00:00' AIRFLOW_CTX_TRY_NUMBER='1' AIRFLOW_CTX_DAG_RUN_ID='scheduled__2023-01-01T10:00:00+00:00'
[2025-07-24T16:57:15.721+0000] {python.py:201} INFO - Done. Returned value was: None
[2025-07-24T16:57:15.759+0000] {taskinstance.py:1138} INFO - Marking task as SUCCESS. dag_id=tune_stream_dag, task_id=Load_artist_dim_table, execution_date=20230101T100000, start_date=20250724T165714, end_date=20250724T165715
[2025-07-24T16:57:15.942+0000] {local_task_job_runner.py:234} INFO - Task exited with return code 0
[2025-07-24T16:57:16.090+0000] {taskinstance.py:3280} INFO - 0 downstream tasks scheduled from follow-on schedule check
