[2025-07-24T14:44:50.261+0000] {taskinstance.py:1956} INFO - Dependencies all met for dep_context=non-requeueable deps ti=<TaskInstance: tune_stream_dag.Load_songplays_fact_table manual__2025-07-24T14:35:54.036887+00:00 [queued]>
[2025-07-24T14:44:50.268+0000] {taskinstance.py:1956} INFO - Dependencies all met for dep_context=requeueable deps ti=<TaskInstance: tune_stream_dag.Load_songplays_fact_table manual__2025-07-24T14:35:54.036887+00:00 [queued]>
[2025-07-24T14:44:50.269+0000] {taskinstance.py:2170} INFO - Starting attempt 1 of 4
[2025-07-24T14:44:50.281+0000] {taskinstance.py:2191} INFO - Executing <Task(PythonOperator): Load_songplays_fact_table> on 2025-07-24 14:35:54.036887+00:00
[2025-07-24T14:44:50.287+0000] {standard_task_runner.py:60} INFO - Started process 391 to run task
[2025-07-24T14:44:50.290+0000] {standard_task_runner.py:87} INFO - Running: ['***', 'tasks', 'run', 'tune_stream_dag', 'Load_songplays_fact_table', 'manual__2025-07-24T14:35:54.036887+00:00', '--job-id', '638', '--raw', '--subdir', 'DAGS_FOLDER/etl_pipeline.py', '--cfg-path', '/tmp/tmpv6hgynsj']
[2025-07-24T14:44:50.293+0000] {standard_task_runner.py:88} INFO - Job 638: Subtask Load_songplays_fact_table
[2025-07-24T14:44:50.353+0000] {task_command.py:423} INFO - Running <TaskInstance: tune_stream_dag.Load_songplays_fact_table manual__2025-07-24T14:35:54.036887+00:00 [running]> on host aea62fae55be
[2025-07-24T14:44:50.413+0000] {taskinstance.py:2480} INFO - Exporting env vars: AIRFLOW_CTX_DAG_OWNER='genz-legend' AIRFLOW_CTX_DAG_ID='tune_stream_dag' AIRFLOW_CTX_TASK_ID='Load_songplays_fact_table' AIRFLOW_CTX_EXECUTION_DATE='2025-07-24T14:35:54.036887+00:00' AIRFLOW_CTX_TRY_NUMBER='1' AIRFLOW_CTX_DAG_RUN_ID='manual__2025-07-24T14:35:54.036887+00:00'
[2025-07-24T14:44:50.416+0000] {taskinstance.py:2698} ERROR - Task failed with exception
Traceback (most recent call last):
  File "/home/airflow/.local/lib/python3.8/site-packages/airflow/models/taskinstance.py", line 433, in _execute_task
    result = execute_callable(context=context, **execute_callable_kwargs)
  File "/home/airflow/.local/lib/python3.8/site-packages/airflow/operators/python.py", line 199, in execute
    return_value = self.execute_callable()
  File "/home/airflow/.local/lib/python3.8/site-packages/airflow/operators/python.py", line 216, in execute_callable
    return self.python_callable(*self.op_args, **self.op_kwargs)
  File "/opt/airflow/dags/etl_pipeline.py", line 173, in <lambda>
    python_callable=lambda: load_table(SqlQueries.songplay_table_insert),
  File "/opt/airflow/dags/etl_pipeline.py", line 128, in load_table
    raise ValueError("Could not extract table name from query")
ValueError: Could not extract table name from query
[2025-07-24T14:44:50.427+0000] {taskinstance.py:1138} INFO - Marking task as UP_FOR_RETRY. dag_id=tune_stream_dag, task_id=Load_songplays_fact_table, execution_date=20250724T143554, start_date=20250724T144450, end_date=20250724T144450
[2025-07-24T14:44:50.437+0000] {standard_task_runner.py:107} ERROR - Failed to execute job 638 for task Load_songplays_fact_table (Could not extract table name from query; 391)
[2025-07-24T14:44:50.463+0000] {local_task_job_runner.py:234} INFO - Task exited with return code 1
[2025-07-24T14:44:50.486+0000] {taskinstance.py:3280} INFO - 0 downstream tasks scheduled from follow-on schedule check
