[2025-07-22T10:32:11.574+0000] {taskinstance.py:1956} INFO - Dependencies all met for dep_context=non-requeueable deps ti=<TaskInstance: tune_stream_dag.Load_songplays_fact_table scheduled__2023-01-01T21:00:00+00:00 [queued]>
[2025-07-22T10:32:11.598+0000] {taskinstance.py:1956} INFO - Dependencies all met for dep_context=requeueable deps ti=<TaskInstance: tune_stream_dag.Load_songplays_fact_table scheduled__2023-01-01T21:00:00+00:00 [queued]>
[2025-07-22T10:32:11.619+0000] {taskinstance.py:2170} INFO - Starting attempt 1 of 4
[2025-07-22T10:32:11.729+0000] {taskinstance.py:2191} INFO - Executing <Task(PythonOperator): Load_songplays_fact_table> on 2023-01-01 21:00:00+00:00
[2025-07-22T10:32:11.812+0000] {standard_task_runner.py:60} INFO - Started process 193 to run task
[2025-07-22T10:32:11.818+0000] {standard_task_runner.py:87} INFO - Running: ['***', 'tasks', 'run', 'tune_stream_dag', 'Load_songplays_fact_table', 'scheduled__2023-01-01T21:00:00+00:00', '--job-id', '260', '--raw', '--subdir', 'DAGS_FOLDER/etl_pipeline.py', '--cfg-path', '/tmp/tmpx6aomy9u']
[2025-07-22T10:32:11.856+0000] {standard_task_runner.py:88} INFO - Job 260: Subtask Load_songplays_fact_table
[2025-07-22T10:32:12.099+0000] {task_command.py:423} INFO - Running <TaskInstance: tune_stream_dag.Load_songplays_fact_table scheduled__2023-01-01T21:00:00+00:00 [running]> on host a2a13a541787
[2025-07-22T10:32:12.415+0000] {taskinstance.py:2480} INFO - Exporting env vars: AIRFLOW_CTX_DAG_OWNER='genz-legend' AIRFLOW_CTX_DAG_ID='tune_stream_dag' AIRFLOW_CTX_TASK_ID='Load_songplays_fact_table' AIRFLOW_CTX_EXECUTION_DATE='2023-01-01T21:00:00+00:00' AIRFLOW_CTX_TRY_NUMBER='1' AIRFLOW_CTX_DAG_RUN_ID='scheduled__2023-01-01T21:00:00+00:00'
[2025-07-22T10:32:12.443+0000] {taskinstance.py:2698} ERROR - Task failed with exception
Traceback (most recent call last):
  File "/home/airflow/.local/lib/python3.8/site-packages/airflow/models/taskinstance.py", line 433, in _execute_task
    result = execute_callable(context=context, **execute_callable_kwargs)
  File "/home/airflow/.local/lib/python3.8/site-packages/airflow/operators/python.py", line 199, in execute
    return_value = self.execute_callable()
  File "/home/airflow/.local/lib/python3.8/site-packages/airflow/operators/python.py", line 216, in execute_callable
    return self.python_callable(*self.op_args, **self.op_kwargs)
  File "/opt/airflow/dags/etl_pipeline.py", line 168, in <lambda>
    python_callable=lambda: load_table(SqlQueries.songplay_table_insert),
  File "/opt/airflow/dags/etl_pipeline.py", line 127, in load_table
    cur.execute(f"DELETE FROM {query.split()[3]}")
psycopg2.errors.SyntaxError: syntax error at or near ")"
LINE 1: DELETE FROM events.start_time)
                                     ^

[2025-07-22T10:32:12.707+0000] {taskinstance.py:1138} INFO - Marking task as UP_FOR_RETRY. dag_id=tune_stream_dag, task_id=Load_songplays_fact_table, execution_date=20230101T210000, start_date=20250722T103211, end_date=20250722T103212
[2025-07-22T10:32:13.127+0000] {standard_task_runner.py:107} ERROR - Failed to execute job 260 for task Load_songplays_fact_table (syntax error at or near ")"
LINE 1: DELETE FROM events.start_time)
                                     ^
; 193)
[2025-07-22T10:32:13.180+0000] {local_task_job_runner.py:234} INFO - Task exited with return code 1
[2025-07-22T10:32:13.230+0000] {taskinstance.py:3280} INFO - 0 downstream tasks scheduled from follow-on schedule check
[2025-07-24T15:49:40.047+0000] {taskinstance.py:1956} INFO - Dependencies all met for dep_context=non-requeueable deps ti=<TaskInstance: tune_stream_dag.Load_songplays_fact_table scheduled__2023-01-01T21:00:00+00:00 [queued]>
[2025-07-24T15:49:40.059+0000] {taskinstance.py:1956} INFO - Dependencies all met for dep_context=requeueable deps ti=<TaskInstance: tune_stream_dag.Load_songplays_fact_table scheduled__2023-01-01T21:00:00+00:00 [queued]>
[2025-07-24T15:49:40.060+0000] {taskinstance.py:2170} INFO - Starting attempt 1 of 4
[2025-07-24T15:49:40.076+0000] {taskinstance.py:2191} INFO - Executing <Task(PythonOperator): Load_songplays_fact_table> on 2023-01-01 21:00:00+00:00
[2025-07-24T15:49:40.084+0000] {standard_task_runner.py:60} INFO - Started process 1013 to run task
[2025-07-24T15:49:40.090+0000] {standard_task_runner.py:87} INFO - Running: ['***', 'tasks', 'run', 'tune_stream_dag', 'Load_songplays_fact_table', 'scheduled__2023-01-01T21:00:00+00:00', '--job-id', '1168', '--raw', '--subdir', 'DAGS_FOLDER/etl_pipeline.py', '--cfg-path', '/tmp/tmpvwhsmclb']
[2025-07-24T15:49:40.093+0000] {standard_task_runner.py:88} INFO - Job 1168: Subtask Load_songplays_fact_table
[2025-07-24T15:49:40.191+0000] {task_command.py:423} INFO - Running <TaskInstance: tune_stream_dag.Load_songplays_fact_table scheduled__2023-01-01T21:00:00+00:00 [running]> on host c53547d84df1
[2025-07-24T15:49:40.283+0000] {taskinstance.py:2480} INFO - Exporting env vars: AIRFLOW_CTX_DAG_OWNER='genz-legend' AIRFLOW_CTX_DAG_ID='tune_stream_dag' AIRFLOW_CTX_TASK_ID='Load_songplays_fact_table' AIRFLOW_CTX_EXECUTION_DATE='2023-01-01T21:00:00+00:00' AIRFLOW_CTX_TRY_NUMBER='1' AIRFLOW_CTX_DAG_RUN_ID='scheduled__2023-01-01T21:00:00+00:00'
[2025-07-24T15:49:40.366+0000] {python.py:201} INFO - Done. Returned value was: None
[2025-07-24T15:49:40.380+0000] {taskinstance.py:1138} INFO - Marking task as SUCCESS. dag_id=tune_stream_dag, task_id=Load_songplays_fact_table, execution_date=20230101T210000, start_date=20250724T154940, end_date=20250724T154940
[2025-07-24T15:49:40.421+0000] {local_task_job_runner.py:234} INFO - Task exited with return code 0
[2025-07-24T15:49:40.453+0000] {taskinstance.py:3280} INFO - 4 downstream tasks scheduled from follow-on schedule check
[2025-07-24T16:34:16.741+0000] {taskinstance.py:1956} INFO - Dependencies all met for dep_context=non-requeueable deps ti=<TaskInstance: tune_stream_dag.Load_songplays_fact_table scheduled__2023-01-01T21:00:00+00:00 [queued]>
[2025-07-24T16:34:16.754+0000] {taskinstance.py:1956} INFO - Dependencies all met for dep_context=requeueable deps ti=<TaskInstance: tune_stream_dag.Load_songplays_fact_table scheduled__2023-01-01T21:00:00+00:00 [queued]>
[2025-07-24T16:34:16.755+0000] {taskinstance.py:2170} INFO - Starting attempt 1 of 4
[2025-07-24T16:34:16.773+0000] {taskinstance.py:2191} INFO - Executing <Task(PythonOperator): Load_songplays_fact_table> on 2023-01-01 21:00:00+00:00
[2025-07-24T16:34:16.782+0000] {standard_task_runner.py:60} INFO - Started process 1209 to run task
[2025-07-24T16:34:16.787+0000] {standard_task_runner.py:87} INFO - Running: ['***', 'tasks', 'run', 'tune_stream_dag', 'Load_songplays_fact_table', 'scheduled__2023-01-01T21:00:00+00:00', '--job-id', '1613', '--raw', '--subdir', 'DAGS_FOLDER/etl_pipeline.py', '--cfg-path', '/tmp/tmpwlf9f5fz']
[2025-07-24T16:34:16.791+0000] {standard_task_runner.py:88} INFO - Job 1613: Subtask Load_songplays_fact_table
[2025-07-24T16:34:16.934+0000] {task_command.py:423} INFO - Running <TaskInstance: tune_stream_dag.Load_songplays_fact_table scheduled__2023-01-01T21:00:00+00:00 [running]> on host c53547d84df1
[2025-07-24T16:34:17.148+0000] {taskinstance.py:2480} INFO - Exporting env vars: AIRFLOW_CTX_DAG_OWNER='genz-legend' AIRFLOW_CTX_DAG_ID='tune_stream_dag' AIRFLOW_CTX_TASK_ID='Load_songplays_fact_table' AIRFLOW_CTX_EXECUTION_DATE='2023-01-01T21:00:00+00:00' AIRFLOW_CTX_TRY_NUMBER='1' AIRFLOW_CTX_DAG_RUN_ID='scheduled__2023-01-01T21:00:00+00:00'
[2025-07-24T16:34:37.253+0000] {python.py:201} INFO - Done. Returned value was: None
[2025-07-24T16:34:37.329+0000] {taskinstance.py:1138} INFO - Marking task as SUCCESS. dag_id=tune_stream_dag, task_id=Load_songplays_fact_table, execution_date=20230101T210000, start_date=20250724T163416, end_date=20250724T163437
[2025-07-24T16:34:37.432+0000] {local_task_job_runner.py:234} INFO - Task exited with return code 0
[2025-07-24T16:34:37.535+0000] {taskinstance.py:3280} INFO - 4 downstream tasks scheduled from follow-on schedule check
[2025-07-24T17:13:17.677+0000] {taskinstance.py:1956} INFO - Dependencies all met for dep_context=non-requeueable deps ti=<TaskInstance: tune_stream_dag.Load_songplays_fact_table scheduled__2023-01-01T21:00:00+00:00 [queued]>
[2025-07-24T17:13:17.707+0000] {taskinstance.py:1956} INFO - Dependencies all met for dep_context=requeueable deps ti=<TaskInstance: tune_stream_dag.Load_songplays_fact_table scheduled__2023-01-01T21:00:00+00:00 [queued]>
[2025-07-24T17:13:17.709+0000] {taskinstance.py:2170} INFO - Starting attempt 1 of 4
[2025-07-24T17:13:18.072+0000] {taskinstance.py:2191} INFO - Executing <Task(PythonOperator): Load_songplays_fact_table> on 2023-01-01 21:00:00+00:00
[2025-07-24T17:13:18.090+0000] {standard_task_runner.py:60} INFO - Started process 1196 to run task
[2025-07-24T17:13:18.096+0000] {standard_task_runner.py:87} INFO - Running: ['***', 'tasks', 'run', 'tune_stream_dag', 'Load_songplays_fact_table', 'scheduled__2023-01-01T21:00:00+00:00', '--job-id', '2010', '--raw', '--subdir', 'DAGS_FOLDER/etl_pipeline.py', '--cfg-path', '/tmp/tmpbzdlwrs9']
[2025-07-24T17:13:18.101+0000] {standard_task_runner.py:88} INFO - Job 2010: Subtask Load_songplays_fact_table
[2025-07-24T17:13:18.275+0000] {task_command.py:423} INFO - Running <TaskInstance: tune_stream_dag.Load_songplays_fact_table scheduled__2023-01-01T21:00:00+00:00 [running]> on host 5def55d2a1b5
[2025-07-24T17:13:18.525+0000] {taskinstance.py:2480} INFO - Exporting env vars: AIRFLOW_CTX_DAG_OWNER='genz-legend' AIRFLOW_CTX_DAG_ID='tune_stream_dag' AIRFLOW_CTX_TASK_ID='Load_songplays_fact_table' AIRFLOW_CTX_EXECUTION_DATE='2023-01-01T21:00:00+00:00' AIRFLOW_CTX_TRY_NUMBER='1' AIRFLOW_CTX_DAG_RUN_ID='scheduled__2023-01-01T21:00:00+00:00'
[2025-07-24T17:13:33.859+0000] {python.py:201} INFO - Done. Returned value was: None
[2025-07-24T17:13:33.874+0000] {taskinstance.py:1138} INFO - Marking task as SUCCESS. dag_id=tune_stream_dag, task_id=Load_songplays_fact_table, execution_date=20230101T210000, start_date=20250724T171317, end_date=20250724T171333
[2025-07-24T17:13:33.918+0000] {local_task_job_runner.py:234} INFO - Task exited with return code 0
[2025-07-24T17:13:33.955+0000] {taskinstance.py:3280} INFO - 4 downstream tasks scheduled from follow-on schedule check
