[2025-07-24T15:33:43.678+0000] {taskinstance.py:1956} INFO - Dependencies all met for dep_context=non-requeueable deps ti=<TaskInstance: tune_stream_dag.Load_song_dim_table scheduled__2023-01-01T14:00:00+00:00 [queued]>
[2025-07-24T15:33:43.700+0000] {taskinstance.py:1956} INFO - Dependencies all met for dep_context=requeueable deps ti=<TaskInstance: tune_stream_dag.Load_song_dim_table scheduled__2023-01-01T14:00:00+00:00 [queued]>
[2025-07-24T15:33:43.722+0000] {taskinstance.py:2170} INFO - Starting attempt 1 of 4
[2025-07-24T15:33:43.764+0000] {taskinstance.py:2191} INFO - Executing <Task(PythonOperator): Load_song_dim_table> on 2023-01-01 14:00:00+00:00
[2025-07-24T15:33:43.795+0000] {standard_task_runner.py:60} INFO - Started process 314 to run task
[2025-07-24T15:33:43.924+0000] {standard_task_runner.py:87} INFO - Running: ['***', 'tasks', 'run', 'tune_stream_dag', 'Load_song_dim_table', 'scheduled__2023-01-01T14:00:00+00:00', '--job-id', '1009', '--raw', '--subdir', 'DAGS_FOLDER/etl_pipeline.py', '--cfg-path', '/tmp/tmpvgw9do98']
[2025-07-24T15:33:43.940+0000] {standard_task_runner.py:88} INFO - Job 1009: Subtask Load_song_dim_table
[2025-07-24T15:33:44.407+0000] {task_command.py:423} INFO - Running <TaskInstance: tune_stream_dag.Load_song_dim_table scheduled__2023-01-01T14:00:00+00:00 [running]> on host c53547d84df1
[2025-07-24T15:33:44.833+0000] {taskinstance.py:2480} INFO - Exporting env vars: AIRFLOW_CTX_DAG_OWNER='genz-legend' AIRFLOW_CTX_DAG_ID='tune_stream_dag' AIRFLOW_CTX_TASK_ID='Load_song_dim_table' AIRFLOW_CTX_EXECUTION_DATE='2023-01-01T14:00:00+00:00' AIRFLOW_CTX_TRY_NUMBER='1' AIRFLOW_CTX_DAG_RUN_ID='scheduled__2023-01-01T14:00:00+00:00'
[2025-07-24T15:33:44.897+0000] {python.py:201} INFO - Done. Returned value was: None
[2025-07-24T15:33:44.928+0000] {taskinstance.py:1138} INFO - Marking task as SUCCESS. dag_id=tune_stream_dag, task_id=Load_song_dim_table, execution_date=20230101T140000, start_date=20250724T153343, end_date=20250724T153344
[2025-07-24T15:33:45.285+0000] {local_task_job_runner.py:234} INFO - Task exited with return code 0
[2025-07-24T15:33:45.387+0000] {taskinstance.py:3280} INFO - 0 downstream tasks scheduled from follow-on schedule check
[2025-07-24T16:18:15.075+0000] {taskinstance.py:1956} INFO - Dependencies all met for dep_context=non-requeueable deps ti=<TaskInstance: tune_stream_dag.Load_song_dim_table scheduled__2023-01-01T14:00:00+00:00 [queued]>
[2025-07-24T16:18:15.099+0000] {taskinstance.py:1956} INFO - Dependencies all met for dep_context=requeueable deps ti=<TaskInstance: tune_stream_dag.Load_song_dim_table scheduled__2023-01-01T14:00:00+00:00 [queued]>
[2025-07-24T16:18:15.101+0000] {taskinstance.py:2170} INFO - Starting attempt 1 of 4
[2025-07-24T16:18:15.125+0000] {taskinstance.py:2191} INFO - Executing <Task(PythonOperator): Load_song_dim_table> on 2023-01-01 14:00:00+00:00
[2025-07-24T16:18:15.137+0000] {standard_task_runner.py:60} INFO - Started process 528 to run task
[2025-07-24T16:18:15.146+0000] {standard_task_runner.py:87} INFO - Running: ['***', 'tasks', 'run', 'tune_stream_dag', 'Load_song_dim_table', 'scheduled__2023-01-01T14:00:00+00:00', '--job-id', '1465', '--raw', '--subdir', 'DAGS_FOLDER/etl_pipeline.py', '--cfg-path', '/tmp/tmpjbys2686']
[2025-07-24T16:18:15.151+0000] {standard_task_runner.py:88} INFO - Job 1465: Subtask Load_song_dim_table
[2025-07-24T16:18:15.294+0000] {task_command.py:423} INFO - Running <TaskInstance: tune_stream_dag.Load_song_dim_table scheduled__2023-01-01T14:00:00+00:00 [running]> on host c53547d84df1
[2025-07-24T16:18:15.410+0000] {taskinstance.py:2480} INFO - Exporting env vars: AIRFLOW_CTX_DAG_OWNER='genz-legend' AIRFLOW_CTX_DAG_ID='tune_stream_dag' AIRFLOW_CTX_TASK_ID='Load_song_dim_table' AIRFLOW_CTX_EXECUTION_DATE='2023-01-01T14:00:00+00:00' AIRFLOW_CTX_TRY_NUMBER='1' AIRFLOW_CTX_DAG_RUN_ID='scheduled__2023-01-01T14:00:00+00:00'
[2025-07-24T16:18:15.439+0000] {python.py:201} INFO - Done. Returned value was: None
[2025-07-24T16:18:15.455+0000] {taskinstance.py:1138} INFO - Marking task as SUCCESS. dag_id=tune_stream_dag, task_id=Load_song_dim_table, execution_date=20230101T140000, start_date=20250724T161815, end_date=20250724T161815
[2025-07-24T16:18:15.523+0000] {local_task_job_runner.py:234} INFO - Task exited with return code 0
[2025-07-24T16:18:15.560+0000] {taskinstance.py:3280} INFO - 0 downstream tasks scheduled from follow-on schedule check
[2025-07-24T16:57:20.879+0000] {taskinstance.py:1956} INFO - Dependencies all met for dep_context=non-requeueable deps ti=<TaskInstance: tune_stream_dag.Load_song_dim_table scheduled__2023-01-01T14:00:00+00:00 [queued]>
[2025-07-24T16:57:20.911+0000] {taskinstance.py:1956} INFO - Dependencies all met for dep_context=requeueable deps ti=<TaskInstance: tune_stream_dag.Load_song_dim_table scheduled__2023-01-01T14:00:00+00:00 [queued]>
[2025-07-24T16:57:20.913+0000] {taskinstance.py:2170} INFO - Starting attempt 1 of 4
[2025-07-24T16:57:20.984+0000] {taskinstance.py:2191} INFO - Executing <Task(PythonOperator): Load_song_dim_table> on 2023-01-01 14:00:00+00:00
[2025-07-24T16:57:21.012+0000] {standard_task_runner.py:60} INFO - Started process 493 to run task
[2025-07-24T16:57:21.017+0000] {standard_task_runner.py:87} INFO - Running: ['***', 'tasks', 'run', 'tune_stream_dag', 'Load_song_dim_table', 'scheduled__2023-01-01T14:00:00+00:00', '--job-id', '1854', '--raw', '--subdir', 'DAGS_FOLDER/etl_pipeline.py', '--cfg-path', '/tmp/tmp_z0pz8yf']
[2025-07-24T16:57:21.033+0000] {standard_task_runner.py:88} INFO - Job 1854: Subtask Load_song_dim_table
[2025-07-24T16:57:21.566+0000] {task_command.py:423} INFO - Running <TaskInstance: tune_stream_dag.Load_song_dim_table scheduled__2023-01-01T14:00:00+00:00 [running]> on host 5def55d2a1b5
[2025-07-24T16:57:22.060+0000] {taskinstance.py:2480} INFO - Exporting env vars: AIRFLOW_CTX_DAG_OWNER='genz-legend' AIRFLOW_CTX_DAG_ID='tune_stream_dag' AIRFLOW_CTX_TASK_ID='Load_song_dim_table' AIRFLOW_CTX_EXECUTION_DATE='2023-01-01T14:00:00+00:00' AIRFLOW_CTX_TRY_NUMBER='1' AIRFLOW_CTX_DAG_RUN_ID='scheduled__2023-01-01T14:00:00+00:00'
[2025-07-24T16:57:22.192+0000] {python.py:201} INFO - Done. Returned value was: None
[2025-07-24T16:57:22.219+0000] {taskinstance.py:1138} INFO - Marking task as SUCCESS. dag_id=tune_stream_dag, task_id=Load_song_dim_table, execution_date=20230101T140000, start_date=20250724T165720, end_date=20250724T165722
[2025-07-24T16:57:22.312+0000] {local_task_job_runner.py:234} INFO - Task exited with return code 0
[2025-07-24T16:57:22.363+0000] {taskinstance.py:3280} INFO - 0 downstream tasks scheduled from follow-on schedule check
