[2025-07-24T14:14:06.082+0000] {taskinstance.py:1956} INFO - Dependencies all met for dep_context=non-requeueable deps ti=<TaskInstance: tune_stream_dag.Stage_songs scheduled__2023-01-03T07:00:00+00:00 [queued]>
[2025-07-24T14:14:06.109+0000] {taskinstance.py:1956} INFO - Dependencies all met for dep_context=requeueable deps ti=<TaskInstance: tune_stream_dag.Stage_songs scheduled__2023-01-03T07:00:00+00:00 [queued]>
[2025-07-24T14:14:06.112+0000] {taskinstance.py:2170} INFO - Starting attempt 1 of 4
[2025-07-24T14:14:06.169+0000] {taskinstance.py:2191} INFO - Executing <Task(PythonOperator): Stage_songs> on 2023-01-03 07:00:00+00:00
[2025-07-24T14:14:06.214+0000] {standard_task_runner.py:60} INFO - Started process 355 to run task
[2025-07-24T14:14:06.233+0000] {standard_task_runner.py:87} INFO - Running: ['***', 'tasks', 'run', 'tune_stream_dag', 'Stage_songs', 'scheduled__2023-01-03T07:00:00+00:00', '--job-id', '475', '--raw', '--subdir', 'DAGS_FOLDER/etl_pipeline.py', '--cfg-path', '/tmp/tmpcw8kaaro']
[2025-07-24T14:14:06.244+0000] {standard_task_runner.py:88} INFO - Job 475: Subtask Stage_songs
[2025-07-24T14:14:06.461+0000] {task_command.py:423} INFO - Running <TaskInstance: tune_stream_dag.Stage_songs scheduled__2023-01-03T07:00:00+00:00 [running]> on host aea62fae55be
[2025-07-24T14:14:06.865+0000] {taskinstance.py:2480} INFO - Exporting env vars: AIRFLOW_CTX_DAG_OWNER='genz-legend' AIRFLOW_CTX_DAG_ID='tune_stream_dag' AIRFLOW_CTX_TASK_ID='Stage_songs' AIRFLOW_CTX_EXECUTION_DATE='2023-01-03T07:00:00+00:00' AIRFLOW_CTX_TRY_NUMBER='1' AIRFLOW_CTX_DAG_RUN_ID='scheduled__2023-01-03T07:00:00+00:00'
[2025-07-24T14:14:09.506+0000] {python.py:201} INFO - Done. Returned value was: None
[2025-07-24T14:14:09.550+0000] {taskinstance.py:1138} INFO - Marking task as SUCCESS. dag_id=tune_stream_dag, task_id=Stage_songs, execution_date=20230103T070000, start_date=20250724T141406, end_date=20250724T141409
[2025-07-24T14:14:10.013+0000] {local_task_job_runner.py:234} INFO - Task exited with return code 0
[2025-07-24T14:14:10.123+0000] {taskinstance.py:3280} INFO - 0 downstream tasks scheduled from follow-on schedule check
[2025-07-24T17:23:38.003+0000] {taskinstance.py:1956} INFO - Dependencies all met for dep_context=non-requeueable deps ti=<TaskInstance: tune_stream_dag.Stage_songs scheduled__2023-01-03T07:00:00+00:00 [queued]>
[2025-07-24T17:23:38.118+0000] {taskinstance.py:1956} INFO - Dependencies all met for dep_context=requeueable deps ti=<TaskInstance: tune_stream_dag.Stage_songs scheduled__2023-01-03T07:00:00+00:00 [queued]>
[2025-07-24T17:23:38.119+0000] {taskinstance.py:2170} INFO - Starting attempt 1 of 4
[2025-07-24T17:23:38.583+0000] {taskinstance.py:2191} INFO - Executing <Task(PythonOperator): Stage_songs> on 2023-01-03 07:00:00+00:00
[2025-07-24T17:23:38.829+0000] {standard_task_runner.py:60} INFO - Started process 2025 to run task
[2025-07-24T17:23:38.965+0000] {standard_task_runner.py:87} INFO - Running: ['***', 'tasks', 'run', 'tune_stream_dag', 'Stage_songs', 'scheduled__2023-01-03T07:00:00+00:00', '--job-id', '2241', '--raw', '--subdir', 'DAGS_FOLDER/etl_pipeline.py', '--cfg-path', '/tmp/tmp_4lpmsev']
[2025-07-24T17:23:39.254+0000] {standard_task_runner.py:88} INFO - Job 2241: Subtask Stage_songs
[2025-07-24T17:23:41.431+0000] {task_command.py:423} INFO - Running <TaskInstance: tune_stream_dag.Stage_songs scheduled__2023-01-03T07:00:00+00:00 [running]> on host 5def55d2a1b5
[2025-07-24T17:24:10.461+0000] {taskinstance.py:2480} INFO - Exporting env vars: AIRFLOW_CTX_DAG_OWNER='genz-legend' AIRFLOW_CTX_DAG_ID='tune_stream_dag' AIRFLOW_CTX_TASK_ID='Stage_songs' AIRFLOW_CTX_EXECUTION_DATE='2023-01-03T07:00:00+00:00' AIRFLOW_CTX_TRY_NUMBER='1' AIRFLOW_CTX_DAG_RUN_ID='scheduled__2023-01-03T07:00:00+00:00'
[2025-07-24T17:24:12.359+0000] {python.py:201} INFO - Done. Returned value was: None
[2025-07-24T17:24:12.388+0000] {taskinstance.py:1138} INFO - Marking task as SUCCESS. dag_id=tune_stream_dag, task_id=Stage_songs, execution_date=20230103T070000, start_date=20250724T172338, end_date=20250724T172412
[2025-07-24T17:24:12.700+0000] {local_task_job_runner.py:234} INFO - Task exited with return code 0
[2025-07-24T17:24:12.809+0000] {taskinstance.py:3280} INFO - 0 downstream tasks scheduled from follow-on schedule check
