[2025-07-24T13:53:13.425+0000] {taskinstance.py:1956} INFO - Dependencies all met for dep_context=non-requeueable deps ti=<TaskInstance: tune_stream_dag.Stage_songs scheduled__2023-01-02T11:00:00+00:00 [queued]>
[2025-07-24T13:53:13.446+0000] {taskinstance.py:1956} INFO - Dependencies all met for dep_context=requeueable deps ti=<TaskInstance: tune_stream_dag.Stage_songs scheduled__2023-01-02T11:00:00+00:00 [queued]>
[2025-07-24T13:53:13.448+0000] {taskinstance.py:2170} INFO - Starting attempt 1 of 4
[2025-07-24T13:53:13.524+0000] {taskinstance.py:2191} INFO - Executing <Task(PythonOperator): Stage_songs> on 2023-01-02 11:00:00+00:00
[2025-07-24T13:53:13.547+0000] {standard_task_runner.py:60} INFO - Started process 481 to run task
[2025-07-24T13:53:13.566+0000] {standard_task_runner.py:87} INFO - Running: ['***', 'tasks', 'run', 'tune_stream_dag', 'Stage_songs', 'scheduled__2023-01-02T11:00:00+00:00', '--job-id', '370', '--raw', '--subdir', 'DAGS_FOLDER/etl_pipeline.py', '--cfg-path', '/tmp/tmpiz85ds46']
[2025-07-24T13:53:13.587+0000] {standard_task_runner.py:88} INFO - Job 370: Subtask Stage_songs
[2025-07-24T13:53:13.822+0000] {task_command.py:423} INFO - Running <TaskInstance: tune_stream_dag.Stage_songs scheduled__2023-01-02T11:00:00+00:00 [running]> on host a4bcda7cb679
[2025-07-24T13:53:14.069+0000] {taskinstance.py:2480} INFO - Exporting env vars: AIRFLOW_CTX_DAG_OWNER='genz-legend' AIRFLOW_CTX_DAG_ID='tune_stream_dag' AIRFLOW_CTX_TASK_ID='Stage_songs' AIRFLOW_CTX_EXECUTION_DATE='2023-01-02T11:00:00+00:00' AIRFLOW_CTX_TRY_NUMBER='1' AIRFLOW_CTX_DAG_RUN_ID='scheduled__2023-01-02T11:00:00+00:00'
[2025-07-24T13:53:16.416+0000] {python.py:201} INFO - Done. Returned value was: None
[2025-07-24T13:53:16.607+0000] {taskinstance.py:1138} INFO - Marking task as SUCCESS. dag_id=tune_stream_dag, task_id=Stage_songs, execution_date=20230102T110000, start_date=20250724T135313, end_date=20250724T135316
[2025-07-24T13:53:16.762+0000] {local_task_job_runner.py:234} INFO - Task exited with return code 0
[2025-07-24T13:53:17.707+0000] {taskinstance.py:3280} INFO - 0 downstream tasks scheduled from follow-on schedule check
[2025-07-24T17:18:03.171+0000] {taskinstance.py:1956} INFO - Dependencies all met for dep_context=non-requeueable deps ti=<TaskInstance: tune_stream_dag.Stage_songs scheduled__2023-01-02T11:00:00+00:00 [queued]>
[2025-07-24T17:18:03.180+0000] {taskinstance.py:1956} INFO - Dependencies all met for dep_context=requeueable deps ti=<TaskInstance: tune_stream_dag.Stage_songs scheduled__2023-01-02T11:00:00+00:00 [queued]>
[2025-07-24T17:18:03.180+0000] {taskinstance.py:2170} INFO - Starting attempt 1 of 4
[2025-07-24T17:18:03.192+0000] {taskinstance.py:2191} INFO - Executing <Task(PythonOperator): Stage_songs> on 2023-01-02 11:00:00+00:00
[2025-07-24T17:18:03.199+0000] {standard_task_runner.py:60} INFO - Started process 1527 to run task
[2025-07-24T17:18:03.202+0000] {standard_task_runner.py:87} INFO - Running: ['***', 'tasks', 'run', 'tune_stream_dag', 'Stage_songs', 'scheduled__2023-01-02T11:00:00+00:00', '--job-id', '2098', '--raw', '--subdir', 'DAGS_FOLDER/etl_pipeline.py', '--cfg-path', '/tmp/tmpv6mpknf4']
[2025-07-24T17:18:03.205+0000] {standard_task_runner.py:88} INFO - Job 2098: Subtask Stage_songs
[2025-07-24T17:18:03.278+0000] {task_command.py:423} INFO - Running <TaskInstance: tune_stream_dag.Stage_songs scheduled__2023-01-02T11:00:00+00:00 [running]> on host 5def55d2a1b5
[2025-07-24T17:18:03.361+0000] {taskinstance.py:2480} INFO - Exporting env vars: AIRFLOW_CTX_DAG_OWNER='genz-legend' AIRFLOW_CTX_DAG_ID='tune_stream_dag' AIRFLOW_CTX_TASK_ID='Stage_songs' AIRFLOW_CTX_EXECUTION_DATE='2023-01-02T11:00:00+00:00' AIRFLOW_CTX_TRY_NUMBER='1' AIRFLOW_CTX_DAG_RUN_ID='scheduled__2023-01-02T11:00:00+00:00'
[2025-07-24T17:18:03.875+0000] {python.py:201} INFO - Done. Returned value was: None
[2025-07-24T17:18:03.884+0000] {taskinstance.py:1138} INFO - Marking task as SUCCESS. dag_id=tune_stream_dag, task_id=Stage_songs, execution_date=20230102T110000, start_date=20250724T171803, end_date=20250724T171803
[2025-07-24T17:18:03.936+0000] {local_task_job_runner.py:234} INFO - Task exited with return code 0
[2025-07-24T17:18:03.959+0000] {taskinstance.py:3280} INFO - 0 downstream tasks scheduled from follow-on schedule check
