[2025-07-24T16:17:58.565+0000] {taskinstance.py:1956} INFO - Dependencies all met for dep_context=non-requeueable deps ti=<TaskInstance: tune_stream_dag.Load_artist_dim_table scheduled__2023-01-01T05:00:00+00:00 [queued]>
[2025-07-24T16:17:58.596+0000] {taskinstance.py:1956} INFO - Dependencies all met for dep_context=requeueable deps ti=<TaskInstance: tune_stream_dag.Load_artist_dim_table scheduled__2023-01-01T05:00:00+00:00 [queued]>
[2025-07-24T16:17:58.597+0000] {taskinstance.py:2170} INFO - Starting attempt 1 of 4
[2025-07-24T16:17:58.834+0000] {taskinstance.py:2191} INFO - Executing <Task(PythonOperator): Load_artist_dim_table> on 2023-01-01 05:00:00+00:00
[2025-07-24T16:17:58.857+0000] {standard_task_runner.py:60} INFO - Started process 422 to run task
[2025-07-24T16:17:58.867+0000] {standard_task_runner.py:87} INFO - Running: ['***', 'tasks', 'run', 'tune_stream_dag', 'Load_artist_dim_table', 'scheduled__2023-01-01T05:00:00+00:00', '--job-id', '1425', '--raw', '--subdir', 'DAGS_FOLDER/etl_pipeline.py', '--cfg-path', '/tmp/tmpvfmkscoh']
[2025-07-24T16:17:58.876+0000] {standard_task_runner.py:88} INFO - Job 1425: Subtask Load_artist_dim_table
[2025-07-24T16:17:59.104+0000] {task_command.py:423} INFO - Running <TaskInstance: tune_stream_dag.Load_artist_dim_table scheduled__2023-01-01T05:00:00+00:00 [running]> on host c53547d84df1
[2025-07-24T16:17:59.398+0000] {taskinstance.py:2480} INFO - Exporting env vars: AIRFLOW_CTX_DAG_OWNER='genz-legend' AIRFLOW_CTX_DAG_ID='tune_stream_dag' AIRFLOW_CTX_TASK_ID='Load_artist_dim_table' AIRFLOW_CTX_EXECUTION_DATE='2023-01-01T05:00:00+00:00' AIRFLOW_CTX_TRY_NUMBER='1' AIRFLOW_CTX_DAG_RUN_ID='scheduled__2023-01-01T05:00:00+00:00'
[2025-07-24T16:17:59.659+0000] {python.py:201} INFO - Done. Returned value was: None
[2025-07-24T16:17:59.704+0000] {taskinstance.py:1138} INFO - Marking task as SUCCESS. dag_id=tune_stream_dag, task_id=Load_artist_dim_table, execution_date=20230101T050000, start_date=20250724T161758, end_date=20250724T161759
[2025-07-24T16:18:00.107+0000] {local_task_job_runner.py:234} INFO - Task exited with return code 0
[2025-07-24T16:18:00.179+0000] {taskinstance.py:3280} INFO - 0 downstream tasks scheduled from follow-on schedule check
[2025-07-24T16:57:05.361+0000] {taskinstance.py:1956} INFO - Dependencies all met for dep_context=non-requeueable deps ti=<TaskInstance: tune_stream_dag.Load_artist_dim_table scheduled__2023-01-01T05:00:00+00:00 [queued]>
[2025-07-24T16:57:05.473+0000] {taskinstance.py:1956} INFO - Dependencies all met for dep_context=requeueable deps ti=<TaskInstance: tune_stream_dag.Load_artist_dim_table scheduled__2023-01-01T05:00:00+00:00 [queued]>
[2025-07-24T16:57:05.614+0000] {taskinstance.py:2170} INFO - Starting attempt 1 of 4
[2025-07-24T16:57:05.980+0000] {taskinstance.py:2191} INFO - Executing <Task(PythonOperator): Load_artist_dim_table> on 2023-01-01 05:00:00+00:00
[2025-07-24T16:57:06.008+0000] {standard_task_runner.py:60} INFO - Started process 381 to run task
[2025-07-24T16:57:06.012+0000] {standard_task_runner.py:87} INFO - Running: ['***', 'tasks', 'run', 'tune_stream_dag', 'Load_artist_dim_table', 'scheduled__2023-01-01T05:00:00+00:00', '--job-id', '1814', '--raw', '--subdir', 'DAGS_FOLDER/etl_pipeline.py', '--cfg-path', '/tmp/tmpslrbh14i']
[2025-07-24T16:57:06.051+0000] {standard_task_runner.py:88} INFO - Job 1814: Subtask Load_artist_dim_table
[2025-07-24T16:57:06.327+0000] {task_command.py:423} INFO - Running <TaskInstance: tune_stream_dag.Load_artist_dim_table scheduled__2023-01-01T05:00:00+00:00 [running]> on host 5def55d2a1b5
[2025-07-24T16:57:06.592+0000] {taskinstance.py:2480} INFO - Exporting env vars: AIRFLOW_CTX_DAG_OWNER='genz-legend' AIRFLOW_CTX_DAG_ID='tune_stream_dag' AIRFLOW_CTX_TASK_ID='Load_artist_dim_table' AIRFLOW_CTX_EXECUTION_DATE='2023-01-01T05:00:00+00:00' AIRFLOW_CTX_TRY_NUMBER='1' AIRFLOW_CTX_DAG_RUN_ID='scheduled__2023-01-01T05:00:00+00:00'
[2025-07-24T16:57:06.712+0000] {python.py:201} INFO - Done. Returned value was: None
[2025-07-24T16:57:06.749+0000] {taskinstance.py:1138} INFO - Marking task as SUCCESS. dag_id=tune_stream_dag, task_id=Load_artist_dim_table, execution_date=20230101T050000, start_date=20250724T165705, end_date=20250724T165706
[2025-07-24T16:57:06.871+0000] {local_task_job_runner.py:234} INFO - Task exited with return code 0
[2025-07-24T16:57:06.997+0000] {taskinstance.py:3280} INFO - 0 downstream tasks scheduled from follow-on schedule check
