[2025-07-24T14:14:07.122+0000] {taskinstance.py:1956} INFO - Dependencies all met for dep_context=non-requeueable deps ti=<TaskInstance: tune_stream_dag.Stage_events scheduled__2023-01-03T06:00:00+00:00 [queued]>
[2025-07-24T14:14:07.149+0000] {taskinstance.py:1956} INFO - Dependencies all met for dep_context=requeueable deps ti=<TaskInstance: tune_stream_dag.Stage_events scheduled__2023-01-03T06:00:00+00:00 [queued]>
[2025-07-24T14:14:07.155+0000] {taskinstance.py:2170} INFO - Starting attempt 1 of 4
[2025-07-24T14:14:07.194+0000] {taskinstance.py:2191} INFO - Executing <Task(PythonOperator): Stage_events> on 2023-01-03 06:00:00+00:00
[2025-07-24T14:14:07.215+0000] {standard_task_runner.py:60} INFO - Started process 356 to run task
[2025-07-24T14:14:07.228+0000] {standard_task_runner.py:87} INFO - Running: ['***', 'tasks', 'run', 'tune_stream_dag', 'Stage_events', 'scheduled__2023-01-03T06:00:00+00:00', '--job-id', '476', '--raw', '--subdir', 'DAGS_FOLDER/etl_pipeline.py', '--cfg-path', '/tmp/tmpait426kd']
[2025-07-24T14:14:07.240+0000] {standard_task_runner.py:88} INFO - Job 476: Subtask Stage_events
[2025-07-24T14:14:07.470+0000] {task_command.py:423} INFO - Running <TaskInstance: tune_stream_dag.Stage_events scheduled__2023-01-03T06:00:00+00:00 [running]> on host aea62fae55be
[2025-07-24T14:14:07.810+0000] {taskinstance.py:2480} INFO - Exporting env vars: AIRFLOW_CTX_DAG_OWNER='genz-legend' AIRFLOW_CTX_DAG_ID='tune_stream_dag' AIRFLOW_CTX_TASK_ID='Stage_events' AIRFLOW_CTX_EXECUTION_DATE='2023-01-03T06:00:00+00:00' AIRFLOW_CTX_TRY_NUMBER='1' AIRFLOW_CTX_DAG_RUN_ID='scheduled__2023-01-03T06:00:00+00:00'
[2025-07-24T14:14:13.735+0000] {python.py:201} INFO - Done. Returned value was: None
[2025-07-24T14:14:13.766+0000] {taskinstance.py:1138} INFO - Marking task as SUCCESS. dag_id=tune_stream_dag, task_id=Stage_events, execution_date=20230103T060000, start_date=20250724T141407, end_date=20250724T141413
[2025-07-24T14:14:14.292+0000] {local_task_job_runner.py:234} INFO - Task exited with return code 0
[2025-07-24T14:14:14.371+0000] {taskinstance.py:3280} INFO - 1 downstream tasks scheduled from follow-on schedule check
[2025-07-24T17:24:12.597+0000] {taskinstance.py:1956} INFO - Dependencies all met for dep_context=non-requeueable deps ti=<TaskInstance: tune_stream_dag.Stage_events scheduled__2023-01-03T06:00:00+00:00 [queued]>
[2025-07-24T17:24:12.608+0000] {taskinstance.py:1956} INFO - Dependencies all met for dep_context=requeueable deps ti=<TaskInstance: tune_stream_dag.Stage_events scheduled__2023-01-03T06:00:00+00:00 [queued]>
[2025-07-24T17:24:12.608+0000] {taskinstance.py:2170} INFO - Starting attempt 1 of 4
[2025-07-24T17:24:12.634+0000] {taskinstance.py:2191} INFO - Executing <Task(PythonOperator): Stage_events> on 2023-01-03 06:00:00+00:00
[2025-07-24T17:24:12.674+0000] {standard_task_runner.py:60} INFO - Started process 2034 to run task
[2025-07-24T17:24:12.681+0000] {standard_task_runner.py:87} INFO - Running: ['***', 'tasks', 'run', 'tune_stream_dag', 'Stage_events', 'scheduled__2023-01-03T06:00:00+00:00', '--job-id', '2244', '--raw', '--subdir', 'DAGS_FOLDER/etl_pipeline.py', '--cfg-path', '/tmp/tmpimu_xlpe']
[2025-07-24T17:24:12.761+0000] {standard_task_runner.py:88} INFO - Job 2244: Subtask Stage_events
[2025-07-24T17:24:12.927+0000] {task_command.py:423} INFO - Running <TaskInstance: tune_stream_dag.Stage_events scheduled__2023-01-03T06:00:00+00:00 [running]> on host 5def55d2a1b5
[2025-07-24T17:24:13.080+0000] {taskinstance.py:2480} INFO - Exporting env vars: AIRFLOW_CTX_DAG_OWNER='genz-legend' AIRFLOW_CTX_DAG_ID='tune_stream_dag' AIRFLOW_CTX_TASK_ID='Stage_events' AIRFLOW_CTX_EXECUTION_DATE='2023-01-03T06:00:00+00:00' AIRFLOW_CTX_TRY_NUMBER='1' AIRFLOW_CTX_DAG_RUN_ID='scheduled__2023-01-03T06:00:00+00:00'
[2025-07-24T17:25:15.081+0000] {python.py:201} INFO - Done. Returned value was: None
[2025-07-24T17:25:15.314+0000] {taskinstance.py:1138} INFO - Marking task as SUCCESS. dag_id=tune_stream_dag, task_id=Stage_events, execution_date=20230103T060000, start_date=20250724T172412, end_date=20250724T172515
[2025-07-24T17:25:15.736+0000] {local_task_job_runner.py:234} INFO - Task exited with return code 0
[2025-07-24T17:25:16.242+0000] {taskinstance.py:3280} INFO - 0 downstream tasks scheduled from follow-on schedule check
