[2025-07-24T15:05:35.876+0000] {taskinstance.py:1956} INFO - Dependencies all met for dep_context=non-requeueable deps ti=<TaskInstance: tune_stream_dag.Stage_events scheduled__2023-01-04T19:00:00+00:00 [queued]>
[2025-07-24T15:05:35.883+0000] {taskinstance.py:1956} INFO - Dependencies all met for dep_context=requeueable deps ti=<TaskInstance: tune_stream_dag.Stage_events scheduled__2023-01-04T19:00:00+00:00 [queued]>
[2025-07-24T15:05:35.884+0000] {taskinstance.py:2170} INFO - Starting attempt 1 of 4
[2025-07-24T15:05:35.984+0000] {taskinstance.py:2191} INFO - Executing <Task(PythonOperator): Stage_events> on 2023-01-04 19:00:00+00:00
[2025-07-24T15:05:36.000+0000] {standard_task_runner.py:60} INFO - Started process 280 to run task
[2025-07-24T15:05:36.004+0000] {standard_task_runner.py:87} INFO - Running: ['***', 'tasks', 'run', 'tune_stream_dag', 'Stage_events', 'scheduled__2023-01-04T19:00:00+00:00', '--job-id', '777', '--raw', '--subdir', 'DAGS_FOLDER/etl_pipeline.py', '--cfg-path', '/tmp/tmpz086k9v4']
[2025-07-24T15:05:36.008+0000] {standard_task_runner.py:88} INFO - Job 777: Subtask Stage_events
[2025-07-24T15:05:36.174+0000] {task_command.py:423} INFO - Running <TaskInstance: tune_stream_dag.Stage_events scheduled__2023-01-04T19:00:00+00:00 [running]> on host c53547d84df1
[2025-07-24T15:05:36.381+0000] {taskinstance.py:2480} INFO - Exporting env vars: AIRFLOW_CTX_DAG_OWNER='genz-legend' AIRFLOW_CTX_DAG_ID='tune_stream_dag' AIRFLOW_CTX_TASK_ID='Stage_events' AIRFLOW_CTX_EXECUTION_DATE='2023-01-04T19:00:00+00:00' AIRFLOW_CTX_TRY_NUMBER='1' AIRFLOW_CTX_DAG_RUN_ID='scheduled__2023-01-04T19:00:00+00:00'
[2025-07-24T15:05:59.972+0000] {python.py:201} INFO - Done. Returned value was: None
[2025-07-24T15:05:59.990+0000] {taskinstance.py:1138} INFO - Marking task as SUCCESS. dag_id=tune_stream_dag, task_id=Stage_events, execution_date=20230104T190000, start_date=20250724T150535, end_date=20250724T150559
[2025-07-24T15:06:00.037+0000] {local_task_job_runner.py:234} INFO - Task exited with return code 0
[2025-07-24T15:06:00.070+0000] {taskinstance.py:3280} INFO - 1 downstream tasks scheduled from follow-on schedule check
[2025-07-24T17:31:39.548+0000] {taskinstance.py:1956} INFO - Dependencies all met for dep_context=non-requeueable deps ti=<TaskInstance: tune_stream_dag.Stage_events scheduled__2023-01-04T19:00:00+00:00 [queued]>
[2025-07-24T17:31:39.627+0000] {taskinstance.py:1956} INFO - Dependencies all met for dep_context=requeueable deps ti=<TaskInstance: tune_stream_dag.Stage_events scheduled__2023-01-04T19:00:00+00:00 [queued]>
[2025-07-24T17:31:39.628+0000] {taskinstance.py:2170} INFO - Starting attempt 1 of 4
[2025-07-24T17:31:40.471+0000] {taskinstance.py:2191} INFO - Executing <Task(PythonOperator): Stage_events> on 2023-01-04 19:00:00+00:00
[2025-07-24T17:31:40.486+0000] {standard_task_runner.py:60} INFO - Started process 3193 to run task
[2025-07-24T17:31:40.494+0000] {standard_task_runner.py:87} INFO - Running: ['***', 'tasks', 'run', 'tune_stream_dag', 'Stage_events', 'scheduled__2023-01-04T19:00:00+00:00', '--job-id', '2597', '--raw', '--subdir', 'DAGS_FOLDER/etl_pipeline.py', '--cfg-path', '/tmp/tmpydfd1_nt']
[2025-07-24T17:31:40.508+0000] {standard_task_runner.py:88} INFO - Job 2597: Subtask Stage_events
[2025-07-24T17:31:41.626+0000] {task_command.py:423} INFO - Running <TaskInstance: tune_stream_dag.Stage_events scheduled__2023-01-04T19:00:00+00:00 [running]> on host 5def55d2a1b5
[2025-07-24T17:31:42.439+0000] {taskinstance.py:2480} INFO - Exporting env vars: AIRFLOW_CTX_DAG_OWNER='genz-legend' AIRFLOW_CTX_DAG_ID='tune_stream_dag' AIRFLOW_CTX_TASK_ID='Stage_events' AIRFLOW_CTX_EXECUTION_DATE='2023-01-04T19:00:00+00:00' AIRFLOW_CTX_TRY_NUMBER='1' AIRFLOW_CTX_DAG_RUN_ID='scheduled__2023-01-04T19:00:00+00:00'
[2025-07-24T17:32:00.871+0000] {python.py:201} INFO - Done. Returned value was: None
[2025-07-24T17:32:00.938+0000] {taskinstance.py:1138} INFO - Marking task as SUCCESS. dag_id=tune_stream_dag, task_id=Stage_events, execution_date=20230104T190000, start_date=20250724T173139, end_date=20250724T173200
[2025-07-24T17:32:01.100+0000] {local_task_job_runner.py:234} INFO - Task exited with return code 0
[2025-07-24T17:32:01.188+0000] {taskinstance.py:3280} INFO - 1 downstream tasks scheduled from follow-on schedule check
