[2025-07-24T15:43:58.592+0000] {taskinstance.py:1956} INFO - Dependencies all met for dep_context=non-requeueable deps ti=<TaskInstance: tune_stream_dag.Load_artist_dim_table scheduled__2023-01-01T08:00:00+00:00 [queued]>
[2025-07-24T15:43:58.640+0000] {taskinstance.py:1956} INFO - Dependencies all met for dep_context=requeueable deps ti=<TaskInstance: tune_stream_dag.Load_artist_dim_table scheduled__2023-01-01T08:00:00+00:00 [queued]>
[2025-07-24T15:43:58.647+0000] {taskinstance.py:2170} INFO - Starting attempt 1 of 4
[2025-07-24T15:43:58.716+0000] {taskinstance.py:2191} INFO - Executing <Task(PythonOperator): Load_artist_dim_table> on 2023-01-01 08:00:00+00:00
[2025-07-24T15:43:58.744+0000] {standard_task_runner.py:60} INFO - Started process 678 to run task
[2025-07-24T15:43:58.793+0000] {standard_task_runner.py:87} INFO - Running: ['***', 'tasks', 'run', 'tune_stream_dag', 'Load_artist_dim_table', 'scheduled__2023-01-01T08:00:00+00:00', '--job-id', '1080', '--raw', '--subdir', 'DAGS_FOLDER/etl_pipeline.py', '--cfg-path', '/tmp/tmp2zymlv7_']
[2025-07-24T15:43:58.804+0000] {standard_task_runner.py:88} INFO - Job 1080: Subtask Load_artist_dim_table
[2025-07-24T15:43:59.973+0000] {task_command.py:423} INFO - Running <TaskInstance: tune_stream_dag.Load_artist_dim_table scheduled__2023-01-01T08:00:00+00:00 [running]> on host c53547d84df1
[2025-07-24T15:44:00.293+0000] {taskinstance.py:2480} INFO - Exporting env vars: AIRFLOW_CTX_DAG_OWNER='genz-legend' AIRFLOW_CTX_DAG_ID='tune_stream_dag' AIRFLOW_CTX_TASK_ID='Load_artist_dim_table' AIRFLOW_CTX_EXECUTION_DATE='2023-01-01T08:00:00+00:00' AIRFLOW_CTX_TRY_NUMBER='1' AIRFLOW_CTX_DAG_RUN_ID='scheduled__2023-01-01T08:00:00+00:00'
[2025-07-24T15:44:00.391+0000] {python.py:201} INFO - Done. Returned value was: None
[2025-07-24T15:44:00.437+0000] {taskinstance.py:1138} INFO - Marking task as SUCCESS. dag_id=tune_stream_dag, task_id=Load_artist_dim_table, execution_date=20230101T080000, start_date=20250724T154358, end_date=20250724T154400
[2025-07-24T15:44:00.612+0000] {local_task_job_runner.py:234} INFO - Task exited with return code 0
[2025-07-24T15:44:00.826+0000] {taskinstance.py:3280} INFO - 0 downstream tasks scheduled from follow-on schedule check
[2025-07-24T16:18:02.018+0000] {taskinstance.py:1956} INFO - Dependencies all met for dep_context=non-requeueable deps ti=<TaskInstance: tune_stream_dag.Load_artist_dim_table scheduled__2023-01-01T08:00:00+00:00 [queued]>
[2025-07-24T16:18:02.045+0000] {taskinstance.py:1956} INFO - Dependencies all met for dep_context=requeueable deps ti=<TaskInstance: tune_stream_dag.Load_artist_dim_table scheduled__2023-01-01T08:00:00+00:00 [queued]>
[2025-07-24T16:18:02.046+0000] {taskinstance.py:2170} INFO - Starting attempt 1 of 4
[2025-07-24T16:18:02.076+0000] {taskinstance.py:2191} INFO - Executing <Task(PythonOperator): Load_artist_dim_table> on 2023-01-01 08:00:00+00:00
[2025-07-24T16:18:02.091+0000] {standard_task_runner.py:60} INFO - Started process 445 to run task
[2025-07-24T16:18:02.101+0000] {standard_task_runner.py:87} INFO - Running: ['***', 'tasks', 'run', 'tune_stream_dag', 'Load_artist_dim_table', 'scheduled__2023-01-01T08:00:00+00:00', '--job-id', '1438', '--raw', '--subdir', 'DAGS_FOLDER/etl_pipeline.py', '--cfg-path', '/tmp/tmpwbqlx8jh']
[2025-07-24T16:18:02.106+0000] {standard_task_runner.py:88} INFO - Job 1438: Subtask Load_artist_dim_table
[2025-07-24T16:18:02.253+0000] {task_command.py:423} INFO - Running <TaskInstance: tune_stream_dag.Load_artist_dim_table scheduled__2023-01-01T08:00:00+00:00 [running]> on host c53547d84df1
[2025-07-24T16:18:02.483+0000] {taskinstance.py:2480} INFO - Exporting env vars: AIRFLOW_CTX_DAG_OWNER='genz-legend' AIRFLOW_CTX_DAG_ID='tune_stream_dag' AIRFLOW_CTX_TASK_ID='Load_artist_dim_table' AIRFLOW_CTX_EXECUTION_DATE='2023-01-01T08:00:00+00:00' AIRFLOW_CTX_TRY_NUMBER='1' AIRFLOW_CTX_DAG_RUN_ID='scheduled__2023-01-01T08:00:00+00:00'
[2025-07-24T16:18:02.578+0000] {python.py:201} INFO - Done. Returned value was: None
[2025-07-24T16:18:02.618+0000] {taskinstance.py:1138} INFO - Marking task as SUCCESS. dag_id=tune_stream_dag, task_id=Load_artist_dim_table, execution_date=20230101T080000, start_date=20250724T161802, end_date=20250724T161802
[2025-07-24T16:18:02.797+0000] {local_task_job_runner.py:234} INFO - Task exited with return code 0
[2025-07-24T16:18:02.858+0000] {taskinstance.py:3280} INFO - 0 downstream tasks scheduled from follow-on schedule check
[2025-07-24T16:57:12.383+0000] {taskinstance.py:1956} INFO - Dependencies all met for dep_context=non-requeueable deps ti=<TaskInstance: tune_stream_dag.Load_artist_dim_table scheduled__2023-01-01T08:00:00+00:00 [queued]>
[2025-07-24T16:57:12.421+0000] {taskinstance.py:1956} INFO - Dependencies all met for dep_context=requeueable deps ti=<TaskInstance: tune_stream_dag.Load_artist_dim_table scheduled__2023-01-01T08:00:00+00:00 [queued]>
[2025-07-24T16:57:12.456+0000] {taskinstance.py:2170} INFO - Starting attempt 1 of 4
[2025-07-24T16:57:12.916+0000] {taskinstance.py:2191} INFO - Executing <Task(PythonOperator): Load_artist_dim_table> on 2023-01-01 08:00:00+00:00
[2025-07-24T16:57:12.933+0000] {standard_task_runner.py:60} INFO - Started process 427 to run task
[2025-07-24T16:57:12.942+0000] {standard_task_runner.py:87} INFO - Running: ['***', 'tasks', 'run', 'tune_stream_dag', 'Load_artist_dim_table', 'scheduled__2023-01-01T08:00:00+00:00', '--job-id', '1830', '--raw', '--subdir', 'DAGS_FOLDER/etl_pipeline.py', '--cfg-path', '/tmp/tmp8xb1or00']
[2025-07-24T16:57:12.949+0000] {standard_task_runner.py:88} INFO - Job 1830: Subtask Load_artist_dim_table
[2025-07-24T16:57:13.163+0000] {task_command.py:423} INFO - Running <TaskInstance: tune_stream_dag.Load_artist_dim_table scheduled__2023-01-01T08:00:00+00:00 [running]> on host 5def55d2a1b5
[2025-07-24T16:57:13.363+0000] {taskinstance.py:2480} INFO - Exporting env vars: AIRFLOW_CTX_DAG_OWNER='genz-legend' AIRFLOW_CTX_DAG_ID='tune_stream_dag' AIRFLOW_CTX_TASK_ID='Load_artist_dim_table' AIRFLOW_CTX_EXECUTION_DATE='2023-01-01T08:00:00+00:00' AIRFLOW_CTX_TRY_NUMBER='1' AIRFLOW_CTX_DAG_RUN_ID='scheduled__2023-01-01T08:00:00+00:00'
[2025-07-24T16:57:13.449+0000] {python.py:201} INFO - Done. Returned value was: None
[2025-07-24T16:57:13.471+0000] {taskinstance.py:1138} INFO - Marking task as SUCCESS. dag_id=tune_stream_dag, task_id=Load_artist_dim_table, execution_date=20230101T080000, start_date=20250724T165712, end_date=20250724T165713
[2025-07-24T16:57:13.697+0000] {local_task_job_runner.py:234} INFO - Task exited with return code 0
[2025-07-24T16:57:13.755+0000] {taskinstance.py:3280} INFO - 0 downstream tasks scheduled from follow-on schedule check
