[2025-07-24T15:22:45.525+0000] {taskinstance.py:1956} INFO - Dependencies all met for dep_context=non-requeueable deps ti=<TaskInstance: tune_stream_dag.Load_artist_dim_table scheduled__2023-01-05T08:00:00+00:00 [queued]>
[2025-07-24T15:22:45.536+0000] {taskinstance.py:1956} INFO - Dependencies all met for dep_context=requeueable deps ti=<TaskInstance: tune_stream_dag.Load_artist_dim_table scheduled__2023-01-05T08:00:00+00:00 [queued]>
[2025-07-24T15:22:45.537+0000] {taskinstance.py:2170} INFO - Starting attempt 1 of 4
[2025-07-24T15:22:45.757+0000] {taskinstance.py:2191} INFO - Executing <Task(PythonOperator): Load_artist_dim_table> on 2023-01-05 08:00:00+00:00
[2025-07-24T15:22:45.770+0000] {standard_task_runner.py:60} INFO - Started process 849 to run task
[2025-07-24T15:22:45.777+0000] {standard_task_runner.py:87} INFO - Running: ['***', 'tasks', 'run', 'tune_stream_dag', 'Load_artist_dim_table', 'scheduled__2023-01-05T08:00:00+00:00', '--job-id', '883', '--raw', '--subdir', 'DAGS_FOLDER/etl_pipeline.py', '--cfg-path', '/tmp/tmpetxvvanh']
[2025-07-24T15:22:46.104+0000] {standard_task_runner.py:88} INFO - Job 883: Subtask Load_artist_dim_table
[2025-07-24T15:22:46.876+0000] {task_command.py:423} INFO - Running <TaskInstance: tune_stream_dag.Load_artist_dim_table scheduled__2023-01-05T08:00:00+00:00 [running]> on host c53547d84df1
[2025-07-24T15:22:48.584+0000] {taskinstance.py:2480} INFO - Exporting env vars: AIRFLOW_CTX_DAG_OWNER='genz-legend' AIRFLOW_CTX_DAG_ID='tune_stream_dag' AIRFLOW_CTX_TASK_ID='Load_artist_dim_table' AIRFLOW_CTX_EXECUTION_DATE='2023-01-05T08:00:00+00:00' AIRFLOW_CTX_TRY_NUMBER='1' AIRFLOW_CTX_DAG_RUN_ID='scheduled__2023-01-05T08:00:00+00:00'
[2025-07-24T15:22:48.755+0000] {python.py:201} INFO - Done. Returned value was: None
[2025-07-24T15:22:48.804+0000] {taskinstance.py:1138} INFO - Marking task as SUCCESS. dag_id=tune_stream_dag, task_id=Load_artist_dim_table, execution_date=20230105T080000, start_date=20250724T152245, end_date=20250724T152248
[2025-07-24T15:22:48.992+0000] {local_task_job_runner.py:234} INFO - Task exited with return code 0
[2025-07-24T15:22:49.021+0000] {taskinstance.py:3280} INFO - 0 downstream tasks scheduled from follow-on schedule check
[2025-07-24T17:33:39.497+0000] {taskinstance.py:1956} INFO - Dependencies all met for dep_context=non-requeueable deps ti=<TaskInstance: tune_stream_dag.Load_artist_dim_table scheduled__2023-01-05T08:00:00+00:00 [queued]>
[2025-07-24T17:33:39.515+0000] {taskinstance.py:1956} INFO - Dependencies all met for dep_context=requeueable deps ti=<TaskInstance: tune_stream_dag.Load_artist_dim_table scheduled__2023-01-05T08:00:00+00:00 [queued]>
[2025-07-24T17:33:39.516+0000] {taskinstance.py:2170} INFO - Starting attempt 1 of 4
[2025-07-24T17:33:39.600+0000] {taskinstance.py:2191} INFO - Executing <Task(PythonOperator): Load_artist_dim_table> on 2023-01-05 08:00:00+00:00
[2025-07-24T17:33:39.643+0000] {standard_task_runner.py:60} INFO - Started process 3528 to run task
[2025-07-24T17:33:39.660+0000] {standard_task_runner.py:87} INFO - Running: ['***', 'tasks', 'run', 'tune_stream_dag', 'Load_artist_dim_table', 'scheduled__2023-01-05T08:00:00+00:00', '--job-id', '2699', '--raw', '--subdir', 'DAGS_FOLDER/etl_pipeline.py', '--cfg-path', '/tmp/tmpuyazye7b']
[2025-07-24T17:33:39.669+0000] {standard_task_runner.py:88} INFO - Job 2699: Subtask Load_artist_dim_table
[2025-07-24T17:33:39.995+0000] {task_command.py:423} INFO - Running <TaskInstance: tune_stream_dag.Load_artist_dim_table scheduled__2023-01-05T08:00:00+00:00 [running]> on host 5def55d2a1b5
[2025-07-24T17:33:40.470+0000] {taskinstance.py:2480} INFO - Exporting env vars: AIRFLOW_CTX_DAG_OWNER='genz-legend' AIRFLOW_CTX_DAG_ID='tune_stream_dag' AIRFLOW_CTX_TASK_ID='Load_artist_dim_table' AIRFLOW_CTX_EXECUTION_DATE='2023-01-05T08:00:00+00:00' AIRFLOW_CTX_TRY_NUMBER='1' AIRFLOW_CTX_DAG_RUN_ID='scheduled__2023-01-05T08:00:00+00:00'
[2025-07-24T17:33:40.682+0000] {python.py:201} INFO - Done. Returned value was: None
[2025-07-24T17:33:40.789+0000] {taskinstance.py:1138} INFO - Marking task as SUCCESS. dag_id=tune_stream_dag, task_id=Load_artist_dim_table, execution_date=20230105T080000, start_date=20250724T173339, end_date=20250724T173340
[2025-07-24T17:33:41.100+0000] {local_task_job_runner.py:234} INFO - Task exited with return code 0
[2025-07-24T17:33:41.366+0000] {taskinstance.py:3280} INFO - 0 downstream tasks scheduled from follow-on schedule check
