[2025-07-24T15:20:28.783+0000] {taskinstance.py:1956} INFO - Dependencies all met for dep_context=non-requeueable deps ti=<TaskInstance: tune_stream_dag.Stage_events scheduled__2023-01-05T02:00:00+00:00 [queued]>
[2025-07-24T15:20:28.853+0000] {taskinstance.py:1956} INFO - Dependencies all met for dep_context=requeueable deps ti=<TaskInstance: tune_stream_dag.Stage_events scheduled__2023-01-05T02:00:00+00:00 [queued]>
[2025-07-24T15:20:28.861+0000] {taskinstance.py:2170} INFO - Starting attempt 1 of 4
[2025-07-24T15:20:28.918+0000] {taskinstance.py:2191} INFO - Executing <Task(PythonOperator): Stage_events> on 2023-01-05 02:00:00+00:00
[2025-07-24T15:20:29.238+0000] {standard_task_runner.py:60} INFO - Started process 702 to run task
[2025-07-24T15:20:29.306+0000] {standard_task_runner.py:87} INFO - Running: ['***', 'tasks', 'run', 'tune_stream_dag', 'Stage_events', 'scheduled__2023-01-05T02:00:00+00:00', '--job-id', '838', '--raw', '--subdir', 'DAGS_FOLDER/etl_pipeline.py', '--cfg-path', '/tmp/tmpx3hzxqwa']
[2025-07-24T15:20:29.347+0000] {standard_task_runner.py:88} INFO - Job 838: Subtask Stage_events
[2025-07-24T15:20:30.787+0000] {task_command.py:423} INFO - Running <TaskInstance: tune_stream_dag.Stage_events scheduled__2023-01-05T02:00:00+00:00 [running]> on host c53547d84df1
[2025-07-24T15:20:32.245+0000] {taskinstance.py:2480} INFO - Exporting env vars: AIRFLOW_CTX_DAG_OWNER='genz-legend' AIRFLOW_CTX_DAG_ID='tune_stream_dag' AIRFLOW_CTX_TASK_ID='Stage_events' AIRFLOW_CTX_EXECUTION_DATE='2023-01-05T02:00:00+00:00' AIRFLOW_CTX_TRY_NUMBER='1' AIRFLOW_CTX_DAG_RUN_ID='scheduled__2023-01-05T02:00:00+00:00'
[2025-07-24T15:20:48.353+0000] {python.py:201} INFO - Done. Returned value was: None
[2025-07-24T15:20:48.591+0000] {taskinstance.py:1138} INFO - Marking task as SUCCESS. dag_id=tune_stream_dag, task_id=Stage_events, execution_date=20230105T020000, start_date=20250724T152028, end_date=20250724T152048
[2025-07-24T15:20:48.847+0000] {local_task_job_runner.py:234} INFO - Task exited with return code 0
[2025-07-24T15:20:49.042+0000] {taskinstance.py:3280} INFO - 0 downstream tasks scheduled from follow-on schedule check
[2025-07-24T17:31:58.006+0000] {taskinstance.py:1956} INFO - Dependencies all met for dep_context=non-requeueable deps ti=<TaskInstance: tune_stream_dag.Stage_events scheduled__2023-01-05T02:00:00+00:00 [queued]>
[2025-07-24T17:31:58.023+0000] {taskinstance.py:1956} INFO - Dependencies all met for dep_context=requeueable deps ti=<TaskInstance: tune_stream_dag.Stage_events scheduled__2023-01-05T02:00:00+00:00 [queued]>
[2025-07-24T17:31:58.026+0000] {taskinstance.py:2170} INFO - Starting attempt 1 of 4
[2025-07-24T17:31:58.051+0000] {taskinstance.py:2191} INFO - Executing <Task(PythonOperator): Stage_events> on 2023-01-05 02:00:00+00:00
[2025-07-24T17:31:58.063+0000] {standard_task_runner.py:60} INFO - Started process 3234 to run task
[2025-07-24T17:31:58.071+0000] {standard_task_runner.py:87} INFO - Running: ['***', 'tasks', 'run', 'tune_stream_dag', 'Stage_events', 'scheduled__2023-01-05T02:00:00+00:00', '--job-id', '2611', '--raw', '--subdir', 'DAGS_FOLDER/etl_pipeline.py', '--cfg-path', '/tmp/tmp4226sc73']
[2025-07-24T17:31:58.076+0000] {standard_task_runner.py:88} INFO - Job 2611: Subtask Stage_events
[2025-07-24T17:31:58.181+0000] {task_command.py:423} INFO - Running <TaskInstance: tune_stream_dag.Stage_events scheduled__2023-01-05T02:00:00+00:00 [running]> on host 5def55d2a1b5
[2025-07-24T17:31:58.352+0000] {taskinstance.py:2480} INFO - Exporting env vars: AIRFLOW_CTX_DAG_OWNER='genz-legend' AIRFLOW_CTX_DAG_ID='tune_stream_dag' AIRFLOW_CTX_TASK_ID='Stage_events' AIRFLOW_CTX_EXECUTION_DATE='2023-01-05T02:00:00+00:00' AIRFLOW_CTX_TRY_NUMBER='1' AIRFLOW_CTX_DAG_RUN_ID='scheduled__2023-01-05T02:00:00+00:00'
[2025-07-24T17:32:24.182+0000] {python.py:201} INFO - Done. Returned value was: None
[2025-07-24T17:32:24.207+0000] {taskinstance.py:1138} INFO - Marking task as SUCCESS. dag_id=tune_stream_dag, task_id=Stage_events, execution_date=20230105T020000, start_date=20250724T173158, end_date=20250724T173224
[2025-07-24T17:32:24.245+0000] {local_task_job_runner.py:234} INFO - Task exited with return code 0
[2025-07-24T17:32:24.281+0000] {taskinstance.py:3280} INFO - 1 downstream tasks scheduled from follow-on schedule check
