[2025-07-22T10:19:16.295+0000] {taskinstance.py:1956} INFO - Dependencies all met for dep_context=non-requeueable deps ti=<TaskInstance: tune_stream_dag.Stage_songs scheduled__2023-01-01T19:00:00+00:00 [queued]>
[2025-07-22T10:19:16.314+0000] {taskinstance.py:1956} INFO - Dependencies all met for dep_context=requeueable deps ti=<TaskInstance: tune_stream_dag.Stage_songs scheduled__2023-01-01T19:00:00+00:00 [queued]>
[2025-07-22T10:19:16.315+0000] {taskinstance.py:2170} INFO - Starting attempt 1 of 4
[2025-07-22T10:19:16.339+0000] {taskinstance.py:2191} INFO - Executing <Task(PythonOperator): Stage_songs> on 2023-01-01 19:00:00+00:00
[2025-07-22T10:19:16.353+0000] {standard_task_runner.py:60} INFO - Started process 732 to run task
[2025-07-22T10:19:16.361+0000] {standard_task_runner.py:87} INFO - Running: ['***', 'tasks', 'run', 'tune_stream_dag', 'Stage_songs', 'scheduled__2023-01-01T19:00:00+00:00', '--job-id', '190', '--raw', '--subdir', 'DAGS_FOLDER/etl_pipeline.py', '--cfg-path', '/tmp/tmpukdsuhfq']
[2025-07-22T10:19:16.374+0000] {standard_task_runner.py:88} INFO - Job 190: Subtask Stage_songs
[2025-07-22T10:19:16.603+0000] {task_command.py:423} INFO - Running <TaskInstance: tune_stream_dag.Stage_songs scheduled__2023-01-01T19:00:00+00:00 [running]> on host a2a13a541787
[2025-07-22T10:19:16.837+0000] {taskinstance.py:2480} INFO - Exporting env vars: AIRFLOW_CTX_DAG_OWNER='genz-legend' AIRFLOW_CTX_DAG_ID='tune_stream_dag' AIRFLOW_CTX_TASK_ID='Stage_songs' AIRFLOW_CTX_EXECUTION_DATE='2023-01-01T19:00:00+00:00' AIRFLOW_CTX_TRY_NUMBER='1' AIRFLOW_CTX_DAG_RUN_ID='scheduled__2023-01-01T19:00:00+00:00'
[2025-07-22T10:19:17.563+0000] {python.py:201} INFO - Done. Returned value was: None
[2025-07-22T10:19:17.574+0000] {taskinstance.py:1138} INFO - Marking task as SUCCESS. dag_id=tune_stream_dag, task_id=Stage_songs, execution_date=20230101T190000, start_date=20250722T101916, end_date=20250722T101917
[2025-07-22T10:19:17.627+0000] {local_task_job_runner.py:234} INFO - Task exited with return code 0
[2025-07-22T10:19:17.656+0000] {taskinstance.py:3280} INFO - 0 downstream tasks scheduled from follow-on schedule check
[2025-07-24T15:49:28.021+0000] {taskinstance.py:1956} INFO - Dependencies all met for dep_context=non-requeueable deps ti=<TaskInstance: tune_stream_dag.Stage_songs scheduled__2023-01-01T19:00:00+00:00 [queued]>
[2025-07-24T15:49:28.034+0000] {taskinstance.py:1956} INFO - Dependencies all met for dep_context=requeueable deps ti=<TaskInstance: tune_stream_dag.Stage_songs scheduled__2023-01-01T19:00:00+00:00 [queued]>
[2025-07-24T15:49:28.035+0000] {taskinstance.py:2170} INFO - Starting attempt 1 of 4
[2025-07-24T15:49:28.053+0000] {taskinstance.py:2191} INFO - Executing <Task(PythonOperator): Stage_songs> on 2023-01-01 19:00:00+00:00
[2025-07-24T15:49:28.062+0000] {standard_task_runner.py:60} INFO - Started process 982 to run task
[2025-07-24T15:49:28.068+0000] {standard_task_runner.py:87} INFO - Running: ['***', 'tasks', 'run', 'tune_stream_dag', 'Stage_songs', 'scheduled__2023-01-01T19:00:00+00:00', '--job-id', '1157', '--raw', '--subdir', 'DAGS_FOLDER/etl_pipeline.py', '--cfg-path', '/tmp/tmph08u9k7o']
[2025-07-24T15:49:28.073+0000] {standard_task_runner.py:88} INFO - Job 1157: Subtask Stage_songs
[2025-07-24T15:49:28.195+0000] {task_command.py:423} INFO - Running <TaskInstance: tune_stream_dag.Stage_songs scheduled__2023-01-01T19:00:00+00:00 [running]> on host c53547d84df1
[2025-07-24T15:49:28.325+0000] {taskinstance.py:2480} INFO - Exporting env vars: AIRFLOW_CTX_DAG_OWNER='genz-legend' AIRFLOW_CTX_DAG_ID='tune_stream_dag' AIRFLOW_CTX_TASK_ID='Stage_songs' AIRFLOW_CTX_EXECUTION_DATE='2023-01-01T19:00:00+00:00' AIRFLOW_CTX_TRY_NUMBER='1' AIRFLOW_CTX_DAG_RUN_ID='scheduled__2023-01-01T19:00:00+00:00'
[2025-07-24T15:49:29.156+0000] {python.py:201} INFO - Done. Returned value was: None
[2025-07-24T15:49:29.166+0000] {taskinstance.py:1138} INFO - Marking task as SUCCESS. dag_id=tune_stream_dag, task_id=Stage_songs, execution_date=20230101T190000, start_date=20250724T154928, end_date=20250724T154929
[2025-07-24T15:49:29.204+0000] {local_task_job_runner.py:234} INFO - Task exited with return code 0
[2025-07-24T15:49:29.227+0000] {taskinstance.py:3280} INFO - 0 downstream tasks scheduled from follow-on schedule check
[2025-07-24T16:33:47.774+0000] {taskinstance.py:1956} INFO - Dependencies all met for dep_context=non-requeueable deps ti=<TaskInstance: tune_stream_dag.Stage_songs scheduled__2023-01-01T19:00:00+00:00 [queued]>
[2025-07-24T16:33:47.839+0000] {taskinstance.py:1956} INFO - Dependencies all met for dep_context=requeueable deps ti=<TaskInstance: tune_stream_dag.Stage_songs scheduled__2023-01-01T19:00:00+00:00 [queued]>
[2025-07-24T16:33:47.840+0000] {taskinstance.py:2170} INFO - Starting attempt 1 of 4
[2025-07-24T16:33:48.121+0000] {taskinstance.py:2191} INFO - Executing <Task(PythonOperator): Stage_songs> on 2023-01-01 19:00:00+00:00
[2025-07-24T16:33:48.142+0000] {standard_task_runner.py:60} INFO - Started process 1110 to run task
[2025-07-24T16:33:48.184+0000] {standard_task_runner.py:87} INFO - Running: ['***', 'tasks', 'run', 'tune_stream_dag', 'Stage_songs', 'scheduled__2023-01-01T19:00:00+00:00', '--job-id', '1580', '--raw', '--subdir', 'DAGS_FOLDER/etl_pipeline.py', '--cfg-path', '/tmp/tmp0mvahef6']
[2025-07-24T16:33:48.215+0000] {standard_task_runner.py:88} INFO - Job 1580: Subtask Stage_songs
[2025-07-24T16:33:48.484+0000] {task_command.py:423} INFO - Running <TaskInstance: tune_stream_dag.Stage_songs scheduled__2023-01-01T19:00:00+00:00 [running]> on host c53547d84df1
[2025-07-24T16:33:48.709+0000] {taskinstance.py:2480} INFO - Exporting env vars: AIRFLOW_CTX_DAG_OWNER='genz-legend' AIRFLOW_CTX_DAG_ID='tune_stream_dag' AIRFLOW_CTX_TASK_ID='Stage_songs' AIRFLOW_CTX_EXECUTION_DATE='2023-01-01T19:00:00+00:00' AIRFLOW_CTX_TRY_NUMBER='1' AIRFLOW_CTX_DAG_RUN_ID='scheduled__2023-01-01T19:00:00+00:00'
[2025-07-24T16:33:52.447+0000] {python.py:201} INFO - Done. Returned value was: None
[2025-07-24T16:33:52.489+0000] {taskinstance.py:1138} INFO - Marking task as SUCCESS. dag_id=tune_stream_dag, task_id=Stage_songs, execution_date=20230101T190000, start_date=20250724T163347, end_date=20250724T163352
[2025-07-24T16:33:52.585+0000] {local_task_job_runner.py:234} INFO - Task exited with return code 0
[2025-07-24T16:33:52.678+0000] {taskinstance.py:3280} INFO - 0 downstream tasks scheduled from follow-on schedule check
[2025-07-24T17:12:46.963+0000] {taskinstance.py:1956} INFO - Dependencies all met for dep_context=non-requeueable deps ti=<TaskInstance: tune_stream_dag.Stage_songs scheduled__2023-01-01T19:00:00+00:00 [queued]>
[2025-07-24T17:12:47.002+0000] {taskinstance.py:1956} INFO - Dependencies all met for dep_context=requeueable deps ti=<TaskInstance: tune_stream_dag.Stage_songs scheduled__2023-01-01T19:00:00+00:00 [queued]>
[2025-07-24T17:12:47.014+0000] {taskinstance.py:2170} INFO - Starting attempt 1 of 4
[2025-07-24T17:12:47.057+0000] {taskinstance.py:2191} INFO - Executing <Task(PythonOperator): Stage_songs> on 2023-01-01 19:00:00+00:00
[2025-07-24T17:12:47.103+0000] {standard_task_runner.py:60} INFO - Started process 1107 to run task
[2025-07-24T17:12:47.116+0000] {standard_task_runner.py:87} INFO - Running: ['***', 'tasks', 'run', 'tune_stream_dag', 'Stage_songs', 'scheduled__2023-01-01T19:00:00+00:00', '--job-id', '1980', '--raw', '--subdir', 'DAGS_FOLDER/etl_pipeline.py', '--cfg-path', '/tmp/tmpoudx1tw8']
[2025-07-24T17:12:47.146+0000] {standard_task_runner.py:88} INFO - Job 1980: Subtask Stage_songs
[2025-07-24T17:12:47.351+0000] {task_command.py:423} INFO - Running <TaskInstance: tune_stream_dag.Stage_songs scheduled__2023-01-01T19:00:00+00:00 [running]> on host 5def55d2a1b5
[2025-07-24T17:12:47.489+0000] {taskinstance.py:2480} INFO - Exporting env vars: AIRFLOW_CTX_DAG_OWNER='genz-legend' AIRFLOW_CTX_DAG_ID='tune_stream_dag' AIRFLOW_CTX_TASK_ID='Stage_songs' AIRFLOW_CTX_EXECUTION_DATE='2023-01-01T19:00:00+00:00' AIRFLOW_CTX_TRY_NUMBER='1' AIRFLOW_CTX_DAG_RUN_ID='scheduled__2023-01-01T19:00:00+00:00'
[2025-07-24T17:12:48.919+0000] {python.py:201} INFO - Done. Returned value was: None
[2025-07-24T17:12:49.043+0000] {taskinstance.py:1138} INFO - Marking task as SUCCESS. dag_id=tune_stream_dag, task_id=Stage_songs, execution_date=20230101T190000, start_date=20250724T171246, end_date=20250724T171249
[2025-07-24T17:12:49.153+0000] {local_task_job_runner.py:234} INFO - Task exited with return code 0
[2025-07-24T17:12:49.398+0000] {taskinstance.py:3280} INFO - 0 downstream tasks scheduled from follow-on schedule check
