[2025-07-24T16:18:00.264+0000] {taskinstance.py:1956} INFO - Dependencies all met for dep_context=non-requeueable deps ti=<TaskInstance: tune_stream_dag.Load_song_dim_table scheduled__2023-01-01T05:00:00+00:00 [queued]>
[2025-07-24T16:18:00.280+0000] {taskinstance.py:1956} INFO - Dependencies all met for dep_context=requeueable deps ti=<TaskInstance: tune_stream_dag.Load_song_dim_table scheduled__2023-01-01T05:00:00+00:00 [queued]>
[2025-07-24T16:18:00.281+0000] {taskinstance.py:2170} INFO - Starting attempt 1 of 4
[2025-07-24T16:18:00.389+0000] {taskinstance.py:2191} INFO - Executing <Task(PythonOperator): Load_song_dim_table> on 2023-01-01 05:00:00+00:00
[2025-07-24T16:18:00.409+0000] {standard_task_runner.py:60} INFO - Started process 430 to run task
[2025-07-24T16:18:00.420+0000] {standard_task_runner.py:87} INFO - Running: ['***', 'tasks', 'run', 'tune_stream_dag', 'Load_song_dim_table', 'scheduled__2023-01-01T05:00:00+00:00', '--job-id', '1430', '--raw', '--subdir', 'DAGS_FOLDER/etl_pipeline.py', '--cfg-path', '/tmp/tmpfizk7ee5']
[2025-07-24T16:18:00.426+0000] {standard_task_runner.py:88} INFO - Job 1430: Subtask Load_song_dim_table
[2025-07-24T16:18:00.663+0000] {task_command.py:423} INFO - Running <TaskInstance: tune_stream_dag.Load_song_dim_table scheduled__2023-01-01T05:00:00+00:00 [running]> on host c53547d84df1
[2025-07-24T16:18:00.829+0000] {taskinstance.py:2480} INFO - Exporting env vars: AIRFLOW_CTX_DAG_OWNER='genz-legend' AIRFLOW_CTX_DAG_ID='tune_stream_dag' AIRFLOW_CTX_TASK_ID='Load_song_dim_table' AIRFLOW_CTX_EXECUTION_DATE='2023-01-01T05:00:00+00:00' AIRFLOW_CTX_TRY_NUMBER='1' AIRFLOW_CTX_DAG_RUN_ID='scheduled__2023-01-01T05:00:00+00:00'
[2025-07-24T16:18:00.997+0000] {python.py:201} INFO - Done. Returned value was: None
[2025-07-24T16:18:01.031+0000] {taskinstance.py:1138} INFO - Marking task as SUCCESS. dag_id=tune_stream_dag, task_id=Load_song_dim_table, execution_date=20230101T050000, start_date=20250724T161800, end_date=20250724T161801
[2025-07-24T16:18:01.147+0000] {local_task_job_runner.py:234} INFO - Task exited with return code 0
[2025-07-24T16:18:01.241+0000] {taskinstance.py:3280} INFO - 0 downstream tasks scheduled from follow-on schedule check
[2025-07-24T16:57:01.490+0000] {taskinstance.py:1956} INFO - Dependencies all met for dep_context=non-requeueable deps ti=<TaskInstance: tune_stream_dag.Load_song_dim_table scheduled__2023-01-01T05:00:00+00:00 [queued]>
[2025-07-24T16:57:01.581+0000] {taskinstance.py:1956} INFO - Dependencies all met for dep_context=requeueable deps ti=<TaskInstance: tune_stream_dag.Load_song_dim_table scheduled__2023-01-01T05:00:00+00:00 [queued]>
[2025-07-24T16:57:01.610+0000] {taskinstance.py:2170} INFO - Starting attempt 1 of 4
[2025-07-24T16:57:01.671+0000] {taskinstance.py:2191} INFO - Executing <Task(PythonOperator): Load_song_dim_table> on 2023-01-01 05:00:00+00:00
[2025-07-24T16:57:01.735+0000] {standard_task_runner.py:60} INFO - Started process 368 to run task
[2025-07-24T16:57:01.746+0000] {standard_task_runner.py:87} INFO - Running: ['***', 'tasks', 'run', 'tune_stream_dag', 'Load_song_dim_table', 'scheduled__2023-01-01T05:00:00+00:00', '--job-id', '1810', '--raw', '--subdir', 'DAGS_FOLDER/etl_pipeline.py', '--cfg-path', '/tmp/tmpj_wjoyok']
[2025-07-24T16:57:01.752+0000] {standard_task_runner.py:88} INFO - Job 1810: Subtask Load_song_dim_table
[2025-07-24T16:57:02.681+0000] {task_command.py:423} INFO - Running <TaskInstance: tune_stream_dag.Load_song_dim_table scheduled__2023-01-01T05:00:00+00:00 [running]> on host 5def55d2a1b5
[2025-07-24T16:57:03.377+0000] {taskinstance.py:2480} INFO - Exporting env vars: AIRFLOW_CTX_DAG_OWNER='genz-legend' AIRFLOW_CTX_DAG_ID='tune_stream_dag' AIRFLOW_CTX_TASK_ID='Load_song_dim_table' AIRFLOW_CTX_EXECUTION_DATE='2023-01-01T05:00:00+00:00' AIRFLOW_CTX_TRY_NUMBER='1' AIRFLOW_CTX_DAG_RUN_ID='scheduled__2023-01-01T05:00:00+00:00'
[2025-07-24T16:57:06.135+0000] {python.py:201} INFO - Done. Returned value was: None
[2025-07-24T16:57:06.184+0000] {taskinstance.py:1138} INFO - Marking task as SUCCESS. dag_id=tune_stream_dag, task_id=Load_song_dim_table, execution_date=20230101T050000, start_date=20250724T165701, end_date=20250724T165706
[2025-07-24T16:57:06.265+0000] {local_task_job_runner.py:234} INFO - Task exited with return code 0
[2025-07-24T16:57:06.368+0000] {taskinstance.py:3280} INFO - 0 downstream tasks scheduled from follow-on schedule check
