[2025-07-24T14:13:55.853+0000] {taskinstance.py:1956} INFO - Dependencies all met for dep_context=non-requeueable deps ti=<TaskInstance: tune_stream_dag.Stage_events scheduled__2023-01-02T23:00:00+00:00 [queued]>
[2025-07-24T14:13:55.873+0000] {taskinstance.py:1956} INFO - Dependencies all met for dep_context=requeueable deps ti=<TaskInstance: tune_stream_dag.Stage_events scheduled__2023-01-02T23:00:00+00:00 [queued]>
[2025-07-24T14:13:55.876+0000] {taskinstance.py:2170} INFO - Starting attempt 1 of 4
[2025-07-24T14:13:55.902+0000] {taskinstance.py:2191} INFO - Executing <Task(PythonOperator): Stage_events> on 2023-01-02 23:00:00+00:00
[2025-07-24T14:13:55.915+0000] {standard_task_runner.py:60} INFO - Started process 313 to run task
[2025-07-24T14:13:55.922+0000] {standard_task_runner.py:87} INFO - Running: ['***', 'tasks', 'run', 'tune_stream_dag', 'Stage_events', 'scheduled__2023-01-02T23:00:00+00:00', '--job-id', '460', '--raw', '--subdir', 'DAGS_FOLDER/etl_pipeline.py', '--cfg-path', '/tmp/tmpf_4lc0co']
[2025-07-24T14:13:55.930+0000] {standard_task_runner.py:88} INFO - Job 460: Subtask Stage_events
[2025-07-24T14:13:56.079+0000] {task_command.py:423} INFO - Running <TaskInstance: tune_stream_dag.Stage_events scheduled__2023-01-02T23:00:00+00:00 [running]> on host aea62fae55be
[2025-07-24T14:13:56.235+0000] {taskinstance.py:2480} INFO - Exporting env vars: AIRFLOW_CTX_DAG_OWNER='genz-legend' AIRFLOW_CTX_DAG_ID='tune_stream_dag' AIRFLOW_CTX_TASK_ID='Stage_events' AIRFLOW_CTX_EXECUTION_DATE='2023-01-02T23:00:00+00:00' AIRFLOW_CTX_TRY_NUMBER='1' AIRFLOW_CTX_DAG_RUN_ID='scheduled__2023-01-02T23:00:00+00:00'
[2025-07-24T14:14:03.786+0000] {python.py:201} INFO - Done. Returned value was: None
[2025-07-24T14:14:03.904+0000] {taskinstance.py:1138} INFO - Marking task as SUCCESS. dag_id=tune_stream_dag, task_id=Stage_events, execution_date=20230102T230000, start_date=20250724T141355, end_date=20250724T141403
[2025-07-24T14:14:04.398+0000] {local_task_job_runner.py:234} INFO - Task exited with return code 0
[2025-07-24T14:14:04.548+0000] {taskinstance.py:3280} INFO - 1 downstream tasks scheduled from follow-on schedule check
[2025-07-24T17:23:02.726+0000] {taskinstance.py:1956} INFO - Dependencies all met for dep_context=non-requeueable deps ti=<TaskInstance: tune_stream_dag.Stage_events scheduled__2023-01-02T23:00:00+00:00 [queued]>
[2025-07-24T17:23:02.812+0000] {taskinstance.py:1956} INFO - Dependencies all met for dep_context=requeueable deps ti=<TaskInstance: tune_stream_dag.Stage_events scheduled__2023-01-02T23:00:00+00:00 [queued]>
[2025-07-24T17:23:02.820+0000] {taskinstance.py:2170} INFO - Starting attempt 1 of 4
[2025-07-24T17:23:02.973+0000] {taskinstance.py:2191} INFO - Executing <Task(PythonOperator): Stage_events> on 2023-01-02 23:00:00+00:00
[2025-07-24T17:23:03.009+0000] {standard_task_runner.py:60} INFO - Started process 1965 to run task
[2025-07-24T17:23:03.061+0000] {standard_task_runner.py:87} INFO - Running: ['***', 'tasks', 'run', 'tune_stream_dag', 'Stage_events', 'scheduled__2023-01-02T23:00:00+00:00', '--job-id', '2220', '--raw', '--subdir', 'DAGS_FOLDER/etl_pipeline.py', '--cfg-path', '/tmp/tmpqux_iw2g']
[2025-07-24T17:23:03.089+0000] {standard_task_runner.py:88} INFO - Job 2220: Subtask Stage_events
[2025-07-24T17:23:04.134+0000] {task_command.py:423} INFO - Running <TaskInstance: tune_stream_dag.Stage_events scheduled__2023-01-02T23:00:00+00:00 [running]> on host 5def55d2a1b5
[2025-07-24T17:23:04.786+0000] {taskinstance.py:2480} INFO - Exporting env vars: AIRFLOW_CTX_DAG_OWNER='genz-legend' AIRFLOW_CTX_DAG_ID='tune_stream_dag' AIRFLOW_CTX_TASK_ID='Stage_events' AIRFLOW_CTX_EXECUTION_DATE='2023-01-02T23:00:00+00:00' AIRFLOW_CTX_TRY_NUMBER='1' AIRFLOW_CTX_DAG_RUN_ID='scheduled__2023-01-02T23:00:00+00:00'
[2025-07-24T17:24:10.134+0000] {python.py:201} INFO - Done. Returned value was: None
[2025-07-24T17:24:10.493+0000] {taskinstance.py:1138} INFO - Marking task as SUCCESS. dag_id=tune_stream_dag, task_id=Stage_events, execution_date=20230102T230000, start_date=20250724T172302, end_date=20250724T172410
[2025-07-24T17:24:10.907+0000] {local_task_job_runner.py:234} INFO - Task exited with return code 0
[2025-07-24T17:24:11.231+0000] {taskinstance.py:3280} INFO - 1 downstream tasks scheduled from follow-on schedule check
