[2025-07-24T13:58:16.768+0000] {taskinstance.py:1956} INFO - Dependencies all met for dep_context=non-requeueable deps ti=<TaskInstance: tune_stream_dag.Stage_events scheduled__2023-01-02T20:00:00+00:00 [queued]>
[2025-07-24T13:58:16.775+0000] {taskinstance.py:1956} INFO - Dependencies all met for dep_context=requeueable deps ti=<TaskInstance: tune_stream_dag.Stage_events scheduled__2023-01-02T20:00:00+00:00 [queued]>
[2025-07-24T13:58:16.776+0000] {taskinstance.py:2170} INFO - Starting attempt 1 of 4
[2025-07-24T13:58:16.787+0000] {taskinstance.py:2191} INFO - Executing <Task(PythonOperator): Stage_events> on 2023-01-02 20:00:00+00:00
[2025-07-24T13:58:16.792+0000] {standard_task_runner.py:60} INFO - Started process 106 to run task
[2025-07-24T13:58:16.796+0000] {standard_task_runner.py:87} INFO - Running: ['***', 'tasks', 'run', 'tune_stream_dag', 'Stage_events', 'scheduled__2023-01-02T20:00:00+00:00', '--job-id', '405', '--raw', '--subdir', 'DAGS_FOLDER/etl_pipeline.py', '--cfg-path', '/tmp/tmpik2__zqh']
[2025-07-24T13:58:16.799+0000] {standard_task_runner.py:88} INFO - Job 405: Subtask Stage_events
[2025-07-24T13:58:16.868+0000] {task_command.py:423} INFO - Running <TaskInstance: tune_stream_dag.Stage_events scheduled__2023-01-02T20:00:00+00:00 [running]> on host a4bcda7cb679
[2025-07-24T13:58:16.936+0000] {taskinstance.py:2480} INFO - Exporting env vars: AIRFLOW_CTX_DAG_OWNER='genz-legend' AIRFLOW_CTX_DAG_ID='tune_stream_dag' AIRFLOW_CTX_TASK_ID='Stage_events' AIRFLOW_CTX_EXECUTION_DATE='2023-01-02T20:00:00+00:00' AIRFLOW_CTX_TRY_NUMBER='1' AIRFLOW_CTX_DAG_RUN_ID='scheduled__2023-01-02T20:00:00+00:00'
[2025-07-24T13:58:18.561+0000] {python.py:201} INFO - Done. Returned value was: None
[2025-07-24T13:58:18.572+0000] {taskinstance.py:1138} INFO - Marking task as SUCCESS. dag_id=tune_stream_dag, task_id=Stage_events, execution_date=20230102T200000, start_date=20250724T135816, end_date=20250724T135818
[2025-07-24T13:58:18.615+0000] {local_task_job_runner.py:234} INFO - Task exited with return code 0
[2025-07-24T13:58:18.642+0000] {taskinstance.py:3280} INFO - 1 downstream tasks scheduled from follow-on schedule check
[2025-07-24T17:21:18.507+0000] {taskinstance.py:1956} INFO - Dependencies all met for dep_context=non-requeueable deps ti=<TaskInstance: tune_stream_dag.Stage_events scheduled__2023-01-02T20:00:00+00:00 [queued]>
[2025-07-24T17:21:18.522+0000] {taskinstance.py:1956} INFO - Dependencies all met for dep_context=requeueable deps ti=<TaskInstance: tune_stream_dag.Stage_events scheduled__2023-01-02T20:00:00+00:00 [queued]>
[2025-07-24T17:21:18.523+0000] {taskinstance.py:2170} INFO - Starting attempt 1 of 4
[2025-07-24T17:21:18.614+0000] {taskinstance.py:2191} INFO - Executing <Task(PythonOperator): Stage_events> on 2023-01-02 20:00:00+00:00
[2025-07-24T17:21:18.672+0000] {standard_task_runner.py:60} INFO - Started process 1890 to run task
[2025-07-24T17:21:18.702+0000] {standard_task_runner.py:87} INFO - Running: ['***', 'tasks', 'run', 'tune_stream_dag', 'Stage_events', 'scheduled__2023-01-02T20:00:00+00:00', '--job-id', '2201', '--raw', '--subdir', 'DAGS_FOLDER/etl_pipeline.py', '--cfg-path', '/tmp/tmpa8hmsf72']
[2025-07-24T17:21:18.746+0000] {standard_task_runner.py:88} INFO - Job 2201: Subtask Stage_events
[2025-07-24T17:21:19.150+0000] {task_command.py:423} INFO - Running <TaskInstance: tune_stream_dag.Stage_events scheduled__2023-01-02T20:00:00+00:00 [running]> on host 5def55d2a1b5
[2025-07-24T17:21:19.567+0000] {taskinstance.py:2480} INFO - Exporting env vars: AIRFLOW_CTX_DAG_OWNER='genz-legend' AIRFLOW_CTX_DAG_ID='tune_stream_dag' AIRFLOW_CTX_TASK_ID='Stage_events' AIRFLOW_CTX_EXECUTION_DATE='2023-01-02T20:00:00+00:00' AIRFLOW_CTX_TRY_NUMBER='1' AIRFLOW_CTX_DAG_RUN_ID='scheduled__2023-01-02T20:00:00+00:00'
[2025-07-24T17:21:52.961+0000] {python.py:201} INFO - Done. Returned value was: None
[2025-07-24T17:21:53.149+0000] {taskinstance.py:1138} INFO - Marking task as SUCCESS. dag_id=tune_stream_dag, task_id=Stage_events, execution_date=20230102T200000, start_date=20250724T172118, end_date=20250724T172153
[2025-07-24T17:22:36.125+0000] {local_task_job_runner.py:234} INFO - Task exited with return code 0
[2025-07-24T17:22:37.217+0000] {taskinstance.py:3280} INFO - 1 downstream tasks scheduled from follow-on schedule check
