[2025-07-22T10:04:31.482+0000] {taskinstance.py:1956} INFO - Dependencies all met for dep_context=non-requeueable deps ti=<TaskInstance: tune_stream_dag.Stage_events scheduled__2023-01-01T14:00:00+00:00 [queued]>
[2025-07-22T10:04:31.510+0000] {taskinstance.py:1956} INFO - Dependencies all met for dep_context=requeueable deps ti=<TaskInstance: tune_stream_dag.Stage_events scheduled__2023-01-01T14:00:00+00:00 [queued]>
[2025-07-22T10:04:31.519+0000] {taskinstance.py:2170} INFO - Starting attempt 1 of 4
[2025-07-22T10:04:32.854+0000] {taskinstance.py:2191} INFO - Executing <Task(PythonOperator): Stage_events> on 2023-01-01 14:00:00+00:00
[2025-07-22T10:04:33.236+0000] {standard_task_runner.py:60} INFO - Started process 342 to run task
[2025-07-22T10:04:33.508+0000] {standard_task_runner.py:87} INFO - Running: ['***', 'tasks', 'run', 'tune_stream_dag', 'Stage_events', 'scheduled__2023-01-01T14:00:00+00:00', '--job-id', '130', '--raw', '--subdir', 'DAGS_FOLDER/etl_pipeline.py', '--cfg-path', '/tmp/tmpp9xgxxl4']
[2025-07-22T10:04:40.911+0000] {standard_task_runner.py:88} INFO - Job 130: Subtask Stage_events
[2025-07-22T10:04:59.551+0000] {task_command.py:423} INFO - Running <TaskInstance: tune_stream_dag.Stage_events scheduled__2023-01-01T14:00:00+00:00 [running]> on host a2a13a541787
[2025-07-22T10:05:01.046+0000] {taskinstance.py:2480} INFO - Exporting env vars: AIRFLOW_CTX_DAG_OWNER='genz-legend' AIRFLOW_CTX_DAG_ID='tune_stream_dag' AIRFLOW_CTX_TASK_ID='Stage_events' AIRFLOW_CTX_EXECUTION_DATE='2023-01-01T14:00:00+00:00' AIRFLOW_CTX_TRY_NUMBER='1' AIRFLOW_CTX_DAG_RUN_ID='scheduled__2023-01-01T14:00:00+00:00'
[2025-07-22T10:05:01.214+0000] {taskinstance.py:2698} ERROR - Task failed with exception
Traceback (most recent call last):
  File "/home/airflow/.local/lib/python3.8/site-packages/airflow/models/taskinstance.py", line 433, in _execute_task
    result = execute_callable(context=context, **execute_callable_kwargs)
  File "/home/airflow/.local/lib/python3.8/site-packages/airflow/operators/python.py", line 199, in execute
    return_value = self.execute_callable()
  File "/home/airflow/.local/lib/python3.8/site-packages/airflow/operators/python.py", line 216, in execute_callable
    return self.python_callable(*self.op_args, **self.op_kwargs)
  File "/opt/airflow/dags/etl_pipeline.py", line 77, in stage_events
    data = json.load(f)
  File "/usr/local/lib/python3.8/json/__init__.py", line 293, in load
    return loads(fp.read(),
  File "/usr/local/lib/python3.8/json/__init__.py", line 357, in loads
    return _default_decoder.decode(s)
  File "/usr/local/lib/python3.8/json/decoder.py", line 340, in decode
    raise JSONDecodeError("Extra data", s, end)
json.decoder.JSONDecodeError: Extra data: line 2 column 1 (char 457)
[2025-07-22T10:05:01.243+0000] {taskinstance.py:1138} INFO - Marking task as UP_FOR_RETRY. dag_id=tune_stream_dag, task_id=Stage_events, execution_date=20230101T140000, start_date=20250722T100431, end_date=20250722T100501
[2025-07-22T10:05:01.312+0000] {standard_task_runner.py:107} ERROR - Failed to execute job 130 for task Stage_events (Extra data: line 2 column 1 (char 457); 342)
[2025-07-22T10:05:01.420+0000] {local_task_job_runner.py:234} INFO - Task exited with return code 1
[2025-07-22T10:05:01.564+0000] {taskinstance.py:3280} INFO - 0 downstream tasks scheduled from follow-on schedule check
[2025-07-24T15:31:10.044+0000] {taskinstance.py:1956} INFO - Dependencies all met for dep_context=non-requeueable deps ti=<TaskInstance: tune_stream_dag.Stage_events scheduled__2023-01-01T14:00:00+00:00 [queued]>
[2025-07-24T15:31:10.057+0000] {taskinstance.py:1956} INFO - Dependencies all met for dep_context=requeueable deps ti=<TaskInstance: tune_stream_dag.Stage_events scheduled__2023-01-01T14:00:00+00:00 [queued]>
[2025-07-24T15:31:10.058+0000] {taskinstance.py:2170} INFO - Starting attempt 1 of 4
[2025-07-24T15:31:10.095+0000] {taskinstance.py:2191} INFO - Executing <Task(PythonOperator): Stage_events> on 2023-01-01 14:00:00+00:00
[2025-07-24T15:31:10.107+0000] {standard_task_runner.py:60} INFO - Started process 209 to run task
[2025-07-24T15:31:10.113+0000] {standard_task_runner.py:87} INFO - Running: ['***', 'tasks', 'run', 'tune_stream_dag', 'Stage_events', 'scheduled__2023-01-01T14:00:00+00:00', '--job-id', '987', '--raw', '--subdir', 'DAGS_FOLDER/etl_pipeline.py', '--cfg-path', '/tmp/tmpa3zilf31']
[2025-07-24T15:31:10.118+0000] {standard_task_runner.py:88} INFO - Job 987: Subtask Stage_events
[2025-07-24T15:31:10.219+0000] {task_command.py:423} INFO - Running <TaskInstance: tune_stream_dag.Stage_events scheduled__2023-01-01T14:00:00+00:00 [running]> on host c53547d84df1
[2025-07-24T15:31:10.403+0000] {taskinstance.py:2480} INFO - Exporting env vars: AIRFLOW_CTX_DAG_OWNER='genz-legend' AIRFLOW_CTX_DAG_ID='tune_stream_dag' AIRFLOW_CTX_TASK_ID='Stage_events' AIRFLOW_CTX_EXECUTION_DATE='2023-01-01T14:00:00+00:00' AIRFLOW_CTX_TRY_NUMBER='1' AIRFLOW_CTX_DAG_RUN_ID='scheduled__2023-01-01T14:00:00+00:00'
[2025-07-24T15:33:25.423+0000] {python.py:201} INFO - Done. Returned value was: None
[2025-07-24T15:33:26.944+0000] {taskinstance.py:1138} INFO - Marking task as SUCCESS. dag_id=tune_stream_dag, task_id=Stage_events, execution_date=20230101T140000, start_date=20250724T153110, end_date=20250724T153326
[2025-07-24T15:33:27.894+0000] {local_task_job_runner.py:234} INFO - Task exited with return code 0
[2025-07-24T15:33:28.130+0000] {taskinstance.py:3280} INFO - 1 downstream tasks scheduled from follow-on schedule check
[2025-07-24T16:15:35.502+0000] {taskinstance.py:1956} INFO - Dependencies all met for dep_context=non-requeueable deps ti=<TaskInstance: tune_stream_dag.Stage_events scheduled__2023-01-01T14:00:00+00:00 [queued]>
[2025-07-24T16:15:35.517+0000] {taskinstance.py:1956} INFO - Dependencies all met for dep_context=requeueable deps ti=<TaskInstance: tune_stream_dag.Stage_events scheduled__2023-01-01T14:00:00+00:00 [queued]>
[2025-07-24T16:15:35.518+0000] {taskinstance.py:2170} INFO - Starting attempt 1 of 4
[2025-07-24T16:15:35.607+0000] {taskinstance.py:2191} INFO - Executing <Task(PythonOperator): Stage_events> on 2023-01-01 14:00:00+00:00
[2025-07-24T16:15:35.618+0000] {standard_task_runner.py:60} INFO - Started process 263 to run task
[2025-07-24T16:15:35.623+0000] {standard_task_runner.py:87} INFO - Running: ['***', 'tasks', 'run', 'tune_stream_dag', 'Stage_events', 'scheduled__2023-01-01T14:00:00+00:00', '--job-id', '1390', '--raw', '--subdir', 'DAGS_FOLDER/etl_pipeline.py', '--cfg-path', '/tmp/tmp31gq9cdj']
[2025-07-24T16:15:35.630+0000] {standard_task_runner.py:88} INFO - Job 1390: Subtask Stage_events
[2025-07-24T16:15:35.733+0000] {task_command.py:423} INFO - Running <TaskInstance: tune_stream_dag.Stage_events scheduled__2023-01-01T14:00:00+00:00 [running]> on host c53547d84df1
[2025-07-24T16:15:35.835+0000] {taskinstance.py:2480} INFO - Exporting env vars: AIRFLOW_CTX_DAG_OWNER='genz-legend' AIRFLOW_CTX_DAG_ID='tune_stream_dag' AIRFLOW_CTX_TASK_ID='Stage_events' AIRFLOW_CTX_EXECUTION_DATE='2023-01-01T14:00:00+00:00' AIRFLOW_CTX_TRY_NUMBER='1' AIRFLOW_CTX_DAG_RUN_ID='scheduled__2023-01-01T14:00:00+00:00'
[2025-07-24T16:17:19.271+0000] {python.py:201} INFO - Done. Returned value was: None
[2025-07-24T16:17:22.298+0000] {taskinstance.py:1138} INFO - Marking task as SUCCESS. dag_id=tune_stream_dag, task_id=Stage_events, execution_date=20230101T140000, start_date=20250724T161535, end_date=20250724T161722
[2025-07-24T16:17:22.748+0000] {local_task_job_runner.py:234} INFO - Task exited with return code 0
[2025-07-24T16:17:22.845+0000] {taskinstance.py:3280} INFO - 1 downstream tasks scheduled from follow-on schedule check
[2025-07-24T16:55:52.141+0000] {taskinstance.py:1956} INFO - Dependencies all met for dep_context=non-requeueable deps ti=<TaskInstance: tune_stream_dag.Stage_events scheduled__2023-01-01T14:00:00+00:00 [queued]>
[2025-07-24T16:55:52.184+0000] {taskinstance.py:1956} INFO - Dependencies all met for dep_context=requeueable deps ti=<TaskInstance: tune_stream_dag.Stage_events scheduled__2023-01-01T14:00:00+00:00 [queued]>
[2025-07-24T16:55:52.184+0000] {taskinstance.py:2170} INFO - Starting attempt 1 of 4
[2025-07-24T16:55:52.234+0000] {taskinstance.py:2191} INFO - Executing <Task(PythonOperator): Stage_events> on 2023-01-01 14:00:00+00:00
[2025-07-24T16:55:52.250+0000] {standard_task_runner.py:60} INFO - Started process 276 to run task
[2025-07-24T16:55:52.258+0000] {standard_task_runner.py:87} INFO - Running: ['***', 'tasks', 'run', 'tune_stream_dag', 'Stage_events', 'scheduled__2023-01-01T14:00:00+00:00', '--job-id', '1786', '--raw', '--subdir', 'DAGS_FOLDER/etl_pipeline.py', '--cfg-path', '/tmp/tmpcronp92n']
[2025-07-24T16:55:52.263+0000] {standard_task_runner.py:88} INFO - Job 1786: Subtask Stage_events
[2025-07-24T16:55:52.449+0000] {task_command.py:423} INFO - Running <TaskInstance: tune_stream_dag.Stage_events scheduled__2023-01-01T14:00:00+00:00 [running]> on host 5def55d2a1b5
[2025-07-24T16:55:54.229+0000] {taskinstance.py:2480} INFO - Exporting env vars: AIRFLOW_CTX_DAG_OWNER='genz-legend' AIRFLOW_CTX_DAG_ID='tune_stream_dag' AIRFLOW_CTX_TASK_ID='Stage_events' AIRFLOW_CTX_EXECUTION_DATE='2023-01-01T14:00:00+00:00' AIRFLOW_CTX_TRY_NUMBER='1' AIRFLOW_CTX_DAG_RUN_ID='scheduled__2023-01-01T14:00:00+00:00'
[2025-07-24T16:56:27.733+0000] {python.py:201} INFO - Done. Returned value was: None
[2025-07-24T16:56:27.975+0000] {taskinstance.py:1138} INFO - Marking task as SUCCESS. dag_id=tune_stream_dag, task_id=Stage_events, execution_date=20230101T140000, start_date=20250724T165552, end_date=20250724T165627
[2025-07-24T16:56:28.456+0000] {local_task_job_runner.py:234} INFO - Task exited with return code 0
[2025-07-24T16:56:29.707+0000] {taskinstance.py:3280} INFO - 0 downstream tasks scheduled from follow-on schedule check
