[2025-07-22T10:19:39.246+0000] {taskinstance.py:1956} INFO - Dependencies all met for dep_context=non-requeueable deps ti=<TaskInstance: tune_stream_dag.Stage_songs scheduled__2023-01-01T22:00:00+00:00 [queued]>
[2025-07-22T10:19:39.263+0000] {taskinstance.py:1956} INFO - Dependencies all met for dep_context=requeueable deps ti=<TaskInstance: tune_stream_dag.Stage_songs scheduled__2023-01-01T22:00:00+00:00 [queued]>
[2025-07-22T10:19:39.264+0000] {taskinstance.py:2170} INFO - Starting attempt 1 of 4
[2025-07-22T10:19:39.285+0000] {taskinstance.py:2191} INFO - Executing <Task(PythonOperator): Stage_songs> on 2023-01-01 22:00:00+00:00
[2025-07-22T10:19:39.302+0000] {standard_task_runner.py:60} INFO - Started process 749 to run task
[2025-07-22T10:19:39.310+0000] {standard_task_runner.py:87} INFO - Running: ['***', 'tasks', 'run', 'tune_stream_dag', 'Stage_songs', 'scheduled__2023-01-01T22:00:00+00:00', '--job-id', '197', '--raw', '--subdir', 'DAGS_FOLDER/etl_pipeline.py', '--cfg-path', '/tmp/tmpxa1yh6lf']
[2025-07-22T10:19:39.317+0000] {standard_task_runner.py:88} INFO - Job 197: Subtask Stage_songs
[2025-07-22T10:19:39.407+0000] {task_command.py:423} INFO - Running <TaskInstance: tune_stream_dag.Stage_songs scheduled__2023-01-01T22:00:00+00:00 [running]> on host a2a13a541787
[2025-07-22T10:19:39.537+0000] {taskinstance.py:2480} INFO - Exporting env vars: AIRFLOW_CTX_DAG_OWNER='genz-legend' AIRFLOW_CTX_DAG_ID='tune_stream_dag' AIRFLOW_CTX_TASK_ID='Stage_songs' AIRFLOW_CTX_EXECUTION_DATE='2023-01-01T22:00:00+00:00' AIRFLOW_CTX_TRY_NUMBER='1' AIRFLOW_CTX_DAG_RUN_ID='scheduled__2023-01-01T22:00:00+00:00'
[2025-07-22T10:19:40.149+0000] {python.py:201} INFO - Done. Returned value was: None
[2025-07-22T10:19:40.167+0000] {taskinstance.py:1138} INFO - Marking task as SUCCESS. dag_id=tune_stream_dag, task_id=Stage_songs, execution_date=20230101T220000, start_date=20250722T101939, end_date=20250722T101940
[2025-07-22T10:19:40.208+0000] {local_task_job_runner.py:234} INFO - Task exited with return code 0
[2025-07-22T10:19:40.242+0000] {taskinstance.py:3280} INFO - 0 downstream tasks scheduled from follow-on schedule check
[2025-07-24T15:54:33.429+0000] {taskinstance.py:1956} INFO - Dependencies all met for dep_context=non-requeueable deps ti=<TaskInstance: tune_stream_dag.Stage_songs scheduled__2023-01-01T22:00:00+00:00 [queued]>
[2025-07-24T15:54:33.445+0000] {taskinstance.py:1956} INFO - Dependencies all met for dep_context=requeueable deps ti=<TaskInstance: tune_stream_dag.Stage_songs scheduled__2023-01-01T22:00:00+00:00 [queued]>
[2025-07-24T15:54:33.446+0000] {taskinstance.py:2170} INFO - Starting attempt 1 of 4
[2025-07-24T15:54:33.468+0000] {taskinstance.py:2191} INFO - Executing <Task(PythonOperator): Stage_songs> on 2023-01-01 22:00:00+00:00
[2025-07-24T15:54:33.479+0000] {standard_task_runner.py:60} INFO - Started process 1172 to run task
[2025-07-24T15:54:33.485+0000] {standard_task_runner.py:87} INFO - Running: ['***', 'tasks', 'run', 'tune_stream_dag', 'Stage_songs', 'scheduled__2023-01-01T22:00:00+00:00', '--job-id', '1197', '--raw', '--subdir', 'DAGS_FOLDER/etl_pipeline.py', '--cfg-path', '/tmp/tmp4aw36r18']
[2025-07-24T15:54:33.490+0000] {standard_task_runner.py:88} INFO - Job 1197: Subtask Stage_songs
[2025-07-24T15:54:33.603+0000] {task_command.py:423} INFO - Running <TaskInstance: tune_stream_dag.Stage_songs scheduled__2023-01-01T22:00:00+00:00 [running]> on host c53547d84df1
[2025-07-24T15:54:33.743+0000] {taskinstance.py:2480} INFO - Exporting env vars: AIRFLOW_CTX_DAG_OWNER='genz-legend' AIRFLOW_CTX_DAG_ID='tune_stream_dag' AIRFLOW_CTX_TASK_ID='Stage_songs' AIRFLOW_CTX_EXECUTION_DATE='2023-01-01T22:00:00+00:00' AIRFLOW_CTX_TRY_NUMBER='1' AIRFLOW_CTX_DAG_RUN_ID='scheduled__2023-01-01T22:00:00+00:00'
[2025-07-24T15:54:34.584+0000] {python.py:201} INFO - Done. Returned value was: None
[2025-07-24T15:54:34.600+0000] {taskinstance.py:1138} INFO - Marking task as SUCCESS. dag_id=tune_stream_dag, task_id=Stage_songs, execution_date=20230101T220000, start_date=20250724T155433, end_date=20250724T155434
[2025-07-24T15:54:34.669+0000] {local_task_job_runner.py:234} INFO - Task exited with return code 0
[2025-07-24T15:54:34.731+0000] {taskinstance.py:3280} INFO - 0 downstream tasks scheduled from follow-on schedule check
[2025-07-24T16:33:55.314+0000] {taskinstance.py:1956} INFO - Dependencies all met for dep_context=non-requeueable deps ti=<TaskInstance: tune_stream_dag.Stage_songs scheduled__2023-01-01T22:00:00+00:00 [queued]>
[2025-07-24T16:33:55.361+0000] {taskinstance.py:1956} INFO - Dependencies all met for dep_context=requeueable deps ti=<TaskInstance: tune_stream_dag.Stage_songs scheduled__2023-01-01T22:00:00+00:00 [queued]>
[2025-07-24T16:33:55.373+0000] {taskinstance.py:2170} INFO - Starting attempt 1 of 4
[2025-07-24T16:33:55.424+0000] {taskinstance.py:2191} INFO - Executing <Task(PythonOperator): Stage_songs> on 2023-01-01 22:00:00+00:00
[2025-07-24T16:33:55.471+0000] {standard_task_runner.py:60} INFO - Started process 1137 to run task
[2025-07-24T16:33:55.511+0000] {standard_task_runner.py:87} INFO - Running: ['***', 'tasks', 'run', 'tune_stream_dag', 'Stage_songs', 'scheduled__2023-01-01T22:00:00+00:00', '--job-id', '1590', '--raw', '--subdir', 'DAGS_FOLDER/etl_pipeline.py', '--cfg-path', '/tmp/tmp7os_u9pm']
[2025-07-24T16:33:55.526+0000] {standard_task_runner.py:88} INFO - Job 1590: Subtask Stage_songs
[2025-07-24T16:33:55.933+0000] {task_command.py:423} INFO - Running <TaskInstance: tune_stream_dag.Stage_songs scheduled__2023-01-01T22:00:00+00:00 [running]> on host c53547d84df1
[2025-07-24T16:33:56.199+0000] {taskinstance.py:2480} INFO - Exporting env vars: AIRFLOW_CTX_DAG_OWNER='genz-legend' AIRFLOW_CTX_DAG_ID='tune_stream_dag' AIRFLOW_CTX_TASK_ID='Stage_songs' AIRFLOW_CTX_EXECUTION_DATE='2023-01-01T22:00:00+00:00' AIRFLOW_CTX_TRY_NUMBER='1' AIRFLOW_CTX_DAG_RUN_ID='scheduled__2023-01-01T22:00:00+00:00'
[2025-07-24T16:33:58.804+0000] {python.py:201} INFO - Done. Returned value was: None
[2025-07-24T16:33:58.831+0000] {taskinstance.py:1138} INFO - Marking task as SUCCESS. dag_id=tune_stream_dag, task_id=Stage_songs, execution_date=20230101T220000, start_date=20250724T163355, end_date=20250724T163358
[2025-07-24T16:33:58.993+0000] {local_task_job_runner.py:234} INFO - Task exited with return code 0
[2025-07-24T16:33:59.047+0000] {taskinstance.py:3280} INFO - 0 downstream tasks scheduled from follow-on schedule check
[2025-07-24T17:12:55.619+0000] {taskinstance.py:1956} INFO - Dependencies all met for dep_context=non-requeueable deps ti=<TaskInstance: tune_stream_dag.Stage_songs scheduled__2023-01-01T22:00:00+00:00 [queued]>
[2025-07-24T17:12:55.647+0000] {taskinstance.py:1956} INFO - Dependencies all met for dep_context=requeueable deps ti=<TaskInstance: tune_stream_dag.Stage_songs scheduled__2023-01-01T22:00:00+00:00 [queued]>
[2025-07-24T17:12:55.651+0000] {taskinstance.py:2170} INFO - Starting attempt 1 of 4
[2025-07-24T17:12:55.688+0000] {taskinstance.py:2191} INFO - Executing <Task(PythonOperator): Stage_songs> on 2023-01-01 22:00:00+00:00
[2025-07-24T17:12:55.728+0000] {standard_task_runner.py:60} INFO - Started process 1139 to run task
[2025-07-24T17:12:55.767+0000] {standard_task_runner.py:87} INFO - Running: ['***', 'tasks', 'run', 'tune_stream_dag', 'Stage_songs', 'scheduled__2023-01-01T22:00:00+00:00', '--job-id', '1991', '--raw', '--subdir', 'DAGS_FOLDER/etl_pipeline.py', '--cfg-path', '/tmp/tmpa8axelf6']
[2025-07-24T17:12:55.786+0000] {standard_task_runner.py:88} INFO - Job 1991: Subtask Stage_songs
[2025-07-24T17:12:57.215+0000] {task_command.py:423} INFO - Running <TaskInstance: tune_stream_dag.Stage_songs scheduled__2023-01-01T22:00:00+00:00 [running]> on host 5def55d2a1b5
[2025-07-24T17:12:57.824+0000] {taskinstance.py:2480} INFO - Exporting env vars: AIRFLOW_CTX_DAG_OWNER='genz-legend' AIRFLOW_CTX_DAG_ID='tune_stream_dag' AIRFLOW_CTX_TASK_ID='Stage_songs' AIRFLOW_CTX_EXECUTION_DATE='2023-01-01T22:00:00+00:00' AIRFLOW_CTX_TRY_NUMBER='1' AIRFLOW_CTX_DAG_RUN_ID='scheduled__2023-01-01T22:00:00+00:00'
[2025-07-24T17:13:01.658+0000] {python.py:201} INFO - Done. Returned value was: None
[2025-07-24T17:13:01.887+0000] {taskinstance.py:1138} INFO - Marking task as SUCCESS. dag_id=tune_stream_dag, task_id=Stage_songs, execution_date=20230101T220000, start_date=20250724T171255, end_date=20250724T171301
[2025-07-24T17:13:02.207+0000] {local_task_job_runner.py:234} INFO - Task exited with return code 0
[2025-07-24T17:13:02.815+0000] {taskinstance.py:3280} INFO - 0 downstream tasks scheduled from follow-on schedule check
