[2025-07-24T15:38:56.610+0000] {taskinstance.py:1956} INFO - Dependencies all met for dep_context=non-requeueable deps ti=<TaskInstance: tune_stream_dag.Load_song_dim_table scheduled__2023-01-01T03:00:00+00:00 [queued]>
[2025-07-24T15:38:56.630+0000] {taskinstance.py:1956} INFO - Dependencies all met for dep_context=requeueable deps ti=<TaskInstance: tune_stream_dag.Load_song_dim_table scheduled__2023-01-01T03:00:00+00:00 [queued]>
[2025-07-24T15:38:56.633+0000] {taskinstance.py:2170} INFO - Starting attempt 1 of 4
[2025-07-24T15:38:56.666+0000] {taskinstance.py:2191} INFO - Executing <Task(PythonOperator): Load_song_dim_table> on 2023-01-01 03:00:00+00:00
[2025-07-24T15:38:56.681+0000] {standard_task_runner.py:60} INFO - Started process 516 to run task
[2025-07-24T15:38:56.690+0000] {standard_task_runner.py:87} INFO - Running: ['***', 'tasks', 'run', 'tune_stream_dag', 'Load_song_dim_table', 'scheduled__2023-01-01T03:00:00+00:00', '--job-id', '1053', '--raw', '--subdir', 'DAGS_FOLDER/etl_pipeline.py', '--cfg-path', '/tmp/tmp0yg1gniv']
[2025-07-24T15:38:56.700+0000] {standard_task_runner.py:88} INFO - Job 1053: Subtask Load_song_dim_table
[2025-07-24T15:38:56.870+0000] {task_command.py:423} INFO - Running <TaskInstance: tune_stream_dag.Load_song_dim_table scheduled__2023-01-01T03:00:00+00:00 [running]> on host c53547d84df1
[2025-07-24T15:38:57.041+0000] {taskinstance.py:2480} INFO - Exporting env vars: AIRFLOW_CTX_DAG_OWNER='genz-legend' AIRFLOW_CTX_DAG_ID='tune_stream_dag' AIRFLOW_CTX_TASK_ID='Load_song_dim_table' AIRFLOW_CTX_EXECUTION_DATE='2023-01-01T03:00:00+00:00' AIRFLOW_CTX_TRY_NUMBER='1' AIRFLOW_CTX_DAG_RUN_ID='scheduled__2023-01-01T03:00:00+00:00'
[2025-07-24T15:38:57.072+0000] {python.py:201} INFO - Done. Returned value was: None
[2025-07-24T15:38:57.094+0000] {taskinstance.py:1138} INFO - Marking task as SUCCESS. dag_id=tune_stream_dag, task_id=Load_song_dim_table, execution_date=20230101T030000, start_date=20250724T153856, end_date=20250724T153857
[2025-07-24T15:38:57.175+0000] {local_task_job_runner.py:234} INFO - Task exited with return code 0
[2025-07-24T15:38:57.370+0000] {taskinstance.py:3280} INFO - 0 downstream tasks scheduled from follow-on schedule check
[2025-07-24T16:17:45.146+0000] {taskinstance.py:1956} INFO - Dependencies all met for dep_context=non-requeueable deps ti=<TaskInstance: tune_stream_dag.Load_song_dim_table scheduled__2023-01-01T03:00:00+00:00 [queued]>
[2025-07-24T16:17:45.255+0000] {taskinstance.py:1956} INFO - Dependencies all met for dep_context=requeueable deps ti=<TaskInstance: tune_stream_dag.Load_song_dim_table scheduled__2023-01-01T03:00:00+00:00 [queued]>
[2025-07-24T16:17:45.256+0000] {taskinstance.py:2170} INFO - Starting attempt 1 of 4
[2025-07-24T16:17:45.593+0000] {taskinstance.py:2191} INFO - Executing <Task(PythonOperator): Load_song_dim_table> on 2023-01-01 03:00:00+00:00
[2025-07-24T16:17:45.609+0000] {standard_task_runner.py:60} INFO - Started process 366 to run task
[2025-07-24T16:17:45.615+0000] {standard_task_runner.py:87} INFO - Running: ['***', 'tasks', 'run', 'tune_stream_dag', 'Load_song_dim_table', 'scheduled__2023-01-01T03:00:00+00:00', '--job-id', '1408', '--raw', '--subdir', 'DAGS_FOLDER/etl_pipeline.py', '--cfg-path', '/tmp/tmpeca9h7u8']
[2025-07-24T16:17:45.655+0000] {standard_task_runner.py:88} INFO - Job 1408: Subtask Load_song_dim_table
[2025-07-24T16:17:45.964+0000] {task_command.py:423} INFO - Running <TaskInstance: tune_stream_dag.Load_song_dim_table scheduled__2023-01-01T03:00:00+00:00 [running]> on host c53547d84df1
[2025-07-24T16:17:46.533+0000] {taskinstance.py:2480} INFO - Exporting env vars: AIRFLOW_CTX_DAG_OWNER='genz-legend' AIRFLOW_CTX_DAG_ID='tune_stream_dag' AIRFLOW_CTX_TASK_ID='Load_song_dim_table' AIRFLOW_CTX_EXECUTION_DATE='2023-01-01T03:00:00+00:00' AIRFLOW_CTX_TRY_NUMBER='1' AIRFLOW_CTX_DAG_RUN_ID='scheduled__2023-01-01T03:00:00+00:00'
[2025-07-24T16:17:47.165+0000] {python.py:201} INFO - Done. Returned value was: None
[2025-07-24T16:17:47.205+0000] {taskinstance.py:1138} INFO - Marking task as SUCCESS. dag_id=tune_stream_dag, task_id=Load_song_dim_table, execution_date=20230101T030000, start_date=20250724T161745, end_date=20250724T161747
[2025-07-24T16:17:47.306+0000] {local_task_job_runner.py:234} INFO - Task exited with return code 0
[2025-07-24T16:17:47.743+0000] {taskinstance.py:3280} INFO - 0 downstream tasks scheduled from follow-on schedule check
[2025-07-24T16:56:50.499+0000] {taskinstance.py:1956} INFO - Dependencies all met for dep_context=non-requeueable deps ti=<TaskInstance: tune_stream_dag.Load_song_dim_table scheduled__2023-01-01T03:00:00+00:00 [queued]>
[2025-07-24T16:56:50.524+0000] {taskinstance.py:1956} INFO - Dependencies all met for dep_context=requeueable deps ti=<TaskInstance: tune_stream_dag.Load_song_dim_table scheduled__2023-01-01T03:00:00+00:00 [queued]>
[2025-07-24T16:56:50.527+0000] {taskinstance.py:2170} INFO - Starting attempt 1 of 4
[2025-07-24T16:56:50.560+0000] {taskinstance.py:2191} INFO - Executing <Task(PythonOperator): Load_song_dim_table> on 2023-01-01 03:00:00+00:00
[2025-07-24T16:56:50.581+0000] {standard_task_runner.py:60} INFO - Started process 336 to run task
[2025-07-24T16:56:50.590+0000] {standard_task_runner.py:87} INFO - Running: ['***', 'tasks', 'run', 'tune_stream_dag', 'Load_song_dim_table', 'scheduled__2023-01-01T03:00:00+00:00', '--job-id', '1798', '--raw', '--subdir', 'DAGS_FOLDER/etl_pipeline.py', '--cfg-path', '/tmp/tmpuvq4obk_']
[2025-07-24T16:56:50.599+0000] {standard_task_runner.py:88} INFO - Job 1798: Subtask Load_song_dim_table
[2025-07-24T16:56:50.864+0000] {task_command.py:423} INFO - Running <TaskInstance: tune_stream_dag.Load_song_dim_table scheduled__2023-01-01T03:00:00+00:00 [running]> on host 5def55d2a1b5
[2025-07-24T16:56:51.061+0000] {taskinstance.py:2480} INFO - Exporting env vars: AIRFLOW_CTX_DAG_OWNER='genz-legend' AIRFLOW_CTX_DAG_ID='tune_stream_dag' AIRFLOW_CTX_TASK_ID='Load_song_dim_table' AIRFLOW_CTX_EXECUTION_DATE='2023-01-01T03:00:00+00:00' AIRFLOW_CTX_TRY_NUMBER='1' AIRFLOW_CTX_DAG_RUN_ID='scheduled__2023-01-01T03:00:00+00:00'
[2025-07-24T16:56:51.140+0000] {python.py:201} INFO - Done. Returned value was: None
[2025-07-24T16:56:51.174+0000] {taskinstance.py:1138} INFO - Marking task as SUCCESS. dag_id=tune_stream_dag, task_id=Load_song_dim_table, execution_date=20230101T030000, start_date=20250724T165650, end_date=20250724T165651
[2025-07-24T16:56:51.311+0000] {local_task_job_runner.py:234} INFO - Task exited with return code 0
[2025-07-24T16:56:51.381+0000] {taskinstance.py:3280} INFO - 0 downstream tasks scheduled from follow-on schedule check
