[2025-07-24T13:52:27.378+0000] {taskinstance.py:1956} INFO - Dependencies all met for dep_context=non-requeueable deps ti=<TaskInstance: tune_stream_dag.Stage_songs scheduled__2023-01-02T08:00:00+00:00 [queued]>
[2025-07-24T13:52:27.390+0000] {taskinstance.py:1956} INFO - Dependencies all met for dep_context=requeueable deps ti=<TaskInstance: tune_stream_dag.Stage_songs scheduled__2023-01-02T08:00:00+00:00 [queued]>
[2025-07-24T13:52:27.391+0000] {taskinstance.py:2170} INFO - Starting attempt 1 of 4
[2025-07-24T13:52:27.410+0000] {taskinstance.py:2191} INFO - Executing <Task(PythonOperator): Stage_songs> on 2023-01-02 08:00:00+00:00
[2025-07-24T13:52:27.423+0000] {standard_task_runner.py:60} INFO - Started process 391 to run task
[2025-07-24T13:52:27.429+0000] {standard_task_runner.py:87} INFO - Running: ['***', 'tasks', 'run', 'tune_stream_dag', 'Stage_songs', 'scheduled__2023-01-02T08:00:00+00:00', '--job-id', '348', '--raw', '--subdir', 'DAGS_FOLDER/etl_pipeline.py', '--cfg-path', '/tmp/tmpti2jniya']
[2025-07-24T13:52:27.435+0000] {standard_task_runner.py:88} INFO - Job 348: Subtask Stage_songs
[2025-07-24T13:52:27.559+0000] {task_command.py:423} INFO - Running <TaskInstance: tune_stream_dag.Stage_songs scheduled__2023-01-02T08:00:00+00:00 [running]> on host a4bcda7cb679
[2025-07-24T13:52:27.674+0000] {taskinstance.py:2480} INFO - Exporting env vars: AIRFLOW_CTX_DAG_OWNER='genz-legend' AIRFLOW_CTX_DAG_ID='tune_stream_dag' AIRFLOW_CTX_TASK_ID='Stage_songs' AIRFLOW_CTX_EXECUTION_DATE='2023-01-02T08:00:00+00:00' AIRFLOW_CTX_TRY_NUMBER='1' AIRFLOW_CTX_DAG_RUN_ID='scheduled__2023-01-02T08:00:00+00:00'
[2025-07-24T13:52:28.391+0000] {python.py:201} INFO - Done. Returned value was: None
[2025-07-24T13:52:28.409+0000] {taskinstance.py:1138} INFO - Marking task as SUCCESS. dag_id=tune_stream_dag, task_id=Stage_songs, execution_date=20230102T080000, start_date=20250724T135227, end_date=20250724T135228
[2025-07-24T13:52:28.649+0000] {local_task_job_runner.py:234} INFO - Task exited with return code 0
[2025-07-24T13:52:28.690+0000] {taskinstance.py:3280} INFO - 0 downstream tasks scheduled from follow-on schedule check
[2025-07-24T16:05:17.702+0000] {taskinstance.py:1956} INFO - Dependencies all met for dep_context=non-requeueable deps ti=<TaskInstance: tune_stream_dag.Stage_songs scheduled__2023-01-02T08:00:00+00:00 [queued]>
[2025-07-24T16:05:17.715+0000] {taskinstance.py:1956} INFO - Dependencies all met for dep_context=requeueable deps ti=<TaskInstance: tune_stream_dag.Stage_songs scheduled__2023-01-02T08:00:00+00:00 [queued]>
[2025-07-24T16:05:17.716+0000] {taskinstance.py:2170} INFO - Starting attempt 1 of 4
[2025-07-24T16:05:17.733+0000] {taskinstance.py:2191} INFO - Executing <Task(PythonOperator): Stage_songs> on 2023-01-02 08:00:00+00:00
[2025-07-24T16:05:17.746+0000] {standard_task_runner.py:60} INFO - Started process 1754 to run task
[2025-07-24T16:05:17.752+0000] {standard_task_runner.py:87} INFO - Running: ['***', 'tasks', 'run', 'tune_stream_dag', 'Stage_songs', 'scheduled__2023-01-02T08:00:00+00:00', '--job-id', '1335', '--raw', '--subdir', 'DAGS_FOLDER/etl_pipeline.py', '--cfg-path', '/tmp/tmpbq31qcmt']
[2025-07-24T16:05:17.760+0000] {standard_task_runner.py:88} INFO - Job 1335: Subtask Stage_songs
[2025-07-24T16:05:17.899+0000] {task_command.py:423} INFO - Running <TaskInstance: tune_stream_dag.Stage_songs scheduled__2023-01-02T08:00:00+00:00 [running]> on host c53547d84df1
[2025-07-24T16:05:18.025+0000] {taskinstance.py:2480} INFO - Exporting env vars: AIRFLOW_CTX_DAG_OWNER='genz-legend' AIRFLOW_CTX_DAG_ID='tune_stream_dag' AIRFLOW_CTX_TASK_ID='Stage_songs' AIRFLOW_CTX_EXECUTION_DATE='2023-01-02T08:00:00+00:00' AIRFLOW_CTX_TRY_NUMBER='1' AIRFLOW_CTX_DAG_RUN_ID='scheduled__2023-01-02T08:00:00+00:00'
[2025-07-24T16:05:18.955+0000] {python.py:201} INFO - Done. Returned value was: None
[2025-07-24T16:05:18.973+0000] {taskinstance.py:1138} INFO - Marking task as SUCCESS. dag_id=tune_stream_dag, task_id=Stage_songs, execution_date=20230102T080000, start_date=20250724T160517, end_date=20250724T160518
[2025-07-24T16:05:19.055+0000] {local_task_job_runner.py:234} INFO - Task exited with return code 0
[2025-07-24T16:05:19.103+0000] {taskinstance.py:3280} INFO - 0 downstream tasks scheduled from follow-on schedule check
[2025-07-24T17:17:43.135+0000] {taskinstance.py:1956} INFO - Dependencies all met for dep_context=non-requeueable deps ti=<TaskInstance: tune_stream_dag.Stage_songs scheduled__2023-01-02T08:00:00+00:00 [queued]>
[2025-07-24T17:17:43.146+0000] {taskinstance.py:1956} INFO - Dependencies all met for dep_context=requeueable deps ti=<TaskInstance: tune_stream_dag.Stage_songs scheduled__2023-01-02T08:00:00+00:00 [queued]>
[2025-07-24T17:17:43.147+0000] {taskinstance.py:2170} INFO - Starting attempt 1 of 4
[2025-07-24T17:17:43.166+0000] {taskinstance.py:2191} INFO - Executing <Task(PythonOperator): Stage_songs> on 2023-01-02 08:00:00+00:00
[2025-07-24T17:17:43.182+0000] {standard_task_runner.py:60} INFO - Started process 1461 to run task
[2025-07-24T17:17:43.190+0000] {standard_task_runner.py:87} INFO - Running: ['***', 'tasks', 'run', 'tune_stream_dag', 'Stage_songs', 'scheduled__2023-01-02T08:00:00+00:00', '--job-id', '2076', '--raw', '--subdir', 'DAGS_FOLDER/etl_pipeline.py', '--cfg-path', '/tmp/tmp9r6z25ai']
[2025-07-24T17:17:43.206+0000] {standard_task_runner.py:88} INFO - Job 2076: Subtask Stage_songs
[2025-07-24T17:17:43.438+0000] {task_command.py:423} INFO - Running <TaskInstance: tune_stream_dag.Stage_songs scheduled__2023-01-02T08:00:00+00:00 [running]> on host 5def55d2a1b5
[2025-07-24T17:17:43.661+0000] {taskinstance.py:2480} INFO - Exporting env vars: AIRFLOW_CTX_DAG_OWNER='genz-legend' AIRFLOW_CTX_DAG_ID='tune_stream_dag' AIRFLOW_CTX_TASK_ID='Stage_songs' AIRFLOW_CTX_EXECUTION_DATE='2023-01-02T08:00:00+00:00' AIRFLOW_CTX_TRY_NUMBER='1' AIRFLOW_CTX_DAG_RUN_ID='scheduled__2023-01-02T08:00:00+00:00'
[2025-07-24T17:17:44.255+0000] {python.py:201} INFO - Done. Returned value was: None
[2025-07-24T17:17:44.269+0000] {taskinstance.py:1138} INFO - Marking task as SUCCESS. dag_id=tune_stream_dag, task_id=Stage_songs, execution_date=20230102T080000, start_date=20250724T171743, end_date=20250724T171744
[2025-07-24T17:17:44.327+0000] {local_task_job_runner.py:234} INFO - Task exited with return code 0
[2025-07-24T17:17:44.351+0000] {taskinstance.py:3280} INFO - 0 downstream tasks scheduled from follow-on schedule check
