[2025-07-24T15:59:51.800+0000] {taskinstance.py:1956} INFO - Dependencies all met for dep_context=non-requeueable deps ti=<TaskInstance: tune_stream_dag.Load_artist_dim_table scheduled__2023-01-02T00:00:00+00:00 [queued]>
[2025-07-24T15:59:51.835+0000] {taskinstance.py:1956} INFO - Dependencies all met for dep_context=requeueable deps ti=<TaskInstance: tune_stream_dag.Load_artist_dim_table scheduled__2023-01-02T00:00:00+00:00 [queued]>
[2025-07-24T15:59:51.836+0000] {taskinstance.py:2170} INFO - Starting attempt 1 of 4
[2025-07-24T15:59:51.880+0000] {taskinstance.py:2191} INFO - Executing <Task(PythonOperator): Load_artist_dim_table> on 2023-01-02 00:00:00+00:00
[2025-07-24T15:59:51.897+0000] {standard_task_runner.py:60} INFO - Started process 1473 to run task
[2025-07-24T15:59:51.905+0000] {standard_task_runner.py:87} INFO - Running: ['***', 'tasks', 'run', 'tune_stream_dag', 'Load_artist_dim_table', 'scheduled__2023-01-02T00:00:00+00:00', '--job-id', '1272', '--raw', '--subdir', 'DAGS_FOLDER/etl_pipeline.py', '--cfg-path', '/tmp/tmpi6uoodp8']
[2025-07-24T15:59:51.919+0000] {standard_task_runner.py:88} INFO - Job 1272: Subtask Load_artist_dim_table
[2025-07-24T15:59:52.120+0000] {task_command.py:423} INFO - Running <TaskInstance: tune_stream_dag.Load_artist_dim_table scheduled__2023-01-02T00:00:00+00:00 [running]> on host c53547d84df1
[2025-07-24T15:59:52.288+0000] {taskinstance.py:2480} INFO - Exporting env vars: AIRFLOW_CTX_DAG_OWNER='genz-legend' AIRFLOW_CTX_DAG_ID='tune_stream_dag' AIRFLOW_CTX_TASK_ID='Load_artist_dim_table' AIRFLOW_CTX_EXECUTION_DATE='2023-01-02T00:00:00+00:00' AIRFLOW_CTX_TRY_NUMBER='1' AIRFLOW_CTX_DAG_RUN_ID='scheduled__2023-01-02T00:00:00+00:00'
[2025-07-24T15:59:52.322+0000] {python.py:201} INFO - Done. Returned value was: None
[2025-07-24T15:59:52.345+0000] {taskinstance.py:1138} INFO - Marking task as SUCCESS. dag_id=tune_stream_dag, task_id=Load_artist_dim_table, execution_date=20230102T000000, start_date=20250724T155951, end_date=20250724T155952
[2025-07-24T15:59:52.450+0000] {local_task_job_runner.py:234} INFO - Task exited with return code 0
[2025-07-24T15:59:52.518+0000] {taskinstance.py:3280} INFO - 0 downstream tasks scheduled from follow-on schedule check
[2025-07-24T16:34:59.888+0000] {taskinstance.py:1956} INFO - Dependencies all met for dep_context=non-requeueable deps ti=<TaskInstance: tune_stream_dag.Load_artist_dim_table scheduled__2023-01-02T00:00:00+00:00 [queued]>
[2025-07-24T16:34:59.968+0000] {taskinstance.py:1956} INFO - Dependencies all met for dep_context=requeueable deps ti=<TaskInstance: tune_stream_dag.Load_artist_dim_table scheduled__2023-01-02T00:00:00+00:00 [queued]>
[2025-07-24T16:35:00.014+0000] {taskinstance.py:2170} INFO - Starting attempt 1 of 4
[2025-07-24T16:35:00.079+0000] {taskinstance.py:2191} INFO - Executing <Task(PythonOperator): Load_artist_dim_table> on 2023-01-02 00:00:00+00:00
[2025-07-24T16:35:00.173+0000] {standard_task_runner.py:60} INFO - Started process 1331 to run task
[2025-07-24T16:35:00.353+0000] {standard_task_runner.py:87} INFO - Running: ['***', 'tasks', 'run', 'tune_stream_dag', 'Load_artist_dim_table', 'scheduled__2023-01-02T00:00:00+00:00', '--job-id', '1645', '--raw', '--subdir', 'DAGS_FOLDER/etl_pipeline.py', '--cfg-path', '/tmp/tmpo85gtbhe']
[2025-07-24T16:35:00.404+0000] {standard_task_runner.py:88} INFO - Job 1645: Subtask Load_artist_dim_table
[2025-07-24T16:35:01.219+0000] {task_command.py:423} INFO - Running <TaskInstance: tune_stream_dag.Load_artist_dim_table scheduled__2023-01-02T00:00:00+00:00 [running]> on host c53547d84df1
[2025-07-24T16:35:01.667+0000] {taskinstance.py:2480} INFO - Exporting env vars: AIRFLOW_CTX_DAG_OWNER='genz-legend' AIRFLOW_CTX_DAG_ID='tune_stream_dag' AIRFLOW_CTX_TASK_ID='Load_artist_dim_table' AIRFLOW_CTX_EXECUTION_DATE='2023-01-02T00:00:00+00:00' AIRFLOW_CTX_TRY_NUMBER='1' AIRFLOW_CTX_DAG_RUN_ID='scheduled__2023-01-02T00:00:00+00:00'
[2025-07-24T16:35:01.991+0000] {python.py:201} INFO - Done. Returned value was: None
[2025-07-24T16:35:02.050+0000] {taskinstance.py:1138} INFO - Marking task as SUCCESS. dag_id=tune_stream_dag, task_id=Load_artist_dim_table, execution_date=20230102T000000, start_date=20250724T163459, end_date=20250724T163502
[2025-07-24T16:35:02.291+0000] {local_task_job_runner.py:234} INFO - Task exited with return code 0
[2025-07-24T16:35:02.417+0000] {taskinstance.py:3280} INFO - 0 downstream tasks scheduled from follow-on schedule check
[2025-07-24T17:13:52.243+0000] {taskinstance.py:1956} INFO - Dependencies all met for dep_context=non-requeueable deps ti=<TaskInstance: tune_stream_dag.Load_artist_dim_table scheduled__2023-01-02T00:00:00+00:00 [queued]>
[2025-07-24T17:13:52.307+0000] {taskinstance.py:1956} INFO - Dependencies all met for dep_context=requeueable deps ti=<TaskInstance: tune_stream_dag.Load_artist_dim_table scheduled__2023-01-02T00:00:00+00:00 [queued]>
[2025-07-24T17:13:52.312+0000] {taskinstance.py:2170} INFO - Starting attempt 1 of 4
[2025-07-24T17:13:52.473+0000] {taskinstance.py:2191} INFO - Executing <Task(PythonOperator): Load_artist_dim_table> on 2023-01-02 00:00:00+00:00
[2025-07-24T17:13:52.492+0000] {standard_task_runner.py:60} INFO - Started process 1305 to run task
[2025-07-24T17:13:52.501+0000] {standard_task_runner.py:87} INFO - Running: ['***', 'tasks', 'run', 'tune_stream_dag', 'Load_artist_dim_table', 'scheduled__2023-01-02T00:00:00+00:00', '--job-id', '2040', '--raw', '--subdir', 'DAGS_FOLDER/etl_pipeline.py', '--cfg-path', '/tmp/tmpg6u91vqk']
[2025-07-24T17:13:52.590+0000] {standard_task_runner.py:88} INFO - Job 2040: Subtask Load_artist_dim_table
[2025-07-24T17:13:53.198+0000] {task_command.py:423} INFO - Running <TaskInstance: tune_stream_dag.Load_artist_dim_table scheduled__2023-01-02T00:00:00+00:00 [running]> on host 5def55d2a1b5
[2025-07-24T17:13:53.728+0000] {taskinstance.py:2480} INFO - Exporting env vars: AIRFLOW_CTX_DAG_OWNER='genz-legend' AIRFLOW_CTX_DAG_ID='tune_stream_dag' AIRFLOW_CTX_TASK_ID='Load_artist_dim_table' AIRFLOW_CTX_EXECUTION_DATE='2023-01-02T00:00:00+00:00' AIRFLOW_CTX_TRY_NUMBER='1' AIRFLOW_CTX_DAG_RUN_ID='scheduled__2023-01-02T00:00:00+00:00'
[2025-07-24T17:13:54.067+0000] {python.py:201} INFO - Done. Returned value was: None
[2025-07-24T17:13:54.143+0000] {taskinstance.py:1138} INFO - Marking task as SUCCESS. dag_id=tune_stream_dag, task_id=Load_artist_dim_table, execution_date=20230102T000000, start_date=20250724T171352, end_date=20250724T171354
[2025-07-24T17:13:54.324+0000] {local_task_job_runner.py:234} INFO - Task exited with return code 0
[2025-07-24T17:13:54.470+0000] {taskinstance.py:3280} INFO - 0 downstream tasks scheduled from follow-on schedule check
