[2025-07-24T15:54:52.956+0000] {taskinstance.py:1956} INFO - Dependencies all met for dep_context=non-requeueable deps ti=<TaskInstance: tune_stream_dag.Load_artist_dim_table scheduled__2023-01-02T01:00:00+00:00 [queued]>
[2025-07-24T15:54:52.969+0000] {taskinstance.py:1956} INFO - Dependencies all met for dep_context=requeueable deps ti=<TaskInstance: tune_stream_dag.Load_artist_dim_table scheduled__2023-01-02T01:00:00+00:00 [queued]>
[2025-07-24T15:54:52.970+0000] {taskinstance.py:2170} INFO - Starting attempt 1 of 4
[2025-07-24T15:54:52.988+0000] {taskinstance.py:2191} INFO - Executing <Task(PythonOperator): Load_artist_dim_table> on 2023-01-02 01:00:00+00:00
[2025-07-24T15:54:52.995+0000] {standard_task_runner.py:60} INFO - Started process 1253 to run task
[2025-07-24T15:54:52.999+0000] {standard_task_runner.py:87} INFO - Running: ['***', 'tasks', 'run', 'tune_stream_dag', 'Load_artist_dim_table', 'scheduled__2023-01-02T01:00:00+00:00', '--job-id', '1224', '--raw', '--subdir', 'DAGS_FOLDER/etl_pipeline.py', '--cfg-path', '/tmp/tmp2uwo0dt1']
[2025-07-24T15:54:53.003+0000] {standard_task_runner.py:88} INFO - Job 1224: Subtask Load_artist_dim_table
[2025-07-24T15:54:53.074+0000] {task_command.py:423} INFO - Running <TaskInstance: tune_stream_dag.Load_artist_dim_table scheduled__2023-01-02T01:00:00+00:00 [running]> on host c53547d84df1
[2025-07-24T15:54:53.139+0000] {taskinstance.py:2480} INFO - Exporting env vars: AIRFLOW_CTX_DAG_OWNER='genz-legend' AIRFLOW_CTX_DAG_ID='tune_stream_dag' AIRFLOW_CTX_TASK_ID='Load_artist_dim_table' AIRFLOW_CTX_EXECUTION_DATE='2023-01-02T01:00:00+00:00' AIRFLOW_CTX_TRY_NUMBER='1' AIRFLOW_CTX_DAG_RUN_ID='scheduled__2023-01-02T01:00:00+00:00'
[2025-07-24T15:54:53.147+0000] {python.py:201} INFO - Done. Returned value was: None
[2025-07-24T15:54:53.154+0000] {taskinstance.py:1138} INFO - Marking task as SUCCESS. dag_id=tune_stream_dag, task_id=Load_artist_dim_table, execution_date=20230102T010000, start_date=20250724T155452, end_date=20250724T155453
[2025-07-24T15:54:53.172+0000] {local_task_job_runner.py:234} INFO - Task exited with return code 0
[2025-07-24T15:54:53.193+0000] {taskinstance.py:3280} INFO - 0 downstream tasks scheduled from follow-on schedule check
[2025-07-24T16:35:00.871+0000] {taskinstance.py:1956} INFO - Dependencies all met for dep_context=non-requeueable deps ti=<TaskInstance: tune_stream_dag.Load_artist_dim_table scheduled__2023-01-02T01:00:00+00:00 [queued]>
[2025-07-24T16:35:00.908+0000] {taskinstance.py:1956} INFO - Dependencies all met for dep_context=requeueable deps ti=<TaskInstance: tune_stream_dag.Load_artist_dim_table scheduled__2023-01-02T01:00:00+00:00 [queued]>
[2025-07-24T16:35:00.910+0000] {taskinstance.py:2170} INFO - Starting attempt 1 of 4
[2025-07-24T16:35:00.970+0000] {taskinstance.py:2191} INFO - Executing <Task(PythonOperator): Load_artist_dim_table> on 2023-01-02 01:00:00+00:00
[2025-07-24T16:35:01.040+0000] {standard_task_runner.py:60} INFO - Started process 1334 to run task
[2025-07-24T16:35:01.094+0000] {standard_task_runner.py:87} INFO - Running: ['***', 'tasks', 'run', 'tune_stream_dag', 'Load_artist_dim_table', 'scheduled__2023-01-02T01:00:00+00:00', '--job-id', '1649', '--raw', '--subdir', 'DAGS_FOLDER/etl_pipeline.py', '--cfg-path', '/tmp/tmp8mdkwlgj']
[2025-07-24T16:35:01.114+0000] {standard_task_runner.py:88} INFO - Job 1649: Subtask Load_artist_dim_table
[2025-07-24T16:35:01.645+0000] {task_command.py:423} INFO - Running <TaskInstance: tune_stream_dag.Load_artist_dim_table scheduled__2023-01-02T01:00:00+00:00 [running]> on host c53547d84df1
[2025-07-24T16:35:02.236+0000] {taskinstance.py:2480} INFO - Exporting env vars: AIRFLOW_CTX_DAG_OWNER='genz-legend' AIRFLOW_CTX_DAG_ID='tune_stream_dag' AIRFLOW_CTX_TASK_ID='Load_artist_dim_table' AIRFLOW_CTX_EXECUTION_DATE='2023-01-02T01:00:00+00:00' AIRFLOW_CTX_TRY_NUMBER='1' AIRFLOW_CTX_DAG_RUN_ID='scheduled__2023-01-02T01:00:00+00:00'
[2025-07-24T16:35:02.325+0000] {python.py:201} INFO - Done. Returned value was: None
[2025-07-24T16:35:02.346+0000] {taskinstance.py:1138} INFO - Marking task as SUCCESS. dag_id=tune_stream_dag, task_id=Load_artist_dim_table, execution_date=20230102T010000, start_date=20250724T163500, end_date=20250724T163502
[2025-07-24T16:35:02.445+0000] {local_task_job_runner.py:234} INFO - Task exited with return code 0
[2025-07-24T16:35:02.528+0000] {taskinstance.py:3280} INFO - 0 downstream tasks scheduled from follow-on schedule check
[2025-07-24T17:14:01.768+0000] {taskinstance.py:1956} INFO - Dependencies all met for dep_context=non-requeueable deps ti=<TaskInstance: tune_stream_dag.Load_artist_dim_table scheduled__2023-01-02T01:00:00+00:00 [queued]>
[2025-07-24T17:14:02.002+0000] {taskinstance.py:1956} INFO - Dependencies all met for dep_context=requeueable deps ti=<TaskInstance: tune_stream_dag.Load_artist_dim_table scheduled__2023-01-02T01:00:00+00:00 [queued]>
[2025-07-24T17:14:02.023+0000] {taskinstance.py:2170} INFO - Starting attempt 1 of 4
[2025-07-24T17:14:02.162+0000] {taskinstance.py:2191} INFO - Executing <Task(PythonOperator): Load_artist_dim_table> on 2023-01-02 01:00:00+00:00
[2025-07-24T17:14:02.271+0000] {standard_task_runner.py:60} INFO - Started process 1334 to run task
[2025-07-24T17:14:02.291+0000] {standard_task_runner.py:87} INFO - Running: ['***', 'tasks', 'run', 'tune_stream_dag', 'Load_artist_dim_table', 'scheduled__2023-01-02T01:00:00+00:00', '--job-id', '2045', '--raw', '--subdir', 'DAGS_FOLDER/etl_pipeline.py', '--cfg-path', '/tmp/tmp1ndg70n_']
[2025-07-24T17:14:02.316+0000] {standard_task_runner.py:88} INFO - Job 2045: Subtask Load_artist_dim_table
[2025-07-24T17:14:03.111+0000] {task_command.py:423} INFO - Running <TaskInstance: tune_stream_dag.Load_artist_dim_table scheduled__2023-01-02T01:00:00+00:00 [running]> on host 5def55d2a1b5
[2025-07-24T17:14:04.149+0000] {taskinstance.py:2480} INFO - Exporting env vars: AIRFLOW_CTX_DAG_OWNER='genz-legend' AIRFLOW_CTX_DAG_ID='tune_stream_dag' AIRFLOW_CTX_TASK_ID='Load_artist_dim_table' AIRFLOW_CTX_EXECUTION_DATE='2023-01-02T01:00:00+00:00' AIRFLOW_CTX_TRY_NUMBER='1' AIRFLOW_CTX_DAG_RUN_ID='scheduled__2023-01-02T01:00:00+00:00'
[2025-07-24T17:14:04.239+0000] {python.py:201} INFO - Done. Returned value was: None
[2025-07-24T17:14:04.303+0000] {taskinstance.py:1138} INFO - Marking task as SUCCESS. dag_id=tune_stream_dag, task_id=Load_artist_dim_table, execution_date=20230102T010000, start_date=20250724T171401, end_date=20250724T171404
[2025-07-24T17:14:04.596+0000] {local_task_job_runner.py:234} INFO - Task exited with return code 0
[2025-07-24T17:14:05.013+0000] {taskinstance.py:3280} INFO - 0 downstream tasks scheduled from follow-on schedule check
