[2025-07-24T13:53:23.231+0000] {taskinstance.py:1956} INFO - Dependencies all met for dep_context=non-requeueable deps ti=<TaskInstance: tune_stream_dag.Stage_songs scheduled__2023-01-02T15:00:00+00:00 [queued]>
[2025-07-24T13:53:23.283+0000] {taskinstance.py:1956} INFO - Dependencies all met for dep_context=requeueable deps ti=<TaskInstance: tune_stream_dag.Stage_songs scheduled__2023-01-02T15:00:00+00:00 [queued]>
[2025-07-24T13:53:23.295+0000] {taskinstance.py:2170} INFO - Starting attempt 1 of 4
[2025-07-24T13:53:23.907+0000] {taskinstance.py:2191} INFO - Executing <Task(PythonOperator): Stage_songs> on 2023-01-02 15:00:00+00:00
[2025-07-24T13:53:24.053+0000] {standard_task_runner.py:60} INFO - Started process 510 to run task
[2025-07-24T13:53:24.104+0000] {standard_task_runner.py:87} INFO - Running: ['***', 'tasks', 'run', 'tune_stream_dag', 'Stage_songs', 'scheduled__2023-01-02T15:00:00+00:00', '--job-id', '377', '--raw', '--subdir', 'DAGS_FOLDER/etl_pipeline.py', '--cfg-path', '/tmp/tmpkh177214']
[2025-07-24T13:53:24.585+0000] {standard_task_runner.py:88} INFO - Job 377: Subtask Stage_songs
[2025-07-24T13:53:25.502+0000] {task_command.py:423} INFO - Running <TaskInstance: tune_stream_dag.Stage_songs scheduled__2023-01-02T15:00:00+00:00 [running]> on host a4bcda7cb679
[2025-07-24T13:53:26.103+0000] {taskinstance.py:2480} INFO - Exporting env vars: AIRFLOW_CTX_DAG_OWNER='genz-legend' AIRFLOW_CTX_DAG_ID='tune_stream_dag' AIRFLOW_CTX_TASK_ID='Stage_songs' AIRFLOW_CTX_EXECUTION_DATE='2023-01-02T15:00:00+00:00' AIRFLOW_CTX_TRY_NUMBER='1' AIRFLOW_CTX_DAG_RUN_ID='scheduled__2023-01-02T15:00:00+00:00'
[2025-07-24T13:53:28.589+0000] {python.py:201} INFO - Done. Returned value was: None
[2025-07-24T13:53:28.632+0000] {taskinstance.py:1138} INFO - Marking task as SUCCESS. dag_id=tune_stream_dag, task_id=Stage_songs, execution_date=20230102T150000, start_date=20250724T135323, end_date=20250724T135328
[2025-07-24T13:53:29.059+0000] {local_task_job_runner.py:234} INFO - Task exited with return code 0
[2025-07-24T13:53:29.200+0000] {taskinstance.py:3280} INFO - 0 downstream tasks scheduled from follow-on schedule check
[2025-07-24T17:18:40.357+0000] {taskinstance.py:1956} INFO - Dependencies all met for dep_context=non-requeueable deps ti=<TaskInstance: tune_stream_dag.Stage_songs scheduled__2023-01-02T15:00:00+00:00 [queued]>
[2025-07-24T17:18:40.377+0000] {taskinstance.py:1956} INFO - Dependencies all met for dep_context=requeueable deps ti=<TaskInstance: tune_stream_dag.Stage_songs scheduled__2023-01-02T15:00:00+00:00 [queued]>
[2025-07-24T17:18:40.379+0000] {taskinstance.py:2170} INFO - Starting attempt 1 of 4
[2025-07-24T17:18:40.401+0000] {taskinstance.py:2191} INFO - Executing <Task(PythonOperator): Stage_songs> on 2023-01-02 15:00:00+00:00
[2025-07-24T17:18:40.412+0000] {standard_task_runner.py:60} INFO - Started process 1688 to run task
[2025-07-24T17:18:40.419+0000] {standard_task_runner.py:87} INFO - Running: ['***', 'tasks', 'run', 'tune_stream_dag', 'Stage_songs', 'scheduled__2023-01-02T15:00:00+00:00', '--job-id', '2147', '--raw', '--subdir', 'DAGS_FOLDER/etl_pipeline.py', '--cfg-path', '/tmp/tmpqsgis1u7']
[2025-07-24T17:18:40.425+0000] {standard_task_runner.py:88} INFO - Job 2147: Subtask Stage_songs
[2025-07-24T17:18:40.515+0000] {task_command.py:423} INFO - Running <TaskInstance: tune_stream_dag.Stage_songs scheduled__2023-01-02T15:00:00+00:00 [running]> on host 5def55d2a1b5
[2025-07-24T17:18:40.645+0000] {taskinstance.py:2480} INFO - Exporting env vars: AIRFLOW_CTX_DAG_OWNER='genz-legend' AIRFLOW_CTX_DAG_ID='tune_stream_dag' AIRFLOW_CTX_TASK_ID='Stage_songs' AIRFLOW_CTX_EXECUTION_DATE='2023-01-02T15:00:00+00:00' AIRFLOW_CTX_TRY_NUMBER='1' AIRFLOW_CTX_DAG_RUN_ID='scheduled__2023-01-02T15:00:00+00:00'
[2025-07-24T17:18:41.574+0000] {python.py:201} INFO - Done. Returned value was: None
[2025-07-24T17:18:41.591+0000] {taskinstance.py:1138} INFO - Marking task as SUCCESS. dag_id=tune_stream_dag, task_id=Stage_songs, execution_date=20230102T150000, start_date=20250724T171840, end_date=20250724T171841
[2025-07-24T17:18:41.734+0000] {local_task_job_runner.py:234} INFO - Task exited with return code 0
[2025-07-24T17:18:41.809+0000] {taskinstance.py:3280} INFO - 0 downstream tasks scheduled from follow-on schedule check
