[2025-07-24T15:04:26.261+0000] {taskinstance.py:1956} INFO - Dependencies all met for dep_context=non-requeueable deps ti=<TaskInstance: tune_stream_dag.Stage_events scheduled__2023-01-04T16:00:00+00:00 [queued]>
[2025-07-24T15:04:26.296+0000] {taskinstance.py:1956} INFO - Dependencies all met for dep_context=requeueable deps ti=<TaskInstance: tune_stream_dag.Stage_events scheduled__2023-01-04T16:00:00+00:00 [queued]>
[2025-07-24T15:04:26.300+0000] {taskinstance.py:2170} INFO - Starting attempt 1 of 4
[2025-07-24T15:04:26.356+0000] {taskinstance.py:2191} INFO - Executing <Task(PythonOperator): Stage_events> on 2023-01-04 16:00:00+00:00
[2025-07-24T15:04:26.391+0000] {standard_task_runner.py:60} INFO - Started process 221 to run task
[2025-07-24T15:04:26.409+0000] {standard_task_runner.py:87} INFO - Running: ['***', 'tasks', 'run', 'tune_stream_dag', 'Stage_events', 'scheduled__2023-01-04T16:00:00+00:00', '--job-id', '759', '--raw', '--subdir', 'DAGS_FOLDER/etl_pipeline.py', '--cfg-path', '/tmp/tmplm2sr_0o']
[2025-07-24T15:04:26.420+0000] {standard_task_runner.py:88} INFO - Job 759: Subtask Stage_events
[2025-07-24T15:04:26.740+0000] {task_command.py:423} INFO - Running <TaskInstance: tune_stream_dag.Stage_events scheduled__2023-01-04T16:00:00+00:00 [running]> on host c53547d84df1
[2025-07-24T15:04:27.078+0000] {taskinstance.py:2480} INFO - Exporting env vars: AIRFLOW_CTX_DAG_OWNER='genz-legend' AIRFLOW_CTX_DAG_ID='tune_stream_dag' AIRFLOW_CTX_TASK_ID='Stage_events' AIRFLOW_CTX_EXECUTION_DATE='2023-01-04T16:00:00+00:00' AIRFLOW_CTX_TRY_NUMBER='1' AIRFLOW_CTX_DAG_RUN_ID='scheduled__2023-01-04T16:00:00+00:00'
[2025-07-24T15:04:38.966+0000] {python.py:201} INFO - Done. Returned value was: None
[2025-07-24T15:04:38.996+0000] {taskinstance.py:1138} INFO - Marking task as SUCCESS. dag_id=tune_stream_dag, task_id=Stage_events, execution_date=20230104T160000, start_date=20250724T150426, end_date=20250724T150438
[2025-07-24T15:04:39.680+0000] {local_task_job_runner.py:234} INFO - Task exited with return code 0
[2025-07-24T15:04:39.746+0000] {taskinstance.py:3280} INFO - 1 downstream tasks scheduled from follow-on schedule check
[2025-07-24T17:30:06.073+0000] {taskinstance.py:1956} INFO - Dependencies all met for dep_context=non-requeueable deps ti=<TaskInstance: tune_stream_dag.Stage_events scheduled__2023-01-04T16:00:00+00:00 [queued]>
[2025-07-24T17:30:06.087+0000] {taskinstance.py:1956} INFO - Dependencies all met for dep_context=requeueable deps ti=<TaskInstance: tune_stream_dag.Stage_events scheduled__2023-01-04T16:00:00+00:00 [queued]>
[2025-07-24T17:30:06.087+0000] {taskinstance.py:2170} INFO - Starting attempt 1 of 4
[2025-07-24T17:30:06.105+0000] {taskinstance.py:2191} INFO - Executing <Task(PythonOperator): Stage_events> on 2023-01-04 16:00:00+00:00
[2025-07-24T17:30:06.114+0000] {standard_task_runner.py:60} INFO - Started process 2860 to run task
[2025-07-24T17:30:06.119+0000] {standard_task_runner.py:87} INFO - Running: ['***', 'tasks', 'run', 'tune_stream_dag', 'Stage_events', 'scheduled__2023-01-04T16:00:00+00:00', '--job-id', '2495', '--raw', '--subdir', 'DAGS_FOLDER/etl_pipeline.py', '--cfg-path', '/tmp/tmptnel9ich']
[2025-07-24T17:30:06.123+0000] {standard_task_runner.py:88} INFO - Job 2495: Subtask Stage_events
[2025-07-24T17:30:06.321+0000] {task_command.py:423} INFO - Running <TaskInstance: tune_stream_dag.Stage_events scheduled__2023-01-04T16:00:00+00:00 [running]> on host 5def55d2a1b5
[2025-07-24T17:30:06.433+0000] {taskinstance.py:2480} INFO - Exporting env vars: AIRFLOW_CTX_DAG_OWNER='genz-legend' AIRFLOW_CTX_DAG_ID='tune_stream_dag' AIRFLOW_CTX_TASK_ID='Stage_events' AIRFLOW_CTX_EXECUTION_DATE='2023-01-04T16:00:00+00:00' AIRFLOW_CTX_TRY_NUMBER='1' AIRFLOW_CTX_DAG_RUN_ID='scheduled__2023-01-04T16:00:00+00:00'
[2025-07-24T17:30:44.494+0000] {python.py:201} INFO - Done. Returned value was: None
[2025-07-24T17:30:44.722+0000] {taskinstance.py:1138} INFO - Marking task as SUCCESS. dag_id=tune_stream_dag, task_id=Stage_events, execution_date=20230104T160000, start_date=20250724T173006, end_date=20250724T173044
[2025-07-24T17:30:45.079+0000] {local_task_job_runner.py:234} INFO - Task exited with return code 0
[2025-07-24T17:30:46.325+0000] {taskinstance.py:3280} INFO - 0 downstream tasks scheduled from follow-on schedule check
