[2025-07-24T15:26:47.396+0000] {taskinstance.py:1956} INFO - Dependencies all met for dep_context=non-requeueable deps ti=<TaskInstance: tune_stream_dag.Load_artist_dim_table scheduled__2023-01-04T22:00:00+00:00 [queued]>
[2025-07-24T15:26:47.406+0000] {taskinstance.py:1956} INFO - Dependencies all met for dep_context=requeueable deps ti=<TaskInstance: tune_stream_dag.Load_artist_dim_table scheduled__2023-01-04T22:00:00+00:00 [queued]>
[2025-07-24T15:26:47.406+0000] {taskinstance.py:2170} INFO - Starting attempt 1 of 4
[2025-07-24T15:26:47.422+0000] {taskinstance.py:2191} INFO - Executing <Task(PythonOperator): Load_artist_dim_table> on 2023-01-04 22:00:00+00:00
[2025-07-24T15:26:47.430+0000] {standard_task_runner.py:60} INFO - Started process 228 to run task
[2025-07-24T15:26:47.434+0000] {standard_task_runner.py:87} INFO - Running: ['***', 'tasks', 'run', 'tune_stream_dag', 'Load_artist_dim_table', 'scheduled__2023-01-04T22:00:00+00:00', '--job-id', '925', '--raw', '--subdir', 'DAGS_FOLDER/etl_pipeline.py', '--cfg-path', '/tmp/tmppnj2abf3']
[2025-07-24T15:26:47.437+0000] {standard_task_runner.py:88} INFO - Job 925: Subtask Load_artist_dim_table
[2025-07-24T15:26:47.524+0000] {task_command.py:423} INFO - Running <TaskInstance: tune_stream_dag.Load_artist_dim_table scheduled__2023-01-04T22:00:00+00:00 [running]> on host c53547d84df1
[2025-07-24T15:26:47.613+0000] {taskinstance.py:2480} INFO - Exporting env vars: AIRFLOW_CTX_DAG_OWNER='genz-legend' AIRFLOW_CTX_DAG_ID='tune_stream_dag' AIRFLOW_CTX_TASK_ID='Load_artist_dim_table' AIRFLOW_CTX_EXECUTION_DATE='2023-01-04T22:00:00+00:00' AIRFLOW_CTX_TRY_NUMBER='1' AIRFLOW_CTX_DAG_RUN_ID='scheduled__2023-01-04T22:00:00+00:00'
[2025-07-24T15:26:47.626+0000] {python.py:201} INFO - Done. Returned value was: None
[2025-07-24T15:26:47.639+0000] {taskinstance.py:1138} INFO - Marking task as SUCCESS. dag_id=tune_stream_dag, task_id=Load_artist_dim_table, execution_date=20230104T220000, start_date=20250724T152647, end_date=20250724T152647
[2025-07-24T15:26:47.687+0000] {local_task_job_runner.py:234} INFO - Task exited with return code 0
[2025-07-24T15:26:47.726+0000] {taskinstance.py:3280} INFO - 0 downstream tasks scheduled from follow-on schedule check
[2025-07-24T17:33:23.553+0000] {taskinstance.py:1956} INFO - Dependencies all met for dep_context=non-requeueable deps ti=<TaskInstance: tune_stream_dag.Load_artist_dim_table scheduled__2023-01-04T22:00:00+00:00 [queued]>
[2025-07-24T17:33:23.840+0000] {taskinstance.py:1956} INFO - Dependencies all met for dep_context=requeueable deps ti=<TaskInstance: tune_stream_dag.Load_artist_dim_table scheduled__2023-01-04T22:00:00+00:00 [queued]>
[2025-07-24T17:33:23.845+0000] {taskinstance.py:2170} INFO - Starting attempt 1 of 4
[2025-07-24T17:33:23.948+0000] {taskinstance.py:2191} INFO - Executing <Task(PythonOperator): Load_artist_dim_table> on 2023-01-04 22:00:00+00:00
[2025-07-24T17:33:23.975+0000] {standard_task_runner.py:60} INFO - Started process 3409 to run task
[2025-07-24T17:33:24.014+0000] {standard_task_runner.py:87} INFO - Running: ['***', 'tasks', 'run', 'tune_stream_dag', 'Load_artist_dim_table', 'scheduled__2023-01-04T22:00:00+00:00', '--job-id', '2661', '--raw', '--subdir', 'DAGS_FOLDER/etl_pipeline.py', '--cfg-path', '/tmp/tmpjlued_rk']
[2025-07-24T17:33:24.049+0000] {standard_task_runner.py:88} INFO - Job 2661: Subtask Load_artist_dim_table
[2025-07-24T17:33:24.411+0000] {task_command.py:423} INFO - Running <TaskInstance: tune_stream_dag.Load_artist_dim_table scheduled__2023-01-04T22:00:00+00:00 [running]> on host 5def55d2a1b5
[2025-07-24T17:33:24.695+0000] {taskinstance.py:2480} INFO - Exporting env vars: AIRFLOW_CTX_DAG_OWNER='genz-legend' AIRFLOW_CTX_DAG_ID='tune_stream_dag' AIRFLOW_CTX_TASK_ID='Load_artist_dim_table' AIRFLOW_CTX_EXECUTION_DATE='2023-01-04T22:00:00+00:00' AIRFLOW_CTX_TRY_NUMBER='1' AIRFLOW_CTX_DAG_RUN_ID='scheduled__2023-01-04T22:00:00+00:00'
[2025-07-24T17:33:24.815+0000] {python.py:201} INFO - Done. Returned value was: None
[2025-07-24T17:33:24.845+0000] {taskinstance.py:1138} INFO - Marking task as SUCCESS. dag_id=tune_stream_dag, task_id=Load_artist_dim_table, execution_date=20230104T220000, start_date=20250724T173323, end_date=20250724T173324
[2025-07-24T17:33:24.939+0000] {local_task_job_runner.py:234} INFO - Task exited with return code 0
[2025-07-24T17:33:25.013+0000] {taskinstance.py:3280} INFO - 1 downstream tasks scheduled from follow-on schedule check
