[2025-07-24T15:27:01.991+0000] {taskinstance.py:1956} INFO - Dependencies all met for dep_context=non-requeueable deps ti=<TaskInstance: tune_stream_dag.Load_artist_dim_table scheduled__2023-01-05T12:00:00+00:00 [queued]>
[2025-07-24T15:27:02.000+0000] {taskinstance.py:1956} INFO - Dependencies all met for dep_context=requeueable deps ti=<TaskInstance: tune_stream_dag.Load_artist_dim_table scheduled__2023-01-05T12:00:00+00:00 [queued]>
[2025-07-24T15:27:02.001+0000] {taskinstance.py:2170} INFO - Starting attempt 1 of 4
[2025-07-24T15:27:02.016+0000] {taskinstance.py:2191} INFO - Executing <Task(PythonOperator): Load_artist_dim_table> on 2023-01-05 12:00:00+00:00
[2025-07-24T15:27:02.023+0000] {standard_task_runner.py:60} INFO - Started process 256 to run task
[2025-07-24T15:27:02.026+0000] {standard_task_runner.py:87} INFO - Running: ['***', 'tasks', 'run', 'tune_stream_dag', 'Load_artist_dim_table', 'scheduled__2023-01-05T12:00:00+00:00', '--job-id', '931', '--raw', '--subdir', 'DAGS_FOLDER/etl_pipeline.py', '--cfg-path', '/tmp/tmp1k2pu5uj']
[2025-07-24T15:27:02.031+0000] {standard_task_runner.py:88} INFO - Job 931: Subtask Load_artist_dim_table
[2025-07-24T15:27:02.109+0000] {task_command.py:423} INFO - Running <TaskInstance: tune_stream_dag.Load_artist_dim_table scheduled__2023-01-05T12:00:00+00:00 [running]> on host c53547d84df1
[2025-07-24T15:27:02.184+0000] {taskinstance.py:2480} INFO - Exporting env vars: AIRFLOW_CTX_DAG_OWNER='genz-legend' AIRFLOW_CTX_DAG_ID='tune_stream_dag' AIRFLOW_CTX_TASK_ID='Load_artist_dim_table' AIRFLOW_CTX_EXECUTION_DATE='2023-01-05T12:00:00+00:00' AIRFLOW_CTX_TRY_NUMBER='1' AIRFLOW_CTX_DAG_RUN_ID='scheduled__2023-01-05T12:00:00+00:00'
[2025-07-24T15:27:02.195+0000] {python.py:201} INFO - Done. Returned value was: None
[2025-07-24T15:27:02.206+0000] {taskinstance.py:1138} INFO - Marking task as SUCCESS. dag_id=tune_stream_dag, task_id=Load_artist_dim_table, execution_date=20230105T120000, start_date=20250724T152701, end_date=20250724T152702
[2025-07-24T15:27:02.240+0000] {local_task_job_runner.py:234} INFO - Task exited with return code 0
[2025-07-24T15:27:02.277+0000] {taskinstance.py:3280} INFO - 0 downstream tasks scheduled from follow-on schedule check
[2025-07-24T17:36:02.347+0000] {taskinstance.py:1956} INFO - Dependencies all met for dep_context=non-requeueable deps ti=<TaskInstance: tune_stream_dag.Load_artist_dim_table scheduled__2023-01-05T12:00:00+00:00 [queued]>
[2025-07-24T17:36:02.426+0000] {taskinstance.py:1956} INFO - Dependencies all met for dep_context=requeueable deps ti=<TaskInstance: tune_stream_dag.Load_artist_dim_table scheduled__2023-01-05T12:00:00+00:00 [queued]>
[2025-07-24T17:36:02.427+0000] {taskinstance.py:2170} INFO - Starting attempt 1 of 4
[2025-07-24T17:36:02.530+0000] {taskinstance.py:2191} INFO - Executing <Task(PythonOperator): Load_artist_dim_table> on 2023-01-05 12:00:00+00:00
[2025-07-24T17:36:02.557+0000] {standard_task_runner.py:60} INFO - Started process 3791 to run task
[2025-07-24T17:36:02.575+0000] {standard_task_runner.py:87} INFO - Running: ['***', 'tasks', 'run', 'tune_stream_dag', 'Load_artist_dim_table', 'scheduled__2023-01-05T12:00:00+00:00', '--job-id', '2777', '--raw', '--subdir', 'DAGS_FOLDER/etl_pipeline.py', '--cfg-path', '/tmp/tmpfm6q8gon']
[2025-07-24T17:36:02.591+0000] {standard_task_runner.py:88} INFO - Job 2777: Subtask Load_artist_dim_table
[2025-07-24T17:36:02.843+0000] {task_command.py:423} INFO - Running <TaskInstance: tune_stream_dag.Load_artist_dim_table scheduled__2023-01-05T12:00:00+00:00 [running]> on host 5def55d2a1b5
[2025-07-24T17:36:03.750+0000] {taskinstance.py:2480} INFO - Exporting env vars: AIRFLOW_CTX_DAG_OWNER='genz-legend' AIRFLOW_CTX_DAG_ID='tune_stream_dag' AIRFLOW_CTX_TASK_ID='Load_artist_dim_table' AIRFLOW_CTX_EXECUTION_DATE='2023-01-05T12:00:00+00:00' AIRFLOW_CTX_TRY_NUMBER='1' AIRFLOW_CTX_DAG_RUN_ID='scheduled__2023-01-05T12:00:00+00:00'
[2025-07-24T17:36:04.062+0000] {python.py:201} INFO - Done. Returned value was: None
[2025-07-24T17:36:04.105+0000] {taskinstance.py:1138} INFO - Marking task as SUCCESS. dag_id=tune_stream_dag, task_id=Load_artist_dim_table, execution_date=20230105T120000, start_date=20250724T173602, end_date=20250724T173604
[2025-07-24T17:36:04.274+0000] {local_task_job_runner.py:234} INFO - Task exited with return code 0
[2025-07-24T17:36:04.351+0000] {taskinstance.py:3280} INFO - 0 downstream tasks scheduled from follow-on schedule check
