[2025-07-24T16:05:29.859+0000] {taskinstance.py:1956} INFO - Dependencies all met for dep_context=non-requeueable deps ti=<TaskInstance: tune_stream_dag.Load_artist_dim_table scheduled__2023-01-02T10:00:00+00:00 [queued]>
[2025-07-24T16:05:29.871+0000] {taskinstance.py:1956} INFO - Dependencies all met for dep_context=requeueable deps ti=<TaskInstance: tune_stream_dag.Load_artist_dim_table scheduled__2023-01-02T10:00:00+00:00 [queued]>
[2025-07-24T16:05:29.872+0000] {taskinstance.py:2170} INFO - Starting attempt 1 of 4
[2025-07-24T16:05:29.890+0000] {taskinstance.py:2191} INFO - Executing <Task(PythonOperator): Load_artist_dim_table> on 2023-01-02 10:00:00+00:00
[2025-07-24T16:05:29.898+0000] {standard_task_runner.py:60} INFO - Started process 1804 to run task
[2025-07-24T16:05:29.903+0000] {standard_task_runner.py:87} INFO - Running: ['***', 'tasks', 'run', 'tune_stream_dag', 'Load_artist_dim_table', 'scheduled__2023-01-02T10:00:00+00:00', '--job-id', '1352', '--raw', '--subdir', 'DAGS_FOLDER/etl_pipeline.py', '--cfg-path', '/tmp/tmpvsnil6n_']
[2025-07-24T16:05:29.906+0000] {standard_task_runner.py:88} INFO - Job 1352: Subtask Load_artist_dim_table
[2025-07-24T16:05:29.983+0000] {task_command.py:423} INFO - Running <TaskInstance: tune_stream_dag.Load_artist_dim_table scheduled__2023-01-02T10:00:00+00:00 [running]> on host c53547d84df1
[2025-07-24T16:05:30.066+0000] {taskinstance.py:2480} INFO - Exporting env vars: AIRFLOW_CTX_DAG_OWNER='genz-legend' AIRFLOW_CTX_DAG_ID='tune_stream_dag' AIRFLOW_CTX_TASK_ID='Load_artist_dim_table' AIRFLOW_CTX_EXECUTION_DATE='2023-01-02T10:00:00+00:00' AIRFLOW_CTX_TRY_NUMBER='1' AIRFLOW_CTX_DAG_RUN_ID='scheduled__2023-01-02T10:00:00+00:00'
[2025-07-24T16:05:30.078+0000] {python.py:201} INFO - Done. Returned value was: None
[2025-07-24T16:05:30.089+0000] {taskinstance.py:1138} INFO - Marking task as SUCCESS. dag_id=tune_stream_dag, task_id=Load_artist_dim_table, execution_date=20230102T100000, start_date=20250724T160529, end_date=20250724T160530
[2025-07-24T16:05:30.116+0000] {local_task_job_runner.py:234} INFO - Task exited with return code 0
[2025-07-24T16:05:30.156+0000] {taskinstance.py:3280} INFO - 0 downstream tasks scheduled from follow-on schedule check
[2025-07-24T17:18:11.850+0000] {taskinstance.py:1956} INFO - Dependencies all met for dep_context=non-requeueable deps ti=<TaskInstance: tune_stream_dag.Load_artist_dim_table scheduled__2023-01-02T10:00:00+00:00 [queued]>
[2025-07-24T17:18:11.877+0000] {taskinstance.py:1956} INFO - Dependencies all met for dep_context=requeueable deps ti=<TaskInstance: tune_stream_dag.Load_artist_dim_table scheduled__2023-01-02T10:00:00+00:00 [queued]>
[2025-07-24T17:18:11.879+0000] {taskinstance.py:2170} INFO - Starting attempt 1 of 4
[2025-07-24T17:18:11.916+0000] {taskinstance.py:2191} INFO - Executing <Task(PythonOperator): Load_artist_dim_table> on 2023-01-02 10:00:00+00:00
[2025-07-24T17:18:11.940+0000] {standard_task_runner.py:60} INFO - Started process 1565 to run task
[2025-07-24T17:18:11.987+0000] {standard_task_runner.py:87} INFO - Running: ['***', 'tasks', 'run', 'tune_stream_dag', 'Load_artist_dim_table', 'scheduled__2023-01-02T10:00:00+00:00', '--job-id', '2106', '--raw', '--subdir', 'DAGS_FOLDER/etl_pipeline.py', '--cfg-path', '/tmp/tmppwteimmw']
[2025-07-24T17:18:11.992+0000] {standard_task_runner.py:88} INFO - Job 2106: Subtask Load_artist_dim_table
[2025-07-24T17:18:12.495+0000] {task_command.py:423} INFO - Running <TaskInstance: tune_stream_dag.Load_artist_dim_table scheduled__2023-01-02T10:00:00+00:00 [running]> on host 5def55d2a1b5
[2025-07-24T17:18:12.726+0000] {taskinstance.py:2480} INFO - Exporting env vars: AIRFLOW_CTX_DAG_OWNER='genz-legend' AIRFLOW_CTX_DAG_ID='tune_stream_dag' AIRFLOW_CTX_TASK_ID='Load_artist_dim_table' AIRFLOW_CTX_EXECUTION_DATE='2023-01-02T10:00:00+00:00' AIRFLOW_CTX_TRY_NUMBER='1' AIRFLOW_CTX_DAG_RUN_ID='scheduled__2023-01-02T10:00:00+00:00'
[2025-07-24T17:18:12.771+0000] {python.py:201} INFO - Done. Returned value was: None
[2025-07-24T17:18:12.798+0000] {taskinstance.py:1138} INFO - Marking task as SUCCESS. dag_id=tune_stream_dag, task_id=Load_artist_dim_table, execution_date=20230102T100000, start_date=20250724T171811, end_date=20250724T171812
[2025-07-24T17:18:12.869+0000] {local_task_job_runner.py:234} INFO - Task exited with return code 0
[2025-07-24T17:18:13.033+0000] {taskinstance.py:3280} INFO - 0 downstream tasks scheduled from follow-on schedule check
