[2025-07-24T15:24:05.775+0000] {taskinstance.py:1956} INFO - Dependencies all met for dep_context=non-requeueable deps ti=<TaskInstance: tune_stream_dag.Load_songplays_fact_table scheduled__2023-01-05T11:00:00+00:00 [queued]>
[2025-07-24T15:24:05.784+0000] {taskinstance.py:1956} INFO - Dependencies all met for dep_context=requeueable deps ti=<TaskInstance: tune_stream_dag.Load_songplays_fact_table scheduled__2023-01-05T11:00:00+00:00 [queued]>
[2025-07-24T15:24:05.785+0000] {taskinstance.py:2170} INFO - Starting attempt 1 of 4
[2025-07-24T15:24:05.897+0000] {taskinstance.py:2191} INFO - Executing <Task(PythonOperator): Load_songplays_fact_table> on 2023-01-05 11:00:00+00:00
[2025-07-24T15:24:05.936+0000] {standard_task_runner.py:60} INFO - Started process 97 to run task
[2025-07-24T15:24:06.011+0000] {standard_task_runner.py:87} INFO - Running: ['***', 'tasks', 'run', 'tune_stream_dag', 'Load_songplays_fact_table', 'scheduled__2023-01-05T11:00:00+00:00', '--job-id', '895', '--raw', '--subdir', 'DAGS_FOLDER/etl_pipeline.py', '--cfg-path', '/tmp/tmpuz5vetsm']
[2025-07-24T15:24:06.017+0000] {standard_task_runner.py:88} INFO - Job 895: Subtask Load_songplays_fact_table
[2025-07-24T15:24:06.050+0000] {taskinstance.py:1946} INFO - Dependencies not met for <TaskInstance: tune_stream_dag.Load_songplays_fact_table scheduled__2023-01-05T11:00:00+00:00 [running]>, dependency 'Task Instance State' FAILED: Task is in the 'running' state.
[2025-07-24T15:24:06.070+0000] {taskinstance.py:1946} INFO - Dependencies not met for <TaskInstance: tune_stream_dag.Load_songplays_fact_table scheduled__2023-01-05T11:00:00+00:00 [running]>, dependency 'Task Instance Not Running' FAILED: Task is in the running state
[2025-07-24T15:24:06.124+0000] {local_task_job_runner.py:160} INFO - Task is not able to be run
[2025-07-24T15:24:06.243+0000] {task_command.py:423} INFO - Running <TaskInstance: tune_stream_dag.Load_songplays_fact_table scheduled__2023-01-05T11:00:00+00:00 [running]> on host c53547d84df1
[2025-07-24T15:24:06.463+0000] {taskinstance.py:2480} INFO - Exporting env vars: AIRFLOW_CTX_DAG_OWNER='genz-legend' AIRFLOW_CTX_DAG_ID='tune_stream_dag' AIRFLOW_CTX_TASK_ID='Load_songplays_fact_table' AIRFLOW_CTX_EXECUTION_DATE='2023-01-05T11:00:00+00:00' AIRFLOW_CTX_TRY_NUMBER='1' AIRFLOW_CTX_DAG_RUN_ID='scheduled__2023-01-05T11:00:00+00:00'
[2025-07-24T15:24:08.644+0000] {python.py:201} INFO - Done. Returned value was: None
[2025-07-24T15:24:08.658+0000] {taskinstance.py:1138} INFO - Marking task as SUCCESS. dag_id=tune_stream_dag, task_id=Load_songplays_fact_table, execution_date=20230105T110000, start_date=20250724T152405, end_date=20250724T152408
[2025-07-24T15:24:08.784+0000] {local_task_job_runner.py:234} INFO - Task exited with return code 0
[2025-07-24T15:24:08.812+0000] {taskinstance.py:3280} INFO - 4 downstream tasks scheduled from follow-on schedule check
[2025-07-24T17:34:46.928+0000] {taskinstance.py:1956} INFO - Dependencies all met for dep_context=non-requeueable deps ti=<TaskInstance: tune_stream_dag.Load_songplays_fact_table scheduled__2023-01-05T11:00:00+00:00 [queued]>
[2025-07-24T17:34:46.939+0000] {taskinstance.py:1956} INFO - Dependencies all met for dep_context=requeueable deps ti=<TaskInstance: tune_stream_dag.Load_songplays_fact_table scheduled__2023-01-05T11:00:00+00:00 [queued]>
[2025-07-24T17:34:46.939+0000] {taskinstance.py:2170} INFO - Starting attempt 1 of 4
[2025-07-24T17:34:46.971+0000] {taskinstance.py:2191} INFO - Executing <Task(PythonOperator): Load_songplays_fact_table> on 2023-01-05 11:00:00+00:00
[2025-07-24T17:34:46.985+0000] {standard_task_runner.py:60} INFO - Started process 3705 to run task
[2025-07-24T17:34:46.994+0000] {standard_task_runner.py:87} INFO - Running: ['***', 'tasks', 'run', 'tune_stream_dag', 'Load_songplays_fact_table', 'scheduled__2023-01-05T11:00:00+00:00', '--job-id', '2757', '--raw', '--subdir', 'DAGS_FOLDER/etl_pipeline.py', '--cfg-path', '/tmp/tmpuy7j1_z9']
[2025-07-24T17:34:47.000+0000] {standard_task_runner.py:88} INFO - Job 2757: Subtask Load_songplays_fact_table
[2025-07-24T17:34:47.138+0000] {task_command.py:423} INFO - Running <TaskInstance: tune_stream_dag.Load_songplays_fact_table scheduled__2023-01-05T11:00:00+00:00 [running]> on host 5def55d2a1b5
[2025-07-24T17:34:47.518+0000] {taskinstance.py:2480} INFO - Exporting env vars: AIRFLOW_CTX_DAG_OWNER='genz-legend' AIRFLOW_CTX_DAG_ID='tune_stream_dag' AIRFLOW_CTX_TASK_ID='Load_songplays_fact_table' AIRFLOW_CTX_EXECUTION_DATE='2023-01-05T11:00:00+00:00' AIRFLOW_CTX_TRY_NUMBER='1' AIRFLOW_CTX_DAG_RUN_ID='scheduled__2023-01-05T11:00:00+00:00'
[2025-07-24T17:35:42.194+0000] {python.py:201} INFO - Done. Returned value was: None
[2025-07-24T17:35:42.374+0000] {taskinstance.py:1138} INFO - Marking task as SUCCESS. dag_id=tune_stream_dag, task_id=Load_songplays_fact_table, execution_date=20230105T110000, start_date=20250724T173446, end_date=20250724T173542
[2025-07-24T17:35:42.747+0000] {local_task_job_runner.py:234} INFO - Task exited with return code 0
[2025-07-24T17:35:43.418+0000] {taskinstance.py:3280} INFO - 0 downstream tasks scheduled from follow-on schedule check
