[2025-07-24T16:42:03.206+0000] {taskinstance.py:1956} INFO - Dependencies all met for dep_context=non-requeueable deps ti=<TaskInstance: tune_stream_dag.Load_user_dim_table scheduled__2023-01-01T19:00:00+00:00 [queued]>
[2025-07-24T16:42:03.244+0000] {taskinstance.py:1956} INFO - Dependencies all met for dep_context=requeueable deps ti=<TaskInstance: tune_stream_dag.Load_user_dim_table scheduled__2023-01-01T19:00:00+00:00 [queued]>
[2025-07-24T16:42:03.249+0000] {taskinstance.py:2170} INFO - Starting attempt 2 of 4
[2025-07-24T16:42:03.289+0000] {taskinstance.py:2191} INFO - Executing <Task(PythonOperator): Load_user_dim_table> on 2023-01-01 19:00:00+00:00
[2025-07-24T16:42:03.324+0000] {standard_task_runner.py:60} INFO - Started process 140 to run task
[2025-07-24T16:42:03.335+0000] {standard_task_runner.py:87} INFO - Running: ['***', 'tasks', 'run', 'tune_stream_dag', 'Load_user_dim_table', 'scheduled__2023-01-01T19:00:00+00:00', '--job-id', '1696', '--raw', '--subdir', 'DAGS_FOLDER/etl_pipeline.py', '--cfg-path', '/tmp/tmp7vnepvkh']
[2025-07-24T16:42:03.347+0000] {standard_task_runner.py:88} INFO - Job 1696: Subtask Load_user_dim_table
[2025-07-24T16:42:03.540+0000] {task_command.py:423} INFO - Running <TaskInstance: tune_stream_dag.Load_user_dim_table scheduled__2023-01-01T19:00:00+00:00 [running]> on host 5def55d2a1b5
[2025-07-24T16:42:03.709+0000] {taskinstance.py:2480} INFO - Exporting env vars: AIRFLOW_CTX_DAG_OWNER='genz-legend' AIRFLOW_CTX_DAG_ID='tune_stream_dag' AIRFLOW_CTX_TASK_ID='Load_user_dim_table' AIRFLOW_CTX_EXECUTION_DATE='2023-01-01T19:00:00+00:00' AIRFLOW_CTX_TRY_NUMBER='2' AIRFLOW_CTX_DAG_RUN_ID='scheduled__2023-01-01T19:00:00+00:00'
[2025-07-24T16:42:03.747+0000] {taskinstance.py:2698} ERROR - Task failed with exception
Traceback (most recent call last):
  File "/home/airflow/.local/lib/python3.8/site-packages/airflow/models/taskinstance.py", line 433, in _execute_task
    result = execute_callable(context=context, **execute_callable_kwargs)
  File "/home/airflow/.local/lib/python3.8/site-packages/airflow/operators/python.py", line 199, in execute
    return_value = self.execute_callable()
  File "/home/airflow/.local/lib/python3.8/site-packages/airflow/operators/python.py", line 216, in execute_callable
    return self.python_callable(*self.op_args, **self.op_kwargs)
  File "/opt/airflow/dags/etl_pipeline.py", line 179, in <lambda>
    python_callable=lambda: load_table(SqlQueries.user_table_insert, 'users'),
  File "/opt/airflow/dags/etl_pipeline.py", line 132, in load_table
    cur.execute(f"INSERT INTO {table} {query}")
psycopg2.errors.UniqueViolation: duplicate key value violates unique constraint "users_pkey"
DETAIL:  Key (userid)=(88) already exists.

[2025-07-24T16:42:03.781+0000] {taskinstance.py:1138} INFO - Marking task as UP_FOR_RETRY. dag_id=tune_stream_dag, task_id=Load_user_dim_table, execution_date=20230101T190000, start_date=20250724T164203, end_date=20250724T164203
[2025-07-24T16:42:03.801+0000] {standard_task_runner.py:107} ERROR - Failed to execute job 1696 for task Load_user_dim_table (duplicate key value violates unique constraint "users_pkey"
DETAIL:  Key (userid)=(88) already exists.
; 140)
[2025-07-24T16:42:03.838+0000] {local_task_job_runner.py:234} INFO - Task exited with return code 1
[2025-07-24T16:42:03.863+0000] {taskinstance.py:3280} INFO - 0 downstream tasks scheduled from follow-on schedule check
[2025-07-24T17:18:55.915+0000] {taskinstance.py:1956} INFO - Dependencies all met for dep_context=non-requeueable deps ti=<TaskInstance: tune_stream_dag.Load_user_dim_table scheduled__2023-01-01T19:00:00+00:00 [queued]>
[2025-07-24T17:18:55.941+0000] {taskinstance.py:1956} INFO - Dependencies all met for dep_context=requeueable deps ti=<TaskInstance: tune_stream_dag.Load_user_dim_table scheduled__2023-01-01T19:00:00+00:00 [queued]>
[2025-07-24T17:18:55.962+0000] {taskinstance.py:2170} INFO - Starting attempt 2 of 4
[2025-07-24T17:18:56.277+0000] {taskinstance.py:2191} INFO - Executing <Task(PythonOperator): Load_user_dim_table> on 2023-01-01 19:00:00+00:00
[2025-07-24T17:18:56.359+0000] {standard_task_runner.py:60} INFO - Started process 1762 to run task
[2025-07-24T17:18:56.415+0000] {standard_task_runner.py:87} INFO - Running: ['***', 'tasks', 'run', 'tune_stream_dag', 'Load_user_dim_table', 'scheduled__2023-01-01T19:00:00+00:00', '--job-id', '2163', '--raw', '--subdir', 'DAGS_FOLDER/etl_pipeline.py', '--cfg-path', '/tmp/tmp25t36f9w']
[2025-07-24T17:18:56.494+0000] {standard_task_runner.py:88} INFO - Job 2163: Subtask Load_user_dim_table
[2025-07-24T17:18:56.983+0000] {task_command.py:423} INFO - Running <TaskInstance: tune_stream_dag.Load_user_dim_table scheduled__2023-01-01T19:00:00+00:00 [running]> on host 5def55d2a1b5
[2025-07-24T17:18:57.861+0000] {taskinstance.py:2480} INFO - Exporting env vars: AIRFLOW_CTX_DAG_OWNER='genz-legend' AIRFLOW_CTX_DAG_ID='tune_stream_dag' AIRFLOW_CTX_TASK_ID='Load_user_dim_table' AIRFLOW_CTX_EXECUTION_DATE='2023-01-01T19:00:00+00:00' AIRFLOW_CTX_TRY_NUMBER='2' AIRFLOW_CTX_DAG_RUN_ID='scheduled__2023-01-01T19:00:00+00:00'
[2025-07-24T17:18:58.077+0000] {python.py:201} INFO - Done. Returned value was: None
[2025-07-24T17:18:58.277+0000] {taskinstance.py:1138} INFO - Marking task as SUCCESS. dag_id=tune_stream_dag, task_id=Load_user_dim_table, execution_date=20230101T190000, start_date=20250724T171855, end_date=20250724T171858
[2025-07-24T17:18:58.537+0000] {local_task_job_runner.py:234} INFO - Task exited with return code 0
[2025-07-24T17:18:59.081+0000] {taskinstance.py:3280} INFO - 1 downstream tasks scheduled from follow-on schedule check
